 ************** MCFM - version 6.8 ****************
 *                                                *
 * MCFM, v6.8                   April 26th, 2014  *
 *                                                *
 * Authors: John Campbell, Keith Ellis,           *
 *          Ciaran Williams                       *
 *         (johnmc@fnal.gov, ellis@fnal.gov,      *
 *          ciaran@fnal.gov)                      *
 *                                                *
 * For details see:                               *
 *                                                *
 *  arXiv:1403.2641 (Triphoton production)        *
 *  arXiv:1312.1628 (gg->WW, Higgs interference)  *
 *  arXiv:1311.3589 (gg->ZZ, Higgs interference)  *
 *  Phys.Rev.D87:114006, arXiv:1302.3856          *
 *  (tZ, tH -- with R. Rontsch)                   *
 *  arXiv:1211.6390 (DM, P. Fox and C. Williams)  *
 *  JHEP 1211:162 (2012), arXiv:1208.0566         *
 *  (Z+gam+jet,Z+gam+gam -- with H. Hartanto)     *
 *  arXiv:1204.1513 (top production+decay)        *
 *  JHEP 1207:052 (2012), arXiv:1204.5678 (ttW)   *
 *  JHEP 1110:005 (2011), arXiv:1107.5569         *
 *         (gg->WW,Higgs intference)              *
 *  JHEP 1107:018 (2011), arXiv:1105.0020         *
 *         (diboson update)                       *
 *  JHEP 1103:027 (2011), arXiv:1011.6647         *
 *         (Wbb for mb>0, with S. Badger)         *
 *  Phys.Rev.D81:074023, arXiv:1001.4495 (H+2jet) *
 *                                                *
 *  P.R.L. 102:142001, arXiv:0903.0005 [hep-ph]   *
 *    (t-channel single top + explicit b,         *
 *      JC, R.Frederix, F.Maltoni, F.Tramontano)  *
 *  N.P.B 726:109(2005), hep-ph/0506289 (W+t)     *
 *  Phys.Rev.D70:094012, hep-ph/0408158 (Sngl Top)*
 *       (with Francesco Tramontano)              *
 *                                                *
 *  Phys.Rev.D65:113007, hep-ph/0202176 (W,Z+2j)  *
 *  Phys.Rev.D62:114012, hep-ph/0006304 (W,Z+bb)  *
 *  Phys.Rev.D60:113006, hep-ph/9905386 (diboson) *
 *                                                *
 * On the web:  http://mcfm.fnal.gov/             *
 **************************************************

 * Using input file named E_var/E_80/CTEQ/HTOP/input_128_80.DAT                                   

 * [Flags to specify the mode in which MCFM is run]                                          
 *                   -1            [nevtrequested] 
 *                    F            [creatent] 
 *                    F            [skipnt] 
 *                    F            [dswhisto] 
 *                    F            [creategrid] 
 *                    T            [writetop] 
 *                    T            [writedat] 
 *                    T            [writegnu] 
 *                    T            [writeroot] 
 *                    F            [writepwg] 

 * [General options to specify the process and execution]                                    
 *                  128            [nproc] 
 *                 lord            [part] 
 * 128_run_80                      [runstring] 
 *           80000.0000            [sqrts] 
 *                    1            [ih1] 
 *                    1            [ih2] 
 *             126.0000            [hmass] 
 *               0.5000            [scale] 
 *               0.5000            [facscale] 
 * m(3456)                         [dynamicscale] 
 *                    F            [zerowidth] 
 *                    F            [removebr] 
 *                   40            [itmx1] 
 *               500000            [ncall1] 
 *                  100            [itmx2] 
 *               500000            [ncall2] 
 *                 2020            [ij] 
 *                    F            [dryrun] 
 *                    T            [Qflag] 
 *                    T            [Gflag] 

 * [Heavy quark masses]                                                                      
 *             173.2000            [top mass] 
 *               4.7500            [bottom mass] 
 *               1.5000            [charm mass] 

 * [Pdf selection]                                                                           
 *              cteq6_l            [pdlabel] 
 *                    4            [NGROUP] 
 *                   46            [NSET] 
 * cteq6mE.LHgrid                  [LHAPDF group] 
 *                   -1            [LHAPDF set] 

 * [Jet definition and event cuts]                                                           
 *               0.0000            [m34min] 
 *           80000.0000            [m34max] 
 *               0.0000            [m56min] 
 *           80000.0000            [m56max] 
 *                    T            [inclusive] 
 *                 ankt            [algorithm] 
 *              15.0000            [ptjetmin] 
 *               0.0000            [etajetmin] 
 *               5.0000            [etajetmax] 
 *               0.5000            [Rcut] 
 *                    T            [makecuts] 
 *               0.0000            [leptpt] 
 *              99.0000            [leptrap] 
 *    0.000,   0.000                [leptveto] 
 *               0.0000            [misspt] 
 *               0.0000            [leptpt2] 
 *              99.0000            [leptrap2] 
 *    0.000,   0.000                [leptveto2] 
 *               0.0000            [mtrans34cut] 
 *               0.0000            [Rjlmin] 
 *               0.0000            [Rllmin] 
 *               0.0000            [delyjjmin] 
 *                    F            [jetsopphem] 
 *                    0            [lbjscheme] 
 *               0.0000            [ptbjetmin] 
 *              99.0000            [etabjetmax] 

 * [Settings for photon processes]                                                           
 *                    F            [frag] 
 *             GdRG__LO            [fragset] 
 *              80.0000            [frag_scale] 
 *              20.0000            [gammpt] 
 *               2.5000            [gammrap] 
 *              20.0000            [gammpt2] 
 *              20.0000            [gammpt3] 
 *               0.0000            [Rgalmin] 
 *               0.4000            [Rgagamin] 
 *               0.4000            [Rgajetmin] 
 *               0.4000            [cone_ang] 
 *               0.5000            [epsilon_h] 

 * [Anomalous couplings of the W and Z]                                                      
 *               0.0000            [delg1_z] 
 *               0.0000            [delk_z] 
 *               0.0000            [delk_g] 
 *               0.0000            [lambda_z] 
 *               0.0000            [lambda_g] 
 *               0.0000            [h1Z] 
 *               0.0000            [h1gam] 
 *               0.0000            [h2Z] 
 *               0.0000            [h2gam] 
 *               0.0000            [h3Z] 
 *               0.0000            [h3gam] 
 *               0.0000            [h4Z] 
 *               0.0000            [h4gam] 
 *               2.0000            [tevscale] 

 * [Anomalous width of the Higgs]                                                            
 *               1.0000            [Gamma_H/Gamma_H(SM)] 

 * [How to resume/save a run]                                                                
 *                    F            [readin] 
 *                    F            [writeout] 
 *                                 [ingridfile] 
 *                                 [outgridfile] 

 * [Technical parameters that should not normally be changed]

 *                    F            [debug] 
 *                    T            [verbose] 
 *                    F            [new_pspace] 
 *                    F            [virtonly] 
 *                    F            [realonly] 
 *                    T            [spira] 
 *                    F            [noglue] 
 *                    F            [ggonly] 
 *                    F            [gqonly] 
 *                    F            [omitgg] 
 *                    F            [vanillafiles] 
 *                    1            [nmin] 
 *                    2            [nmax] 
 *                    T            [clustering] 
 *                    F            [realwt] 
 *                    0            [colourchoice] 
 *               0.0100            [rtsmin] 
 *               0.0001            [cutoff] 
 *               0.1000            [aii] 
 *               0.1000            [aif] 
 *               0.1000            [afi] 
 *               1.0000            [aff] 
 *               1.0000            [bfi] 
 *               1.0000            [bff] 

 Chooser:process chosen by nproc=         128

 *************************** f(p1)+f(p2) --> ******************************************
 * H(--> Z^0(e^-(p3)+e^+(p4)) + Z^0(mu^-(p5)+mu^+(p6)) [top, bottom loops, exact]     *
 **************************************************************************************

 ************** Electroweak parameters **************
 *                                                  *
 *  zmass(+)   91.1876000     wmass(+)  80.3980000  *
 * zwidth(+)    2.4952000    wwidth(+)   2.1054000  *
 *     Gf(+) 0.116639D-04   1/aemmz    132.3384323  *
 *     xw       0.2226459      mtop(+) 173.2000000  *
 *   gwsq       0.4264904       esq      0.0949563  *
 * top width    1.4743080 (LO)                      *
 *    mb        4.7500000        mc      1.5000000  *
 *                                                  *
 * Parameters marked (+) are input, others derived  *
 ****************************************************

 ****************** Higgs parameters ****************
 *                                                  *
 *   mass(H) =  126.00      width(H) =  0.43070E-02 *
 *                                                  *
 *              Br( H -> b bbar)  =   0.56954       *
 *              Br( H -> tau tau) =   0.06056       *
 *              Br( H -> W W)     =   0.00000       *
 *              Br( H -> Z Z)     =   0.00000       *
 *              Br( H -> gam gam) =   0.00235       *
 *              Br( H -> Z gam)   =   0.00164       *
 ****************************************************
 *                                                  *
 * Note: branching ratios reported here can be > 1  *
 *       since the total Higgs width is calculated  *
 *       at NLO but the BR calculation uses a       *
 *       partial width at LO only.                  *
 *                                                  *
 ****************************************************

 WARNING: Higgs decay H->ZZ is below threshold and
 may not yield sensible results - check the number
 of integration points

 ***************** CKM mixing matrix ****************
 *                                                  *
 *      Vud=.97500    Vus=.22200    Vub=0.0000      *
 *      Vcd=.22200    Vcs=.97500    Vcb=0.0000      *
 ****************************************************

 ************* Strong coupling, alpha_s  ************
 *                                                  *
 *  Dynamic scale - alpha_s changed event-by-event  *
 *       alpha_s (zmass)  0.11800000                *
 *         (using 1-loop running of alpha_s)        *
 ****************************************************

 ****************************************
 *     Cross section in femtobarns      *
 ****************************************


 input parameters for vegas:  ndim= 10  ncall= 472392.
                              it=    0  itmx=   40
                              nprn=  0  alph= 1.50
                              mds=  1   nd= 100
                              xl( 1)=   0.000     xu( 1)=   1.000    
                              xl( 2)=   0.000     xu( 2)=   1.000    
                              xl( 3)=   0.000     xu( 3)=   1.000    
                              xl( 4)=   0.000     xu( 4)=   1.000    
                              xl( 5)=   0.000     xu( 5)=   1.000    
                              xl( 6)=   0.000     xu( 6)=   1.000    
                              xl( 7)=   0.000     xu( 7)=   1.000    
                              xl( 8)=   0.000     xu( 8)=   1.000    
                              xl( 9)=   0.000     xu( 9)=   1.000    
                              xl(10)=   0.000     xu(10)=   1.000    

 ****************** Basic mass cuts *****************
 *                                                  *
 *              0.00  <   m34  <  80000.00           *
 *              0.00  <   m56  <  80000.00           *
 ****************************************************
 *********** CMS Higgs Search cuts******
 *                                     *
 *     pt(mu) >           5.00 GeV     *
 *     pt(el) >           7.00 GeV     *
 *     |eta_mu| <         2.40         *
 *     |eta_el| <         2.50         *
 *     m4lmin >         100.00 GeV     *
 *     m2lmin >           4.00 GeV     *
 *     ptleading >       20.00 GeV     *
 *     ptnexttoleading > 10.00 GeV     *
 *     mllnear >         40.00 GeV     *
 *     mllfar >          12.00 GeV     *
 *     mllmax >         120.00 GeV     *
 ***************************************

 ************** Dynamic scale choice ****************
 *                                                  *
 *                 RENORMALIZATION                  *
 *       mu_ren  =  0.50 x m(3456)                  *
 *                                                  *
 *                  FACTORIZATION                   *
 *       mu_fac  =  0.50 x m(3456)                  *
 *                                                  *
 ****************************************************
 ====================================================
   This is QCDLoop - version 1.95                    
   Authors: Keith Ellis and Giulia Zanderighi        
   (ellis@fnal.gov, g.zanderighi1@physics.ox.ac.uk)  
   For details see FERMILAB-PUB-07-633-T,OUTP-07/16P 
   arXiv:0712.1851 [hep-ph], published in            
   JHEP 0802:002,2008.                               
 ====================================================
 ====================================================
   FF 2.0, a package to evaluate one-loop integrals
 written by G. J. van Oldenborgh, NIKHEF-H, Amsterdam
 ====================================================
 for the algorithms used see preprint NIKHEF-H 89/17,
 'New Algorithms for One-loop Integrals', by G.J. van
 Oldenborgh and J.A.M. Vermaseren, published in 
 Zeitschrift fuer Physik C46(1990)425.
 ====================================================
 ffini: precx =    4.4408920985006262E-016
 ffini: precc =    4.4408920985006262E-016
 ffini: xalogm =    4.9406564584124654E-324
 ffini: xclogm =    4.9406564584124654E-324

************* Integration by Vegas (iteration   1) **************
*                                                               *
*  integral  =  4.8988601       accum. integral =  4.8988601    *
*  std. dev. = 0.29626916       accum. std. dev = 0.29626916    *
*   max. wt. =   0.136019                                       *
*                                                               *
**************   chi**2/iteration =  0.000       ****************


************* Integration by Vegas (iteration   2) **************
*                                                               *
*  integral  =  4.5892451       accum. integral =  4.6078320    *
*  std. dev. = 0.74872706E-01   accum. std. dev = 0.72590524E-01*
*   max. wt. =   0.136019                                       *
*                                                               *
**************   chi**2/iteration =  1.016       ****************


************* Integration by Vegas (iteration   3) **************
*                                                               *
*  integral  =  4.9886676       accum. integral =  4.6368559    *
*  std. dev. = 0.25273036       accum. std. dev = 0.69769614E-01*
*   max. wt. =   0.235506                                       *
*                                                               *
**************   chi**2/iteration =  1.554       ****************


************* Integration by Vegas (iteration   4) **************
*                                                               *
*  integral  =  5.7433302       accum. integral =  4.6797304    *
*  std. dev. = 0.34750110       accum. std. dev = 0.68404518E-01*
*   max. wt. =   0.235506                                       *
*                                                               *
**************   chi**2/iteration =  4.276       ****************


************* Integration by Vegas (iteration   5) **************
*                                                               *
*  integral  =  6.6051864       accum. integral =  4.8529035    *
*  std. dev. = 0.21759386       accum. std. dev = 0.65255947E-01*
*   max. wt. =   0.235506                                       *
*                                                               *
**************   chi**2/iteration =  20.98       ****************


************* Integration by Vegas (iteration   6) **************
*                                                               *
*  integral  =  8.2563418       accum. integral =  5.1156208    *
*  std. dev. = 0.22562667       accum. std. dev = 0.62686761E-01*
*   max. wt. =   0.235506                                       *
*                                                               *
**************   chi**2/iteration =  58.70       ****************


************* Integration by Vegas (iteration   7) **************
*                                                               *
*  integral  =  8.3307352       accum. integral =  6.2294556    *
*  std. dev. = 0.86100836E-01   accum. std. dev = 0.50678009E-01*
*   max. wt. =   0.235506                                       *
*                                                               *
**************   chi**2/iteration =  200.6       ****************


************* Integration by Vegas (iteration   8) **************
*                                                               *
*  integral  =  8.2748431       accum. integral =  7.6964522    *
*  std. dev. = 0.31821138E-01   accum. std. dev = 0.26948988E-01*
*   max. wt. =   0.235506                                       *
*                                                               *
**************   chi**2/iteration =  338.6       ****************


************* Integration by Vegas (iteration   9) **************
*                                                               *
*  integral  =  8.2733104       accum. integral =  8.0683314    *
*  std. dev. = 0.20007659E-01   accum. std. dev = 0.16064331E-01*
*   max. wt. =   0.235506                                       *
*                                                               *
**************   chi**2/iteration =  333.2       ****************


************* Integration by Vegas (iteration  10) **************
*                                                               *
*  integral  =  8.2361376       accum. integral =  8.1458149    *
*  std. dev. = 0.17344283E-01   accum. std. dev = 0.11785745E-01*
*   max. wt. =   0.235506                                       *
*                                                               *
**************   chi**2/iteration =  301.8       ****************


************* Integration by Vegas (iteration  11) **************
*                                                               *
*  integral  =  8.2431717       accum. integral =  8.1757520    *
*  std. dev. = 0.17686658E-01   accum. std. dev = 0.98077043E-02*
*   max. wt. =   0.235506                                       *
*                                                               *
**************   chi**2/iteration =  273.8       ****************


************* Integration by Vegas (iteration  12) **************
*                                                               *
*  integral  =  8.2387471       accum. integral =  8.1895207    *
*  std. dev. = 0.18544728E-01   accum. std. dev = 0.86698809E-02*
*   max. wt. =   0.235506                                       *
*                                                               *
**************   chi**2/iteration =  249.7       ****************


************* Integration by Vegas (iteration  13) **************
*                                                               *
*  integral  =  8.2555986       accum. integral =  8.2028499    *
*  std. dev. = 0.17247146E-01   accum. std. dev = 0.77462400E-02*
*   max. wt. =   0.235506                                       *
*                                                               *
**************   chi**2/iteration =  229.9       ****************


************* Integration by Vegas (iteration  14) **************
*                                                               *
*  integral  =  8.2165962       accum. integral =  8.2052773    *
*  std. dev. = 0.16727076E-01   accum. std. dev = 0.70291003E-02*
*   max. wt. =   0.235506                                       *
*                                                               *
**************   chi**2/iteration =  212.3       ****************


************* Integration by Vegas (iteration  15) **************
*                                                               *
*  integral  =  8.2378286       accum. integral =  8.2101792    *
*  std. dev. = 0.16694052E-01   accum. std. dev = 0.64782639E-02*
*   max. wt. =   0.235506                                       *
*                                                               *
**************   chi**2/iteration =  197.4       ****************


************* Integration by Vegas (iteration  16) **************
*                                                               *
*  integral  =  8.2626006       accum. integral =  8.2168370    *
*  std. dev. = 0.16984540E-01   accum. std. dev = 0.60529136E-02*
*   max. wt. =   0.235506                                       *
*                                                               *
**************   chi**2/iteration =  184.8       ****************


************* Integration by Vegas (iteration  17) **************
*                                                               *
*  integral  =  8.2396333       accum. integral =  8.2194188    *
*  std. dev. = 0.16936787E-01   accum. std. dev = 0.56998494E-02*
*   max. wt. =   0.235506                                       *
*                                                               *
**************   chi**2/iteration =  173.3       ****************


************* Integration by Vegas (iteration  18) **************
*                                                               *
*  integral  =  8.2594119       accum. integral =  8.2234864    *
*  std. dev. = 0.16939369E-01   accum. std. dev = 0.54022218E-02*
*   max. wt. =   0.235506                                       *
*                                                               *
**************   chi**2/iteration =  163.4       ****************


************* Integration by Vegas (iteration  19) **************
*                                                               *
*  integral  =  8.2313966       accum. integral =  8.2242226    *
*  std. dev. = 0.16863500E-01   accum. std. dev = 0.51446836E-02*
*   max. wt. =   0.235506                                       *
*                                                               *
**************   chi**2/iteration =  154.4       ****************


************* Integration by Vegas (iteration  20) **************
*                                                               *
*  integral  =  8.2559311       accum. integral =  8.2269040    *
*  std. dev. = 0.16926915E-01   accum. std. dev = 0.49223500E-02*
*   max. wt. =   0.235506                                       *
*                                                               *
**************   chi**2/iteration =  146.4       ****************


************* Integration by Vegas (iteration  21) **************
*                                                               *
*  integral  =  8.2224069       accum. integral =  8.2265552    *
*  std. dev. = 0.16975858E-01   accum. std. dev = 0.47276167E-02*
*   max. wt. =   0.235506                                       *
*                                                               *
**************   chi**2/iteration =  139.1       ****************


************* Integration by Vegas (iteration  22) **************
*                                                               *
*  integral  =  8.2634624       accum. integral =  8.2292349    *
*  std. dev. = 0.16896085E-01   accum. std. dev = 0.45527546E-02*
*   max. wt. =   0.235506                                       *
*                                                               *
**************   chi**2/iteration =  132.7       ****************


************* Integration by Vegas (iteration  23) **************
*                                                               *
*  integral  =  8.2527834       accum. integral =  8.2307978    *
*  std. dev. = 0.17076157E-01   accum. std. dev = 0.43990875E-02*
*   max. wt. =   0.235506                                       *
*                                                               *
**************   chi**2/iteration =  126.7       ****************


************* Integration by Vegas (iteration  24) **************
*                                                               *
*  integral  =  8.2563485       accum. integral =  8.2323446    *
*  std. dev. = 0.17328993E-01   accum. std. dev = 0.42638440E-02*
*   max. wt. =   0.235506                                       *
*                                                               *
**************   chi**2/iteration =  121.3       ****************


************* Integration by Vegas (iteration  25) **************
*                                                               *
*  integral  =  8.2841296       accum. integral =  8.2352866    *
*  std. dev. = 0.17373511E-01   accum. std. dev = 0.41409583E-02*
*   max. wt. =   0.235506                                       *
*                                                               *
**************   chi**2/iteration =  116.6       ****************


************* Integration by Vegas (iteration  26) **************
*                                                               *
*  integral  =  8.2730313       accum. integral =  8.2373401    *
*  std. dev. = 0.17263497E-01   accum. std. dev = 0.40267359E-02*
*   max. wt. =   0.235506                                       *
*                                                               *
**************   chi**2/iteration =  112.1       ****************


************* Integration by Vegas (iteration  27) **************
*                                                               *
*  integral  =  8.2537548       accum. integral =  8.2381617    *
*  std. dev. = 0.17541962E-01   accum. std. dev = 0.39246629E-02*
*   max. wt. =   0.235506                                       *
*                                                               *
**************   chi**2/iteration =  107.9       ****************


************* Integration by Vegas (iteration  28) **************
*                                                               *
*  integral  =  8.2647352       accum. integral =  8.2394498    *
*  std. dev. = 0.17388924E-01   accum. std. dev = 0.38283654E-02*
*   max. wt. =   0.235506                                       *
*                                                               *
**************   chi**2/iteration =  103.9       ****************


************* Integration by Vegas (iteration  29) **************
*                                                               *
*  integral  =  8.2447717       accum. integral =  8.2396928    *
*  std. dev. = 0.17502540E-01   accum. std. dev = 0.37399443E-02*
*   max. wt. =   0.235506                                       *
*                                                               *
**************   chi**2/iteration =  100.2       ****************


************* Integration by Vegas (iteration  30) **************
*                                                               *
*  integral  =  8.2768813       accum. integral =  8.2412842    *
*  std. dev. = 0.17688353E-01   accum. std. dev = 0.36590498E-02*
*   max. wt. =   0.235506                                       *
*                                                               *
**************   chi**2/iteration =  96.93       ****************


************* Integration by Vegas (iteration  31) **************
*                                                               *
*  integral  =  8.2836865       accum. integral =  8.2430101    *
*  std. dev. = 0.17763502E-01   accum. std. dev = 0.35838080E-02*
*   max. wt. =   0.235506                                       *
*                                                               *
**************   chi**2/iteration =  93.88       ****************


************* Integration by Vegas (iteration  32) **************
*                                                               *
*  integral  =  8.2377881       accum. integral =  8.2428126    *
*  std. dev. = 0.18077221E-01   accum. std. dev = 0.35153910E-02*
*   max. wt. =   0.235506                                       *
*                                                               *
**************   chi**2/iteration =  90.86       ****************


************* Integration by Vegas (iteration  33) **************
*                                                               *
*  integral  =  8.2506108       accum. integral =  8.2431003    *
*  std. dev. = 0.17960543E-01   accum. std. dev = 0.34499292E-02*
*   max. wt. =   0.235506                                       *
*                                                               *
**************   chi**2/iteration =  88.02       ****************


************* Integration by Vegas (iteration  34) **************
*                                                               *
*  integral  =  8.2560525       accum. integral =  8.2435453    *
*  std. dev. = 0.18291049E-01   accum. std. dev = 0.33901541E-02*
*   max. wt. =   0.235506                                       *
*                                                               *
**************   chi**2/iteration =  85.37       ****************


************* Integration by Vegas (iteration  35) **************
*                                                               *
*  integral  =  8.2425313       accum. integral =  8.2435115    *
*  std. dev. = 0.18251920E-01   accum. std. dev = 0.33331445E-02*
*   max. wt. =   0.235506                                       *
*                                                               *
**************   chi**2/iteration =  82.86       ****************


************* Integration by Vegas (iteration  36) **************
*                                                               *
*  integral  =  8.2383812       accum. integral =  8.2433466    *
*  std. dev. = 0.18293542E-01   accum. std. dev = 0.32791581E-02*
*   max. wt. =   0.235506                                       *
*                                                               *
**************   chi**2/iteration =  80.50       ****************


************* Integration by Vegas (iteration  37) **************
*                                                               *
*  integral  =  8.2425287       accum. integral =  8.2433229    *
*  std. dev. = 0.18969434E-01   accum. std. dev = 0.32312349E-02*
*   max. wt. =   0.235506                                       *
*                                                               *
**************   chi**2/iteration =  78.26       ****************


************* Integration by Vegas (iteration  38) **************
*                                                               *
*  integral  =  8.2913879       accum. integral =  8.2446890    *
*  std. dev. = 0.18891712E-01   accum. std. dev = 0.31849830E-02*
*   max. wt. =   0.235506                                       *
*                                                               *
**************   chi**2/iteration =  76.32       ****************


************* Integration by Vegas (iteration  39) **************
*                                                               *
*  integral  =  8.2467154       accum. integral =  8.2447458    *
*  std. dev. = 0.18766722E-01   accum. std. dev = 0.31400822E-02*
*   max. wt. =   0.235506                                       *
*                                                               *
**************   chi**2/iteration =  74.31       ****************


************* Integration by Vegas (iteration  40) **************
*                                                               *
*  integral  =  8.2768365       accum. integral =  8.2456026    *
*  std. dev. = 0.18958781E-01   accum. std. dev = 0.30978788E-02*
*   max. wt. =   0.235506                                       *
*                                                               *
**************   chi**2/iteration =  72.48       ****************


 input parameters for vegas:  ndim= 10  ncall= 472392.
                              it=   41  itmx=  100
                              nprn=  0  alph= 1.50
                              mds=  1   nd= 100
                              xl( 1)=   0.000     xu( 1)=   1.000    
                              xl( 2)=   0.000     xu( 2)=   1.000    
                              xl( 3)=   0.000     xu( 3)=   1.000    
                              xl( 4)=   0.000     xu( 4)=   1.000    
                              xl( 5)=   0.000     xu( 5)=   1.000    
                              xl( 6)=   0.000     xu( 6)=   1.000    
                              xl( 7)=   0.000     xu( 7)=   1.000    
                              xl( 8)=   0.000     xu( 8)=   1.000    
                              xl( 9)=   0.000     xu( 9)=   1.000    
                              xl(10)=   0.000     xu(10)=   1.000    

************* Integration by Vegas (iteration   1) **************
*                                                               *
*  integral  =  8.2543349       accum. integral =  8.2543349    *
*  std. dev. = 0.18592795E-01   accum. std. dev = 0.18592795E-01*
*   max. wt. =   0.886336E-03                                   *
*                                                               *
**************   chi**2/iteration = 0.2910E-08   ****************

 Writing out intermediate results for iteration           1

************* Integration by Vegas (iteration   2) **************
*                                                               *
*  integral  =  8.2540637       accum. integral =  8.2541992    *
*  std. dev. = 0.18583208E-01   accum. std. dev = 0.13143701E-01*
*   max. wt. =   0.143037E-02                                   *
*                                                               *
**************   chi**2/iteration = 0.1054E-03   ****************

 Writing out intermediate results for iteration           2

************* Integration by Vegas (iteration   3) **************
*                                                               *
*  integral  =  8.2711232       accum. integral =  8.2597976    *
*  std. dev. = 0.18694711E-01   accum. std. dev = 0.10752206E-01*
*   max. wt. =   0.143037E-02                                   *
*                                                               *
**************   chi**2/iteration = 0.2729       ****************

 Writing out intermediate results for iteration           3

************* Integration by Vegas (iteration   4) **************
*                                                               *
*  integral  =  8.2550457       accum. integral =  8.2586384    *
*  std. dev. = 0.18928802E-01   accum. std. dev = 0.93491689E-02*
*   max. wt. =   0.185035E-02                                   *
*                                                               *
**************   chi**2/iteration = 0.1981       ****************

 Writing out intermediate results for iteration           4

************* Integration by Vegas (iteration   5) **************
*                                                               *
*  integral  =  8.2496615       accum. integral =  8.2568848    *
*  std. dev. = 0.18975063E-01   accum. std. dev = 0.83864687E-02*
*   max. wt. =   0.185035E-02                                   *
*                                                               *
**************   chi**2/iteration = 0.1936       ****************

 Writing out intermediate results for iteration           5

************* Integration by Vegas (iteration   6) **************
*                                                               *
*  integral  =  8.2588279       accum. integral =  8.2572105    *
*  std. dev. = 0.18690621E-01   accum. std. dev = 0.76515210E-02*
*   max. wt. =   0.185035E-02                                   *
*                                                               *
**************   chi**2/iteration = 0.1567       ****************

 Writing out intermediate results for iteration           6

************* Integration by Vegas (iteration   7) **************
*                                                               *
*  integral  =  8.2480426       accum. integral =  8.2559017    *
*  std. dev. = 0.18749868E-01   accum. std. dev = 0.70843392E-02*
*   max. wt. =   0.185035E-02                                   *
*                                                               *
**************   chi**2/iteration = 0.1648       ****************

 Writing out intermediate results for iteration           7

************* Integration by Vegas (iteration   8) **************
*                                                               *
*  integral  =  8.2342066       accum. integral =  8.2532657    *
*  std. dev. = 0.19049309E-01   accum. std. dev = 0.66400275E-02*
*   max. wt. =   0.201107E-02                                   *
*                                                               *
**************   chi**2/iteration = 0.3038       ****************

 Writing out intermediate results for iteration           8

************* Integration by Vegas (iteration   9) **************
*                                                               *
*  integral  =  8.2511075       accum. integral =  8.2530353    *
*  std. dev. = 0.19206664E-01   accum. std. dev = 0.62755848E-02*
*   max. wt. =   0.201107E-02                                   *
*                                                               *
**************   chi**2/iteration = 0.2673       ****************

 Writing out intermediate results for iteration           9

************* Integration by Vegas (iteration  10) **************
*                                                               *
*  integral  =  8.2682406       accum. integral =  8.2544989    *
*  std. dev. = 0.19229473E-01   accum. std. dev = 0.59659188E-02*
*   max. wt. =   0.201107E-02                                   *
*                                                               *
**************   chi**2/iteration = 0.3003       ****************

 Writing out intermediate results for iteration          10

************* Integration by Vegas (iteration  11) **************
*                                                               *
*  integral  =  8.2539939       accum. integral =  8.2544545    *
*  std. dev. = 0.19223781E-01   accum. std. dev = 0.56978420E-02*
*   max. wt. =   0.201107E-02                                   *
*                                                               *
**************   chi**2/iteration = 0.2704       ****************

 Writing out intermediate results for iteration          11

************* Integration by Vegas (iteration  12) **************
*                                                               *
*  integral  =  8.2732098       accum. integral =  8.2559641    *
*  std. dev. = 0.19258050E-01   accum. std. dev = 0.54637170E-02*
*   max. wt. =   0.201107E-02                                   *
*                                                               *
**************   chi**2/iteration = 0.3251       ****************

 Writing out intermediate results for iteration          12

************* Integration by Vegas (iteration  13) **************
*                                                               *
*  integral  =  8.2160483       accum. integral =  8.2529656    *
*  std. dev. = 0.19171075E-01   accum. std. dev = 0.52544879E-02*
*   max. wt. =   0.201107E-02                                   *
*                                                               *
**************   chi**2/iteration = 0.6318       ****************

 Writing out intermediate results for iteration          13

************* Integration by Vegas (iteration  14) **************
*                                                               *
*  integral  =  8.2389978       accum. integral =  8.2519996    *
*  std. dev. = 0.19277808E-01   accum. std. dev = 0.50695464E-02*
*   max. wt. =   0.201107E-02                                   *
*                                                               *
**************   chi**2/iteration = 0.6208       ****************

 Writing out intermediate results for iteration          14

************* Integration by Vegas (iteration  15) **************
*                                                               *
*  integral  =  8.2539269       accum. integral =  8.2521225    *
*  std. dev. = 0.19424859E-01   accum. std. dev = 0.49052454E-02*
*   max. wt. =   0.201107E-02                                   *
*                                                               *
**************   chi**2/iteration = 0.5772       ****************

 Writing out intermediate results for iteration          15

************* Integration by Vegas (iteration  16) **************
*                                                               *
*  integral  =  8.2789358       accum. integral =  8.2537018    *
*  std. dev. = 0.19607622E-01   accum. std. dev = 0.47585963E-02*
*   max. wt. =   0.201107E-02                                   *
*                                                               *
**************   chi**2/iteration = 0.6560       ****************

 Writing out intermediate results for iteration          16

************* Integration by Vegas (iteration  17) **************
*                                                               *
*  integral  =  8.2564319       accum. integral =  8.2538475    *
*  std. dev. = 0.20041068E-01   accum. std. dev = 0.46298724E-02*
*   max. wt. =   0.201107E-02                                   *
*                                                               *
**************   chi**2/iteration = 0.6161       ****************

 Writing out intermediate results for iteration          17

************* Integration by Vegas (iteration  18) **************
*                                                               *
*  integral  =  8.2798268       accum. integral =  8.2551967    *
*  std. dev. = 0.19781780E-01   accum. std. dev = 0.45080472E-02*
*   max. wt. =   0.201107E-02                                   *
*                                                               *
**************   chi**2/iteration = 0.6760       ****************

 Writing out intermediate results for iteration          18

************* Integration by Vegas (iteration  19) **************
*                                                               *
*  integral  =  8.2564831       accum. integral =  8.2552595    *
*  std. dev. = 0.19907917E-01   accum. std. dev = 0.43967301E-02*
*   max. wt. =   0.201107E-02                                   *
*                                                               *
**************   chi**2/iteration = 0.6387       ****************

 Writing out intermediate results for iteration          19

************* Integration by Vegas (iteration  20) **************
*                                                               *
*  integral  =  8.1783569       accum. integral =  8.2515539    *
*  std. dev. = 0.19541020E-01   accum. std. dev = 0.42894928E-02*
*   max. wt. =   0.201107E-02                                   *
*                                                               *
**************   chi**2/iteration =  1.381       ****************

 Writing out intermediate results for iteration          20

************* Integration by Vegas (iteration  21) **************
*                                                               *
*  integral  =  8.2158995       accum. integral =  8.2499572    *
*  std. dev. = 0.19811106E-01   accum. std. dev = 0.41923481E-02*
*   max. wt. =   0.201107E-02                                   *
*                                                               *
**************   chi**2/iteration =  1.466       ****************

 Writing out intermediate results for iteration          21

************* Integration by Vegas (iteration  22) **************
*                                                               *
*  integral  =  8.2502721       accum. integral =  8.2499707    *
*  std. dev. = 0.19841200E-01   accum. std. dev = 0.41017845E-02*
*   max. wt. =   0.201107E-02                                   *
*                                                               *
**************   chi**2/iteration =  1.396       ****************

 Writing out intermediate results for iteration          22

************* Integration by Vegas (iteration  23) **************
*                                                               *
*  integral  =  8.2502959       accum. integral =  8.2499836    *
*  std. dev. = 0.20129103E-01   accum. std. dev = 0.40191873E-02*
*   max. wt. =   0.201107E-02                                   *
*                                                               *
**************   chi**2/iteration =  1.333       ****************

 Writing out intermediate results for iteration          23

************* Integration by Vegas (iteration  24) **************
*                                                               *
*  integral  =  8.2641152       accum. integral =  8.2505145    *
*  std. dev. = 0.20343209E-01   accum. std. dev = 0.39429700E-02*
*   max. wt. =   0.201107E-02                                   *
*                                                               *
**************   chi**2/iteration =  1.295       ****************

 Writing out intermediate results for iteration          24

************* Integration by Vegas (iteration  25) **************
*                                                               *
*  integral  =  8.2289345       accum. integral =  8.2497641    *
*  std. dev. = 0.20773967E-01   accum. std. dev = 0.38738097E-02*
*   max. wt. =   0.238388E-02                                   *
*                                                               *
**************   chi**2/iteration =  1.285       ****************

 Writing out intermediate results for iteration          25

************* Integration by Vegas (iteration  26) **************
*                                                               *
*  integral  =  8.2549190       accum. integral =  8.2499368    *
*  std. dev. = 0.20806671E-01   accum. std. dev = 0.38083665E-02*
*   max. wt. =   0.448267E-02                                   *
*                                                               *
**************   chi**2/iteration =  1.236       ****************

 Writing out intermediate results for iteration          26

************* Integration by Vegas (iteration  27) **************
*                                                               *
*  integral  =  8.2376693       accum. integral =  8.2495687    *
*  std. dev. = 0.21651257E-01   accum. std. dev = 0.37507851E-02*
*   max. wt. =   0.580200E-02                                   *
*                                                               *
**************   chi**2/iteration =  1.200       ****************

 Writing out intermediate results for iteration          27

************* Integration by Vegas (iteration  28) **************
*                                                               *
*  integral  =  8.2479625       accum. integral =  8.2495227    *
*  std. dev. = 0.21864159E-01   accum. std. dev = 0.36967828E-02*
*   max. wt. =   0.580200E-02                                   *
*                                                               *
**************   chi**2/iteration =  1.156       ****************

 Writing out intermediate results for iteration          28

************* Integration by Vegas (iteration  29) **************
*                                                               *
*  integral  =  8.2377319       accum. integral =  8.2491457    *
*  std. dev. = 0.20338994E-01   accum. std. dev = 0.36371916E-02*
*   max. wt. =   0.580200E-02                                   *
*                                                               *
**************   chi**2/iteration =  1.126       ****************

 Writing out intermediate results for iteration          29

************* Integration by Vegas (iteration  30) **************
*                                                               *
*  integral  =  8.2436690       accum. integral =  8.2489628    *
*  std. dev. = 0.19569656E-01   accum. std. dev = 0.35759531E-02*
*   max. wt. =   0.580200E-02                                   *
*                                                               *
**************   chi**2/iteration =  1.090       ****************

 Writing out intermediate results for iteration          30

************* Integration by Vegas (iteration  31) **************
*                                                               *
*  integral  =  8.2633683       accum. integral =  8.2494449    *
*  std. dev. = 0.19217721E-01   accum. std. dev = 0.35156084E-02*
*   max. wt. =   0.580200E-02                                   *
*                                                               *
**************   chi**2/iteration =  1.072       ****************

 Writing out intermediate results for iteration          31

************* Integration by Vegas (iteration  32) **************
*                                                               *
*  integral  =  8.2213233       accum. integral =  8.2485169    *
*  std. dev. = 0.19030952E-01   accum. std. dev = 0.34571152E-02*
*   max. wt. =   0.580200E-02                                   *
*                                                               *
**************   chi**2/iteration =  1.105       ****************

 Writing out intermediate results for iteration          32

************* Integration by Vegas (iteration  33) **************
*                                                               *
*  integral  =  8.2511445       accum. integral =  8.2485987    *
*  std. dev. = 0.19286361E-01   accum. std. dev = 0.34028781E-02*
*   max. wt. =   0.580200E-02                                   *
*                                                               *
**************   chi**2/iteration =  1.071       ****************

 Writing out intermediate results for iteration          33

************* Integration by Vegas (iteration  34) **************
*                                                               *
*  integral  =  8.2245137       accum. integral =  8.2478672    *
*  std. dev. = 0.19226630E-01   accum. std. dev = 0.33508015E-02*
*   max. wt. =   0.580200E-02                                   *
*                                                               *
**************   chi**2/iteration =  1.085       ****************

 Writing out intermediate results for iteration          34

************* Integration by Vegas (iteration  35) **************
*                                                               *
*  integral  =  8.2830228       accum. integral =  8.2488616    *
*  std. dev. = 0.19639033E-01   accum. std. dev = 0.33030685E-02*
*   max. wt. =   0.580200E-02                                   *
*                                                               *
**************   chi**2/iteration =  1.145       ****************

 Writing out intermediate results for iteration          35

************* Integration by Vegas (iteration  36) **************
*                                                               *
*  integral  =  8.2217365       accum. integral =  8.2481057    *
*  std. dev. = 0.19509148E-01   accum. std. dev = 0.32567207E-02*
*   max. wt. =   0.580200E-02                                   *
*                                                               *
**************   chi**2/iteration =  1.166       ****************

 Writing out intermediate results for iteration          36

************* Integration by Vegas (iteration  37) **************
*                                                               *
*  integral  =  8.2157943       accum. integral =  8.2473560    *
*  std. dev. = 0.21129663E-01   accum. std. dev = 0.32187130E-02*
*   max. wt. =   0.580200E-02                                   *
*                                                               *
**************   chi**2/iteration =  1.197       ****************

 Writing out intermediate results for iteration          37

************* Integration by Vegas (iteration  38) **************
*                                                               *
*  integral  =  8.2634563       accum. integral =  8.2476951    *
*  std. dev. = 0.21943109E-01   accum. std. dev = 0.31846345E-02*
*   max. wt. =   0.586531E-02                                   *
*                                                               *
**************   chi**2/iteration =  1.179       ****************

 Writing out intermediate results for iteration          38

************* Integration by Vegas (iteration  39) **************
*                                                               *
*  integral  =  8.2379371       accum. integral =  8.2474873    *
*  std. dev. = 0.21590323E-01   accum. std. dev = 0.31505455E-02*
*   max. wt. =   0.586531E-02                                   *
*                                                               *
**************   chi**2/iteration =  1.153       ****************

 Writing out intermediate results for iteration          39

************* Integration by Vegas (iteration  40) **************
*                                                               *
*  integral  =  8.2831651       accum. integral =  8.2483380    *
*  std. dev. = 0.20158569E-01   accum. std. dev = 0.31127588E-02*
*   max. wt. =   0.586531E-02                                   *
*                                                               *
**************   chi**2/iteration =  1.202       ****************

 Writing out intermediate results for iteration          40

************* Integration by Vegas (iteration  41) **************
*                                                               *
*  integral  =  8.2388083       accum. integral =  8.2481015    *
*  std. dev. = 0.19514713E-01   accum. std. dev = 0.30739000E-02*
*   max. wt. =   0.586531E-02                                   *
*                                                               *
**************   chi**2/iteration =  1.177       ****************

 Writing out intermediate results for iteration          41

************* Integration by Vegas (iteration  42) **************
*                                                               *
*  integral  =  8.2706786       accum. integral =  8.2486462    *
*  std. dev. = 0.19550039E-01   accum. std. dev = 0.30365937E-02*
*   max. wt. =   0.586531E-02                                   *
*                                                               *
**************   chi**2/iteration =  1.180       ****************

 Writing out intermediate results for iteration          42

************* Integration by Vegas (iteration  43) **************
*                                                               *
*  integral  =  8.2082636       accum. integral =  8.2476564    *
*  std. dev. = 0.19156966E-01   accum. std. dev = 0.29991495E-02*
*   max. wt. =   0.586531E-02                                   *
*                                                               *
**************   chi**2/iteration =  1.256       ****************

 Writing out intermediate results for iteration          43

************* Integration by Vegas (iteration  44) **************
*                                                               *
*  integral  =  8.2424537       accum. integral =  8.2475386    *
*  std. dev. = 0.19696814E-01   accum. std. dev = 0.29649752E-02*
*   max. wt. =   0.586531E-02                                   *
*                                                               *
**************   chi**2/iteration =  1.228       ****************

 Writing out intermediate results for iteration          44

************* Integration by Vegas (iteration  45) **************
*                                                               *
*  integral  =  8.2243057       accum. integral =  8.2470356    *
*  std. dev. = 0.19932910E-01   accum. std. dev = 0.29327083E-02*
*   max. wt. =   0.586531E-02                                   *
*                                                               *
**************   chi**2/iteration =  1.230       ****************

 Writing out intermediate results for iteration          45

************* Integration by Vegas (iteration  46) **************
*                                                               *
*  integral  =  8.2421768       accum. integral =  8.2469324    *
*  std. dev. = 0.19908405E-01   accum. std. dev = 0.29013967E-02*
*   max. wt. =   0.586531E-02                                   *
*                                                               *
**************   chi**2/iteration =  1.204       ****************

 Writing out intermediate results for iteration          46

************* Integration by Vegas (iteration  47) **************
*                                                               *
*  integral  =  8.2702230       accum. integral =  8.2474221    *
*  std. dev. = 0.19798157E-01   accum. std. dev = 0.28707337E-02*
*   max. wt. =   0.586531E-02                                   *
*                                                               *
**************   chi**2/iteration =  1.207       ****************

 Writing out intermediate results for iteration          47

************* Integration by Vegas (iteration  48) **************
*                                                               *
*  integral  =  8.2589349       accum. integral =  8.2476572    *
*  std. dev. = 0.19885449E-01   accum. std. dev = 0.28412791E-02*
*   max. wt. =   0.586531E-02                                   *
*                                                               *
**************   chi**2/iteration =  1.189       ****************

 Writing out intermediate results for iteration          48

************* Integration by Vegas (iteration  49) **************
*                                                               *
*  integral  =  8.2758661       accum. integral =  8.2482130    *
*  std. dev. = 0.20039749E-01   accum. std. dev = 0.28131446E-02*
*   max. wt. =   0.586531E-02                                   *
*                                                               *
**************   chi**2/iteration =  1.204       ****************

 Writing out intermediate results for iteration          49

************* Integration by Vegas (iteration  50) **************
*                                                               *
*  integral  =  8.2674264       accum. integral =  8.2485877    *
*  std. dev. = 0.19949143E-01   accum. std. dev = 0.27855846E-02*
*   max. wt. =   0.586531E-02                                   *
*                                                               *
**************   chi**2/iteration =  1.198       ****************

 Writing out intermediate results for iteration          50

************* Integration by Vegas (iteration  51) **************
*                                                               *
*  integral  =  8.1993480       accum. integral =  8.2476210    *
*  std. dev. = 0.19685086E-01   accum. std. dev = 0.27581069E-02*
*   max. wt. =   0.586531E-02                                   *
*                                                               *
**************   chi**2/iteration =  1.297       ****************

 Writing out intermediate results for iteration          51

************* Integration by Vegas (iteration  52) **************
*                                                               *
*  integral  =  8.2520019       accum. integral =  8.2477035    *
*  std. dev. = 0.19910148E-01   accum. std. dev = 0.27320178E-02*
*   max. wt. =   0.586531E-02                                   *
*                                                               *
**************   chi**2/iteration =  1.273       ****************

 Writing out intermediate results for iteration          52

************* Integration by Vegas (iteration  53) **************
*                                                               *
*  integral  =  8.2382452       accum. integral =  8.2475328    *
*  std. dev. = 0.20153429E-01   accum. std. dev = 0.27072558E-02*
*   max. wt. =   0.586531E-02                                   *
*                                                               *
**************   chi**2/iteration =  1.252       ****************

 Writing out intermediate results for iteration          53

************* Integration by Vegas (iteration  54) **************
*                                                               *
*  integral  =  8.2764716       accum. integral =  8.2480255    *
*  std. dev. = 0.20571192E-01   accum. std. dev = 0.26841116E-02*
*   max. wt. =   0.586531E-02                                   *
*                                                               *
**************   chi**2/iteration =  1.265       ****************

 Writing out intermediate results for iteration          54

************* Integration by Vegas (iteration  55) **************
*                                                               *
*  integral  =  8.2367651       accum. integral =  8.2478447    *
*  std. dev. = 0.21011006E-01   accum. std. dev = 0.26624744E-02*
*   max. wt. =   0.586531E-02                                   *
*                                                               *
**************   chi**2/iteration =  1.247       ****************

 Writing out intermediate results for iteration          55

************* Integration by Vegas (iteration  56) **************
*                                                               *
*  integral  =  8.2406843       accum. integral =  8.2477282    *
*  std. dev. = 0.20707184E-01   accum. std. dev = 0.26407354E-02*
*   max. wt. =   0.586531E-02                                   *
*                                                               *
**************   chi**2/iteration =  1.227       ****************

 Writing out intermediate results for iteration          56

************* Integration by Vegas (iteration  57) **************
*                                                               *
*  integral  =  8.2570699       accum. integral =  8.2478834    *
*  std. dev. = 0.20318532E-01   accum. std. dev = 0.26187111E-02*
*   max. wt. =   0.586531E-02                                   *
*                                                               *
**************   chi**2/iteration =  1.209       ****************

 Writing out intermediate results for iteration          57

************* Integration by Vegas (iteration  58) **************
*                                                               *
*  integral  =  8.2213694       accum. integral =  8.2474385    *
*  std. dev. = 0.20044082E-01   accum. std. dev = 0.25966441E-02*
*   max. wt. =   0.586531E-02                                   *
*                                                               *
**************   chi**2/iteration =  1.217       ****************

 Writing out intermediate results for iteration          58

************* Integration by Vegas (iteration  59) **************
*                                                               *
*  integral  =  8.2376504       accum. integral =  8.2472779    *
*  std. dev. = 0.20107109E-01   accum. std. dev = 0.25752587E-02*
*   max. wt. =   0.586531E-02                                   *
*                                                               *
**************   chi**2/iteration =  1.201       ****************

 Writing out intermediate results for iteration          59

************* Integration by Vegas (iteration  60) **************
*                                                               *
*  integral  =  8.2484593       accum. integral =  8.2472971    *
*  std. dev. = 0.20006465E-01   accum. std. dev = 0.25541853E-02*
*   max. wt. =   0.586531E-02                                   *
*                                                               *
**************   chi**2/iteration =  1.180       ****************

 Writing out intermediate results for iteration          60

************* Integration by Vegas (iteration  61) **************
*                                                               *
*  integral  =  8.2754691       accum. integral =  8.2477545    *
*  std. dev. = 0.19882154E-01   accum. std. dev = 0.25333660E-02*
*   max. wt. =   0.586531E-02                                   *
*                                                               *
**************   chi**2/iteration =  1.193       ****************

 Writing out intermediate results for iteration          61

************* Integration by Vegas (iteration  62) **************
*                                                               *
*  integral  =  8.2912366       accum. integral =  8.2484445    *
*  std. dev. = 0.19950634E-01   accum. std. dev = 0.25131853E-02*
*   max. wt. =   0.586531E-02                                   *
*                                                               *
**************   chi**2/iteration =  1.251       ****************

 Writing out intermediate results for iteration          62

************* Integration by Vegas (iteration  63) **************
*                                                               *
*  integral  =  8.2545741       accum. integral =  8.2485413    *
*  std. dev. = 0.19843076E-01   accum. std. dev = 0.24932676E-02*
*   max. wt. =   0.586531E-02                                   *
*                                                               *
**************   chi**2/iteration =  1.232       ****************

 Writing out intermediate results for iteration          63

************* Integration by Vegas (iteration  64) **************
*                                                               *
*  integral  =  8.2221792       accum. integral =  8.2481324    *
*  std. dev. = 0.19862590E-01   accum. std. dev = 0.24738539E-02*
*   max. wt. =   0.586531E-02                                   *
*                                                               *
**************   chi**2/iteration =  1.240       ****************

 Writing out intermediate results for iteration          64

************* Integration by Vegas (iteration  65) **************
*                                                               *
*  integral  =  8.2914429       accum. integral =  8.2487171    *
*  std. dev. = 0.21146877E-01   accum. std. dev = 0.24570979E-02*
*   max. wt. =   0.586531E-02                                   *
*                                                               *
**************   chi**2/iteration =  1.285       ****************

 Writing out intermediate results for iteration          65

************* Integration by Vegas (iteration  66) **************
*                                                               *
*  integral  =  8.2573149       accum. integral =  8.2488309    *
*  std. dev. = 0.21213229E-01   accum. std. dev = 0.24407794E-02*
*   max. wt. =   0.586531E-02                                   *
*                                                               *
**************   chi**2/iteration =  1.268       ****************

 Writing out intermediate results for iteration          66

************* Integration by Vegas (iteration  67) **************
*                                                               *
*  integral  =  8.2444378       accum. integral =  8.2487719    *
*  std. dev. = 0.20912755E-01   accum. std. dev = 0.24243234E-02*
*   max. wt. =   0.586531E-02                                   *
*                                                               *
**************   chi**2/iteration =  1.249       ****************

 Writing out intermediate results for iteration          67

************* Integration by Vegas (iteration  68) **************
*                                                               *
*  integral  =  8.2573716       accum. integral =  8.2488894    *
*  std. dev. = 0.20594650E-01   accum. std. dev = 0.24076990E-02*
*   max. wt. =   0.586531E-02                                   *
*                                                               *
**************   chi**2/iteration =  1.233       ****************

 Writing out intermediate results for iteration          68

************* Integration by Vegas (iteration  69) **************
*                                                               *
*  integral  =  8.2325439       accum. integral =  8.2486585    *
*  std. dev. = 0.20113011E-01   accum. std. dev = 0.23906309E-02*
*   max. wt. =   0.586531E-02                                   *
*                                                               *
**************   chi**2/iteration =  1.225       ****************

 Writing out intermediate results for iteration          69

************* Integration by Vegas (iteration  70) **************
*                                                               *
*  integral  =  8.2406416       accum. integral =  8.2485500    *
*  std. dev. = 0.20411956E-01   accum. std. dev = 0.23744016E-02*
*   max. wt. =   0.586531E-02                                   *
*                                                               *
**************   chi**2/iteration =  1.209       ****************

 Writing out intermediate results for iteration          70

************* Integration by Vegas (iteration  71) **************
*                                                               *
*  integral  =  8.2578625       accum. integral =  8.2486756    *
*  std. dev. = 0.20309924E-01   accum. std. dev = 0.23583399E-02*
*   max. wt. =   0.586531E-02                                   *
*                                                               *
**************   chi**2/iteration =  1.195       ****************

 Writing out intermediate results for iteration          71

************* Integration by Vegas (iteration  72) **************
*                                                               *
*  integral  =  8.2579874       accum. integral =  8.2487987    *
*  std. dev. = 0.20368771E-01   accum. std. dev = 0.23426897E-02*
*   max. wt. =   0.586531E-02                                   *
*                                                               *
**************   chi**2/iteration =  1.181       ****************

 Writing out intermediate results for iteration          72

************* Integration by Vegas (iteration  73) **************
*                                                               *
*  integral  =  8.2617049       accum. integral =  8.2489666    *
*  std. dev. = 0.20409479E-01   accum. std. dev = 0.23274076E-02*
*   max. wt. =   0.586531E-02                                   *
*                                                               *
**************   chi**2/iteration =  1.170       ****************

 Writing out intermediate results for iteration          73

************* Integration by Vegas (iteration  74) **************
*                                                               *
*  integral  =  8.2633970       accum. integral =  8.2491520    *
*  std. dev. = 0.20398979E-01   accum. std. dev = 0.23124053E-02*
*   max. wt. =   0.586531E-02                                   *
*                                                               *
**************   chi**2/iteration =  1.161       ****************

 Writing out intermediate results for iteration          74

************* Integration by Vegas (iteration  75) **************
*                                                               *
*  integral  =  8.2538711       accum. integral =  8.2492093    *
*  std. dev. = 0.20868325E-01   accum. std. dev = 0.22983381E-02*
*   max. wt. =   0.586531E-02                                   *
*                                                               *
**************   chi**2/iteration =  1.146       ****************

 Writing out intermediate results for iteration          75

************* Integration by Vegas (iteration  76) **************
*                                                               *
*  integral  =  8.2498744       accum. integral =  8.2492175    *
*  std. dev. = 0.20574862E-01   accum. std. dev = 0.22841313E-02*
*   max. wt. =   0.586531E-02                                   *
*                                                               *
**************   chi**2/iteration =  1.130       ****************

 Writing out intermediate results for iteration          76

************* Integration by Vegas (iteration  77) **************
*                                                               *
*  integral  =  8.2060536       accum. integral =  8.2487440    *
*  std. dev. = 0.21689648E-01   accum. std. dev = 0.22715700E-02*
*   max. wt. =   0.586531E-02                                   *
*                                                               *
**************   chi**2/iteration =  1.167       ****************

 Writing out intermediate results for iteration          77

************* Integration by Vegas (iteration  78) **************
*                                                               *
*  integral  =  8.2519378       accum. integral =  8.2487772    *
*  std. dev. = 0.22153510E-01   accum. std. dev = 0.22597217E-02*
*   max. wt. =   0.586531E-02                                   *
*                                                               *
**************   chi**2/iteration =  1.152       ****************

 Writing out intermediate results for iteration          78

************* Integration by Vegas (iteration  79) **************
*                                                               *
*  integral  =  8.2298217       accum. integral =  8.2485513    *
*  std. dev. = 0.20573448E-01   accum. std. dev = 0.22462130E-02*
*   max. wt. =   0.586531E-02                                   *
*                                                               *
**************   chi**2/iteration =  1.148       ****************

 Writing out intermediate results for iteration          79

************* Integration by Vegas (iteration  80) **************
*                                                               *
*  integral  =  8.2380215       accum. integral =  8.2484208    *
*  std. dev. = 0.20050263E-01   accum. std. dev = 0.22322488E-02*
*   max. wt. =   0.586531E-02                                   *
*                                                               *
**************   chi**2/iteration =  1.137       ****************

 Writing out intermediate results for iteration          80

************* Integration by Vegas (iteration  81) **************
*                                                               *
*  integral  =  8.2749324       accum. integral =  8.2487347    *
*  std. dev. = 0.20393322E-01   accum. std. dev = 0.22189950E-02*
*   max. wt. =   0.586531E-02                                   *
*                                                               *
**************   chi**2/iteration =  1.144       ****************

 Writing out intermediate results for iteration          81

************* Integration by Vegas (iteration  82) **************
*                                                               *
*  integral  =  8.2649436       accum. integral =  8.2489261    *
*  std. dev. = 0.20296640E-01   accum. std. dev = 0.22058512E-02*
*   max. wt. =   0.586531E-02                                   *
*                                                               *
**************   chi**2/iteration =  1.137       ****************

 Writing out intermediate results for iteration          82

************* Integration by Vegas (iteration  83) **************
*                                                               *
*  integral  =  8.2559659       accum. integral =  8.2490091    *
*  std. dev. = 0.20201099E-01   accum. std. dev = 0.21928170E-02*
*   max. wt. =   0.586531E-02                                   *
*                                                               *
**************   chi**2/iteration =  1.125       ****************

 Writing out intermediate results for iteration          83

************* Integration by Vegas (iteration  84) **************
*                                                               *
*  integral  =  8.2478195       accum. integral =  8.2489954    *
*  std. dev. = 0.20313098E-01   accum. std. dev = 0.21801507E-02*
*   max. wt. =   0.586531E-02                                   *
*                                                               *
**************   chi**2/iteration =  1.112       ****************

 Writing out intermediate results for iteration          84

************* Integration by Vegas (iteration  85) **************
*                                                               *
*  integral  =  8.2420128       accum. integral =  8.2489173    *
*  std. dev. = 0.20499190E-01   accum. std. dev = 0.21679245E-02*
*   max. wt. =   0.586531E-02                                   *
*                                                               *
**************   chi**2/iteration =  1.100       ****************

 Writing out intermediate results for iteration          85

************* Integration by Vegas (iteration  86) **************
*                                                               *
*  integral  =  8.2254666       accum. integral =  8.2486772    *
*  std. dev. = 0.21317704E-01   accum. std. dev = 0.21568003E-02*
*   max. wt. =   0.586531E-02                                   *
*                                                               *
**************   chi**2/iteration =  1.101       ****************

 Writing out intermediate results for iteration          86

************* Integration by Vegas (iteration  87) **************
*                                                               *
*  integral  =  8.2661919       accum. integral =  8.2488526    *
*  std. dev. = 0.21441982E-01   accum. std. dev = 0.21459713E-02*
*   max. wt. =   0.586531E-02                                   *
*                                                               *
**************   chi**2/iteration =  1.096       ****************

 Writing out intermediate results for iteration          87

************* Integration by Vegas (iteration  88) **************
*                                                               *
*  integral  =  8.2302651       accum. integral =  8.2486557    *
*  std. dev. = 0.20735681E-01   accum. std. dev = 0.21345705E-02*
*   max. wt. =   0.586531E-02                                   *
*                                                               *
**************   chi**2/iteration =  1.092       ****************

 Writing out intermediate results for iteration          88

************* Integration by Vegas (iteration  89) **************
*                                                               *
*  integral  =  8.2532299       accum. integral =  8.2487039    *
*  std. dev. = 0.20668561E-01   accum. std. dev = 0.21232772E-02*
*   max. wt. =   0.586531E-02                                   *
*                                                               *
**************   chi**2/iteration =  1.080       ****************

 Writing out intermediate results for iteration          89

************* Integration by Vegas (iteration  90) **************
*                                                               *
*  integral  =  8.2478661       accum. integral =  8.2486951    *
*  std. dev. = 0.20551977E-01   accum. std. dev = 0.21120357E-02*
*   max. wt. =   0.586531E-02                                   *
*                                                               *
**************   chi**2/iteration =  1.068       ****************

 Writing out intermediate results for iteration          90

************* Integration by Vegas (iteration  91) **************
*                                                               *
*  integral  =  8.2447879       accum. integral =  8.2486545    *
*  std. dev. = 0.20610226E-01   accum. std. dev = 0.21010329E-02*
*   max. wt. =   0.586531E-02                                   *
*                                                               *
**************   chi**2/iteration =  1.057       ****************

 Writing out intermediate results for iteration          91

************* Integration by Vegas (iteration  92) **************
*                                                               *
*  integral  =  8.2254396       accum. integral =  8.2484232    *
*  std. dev. = 0.20942146E-01   accum. std. dev = 0.20905383E-02*
*   max. wt. =   0.586531E-02                                   *
*                                                               *
**************   chi**2/iteration =  1.059       ****************

 Writing out intermediate results for iteration          92

************* Integration by Vegas (iteration  93) **************
*                                                               *
*  integral  =  8.2258481       accum. integral =  8.2481978    *
*  std. dev. = 0.20817903E-01   accum. std. dev = 0.20800767E-02*
*   max. wt. =   0.586531E-02                                   *
*                                                               *
**************   chi**2/iteration =  1.060       ****************

 Writing out intermediate results for iteration          93

************* Integration by Vegas (iteration  94) **************
*                                                               *
*  integral  =  8.2509524       accum. integral =  8.2482245    *
*  std. dev. = 0.21010431E-01   accum. std. dev = 0.20699572E-02*
*   max. wt. =   0.586531E-02                                   *
*                                                               *
**************   chi**2/iteration =  1.048       ****************

 Writing out intermediate results for iteration          94

************* Integration by Vegas (iteration  95) **************
*                                                               *
*  integral  =  8.2415676       accum. integral =  8.2481597    *
*  std. dev. = 0.20874808E-01   accum. std. dev = 0.20598549E-02*
*   max. wt. =   0.586531E-02                                   *
*                                                               *
**************   chi**2/iteration =  1.038       ****************

 Writing out intermediate results for iteration          95

************* Integration by Vegas (iteration  96) **************
*                                                               *
*  integral  =  8.2553006       accum. integral =  8.2482264    *
*  std. dev. = 0.21210900E-01   accum. std. dev = 0.20502098E-02*
*   max. wt. =   0.586531E-02                                   *
*                                                               *
**************   chi**2/iteration =  1.029       ****************

 Writing out intermediate results for iteration          96

************* Integration by Vegas (iteration  97) **************
*                                                               *
*  integral  =  8.2499741       accum. integral =  8.2482426    *
*  std. dev. = 0.21197279E-01   accum. std. dev = 0.20406869E-02*
*   max. wt. =   0.586531E-02                                   *
*                                                               *
**************   chi**2/iteration =  1.018       ****************

 Writing out intermediate results for iteration          97

************* Integration by Vegas (iteration  98) **************
*                                                               *
*  integral  =  8.2467899       accum. integral =  8.2482299    *
*  std. dev. = 0.21690732E-01   accum. std. dev = 0.20317151E-02*
*   max. wt. =   0.586531E-02                                   *
*                                                               *
**************   chi**2/iteration =  1.008       ****************

 Writing out intermediate results for iteration          98

************* Integration by Vegas (iteration  99) **************
*                                                               *
*  integral  =  8.2516122       accum. integral =  8.2482596    *
*  std. dev. = 0.21592406E-01   accum. std. dev = 0.20227803E-02*
*   max. wt. =   0.586531E-02                                   *
*                                                               *
**************   chi**2/iteration = 0.9975       ****************

 Writing out intermediate results for iteration          99

************* Integration by Vegas (iteration 100) **************
*                                                               *
*  integral  =  8.2698228       accum. integral =  8.2484547    *
*  std. dev. = 0.21163922E-01   accum. std. dev = 0.20136042E-02*
*   max. wt. =   0.586531E-02                                   *
*                                                               *
**************   chi**2/iteration = 0.9978       ****************


Value of final lord integral is        8.2485 +/-     0.0020 fb

 Total number of shots       :     47239200
 Total no. failing cuts      :     19304065
 Number failing jet cuts     :            0
 Number failing process cuts :            0

   Jet efficiency : 100.00%
   Cut efficiency : 100.00%
 Total efficiency : 100.00%

 Contribution from parton sub-processes:
 ---------------------------------------
       GG     |           8.24845  100.00%
       GQ     |           0.00000    0.00%
       GQB    |           0.00000    0.00%
       QG     |           0.00000    0.00%
       QBG    |           0.00000    0.00%
       QQ     |           0.00000    0.00%
       QBQB   |           0.00000    0.00%
       QQB    |           0.00000    0.00%
       QBQ    |           0.00000    0.00%
 ---------------------------------------

 ****************************************************
 output files  E_var/E_80/CTEQ/HTOP/HZZ_tb_lord_cteq6_l_0___0___126_128_run_80
 ****************************************************
