 ************** MCFM - version 6.8 ****************
 *                                                *
 * MCFM, v6.8                   April 26th, 2014  *
 *                                                *
 * Authors: John Campbell, Keith Ellis,           *
 *          Ciaran Williams                       *
 *         (johnmc@fnal.gov, ellis@fnal.gov,      *
 *          ciaran@fnal.gov)                      *
 *                                                *
 * For details see:                               *
 *                                                *
 *  arXiv:1403.2641 (Triphoton production)        *
 *  arXiv:1312.1628 (gg->WW, Higgs interference)  *
 *  arXiv:1311.3589 (gg->ZZ, Higgs interference)  *
 *  Phys.Rev.D87:114006, arXiv:1302.3856          *
 *  (tZ, tH -- with R. Rontsch)                   *
 *  arXiv:1211.6390 (DM, P. Fox and C. Williams)  *
 *  JHEP 1211:162 (2012), arXiv:1208.0566         *
 *  (Z+gam+jet,Z+gam+gam -- with H. Hartanto)     *
 *  arXiv:1204.1513 (top production+decay)        *
 *  JHEP 1207:052 (2012), arXiv:1204.5678 (ttW)   *
 *  JHEP 1110:005 (2011), arXiv:1107.5569         *
 *         (gg->WW,Higgs intference)              *
 *  JHEP 1107:018 (2011), arXiv:1105.0020         *
 *         (diboson update)                       *
 *  JHEP 1103:027 (2011), arXiv:1011.6647         *
 *         (Wbb for mb>0, with S. Badger)         *
 *  Phys.Rev.D81:074023, arXiv:1001.4495 (H+2jet) *
 *                                                *
 *  P.R.L. 102:142001, arXiv:0903.0005 [hep-ph]   *
 *    (t-channel single top + explicit b,         *
 *      JC, R.Frederix, F.Maltoni, F.Tramontano)  *
 *  N.P.B 726:109(2005), hep-ph/0506289 (W+t)     *
 *  Phys.Rev.D70:094012, hep-ph/0408158 (Sngl Top)*
 *       (with Francesco Tramontano)              *
 *                                                *
 *  Phys.Rev.D65:113007, hep-ph/0202176 (W,Z+2j)  *
 *  Phys.Rev.D62:114012, hep-ph/0006304 (W,Z+bb)  *
 *  Phys.Rev.D60:113006, hep-ph/9905386 (diboson) *
 *                                                *
 * On the web:  http://mcfm.fnal.gov/             *
 **************************************************

 * Using input file named cluster_CMS_mT/MSTW/TOP/input_130_14.DAT                                

 * [Flags to specify the mode in which MCFM is run]                                          
 *                   -1            [nevtrequested] 
 *                    F            [creatent] 
 *                    F            [skipnt] 
 *                    F            [dswhisto] 
 *                    F            [creategrid] 
 *                    T            [writetop] 
 *                    T            [writedat] 
 *                    T            [writegnu] 
 *                    T            [writeroot] 
 *                    F            [writepwg] 

 * [General options to specify the process and execution]                                    
 *                  130            [nproc] 
 *                 lord            [part] 
 * 130_run_14                      [runstring] 
 *           14000.0000            [sqrts] 
 *                    1            [ih1] 
 *                    1            [ih2] 
 *             126.0000            [hmass] 
 *              63.0000            [scale] 
 *              63.0000            [facscale] 
 * no                              [dynamicscale] 
 *                    F            [zerowidth] 
 *                    F            [removebr] 
 *                   20            [itmx1] 
 *               500000            [ncall1] 
 *                   50            [itmx2] 
 *               500000            [ncall2] 
 *                 2020            [ij] 
 *                    F            [dryrun] 
 *                    T            [Qflag] 
 *                    T            [Gflag] 

 * [Heavy quark masses]                                                                      
 *             173.2000            [top mass] 
 *               4.7500            [bottom mass] 
 *               1.5000            [charm mass] 

 * [Pdf selection]                                                                           
 *              mstw8lo            [pdlabel] 
 *                    4            [NGROUP] 
 *                   46            [NSET] 
 * cteq6mE.LHgrid                  [LHAPDF group] 
 *                   -1            [LHAPDF set] 

 * [Jet definition and event cuts]                                                           
 *               0.0000            [m34min] 
 *           14000.0000            [m34max] 
 *               0.0000            [m56min] 
 *           14000.0000            [m56max] 
 *                    T            [inclusive] 
 *                 ankt            [algorithm] 
 *              15.0000            [ptjetmin] 
 *               0.0000            [etajetmin] 
 *               5.0000            [etajetmax] 
 *               0.5000            [Rcut] 
 *                    T            [makecuts] 
 *               0.0000            [leptpt] 
 *              99.0000            [leptrap] 
 *    0.000,   0.000                [leptveto] 
 *               0.0000            [misspt] 
 *               0.0000            [leptpt2] 
 *              99.0000            [leptrap2] 
 *    0.000,   0.000                [leptveto2] 
 *               0.0000            [mtrans34cut] 
 *               0.0000            [Rjlmin] 
 *               0.0000            [Rllmin] 
 *               0.0000            [delyjjmin] 
 *                    F            [jetsopphem] 
 *                    0            [lbjscheme] 
 *               0.0000            [ptbjetmin] 
 *              99.0000            [etabjetmax] 

 * [Settings for photon processes]                                                           
 *                    F            [frag] 
 *             GdRG__LO            [fragset] 
 *              80.0000            [frag_scale] 
 *              20.0000            [gammpt] 
 *               2.5000            [gammrap] 
 *              20.0000            [gammpt2] 
 *              20.0000            [gammpt3] 
 *               0.0000            [Rgalmin] 
 *               0.4000            [Rgagamin] 
 *               0.4000            [Rgajetmin] 
 *               0.4000            [cone_ang] 
 *               0.5000            [epsilon_h] 

 * [Anomalous couplings of the W and Z]                                                      
 *               0.0000            [delg1_z] 
 *               0.0000            [delk_z] 
 *               0.0000            [delk_g] 
 *               0.0000            [lambda_z] 
 *               0.0000            [lambda_g] 
 *               0.0000            [h1Z] 
 *               0.0000            [h1gam] 
 *               0.0000            [h2Z] 
 *               0.0000            [h2gam] 
 *               0.0000            [h3Z] 
 *               0.0000            [h3gam] 
 *               0.0000            [h4Z] 
 *               0.0000            [h4gam] 
 *               2.0000            [tevscale] 

 * [Anomalous width of the Higgs]                                                            
 *               1.0000            [Gamma_H/Gamma_H(SM)] 

 * [How to resume/save a run]                                                                
 *                    F            [readin] 
 *                    F            [writeout] 
 *                                 [ingridfile] 
 *                                 [outgridfile] 

 * [Technical parameters that should not normally be changed]

 *                    F            [debug] 
 *                    T            [verbose] 
 *                    F            [new_pspace] 
 *                    F            [virtonly] 
 *                    F            [realonly] 
 *                    T            [spira] 
 *                    F            [noglue] 
 *                    F            [ggonly] 
 *                    F            [gqonly] 
 *                    F            [omitgg] 
 *                    F            [vanillafiles] 
 *                    1            [nmin] 
 *                    2            [nmax] 
 *                    T            [clustering] 
 *                    F            [realwt] 
 *                    0            [colourchoice] 
 *               0.0100            [rtsmin] 
 *               0.0001            [cutoff] 
 *               0.1000            [aii] 
 *               0.1000            [aif] 
 *               0.1000            [afi] 
 *               1.0000            [aff] 
 *               1.0000            [bfi] 
 *               1.0000            [bff] 

 Chooser:process chosen by nproc=         130

 *************************** f(p1)+f(p2) --> ******************************************
 * H(--> Z^0(e^-(p3)+e^+(p4)) + Z^0(mu^-(p5)+mu^+(p6)) [H squared and H, gg->ZZ intf. *
 **************************************************************************************

 ************** Electroweak parameters **************
 *                                                  *
 *  zmass(+)   91.1876000     wmass(+)  80.3980000  *
 * zwidth(+)    2.4952000    wwidth(+)   2.1054000  *
 *     Gf(+) 0.116639D-04   1/aemmz    132.3384323  *
 *     xw       0.2226459      mtop(+) 173.2000000  *
 *   gwsq       0.4264904       esq      0.0949563  *
 * top width    1.4743080 (LO)                      *
 *    mb        4.7500000        mc      1.5000000  *
 *                                                  *
 * Parameters marked (+) are input, others derived  *
 ****************************************************

 ****************** Higgs parameters ****************
 *                                                  *
 *   mass(H) =  126.00      width(H) =  0.43070E-02 *
 *                                                  *
 *              Br( H -> b bbar)  =   0.48164       *
 *              Br( H -> tau tau) =   0.06056       *
 *              Br( H -> W W)     =   0.00000       *
 *              Br( H -> Z Z)     =   0.00000       *
 *              Br( H -> gam gam) =   0.00235       *
 *              Br( H -> Z gam)   =   0.00164       *
 ****************************************************
 *                                                  *
 * Note: branching ratios reported here can be > 1  *
 *       since the total Higgs width is calculated  *
 *       at NLO but the BR calculation uses a       *
 *       partial width at LO only.                  *
 *                                                  *
 ****************************************************

 WARNING: Higgs decay H->ZZ is below threshold and
 may not yield sensible results - check the number
 of integration points

 ***************** CKM mixing matrix ****************
 *                                                  *
 *      Vud=.97500    Vus=.22200    Vub=0.0000      *
 *      Vcd=.22200    Vcs=.97500    Vcb=0.0000      *
 ****************************************************

 ************* Strong coupling, alpha_s  ************
 *                                                  *
 *       alpha_s (scale)  0.14874512                *
 *       alpha_s (zmass)  0.13939000                *
 *         (using 1-loop running of alpha_s)        *
 ****************************************************

 ****************************************
 *     Cross section in femtobarns      *
 ****************************************


 input parameters for vegas:  ndim= 10  ncall= 472392.
                              it=    0  itmx=   20
                              nprn=  0  alph= 1.50
                              mds=  1   nd= 100
                              xl( 1)=   0.000     xu( 1)=   1.000    
                              xl( 2)=   0.000     xu( 2)=   1.000    
                              xl( 3)=   0.000     xu( 3)=   1.000    
                              xl( 4)=   0.000     xu( 4)=   1.000    
                              xl( 5)=   0.000     xu( 5)=   1.000    
                              xl( 6)=   0.000     xu( 6)=   1.000    
                              xl( 7)=   0.000     xu( 7)=   1.000    
                              xl( 8)=   0.000     xu( 8)=   1.000    
                              xl( 9)=   0.000     xu( 9)=   1.000    
                              xl(10)=   0.000     xu(10)=   1.000    

 ****************** Basic mass cuts *****************
 *                                                  *
 *              0.00  <   m34  <  14000.00           *
 *              0.00  <   m56  <  14000.00           *
 ****************************************************
 *********** CMS Higgs Search cuts******
 *                                     *
 *     pt(mu) >           5.00 GeV     *
 *     pt(el) >           7.00 GeV     *
 *     |eta_mu| <         2.40         *
 *     |eta_el| <         2.50         *
 *     m4lmin >         100.00 GeV     *
 *     m2lmin >           4.00 GeV     *
 *     ptleading >       20.00 GeV     *
 *     ptnexttoleading > 10.00 GeV     *
 *     mllnear >         40.00 GeV     *
 *     mllfar >          12.00 GeV     *
 *     mllmax >         120.00 GeV     *
 ***************************************
 ====================================================
   This is QCDLoop - version 1.95                    
   Authors: Keith Ellis and Giulia Zanderighi        
   (ellis@fnal.gov, g.zanderighi1@physics.ox.ac.uk)  
   For details see FERMILAB-PUB-07-633-T,OUTP-07/16P 
   arXiv:0712.1851 [hep-ph], published in            
   JHEP 0802:002,2008.                               
 ====================================================
 ====================================================
   FF 2.0, a package to evaluate one-loop integrals
 written by G. J. van Oldenborgh, NIKHEF-H, Amsterdam
 ====================================================
 for the algorithms used see preprint NIKHEF-H 89/17,
 'New Algorithms for One-loop Integrals', by G.J. van
 Oldenborgh and J.A.M. Vermaseren, published in 
 Zeitschrift fuer Physik C46(1990)425.
 ====================================================
 ffini: precx =    4.4408920985006262E-016
 ffini: precc =    4.4408920985006262E-016
 ffini: xalogm =    4.9406564584124654E-324
 ffini: xclogm =    4.9406564584124654E-324
 ****************************************************
 *                                                  *
 *  gg->ZZ box loop includes gens. 1 and 2          *
 *  gg->ZZ box loop includes bottom quark           *
 *  gg->ZZ box loop includes top quark              *
 *                                                  *
 *  Numer. stability: pt(Z) > 0.100 GeV (gens. 1,2) *
 *  Numer. stability: pt(Z) > 0.100 GeV (b,t loops) *
 *                                                  *
 ****************************************************
 Reading PDF grid from Pdfdata/mstw2008lo.00.dat

************* Integration by Vegas (iteration   1) **************
*                                                               *
*  integral  = 0.78820071E-01   accum. integral = 0.78820071E-01*
*  std. dev. = 0.72148871E-01   accum. std. dev = 0.72148871E-01*
*   max. wt. =   0.489875E-01                                   *
*                                                               *
**************   chi**2/iteration =  0.000       ****************


************* Integration by Vegas (iteration   2) **************
*                                                               *
*  integral  = 0.40957113       accum. integral = 0.15483149    *
*  std. dev. = 0.13208041       accum. std. dev = 0.63318000E-01*
*   max. wt. =   0.117059                                       *
*                                                               *
**************   chi**2/iteration =  4.782       ****************


************* Integration by Vegas (iteration   3) **************
*                                                               *
*  integral  = 0.45796521       accum. integral = 0.40271464    *
*  std. dev. = 0.29893176E-01   accum. std. dev = 0.27032016E-01*
*   max. wt. =   0.117059                                       *
*                                                               *
**************   chi**2/iteration =  11.73       ****************


************* Integration by Vegas (iteration   4) **************
*                                                               *
*  integral  = 0.43265086       accum. integral = 0.43120400    *
*  std. dev. = 0.60918610E-02   accum. std. dev = 0.59428240E-02*
*   max. wt. =   0.117059                                       *
*                                                               *
**************   chi**2/iteration =  8.219       ****************


************* Integration by Vegas (iteration   5) **************
*                                                               *
*  integral  = 0.44069967       accum. integral = 0.43937366    *
*  std. dev. = 0.23942196E-02   accum. std. dev = 0.22207681E-02*
*   max. wt. =   0.117059                                       *
*                                                               *
**************   chi**2/iteration =  6.717       ****************


************* Integration by Vegas (iteration   6) **************
*                                                               *
*  integral  = 0.43795596       accum. integral = 0.43851617    *
*  std. dev. = 0.17949897E-02   accum. std. dev = 0.13959992E-02*
*   max. wt. =   0.117059                                       *
*                                                               *
**************   chi**2/iteration =  5.426       ****************


************* Integration by Vegas (iteration   7) **************
*                                                               *
*  integral  = 0.43967770       accum. integral = 0.43899259    *
*  std. dev. = 0.16740578E-02   accum. std. dev = 0.10721367E-02*
*   max. wt. =   0.117059                                       *
*                                                               *
**************   chi**2/iteration =  4.570       ****************


************* Integration by Vegas (iteration   8) **************
*                                                               *
*  integral  = 0.44008207       accum. integral = 0.43930809    *
*  std. dev. = 0.16792372E-02   accum. std. dev = 0.90365871E-03*
*   max. wt. =   0.117059                                       *
*                                                               *
**************   chi**2/iteration =  3.961       ****************


************* Integration by Vegas (iteration   9) **************
*                                                               *
*  integral  = 0.43990768       accum. integral = 0.43944454    *
*  std. dev. = 0.16648255E-02   accum. std. dev = 0.79420430E-03*
*   max. wt. =   0.117059                                       *
*                                                               *
**************   chi**2/iteration =  3.479       ****************


************* Integration by Vegas (iteration  10) **************
*                                                               *
*  integral  = 0.44160304       accum. integral = 0.43985940    *
*  std. dev. = 0.16282192E-02   accum. std. dev = 0.71381423E-03*
*   max. wt. =   0.117059                                       *
*                                                               *
**************   chi**2/iteration =  3.250       ****************


************* Integration by Vegas (iteration  11) **************
*                                                               *
*  integral  = 0.43987905       accum. integral = 0.43986266    *
*  std. dev. = 0.16007643E-02   accum. std. dev = 0.65193396E-03*
*   max. wt. =   0.117059                                       *
*                                                               *
**************   chi**2/iteration =  2.926       ****************


************* Integration by Vegas (iteration  12) **************
*                                                               *
*  integral  = 0.43919559       accum. integral = 0.43976979    *
*  std. dev. = 0.16211176E-02   accum. std. dev = 0.60485582E-03*
*   max. wt. =   0.117059                                       *
*                                                               *
**************   chi**2/iteration =  2.673       ****************


************* Integration by Vegas (iteration  13) **************
*                                                               *
*  integral  = 0.43937431       accum. integral = 0.43972146    *
*  std. dev. = 0.16209682E-02   accum. std. dev = 0.56668905E-03*
*   max. wt. =   0.117059                                       *
*                                                               *
**************   chi**2/iteration =  2.455       ****************


************* Integration by Vegas (iteration  14) **************
*                                                               *
*  integral  = 0.43861956       accum. integral = 0.43960185    *
*  std. dev. = 0.16239624E-02   accum. std. dev = 0.53504838E-03*
*   max. wt. =   0.117059                                       *
*                                                               *
**************   chi**2/iteration =  2.298       ****************


************* Integration by Vegas (iteration  15) **************
*                                                               *
*  integral  = 0.43742200       accum. integral = 0.43938418    *
*  std. dev. = 0.16064439E-02   accum. std. dev = 0.50763248E-03*
*   max. wt. =   0.117059                                       *
*                                                               *
**************   chi**2/iteration =  2.252       ****************


************* Integration by Vegas (iteration  16) **************
*                                                               *
*  integral  = 0.43765272       accum. integral = 0.43922820    *
*  std. dev. = 0.16133306E-02   accum. std. dev = 0.48422789E-03*
*   max. wt. =   0.117059                                       *
*                                                               *
**************   chi**2/iteration =  2.172       ****************


************* Integration by Vegas (iteration  17) **************
*                                                               *
*  integral  = 0.43896683       accum. integral = 0.43920654    *
*  std. dev. = 0.16106763E-02   accum. std. dev = 0.46372490E-03*
*   max. wt. =   0.117059                                       *
*                                                               *
**************   chi**2/iteration =  2.038       ****************


************* Integration by Vegas (iteration  18) **************
*                                                               *
*  integral  = 0.44109145       accum. integral = 0.43934085    *
*  std. dev. = 0.16741221E-02   accum. std. dev = 0.44689724E-03*
*   max. wt. =   0.117059                                       *
*                                                               *
**************   chi**2/iteration =  1.987       ****************


************* Integration by Vegas (iteration  19) **************
*                                                               *
*  integral  = 0.43860866       accum. integral = 0.43929131    *
*  std. dev. = 0.16589457E-02   accum. std. dev = 0.43151417E-03*
*   max. wt. =   0.117059                                       *
*                                                               *
**************   chi**2/iteration =  1.887       ****************


************* Integration by Vegas (iteration  20) **************
*                                                               *
*  integral  = 0.43853302       accum. integral = 0.43924294    *
*  std. dev. = 0.16531055E-02   accum. std. dev = 0.41752395E-03*
*   max. wt. =   0.117059                                       *
*                                                               *
**************   chi**2/iteration =  1.798       ****************


 input parameters for vegas:  ndim= 10  ncall= 472392.
                              it=   21  itmx=   50
                              nprn=  0  alph= 1.50
                              mds=  1   nd= 100
                              xl( 1)=   0.000     xu( 1)=   1.000    
                              xl( 2)=   0.000     xu( 2)=   1.000    
                              xl( 3)=   0.000     xu( 3)=   1.000    
                              xl( 4)=   0.000     xu( 4)=   1.000    
                              xl( 5)=   0.000     xu( 5)=   1.000    
                              xl( 6)=   0.000     xu( 6)=   1.000    
                              xl( 7)=   0.000     xu( 7)=   1.000    
                              xl( 8)=   0.000     xu( 8)=   1.000    
                              xl( 9)=   0.000     xu( 9)=   1.000    
                              xl(10)=   0.000     xu(10)=   1.000    

************* Integration by Vegas (iteration   1) **************
*                                                               *
*  integral  = 0.43752675       accum. integral = 0.43752675    *
*  std. dev. = 0.16332219E-02   accum. std. dev = 0.16332219E-02*
*   max. wt. =   0.977911E-04                                   *
*                                                               *
**************   chi**2/iteration = 0.1455E-08   ****************

 Writing out intermediate results for iteration           1

************* Integration by Vegas (iteration   2) **************
*                                                               *
*  integral  = 0.44042242       accum. integral = 0.43897991    *
*  std. dev. = 0.16272253E-02   accum. std. dev = 0.11527363E-02*
*   max. wt. =   0.977911E-04                                   *
*                                                               *
**************   chi**2/iteration =  1.562       ****************

 Writing out intermediate results for iteration           2

************* Integration by Vegas (iteration   3) **************
*                                                               *
*  integral  = 0.44133511       accum. integral = 0.43975385    *
*  std. dev. = 0.16476907E-02   accum. std. dev = 0.94453262E-03*
*   max. wt. =   0.977911E-04                                   *
*                                                               *
**************   chi**2/iteration =  1.467       ****************

 Writing out intermediate results for iteration           3

************* Integration by Vegas (iteration   4) **************
*                                                               *
*  integral  = 0.43855142       accum. integral = 0.43945775    *
*  std. dev. = 0.16524812E-02   accum. std. dev = 0.82002889E-03*
*   max. wt. =   0.977911E-04                                   *
*                                                               *
**************   chi**2/iteration =  1.112       ****************

 Writing out intermediate results for iteration           4

************* Integration by Vegas (iteration   5) **************
*                                                               *
*  integral  = 0.44095788       accum. integral = 0.43975259    *
*  std. dev. = 0.16579851E-02   accum. std. dev = 0.73503880E-03*
*   max. wt. =   0.977911E-04                                   *
*                                                               *
**************   chi**2/iteration = 0.9990       ****************

 Writing out intermediate results for iteration           5

************* Integration by Vegas (iteration   6) **************
*                                                               *
*  integral  = 0.44146935       accum. integral = 0.44002903    *
*  std. dev. = 0.16778051E-02   accum. std. dev = 0.67326389E-03*
*   max. wt. =   0.104766E-03                                   *
*                                                               *
**************   chi**2/iteration = 0.9749       ****************

 Writing out intermediate results for iteration           6

************* Integration by Vegas (iteration   7) **************
*                                                               *
*  integral  = 0.44141786       accum. integral = 0.44021849    *
*  std. dev. = 0.16939410E-02   accum. std. dev = 0.62565757E-03*
*   max. wt. =   0.104766E-03                                   *
*                                                               *
**************   chi**2/iteration = 0.9093       ****************

 Writing out intermediate results for iteration           7

************* Integration by Vegas (iteration   8) **************
*                                                               *
*  integral  = 0.44146037       accum. integral = 0.44036733    *
*  std. dev. = 0.16954689E-02   accum. std. dev = 0.58696784E-03*
*   max. wt. =   0.104766E-03                                   *
*                                                               *
**************   chi**2/iteration = 0.8470       ****************

 Writing out intermediate results for iteration           8

************* Integration by Vegas (iteration   9) **************
*                                                               *
*  integral  = 0.44098626       accum. integral = 0.44043217    *
*  std. dev. = 0.17158638E-02   accum. std. dev = 0.55537162E-03*
*   max. wt. =   0.192103E-03                                   *
*                                                               *
**************   chi**2/iteration = 0.7558       ****************

 Writing out intermediate results for iteration           9

************* Integration by Vegas (iteration  10) **************
*                                                               *
*  integral  = 0.44097966       accum. integral = 0.44048416    *
*  std. dev. = 0.17145922E-02   accum. std. dev = 0.52834653E-03*
*   max. wt. =   0.192103E-03                                   *
*                                                               *
**************   chi**2/iteration = 0.6821       ****************

 Writing out intermediate results for iteration          10

************* Integration by Vegas (iteration  11) **************
*                                                               *
*  integral  = 0.43899578       accum. integral = 0.44035788    *
*  std. dev. = 0.17351962E-02   accum. std. dev = 0.50543558E-03*
*   max. wt. =   0.192103E-03                                   *
*                                                               *
**************   chi**2/iteration = 0.6812       ****************

 Writing out intermediate results for iteration          11

************* Integration by Vegas (iteration  12) **************
*                                                               *
*  integral  = 0.43874996       accum. integral = 0.44023009    *
*  std. dev. = 0.17201773E-02   accum. std. dev = 0.48493551E-03*
*   max. wt. =   0.192103E-03                                   *
*                                                               *
**************   chi**2/iteration = 0.6924       ****************

 Writing out intermediate results for iteration          12

************* Integration by Vegas (iteration  13) **************
*                                                               *
*  integral  = 0.43859805       accum. integral = 0.44010996    *
*  std. dev. = 0.17203385E-02   accum. std. dev = 0.46674645E-03*
*   max. wt. =   0.192103E-03                                   *
*                                                               *
**************   chi**2/iteration = 0.7042       ****************

 Writing out intermediate results for iteration          13

************* Integration by Vegas (iteration  14) **************
*                                                               *
*  integral  = 0.43901200       accum. integral = 0.44003570    *
*  std. dev. = 0.17329978E-02   accum. std. dev = 0.45068662E-03*
*   max. wt. =   0.192103E-03                                   *
*                                                               *
**************   chi**2/iteration = 0.6788       ****************

 Writing out intermediate results for iteration          14

************* Integration by Vegas (iteration  15) **************
*                                                               *
*  integral  = 0.43962490       accum. integral = 0.44000970    *
*  std. dev. = 0.17339109E-02   accum. std. dev = 0.43619263E-03*
*   max. wt. =   0.192103E-03                                   *
*                                                               *
**************   chi**2/iteration = 0.6341       ****************

 Writing out intermediate results for iteration          15

************* Integration by Vegas (iteration  16) **************
*                                                               *
*  integral  = 0.44245341       accum. integral = 0.44015926    *
*  std. dev. = 0.17084084E-02   accum. std. dev = 0.42263457E-03*
*   max. wt. =   0.192103E-03                                   *
*                                                               *
**************   chi**2/iteration = 0.7199       ****************

 Writing out intermediate results for iteration          16

************* Integration by Vegas (iteration  17) **************
*                                                               *
*  integral  = 0.44044116       accum. integral = 0.44017455    *
*  std. dev. = 0.17646447E-02   accum. std. dev = 0.41101097E-03*
*   max. wt. =   0.216560E-03                                   *
*                                                               *
**************   chi**2/iteration = 0.6764       ****************

 Writing out intermediate results for iteration          17

************* Integration by Vegas (iteration  18) **************
*                                                               *
*  integral  = 0.44249876       accum. integral = 0.44029488    *
*  std. dev. = 0.17589600E-02   accum. std. dev = 0.40022984E-03*
*   max. wt. =   0.216560E-03                                   *
*                                                               *
**************   chi**2/iteration = 0.7340       ****************

 Writing out intermediate results for iteration          18

************* Integration by Vegas (iteration  19) **************
*                                                               *
*  integral  = 0.43806907       accum. integral = 0.44018599    *
*  std. dev. = 0.17646424E-02   accum. std. dev = 0.39031668E-03*
*   max. wt. =   0.216560E-03                                   *
*                                                               *
**************   chi**2/iteration = 0.7772       ****************

 Writing out intermediate results for iteration          19

************* Integration by Vegas (iteration  20) **************
*                                                               *
*  integral  = 0.43859590       accum. integral = 0.44011246    *
*  std. dev. = 0.17726826E-02   accum. std. dev = 0.38118588E-03*
*   max. wt. =   0.216560E-03                                   *
*                                                               *
**************   chi**2/iteration = 0.7767       ****************

 Writing out intermediate results for iteration          20

************* Integration by Vegas (iteration  21) **************
*                                                               *
*  integral  = 0.44073761       accum. integral = 0.44014046    *
*  std. dev. = 0.17603885E-02   accum. std. dev = 0.37255193E-03*
*   max. wt. =   0.216560E-03                                   *
*                                                               *
**************   chi**2/iteration = 0.7439       ****************

 Writing out intermediate results for iteration          21

************* Integration by Vegas (iteration  22) **************
*                                                               *
*  integral  = 0.43945444       accum. integral = 0.44011186    *
*  std. dev. = 0.17860809E-02   accum. std. dev = 0.36470261E-03*
*   max. wt. =   0.216560E-03                                   *
*                                                               *
**************   chi**2/iteration = 0.7152       ****************

 Writing out intermediate results for iteration          22

************* Integration by Vegas (iteration  23) **************
*                                                               *
*  integral  = 0.43925989       accum. integral = 0.44007726    *
*  std. dev. = 0.17727091E-02   accum. std. dev = 0.35722116E-03*
*   max. wt. =   0.216560E-03                                   *
*                                                               *
**************   chi**2/iteration = 0.6928       ****************

 Writing out intermediate results for iteration          23

************* Integration by Vegas (iteration  24) **************
*                                                               *
*  integral  = 0.43788872       accum. integral = 0.43999075    *
*  std. dev. = 0.17608749E-02   accum. std. dev = 0.35008991E-03*
*   max. wt. =   0.216560E-03                                   *
*                                                               *
**************   chi**2/iteration = 0.7272       ****************

 Writing out intermediate results for iteration          24

************* Integration by Vegas (iteration  25) **************
*                                                               *
*  integral  = 0.43983495       accum. integral = 0.43998505    *
*  std. dev. = 0.17956449E-02   accum. std. dev = 0.34362001E-03*
*   max. wt. =   0.216560E-03                                   *
*                                                               *
**************   chi**2/iteration = 0.6972       ****************

 Writing out intermediate results for iteration          25

************* Integration by Vegas (iteration  26) **************
*                                                               *
*  integral  = 0.43763554       accum. integral = 0.43990375    *
*  std. dev. = 0.18149845E-02   accum. std. dev = 0.33762249E-03*
*   max. wt. =   0.216560E-03                                   *
*                                                               *
**************   chi**2/iteration = 0.7340       ****************

 Writing out intermediate results for iteration          26

************* Integration by Vegas (iteration  27) **************
*                                                               *
*  integral  = 0.44057094       accum. integral = 0.43992654    *
*  std. dev. = 0.17952021E-02   accum. std. dev = 0.33180548E-03*
*   max. wt. =   0.216560E-03                                   *
*                                                               *
**************   chi**2/iteration = 0.7109       ****************

 Writing out intermediate results for iteration          27

************* Integration by Vegas (iteration  28) **************
*                                                               *
*  integral  = 0.43837333       accum. integral = 0.43987627    *
*  std. dev. = 0.18142811E-02   accum. std. dev = 0.32639195E-03*
*   max. wt. =   0.216560E-03                                   *
*                                                               *
**************   chi**2/iteration = 0.7108       ****************

 Writing out intermediate results for iteration          28

************* Integration by Vegas (iteration  29) **************
*                                                               *
*  integral  = 0.43817311       accum. integral = 0.43982043    *
*  std. dev. = 0.17728036E-02   accum. std. dev = 0.32099692E-03*
*   max. wt. =   0.216560E-03                                   *
*                                                               *
**************   chi**2/iteration = 0.7173       ****************

 Writing out intermediate results for iteration          29

************* Integration by Vegas (iteration  30) **************
*                                                               *
*  integral  = 0.43920475       accum. integral = 0.43980158    *
*  std. dev. = 0.18059331E-02   accum. std. dev = 0.31604327E-03*
*   max. wt. =   0.216560E-03                                   *
*                                                               *
**************   chi**2/iteration = 0.6965       ****************

 Writing out intermediate results for iteration          30

************* Integration by Vegas (iteration  31) **************
*                                                               *
*  integral  = 0.44229156       accum. integral = 0.43987599    *
*  std. dev. = 0.18006193E-02   accum. std. dev = 0.31128477E-03*
*   max. wt. =   0.216560E-03                                   *
*                                                               *
**************   chi**2/iteration = 0.7351       ****************

 Writing out intermediate results for iteration          31

************* Integration by Vegas (iteration  32) **************
*                                                               *
*  integral  = 0.44502241       accum. integral = 0.44001962    *
*  std. dev. = 0.18371784E-02   accum. std. dev = 0.30691045E-03*
*   max. wt. =   0.216560E-03                                   *
*                                                               *
**************   chi**2/iteration = 0.9574       ****************

 Writing out intermediate results for iteration          32

************* Integration by Vegas (iteration  33) **************
*                                                               *
*  integral  = 0.43909334       accum. integral = 0.43999413    *
*  std. dev. = 0.18245323E-02   accum. std. dev = 0.30265836E-03*
*   max. wt. =   0.216560E-03                                   *
*                                                               *
**************   chi**2/iteration = 0.9353       ****************

 Writing out intermediate results for iteration          33

************* Integration by Vegas (iteration  34) **************
*                                                               *
*  integral  = 0.43657857       accum. integral = 0.43990251    *
*  std. dev. = 0.18230189E-02   accum. std. dev = 0.29857159E-03*
*   max. wt. =   0.216560E-03                                   *
*                                                               *
**************   chi**2/iteration =  1.010       ****************

 Writing out intermediate results for iteration          34

************* Integration by Vegas (iteration  35) **************
*                                                               *
*  integral  = 0.43793064       accum. integral = 0.43985013    *
*  std. dev. = 0.18074071E-02   accum. std. dev = 0.29457928E-03*
*   max. wt. =   0.216560E-03                                   *
*                                                               *
**************   chi**2/iteration =  1.015       ****************

 Writing out intermediate results for iteration          35

************* Integration by Vegas (iteration  36) **************
*                                                               *
*  integral  = 0.43911402       accum. integral = 0.43983197    *
*  std. dev. = 0.18523438E-02   accum. std. dev = 0.29092342E-03*
*   max. wt. =   0.216560E-03                                   *
*                                                               *
**************   chi**2/iteration = 0.9902       ****************

 Writing out intermediate results for iteration          36

************* Integration by Vegas (iteration  37) **************
*                                                               *
*  integral  = 0.43846761       accum. integral = 0.43979818    *
*  std. dev. = 0.18254424E-02   accum. std. dev = 0.28729773E-03*
*   max. wt. =   0.216560E-03                                   *
*                                                               *
**************   chi**2/iteration = 0.9779       ****************

 Writing out intermediate results for iteration          37

************* Integration by Vegas (iteration  38) **************
*                                                               *
*  integral  = 0.43990787       accum. integral = 0.43980075    *
*  std. dev. = 0.18525785E-02   accum. std. dev = 0.28390409E-03*
*   max. wt. =   0.216560E-03                                   *
*                                                               *
**************   chi**2/iteration = 0.9515       ****************

 Writing out intermediate results for iteration          38

************* Integration by Vegas (iteration  39) **************
*                                                               *
*  integral  = 0.44061034       accum. integral = 0.43981919    *
*  std. dev. = 0.18597779E-02   accum. std. dev = 0.28065283E-03*
*   max. wt. =   0.216560E-03                                   *
*                                                               *
**************   chi**2/iteration = 0.9314       ****************

 Writing out intermediate results for iteration          39

************* Integration by Vegas (iteration  40) **************
*                                                               *
*  integral  = 0.43853259       accum. integral = 0.43979021    *
*  std. dev. = 0.18487287E-02   accum. std. dev = 0.27747373E-03*
*   max. wt. =   0.216560E-03                                   *
*                                                               *
**************   chi**2/iteration = 0.9196       ****************

 Writing out intermediate results for iteration          40

************* Integration by Vegas (iteration  41) **************
*                                                               *
*  integral  = 0.43943603       accum. integral = 0.43978245    *
*  std. dev. = 0.18538416E-02   accum. std. dev = 0.27441693E-03*
*   max. wt. =   0.216560E-03                                   *
*                                                               *
**************   chi**2/iteration = 0.8975       ****************

 Writing out intermediate results for iteration          41

************* Integration by Vegas (iteration  42) **************
*                                                               *
*  integral  = 0.43852390       accum. integral = 0.43975531    *
*  std. dev. = 0.18485019E-02   accum. std. dev = 0.27144214E-03*
*   max. wt. =   0.216560E-03                                   *
*                                                               *
**************   chi**2/iteration = 0.8867       ****************

 Writing out intermediate results for iteration          42

************* Integration by Vegas (iteration  43) **************
*                                                               *
*  integral  = 0.44055029       accum. integral = 0.43977177    *
*  std. dev. = 0.18665176E-02   accum. std. dev = 0.26861652E-03*
*   max. wt. =   0.216560E-03                                   *
*                                                               *
**************   chi**2/iteration = 0.8698       ****************

 Writing out intermediate results for iteration          43

************* Integration by Vegas (iteration  44) **************
*                                                               *
*  integral  = 0.44307247       accum. integral = 0.43983872    *
*  std. dev. = 0.18669028E-02   accum. std. dev = 0.26587845E-03*
*   max. wt. =   0.216560E-03                                   *
*                                                               *
**************   chi**2/iteration = 0.9208       ****************

 Writing out intermediate results for iteration          44

************* Integration by Vegas (iteration  45) **************
*                                                               *
*  integral  = 0.44020346       accum. integral = 0.43984609    *
*  std. dev. = 0.18514194E-02   accum. std. dev = 0.26317850E-03*
*   max. wt. =   0.216560E-03                                   *
*                                                               *
**************   chi**2/iteration = 0.9008       ****************

 Writing out intermediate results for iteration          45

************* Integration by Vegas (iteration  46) **************
*                                                               *
*  integral  = 0.43661448       accum. integral = 0.43978545    *
*  std. dev. = 0.19031688E-02   accum. std. dev = 0.26069770E-03*
*   max. wt. =   0.216560E-03                                   *
*                                                               *
**************   chi**2/iteration = 0.9436       ****************

 Writing out intermediate results for iteration          46

************* Integration by Vegas (iteration  47) **************
*                                                               *
*  integral  = 0.44267415       accum. integral = 0.43983982    *
*  std. dev. = 0.18822858E-02   accum. std. dev = 0.25823270E-03*
*   max. wt. =   0.216560E-03                                   *
*                                                               *
**************   chi**2/iteration = 0.9733       ****************

 Writing out intermediate results for iteration          47

************* Integration by Vegas (iteration  48) **************
*                                                               *
*  integral  = 0.44196917       accum. integral = 0.43987961    *
*  std. dev. = 0.18714114E-02   accum. std. dev = 0.25580879E-03*
*   max. wt. =   0.216560E-03                                   *
*                                                               *
**************   chi**2/iteration = 0.9796       ****************

 Writing out intermediate results for iteration          48

************* Integration by Vegas (iteration  49) **************
*                                                               *
*  integral  = 0.43886343       accum. integral = 0.43986091    *
*  std. dev. = 0.18684982E-02   accum. std. dev = 0.25344462E-03*
*   max. wt. =   0.216560E-03                                   *
*                                                               *
**************   chi**2/iteration = 0.9653       ****************

 Writing out intermediate results for iteration          49

************* Integration by Vegas (iteration  50) **************
*                                                               *
*  integral  = 0.43799906       accum. integral = 0.43982731    *
*  std. dev. = 0.18695645E-02   accum. std. dev = 0.25114741E-03*
*   max. wt. =   0.216560E-03                                   *
*                                                               *
**************   chi**2/iteration = 0.9655       ****************


Value of final lord integral is        0.4398 +/-     0.0003 fb

 Total number of shots       :     23619600
 Total no. failing cuts      :     10057570
 Number failing jet cuts     :            0
 Number failing process cuts :            0

   Jet efficiency : 100.00%
   Cut efficiency : 100.00%
 Total efficiency : 100.00%

 Contribution from parton sub-processes:
 ---------------------------------------
       GG     |           0.43983  100.00%
       GQ     |           0.00000    0.00%
       GQB    |           0.00000    0.00%
       QG     |           0.00000    0.00%
       QBG    |           0.00000    0.00%
       QQ     |           0.00000    0.00%
       QBQB   |           0.00000    0.00%
       QQB    |           0.00000    0.00%
       QBQ    |           0.00000    0.00%
 ---------------------------------------

 ****************************************************
 output files  cluster_CMS_mT/MSTW/TOP/HZZH+i_lord_mstw8lo_63__63__126_130_run_14
 ****************************************************
