 ************** MCFM - version 6.8 ****************
 *                                                *
 * MCFM, v6.8                   April 26th, 2014  *
 *                                                *
 * Authors: John Campbell, Keith Ellis,           *
 *          Ciaran Williams                       *
 *         (johnmc@fnal.gov, ellis@fnal.gov,      *
 *          ciaran@fnal.gov)                      *
 *                                                *
 * For details see:                               *
 *                                                *
 *  arXiv:1403.2641 (Triphoton production)        *
 *  arXiv:1312.1628 (gg->WW, Higgs interference)  *
 *  arXiv:1311.3589 (gg->ZZ, Higgs interference)  *
 *  Phys.Rev.D87:114006, arXiv:1302.3856          *
 *  (tZ, tH -- with R. Rontsch)                   *
 *  arXiv:1211.6390 (DM, P. Fox and C. Williams)  *
 *  JHEP 1211:162 (2012), arXiv:1208.0566         *
 *  (Z+gam+jet,Z+gam+gam -- with H. Hartanto)     *
 *  arXiv:1204.1513 (top production+decay)        *
 *  JHEP 1207:052 (2012), arXiv:1204.5678 (ttW)   *
 *  JHEP 1110:005 (2011), arXiv:1107.5569         *
 *         (gg->WW,Higgs intference)              *
 *  JHEP 1107:018 (2011), arXiv:1105.0020         *
 *         (diboson update)                       *
 *  JHEP 1103:027 (2011), arXiv:1011.6647         *
 *         (Wbb for mb>0, with S. Badger)         *
 *  Phys.Rev.D81:074023, arXiv:1001.4495 (H+2jet) *
 *                                                *
 *  P.R.L. 102:142001, arXiv:0903.0005 [hep-ph]   *
 *    (t-channel single top + explicit b,         *
 *      JC, R.Frederix, F.Maltoni, F.Tramontano)  *
 *  N.P.B 726:109(2005), hep-ph/0506289 (W+t)     *
 *  Phys.Rev.D70:094012, hep-ph/0408158 (Sngl Top)*
 *       (with Francesco Tramontano)              *
 *                                                *
 *  Phys.Rev.D65:113007, hep-ph/0202176 (W,Z+2j)  *
 *  Phys.Rev.D62:114012, hep-ph/0006304 (W,Z+bb)  *
 *  Phys.Rev.D60:113006, hep-ph/9905386 (diboson) *
 *                                                *
 * On the web:  http://mcfm.fnal.gov/             *
 **************************************************

 * Using input file named E_var/E_80/CTEQ/HHTOP/input_129_80.DAT                                  

 * [Flags to specify the mode in which MCFM is run]                                          
 *                   -1            [nevtrequested] 
 *                    F            [creatent] 
 *                    F            [skipnt] 
 *                    F            [dswhisto] 
 *                    F            [creategrid] 
 *                    T            [writetop] 
 *                    T            [writedat] 
 *                    T            [writegnu] 
 *                    T            [writeroot] 
 *                    F            [writepwg] 

 * [General options to specify the process and execution]                                    
 *                  129            [nproc] 
 *                 lord            [part] 
 * 129_run_80                      [runstring] 
 *           80000.0000            [sqrts] 
 *                    1            [ih1] 
 *                    1            [ih2] 
 *             126.0000            [hmass] 
 *               0.5000            [scale] 
 *               0.5000            [facscale] 
 * m(3456)                         [dynamicscale] 
 *                    F            [zerowidth] 
 *                    F            [removebr] 
 *                   20            [itmx1] 
 *               500000            [ncall1] 
 *                   50            [itmx2] 
 *               500000            [ncall2] 
 *                 2020            [ij] 
 *                    F            [dryrun] 
 *                    T            [Qflag] 
 *                    T            [Gflag] 

 * [Heavy quark masses]                                                                      
 *             173.2000            [top mass] 
 *               4.7500            [bottom mass] 
 *               1.5000            [charm mass] 

 * [Pdf selection]                                                                           
 *              cteq6_l            [pdlabel] 
 *                    4            [NGROUP] 
 *                   46            [NSET] 
 * cteq6mE.LHgrid                  [LHAPDF group] 
 *                   -1            [LHAPDF set] 

 * [Jet definition and event cuts]                                                           
 *               0.0000            [m34min] 
 *           80000.0000            [m34max] 
 *               0.0000            [m56min] 
 *           80000.0000            [m56max] 
 *                    T            [inclusive] 
 *                 ankt            [algorithm] 
 *              15.0000            [ptjetmin] 
 *               0.0000            [etajetmin] 
 *               5.0000            [etajetmax] 
 *               0.5000            [Rcut] 
 *                    T            [makecuts] 
 *               0.0000            [leptpt] 
 *              99.0000            [leptrap] 
 *    0.000,   0.000                [leptveto] 
 *               0.0000            [misspt] 
 *               0.0000            [leptpt2] 
 *              99.0000            [leptrap2] 
 *    0.000,   0.000                [leptveto2] 
 *               0.0000            [mtrans34cut] 
 *               0.0000            [Rjlmin] 
 *               0.0000            [Rllmin] 
 *               0.0000            [delyjjmin] 
 *                    F            [jetsopphem] 
 *                    0            [lbjscheme] 
 *               0.0000            [ptbjetmin] 
 *              99.0000            [etabjetmax] 

 * [Settings for photon processes]                                                           
 *                    F            [frag] 
 *             GdRG__LO            [fragset] 
 *              80.0000            [frag_scale] 
 *              20.0000            [gammpt] 
 *               2.5000            [gammrap] 
 *              20.0000            [gammpt2] 
 *              20.0000            [gammpt3] 
 *               0.0000            [Rgalmin] 
 *               0.4000            [Rgagamin] 
 *               0.4000            [Rgajetmin] 
 *               0.4000            [cone_ang] 
 *               0.5000            [epsilon_h] 

 * [Anomalous couplings of the W and Z]                                                      
 *               0.0000            [delg1_z] 
 *               0.0000            [delk_z] 
 *               0.0000            [delk_g] 
 *               0.0000            [lambda_z] 
 *               0.0000            [lambda_g] 
 *               0.0000            [h1Z] 
 *               0.0000            [h1gam] 
 *               0.0000            [h2Z] 
 *               0.0000            [h2gam] 
 *               0.0000            [h3Z] 
 *               0.0000            [h3gam] 
 *               0.0000            [h4Z] 
 *               0.0000            [h4gam] 
 *               2.0000            [tevscale] 

 * [Anomalous width of the Higgs]                                                            
 *               1.0000            [Gamma_H/Gamma_H(SM)] 

 * [How to resume/save a run]                                                                
 *                    F            [readin] 
 *                    F            [writeout] 
 *                                 [ingridfile] 
 *                                 [outgridfile] 

 * [Technical parameters that should not normally be changed]

 *                    F            [debug] 
 *                    T            [verbose] 
 *                    F            [new_pspace] 
 *                    F            [virtonly] 
 *                    F            [realonly] 
 *                    T            [spira] 
 *                    F            [noglue] 
 *                    F            [ggonly] 
 *                    F            [gqonly] 
 *                    F            [omitgg] 
 *                    F            [vanillafiles] 
 *                    1            [nmin] 
 *                    2            [nmax] 
 *                    T            [clustering] 
 *                    F            [realwt] 
 *                    0            [colourchoice] 
 *               0.0100            [rtsmin] 
 *               0.0001            [cutoff] 
 *               0.1000            [aii] 
 *               0.1000            [aif] 
 *               0.1000            [afi] 
 *               1.0000            [aff] 
 *               1.0000            [bfi] 
 *               1.0000            [bff] 

 Chooser:process chosen by nproc=         129

 *************************** f(p1)+f(p2) --> ******************************************
 * H(--> Z^0(e^-(p3)+e^+(p4)) + Z^0(mu^-(p5)+mu^+(p6)) [only H, gg->ZZ intf.]         *
 **************************************************************************************

 ************** Electroweak parameters **************
 *                                                  *
 *  zmass(+)   91.1876000     wmass(+)  80.3980000  *
 * zwidth(+)    2.4952000    wwidth(+)   2.1054000  *
 *     Gf(+) 0.116639D-04   1/aemmz    132.3384323  *
 *     xw       0.2226459      mtop(+) 173.2000000  *
 *   gwsq       0.4264904       esq      0.0949563  *
 * top width    1.4743080 (LO)                      *
 *    mb        4.7500000        mc      1.5000000  *
 *                                                  *
 * Parameters marked (+) are input, others derived  *
 ****************************************************

 ****************** Higgs parameters ****************
 *                                                  *
 *   mass(H) =  126.00      width(H) =  0.43070E-02 *
 *                                                  *
 *              Br( H -> b bbar)  =   0.56954       *
 *              Br( H -> tau tau) =   0.06056       *
 *              Br( H -> W W)     =   0.00000       *
 *              Br( H -> Z Z)     =   0.00000       *
 *              Br( H -> gam gam) =   0.00235       *
 *              Br( H -> Z gam)   =   0.00164       *
 ****************************************************
 *                                                  *
 * Note: branching ratios reported here can be > 1  *
 *       since the total Higgs width is calculated  *
 *       at NLO but the BR calculation uses a       *
 *       partial width at LO only.                  *
 *                                                  *
 ****************************************************

 WARNING: Higgs decay H->ZZ is below threshold and
 may not yield sensible results - check the number
 of integration points

 ***************** CKM mixing matrix ****************
 *                                                  *
 *      Vud=.97500    Vus=.22200    Vub=0.0000      *
 *      Vcd=.22200    Vcs=.97500    Vcb=0.0000      *
 ****************************************************

 ************* Strong coupling, alpha_s  ************
 *                                                  *
 *  Dynamic scale - alpha_s changed event-by-event  *
 *       alpha_s (zmass)  0.11800000                *
 *         (using 1-loop running of alpha_s)        *
 ****************************************************

 ****************************************
 *     Cross section in femtobarns      *
 ****************************************


 input parameters for vegas:  ndim= 10  ncall= 472392.
                              it=    0  itmx=   20
                              nprn=  0  alph= 1.50
                              mds=  1   nd= 100
                              xl( 1)=   0.000     xu( 1)=   1.000    
                              xl( 2)=   0.000     xu( 2)=   1.000    
                              xl( 3)=   0.000     xu( 3)=   1.000    
                              xl( 4)=   0.000     xu( 4)=   1.000    
                              xl( 5)=   0.000     xu( 5)=   1.000    
                              xl( 6)=   0.000     xu( 6)=   1.000    
                              xl( 7)=   0.000     xu( 7)=   1.000    
                              xl( 8)=   0.000     xu( 8)=   1.000    
                              xl( 9)=   0.000     xu( 9)=   1.000    
                              xl(10)=   0.000     xu(10)=   1.000    

 ****************** Basic mass cuts *****************
 *                                                  *
 *              0.00  <   m34  <  80000.00           *
 *              0.00  <   m56  <  80000.00           *
 ****************************************************
 *********** CMS Higgs Search cuts******
 *                                     *
 *     pt(mu) >           5.00 GeV     *
 *     pt(el) >           7.00 GeV     *
 *     |eta_mu| <         2.40         *
 *     |eta_el| <         2.50         *
 *     m4lmin >         100.00 GeV     *
 *     m2lmin >           4.00 GeV     *
 *     ptleading >       20.00 GeV     *
 *     ptnexttoleading > 10.00 GeV     *
 *     mllnear >         40.00 GeV     *
 *     mllfar >          12.00 GeV     *
 *     mllmax >         120.00 GeV     *
 ***************************************

 ************** Dynamic scale choice ****************
 *                                                  *
 *                 RENORMALIZATION                  *
 *       mu_ren  =  0.50 x m(3456)                  *
 *                                                  *
 *                  FACTORIZATION                   *
 *       mu_fac  =  0.50 x m(3456)                  *
 *                                                  *
 ****************************************************
 ====================================================
   This is QCDLoop - version 1.95                    
   Authors: Keith Ellis and Giulia Zanderighi        
   (ellis@fnal.gov, g.zanderighi1@physics.ox.ac.uk)  
   For details see FERMILAB-PUB-07-633-T,OUTP-07/16P 
   arXiv:0712.1851 [hep-ph], published in            
   JHEP 0802:002,2008.                               
 ====================================================
 ====================================================
   FF 2.0, a package to evaluate one-loop integrals
 written by G. J. van Oldenborgh, NIKHEF-H, Amsterdam
 ====================================================
 for the algorithms used see preprint NIKHEF-H 89/17,
 'New Algorithms for One-loop Integrals', by G.J. van
 Oldenborgh and J.A.M. Vermaseren, published in 
 Zeitschrift fuer Physik C46(1990)425.
 ====================================================
 ffini: precx =    4.4408920985006262E-016
 ffini: precc =    4.4408920985006262E-016
 ffini: xalogm =    4.9406564584124654E-324
 ffini: xclogm =    4.9406564584124654E-324
 ****************************************************
 *                                                  *
 *  gg->ZZ box loop includes gens. 1 and 2          *
 *  gg->ZZ box loop includes bottom quark           *
 *  gg->ZZ box loop includes top quark              *
 *                                                  *
 *  Numer. stability: pt(Z) > 0.100 GeV (gens. 1,2) *
 *  Numer. stability: pt(Z) > 0.100 GeV (b,t loops) *
 *                                                  *
 ****************************************************

************* Integration by Vegas (iteration   1) **************
*                                                               *
*  integral  = -1.9552101       accum. integral = -1.9552101    *
*  std. dev. = 0.75693184E-01   accum. std. dev = 0.75693184E-01*
*   max. wt. =   0.192445E-01                                   *
*                                                               *
**************   chi**2/iteration =  0.000       ****************


************* Integration by Vegas (iteration   2) **************
*                                                               *
*  integral  = -1.8655708       accum. integral = -1.8678570    *
*  std. dev. = 0.12245612E-01   accum. std. dev = 0.12088441E-01*
*   max. wt. =   0.192445E-01                                   *
*                                                               *
**************   chi**2/iteration =  1.353       ****************


************* Integration by Vegas (iteration   3) **************
*                                                               *
*  integral  = -1.8485311       accum. integral = -1.8524478    *
*  std. dev. = 0.60945053E-02   accum. std. dev = 0.54420062E-02*
*   max. wt. =   0.192445E-01                                   *
*                                                               *
**************   chi**2/iteration =  1.694       ****************


************* Integration by Vegas (iteration   4) **************
*                                                               *
*  integral  = -1.8455174       accum. integral = -1.8493825    *
*  std. dev. = 0.61109066E-02   accum. std. dev = 0.40640726E-02*
*   max. wt. =   0.192445E-01                                   *
*                                                               *
**************   chi**2/iteration =  1.369       ****************


************* Integration by Vegas (iteration   5) **************
*                                                               *
*  integral  = -1.8449739       accum. integral = -1.8479233    *
*  std. dev. = 0.57778982E-02   accum. std. dev = 0.33241271E-02*
*   max. wt. =   0.192445E-01                                   *
*                                                               *
**************   chi**2/iteration =  1.125       ****************


************* Integration by Vegas (iteration   6) **************
*                                                               *
*  integral  = -1.8468181       accum. integral = -1.8476397    *
*  std. dev. = 0.56575590E-02   accum. std. dev = 0.28660306E-02*
*   max. wt. =   0.192445E-01                                   *
*                                                               *
**************   chi**2/iteration = 0.9061       ****************


************* Integration by Vegas (iteration   7) **************
*                                                               *
*  integral  = -1.8544382       accum. integral = -1.8491650    *
*  std. dev. = 0.53288375E-02   accum. std. dev = 0.25241179E-02*
*   max. wt. =   0.192445E-01                                   *
*                                                               *
**************   chi**2/iteration = 0.9654       ****************


************* Integration by Vegas (iteration   8) **************
*                                                               *
*  integral  = -1.8414347       accum. integral = -1.8475134    *
*  std. dev. = 0.48423107E-02   accum. std. dev = 0.22382815E-02*
*   max. wt. =   0.192445E-01                                   *
*                                                               *
**************   chi**2/iteration =  1.114       ****************


************* Integration by Vegas (iteration   9) **************
*                                                               *
*  integral  = -1.8447402       accum. integral = -1.8470060    *
*  std. dev. = 0.47298142E-02   accum. std. dev = 0.20231764E-02*
*   max. wt. =   0.192445E-01                                   *
*                                                               *
**************   chi**2/iteration =  1.010       ****************


************* Integration by Vegas (iteration  10) **************
*                                                               *
*  integral  = -1.8582325       accum. integral = -1.8487351    *
*  std. dev. = 0.47415100E-02   accum. std. dev = 0.18608548E-02*
*   max. wt. =   0.192445E-01                                   *
*                                                               *
**************   chi**2/iteration =  1.424       ****************


************* Integration by Vegas (iteration  11) **************
*                                                               *
*  integral  = -1.8510449       accum. integral = -1.8490405    *
*  std. dev. = 0.47672214E-02   accum. std. dev = 0.17334721E-02*
*   max. wt. =   0.192445E-01                                   *
*                                                               *
**************   chi**2/iteration =  1.302       ****************


************* Integration by Vegas (iteration  12) **************
*                                                               *
*  integral  = -1.8465462       accum. integral = -1.8487555    *
*  std. dev. = 0.48255955E-02   accum. std. dev = 0.16314049E-02*
*   max. wt. =   0.192445E-01                                   *
*                                                               *
**************   chi**2/iteration =  1.205       ****************


************* Integration by Vegas (iteration  13) **************
*                                                               *
*  integral  = -1.8493688       accum. integral = -1.8488204    *
*  std. dev. = 0.47410749E-02   accum. std. dev = 0.15426316E-02*
*   max. wt. =   0.192445E-01                                   *
*                                                               *
**************   chi**2/iteration =  1.106       ****************


************* Integration by Vegas (iteration  14) **************
*                                                               *
*  integral  = -1.8448338       accum. integral = -1.8484244    *
*  std. dev. = 0.46452415E-02   accum. std. dev = 0.14640146E-02*
*   max. wt. =   0.192445E-01                                   *
*                                                               *
**************   chi**2/iteration =  1.072       ****************


************* Integration by Vegas (iteration  15) **************
*                                                               *
*  integral  = -1.8471424       accum. integral = -1.8483266    *
*  std. dev. = 0.50932341E-02   accum. std. dev = 0.14070408E-02*
*   max. wt. =   0.192445E-01                                   *
*                                                               *
**************   chi**2/iteration = 0.9998       ****************


************* Integration by Vegas (iteration  16) **************
*                                                               *
*  integral  = -1.8455887       accum. integral = -1.8481309    *
*  std. dev. = 0.50711941E-02   accum. std. dev = 0.13558209E-02*
*   max. wt. =   0.192445E-01                                   *
*                                                               *
**************   chi**2/iteration = 0.9512       ****************


************* Integration by Vegas (iteration  17) **************
*                                                               *
*  integral  = -1.8481999       accum. integral = -1.8481360    *
*  std. dev. = 0.47911841E-02   accum. std. dev = 0.13045915E-02*
*   max. wt. =   0.192445E-01                                   *
*                                                               *
**************   chi**2/iteration = 0.8918       ****************


************* Integration by Vegas (iteration  18) **************
*                                                               *
*  integral  = -1.8475428       accum. integral = -1.8480958    *
*  std. dev. = 0.48400800E-02   accum. std. dev = 0.12596366E-02*
*   max. wt. =   0.192445E-01                                   *
*                                                               *
**************   chi**2/iteration = 0.8402       ****************


************* Integration by Vegas (iteration  19) **************
*                                                               *
*  integral  = -1.8394626       accum. integral = -1.8475851    *
*  std. dev. = 0.50237366E-02   accum. std. dev = 0.12218148E-02*
*   max. wt. =   0.192445E-01                                   *
*                                                               *
**************   chi**2/iteration = 0.9478       ****************


************* Integration by Vegas (iteration  20) **************
*                                                               *
*  integral  = -1.8391170       accum. integral = -1.8471086    *
*  std. dev. = 0.50035672E-02   accum. std. dev = 0.11869396E-02*
*   max. wt. =   0.192445E-01                                   *
*                                                               *
**************   chi**2/iteration =  1.040       ****************


 input parameters for vegas:  ndim= 10  ncall= 472392.
                              it=   21  itmx=   50
                              nprn=  0  alph= 1.50
                              mds=  1   nd= 100
                              xl( 1)=   0.000     xu( 1)=   1.000    
                              xl( 2)=   0.000     xu( 2)=   1.000    
                              xl( 3)=   0.000     xu( 3)=   1.000    
                              xl( 4)=   0.000     xu( 4)=   1.000    
                              xl( 5)=   0.000     xu( 5)=   1.000    
                              xl( 6)=   0.000     xu( 6)=   1.000    
                              xl( 7)=   0.000     xu( 7)=   1.000    
                              xl( 8)=   0.000     xu( 8)=   1.000    
                              xl( 9)=   0.000     xu( 9)=   1.000    
                              xl(10)=   0.000     xu(10)=   1.000    

************* Integration by Vegas (iteration   1) **************
*                                                               *
*  integral  = -1.8333080       accum. integral = -1.8333080    *
*  std. dev. = 0.52311434E-02   accum. std. dev = 0.52311434E-02*
*   max. wt. =   0.136904E-02                                   *
*                                                               *
**************   chi**2/iteration =  0.000       ****************

 Writing out intermediate results for iteration           1

************* Integration by Vegas (iteration   2) **************
*                                                               *
*  integral  = -1.8454291       accum. integral = -1.8394660    *
*  std. dev. = 0.51477471E-02   accum. std. dev = 0.36691366E-02*
*   max. wt. =   0.136904E-02                                   *
*                                                               *
**************   chi**2/iteration =  2.701       ****************

 Writing out intermediate results for iteration           2

************* Integration by Vegas (iteration   3) **************
*                                                               *
*  integral  = -1.8462363       accum. integral = -1.8418606    *
*  std. dev. = 0.49597958E-02   accum. std. dev = 0.29497220E-02*
*   max. wt. =   0.136904E-02                                   *
*                                                               *
**************   chi**2/iteration =  1.956       ****************

 Writing out intermediate results for iteration           3

************* Integration by Vegas (iteration   4) **************
*                                                               *
*  integral  = -1.8456598       accum. integral = -1.8429187    *
*  std. dev. = 0.47477058E-02   accum. std. dev = 0.25055234E-02*
*   max. wt. =   0.136904E-02                                   *
*                                                               *
**************   chi**2/iteration =  1.460       ****************

 Writing out intermediate results for iteration           4

************* Integration by Vegas (iteration   5) **************
*                                                               *
*  integral  = -1.8316792       accum. integral = -1.8404890    *
*  std. dev. = 0.47709062E-02   accum. std. dev = 0.22182325E-02*
*   max. wt. =   0.136904E-02                                   *
*                                                               *
**************   chi**2/iteration =  2.181       ****************

 Writing out intermediate results for iteration           5

************* Integration by Vegas (iteration   6) **************
*                                                               *
*  integral  = -1.8449743       accum. integral = -1.8412341    *
*  std. dev. = 0.49697621E-02   accum. std. dev = 0.20256145E-02*
*   max. wt. =   0.136904E-02                                   *
*                                                               *
**************   chi**2/iteration =  1.881       ****************

 Writing out intermediate results for iteration           6

************* Integration by Vegas (iteration   7) **************
*                                                               *
*  integral  = -1.8482870       accum. integral = -1.8422346    *
*  std. dev. = 0.49819916E-02   accum. std. dev = 0.18764434E-02*
*   max. wt. =   0.136904E-02                                   *
*                                                               *
**************   chi**2/iteration =  1.854       ****************

 Writing out intermediate results for iteration           7

************* Integration by Vegas (iteration   8) **************
*                                                               *
*  integral  = -1.8452194       accum. integral = -1.8426043    *
*  std. dev. = 0.49907955E-02   accum. std. dev = 0.17564017E-02*
*   max. wt. =   0.136904E-02                                   *
*                                                               *
**************   chi**2/iteration =  1.634       ****************

 Writing out intermediate results for iteration           8

************* Integration by Vegas (iteration   9) **************
*                                                               *
*  integral  = -1.8409249       accum. integral = -1.8424498    *
*  std. dev. = 0.55169788E-02   accum. std. dev = 0.16736328E-02*
*   max. wt. =   0.258580E-02                                   *
*                                                               *
**************   chi**2/iteration =  1.441       ****************

 Writing out intermediate results for iteration           9

************* Integration by Vegas (iteration  10) **************
*                                                               *
*  integral  = -1.8421012       accum. integral = -1.8424191    *
*  std. dev. = 0.53857386E-02   accum. std. dev = 0.15982420E-02*
*   max. wt. =   0.258580E-02                                   *
*                                                               *
**************   chi**2/iteration =  1.281       ****************

 Writing out intermediate results for iteration          10

************* Integration by Vegas (iteration  11) **************
*                                                               *
*  integral  = -1.8539217       accum. integral = -1.8435535    *
*  std. dev. = 0.48318002E-02   accum. std. dev = 0.15173858E-02*
*   max. wt. =   0.258580E-02                                   *
*                                                               *
**************   chi**2/iteration =  1.664       ****************

 Writing out intermediate results for iteration          11

************* Integration by Vegas (iteration  12) **************
*                                                               *
*  integral  = -1.8446510       accum. integral = -1.8436511    *
*  std. dev. = 0.48562880E-02   accum. std. dev = 0.14483317E-02*
*   max. wt. =   0.258580E-02                                   *
*                                                               *
**************   chi**2/iteration =  1.517       ****************

 Writing out intermediate results for iteration          12

************* Integration by Vegas (iteration  13) **************
*                                                               *
*  integral  = -1.8483938       accum. integral = -1.8440340    *
*  std. dev. = 0.48869415E-02   accum. std. dev = 0.13886307E-02*
*   max. wt. =   0.258580E-02                                   *
*                                                               *
**************   chi**2/iteration =  1.463       ****************

 Writing out intermediate results for iteration          13

************* Integration by Vegas (iteration  14) **************
*                                                               *
*  integral  = -1.8406512       accum. integral = -1.8437901    *
*  std. dev. = 0.49808559E-02   accum. std. dev = 0.13376195E-02*
*   max. wt. =   0.258580E-02                                   *
*                                                               *
**************   chi**2/iteration =  1.383       ****************

 Writing out intermediate results for iteration          14

************* Integration by Vegas (iteration  15) **************
*                                                               *
*  integral  = -1.8473622       accum. integral = -1.8440314    *
*  std. dev. = 0.49689119E-02   accum. std. dev = 0.12916372E-02*
*   max. wt. =   0.258580E-02                                   *
*                                                               *
**************   chi**2/iteration =  1.319       ****************

 Writing out intermediate results for iteration          15

************* Integration by Vegas (iteration  16) **************
*                                                               *
*  integral  = -1.8425829       accum. integral = -1.8439352    *
*  std. dev. = 0.48423489E-02   accum. std. dev = 0.12480029E-02*
*   max. wt. =   0.258580E-02                                   *
*                                                               *
**************   chi**2/iteration =  1.236       ****************

 Writing out intermediate results for iteration          16

************* Integration by Vegas (iteration  17) **************
*                                                               *
*  integral  = -1.8528066       accum. integral = -1.8445024    *
*  std. dev. = 0.47753424E-02   accum. std. dev = 0.12074494E-02*
*   max. wt. =   0.258580E-02                                   *
*                                                               *
**************   chi**2/iteration =  1.361       ****************

 Writing out intermediate results for iteration          17

************* Integration by Vegas (iteration  18) **************
*                                                               *
*  integral  = -1.8545155       accum. integral = -1.8451175    *
*  std. dev. = 0.47195396E-02   accum. std. dev = 0.11697728E-02*
*   max. wt. =   0.258580E-02                                   *
*                                                               *
**************   chi**2/iteration =  1.529       ****************

 Writing out intermediate results for iteration          18

************* Integration by Vegas (iteration  19) **************
*                                                               *
*  integral  = -1.8438553       accum. integral = -1.8450542    *
*  std. dev. = 0.50896854E-02   accum. std. dev = 0.11400500E-02*
*   max. wt. =   0.258580E-02                                   *
*                                                               *
**************   chi**2/iteration =  1.448       ****************

 Writing out intermediate results for iteration          19

************* Integration by Vegas (iteration  20) **************
*                                                               *
*  integral  = -1.8517183       accum. integral = -1.8453549    *
*  std. dev. = 0.52446086E-02   accum. std. dev = 0.11140335E-02*
*   max. wt. =   0.258580E-02                                   *
*                                                               *
**************   chi**2/iteration =  1.453       ****************

 Writing out intermediate results for iteration          20

************* Integration by Vegas (iteration  21) **************
*                                                               *
*  integral  = -1.8486646       accum. integral = -1.8455051    *
*  std. dev. = 0.51095143E-02   accum. std. dev = 0.10884624E-02*
*   max. wt. =   0.258580E-02                                   *
*                                                               *
**************   chi**2/iteration =  1.400       ****************

 Writing out intermediate results for iteration          21

************* Integration by Vegas (iteration  22) **************
*                                                               *
*  integral  = -1.8436520       accum. integral = -1.8454193    *
*  std. dev. = 0.49403215E-02   accum. std. dev = 0.10629689E-02*
*   max. wt. =   0.258580E-02                                   *
*                                                               *
**************   chi**2/iteration =  1.340       ****************

 Writing out intermediate results for iteration          22

************* Integration by Vegas (iteration  23) **************
*                                                               *
*  integral  = -1.8466621       accum. integral = -1.8454727    *
*  std. dev. = 0.50170528E-02   accum. std. dev = 0.10398852E-02*
*   max. wt. =   0.258580E-02                                   *
*                                                               *
**************   chi**2/iteration =  1.282       ****************

 Writing out intermediate results for iteration          23

************* Integration by Vegas (iteration  24) **************
*                                                               *
*  integral  = -1.8459503       accum. integral = -1.8454915    *
*  std. dev. = 0.51361876E-02   accum. std. dev = 0.10192058E-02*
*   max. wt. =   0.258580E-02                                   *
*                                                               *
**************   chi**2/iteration =  1.226       ****************

 Writing out intermediate results for iteration          24

************* Integration by Vegas (iteration  25) **************
*                                                               *
*  integral  = -1.8479670       accum. integral = -1.8455861    *
*  std. dev. = 0.51134844E-02   accum. std. dev = 0.99954455E-03*
*   max. wt. =   0.258580E-02                                   *
*                                                               *
**************   chi**2/iteration =  1.185       ****************

 Writing out intermediate results for iteration          25

************* Integration by Vegas (iteration  26) **************
*                                                               *
*  integral  = -1.8379042       accum. integral = -1.8453141    *
*  std. dev. = 0.52167382E-02   accum. std. dev = 0.98168719E-03*
*   max. wt. =   0.258580E-02                                   *
*                                                               *
**************   chi**2/iteration =  1.221       ****************

 Writing out intermediate results for iteration          26

************* Integration by Vegas (iteration  27) **************
*                                                               *
*  integral  = -1.8510058       accum. integral = -1.8455179    *
*  std. dev. = 0.50939263E-02   accum. std. dev = 0.96394987E-03*
*   max. wt. =   0.258580E-02                                   *
*                                                               *
**************   chi**2/iteration =  1.220       ****************

 Writing out intermediate results for iteration          27

************* Integration by Vegas (iteration  28) **************
*                                                               *
*  integral  = -1.8397138       accum. integral = -1.8452979    *
*  std. dev. = 0.48563707E-02   accum. std. dev = 0.94550385E-03*
*   max. wt. =   0.258580E-02                                   *
*                                                               *
**************   chi**2/iteration =  1.226       ****************

 Writing out intermediate results for iteration          28

************* Integration by Vegas (iteration  29) **************
*                                                               *
*  integral  = -1.8453510       accum. integral = -1.8452999    *
*  std. dev. = 0.47451231E-02   accum. std. dev = 0.92727488E-03*
*   max. wt. =   0.258580E-02                                   *
*                                                               *
**************   chi**2/iteration =  1.182       ****************

 Writing out intermediate results for iteration          29

************* Integration by Vegas (iteration  30) **************
*                                                               *
*  integral  = -1.8411302       accum. integral = -1.8451851    *
*  std. dev. = 0.55098670E-02   accum. std. dev = 0.91441593E-03*
*   max. wt. =   0.258580E-02                                   *
*                                                               *
**************   chi**2/iteration =  1.161       ****************

 Writing out intermediate results for iteration          30

************* Integration by Vegas (iteration  31) **************
*                                                               *
*  integral  = -1.8463744       accum. integral = -1.8452179    *
*  std. dev. = 0.54248380E-02   accum. std. dev = 0.90169580E-03*
*   max. wt. =   0.258580E-02                                   *
*                                                               *
**************   chi**2/iteration =  1.123       ****************

 Writing out intermediate results for iteration          31

************* Integration by Vegas (iteration  32) **************
*                                                               *
*  integral  = -1.8501723       accum. integral = -1.8453747    *
*  std. dev. = 0.49885308E-02   accum. std. dev = 0.88731712E-03*
*   max. wt. =   0.258580E-02                                   *
*                                                               *
**************   chi**2/iteration =  1.118       ****************

 Writing out intermediate results for iteration          32

************* Integration by Vegas (iteration  33) **************
*                                                               *
*  integral  = -1.8419492       accum. integral = -1.8452645    *
*  std. dev. = 0.48669275E-02   accum. std. dev = 0.87292808E-03*
*   max. wt. =   0.258580E-02                                   *
*                                                               *
**************   chi**2/iteration =  1.098       ****************

 Writing out intermediate results for iteration          33

************* Integration by Vegas (iteration  34) **************
*                                                               *
*  integral  = -1.8427030       accum. integral = -1.8451838    *
*  std. dev. = 0.48421567E-02   accum. std. dev = 0.85907978E-03*
*   max. wt. =   0.258580E-02                                   *
*                                                               *
**************   chi**2/iteration =  1.073       ****************

 Writing out intermediate results for iteration          34

************* Integration by Vegas (iteration  35) **************
*                                                               *
*  integral  = -1.8423566       accum. integral = -1.8451027    *
*  std. dev. = 0.49971215E-02   accum. std. dev = 0.84665948E-03*
*   max. wt. =   0.258580E-02                                   *
*                                                               *
**************   chi**2/iteration =  1.051       ****************

 Writing out intermediate results for iteration          35

************* Integration by Vegas (iteration  36) **************
*                                                               *
*  integral  = -1.8535355       accum. integral = -1.8453244    *
*  std. dev. = 0.51525799E-02   accum. std. dev = 0.83545584E-03*
*   max. wt. =   0.258580E-02                                   *
*                                                               *
**************   chi**2/iteration =  1.095       ****************

 Writing out intermediate results for iteration          36

************* Integration by Vegas (iteration  37) **************
*                                                               *
*  integral  = -1.8464625       accum. integral = -1.8453549    *
*  std. dev. = 0.50375192E-02   accum. std. dev = 0.82419789E-03*
*   max. wt. =   0.258580E-02                                   *
*                                                               *
**************   chi**2/iteration =  1.066       ****************

 Writing out intermediate results for iteration          37

************* Integration by Vegas (iteration  38) **************
*                                                               *
*  integral  = -1.8500818       accum. integral = -1.8454795    *
*  std. dev. = 0.50090254E-02   accum. std. dev = 0.81326218E-03*
*   max. wt. =   0.258580E-02                                   *
*                                                               *
**************   chi**2/iteration =  1.061       ****************

 Writing out intermediate results for iteration          38

************* Integration by Vegas (iteration  39) **************
*                                                               *
*  integral  = -1.8424421       accum. integral = -1.8454118    *
*  std. dev. = 0.53885107E-02   accum. std. dev = 0.80415506E-03*
*   max. wt. =   0.258580E-02                                   *
*                                                               *
**************   chi**2/iteration =  1.041       ****************

 Writing out intermediate results for iteration          39

************* Integration by Vegas (iteration  40) **************
*                                                               *
*  integral  = -1.8398649       accum. integral = -1.8452810    *
*  std. dev. = 0.51733814E-02   accum. std. dev = 0.79461269E-03*
*   max. wt. =   0.258580E-02                                   *
*                                                               *
**************   chi**2/iteration =  1.043       ****************

 Writing out intermediate results for iteration          40

************* Integration by Vegas (iteration  41) **************
*                                                               *
*  integral  = -1.8416207       accum. integral = -1.8452006    *
*  std. dev. = 0.53024612E-02   accum. std. dev = 0.78583782E-03*
*   max. wt. =   0.258580E-02                                   *
*                                                               *
**************   chi**2/iteration =  1.029       ****************

 Writing out intermediate results for iteration          41

************* Integration by Vegas (iteration  42) **************
*                                                               *
*  integral  = -1.8428459       accum. integral = -1.8451474    *
*  std. dev. = 0.51718051E-02   accum. std. dev = 0.77692033E-03*
*   max. wt. =   0.258580E-02                                   *
*                                                               *
**************   chi**2/iteration =  1.008       ****************

 Writing out intermediate results for iteration          42

************* Integration by Vegas (iteration  43) **************
*                                                               *
*  integral  = -1.8392331       accum. integral = -1.8450029    *
*  std. dev. = 0.49081717E-02   accum. std. dev = 0.76736620E-03*
*   max. wt. =   0.258580E-02                                   *
*                                                               *
**************   chi**2/iteration =  1.018       ****************

 Writing out intermediate results for iteration          43

************* Integration by Vegas (iteration  44) **************
*                                                               *
*  integral  = -1.8508910       accum. integral = -1.8451314    *
*  std. dev. = 0.51363468E-02   accum. std. dev = 0.75894309E-03*
*   max. wt. =   0.258580E-02                                   *
*                                                               *
**************   chi**2/iteration =  1.024       ****************

 Writing out intermediate results for iteration          44

************* Integration by Vegas (iteration  45) **************
*                                                               *
*  integral  = -1.8454536       accum. integral = -1.8451383    *
*  std. dev. = 0.51426882E-02   accum. std. dev = 0.75081117E-03*
*   max. wt. =   0.258580E-02                                   *
*                                                               *
**************   chi**2/iteration =  1.001       ****************

 Writing out intermediate results for iteration          45

************* Integration by Vegas (iteration  46) **************
*                                                               *
*  integral  = -1.8308838       accum. integral = -1.8448438    *
*  std. dev. = 0.51690598E-02   accum. std. dev = 0.74301408E-03*
*   max. wt. =   0.258580E-02                                   *
*                                                               *
**************   chi**2/iteration =  1.144       ****************

 Writing out intermediate results for iteration          46

************* Integration by Vegas (iteration  47) **************
*                                                               *
*  integral  = -1.8532480       accum. integral = -1.8450165    *
*  std. dev. = 0.51295274E-02   accum. std. dev = 0.73533980E-03*
*   max. wt. =   0.258580E-02                                   *
*                                                               *
**************   chi**2/iteration =  1.177       ****************

 Writing out intermediate results for iteration          47

************* Integration by Vegas (iteration  48) **************
*                                                               *
*  integral  = -1.8403533       accum. integral = -1.8449167    *
*  std. dev. = 0.49731363E-02   accum. std. dev = 0.72743079E-03*
*   max. wt. =   0.258580E-02                                   *
*                                                               *
**************   chi**2/iteration =  1.170       ****************

 Writing out intermediate results for iteration          48

************* Integration by Vegas (iteration  49) **************
*                                                               *
*  integral  = -1.8417807       accum. integral = -1.8448484    *
*  std. dev. = 0.48754735E-02   accum. std. dev = 0.71946675E-03*
*   max. wt. =   0.258580E-02                                   *
*                                                               *
**************   chi**2/iteration =  1.154       ****************

 Writing out intermediate results for iteration          49

************* Integration by Vegas (iteration  50) **************
*                                                               *
*  integral  = -1.8430830       accum. integral = -1.8448114    *
*  std. dev. = 0.49148221E-02   accum. std. dev = 0.71187967E-03*
*   max. wt. =   0.258580E-02                                   *
*                                                               *
**************   chi**2/iteration =  1.133       ****************


Value of final lord integral is       -1.8448 +/-     0.0007 fb

 Total number of shots       :     23619600
 Total no. failing cuts      :      7484250
 Number failing jet cuts     :            0
 Number failing process cuts :            0

   Jet efficiency : 100.00%
   Cut efficiency : 100.00%
 Total efficiency : 100.00%

 Contribution from parton sub-processes:
 ---------------------------------------
       GG     |          -1.84481  100.00%
       GQ     |           0.00000   -0.00%
       GQB    |           0.00000   -0.00%
       QG     |           0.00000   -0.00%
       QBG    |           0.00000   -0.00%
       QQ     |           0.00000   -0.00%
       QBQB   |           0.00000   -0.00%
       QQB    |           0.00000   -0.00%
       QBQ    |           0.00000   -0.00%
 ---------------------------------------

 ****************************************************
 output files  E_var/E_80/CTEQ/HHTOP/HZZint_lord_cteq6_l_0___0___126_129_run_80
 ****************************************************
