 ************** MCFM - version 6.8 ****************
 *                                                *
 * MCFM, v6.8                   April 26th, 2014  *
 *                                                *
 * Authors: John Campbell, Keith Ellis,           *
 *          Ciaran Williams                       *
 *         (johnmc@fnal.gov, ellis@fnal.gov,      *
 *          ciaran@fnal.gov)                      *
 *                                                *
 * For details see:                               *
 *                                                *
 *  arXiv:1403.2641 (Triphoton production)        *
 *  arXiv:1312.1628 (gg->WW, Higgs interference)  *
 *  arXiv:1311.3589 (gg->ZZ, Higgs interference)  *
 *  Phys.Rev.D87:114006, arXiv:1302.3856          *
 *  (tZ, tH -- with R. Rontsch)                   *
 *  arXiv:1211.6390 (DM, P. Fox and C. Williams)  *
 *  JHEP 1211:162 (2012), arXiv:1208.0566         *
 *  (Z+gam+jet,Z+gam+gam -- with H. Hartanto)     *
 *  arXiv:1204.1513 (top production+decay)        *
 *  JHEP 1207:052 (2012), arXiv:1204.5678 (ttW)   *
 *  JHEP 1110:005 (2011), arXiv:1107.5569         *
 *         (gg->WW,Higgs intference)              *
 *  JHEP 1107:018 (2011), arXiv:1105.0020         *
 *         (diboson update)                       *
 *  JHEP 1103:027 (2011), arXiv:1011.6647         *
 *         (Wbb for mb>0, with S. Badger)         *
 *  Phys.Rev.D81:074023, arXiv:1001.4495 (H+2jet) *
 *                                                *
 *  P.R.L. 102:142001, arXiv:0903.0005 [hep-ph]   *
 *    (t-channel single top + explicit b,         *
 *      JC, R.Frederix, F.Maltoni, F.Tramontano)  *
 *  N.P.B 726:109(2005), hep-ph/0506289 (W+t)     *
 *  Phys.Rev.D70:094012, hep-ph/0408158 (Sngl Top)*
 *       (with Francesco Tramontano)              *
 *                                                *
 *  Phys.Rev.D65:113007, hep-ph/0202176 (W,Z+2j)  *
 *  Phys.Rev.D62:114012, hep-ph/0006304 (W,Z+bb)  *
 *  Phys.Rev.D60:113006, hep-ph/9905386 (diboson) *
 *                                                *
 * On the web:  http://mcfm.fnal.gov/             *
 **************************************************

 * Using input file named E_var/E_100/MSTW/TOP/input_131_100.DAT                                  

 * [Flags to specify the mode in which MCFM is run]                                          
 *                   -1            [nevtrequested] 
 *                    F            [creatent] 
 *                    F            [skipnt] 
 *                    F            [dswhisto] 
 *                    F            [creategrid] 
 *                    T            [writetop] 
 *                    T            [writedat] 
 *                    T            [writegnu] 
 *                    T            [writeroot] 
 *                    F            [writepwg] 

 * [General options to specify the process and execution]                                    
 *                  131            [nproc] 
 *                 lord            [part] 
 * 131_run_100                     [runstring] 
 *          100000.0000            [sqrts] 
 *                    1            [ih1] 
 *                    1            [ih2] 
 *             126.0000            [hmass] 
 *               0.5000            [scale] 
 *               0.5000            [facscale] 
 * m(3456)                         [dynamicscale] 
 *                    F            [zerowidth] 
 *                    F            [removebr] 
 *                   20            [itmx1] 
 *               500000            [ncall1] 
 *                   50            [itmx2] 
 *               500000            [ncall2] 
 *                 2020            [ij] 
 *                    F            [dryrun] 
 *                    T            [Qflag] 
 *                    T            [Gflag] 

 * [Heavy quark masses]                                                                      
 *             173.2000            [top mass] 
 *               4.7500            [bottom mass] 
 *               1.5000            [charm mass] 

 * [Pdf selection]                                                                           
 *              mstw8lo            [pdlabel] 
 *                    4            [NGROUP] 
 *                   46            [NSET] 
 * cteq6mE.LHgrid                  [LHAPDF group] 
 *                   -1            [LHAPDF set] 

 * [Jet definition and event cuts]                                                           
 *               0.0000            [m34min] 
 *          100000.0000            [m34max] 
 *               0.0000            [m56min] 
 *          100000.0000            [m56max] 
 *                    T            [inclusive] 
 *                 ankt            [algorithm] 
 *              15.0000            [ptjetmin] 
 *               0.0000            [etajetmin] 
 *               5.0000            [etajetmax] 
 *               0.5000            [Rcut] 
 *                    T            [makecuts] 
 *               0.0000            [leptpt] 
 *              99.0000            [leptrap] 
 *    0.000,   0.000                [leptveto] 
 *               0.0000            [misspt] 
 *               0.0000            [leptpt2] 
 *              99.0000            [leptrap2] 
 *    0.000,   0.000                [leptveto2] 
 *               0.0000            [mtrans34cut] 
 *               0.0000            [Rjlmin] 
 *               0.0000            [Rllmin] 
 *               0.0000            [delyjjmin] 
 *                    F            [jetsopphem] 
 *                    0            [lbjscheme] 
 *               0.0000            [ptbjetmin] 
 *              99.0000            [etabjetmax] 

 * [Settings for photon processes]                                                           
 *                    F            [frag] 
 *             GdRG__LO            [fragset] 
 *              80.0000            [frag_scale] 
 *              20.0000            [gammpt] 
 *               2.5000            [gammrap] 
 *              20.0000            [gammpt2] 
 *              20.0000            [gammpt3] 
 *               0.0000            [Rgalmin] 
 *               0.4000            [Rgagamin] 
 *               0.4000            [Rgajetmin] 
 *               0.4000            [cone_ang] 
 *               0.5000            [epsilon_h] 

 * [Anomalous couplings of the W and Z]                                                      
 *               0.0000            [delg1_z] 
 *               0.0000            [delk_z] 
 *               0.0000            [delk_g] 
 *               0.0000            [lambda_z] 
 *               0.0000            [lambda_g] 
 *               0.0000            [h1Z] 
 *               0.0000            [h1gam] 
 *               0.0000            [h2Z] 
 *               0.0000            [h2gam] 
 *               0.0000            [h3Z] 
 *               0.0000            [h3gam] 
 *               0.0000            [h4Z] 
 *               0.0000            [h4gam] 
 *               2.0000            [tevscale] 

 * [Anomalous width of the Higgs]                                                            
 *               1.0000            [Gamma_H/Gamma_H(SM)] 

 * [How to resume/save a run]                                                                
 *                    F            [readin] 
 *                    F            [writeout] 
 *                                 [ingridfile] 
 *                                 [outgridfile] 

 * [Technical parameters that should not normally be changed]

 *                    F            [debug] 
 *                    T            [verbose] 
 *                    F            [new_pspace] 
 *                    F            [virtonly] 
 *                    F            [realonly] 
 *                    T            [spira] 
 *                    F            [noglue] 
 *                    F            [ggonly] 
 *                    F            [gqonly] 
 *                    F            [omitgg] 
 *                    F            [vanillafiles] 
 *                    1            [nmin] 
 *                    2            [nmax] 
 *                    T            [clustering] 
 *                    F            [realwt] 
 *                    0            [colourchoice] 
 *               0.0100            [rtsmin] 
 *               0.0001            [cutoff] 
 *               0.1000            [aii] 
 *               0.1000            [aif] 
 *               0.1000            [afi] 
 *               1.0000            [aff] 
 *               1.0000            [bfi] 
 *               1.0000            [bff] 

 Chooser:process chosen by nproc=         131

 *************************** f(p1)+f(p2) --> ******************************************
 * Z^0(e^-(p3)+e^+(p4)) + Z^0(mu^-(p5)+mu^+(p6) [gg only, (H + gg->ZZ) squared]       *
 **************************************************************************************

 ************** Electroweak parameters **************
 *                                                  *
 *  zmass(+)   91.1876000     wmass(+)  80.3980000  *
 * zwidth(+)    2.4952000    wwidth(+)   2.1054000  *
 *     Gf(+) 0.116639D-04   1/aemmz    132.3384323  *
 *     xw       0.2226459      mtop(+) 173.2000000  *
 *   gwsq       0.4264904       esq      0.0949563  *
 * top width    1.4743080 (LO)                      *
 *    mb        4.7500000        mc      1.5000000  *
 *                                                  *
 * Parameters marked (+) are input, others derived  *
 ****************************************************

 ****************** Higgs parameters ****************
 *                                                  *
 *   mass(H) =  126.00      width(H) =  0.43070E-02 *
 *                                                  *
 *              Br( H -> b bbar)  =   0.48164       *
 *              Br( H -> tau tau) =   0.06056       *
 *              Br( H -> W W)     =   0.00000       *
 *              Br( H -> Z Z)     =   0.00000       *
 *              Br( H -> gam gam) =   0.00235       *
 *              Br( H -> Z gam)   =   0.00164       *
 ****************************************************
 *                                                  *
 * Note: branching ratios reported here can be > 1  *
 *       since the total Higgs width is calculated  *
 *       at NLO but the BR calculation uses a       *
 *       partial width at LO only.                  *
 *                                                  *
 ****************************************************

 WARNING: Higgs decay H->ZZ is below threshold and
 may not yield sensible results - check the number
 of integration points

 ***************** CKM mixing matrix ****************
 *                                                  *
 *      Vud=.97500    Vus=.22200    Vub=0.0000      *
 *      Vcd=.22200    Vcs=.97500    Vcb=0.0000      *
 ****************************************************

 ************* Strong coupling, alpha_s  ************
 *                                                  *
 *  Dynamic scale - alpha_s changed event-by-event  *
 *       alpha_s (zmass)  0.13939000                *
 *         (using 1-loop running of alpha_s)        *
 ****************************************************

 ****************************************
 *     Cross section in femtobarns      *
 ****************************************


 input parameters for vegas:  ndim= 10  ncall= 472392.
                              it=    0  itmx=   20
                              nprn=  0  alph= 1.50
                              mds=  1   nd= 100
                              xl( 1)=   0.000     xu( 1)=   1.000    
                              xl( 2)=   0.000     xu( 2)=   1.000    
                              xl( 3)=   0.000     xu( 3)=   1.000    
                              xl( 4)=   0.000     xu( 4)=   1.000    
                              xl( 5)=   0.000     xu( 5)=   1.000    
                              xl( 6)=   0.000     xu( 6)=   1.000    
                              xl( 7)=   0.000     xu( 7)=   1.000    
                              xl( 8)=   0.000     xu( 8)=   1.000    
                              xl( 9)=   0.000     xu( 9)=   1.000    
                              xl(10)=   0.000     xu(10)=   1.000    

 ****************** Basic mass cuts *****************
 *                                                  *
 *              0.00  <   m34  < 100000.00           *
 *              0.00  <   m56  < 100000.00           *
 ****************************************************
 *********** CMS Higgs Search cuts******
 *                                     *
 *     pt(mu) >           5.00 GeV     *
 *     pt(el) >           7.00 GeV     *
 *     |eta_mu| <         2.40         *
 *     |eta_el| <         2.50         *
 *     m4lmin >         100.00 GeV     *
 *     m2lmin >           4.00 GeV     *
 *     ptleading >       20.00 GeV     *
 *     ptnexttoleading > 10.00 GeV     *
 *     mllnear >         40.00 GeV     *
 *     mllfar >          12.00 GeV     *
 *     mllmax >         120.00 GeV     *
 ***************************************

 ************** Dynamic scale choice ****************
 *                                                  *
 *                 RENORMALIZATION                  *
 *       mu_ren  =  0.50 x m(3456)                  *
 *                                                  *
 *                  FACTORIZATION                   *
 *       mu_fac  =  0.50 x m(3456)                  *
 *                                                  *
 ****************************************************
 ====================================================
   This is QCDLoop - version 1.95                    
   Authors: Keith Ellis and Giulia Zanderighi        
   (ellis@fnal.gov, g.zanderighi1@physics.ox.ac.uk)  
   For details see FERMILAB-PUB-07-633-T,OUTP-07/16P 
   arXiv:0712.1851 [hep-ph], published in            
   JHEP 0802:002,2008.                               
 ====================================================
 ====================================================
   FF 2.0, a package to evaluate one-loop integrals
 written by G. J. van Oldenborgh, NIKHEF-H, Amsterdam
 ====================================================
 for the algorithms used see preprint NIKHEF-H 89/17,
 'New Algorithms for One-loop Integrals', by G.J. van
 Oldenborgh and J.A.M. Vermaseren, published in 
 Zeitschrift fuer Physik C46(1990)425.
 ====================================================
 ffini: precx =    4.4408920985006262E-016
 ffini: precc =    4.4408920985006262E-016
 ffini: xalogm =    4.9406564584124654E-324
 ffini: xclogm =    4.9406564584124654E-324
 ****************************************************
 *                                                  *
 *  gg->ZZ box loop includes gens. 1 and 2          *
 *  gg->ZZ box loop includes bottom quark           *
 *  gg->ZZ box loop includes top quark              *
 *                                                  *
 *  Numer. stability: pt(Z) > 0.100 GeV (gens. 1,2) *
 *  Numer. stability: pt(Z) > 0.100 GeV (b,t loops) *
 *                                                  *
 ****************************************************
 Reading PDF grid from Pdfdata/mstw2008lo.00.dat

************* Integration by Vegas (iteration   1) **************
*                                                               *
*  integral  =  50.792112       accum. integral =  50.792112    *
*  std. dev. =  1.5936555       accum. std. dev =  1.5936555    *
*   max. wt. =   0.866507                                       *
*                                                               *
**************   chi**2/iteration =  0.000       ****************


************* Integration by Vegas (iteration   2) **************
*                                                               *
*  integral  =  58.078069       accum. integral =  53.105133    *
*  std. dev. =  2.3367443       accum. std. dev =  1.3166114    *
*   max. wt. =    2.05088                                       *
*                                                               *
**************   chi**2/iteration =  6.570       ****************


************* Integration by Vegas (iteration   3) **************
*                                                               *
*  integral  =  55.754004       accum. integral =  55.170668    *
*  std. dev. = 0.69968174       accum. std. dev = 0.61785484    *
*   max. wt. =    2.05088                                       *
*                                                               *
**************   chi**2/iteration =  4.872       ****************


************* Integration by Vegas (iteration   4) **************
*                                                               *
*  integral  =  57.340815       accum. integral =  57.133331    *
*  std. dev. = 0.20088924       accum. std. dev = 0.19104466    *
*   max. wt. =    2.05088                                       *
*                                                               *
**************   chi**2/iteration =  6.960       ****************


************* Integration by Vegas (iteration   5) **************
*                                                               *
*  integral  =  57.190233       accum. integral =  57.173092    *
*  std. dev. = 0.12543645       accum. std. dev = 0.10485492    *
*   max. wt. =    2.05088                                       *
*                                                               *
**************   chi**2/iteration =  5.240       ****************


************* Integration by Vegas (iteration   6) **************
*                                                               *
*  integral  =  57.020696       accum. integral =  57.103147    *
*  std. dev. = 0.11384406       accum. std. dev = 0.77126013E-01*
*   max. wt. =    2.05088                                       *
*                                                               *
**************   chi**2/iteration =  4.387       ****************


************* Integration by Vegas (iteration   7) **************
*                                                               *
*  integral  =  57.244299       accum. integral =  57.146019    *
*  std. dev. = 0.11677445       accum. std. dev = 0.64356189E-01*
*   max. wt. =    2.05088                                       *
*                                                               *
**************   chi**2/iteration =  3.827       ****************


************* Integration by Vegas (iteration   8) **************
*                                                               *
*  integral  =  57.151364       accum. integral =  57.147322    *
*  std. dev. = 0.11334492       accum. std. dev = 0.55964310E-01*
*   max. wt. =    2.05088                                       *
*                                                               *
**************   chi**2/iteration =  3.281       ****************


************* Integration by Vegas (iteration   9) **************
*                                                               *
*  integral  =  57.089509       accum. integral =  57.135661    *
*  std. dev. = 0.11133533       accum. std. dev = 0.50002596E-01*
*   max. wt. =    2.05088                                       *
*                                                               *
**************   chi**2/iteration =  2.898       ****************


************* Integration by Vegas (iteration  10) **************
*                                                               *
*  integral  =  57.056525       accum. integral =  57.122005    *
*  std. dev. = 0.10949450       accum. std. dev = 0.45484254E-01*
*   max. wt. =    2.05088                                       *
*                                                               *
**************   chi**2/iteration =  2.625       ****************


************* Integration by Vegas (iteration  11) **************
*                                                               *
*  integral  =  56.818196       accum. integral =  57.075811    *
*  std. dev. = 0.10741195       accum. std. dev = 0.41883806E-01*
*   max. wt. =    2.05088                                       *
*                                                               *
**************   chi**2/iteration =  3.040       ****************


************* Integration by Vegas (iteration  12) **************
*                                                               *
*  integral  =  56.958444       accum. integral =  57.061576    *
*  std. dev. = 0.11273818       accum. std. dev = 0.39261844E-01*
*   max. wt. =    2.05088                                       *
*                                                               *
**************   chi**2/iteration =  2.850       ****************


************* Integration by Vegas (iteration  13) **************
*                                                               *
*  integral  =  57.138538       accum. integral =  57.069953    *
*  std. dev. = 0.11234247       accum. std. dev = 0.37063584E-01*
*   max. wt. =    2.05088                                       *
*                                                               *
**************   chi**2/iteration =  2.648       ****************


************* Integration by Vegas (iteration  14) **************
*                                                               *
*  integral  =  57.039338       accum. integral =  57.066798    *
*  std. dev. = 0.10934740       accum. std. dev = 0.35101981E-01*
*   max. wt. =    2.05088                                       *
*                                                               *
**************   chi**2/iteration =  2.450       ****************


************* Integration by Vegas (iteration  15) **************
*                                                               *
*  integral  =  57.166363       accum. integral =  57.075381    *
*  std. dev. = 0.11428543       accum. std. dev = 0.33554912E-01*
*   max. wt. =    2.05088                                       *
*                                                               *
**************   chi**2/iteration =  2.324       ****************


************* Integration by Vegas (iteration  16) **************
*                                                               *
*  integral  =  56.943140       accum. integral =  57.064974    *
*  std. dev. = 0.11480540       accum. std. dev = 0.32207432E-01*
*   max. wt. =    2.05088                                       *
*                                                               *
**************   chi**2/iteration =  2.251       ****************


************* Integration by Vegas (iteration  17) **************
*                                                               *
*  integral  =  56.921568       accum. integral =  57.054116    *
*  std. dev. = 0.11253088       accum. std. dev = 0.30964161E-01*
*   max. wt. =    2.05088                                       *
*                                                               *
**************   chi**2/iteration =  2.204       ****************


************* Integration by Vegas (iteration  18) **************
*                                                               *
*  integral  =  56.918823       accum. integral =  57.043932    *
*  std. dev. = 0.10852909       accum. std. dev = 0.29775980E-01*
*   max. wt. =    2.05088                                       *
*                                                               *
**************   chi**2/iteration =  2.159       ****************


************* Integration by Vegas (iteration  19) **************
*                                                               *
*  integral  =  57.064554       accum. integral =  57.045277    *
*  std. dev. = 0.11273890       accum. std. dev = 0.28788803E-01*
*   max. wt. =    2.05088                                       *
*                                                               *
**************   chi**2/iteration =  2.041       ****************


************* Integration by Vegas (iteration  20) **************
*                                                               *
*  integral  =  56.964199       accum. integral =  57.040253    *
*  std. dev. = 0.11201283       accum. std. dev = 0.27882622E-01*
*   max. wt. =    2.05088                                       *
*                                                               *
**************   chi**2/iteration =  1.959       ****************


 input parameters for vegas:  ndim= 10  ncall= 472392.
                              it=   21  itmx=   50
                              nprn=  0  alph= 1.50
                              mds=  1   nd= 100
                              xl( 1)=   0.000     xu( 1)=   1.000    
                              xl( 2)=   0.000     xu( 2)=   1.000    
                              xl( 3)=   0.000     xu( 3)=   1.000    
                              xl( 4)=   0.000     xu( 4)=   1.000    
                              xl( 5)=   0.000     xu( 5)=   1.000    
                              xl( 6)=   0.000     xu( 6)=   1.000    
                              xl( 7)=   0.000     xu( 7)=   1.000    
                              xl( 8)=   0.000     xu( 8)=   1.000    
                              xl( 9)=   0.000     xu( 9)=   1.000    
                              xl(10)=   0.000     xu(10)=   1.000    

************* Integration by Vegas (iteration   1) **************
*                                                               *
*  integral  =  57.094218       accum. integral =  57.094218    *
*  std. dev. = 0.11274159       accum. std. dev = 0.11274159    *
*   max. wt. =   0.183134E-01                                   *
*                                                               *
**************   chi**2/iteration =  0.000       ****************

 Writing out intermediate results for iteration           1

************* Integration by Vegas (iteration   2) **************
*                                                               *
*  integral  =  57.188496       accum. integral =  57.142560    *
*  std. dev. = 0.10989992       accum. std. dev = 0.78696427E-01*
*   max. wt. =   0.183134E-01                                   *
*                                                               *
**************   chi**2/iteration = 0.3550       ****************

 Writing out intermediate results for iteration           2

************* Integration by Vegas (iteration   3) **************
*                                                               *
*  integral  =  57.125445       accum. integral =  57.136834    *
*  std. dev. = 0.11098850       accum. std. dev = 0.64196496E-01*
*   max. wt. =   0.183134E-01                                   *
*                                                               *
**************   chi**2/iteration = 0.1863       ****************

 Writing out intermediate results for iteration           3

************* Integration by Vegas (iteration   4) **************
*                                                               *
*  integral  =  56.978284       accum. integral =  57.095420    *
*  std. dev. = 0.10796523       accum. std. dev = 0.55178978E-01*
*   max. wt. =   0.183134E-01                                   *
*                                                               *
**************   chi**2/iteration = 0.6537       ****************

 Writing out intermediate results for iteration           4

************* Integration by Vegas (iteration   5) **************
*                                                               *
*  integral  =  57.034853       accum. integral =  57.083567    *
*  std. dev. = 0.11186281       accum. std. dev = 0.49486004E-01*
*   max. wt. =   0.183134E-01                                   *
*                                                               *
**************   chi**2/iteration = 0.5495       ****************

 Writing out intermediate results for iteration           5

************* Integration by Vegas (iteration   6) **************
*                                                               *
*  integral  =  57.166627       accum. integral =  57.094950    *
*  std. dev. = 0.12417661       accum. std. dev = 0.45970133E-01*
*   max. wt. =   0.476572E-01                                   *
*                                                               *
**************   chi**2/iteration = 0.5169       ****************

 Writing out intermediate results for iteration           6

************* Integration by Vegas (iteration   7) **************
*                                                               *
*  integral  =  57.165249       accum. integral =  57.104106    *
*  std. dev. = 0.11879913       accum. std. dev = 0.42872300E-01*
*   max. wt. =   0.476572E-01                                   *
*                                                               *
**************   chi**2/iteration = 0.4815       ****************

 Writing out intermediate results for iteration           7

************* Integration by Vegas (iteration   8) **************
*                                                               *
*  integral  =  56.980878       accum. integral =  57.088072    *
*  std. dev. = 0.11085307       accum. std. dev = 0.39986020E-01*
*   max. wt. =   0.476572E-01                                   *
*                                                               *
**************   chi**2/iteration = 0.5662       ****************

 Writing out intermediate results for iteration           8

************* Integration by Vegas (iteration   9) **************
*                                                               *
*  integral  =  56.704944       accum. integral =  57.042708    *
*  std. dev. = 0.10910847       accum. std. dev = 0.37544198E-01*
*   max. wt. =   0.476572E-01                                   *
*                                                               *
**************   chi**2/iteration =  1.853       ****************

 Writing out intermediate results for iteration           9

************* Integration by Vegas (iteration  10) **************
*                                                               *
*  integral  =  56.950150       accum. integral =  57.033478    *
*  std. dev. = 0.11281204       accum. std. dev = 0.35623216E-01*
*   max. wt. =   0.476572E-01                                   *
*                                                               *
**************   chi**2/iteration =  1.714       ****************

 Writing out intermediate results for iteration          10

************* Integration by Vegas (iteration  11) **************
*                                                               *
*  integral  =  57.102278       accum. integral =  57.039621    *
*  std. dev. = 0.11377086       accum. std. dev = 0.33995701E-01*
*   max. wt. =   0.476572E-01                                   *
*                                                               *
**************   chi**2/iteration =  1.576       ****************

 Writing out intermediate results for iteration          11

************* Integration by Vegas (iteration  12) **************
*                                                               *
*  integral  =  56.759973       accum. integral =  57.015888    *
*  std. dev. = 0.11163277       accum. std. dev = 0.32521134E-01*
*   max. wt. =   0.476572E-01                                   *
*                                                               *
**************   chi**2/iteration =  1.955       ****************

 Writing out intermediate results for iteration          12

************* Integration by Vegas (iteration  13) **************
*                                                               *
*  integral  =  56.967495       accum. integral =  57.012348    *
*  std. dev. = 0.11576069       accum. std. dev = 0.31309076E-01*
*   max. wt. =   0.476572E-01                                   *
*                                                               *
**************   chi**2/iteration =  1.805       ****************

 Writing out intermediate results for iteration          13

************* Integration by Vegas (iteration  14) **************
*                                                               *
*  integral  =  57.129938       accum. integral =  57.020468    *
*  std. dev. = 0.11496012       accum. std. dev = 0.30208776E-01*
*   max. wt. =   0.476572E-01                                   *
*                                                               *
**************   chi**2/iteration =  1.742       ****************

 Writing out intermediate results for iteration          14

************* Integration by Vegas (iteration  15) **************
*                                                               *
*  integral  =  57.053535       accum. integral =  57.022506    *
*  std. dev. = 0.11785809       accum. std. dev = 0.29262822E-01*
*   max. wt. =   0.476572E-01                                   *
*                                                               *
**************   chi**2/iteration =  1.622       ****************

 Writing out intermediate results for iteration          15

************* Integration by Vegas (iteration  16) **************
*                                                               *
*  integral  =  57.101232       accum. integral =  57.027203    *
*  std. dev. = 0.11617498       accum. std. dev = 0.28376472E-01*
*   max. wt. =   0.476572E-01                                   *
*                                                               *
**************   chi**2/iteration =  1.543       ****************

 Writing out intermediate results for iteration          16

************* Integration by Vegas (iteration  17) **************
*                                                               *
*  integral  =  57.068964       accum. integral =  57.029724    *
*  std. dev. = 0.11195608       accum. std. dev = 0.27506677E-01*
*   max. wt. =   0.476572E-01                                   *
*                                                               *
**************   chi**2/iteration =  1.455       ****************

 Writing out intermediate results for iteration          17

************* Integration by Vegas (iteration  18) **************
*                                                               *
*  integral  =  57.118787       accum. integral =  57.034124    *
*  std. dev. = 0.12066325       accum. std. dev = 0.26818662E-01*
*   max. wt. =   0.476572E-01                                   *
*                                                               *
**************   chi**2/iteration =  1.400       ****************

 Writing out intermediate results for iteration          18

************* Integration by Vegas (iteration  19) **************
*                                                               *
*  integral  =  57.050553       accum. integral =  57.034913    *
*  std. dev. = 0.11933981       accum. std. dev = 0.26166087E-01*
*   max. wt. =   0.476572E-01                                   *
*                                                               *
**************   chi**2/iteration =  1.323       ****************

 Writing out intermediate results for iteration          19

************* Integration by Vegas (iteration  20) **************
*                                                               *
*  integral  =  57.150467       accum. integral =  57.040518    *
*  std. dev. = 0.11589422       accum. std. dev = 0.25523643E-01*
*   max. wt. =   0.476572E-01                                   *
*                                                               *
**************   chi**2/iteration =  1.303       ****************

 Writing out intermediate results for iteration          20

************* Integration by Vegas (iteration  21) **************
*                                                               *
*  integral  =  57.013646       accum. integral =  57.039220    *
*  std. dev. = 0.11328236       accum. std. dev = 0.24899461E-01*
*   max. wt. =   0.476572E-01                                   *
*                                                               *
**************   chi**2/iteration =  1.241       ****************

 Writing out intermediate results for iteration          21

************* Integration by Vegas (iteration  22) **************
*                                                               *
*  integral  =  57.089087       accum. integral =  57.041377    *
*  std. dev. = 0.11710474       accum. std. dev = 0.24355007E-01*
*   max. wt. =   0.476572E-01                                   *
*                                                               *
**************   chi**2/iteration =  1.190       ****************

 Writing out intermediate results for iteration          22

************* Integration by Vegas (iteration  23) **************
*                                                               *
*  integral  =  57.120526       accum. integral =  57.044593    *
*  std. dev. = 0.11834176       accum. std. dev = 0.23855060E-01*
*   max. wt. =   0.476572E-01                                   *
*                                                               *
**************   chi**2/iteration =  1.155       ****************

 Writing out intermediate results for iteration          23

************* Integration by Vegas (iteration  24) **************
*                                                               *
*  integral  =  57.099930       accum. integral =  57.046875    *
*  std. dev. = 0.11502978       accum. std. dev = 0.23358066E-01*
*   max. wt. =   0.476572E-01                                   *
*                                                               *
**************   chi**2/iteration =  1.115       ****************

 Writing out intermediate results for iteration          24

************* Integration by Vegas (iteration  25) **************
*                                                               *
*  integral  =  56.983805       accum. integral =  57.044251    *
*  std. dev. = 0.11211927       accum. std. dev = 0.22867094E-01*
*   max. wt. =   0.476572E-01                                   *
*                                                               *
**************   chi**2/iteration =  1.081       ****************

 Writing out intermediate results for iteration          25

************* Integration by Vegas (iteration  26) **************
*                                                               *
*  integral  =  56.856672       accum. integral =  57.036637    *
*  std. dev. = 0.11116820       accum. std. dev = 0.22398150E-01*
*   max. wt. =   0.476572E-01                                   *
*                                                               *
**************   chi**2/iteration =  1.147       ****************

 Writing out intermediate results for iteration          26

************* Integration by Vegas (iteration  27) **************
*                                                               *
*  integral  =  57.115887       accum. integral =  57.039509    *
*  std. dev. = 0.11550636       accum. std. dev = 0.21988557E-01*
*   max. wt. =   0.476572E-01                                   *
*                                                               *
**************   chi**2/iteration =  1.120       ****************

 Writing out intermediate results for iteration          27

************* Integration by Vegas (iteration  28) **************
*                                                               *
*  integral  =  57.094399       accum. integral =  57.041444    *
*  std. dev. = 0.11502766       accum. std. dev = 0.21597493E-01*
*   max. wt. =   0.476572E-01                                   *
*                                                               *
**************   chi**2/iteration =  1.087       ****************

 Writing out intermediate results for iteration          28

************* Integration by Vegas (iteration  29) **************
*                                                               *
*  integral  =  56.986540       accum. integral =  57.039668    *
*  std. dev. = 0.11814595       accum. std. dev = 0.21245429E-01*
*   max. wt. =   0.476572E-01                                   *
*                                                               *
**************   chi**2/iteration =  1.056       ****************

 Writing out intermediate results for iteration          29

************* Integration by Vegas (iteration  30) **************
*                                                               *
*  integral  =  57.061946       accum. integral =  57.040343    *
*  std. dev. = 0.12023473       accum. std. dev = 0.20921329E-01*
*   max. wt. =   0.476572E-01                                   *
*                                                               *
**************   chi**2/iteration =  1.020       ****************

 Writing out intermediate results for iteration          30

************* Integration by Vegas (iteration  31) **************
*                                                               *
*  integral  =  57.004708       accum. integral =  57.039204    *
*  std. dev. = 0.11517681       accum. std. dev = 0.20584492E-01*
*   max. wt. =   0.476572E-01                                   *
*                                                               *
**************   chi**2/iteration = 0.9896       ****************

 Writing out intermediate results for iteration          31

************* Integration by Vegas (iteration  32) **************
*                                                               *
*  integral  =  57.131325       accum. integral =  57.040866    *
*  std. dev. = 0.15187101       accum. std. dev = 0.20397980E-01*
*   max. wt. =   0.101803                                       *
*                                                               *
**************   chi**2/iteration = 0.9693       ****************

 Writing out intermediate results for iteration          32

************* Integration by Vegas (iteration  33) **************
*                                                               *
*  integral  =  56.923751       accum. integral =  57.038563    *
*  std. dev. = 0.14401129       accum. std. dev = 0.20196393E-01*
*   max. wt. =   0.101803                                       *
*                                                               *
**************   chi**2/iteration = 0.9593       ****************

 Writing out intermediate results for iteration          33

************* Integration by Vegas (iteration  34) **************
*                                                               *
*  integral  =  57.096142       accum. integral =  57.040141    *
*  std. dev. = 0.12031804       accum. std. dev = 0.19917737E-01*
*   max. wt. =   0.101803                                       *
*                                                               *
**************   chi**2/iteration = 0.9370       ****************

 Writing out intermediate results for iteration          34

************* Integration by Vegas (iteration  35) **************
*                                                               *
*  integral  =  56.893520       accum. integral =  57.035842    *
*  std. dev. = 0.11460411       accum. std. dev = 0.19623576E-01*
*   max. wt. =   0.101803                                       *
*                                                               *
**************   chi**2/iteration = 0.9561       ****************

 Writing out intermediate results for iteration          35

************* Integration by Vegas (iteration  36) **************
*                                                               *
*  integral  =  57.122598       accum. integral =  57.038373    *
*  std. dev. = 0.11319357       accum. std. dev = 0.19335170E-01*
*   max. wt. =   0.101803                                       *
*                                                               *
**************   chi**2/iteration = 0.9451       ****************

 Writing out intermediate results for iteration          36

************* Integration by Vegas (iteration  37) **************
*                                                               *
*  integral  =  57.145908       accum. integral =  57.041380    *
*  std. dev. = 0.11400867       accum. std. dev = 0.19062968E-01*
*   max. wt. =   0.101803                                       *
*                                                               *
**************   chi**2/iteration = 0.9429       ****************

 Writing out intermediate results for iteration          37

************* Integration by Vegas (iteration  38) **************
*                                                               *
*  integral  =  57.189830       accum. integral =  57.045256    *
*  std. dev. = 0.11642737       accum. std. dev = 0.18812470E-01*
*   max. wt. =   0.101803                                       *
*                                                               *
**************   chi**2/iteration = 0.9602       ****************

 Writing out intermediate results for iteration          38

************* Integration by Vegas (iteration  39) **************
*                                                               *
*  integral  =  57.117159       accum. integral =  57.047151    *
*  std. dev. = 0.11432996       accum. std. dev = 0.18562852E-01*
*   max. wt. =   0.101803                                       *
*                                                               *
**************   chi**2/iteration = 0.9450       ****************

 Writing out intermediate results for iteration          39

************* Integration by Vegas (iteration  40) **************
*                                                               *
*  integral  =  57.094546       accum. integral =  57.048375    *
*  std. dev. = 0.11398812       accum. std. dev = 0.18321500E-01*
*   max. wt. =   0.101803                                       *
*                                                               *
**************   chi**2/iteration = 0.9251       ****************

 Writing out intermediate results for iteration          40

************* Integration by Vegas (iteration  41) **************
*                                                               *
*  integral  =  57.066908       accum. integral =  57.048786    *
*  std. dev. = 0.12172685       accum. std. dev = 0.18117431E-01*
*   max. wt. =   0.101803                                       *
*                                                               *
**************   chi**2/iteration = 0.9026       ****************

 Writing out intermediate results for iteration          41

************* Integration by Vegas (iteration  42) **************
*                                                               *
*  integral  =  57.053689       accum. integral =  57.048898    *
*  std. dev. = 0.11850128       accum. std. dev = 0.17909327E-01*
*   max. wt. =   0.101803                                       *
*                                                               *
**************   chi**2/iteration = 0.8806       ****************

 Writing out intermediate results for iteration          42

************* Integration by Vegas (iteration  43) **************
*                                                               *
*  integral  =  57.243648       accum. integral =  57.052452    *
*  std. dev. = 0.13136755       accum. std. dev = 0.17745182E-01*
*   max. wt. =   0.101803                                       *
*                                                               *
**************   chi**2/iteration = 0.9110       ****************

 Writing out intermediate results for iteration          43

************* Integration by Vegas (iteration  44) **************
*                                                               *
*  integral  =  56.991520       accum. integral =  57.051349    *
*  std. dev. = 0.13071447       accum. std. dev = 0.17583890E-01*
*   max. wt. =   0.101803                                       *
*                                                               *
**************   chi**2/iteration = 0.8948       ****************

 Writing out intermediate results for iteration          44

************* Integration by Vegas (iteration  45) **************
*                                                               *
*  integral  =  57.132061       accum. integral =  57.053131    *
*  std. dev. = 0.11703835       accum. std. dev = 0.17388735E-01*
*   max. wt. =   0.101803                                       *
*                                                               *
**************   chi**2/iteration = 0.8850       ****************

 Writing out intermediate results for iteration          45

************* Integration by Vegas (iteration  46) **************
*                                                               *
*  integral  =  57.012858       accum. integral =  57.052226    *
*  std. dev. = 0.11469587       accum. std. dev = 0.17192277E-01*
*   max. wt. =   0.101803                                       *
*                                                               *
**************   chi**2/iteration = 0.8680       ****************

 Writing out intermediate results for iteration          46

************* Integration by Vegas (iteration  47) **************
*                                                               *
*  integral  =  56.999453       accum. integral =  57.051028    *
*  std. dev. = 0.11284023       accum. std. dev = 0.16996139E-01*
*   max. wt. =   0.101803                                       *
*                                                               *
**************   chi**2/iteration = 0.8538       ****************

 Writing out intermediate results for iteration          47

************* Integration by Vegas (iteration  48) **************
*                                                               *
*  integral  =  56.937276       accum. integral =  57.048473    *
*  std. dev. = 0.11211497       accum. std. dev = 0.16804146E-01*
*   max. wt. =   0.101803                                       *
*                                                               *
**************   chi**2/iteration = 0.8571       ****************

 Writing out intermediate results for iteration          48

************* Integration by Vegas (iteration  49) **************
*                                                               *
*  integral  =  57.057138       accum. integral =  57.048650    *
*  std. dev. = 0.11627766       accum. std. dev = 0.16631368E-01*
*   max. wt. =   0.101803                                       *
*                                                               *
**************   chi**2/iteration = 0.8393       ****************

 Writing out intermediate results for iteration          49

************* Integration by Vegas (iteration  50) **************
*                                                               *
*  integral  =  56.949268       accum. integral =  57.046656    *
*  std. dev. = 0.11622316       accum. std. dev = 0.16463658E-01*
*   max. wt. =   0.101803                                       *
*                                                               *
**************   chi**2/iteration = 0.8368       ****************


Value of final lord integral is       57.0467 +/-     0.0165 fb

 Total number of shots       :     23619600
 Total no. failing cuts      :      9213068
 Number failing jet cuts     :            0
 Number failing process cuts :            0

   Jet efficiency : 100.00%
   Cut efficiency : 100.00%
 Total efficiency : 100.00%

 Contribution from parton sub-processes:
 ---------------------------------------
       GG     |          57.04666  100.00%
       GQ     |           0.00000    0.00%
       GQB    |           0.00000    0.00%
       QG     |           0.00000    0.00%
       QBG    |           0.00000    0.00%
       QQ     |           0.00000    0.00%
       QBQB   |           0.00000    0.00%
       QQB    |           0.00000    0.00%
       QBQ    |           0.00000    0.00%
 ---------------------------------------

 ****************************************************
 output files  E_var/E_100/MSTW/TOP/ggZZ4l_lord_mstw8lo_0___0___126_131_run_100
 ****************************************************
