 ************** MCFM - version 6.8 ****************
 *                                                *
 * MCFM, v6.8                   April 26th, 2014  *
 *                                                *
 * Authors: John Campbell, Keith Ellis,           *
 *          Ciaran Williams                       *
 *         (johnmc@fnal.gov, ellis@fnal.gov,      *
 *          ciaran@fnal.gov)                      *
 *                                                *
 * For details see:                               *
 *                                                *
 *  arXiv:1403.2641 (Triphoton production)        *
 *  arXiv:1312.1628 (gg->WW, Higgs interference)  *
 *  arXiv:1311.3589 (gg->ZZ, Higgs interference)  *
 *  Phys.Rev.D87:114006, arXiv:1302.3856          *
 *  (tZ, tH -- with R. Rontsch)                   *
 *  arXiv:1211.6390 (DM, P. Fox and C. Williams)  *
 *  JHEP 1211:162 (2012), arXiv:1208.0566         *
 *  (Z+gam+jet,Z+gam+gam -- with H. Hartanto)     *
 *  arXiv:1204.1513 (top production+decay)        *
 *  JHEP 1207:052 (2012), arXiv:1204.5678 (ttW)   *
 *  JHEP 1110:005 (2011), arXiv:1107.5569         *
 *         (gg->WW,Higgs intference)              *
 *  JHEP 1107:018 (2011), arXiv:1105.0020         *
 *         (diboson update)                       *
 *  JHEP 1103:027 (2011), arXiv:1011.6647         *
 *         (Wbb for mb>0, with S. Badger)         *
 *  Phys.Rev.D81:074023, arXiv:1001.4495 (H+2jet) *
 *                                                *
 *  P.R.L. 102:142001, arXiv:0903.0005 [hep-ph]   *
 *    (t-channel single top + explicit b,         *
 *      JC, R.Frederix, F.Maltoni, F.Tramontano)  *
 *  N.P.B 726:109(2005), hep-ph/0506289 (W+t)     *
 *  Phys.Rev.D70:094012, hep-ph/0408158 (Sngl Top)*
 *       (with Francesco Tramontano)              *
 *                                                *
 *  Phys.Rev.D65:113007, hep-ph/0202176 (W,Z+2j)  *
 *  Phys.Rev.D62:114012, hep-ph/0006304 (W,Z+bb)  *
 *  Phys.Rev.D60:113006, hep-ph/9905386 (diboson) *
 *                                                *
 * On the web:  http://mcfm.fnal.gov/             *
 **************************************************

 * Using input file named E_var/E_50/MSTW/HHTOP/input_131_50.DAT                                  

 * [Flags to specify the mode in which MCFM is run]                                          
 *                   -1            [nevtrequested] 
 *                    F            [creatent] 
 *                    F            [skipnt] 
 *                    F            [dswhisto] 
 *                    F            [creategrid] 
 *                    T            [writetop] 
 *                    T            [writedat] 
 *                    T            [writegnu] 
 *                    T            [writeroot] 
 *                    F            [writepwg] 

 * [General options to specify the process and execution]                                    
 *                  131            [nproc] 
 *                 lord            [part] 
 * 131_run_50                      [runstring] 
 *           50000.0000            [sqrts] 
 *                    1            [ih1] 
 *                    1            [ih2] 
 *             126.0000            [hmass] 
 *               0.5000            [scale] 
 *               0.5000            [facscale] 
 * m(3456)                         [dynamicscale] 
 *                    F            [zerowidth] 
 *                    F            [removebr] 
 *                   20            [itmx1] 
 *               500000            [ncall1] 
 *                   50            [itmx2] 
 *               500000            [ncall2] 
 *                 2020            [ij] 
 *                    F            [dryrun] 
 *                    T            [Qflag] 
 *                    T            [Gflag] 

 * [Heavy quark masses]                                                                      
 *             173.2000            [top mass] 
 *               4.7500            [bottom mass] 
 *               1.5000            [charm mass] 

 * [Pdf selection]                                                                           
 *              mstw8lo            [pdlabel] 
 *                    4            [NGROUP] 
 *                   46            [NSET] 
 * cteq6mE.LHgrid                  [LHAPDF group] 
 *                   -1            [LHAPDF set] 

 * [Jet definition and event cuts]                                                           
 *               0.0000            [m34min] 
 *           50000.0000            [m34max] 
 *               0.0000            [m56min] 
 *           50000.0000            [m56max] 
 *                    T            [inclusive] 
 *                 ankt            [algorithm] 
 *              15.0000            [ptjetmin] 
 *               0.0000            [etajetmin] 
 *               5.0000            [etajetmax] 
 *               0.5000            [Rcut] 
 *                    T            [makecuts] 
 *               0.0000            [leptpt] 
 *              99.0000            [leptrap] 
 *    0.000,   0.000                [leptveto] 
 *               0.0000            [misspt] 
 *               0.0000            [leptpt2] 
 *              99.0000            [leptrap2] 
 *    0.000,   0.000                [leptveto2] 
 *               0.0000            [mtrans34cut] 
 *               0.0000            [Rjlmin] 
 *               0.0000            [Rllmin] 
 *               0.0000            [delyjjmin] 
 *                    F            [jetsopphem] 
 *                    0            [lbjscheme] 
 *               0.0000            [ptbjetmin] 
 *              99.0000            [etabjetmax] 

 * [Settings for photon processes]                                                           
 *                    F            [frag] 
 *             GdRG__LO            [fragset] 
 *              80.0000            [frag_scale] 
 *              20.0000            [gammpt] 
 *               2.5000            [gammrap] 
 *              20.0000            [gammpt2] 
 *              20.0000            [gammpt3] 
 *               0.0000            [Rgalmin] 
 *               0.4000            [Rgagamin] 
 *               0.4000            [Rgajetmin] 
 *               0.4000            [cone_ang] 
 *               0.5000            [epsilon_h] 

 * [Anomalous couplings of the W and Z]                                                      
 *               0.0000            [delg1_z] 
 *               0.0000            [delk_z] 
 *               0.0000            [delk_g] 
 *               0.0000            [lambda_z] 
 *               0.0000            [lambda_g] 
 *               0.0000            [h1Z] 
 *               0.0000            [h1gam] 
 *               0.0000            [h2Z] 
 *               0.0000            [h2gam] 
 *               0.0000            [h3Z] 
 *               0.0000            [h3gam] 
 *               0.0000            [h4Z] 
 *               0.0000            [h4gam] 
 *               2.0000            [tevscale] 

 * [Anomalous width of the Higgs]                                                            
 *               1.0000            [Gamma_H/Gamma_H(SM)] 

 * [How to resume/save a run]                                                                
 *                    F            [readin] 
 *                    F            [writeout] 
 *                                 [ingridfile] 
 *                                 [outgridfile] 

 * [Technical parameters that should not normally be changed]

 *                    F            [debug] 
 *                    T            [verbose] 
 *                    F            [new_pspace] 
 *                    F            [virtonly] 
 *                    F            [realonly] 
 *                    T            [spira] 
 *                    F            [noglue] 
 *                    F            [ggonly] 
 *                    F            [gqonly] 
 *                    F            [omitgg] 
 *                    F            [vanillafiles] 
 *                    1            [nmin] 
 *                    2            [nmax] 
 *                    T            [clustering] 
 *                    F            [realwt] 
 *                    0            [colourchoice] 
 *               0.0100            [rtsmin] 
 *               0.0001            [cutoff] 
 *               0.1000            [aii] 
 *               0.1000            [aif] 
 *               0.1000            [afi] 
 *               1.0000            [aff] 
 *               1.0000            [bfi] 
 *               1.0000            [bff] 

 Chooser:process chosen by nproc=         131

 *************************** f(p1)+f(p2) --> ******************************************
 * Z^0(e^-(p3)+e^+(p4)) + Z^0(mu^-(p5)+mu^+(p6) [gg only, (H + gg->ZZ) squared]       *
 **************************************************************************************

 ************** Electroweak parameters **************
 *                                                  *
 *  zmass(+)   91.1876000     wmass(+)  80.3980000  *
 * zwidth(+)    2.4952000    wwidth(+)   2.1054000  *
 *     Gf(+) 0.116639D-04   1/aemmz    132.3384323  *
 *     xw       0.2226459      mtop(+) 173.2000000  *
 *   gwsq       0.4264904       esq      0.0949563  *
 * top width    1.4743080 (LO)                      *
 *    mb        4.7500000        mc      1.5000000  *
 *                                                  *
 * Parameters marked (+) are input, others derived  *
 ****************************************************

 ****************** Higgs parameters ****************
 *                                                  *
 *   mass(H) =  126.00      width(H) =  0.43070E-02 *
 *                                                  *
 *              Br( H -> b bbar)  =   0.48164       *
 *              Br( H -> tau tau) =   0.06056       *
 *              Br( H -> W W)     =   0.00000       *
 *              Br( H -> Z Z)     =   0.00000       *
 *              Br( H -> gam gam) =   0.00235       *
 *              Br( H -> Z gam)   =   0.00164       *
 ****************************************************
 *                                                  *
 * Note: branching ratios reported here can be > 1  *
 *       since the total Higgs width is calculated  *
 *       at NLO but the BR calculation uses a       *
 *       partial width at LO only.                  *
 *                                                  *
 ****************************************************

 WARNING: Higgs decay H->ZZ is below threshold and
 may not yield sensible results - check the number
 of integration points

 ***************** CKM mixing matrix ****************
 *                                                  *
 *      Vud=.97500    Vus=.22200    Vub=0.0000      *
 *      Vcd=.22200    Vcs=.97500    Vcb=0.0000      *
 ****************************************************

 ************* Strong coupling, alpha_s  ************
 *                                                  *
 *  Dynamic scale - alpha_s changed event-by-event  *
 *       alpha_s (zmass)  0.13939000                *
 *         (using 1-loop running of alpha_s)        *
 ****************************************************

 ****************************************
 *     Cross section in femtobarns      *
 ****************************************


 input parameters for vegas:  ndim= 10  ncall= 472392.
                              it=    0  itmx=   20
                              nprn=  0  alph= 1.50
                              mds=  1   nd= 100
                              xl( 1)=   0.000     xu( 1)=   1.000    
                              xl( 2)=   0.000     xu( 2)=   1.000    
                              xl( 3)=   0.000     xu( 3)=   1.000    
                              xl( 4)=   0.000     xu( 4)=   1.000    
                              xl( 5)=   0.000     xu( 5)=   1.000    
                              xl( 6)=   0.000     xu( 6)=   1.000    
                              xl( 7)=   0.000     xu( 7)=   1.000    
                              xl( 8)=   0.000     xu( 8)=   1.000    
                              xl( 9)=   0.000     xu( 9)=   1.000    
                              xl(10)=   0.000     xu(10)=   1.000    

 ****************** Basic mass cuts *****************
 *                                                  *
 *              0.00  <   m34  <  50000.00           *
 *              0.00  <   m56  <  50000.00           *
 ****************************************************
 *********** CMS Higgs Search cuts******
 *                                     *
 *     pt(mu) >           5.00 GeV     *
 *     pt(el) >           7.00 GeV     *
 *     |eta_mu| <         2.40         *
 *     |eta_el| <         2.50         *
 *     m4lmin >         100.00 GeV     *
 *     m2lmin >           4.00 GeV     *
 *     ptleading >       20.00 GeV     *
 *     ptnexttoleading > 10.00 GeV     *
 *     mllnear >         40.00 GeV     *
 *     mllfar >          12.00 GeV     *
 *     mllmax >         120.00 GeV     *
 ***************************************

 ************** Dynamic scale choice ****************
 *                                                  *
 *                 RENORMALIZATION                  *
 *       mu_ren  =  0.50 x m(3456)                  *
 *                                                  *
 *                  FACTORIZATION                   *
 *       mu_fac  =  0.50 x m(3456)                  *
 *                                                  *
 ****************************************************
 ====================================================
   This is QCDLoop - version 1.95                    
   Authors: Keith Ellis and Giulia Zanderighi        
   (ellis@fnal.gov, g.zanderighi1@physics.ox.ac.uk)  
   For details see FERMILAB-PUB-07-633-T,OUTP-07/16P 
   arXiv:0712.1851 [hep-ph], published in            
   JHEP 0802:002,2008.                               
 ====================================================
 ====================================================
   FF 2.0, a package to evaluate one-loop integrals
 written by G. J. van Oldenborgh, NIKHEF-H, Amsterdam
 ====================================================
 for the algorithms used see preprint NIKHEF-H 89/17,
 'New Algorithms for One-loop Integrals', by G.J. van
 Oldenborgh and J.A.M. Vermaseren, published in 
 Zeitschrift fuer Physik C46(1990)425.
 ====================================================
 ffini: precx =    4.4408920985006262E-016
 ffini: precc =    4.4408920985006262E-016
 ffini: xalogm =    4.9406564584124654E-324
 ffini: xclogm =    4.9406564584124654E-324
 ****************************************************
 *                                                  *
 *  gg->ZZ box loop includes gens. 1 and 2          *
 *  gg->ZZ box loop includes bottom quark           *
 *  gg->ZZ box loop includes top quark              *
 *                                                  *
 *  Numer. stability: pt(Z) > 0.100 GeV (gens. 1,2) *
 *  Numer. stability: pt(Z) > 0.100 GeV (b,t loops) *
 *                                                  *
 ****************************************************
 Reading PDF grid from Pdfdata/mstw2008lo.00.dat

************* Integration by Vegas (iteration   1) **************
*                                                               *
*  integral  =  20.919051       accum. integral =  20.919051    *
*  std. dev. = 0.60291800       accum. std. dev = 0.60291800    *
*   max. wt. =   0.313127                                       *
*                                                               *
**************   chi**2/iteration = 0.2274E-10   ****************


************* Integration by Vegas (iteration   2) **************
*                                                               *
*  integral  =  25.973108       accum. integral =  21.321168    *
*  std. dev. =  2.0506873       accum. std. dev = 0.57843593    *
*   max. wt. =    1.49757                                       *
*                                                               *
**************   chi**2/iteration =  5.535       ****************


************* Integration by Vegas (iteration   3) **************
*                                                               *
*  integral  =  23.783565       accum. integral =  22.760458    *
*  std. dev. = 0.48768744       accum. std. dev = 0.37285221    *
*   max. wt. =    1.49757                                       *
*                                                               *
**************   chi**2/iteration =  8.051       ****************


************* Integration by Vegas (iteration   4) **************
*                                                               *
*  integral  =  23.502096       accum. integral =  23.448574    *
*  std. dev. = 0.10398554       accum. std. dev = 0.10016310    *
*   max. wt. =    1.49757                                       *
*                                                               *
**************   chi**2/iteration =  6.596       ****************


************* Integration by Vegas (iteration   5) **************
*                                                               *
*  integral  =  23.497583       accum. integral =  23.484361    *
*  std. dev. = 0.60881741E-01   accum. std. dev = 0.52025178E-01*
*   max. wt. =    1.49757                                       *
*                                                               *
**************   chi**2/iteration =  4.995       ****************


************* Integration by Vegas (iteration   6) **************
*                                                               *
*  integral  =  23.479856       accum. integral =  23.482017    *
*  std. dev. = 0.49948230E-01   accum. std. dev = 0.36030615E-01*
*   max. wt. =    1.49757                                       *
*                                                               *
**************   chi**2/iteration =  3.999       ****************


************* Integration by Vegas (iteration   7) **************
*                                                               *
*  integral  =  23.637581       accum. integral =  23.539070    *
*  std. dev. = 0.47345169E-01   accum. std. dev = 0.28672120E-01*
*   max. wt. =    1.49757                                       *
*                                                               *
**************   chi**2/iteration =  4.471       ****************


************* Integration by Vegas (iteration   8) **************
*                                                               *
*  integral  =  23.548630       accum. integral =  23.541544    *
*  std. dev. = 0.48525901E-01   accum. std. dev = 0.24685096E-01*
*   max. wt. =    1.49757                                       *
*                                                               *
**************   chi**2/iteration =  3.837       ****************


************* Integration by Vegas (iteration   9) **************
*                                                               *
*  integral  =  23.550794       accum. integral =  23.543584    *
*  std. dev. = 0.46409788E-01   accum. std. dev = 0.21793977E-01*
*   max. wt. =    1.49757                                       *
*                                                               *
**************   chi**2/iteration =  3.362       ****************


************* Integration by Vegas (iteration  10) **************
*                                                               *
*  integral  =  23.613546       accum. integral =  23.554602    *
*  std. dev. = 0.50409549E-01   accum. std. dev = 0.20004441E-01*
*   max. wt. =    1.49757                                       *
*                                                               *
**************   chi**2/iteration =  3.169       ****************


************* Integration by Vegas (iteration  11) **************
*                                                               *
*  integral  =  23.443458       accum. integral =  23.537326    *
*  std. dev. = 0.46629940E-01   accum. std. dev = 0.18384101E-01*
*   max. wt. =    1.49757                                       *
*                                                               *
**************   chi**2/iteration =  3.332       ****************


************* Integration by Vegas (iteration  12) **************
*                                                               *
*  integral  =  23.465132       accum. integral =  23.528392    *
*  std. dev. = 0.48920527E-01   accum. std. dev = 0.17209066E-01*
*   max. wt. =    1.49757                                       *
*                                                               *
**************   chi**2/iteration =  3.202       ****************


************* Integration by Vegas (iteration  13) **************
*                                                               *
*  integral  =  23.543049       accum. integral =  23.530102    *
*  std. dev. = 0.47351682E-01   accum. std. dev = 0.16174034E-01*
*   max. wt. =    1.49757                                       *
*                                                               *
**************   chi**2/iteration =  2.943       ****************


************* Integration by Vegas (iteration  14) **************
*                                                               *
*  integral  =  23.500875       accum. integral =  23.526932    *
*  std. dev. = 0.46368678E-01   accum. std. dev = 0.15271637E-01*
*   max. wt. =    1.49757                                       *
*                                                               *
**************   chi**2/iteration =  2.744       ****************


************* Integration by Vegas (iteration  15) **************
*                                                               *
*  integral  =  23.526346       accum. integral =  23.526875    *
*  std. dev. = 0.46621528E-01   accum. std. dev = 0.14512861E-01*
*   max. wt. =    1.49757                                       *
*                                                               *
**************   chi**2/iteration =  2.548       ****************


************* Integration by Vegas (iteration  16) **************
*                                                               *
*  integral  =  23.506781       accum. integral =  23.525243    *
*  std. dev. = 0.48820909E-01   accum. std. dev = 0.13911219E-01*
*   max. wt. =    1.49757                                       *
*                                                               *
**************   chi**2/iteration =  2.389       ****************


************* Integration by Vegas (iteration  17) **************
*                                                               *
*  integral  =  23.511816       accum. integral =  23.524160    *
*  std. dev. = 0.46957552E-01   accum. std. dev = 0.13338215E-01*
*   max. wt. =    1.49757                                       *
*                                                               *
**************   chi**2/iteration =  2.244       ****************


************* Integration by Vegas (iteration  18) **************
*                                                               *
*  integral  =  23.473933       accum. integral =  23.520264    *
*  std. dev. = 0.45993477E-01   accum. std. dev = 0.12810402E-01*
*   max. wt. =    1.49757                                       *
*                                                               *
**************   chi**2/iteration =  2.177       ****************


************* Integration by Vegas (iteration  19) **************
*                                                               *
*  integral  =  23.501646       accum. integral =  23.518957    *
*  std. dev. = 0.46620491E-01   accum. std. dev = 0.12352552E-01*
*   max. wt. =    1.49757                                       *
*                                                               *
**************   chi**2/iteration =  2.064       ****************


************* Integration by Vegas (iteration  20) **************
*                                                               *
*  integral  =  23.496856       accum. integral =  23.517475    *
*  std. dev. = 0.46079279E-01   accum. std. dev = 0.11931283E-01*
*   max. wt. =    1.49757                                       *
*                                                               *
**************   chi**2/iteration =  1.967       ****************


 input parameters for vegas:  ndim= 10  ncall= 472392.
                              it=   21  itmx=   50
                              nprn=  0  alph= 1.50
                              mds=  1   nd= 100
                              xl( 1)=   0.000     xu( 1)=   1.000    
                              xl( 2)=   0.000     xu( 2)=   1.000    
                              xl( 3)=   0.000     xu( 3)=   1.000    
                              xl( 4)=   0.000     xu( 4)=   1.000    
                              xl( 5)=   0.000     xu( 5)=   1.000    
                              xl( 6)=   0.000     xu( 6)=   1.000    
                              xl( 7)=   0.000     xu( 7)=   1.000    
                              xl( 8)=   0.000     xu( 8)=   1.000    
                              xl( 9)=   0.000     xu( 9)=   1.000    
                              xl(10)=   0.000     xu(10)=   1.000    

************* Integration by Vegas (iteration   1) **************
*                                                               *
*  integral  =  23.540672       accum. integral =  23.540672    *
*  std. dev. = 0.46778780E-01   accum. std. dev = 0.46778780E-01*
*   max. wt. =   0.795006E-02                                   *
*                                                               *
**************   chi**2/iteration =  0.000       ****************

 Writing out intermediate results for iteration           1

************* Integration by Vegas (iteration   2) **************
*                                                               *
*  integral  =  23.556908       accum. integral =  23.548735    *
*  std. dev. = 0.47098930E-01   accum. std. dev = 0.33190203E-01*
*   max. wt. =   0.795006E-02                                   *
*                                                               *
**************   chi**2/iteration = 0.5924E-01   ****************

 Writing out intermediate results for iteration           2

************* Integration by Vegas (iteration   3) **************
*                                                               *
*  integral  =  23.567874       accum. integral =  23.554945    *
*  std. dev. = 0.47888798E-01   accum. std. dev = 0.27279013E-01*
*   max. wt. =   0.795006E-02                                   *
*                                                               *
**************   chi**2/iteration = 0.8344E-01   ****************

 Writing out intermediate results for iteration           3

************* Integration by Vegas (iteration   4) **************
*                                                               *
*  integral  =  23.499657       accum. integral =  23.541184    *
*  std. dev. = 0.47387881E-01   accum. std. dev = 0.23641666E-01*
*   max. wt. =   0.795006E-02                                   *
*                                                               *
**************   chi**2/iteration = 0.3954       ****************

 Writing out intermediate results for iteration           4

************* Integration by Vegas (iteration   5) **************
*                                                               *
*  integral  =  23.461997       accum. integral =  23.524785    *
*  std. dev. = 0.46261112E-01   accum. std. dev = 0.21051895E-01*
*   max. wt. =   0.795006E-02                                   *
*                                                               *
**************   chi**2/iteration = 0.8762       ****************

 Writing out intermediate results for iteration           5

************* Integration by Vegas (iteration   6) **************
*                                                               *
*  integral  =  23.539110       accum. integral =  23.527048    *
*  std. dev. = 0.48600445E-01   accum. std. dev = 0.19317488E-01*
*   max. wt. =   0.913630E-02                                   *
*                                                               *
**************   chi**2/iteration = 0.7159       ****************

 Writing out intermediate results for iteration           6

************* Integration by Vegas (iteration   7) **************
*                                                               *
*  integral  =  23.584774       accum. integral =  23.535245    *
*  std. dev. = 0.47487165E-01   accum. std. dev = 0.17893611E-01*
*   max. wt. =   0.913630E-02                                   *
*                                                               *
**************   chi**2/iteration = 0.8077       ****************

 Writing out intermediate results for iteration           7

************* Integration by Vegas (iteration   8) **************
*                                                               *
*  integral  =  23.482870       accum. integral =  23.528493    *
*  std. dev. = 0.46513398E-01   accum. std. dev = 0.16700461E-01*
*   max. wt. =   0.913630E-02                                   *
*                                                               *
**************   chi**2/iteration = 0.8501       ****************

 Writing out intermediate results for iteration           8

************* Integration by Vegas (iteration   9) **************
*                                                               *
*  integral  =  23.394079       accum. integral =  23.513298    *
*  std. dev. = 0.46778612E-01   accum. std. dev = 0.15728183E-01*
*   max. wt. =   0.913630E-02                                   *
*                                                               *
**************   chi**2/iteration =  1.658       ****************

 Writing out intermediate results for iteration           9

************* Integration by Vegas (iteration  10) **************
*                                                               *
*  integral  =  23.484422       accum. integral =  23.510450    *
*  std. dev. = 0.47552182E-01   accum. std. dev = 0.14932569E-01*
*   max. wt. =   0.913630E-02                                   *
*                                                               *
**************   chi**2/iteration =  1.511       ****************

 Writing out intermediate results for iteration          10

************* Integration by Vegas (iteration  11) **************
*                                                               *
*  integral  =  23.538965       accum. integral =  23.513025    *
*  std. dev. = 0.47398868E-01   accum. std. dev = 0.14242498E-01*
*   max. wt. =   0.913630E-02                                   *
*                                                               *
**************   chi**2/iteration =  1.393       ****************

 Writing out intermediate results for iteration          11

************* Integration by Vegas (iteration  12) **************
*                                                               *
*  integral  =  23.431580       accum. integral =  23.506634    *
*  std. dev. = 0.48808727E-01   accum. std. dev = 0.13672300E-01*
*   max. wt. =   0.130390E-01                                   *
*                                                               *
**************   chi**2/iteration =  1.499       ****************

 Writing out intermediate results for iteration          12

************* Integration by Vegas (iteration  13) **************
*                                                               *
*  integral  =  23.480786       accum. integral =  23.504929    *
*  std. dev. = 0.51457008E-01   accum. std. dev = 0.13213817E-01*
*   max. wt. =   0.151263E-01                                   *
*                                                               *
**************   chi**2/iteration =  1.394       ****************

 Writing out intermediate results for iteration          13

************* Integration by Vegas (iteration  14) **************
*                                                               *
*  integral  =  23.496499       accum. integral =  23.504390    *
*  std. dev. = 0.50531669E-01   accum. std. dev = 0.12783960E-01*
*   max. wt. =   0.151263E-01                                   *
*                                                               *
**************   chi**2/iteration =  1.289       ****************

 Writing out intermediate results for iteration          14

************* Integration by Vegas (iteration  15) **************
*                                                               *
*  integral  =  23.516535       accum. integral =  23.505157    *
*  std. dev. = 0.49243200E-01   accum. std. dev = 0.12373783E-01*
*   max. wt. =   0.151263E-01                                   *
*                                                               *
**************   chi**2/iteration =  1.201       ****************

 Writing out intermediate results for iteration          15

************* Integration by Vegas (iteration  16) **************
*                                                               *
*  integral  =  23.513221       accum. integral =  23.505616    *
*  std. dev. = 0.50363621E-01   accum. std. dev = 0.12016423E-01*
*   max. wt. =   0.151263E-01                                   *
*                                                               *
**************   chi**2/iteration =  1.123       ****************

 Writing out intermediate results for iteration          16

************* Integration by Vegas (iteration  17) **************
*                                                               *
*  integral  =  23.587800       accum. integral =  23.510001    *
*  std. dev. = 0.50610902E-01   accum. std. dev = 0.11691408E-01*
*   max. wt. =   0.151263E-01                                   *
*                                                               *
**************   chi**2/iteration =  1.209       ****************

 Writing out intermediate results for iteration          17

************* Integration by Vegas (iteration  18) **************
*                                                               *
*  integral  =  23.538234       accum. integral =  23.511524    *
*  std. dev. = 0.48968434E-01   accum. std. dev = 0.11371784E-01*
*   max. wt. =   0.151263E-01                                   *
*                                                               *
**************   chi**2/iteration =  1.156       ****************

 Writing out intermediate results for iteration          18

************* Integration by Vegas (iteration  19) **************
*                                                               *
*  integral  =  23.540263       accum. integral =  23.512984    *
*  std. dev. = 0.49156820E-01   accum. std. dev = 0.11079187E-01*
*   max. wt. =   0.151263E-01                                   *
*                                                               *
**************   chi**2/iteration =  1.110       ****************

 Writing out intermediate results for iteration          19

************* Integration by Vegas (iteration  20) **************
*                                                               *
*  integral  =  23.518249       accum. integral =  23.513242    *
*  std. dev. = 0.48794067E-01   accum. std. dev = 0.10804175E-01*
*   max. wt. =   0.151263E-01                                   *
*                                                               *
**************   chi**2/iteration =  1.052       ****************

 Writing out intermediate results for iteration          20

************* Integration by Vegas (iteration  21) **************
*                                                               *
*  integral  =  23.493242       accum. integral =  23.512289    *
*  std. dev. = 0.48292306E-01   accum. std. dev = 0.10543531E-01*
*   max. wt. =   0.151263E-01                                   *
*                                                               *
**************   chi**2/iteration =  1.008       ****************

 Writing out intermediate results for iteration          21

************* Integration by Vegas (iteration  22) **************
*                                                               *
*  integral  =  23.587130       accum. integral =  23.515347    *
*  std. dev. = 0.51082381E-01   accum. std. dev = 0.10325873E-01*
*   max. wt. =   0.151263E-01                                   *
*                                                               *
**************   chi**2/iteration =  1.058       ****************

 Writing out intermediate results for iteration          22

************* Integration by Vegas (iteration  23) **************
*                                                               *
*  integral  =  23.555153       accum. integral =  23.516846    *
*  std. dev. = 0.52197244E-01   accum. std. dev = 0.10129568E-01*
*   max. wt. =   0.151263E-01                                   *
*                                                               *
**************   chi**2/iteration =  1.035       ****************

 Writing out intermediate results for iteration          23

************* Integration by Vegas (iteration  24) **************
*                                                               *
*  integral  =  23.544813       accum. integral =  23.517955    *
*  std. dev. = 0.49853692E-01   accum. std. dev = 0.99267305E-02*
*   max. wt. =   0.151263E-01                                   *
*                                                               *
**************   chi**2/iteration =  1.003       ****************

 Writing out intermediate results for iteration          24

************* Integration by Vegas (iteration  25) **************
*                                                               *
*  integral  =  23.516312       accum. integral =  23.517890    *
*  std. dev. = 0.48938302E-01   accum. std. dev = 0.97286072E-02*
*   max. wt. =   0.151263E-01                                   *
*                                                               *
**************   chi**2/iteration = 0.9614       ****************

 Writing out intermediate results for iteration          25

************* Integration by Vegas (iteration  26) **************
*                                                               *
*  integral  =  23.429790       accum. integral =  23.514507    *
*  std. dev. = 0.48682227E-01   accum. std. dev = 0.95399795E-02*
*   max. wt. =   0.151263E-01                                   *
*                                                               *
**************   chi**2/iteration =  1.049       ****************

 Writing out intermediate results for iteration          26

************* Integration by Vegas (iteration  27) **************
*                                                               *
*  integral  =  23.573970       accum. integral =  23.516515    *
*  std. dev. = 0.51025033E-01   accum. std. dev = 0.93774852E-02*
*   max. wt. =   0.151263E-01                                   *
*                                                               *
**************   chi**2/iteration =  1.059       ****************

 Writing out intermediate results for iteration          27

************* Integration by Vegas (iteration  28) **************
*                                                               *
*  integral  =  23.543889       accum. integral =  23.517473    *
*  std. dev. = 0.49250913E-01   accum. std. dev = 0.92119905E-02*
*   max. wt. =   0.151263E-01                                   *
*                                                               *
**************   chi**2/iteration =  1.031       ****************

 Writing out intermediate results for iteration          28

************* Integration by Vegas (iteration  29) **************
*                                                               *
*  integral  =  23.540386       accum. integral =  23.518247    *
*  std. dev. = 0.49265734E-01   accum. std. dev = 0.90550516E-02*
*   max. wt. =   0.151263E-01                                   *
*                                                               *
**************   chi**2/iteration =  1.002       ****************

 Writing out intermediate results for iteration          29

************* Integration by Vegas (iteration  30) **************
*                                                               *
*  integral  =  23.558590       accum. integral =  23.519509    *
*  std. dev. = 0.50391090E-01   accum. std. dev = 0.89123036E-02*
*   max. wt. =   0.151263E-01                                   *
*                                                               *
**************   chi**2/iteration = 0.9884       ****************

 Writing out intermediate results for iteration          30

************* Integration by Vegas (iteration  31) **************
*                                                               *
*  integral  =  23.535241       accum. integral =  23.520011    *
*  std. dev. = 0.49082938E-01   accum. std. dev = 0.87689202E-02*
*   max. wt. =   0.151263E-01                                   *
*                                                               *
**************   chi**2/iteration = 0.9588       ****************

 Writing out intermediate results for iteration          31

************* Integration by Vegas (iteration  32) **************
*                                                               *
*  integral  =  23.509285       accum. integral =  23.519655    *
*  std. dev. = 0.47362758E-01   accum. std. dev = 0.86223853E-02*
*   max. wt. =   0.151263E-01                                   *
*                                                               *
**************   chi**2/iteration = 0.9294       ****************

 Writing out intermediate results for iteration          32

************* Integration by Vegas (iteration  33) **************
*                                                               *
*  integral  =  23.535963       accum. integral =  23.520133    *
*  std. dev. = 0.49633233E-01   accum. std. dev = 0.84951492E-02*
*   max. wt. =   0.151263E-01                                   *
*                                                               *
**************   chi**2/iteration = 0.9037       ****************

 Writing out intermediate results for iteration          33

************* Integration by Vegas (iteration  34) **************
*                                                               *
*  integral  =  23.506063       accum. integral =  23.519724    *
*  std. dev. = 0.49091163E-01   accum. std. dev = 0.83707396E-02*
*   max. wt. =   0.151263E-01                                   *
*                                                               *
**************   chi**2/iteration = 0.8787       ****************

 Writing out intermediate results for iteration          34

************* Integration by Vegas (iteration  35) **************
*                                                               *
*  integral  =  23.469175       accum. integral =  23.518357    *
*  std. dev. = 0.50213401E-01   accum. std. dev = 0.82567976E-02*
*   max. wt. =   0.151263E-01                                   *
*                                                               *
**************   chi**2/iteration = 0.8819       ****************

 Writing out intermediate results for iteration          35

************* Integration by Vegas (iteration  36) **************
*                                                               *
*  integral  =  23.531884       accum. integral =  23.518717    *
*  std. dev. = 0.49928871E-01   accum. std. dev = 0.81461598E-02*
*   max. wt. =   0.151263E-01                                   *
*                                                               *
**************   chi**2/iteration = 0.8587       ****************

 Writing out intermediate results for iteration          36

************* Integration by Vegas (iteration  37) **************
*                                                               *
*  integral  =  23.523249       accum. integral =  23.518839    *
*  std. dev. = 0.49106899E-01   accum. std. dev = 0.80363373E-02*
*   max. wt. =   0.151263E-01                                   *
*                                                               *
**************   chi**2/iteration = 0.8351       ****************

 Writing out intermediate results for iteration          37

************* Integration by Vegas (iteration  38) **************
*                                                               *
*  integral  =  23.544767       accum. integral =  23.519498    *
*  std. dev. = 0.49763558E-01   accum. std. dev = 0.79335529E-02*
*   max. wt. =   0.151263E-01                                   *
*                                                               *
**************   chi**2/iteration = 0.8197       ****************

 Writing out intermediate results for iteration          38

************* Integration by Vegas (iteration  39) **************
*                                                               *
*  integral  =  23.573245       accum. integral =  23.520826    *
*  std. dev. = 0.49842074E-01   accum. std. dev = 0.78349198E-02*
*   max. wt. =   0.151263E-01                                   *
*                                                               *
**************   chi**2/iteration = 0.8280       ****************

 Writing out intermediate results for iteration          39

************* Integration by Vegas (iteration  40) **************
*                                                               *
*  integral  =  23.531242       accum. integral =  23.521084    *
*  std. dev. = 0.49142498E-01   accum. std. dev = 0.77372018E-02*
*   max. wt. =   0.151263E-01                                   *
*                                                               *
**************   chi**2/iteration = 0.8079       ****************

 Writing out intermediate results for iteration          40

************* Integration by Vegas (iteration  41) **************
*                                                               *
*  integral  =  23.511412       accum. integral =  23.520857    *
*  std. dev. = 0.49901589E-01   accum. std. dev = 0.76458436E-02*
*   max. wt. =   0.151263E-01                                   *
*                                                               *
**************   chi**2/iteration = 0.7886       ****************

 Writing out intermediate results for iteration          41

************* Integration by Vegas (iteration  42) **************
*                                                               *
*  integral  =  23.522313       accum. integral =  23.520890    *
*  std. dev. = 0.50162349E-01   accum. std. dev = 0.75585459E-02*
*   max. wt. =   0.151263E-01                                   *
*                                                               *
**************   chi**2/iteration = 0.7694       ****************

 Writing out intermediate results for iteration          42

************* Integration by Vegas (iteration  43) **************
*                                                               *
*  integral  =  23.578622       accum. integral =  23.522058    *
*  std. dev. = 0.52605425E-01   accum. std. dev = 0.74817104E-02*
*   max. wt. =   0.151263E-01                                   *
*                                                               *
**************   chi**2/iteration = 0.7792       ****************

 Writing out intermediate results for iteration          43

************* Integration by Vegas (iteration  44) **************
*                                                               *
*  integral  =  23.441594       accum. integral =  23.520373    *
*  std. dev. = 0.51168566E-01   accum. std. dev = 0.74029932E-02*
*   max. wt. =   0.151263E-01                                   *
*                                                               *
**************   chi**2/iteration = 0.8173       ****************

 Writing out intermediate results for iteration          44

************* Integration by Vegas (iteration  45) **************
*                                                               *
*  integral  =  23.589232       accum. integral =  23.521776    *
*  std. dev. = 0.51341289E-01   accum. std. dev = 0.73272140E-02*
*   max. wt. =   0.151263E-01                                   *
*                                                               *
**************   chi**2/iteration = 0.8388       ****************

 Writing out intermediate results for iteration          45

************* Integration by Vegas (iteration  46) **************
*                                                               *
*  integral  =  23.523539       accum. integral =  23.521812    *
*  std. dev. = 0.50753430E-01   accum. std. dev = 0.72520290E-02*
*   max. wt. =   0.151263E-01                                   *
*                                                               *
**************   chi**2/iteration = 0.8202       ****************

 Writing out intermediate results for iteration          46

************* Integration by Vegas (iteration  47) **************
*                                                               *
*  integral  =  23.549648       accum. integral =  23.522392    *
*  std. dev. = 0.49706112E-01   accum. std. dev = 0.71760555E-02*
*   max. wt. =   0.151263E-01                                   *
*                                                               *
**************   chi**2/iteration = 0.8090       ****************

 Writing out intermediate results for iteration          47

************* Integration by Vegas (iteration  48) **************
*                                                               *
*  integral  =  23.458098       accum. integral =  23.521140    *
*  std. dev. = 0.50927850E-01   accum. std. dev = 0.71058602E-02*
*   max. wt. =   0.151263E-01                                   *
*                                                               *
**************   chi**2/iteration = 0.8251       ****************

 Writing out intermediate results for iteration          48

************* Integration by Vegas (iteration  49) **************
*                                                               *
*  integral  =  23.517822       accum. integral =  23.521081    *
*  std. dev. = 0.52456505E-01   accum. std. dev = 0.70415479E-02*
*   max. wt. =   0.151263E-01                                   *
*                                                               *
**************   chi**2/iteration = 0.8080       ****************

 Writing out intermediate results for iteration          49

************* Integration by Vegas (iteration  50) **************
*                                                               *
*  integral  =  23.483016       accum. integral =  23.520377    *
*  std. dev. = 0.51327946E-01   accum. std. dev = 0.69762065E-02*
*   max. wt. =   0.151263E-01                                   *
*                                                               *
**************   chi**2/iteration = 0.8025       ****************


Value of final lord integral is       23.5204 +/-     0.0070 fb

 Total number of shots       :     23619600
 Total no. failing cuts      :      9139774
 Number failing jet cuts     :            0
 Number failing process cuts :            0

   Jet efficiency : 100.00%
   Cut efficiency : 100.00%
 Total efficiency : 100.00%

 Contribution from parton sub-processes:
 ---------------------------------------
       GG     |          23.52038  100.00%
       GQ     |           0.00000    0.00%
       GQB    |           0.00000    0.00%
       QG     |           0.00000    0.00%
       QBG    |           0.00000    0.00%
       QQ     |           0.00000    0.00%
       QBQB   |           0.00000    0.00%
       QQB    |           0.00000    0.00%
       QBQ    |           0.00000    0.00%
 ---------------------------------------

 ****************************************************
 output files  E_var/E_50/MSTW/HHTOP/ggZZ4l_lord_mstw8lo_0___0___126_131_run_50
 ****************************************************
