 ************** MCFM - version 6.8 ****************
 *                                                *
 * MCFM, v6.8                   April 26th, 2014  *
 *                                                *
 * Authors: John Campbell, Keith Ellis,           *
 *          Ciaran Williams                       *
 *         (johnmc@fnal.gov, ellis@fnal.gov,      *
 *          ciaran@fnal.gov)                      *
 *                                                *
 * For details see:                               *
 *                                                *
 *  arXiv:1403.2641 (Triphoton production)        *
 *  arXiv:1312.1628 (gg->WW, Higgs interference)  *
 *  arXiv:1311.3589 (gg->ZZ, Higgs interference)  *
 *  Phys.Rev.D87:114006, arXiv:1302.3856          *
 *  (tZ, tH -- with R. Rontsch)                   *
 *  arXiv:1211.6390 (DM, P. Fox and C. Williams)  *
 *  JHEP 1211:162 (2012), arXiv:1208.0566         *
 *  (Z+gam+jet,Z+gam+gam -- with H. Hartanto)     *
 *  arXiv:1204.1513 (top production+decay)        *
 *  JHEP 1207:052 (2012), arXiv:1204.5678 (ttW)   *
 *  JHEP 1110:005 (2011), arXiv:1107.5569         *
 *         (gg->WW,Higgs intference)              *
 *  JHEP 1107:018 (2011), arXiv:1105.0020         *
 *         (diboson update)                       *
 *  JHEP 1103:027 (2011), arXiv:1011.6647         *
 *         (Wbb for mb>0, with S. Badger)         *
 *  Phys.Rev.D81:074023, arXiv:1001.4495 (H+2jet) *
 *                                                *
 *  P.R.L. 102:142001, arXiv:0903.0005 [hep-ph]   *
 *    (t-channel single top + explicit b,         *
 *      JC, R.Frederix, F.Maltoni, F.Tramontano)  *
 *  N.P.B 726:109(2005), hep-ph/0506289 (W+t)     *
 *  Phys.Rev.D70:094012, hep-ph/0408158 (Sngl Top)*
 *       (with Francesco Tramontano)              *
 *                                                *
 *  Phys.Rev.D65:113007, hep-ph/0202176 (W,Z+2j)  *
 *  Phys.Rev.D62:114012, hep-ph/0006304 (W,Z+bb)  *
 *  Phys.Rev.D60:113006, hep-ph/9905386 (diboson) *
 *                                                *
 * On the web:  http://mcfm.fnal.gov/             *
 **************************************************

 * Using input file named E_var/E_33/CTEQ/HTOP/input_132_33.DAT                                   

 * [Flags to specify the mode in which MCFM is run]                                          
 *                   -1            [nevtrequested] 
 *                    F            [creatent] 
 *                    F            [skipnt] 
 *                    F            [dswhisto] 
 *                    F            [creategrid] 
 *                    T            [writetop] 
 *                    T            [writedat] 
 *                    T            [writegnu] 
 *                    T            [writeroot] 
 *                    F            [writepwg] 

 * [General options to specify the process and execution]                                    
 *                  132            [nproc] 
 *                 lord            [part] 
 * 132_run_33                      [runstring] 
 *           33000.0000            [sqrts] 
 *                    1            [ih1] 
 *                    1            [ih2] 
 *             126.0000            [hmass] 
 *               0.5000            [scale] 
 *               0.5000            [facscale] 
 * m(3456)                         [dynamicscale] 
 *                    F            [zerowidth] 
 *                    F            [removebr] 
 *                   20            [itmx1] 
 *              1000000            [ncall1] 
 *                   50            [itmx2] 
 *              1000000            [ncall2] 
 *                 2020            [ij] 
 *                    F            [dryrun] 
 *                    T            [Qflag] 
 *                    T            [Gflag] 

 * [Heavy quark masses]                                                                      
 *             173.2000            [top mass] 
 *               4.7500            [bottom mass] 
 *               1.5000            [charm mass] 

 * [Pdf selection]                                                                           
 *              cteq6_l            [pdlabel] 
 *                    4            [NGROUP] 
 *                   46            [NSET] 
 * cteq6mE.LHgrid                  [LHAPDF group] 
 *                   -1            [LHAPDF set] 

 * [Jet definition and event cuts]                                                           
 *               0.0000            [m34min] 
 *           33000.0000            [m34max] 
 *               0.0000            [m56min] 
 *           33000.0000            [m56max] 
 *                    T            [inclusive] 
 *                 ankt            [algorithm] 
 *              15.0000            [ptjetmin] 
 *               0.0000            [etajetmin] 
 *               5.0000            [etajetmax] 
 *               0.5000            [Rcut] 
 *                    T            [makecuts] 
 *               0.0000            [leptpt] 
 *              99.0000            [leptrap] 
 *    0.000,   0.000                [leptveto] 
 *               0.0000            [misspt] 
 *               0.0000            [leptpt2] 
 *              99.0000            [leptrap2] 
 *    0.000,   0.000                [leptveto2] 
 *               0.0000            [mtrans34cut] 
 *               0.0000            [Rjlmin] 
 *               0.0000            [Rllmin] 
 *               0.0000            [delyjjmin] 
 *                    F            [jetsopphem] 
 *                    0            [lbjscheme] 
 *               0.0000            [ptbjetmin] 
 *              99.0000            [etabjetmax] 

 * [Settings for photon processes]                                                           
 *                    F            [frag] 
 *             GdRG__LO            [fragset] 
 *              80.0000            [frag_scale] 
 *              20.0000            [gammpt] 
 *               2.5000            [gammrap] 
 *              20.0000            [gammpt2] 
 *              20.0000            [gammpt3] 
 *               0.0000            [Rgalmin] 
 *               0.4000            [Rgagamin] 
 *               0.4000            [Rgajetmin] 
 *               0.4000            [cone_ang] 
 *               0.5000            [epsilon_h] 

 * [Anomalous couplings of the W and Z]                                                      
 *               0.0000            [delg1_z] 
 *               0.0000            [delk_z] 
 *               0.0000            [delk_g] 
 *               0.0000            [lambda_z] 
 *               0.0000            [lambda_g] 
 *               0.0000            [h1Z] 
 *               0.0000            [h1gam] 
 *               0.0000            [h2Z] 
 *               0.0000            [h2gam] 
 *               0.0000            [h3Z] 
 *               0.0000            [h3gam] 
 *               0.0000            [h4Z] 
 *               0.0000            [h4gam] 
 *               2.0000            [tevscale] 

 * [Anomalous width of the Higgs]                                                            
 *               1.0000            [Gamma_H/Gamma_H(SM)] 

 * [How to resume/save a run]                                                                
 *                    F            [readin] 
 *                    F            [writeout] 
 *                                 [ingridfile] 
 *                                 [outgridfile] 

 * [Technical parameters that should not normally be changed]

 *                    F            [debug] 
 *                    T            [verbose] 
 *                    F            [new_pspace] 
 *                    F            [virtonly] 
 *                    F            [realonly] 
 *                    T            [spira] 
 *                    F            [noglue] 
 *                    F            [ggonly] 
 *                    F            [gqonly] 
 *                    F            [omitgg] 
 *                    F            [vanillafiles] 
 *                    1            [nmin] 
 *                    2            [nmax] 
 *                    T            [clustering] 
 *                    F            [realwt] 
 *                    0            [colourchoice] 
 *               0.0100            [rtsmin] 
 *               0.0001            [cutoff] 
 *               0.1000            [aii] 
 *               0.1000            [aif] 
 *               0.1000            [afi] 
 *               1.0000            [aff] 
 *               1.0000            [bfi] 
 *               1.0000            [bff] 

 Chooser:process chosen by nproc=         132

 *************************** f(p1)+f(p2) --> ******************************************
 * Z^0(e^-(p3)+e^+(p4)) + Z^0(mu^-(p5)+mu^+(p6) [(gg->ZZ) squared]                    *
 **************************************************************************************

 ************** Electroweak parameters **************
 *                                                  *
 *  zmass(+)   91.1876000     wmass(+)  80.3980000  *
 * zwidth(+)    2.4952000    wwidth(+)   2.1054000  *
 *     Gf(+) 0.116639D-04   1/aemmz    132.3384323  *
 *     xw       0.2226459      mtop(+) 173.2000000  *
 *   gwsq       0.4264904       esq      0.0949563  *
 * top width    1.4743080 (LO)                      *
 *    mb        4.7500000        mc      1.5000000  *
 *                                                  *
 * Parameters marked (+) are input, others derived  *
 ****************************************************

 ****************** Higgs parameters ****************
 *                                                  *
 *   mass(H) =  126.00      width(H) =  0.43070E-02 *
 *                                                  *
 *              Br( H -> b bbar)  =   0.56954       *
 *              Br( H -> tau tau) =   0.06056       *
 *              Br( H -> W W)     =   0.00000       *
 *              Br( H -> Z Z)     =   0.00000       *
 *              Br( H -> gam gam) =   0.00235       *
 *              Br( H -> Z gam)   =   0.00164       *
 ****************************************************
 *                                                  *
 * Note: branching ratios reported here can be > 1  *
 *       since the total Higgs width is calculated  *
 *       at NLO but the BR calculation uses a       *
 *       partial width at LO only.                  *
 *                                                  *
 ****************************************************

 WARNING: Higgs decay H->ZZ is below threshold and
 may not yield sensible results - check the number
 of integration points

 ***************** CKM mixing matrix ****************
 *                                                  *
 *      Vud=.97500    Vus=.22200    Vub=0.0000      *
 *      Vcd=.22200    Vcs=.97500    Vcb=0.0000      *
 ****************************************************

 ************* Strong coupling, alpha_s  ************
 *                                                  *
 *  Dynamic scale - alpha_s changed event-by-event  *
 *       alpha_s (zmass)  0.11800000                *
 *         (using 1-loop running of alpha_s)        *
 ****************************************************

 ****************************************
 *     Cross section in femtobarns      *
 ****************************************


 input parameters for vegas:  ndim= 10  ncall= 944784.
                              it=    0  itmx=   20
                              nprn=  0  alph= 1.50
                              mds=  1   nd= 100
                              xl( 1)=   0.000     xu( 1)=   1.000    
                              xl( 2)=   0.000     xu( 2)=   1.000    
                              xl( 3)=   0.000     xu( 3)=   1.000    
                              xl( 4)=   0.000     xu( 4)=   1.000    
                              xl( 5)=   0.000     xu( 5)=   1.000    
                              xl( 6)=   0.000     xu( 6)=   1.000    
                              xl( 7)=   0.000     xu( 7)=   1.000    
                              xl( 8)=   0.000     xu( 8)=   1.000    
                              xl( 9)=   0.000     xu( 9)=   1.000    
                              xl(10)=   0.000     xu(10)=   1.000    

 ****************** Basic mass cuts *****************
 *                                                  *
 *              0.00  <   m34  <  33000.00           *
 *              0.00  <   m56  <  33000.00           *
 ****************************************************
 *********** CMS Higgs Search cuts******
 *                                     *
 *     pt(mu) >           5.00 GeV     *
 *     pt(el) >           7.00 GeV     *
 *     |eta_mu| <         2.40         *
 *     |eta_el| <         2.50         *
 *     m4lmin >         100.00 GeV     *
 *     m2lmin >           4.00 GeV     *
 *     ptleading >       20.00 GeV     *
 *     ptnexttoleading > 10.00 GeV     *
 *     mllnear >         40.00 GeV     *
 *     mllfar >          12.00 GeV     *
 *     mllmax >         120.00 GeV     *
 ***************************************

 ************** Dynamic scale choice ****************
 *                                                  *
 *                 RENORMALIZATION                  *
 *       mu_ren  =  0.50 x m(3456)                  *
 *                                                  *
 *                  FACTORIZATION                   *
 *       mu_fac  =  0.50 x m(3456)                  *
 *                                                  *
 ****************************************************
 ****************************************************
 *                                                  *
 *  gg->ZZ box loop includes gens. 1 and 2          *
 *  gg->ZZ box loop includes bottom quark           *
 *  gg->ZZ box loop includes top quark              *
 *                                                  *
 *  Numer. stability: pt(Z) > 0.100 GeV (gens. 1,2) *
 *  Numer. stability: pt(Z) > 0.100 GeV (b,t loops) *
 *                                                  *
 ****************************************************
 ====================================================
   This is QCDLoop - version 1.95                    
   Authors: Keith Ellis and Giulia Zanderighi        
   (ellis@fnal.gov, g.zanderighi1@physics.ox.ac.uk)  
   For details see FERMILAB-PUB-07-633-T,OUTP-07/16P 
   arXiv:0712.1851 [hep-ph], published in            
   JHEP 0802:002,2008.                               
 ====================================================
 ====================================================
   FF 2.0, a package to evaluate one-loop integrals
 written by G. J. van Oldenborgh, NIKHEF-H, Amsterdam
 ====================================================
 for the algorithms used see preprint NIKHEF-H 89/17,
 'New Algorithms for One-loop Integrals', by G.J. van
 Oldenborgh and J.A.M. Vermaseren, published in 
 Zeitschrift fuer Physik C46(1990)425.
 ====================================================
 ffini: precx =   4.44089209850062616E-016
 ffini: precc =   4.44089209850062616E-016
 ffini: xalogm =   4.94065645841246544E-324
 ffini: xclogm =   4.94065645841246544E-324

************* Integration by Vegas (iteration   1) **************
*                                                               *
*  integral  =  8.9723795       accum. integral =  8.9723795    *
*  std. dev. = 0.36534912       accum. std. dev = 0.36534912    *
*   max. wt. =   0.173536                                       *
*                                                               *
**************   chi**2/iteration = 0.1137E-10   ****************


************* Integration by Vegas (iteration   2) **************
*                                                               *
*  integral  =  8.7027967       accum. integral =  8.7039319    *
*  std. dev. = 0.23758313E-01   accum. std. dev = 0.23708237E-01*
*   max. wt. =   0.173536                                       *
*                                                               *
**************   chi**2/iteration = 0.5368       ****************


************* Integration by Vegas (iteration   3) **************
*                                                               *
*  integral  =  8.7221369       accum. integral =  8.7174296    *
*  std. dev. = 0.14001007E-01   accum. std. dev = 0.12055710E-01*
*   max. wt. =   0.173536                                       *
*                                                               *
**************   chi**2/iteration = 0.4872       ****************


************* Integration by Vegas (iteration   4) **************
*                                                               *
*  integral  =  8.7252661       accum. integral =  8.7214323    *
*  std. dev. = 0.11798458E-01   accum. std. dev = 0.84322507E-02*
*   max. wt. =   0.173536                                       *
*                                                               *
**************   chi**2/iteration = 0.3971       ****************


************* Integration by Vegas (iteration   5) **************
*                                                               *
*  integral  =  8.7255646       accum. integral =  8.7229566    *
*  std. dev. = 0.11029977E-01   accum. std. dev = 0.66989387E-02*
*   max. wt. =   0.173536                                       *
*                                                               *
**************   chi**2/iteration = 0.3201       ****************


************* Integration by Vegas (iteration   6) **************
*                                                               *
*  integral  =  8.7451668       accum. integral =  8.7284775    *
*  std. dev. = 0.11647147E-01   accum. std. dev = 0.58069581E-02*
*   max. wt. =   0.173536                                       *
*                                                               *
**************   chi**2/iteration = 0.8016       ****************


************* Integration by Vegas (iteration   7) **************
*                                                               *
*  integral  =  8.7291827       accum. integral =  8.7285383    *
*  std. dev. = 0.18909810E-01   accum. std. dev = 0.55511122E-02*
*   max. wt. =   0.173536                                       *
*                                                               *
**************   chi**2/iteration = 0.6685       ****************


************* Integration by Vegas (iteration   8) **************
*                                                               *
*  integral  =  8.7304392       accum. integral =  8.7287172    *
*  std. dev. = 0.17220497E-01   accum. std. dev = 0.52833896E-02*
*   max. wt. =   0.173536                                       *
*                                                               *
**************   chi**2/iteration = 0.5747       ****************


************* Integration by Vegas (iteration   9) **************
*                                                               *
*  integral  =  8.7434263       accum. integral =  8.7310473    *
*  std. dev. = 0.12177712E-01   accum. std. dev = 0.48468768E-02*
*   max. wt. =   0.173536                                       *
*                                                               *
**************   chi**2/iteration = 0.6562       ****************


************* Integration by Vegas (iteration  10) **************
*                                                               *
*  integral  =  8.7240198       accum. integral =  8.7300916    *
*  std. dev. = 0.12216971E-01   accum. std. dev = 0.45052695E-02*
*   max. wt. =   0.173536                                       *
*                                                               *
**************   chi**2/iteration = 0.6151       ****************


************* Integration by Vegas (iteration  11) **************
*                                                               *
*  integral  =  8.7524597       accum. integral =  8.7310324    *
*  std. dev. = 0.21501399E-01   accum. std. dev = 0.44095108E-02*
*   max. wt. =   0.173536                                       *
*                                                               *
**************   chi**2/iteration = 0.6572       ****************


************* Integration by Vegas (iteration  12) **************
*                                                               *
*  integral  =  8.7141211       accum. integral =  8.7301465    *
*  std. dev. = 0.18754328E-01   accum. std. dev = 0.42924605E-02*
*   max. wt. =   0.173536                                       *
*                                                               *
**************   chi**2/iteration = 0.6675       ****************


************* Integration by Vegas (iteration  13) **************
*                                                               *
*  integral  =  8.7014426       accum. integral =  8.7271248    *
*  std. dev. = 0.12514019E-01   accum. std. dev = 0.40602425E-02*
*   max. wt. =   0.173536                                       *
*                                                               *
**************   chi**2/iteration =  1.004       ****************


************* Integration by Vegas (iteration  14) **************
*                                                               *
*  integral  =  8.7235792       accum. integral =  8.7267051    *
*  std. dev. = 0.11081482E-01   accum. std. dev = 0.38123954E-02*
*   max. wt. =   0.173536                                       *
*                                                               *
**************   chi**2/iteration = 0.9337       ****************


************* Integration by Vegas (iteration  15) **************
*                                                               *
*  integral  =  8.7350742       accum. integral =  8.7276406    *
*  std. dev. = 0.10746794E-01   accum. std. dev = 0.35930108E-02*
*   max. wt. =   0.173536                                       *
*                                                               *
**************   chi**2/iteration = 0.9055       ****************


************* Integration by Vegas (iteration  16) **************
*                                                               *
*  integral  =  8.7252126       accum. integral =  8.7274007    *
*  std. dev. = 0.10849791E-01   accum. std. dev = 0.34108472E-02*
*   max. wt. =   0.173536                                       *
*                                                               *
**************   chi**2/iteration = 0.8482       ****************


************* Integration by Vegas (iteration  17) **************
*                                                               *
*  integral  =  8.7088050       accum. integral =  8.7258169    *
*  std. dev. = 0.11178619E-01   accum. std. dev = 0.32623637E-02*
*   max. wt. =   0.173536                                       *
*                                                               *
**************   chi**2/iteration = 0.9533       ****************


************* Integration by Vegas (iteration  18) **************
*                                                               *
*  integral  =  8.7285791       accum. integral =  8.7260308    *
*  std. dev. = 0.11259212E-01   accum. std. dev = 0.31334781E-02*
*   max. wt. =   0.173536                                       *
*                                                               *
**************   chi**2/iteration = 0.9005       ****************


************* Integration by Vegas (iteration  19) **************
*                                                               *
*  integral  =  8.7093699       accum. integral =  8.7247628    *
*  std. dev. = 0.10917544E-01   accum. std. dev = 0.30118788E-02*
*   max. wt. =   0.173536                                       *
*                                                               *
**************   chi**2/iteration = 0.9700       ****************


************* Integration by Vegas (iteration  20) **************
*                                                               *
*  integral  =  8.7306600       accum. integral =  8.7251492    *
*  std. dev. = 0.11373771E-01   accum. std. dev = 0.29115245E-02*
*   max. wt. =   0.173536                                       *
*                                                               *
**************   chi**2/iteration = 0.9322       ****************


 input parameters for vegas:  ndim= 10  ncall= 944784.
                              it=   21  itmx=   50
                              nprn=  0  alph= 1.50
                              mds=  1   nd= 100
                              xl( 1)=   0.000     xu( 1)=   1.000    
                              xl( 2)=   0.000     xu( 2)=   1.000    
                              xl( 3)=   0.000     xu( 3)=   1.000    
                              xl( 4)=   0.000     xu( 4)=   1.000    
                              xl( 5)=   0.000     xu( 5)=   1.000    
                              xl( 6)=   0.000     xu( 6)=   1.000    
                              xl( 7)=   0.000     xu( 7)=   1.000    
                              xl( 8)=   0.000     xu( 8)=   1.000    
                              xl( 9)=   0.000     xu( 9)=   1.000    
                              xl(10)=   0.000     xu(10)=   1.000    

************* Integration by Vegas (iteration   1) **************
*                                                               *
*  integral  =  8.7315012       accum. integral =  8.7315012    *
*  std. dev. = 0.11757320E-01   accum. std. dev = 0.11757320E-01*
*   max. wt. =   0.370608E-02                                   *
*                                                               *
**************   chi**2/iteration =  0.000       ****************

 Writing out intermediate results for iteration           1

************* Integration by Vegas (iteration   2) **************
*                                                               *
*  integral  =  8.7450813       accum. integral =  8.7383423    *
*  std. dev. = 0.11669328E-01   accum. std. dev = 0.82823957E-02*
*   max. wt. =   0.370608E-02                                   *
*                                                               *
**************   chi**2/iteration = 0.6654       ****************

 Writing out intermediate results for iteration           2

************* Integration by Vegas (iteration   3) **************
*                                                               *
*  integral  =  8.7371411       accum. integral =  8.7379144    *
*  std. dev. = 0.11134050E-01   accum. std. dev = 0.66453873E-02*
*   max. wt. =   0.370608E-02                                   *
*                                                               *
**************   chi**2/iteration = 0.3381       ****************

 Writing out intermediate results for iteration           3

************* Integration by Vegas (iteration   4) **************
*                                                               *
*  integral  =  8.7253612       accum. integral =  8.7345864    *
*  std. dev. = 0.11064122E-01   accum. std. dev = 0.56968014E-02*
*   max. wt. =   0.370608E-02                                   *
*                                                               *
**************   chi**2/iteration = 0.5401       ****************

 Writing out intermediate results for iteration           4

************* Integration by Vegas (iteration   5) **************
*                                                               *
*  integral  =  8.7226129       accum. integral =  8.7323190    *
*  std. dev. = 0.11786534E-01   accum. std. dev = 0.51291132E-02*
*   max. wt. =   0.370608E-02                                   *
*                                                               *
**************   chi**2/iteration = 0.6140       ****************

 Writing out intermediate results for iteration           5

************* Integration by Vegas (iteration   6) **************
*                                                               *
*  integral  =  8.7290051       accum. integral =  8.7319157    *
*  std. dev. = 0.13779485E-01   accum. std. dev = 0.48069045E-02*
*   max. wt. =   0.688349E-02                                   *
*                                                               *
**************   chi**2/iteration = 0.5016       ****************

 Writing out intermediate results for iteration           6

************* Integration by Vegas (iteration   7) **************
*                                                               *
*  integral  =  8.7149842       accum. integral =  8.7298401    *
*  std. dev. = 0.12860253E-01   accum. std. dev = 0.45026484E-02*
*   max. wt. =   0.688349E-02                                   *
*                                                               *
**************   chi**2/iteration = 0.6712       ****************

 Writing out intermediate results for iteration           7

************* Integration by Vegas (iteration   8) **************
*                                                               *
*  integral  =  8.7303943       accum. integral =  8.7299142    *
*  std. dev. = 0.11467538E-01   accum. std. dev = 0.41911522E-02*
*   max. wt. =   0.688349E-02                                   *
*                                                               *
**************   chi**2/iteration = 0.5757       ****************

 Writing out intermediate results for iteration           8

************* Integration by Vegas (iteration   9) **************
*                                                               *
*  integral  =  8.7288034       accum. integral =  8.7297861    *
*  std. dev. = 0.11607978E-01   accum. std. dev = 0.39420715E-02*
*   max. wt. =   0.688349E-02                                   *
*                                                               *
**************   chi**2/iteration = 0.5049       ****************

 Writing out intermediate results for iteration           9

************* Integration by Vegas (iteration  10) **************
*                                                               *
*  integral  =  8.7068360       accum. integral =  8.7271151    *
*  std. dev. = 0.10862166E-01   accum. std. dev = 0.37055875E-02*
*   max. wt. =   0.688349E-02                                   *
*                                                               *
**************   chi**2/iteration = 0.8866       ****************

 Writing out intermediate results for iteration          10

************* Integration by Vegas (iteration  11) **************
*                                                               *
*  integral  =  8.7213799       accum. integral =  8.7265438    *
*  std. dev. = 0.11140701E-01   accum. std. dev = 0.35161838E-02*
*   max. wt. =   0.688349E-02                                   *
*                                                               *
**************   chi**2/iteration = 0.8219       ****************

 Writing out intermediate results for iteration          11

************* Integration by Vegas (iteration  12) **************
*                                                               *
*  integral  =  8.7468927       accum. integral =  8.7278300    *
*  std. dev. = 0.13536853E-01   accum. std. dev = 0.34032497E-02*
*   max. wt. =   0.688349E-02                                   *
*                                                               *
**************   chi**2/iteration = 0.9395       ****************

 Writing out intermediate results for iteration          12

************* Integration by Vegas (iteration  13) **************
*                                                               *
*  integral  =  8.7216235       accum. integral =  8.7274639    *
*  std. dev. = 0.13592975E-01   accum. std. dev = 0.33013509E-02*
*   max. wt. =   0.688349E-02                                   *
*                                                               *
**************   chi**2/iteration = 0.8776       ****************

 Writing out intermediate results for iteration          13

************* Integration by Vegas (iteration  14) **************
*                                                               *
*  integral  =  8.7336477       accum. integral =  8.7279219    *
*  std. dev. = 0.11672435E-01   accum. std. dev = 0.31767344E-02*
*   max. wt. =   0.688349E-02                                   *
*                                                               *
**************   chi**2/iteration = 0.8301       ****************

 Writing out intermediate results for iteration          14

************* Integration by Vegas (iteration  15) **************
*                                                               *
*  integral  =  8.7446467       accum. integral =  8.7291665    *
*  std. dev. = 0.11203565E-01   accum. std. dev = 0.30562500E-02*
*   max. wt. =   0.688349E-02                                   *
*                                                               *
**************   chi**2/iteration = 0.9181       ****************

 Writing out intermediate results for iteration          15

************* Integration by Vegas (iteration  16) **************
*                                                               *
*  integral  =  8.7271402       accum. integral =  8.7290377    *
*  std. dev. = 0.11729742E-01   accum. std. dev = 0.29575069E-02*
*   max. wt. =   0.688349E-02                                   *
*                                                               *
**************   chi**2/iteration = 0.8588       ****************

 Writing out intermediate results for iteration          16

************* Integration by Vegas (iteration  17) **************
*                                                               *
*  integral  =  8.7249666       accum. integral =  8.7288250    *
*  std. dev. = 0.12596089E-01   accum. std. dev = 0.28792077E-02*
*   max. wt. =   0.688349E-02                                   *
*                                                               *
**************   chi**2/iteration = 0.8113       ****************

 Writing out intermediate results for iteration          17

************* Integration by Vegas (iteration  18) **************
*                                                               *
*  integral  =  8.7306735       accum. integral =  8.7289216    *
*  std. dev. = 0.12257643E-01   accum. std. dev = 0.28029220E-02*
*   max. wt. =   0.688349E-02                                   *
*                                                               *
**************   chi**2/iteration = 0.7649       ****************

 Writing out intermediate results for iteration          18

************* Integration by Vegas (iteration  19) **************
*                                                               *
*  integral  =  8.7177616       accum. integral =  8.7282859    *
*  std. dev. = 0.11404303E-01   accum. std. dev = 0.27219165E-02*
*   max. wt. =   0.688349E-02                                   *
*                                                               *
**************   chi**2/iteration = 0.7726       ****************

 Writing out intermediate results for iteration          19

************* Integration by Vegas (iteration  20) **************
*                                                               *
*  integral  =  8.7215278       accum. integral =  8.7279219    *
*  std. dev. = 0.11408983E-01   accum. std. dev = 0.26476098E-02*
*   max. wt. =   0.688349E-02                                   *
*                                                               *
**************   chi**2/iteration = 0.7494       ****************

 Writing out intermediate results for iteration          20

************* Integration by Vegas (iteration  21) **************
*                                                               *
*  integral  =  8.7265982       accum. integral =  8.7278530    *
*  std. dev. = 0.11293843E-01   accum. std. dev = 0.25777249E-02*
*   max. wt. =   0.688349E-02                                   *
*                                                               *
**************   chi**2/iteration = 0.7126       ****************

 Writing out intermediate results for iteration          21

************* Integration by Vegas (iteration  22) **************
*                                                               *
*  integral  =  8.7239894       accum. integral =  8.7276559    *
*  std. dev. = 0.11118601E-01   accum. std. dev = 0.25111226E-02*
*   max. wt. =   0.688349E-02                                   *
*                                                               *
**************   chi**2/iteration = 0.6841       ****************

 Writing out intermediate results for iteration          22

************* Integration by Vegas (iteration  23) **************
*                                                               *
*  integral  =  8.7323858       accum. integral =  8.7278407    *
*  std. dev. = 0.12452279E-01   accum. std. dev = 0.24615695E-02*
*   max. wt. =   0.688349E-02                                   *
*                                                               *
**************   chi**2/iteration = 0.6594       ****************

 Writing out intermediate results for iteration          23

************* Integration by Vegas (iteration  24) **************
*                                                               *
*  integral  =  8.7406389       accum. integral =  8.7283469    *
*  std. dev. = 0.12130506E-01   accum. std. dev = 0.24124015E-02*
*   max. wt. =   0.688349E-02                                   *
*                                                               *
**************   chi**2/iteration = 0.6772       ****************

 Writing out intermediate results for iteration          24

************* Integration by Vegas (iteration  25) **************
*                                                               *
*  integral  =  8.7377854       accum. integral =  8.7286178    *
*  std. dev. = 0.14034014E-01   accum. std. dev = 0.23775310E-02*
*   max. wt. =   0.780555E-02                                   *
*                                                               *
**************   chi**2/iteration = 0.6673       ****************

 Writing out intermediate results for iteration          25

************* Integration by Vegas (iteration  26) **************
*                                                               *
*  integral  =  8.7178891       accum. integral =  8.7282870    *
*  std. dev. = 0.13330029E-01   accum. std. dev = 0.23405931E-02*
*   max. wt. =   0.780555E-02                                   *
*                                                               *
**************   chi**2/iteration = 0.6657       ****************

 Writing out intermediate results for iteration          26

************* Integration by Vegas (iteration  27) **************
*                                                               *
*  integral  =  8.7033680       accum. integral =  8.7272902    *
*  std. dev. = 0.11466436E-01   accum. std. dev = 0.22933028E-02*
*   max. wt. =   0.780555E-02                                   *
*                                                               *
**************   chi**2/iteration = 0.8144       ****************

 Writing out intermediate results for iteration          27

************* Integration by Vegas (iteration  28) **************
*                                                               *
*  integral  =  8.7318176       accum. integral =  8.7274595    *
*  std. dev. = 0.11638187E-01   accum. std. dev = 0.22500359E-02*
*   max. wt. =   0.780555E-02                                   *
*                                                               *
**************   chi**2/iteration = 0.7896       ****************

 Writing out intermediate results for iteration          28

************* Integration by Vegas (iteration  29) **************
*                                                               *
*  integral  =  8.7367747       accum. integral =  8.7277863    *
*  std. dev. = 0.11798987E-01   accum. std. dev = 0.22102071E-02*
*   max. wt. =   0.780555E-02                                   *
*                                                               *
**************   chi**2/iteration = 0.7829       ****************

 Writing out intermediate results for iteration          29

************* Integration by Vegas (iteration  30) **************
*                                                               *
*  integral  =  8.7203527       accum. integral =  8.7275079    *
*  std. dev. = 0.11204654E-01   accum. std. dev = 0.21684223E-02*
*   max. wt. =   0.780555E-02                                   *
*                                                               *
**************   chi**2/iteration = 0.7705       ****************

 Writing out intermediate results for iteration          30

************* Integration by Vegas (iteration  31) **************
*                                                               *
*  integral  =  8.7141801       accum. integral =  8.7270023    *
*  std. dev. = 0.10919759E-01   accum. std. dev = 0.21268927E-02*
*   max. wt. =   0.780555E-02                                   *
*                                                               *
**************   chi**2/iteration = 0.7926       ****************

 Writing out intermediate results for iteration          31

************* Integration by Vegas (iteration  32) **************
*                                                               *
*  integral  =  8.7248449       accum. integral =  8.7269266    *
*  std. dev. = 0.11152481E-01   accum. std. dev = 0.20892388E-02*
*   max. wt. =   0.780555E-02                                   *
*                                                               *
**************   chi**2/iteration = 0.7682       ****************

 Writing out intermediate results for iteration          32

************* Integration by Vegas (iteration  33) **************
*                                                               *
*  integral  =  8.7369288       accum. integral =  8.7272624    *
*  std. dev. = 0.11208994E-01   accum. std. dev = 0.20538666E-02*
*   max. wt. =   0.780555E-02                                   *
*                                                               *
**************   chi**2/iteration = 0.7683       ****************

 Writing out intermediate results for iteration          33

************* Integration by Vegas (iteration  34) **************
*                                                               *
*  integral  =  8.7157743       accum. integral =  8.7269068    *
*  std. dev. = 0.11492405E-01   accum. std. dev = 0.20218327E-02*
*   max. wt. =   0.780555E-02                                   *
*                                                               *
**************   chi**2/iteration = 0.7743       ****************

 Writing out intermediate results for iteration          34

************* Integration by Vegas (iteration  35) **************
*                                                               *
*  integral  =  8.7208907       accum. integral =  8.7267436    *
*  std. dev. = 0.12106202E-01   accum. std. dev = 0.19942130E-02*
*   max. wt. =   0.780555E-02                                   *
*                                                               *
**************   chi**2/iteration = 0.7586       ****************

 Writing out intermediate results for iteration          35

************* Integration by Vegas (iteration  36) **************
*                                                               *
*  integral  =  8.7174774       accum. integral =  8.7264921    *
*  std. dev. = 0.11939579E-01   accum. std. dev = 0.19669650E-02*
*   max. wt. =   0.780555E-02                                   *
*                                                               *
**************   chi**2/iteration = 0.7537       ****************

 Writing out intermediate results for iteration          36

************* Integration by Vegas (iteration  37) **************
*                                                               *
*  integral  =  8.7546074       accum. integral =  8.7273061    *
*  std. dev. = 0.11391148E-01   accum. std. dev = 0.19382808E-02*
*   max. wt. =   0.780555E-02                                   *
*                                                               *
**************   chi**2/iteration = 0.8970       ****************

 Writing out intermediate results for iteration          37

************* Integration by Vegas (iteration  38) **************
*                                                               *
*  integral  =  8.7375481       accum. integral =  8.7275848    *
*  std. dev. = 0.11589452E-01   accum. std. dev = 0.19117287E-02*
*   max. wt. =   0.780555E-02                                   *
*                                                               *
**************   chi**2/iteration = 0.8933       ****************

 Writing out intermediate results for iteration          38

************* Integration by Vegas (iteration  39) **************
*                                                               *
*  integral  =  8.7406763       accum. integral =  8.7279543    *
*  std. dev. = 0.11217777E-01   accum. std. dev = 0.18845581E-02*
*   max. wt. =   0.780555E-02                                   *
*                                                               *
**************   chi**2/iteration = 0.9046       ****************

 Writing out intermediate results for iteration          39

************* Integration by Vegas (iteration  40) **************
*                                                               *
*  integral  =  8.7185670       accum. integral =  8.7277007    *
*  std. dev. = 0.11310200E-01   accum. std. dev = 0.18589293E-02*
*   max. wt. =   0.780555E-02                                   *
*                                                               *
**************   chi**2/iteration = 0.8986       ****************

 Writing out intermediate results for iteration          40

************* Integration by Vegas (iteration  41) **************
*                                                               *
*  integral  =  8.7096112       accum. integral =  8.7272323    *
*  std. dev. = 0.11401550E-01   accum. std. dev = 0.18347037E-02*
*   max. wt. =   0.780555E-02                                   *
*                                                               *
**************   chi**2/iteration = 0.9375       ****************

 Writing out intermediate results for iteration          41

************* Integration by Vegas (iteration  42) **************
*                                                               *
*  integral  =  8.7171227       accum. integral =  8.7269795    *
*  std. dev. = 0.11457135E-01   accum. std. dev = 0.18116224E-02*
*   max. wt. =   0.780555E-02                                   *
*                                                               *
**************   chi**2/iteration = 0.9331       ****************

 Writing out intermediate results for iteration          42

************* Integration by Vegas (iteration  43) **************
*                                                               *
*  integral  =  8.7277169       accum. integral =  8.7269982    *
*  std. dev. = 0.11231804E-01   accum. std. dev = 0.17885071E-02*
*   max. wt. =   0.780555E-02                                   *
*                                                               *
**************   chi**2/iteration = 0.9110       ****************

 Writing out intermediate results for iteration          43

************* Integration by Vegas (iteration  44) **************
*                                                               *
*  integral  =  8.7151951       accum. integral =  8.7267013    *
*  std. dev. = 0.11134203E-01   accum. std. dev = 0.17658702E-02*
*   max. wt. =   0.780555E-02                                   *
*                                                               *
**************   chi**2/iteration = 0.9153       ****************

 Writing out intermediate results for iteration          44

************* Integration by Vegas (iteration  45) **************
*                                                               *
*  integral  =  8.7456518       accum. integral =  8.7270936    *
*  std. dev. = 0.12146269E-01   accum. std. dev = 0.17474988E-02*
*   max. wt. =   0.780555E-02                                   *
*                                                               *
**************   chi**2/iteration = 0.9487       ****************

 Writing out intermediate results for iteration          45

************* Integration by Vegas (iteration  46) **************
*                                                               *
*  integral  =  8.7329548       accum. integral =  8.7272134    *
*  std. dev. = 0.12094979E-01   accum. std. dev = 0.17295401E-02*
*   max. wt. =   0.780555E-02                                   *
*                                                               *
**************   chi**2/iteration = 0.9327       ****************

 Writing out intermediate results for iteration          46

************* Integration by Vegas (iteration  47) **************
*                                                               *
*  integral  =  8.7156261       accum. integral =  8.7269546    *
*  std. dev. = 0.11441080E-01   accum. std. dev = 0.17101106E-02*
*   max. wt. =   0.780555E-02                                   *
*                                                               *
**************   chi**2/iteration = 0.9342       ****************

 Writing out intermediate results for iteration          47

************* Integration by Vegas (iteration  48) **************
*                                                               *
*  integral  =  8.7290849       accum. integral =  8.7269971    *
*  std. dev. = 0.11980944E-01   accum. std. dev = 0.16929519E-02*
*   max. wt. =   0.780555E-02                                   *
*                                                               *
**************   chi**2/iteration = 0.9150       ****************

 Writing out intermediate results for iteration          48

************* Integration by Vegas (iteration  49) **************
*                                                               *
*  integral  =  8.7034350       accum. integral =  8.7265254    *
*  std. dev. = 0.11845287E-01   accum. std. dev = 0.16759216E-02*
*   max. wt. =   0.780555E-02                                   *
*                                                               *
**************   chi**2/iteration = 0.9767       ****************

 Writing out intermediate results for iteration          49

************* Integration by Vegas (iteration  50) **************
*                                                               *
*  integral  =  8.7376691       accum. integral =  8.7267485    *
*  std. dev. = 0.11726668E-01   accum. std. dev = 0.16590642E-02*
*   max. wt. =   0.780555E-02                                   *
*                                                               *
**************   chi**2/iteration = 0.9748       ****************


Value of final lord integral is        8.7267 +/-     0.0017 fb

 Total number of shots       :     47239200
 Total no. failing cuts      :     17476543
 Number failing jet cuts     :            0
 Number failing process cuts :            0

   Jet efficiency : 100.00%
   Cut efficiency : 100.00%
 Total efficiency : 100.00%

 Contribution from parton sub-processes:
 ---------------------------------------
       GG     |           8.72675  100.00%
       GQ     |           0.00000    0.00%
       GQB    |           0.00000    0.00%
       QG     |           0.00000    0.00%
       QBG    |           0.00000    0.00%
       QQ     |           0.00000    0.00%
       QBQB   |           0.00000    0.00%
       QQB    |           0.00000    0.00%
       QBQ    |           0.00000    0.00%
 ---------------------------------------

 ****************************************************
 output files  E_var/E_33/CTEQ/HTOP/ggZZbx_lord_cteq6_l_0___0___132_run_33
 ****************************************************
