 ************** MCFM - version 6.8 ****************
 *                                                *
 * MCFM, v6.8                   April 26th, 2014  *
 *                                                *
 * Authors: John Campbell, Keith Ellis,           *
 *          Ciaran Williams                       *
 *         (johnmc@fnal.gov, ellis@fnal.gov,      *
 *          ciaran@fnal.gov)                      *
 *                                                *
 * For details see:                               *
 *                                                *
 *  arXiv:1403.2641 (Triphoton production)        *
 *  arXiv:1312.1628 (gg->WW, Higgs interference)  *
 *  arXiv:1311.3589 (gg->ZZ, Higgs interference)  *
 *  Phys.Rev.D87:114006, arXiv:1302.3856          *
 *  (tZ, tH -- with R. Rontsch)                   *
 *  arXiv:1211.6390 (DM, P. Fox and C. Williams)  *
 *  JHEP 1211:162 (2012), arXiv:1208.0566         *
 *  (Z+gam+jet,Z+gam+gam -- with H. Hartanto)     *
 *  arXiv:1204.1513 (top production+decay)        *
 *  JHEP 1207:052 (2012), arXiv:1204.5678 (ttW)   *
 *  JHEP 1110:005 (2011), arXiv:1107.5569         *
 *         (gg->WW,Higgs intference)              *
 *  JHEP 1107:018 (2011), arXiv:1105.0020         *
 *         (diboson update)                       *
 *  JHEP 1103:027 (2011), arXiv:1011.6647         *
 *         (Wbb for mb>0, with S. Badger)         *
 *  Phys.Rev.D81:074023, arXiv:1001.4495 (H+2jet) *
 *                                                *
 *  P.R.L. 102:142001, arXiv:0903.0005 [hep-ph]   *
 *    (t-channel single top + explicit b,         *
 *      JC, R.Frederix, F.Maltoni, F.Tramontano)  *
 *  N.P.B 726:109(2005), hep-ph/0506289 (W+t)     *
 *  Phys.Rev.D70:094012, hep-ph/0408158 (Sngl Top)*
 *       (with Francesco Tramontano)              *
 *                                                *
 *  Phys.Rev.D65:113007, hep-ph/0202176 (W,Z+2j)  *
 *  Phys.Rev.D62:114012, hep-ph/0006304 (W,Z+bb)  *
 *  Phys.Rev.D60:113006, hep-ph/9905386 (diboson) *
 *                                                *
 * On the web:  http://mcfm.fnal.gov/             *
 **************************************************

 * Using input file named E_var/E_14/MSTW/HTOP/input_131_14.DAT                                   

 * [Flags to specify the mode in which MCFM is run]                                          
 *                   -1            [nevtrequested] 
 *                    F            [creatent] 
 *                    F            [skipnt] 
 *                    F            [dswhisto] 
 *                    F            [creategrid] 
 *                    T            [writetop] 
 *                    T            [writedat] 
 *                    T            [writegnu] 
 *                    T            [writeroot] 
 *                    F            [writepwg] 

 * [General options to specify the process and execution]                                    
 *                  131            [nproc] 
 *                 lord            [part] 
 * 131_run_14                      [runstring] 
 *           14000.0000            [sqrts] 
 *                    1            [ih1] 
 *                    1            [ih2] 
 *             126.0000            [hmass] 
 *               0.5000            [scale] 
 *               0.5000            [facscale] 
 * m(3456)                         [dynamicscale] 
 *                    F            [zerowidth] 
 *                    F            [removebr] 
 *                   20            [itmx1] 
 *               500000            [ncall1] 
 *                   50            [itmx2] 
 *               500000            [ncall2] 
 *                 2020            [ij] 
 *                    F            [dryrun] 
 *                    T            [Qflag] 
 *                    T            [Gflag] 

 * [Heavy quark masses]                                                                      
 *             173.2000            [top mass] 
 *               4.7500            [bottom mass] 
 *               1.5000            [charm mass] 

 * [Pdf selection]                                                                           
 *              mstw8lo            [pdlabel] 
 *                    4            [NGROUP] 
 *                   46            [NSET] 
 * cteq6mE.LHgrid                  [LHAPDF group] 
 *                   -1            [LHAPDF set] 

 * [Jet definition and event cuts]                                                           
 *               0.0000            [m34min] 
 *           14000.0000            [m34max] 
 *               0.0000            [m56min] 
 *           14000.0000            [m56max] 
 *                    T            [inclusive] 
 *                 ankt            [algorithm] 
 *              15.0000            [ptjetmin] 
 *               0.0000            [etajetmin] 
 *               5.0000            [etajetmax] 
 *               0.5000            [Rcut] 
 *                    T            [makecuts] 
 *               0.0000            [leptpt] 
 *              99.0000            [leptrap] 
 *    0.000,   0.000                [leptveto] 
 *               0.0000            [misspt] 
 *               0.0000            [leptpt2] 
 *              99.0000            [leptrap2] 
 *    0.000,   0.000                [leptveto2] 
 *               0.0000            [mtrans34cut] 
 *               0.0000            [Rjlmin] 
 *               0.0000            [Rllmin] 
 *               0.0000            [delyjjmin] 
 *                    F            [jetsopphem] 
 *                    0            [lbjscheme] 
 *               0.0000            [ptbjetmin] 
 *              99.0000            [etabjetmax] 

 * [Settings for photon processes]                                                           
 *                    F            [frag] 
 *             GdRG__LO            [fragset] 
 *              80.0000            [frag_scale] 
 *              20.0000            [gammpt] 
 *               2.5000            [gammrap] 
 *              20.0000            [gammpt2] 
 *              20.0000            [gammpt3] 
 *               0.0000            [Rgalmin] 
 *               0.4000            [Rgagamin] 
 *               0.4000            [Rgajetmin] 
 *               0.4000            [cone_ang] 
 *               0.5000            [epsilon_h] 

 * [Anomalous couplings of the W and Z]                                                      
 *               0.0000            [delg1_z] 
 *               0.0000            [delk_z] 
 *               0.0000            [delk_g] 
 *               0.0000            [lambda_z] 
 *               0.0000            [lambda_g] 
 *               0.0000            [h1Z] 
 *               0.0000            [h1gam] 
 *               0.0000            [h2Z] 
 *               0.0000            [h2gam] 
 *               0.0000            [h3Z] 
 *               0.0000            [h3gam] 
 *               0.0000            [h4Z] 
 *               0.0000            [h4gam] 
 *               2.0000            [tevscale] 

 * [Anomalous width of the Higgs]                                                            
 *               1.0000            [Gamma_H/Gamma_H(SM)] 

 * [How to resume/save a run]                                                                
 *                    F            [readin] 
 *                    F            [writeout] 
 *                                 [ingridfile] 
 *                                 [outgridfile] 

 * [Technical parameters that should not normally be changed]

 *                    F            [debug] 
 *                    T            [verbose] 
 *                    F            [new_pspace] 
 *                    F            [virtonly] 
 *                    F            [realonly] 
 *                    T            [spira] 
 *                    F            [noglue] 
 *                    F            [ggonly] 
 *                    F            [gqonly] 
 *                    F            [omitgg] 
 *                    F            [vanillafiles] 
 *                    1            [nmin] 
 *                    2            [nmax] 
 *                    T            [clustering] 
 *                    F            [realwt] 
 *                    0            [colourchoice] 
 *               0.0100            [rtsmin] 
 *               0.0001            [cutoff] 
 *               0.1000            [aii] 
 *               0.1000            [aif] 
 *               0.1000            [afi] 
 *               1.0000            [aff] 
 *               1.0000            [bfi] 
 *               1.0000            [bff] 

 Chooser:process chosen by nproc=         131

 *************************** f(p1)+f(p2) --> ******************************************
 * Z^0(e^-(p3)+e^+(p4)) + Z^0(mu^-(p5)+mu^+(p6) [gg only, (H + gg->ZZ) squared]       *
 **************************************************************************************

 ************** Electroweak parameters **************
 *                                                  *
 *  zmass(+)   91.1876000     wmass(+)  80.3980000  *
 * zwidth(+)    2.4952000    wwidth(+)   2.1054000  *
 *     Gf(+) 0.116639D-04   1/aemmz    132.3384323  *
 *     xw       0.2226459      mtop(+) 173.2000000  *
 *   gwsq       0.4264904       esq      0.0949563  *
 * top width    1.4743080 (LO)                      *
 *    mb        4.7500000        mc      1.5000000  *
 *                                                  *
 * Parameters marked (+) are input, others derived  *
 ****************************************************

 ****************** Higgs parameters ****************
 *                                                  *
 *   mass(H) =  126.00      width(H) =  0.43070E-02 *
 *                                                  *
 *              Br( H -> b bbar)  =   0.48164       *
 *              Br( H -> tau tau) =   0.06056       *
 *              Br( H -> W W)     =   0.00000       *
 *              Br( H -> Z Z)     =   0.00000       *
 *              Br( H -> gam gam) =   0.00235       *
 *              Br( H -> Z gam)   =   0.00164       *
 ****************************************************
 *                                                  *
 * Note: branching ratios reported here can be > 1  *
 *       since the total Higgs width is calculated  *
 *       at NLO but the BR calculation uses a       *
 *       partial width at LO only.                  *
 *                                                  *
 ****************************************************

 WARNING: Higgs decay H->ZZ is below threshold and
 may not yield sensible results - check the number
 of integration points

 ***************** CKM mixing matrix ****************
 *                                                  *
 *      Vud=.97500    Vus=.22200    Vub=0.0000      *
 *      Vcd=.22200    Vcs=.97500    Vcb=0.0000      *
 ****************************************************

 ************* Strong coupling, alpha_s  ************
 *                                                  *
 *  Dynamic scale - alpha_s changed event-by-event  *
 *       alpha_s (zmass)  0.13939000                *
 *         (using 1-loop running of alpha_s)        *
 ****************************************************

 ****************************************
 *     Cross section in femtobarns      *
 ****************************************


 input parameters for vegas:  ndim= 10  ncall= 472392.
                              it=    0  itmx=   20
                              nprn=  0  alph= 1.50
                              mds=  1   nd= 100
                              xl( 1)=   0.000     xu( 1)=   1.000    
                              xl( 2)=   0.000     xu( 2)=   1.000    
                              xl( 3)=   0.000     xu( 3)=   1.000    
                              xl( 4)=   0.000     xu( 4)=   1.000    
                              xl( 5)=   0.000     xu( 5)=   1.000    
                              xl( 6)=   0.000     xu( 6)=   1.000    
                              xl( 7)=   0.000     xu( 7)=   1.000    
                              xl( 8)=   0.000     xu( 8)=   1.000    
                              xl( 9)=   0.000     xu( 9)=   1.000    
                              xl(10)=   0.000     xu(10)=   1.000    

 ****************** Basic mass cuts *****************
 *                                                  *
 *              0.00  <   m34  <  14000.00           *
 *              0.00  <   m56  <  14000.00           *
 ****************************************************
 *********** CMS Higgs Search cuts******
 *                                     *
 *     pt(mu) >           5.00 GeV     *
 *     pt(el) >           7.00 GeV     *
 *     |eta_mu| <         2.40         *
 *     |eta_el| <         2.50         *
 *     m4lmin >         100.00 GeV     *
 *     m2lmin >           4.00 GeV     *
 *     ptleading >       20.00 GeV     *
 *     ptnexttoleading > 10.00 GeV     *
 *     mllnear >         40.00 GeV     *
 *     mllfar >          12.00 GeV     *
 *     mllmax >         120.00 GeV     *
 ***************************************

 ************** Dynamic scale choice ****************
 *                                                  *
 *                 RENORMALIZATION                  *
 *       mu_ren  =  0.50 x m(3456)                  *
 *                                                  *
 *                  FACTORIZATION                   *
 *       mu_fac  =  0.50 x m(3456)                  *
 *                                                  *
 ****************************************************
 ====================================================
   This is QCDLoop - version 1.95                    
   Authors: Keith Ellis and Giulia Zanderighi        
   (ellis@fnal.gov, g.zanderighi1@physics.ox.ac.uk)  
   For details see FERMILAB-PUB-07-633-T,OUTP-07/16P 
   arXiv:0712.1851 [hep-ph], published in            
   JHEP 0802:002,2008.                               
 ====================================================
 ====================================================
   FF 2.0, a package to evaluate one-loop integrals
 written by G. J. van Oldenborgh, NIKHEF-H, Amsterdam
 ====================================================
 for the algorithms used see preprint NIKHEF-H 89/17,
 'New Algorithms for One-loop Integrals', by G.J. van
 Oldenborgh and J.A.M. Vermaseren, published in 
 Zeitschrift fuer Physik C46(1990)425.
 ====================================================
 ffini: precx =    4.4408920985006262E-016
 ffini: precc =    4.4408920985006262E-016
 ffini: xalogm =    4.9406564584124654E-324
 ffini: xclogm =    4.9406564584124654E-324
 ****************************************************
 *                                                  *
 *  gg->ZZ box loop includes gens. 1 and 2          *
 *  gg->ZZ box loop includes bottom quark           *
 *  gg->ZZ box loop includes top quark              *
 *                                                  *
 *  Numer. stability: pt(Z) > 0.100 GeV (gens. 1,2) *
 *  Numer. stability: pt(Z) > 0.100 GeV (b,t loops) *
 *                                                  *
 ****************************************************
 Reading PDF grid from Pdfdata/mstw2008lo.00.dat

************* Integration by Vegas (iteration   1) **************
*                                                               *
*  integral  =  2.6780908       accum. integral =  2.6780908    *
*  std. dev. = 0.86416196E-01   accum. std. dev = 0.86416196E-01*
*   max. wt. =   0.461350E-01                                   *
*                                                               *
**************   chi**2/iteration =  0.000       ****************


************* Integration by Vegas (iteration   2) **************
*                                                               *
*  integral  =  3.1131140       accum. integral =  2.7564528    *
*  std. dev. = 0.18436149       accum. std. dev = 0.78246847E-01*
*   max. wt. =   0.176197                                       *
*                                                               *
**************   chi**2/iteration =  4.520       ****************


************* Integration by Vegas (iteration   3) **************
*                                                               *
*  integral  =  3.1113773       accum. integral =  3.0292959    *
*  std. dev. = 0.42917332E-01   accum. std. dev = 0.37628874E-01*
*   max. wt. =   0.176197                                       *
*                                                               *
**************   chi**2/iteration =  10.14       ****************


************* Integration by Vegas (iteration   4) **************
*                                                               *
*  integral  =  3.0735953       accum. integral =  3.0703346    *
*  std. dev. = 0.10606560E-01   accum. std. dev = 0.10208756E-01*
*   max. wt. =   0.176197                                       *
*                                                               *
**************   chi**2/iteration =  7.198       ****************


************* Integration by Vegas (iteration   5) **************
*                                                               *
*  integral  =  3.0724655       accum. integral =  3.0718425    *
*  std. dev. = 0.65624314E-02   accum. std. dev = 0.55202597E-02*
*   max. wt. =   0.176197                                       *
*                                                               *
**************   chi**2/iteration =  5.411       ****************


************* Integration by Vegas (iteration   6) **************
*                                                               *
*  integral  =  3.0748138       accum. integral =  3.0731882    *
*  std. dev. = 0.60670788E-02   accum. std. dev = 0.40830754E-02*
*   max. wt. =   0.176197                                       *
*                                                               *
**************   chi**2/iteration =  4.357       ****************


************* Integration by Vegas (iteration   7) **************
*                                                               *
*  integral  =  3.0904157       accum. integral =  3.0789048    *
*  std. dev. = 0.57939581E-02   accum. std. dev = 0.33375797E-02*
*   max. wt. =   0.176197                                       *
*                                                               *
**************   chi**2/iteration =  4.615       ****************


************* Integration by Vegas (iteration   8) **************
*                                                               *
*  integral  =  3.0783645       accum. integral =  3.0787626    *
*  std. dev. = 0.55846780E-02   accum. std. dev = 0.28649402E-02*
*   max. wt. =   0.176197                                       *
*                                                               *
**************   chi**2/iteration =  3.957       ****************


************* Integration by Vegas (iteration   9) **************
*                                                               *
*  integral  =  3.0762777       accum. integral =  3.0782523    *
*  std. dev. = 0.56355568E-02   accum. std. dev = 0.25538744E-02*
*   max. wt. =   0.176197                                       *
*                                                               *
**************   chi**2/iteration =  3.483       ****************


************* Integration by Vegas (iteration  10) **************
*                                                               *
*  integral  =  3.0721206       accum. integral =  3.0772250    *
*  std. dev. = 0.56926730E-02   accum. std. dev = 0.23301306E-02*
*   max. wt. =   0.176197                                       *
*                                                               *
**************   chi**2/iteration =  3.203       ****************


************* Integration by Vegas (iteration  11) **************
*                                                               *
*  integral  =  3.0664254       accum. integral =  3.0756458    *
*  std. dev. = 0.56304625E-02   accum. std. dev = 0.21530415E-02*
*   max. wt. =   0.176197                                       *
*                                                               *
**************   chi**2/iteration =  3.197       ****************


************* Integration by Vegas (iteration  12) **************
*                                                               *
*  integral  =  3.0706071       accum. integral =  3.0750570    *
*  std. dev. = 0.59187707E-02   accum. std. dev = 0.20233307E-02*
*   max. wt. =   0.176197                                       *
*                                                               *
**************   chi**2/iteration =  2.965       ****************


************* Integration by Vegas (iteration  13) **************
*                                                               *
*  integral  =  3.0775603       accum. integral =  3.0753347    *
*  std. dev. = 0.57281011E-02   accum. std. dev = 0.19078090E-02*
*   max. wt. =   0.176197                                       *
*                                                               *
**************   chi**2/iteration =  2.732       ****************


************* Integration by Vegas (iteration  14) **************
*                                                               *
*  integral  =  3.0746404       accum. integral =  3.0752666    *
*  std. dev. = 0.57842019E-02   accum. std. dev = 0.18118012E-02*
*   max. wt. =   0.176197                                       *
*                                                               *
**************   chi**2/iteration =  2.523       ****************


************* Integration by Vegas (iteration  15) **************
*                                                               *
*  integral  =  3.0765080       accum. integral =  3.0753794    *
*  std. dev. = 0.57288153E-02   accum. std. dev = 0.17274681E-02*
*   max. wt. =   0.176197                                       *
*                                                               *
**************   chi**2/iteration =  2.346       ****************


************* Integration by Vegas (iteration  16) **************
*                                                               *
*  integral  =  3.0732647       accum. integral =  3.0751997    *
*  std. dev. = 0.56681621E-02   accum. std. dev = 0.16524306E-02*
*   max. wt. =   0.176197                                       *
*                                                               *
**************   chi**2/iteration =  2.198       ****************


************* Integration by Vegas (iteration  17) **************
*                                                               *
*  integral  =  3.0729504       accum. integral =  3.0750165    *
*  std. dev. = 0.55496181E-02   accum. std. dev = 0.15837163E-02*
*   max. wt. =   0.176197                                       *
*                                                               *
**************   chi**2/iteration =  2.070       ****************


************* Integration by Vegas (iteration  18) **************
*                                                               *
*  integral  =  3.0661650       accum. integral =  3.0743616    *
*  std. dev. = 0.56028005E-02   accum. std. dev = 0.15240026E-02*
*   max. wt. =   0.176197                                       *
*                                                               *
**************   chi**2/iteration =  2.085       ****************


************* Integration by Vegas (iteration  19) **************
*                                                               *
*  integral  =  3.0744607       accum. integral =  3.0743672    *
*  std. dev. = 0.62392590E-02   accum. std. dev = 0.14804775E-02*
*   max. wt. =   0.176197                                       *
*                                                               *
**************   chi**2/iteration =  1.969       ****************


************* Integration by Vegas (iteration  20) **************
*                                                               *
*  integral  =  3.0692840       accum. integral =  3.0740731    *
*  std. dev. = 0.59737753E-02   accum. std. dev = 0.14370051E-02*
*   max. wt. =   0.176197                                       *
*                                                               *
**************   chi**2/iteration =  1.901       ****************


 input parameters for vegas:  ndim= 10  ncall= 472392.
                              it=   21  itmx=   50
                              nprn=  0  alph= 1.50
                              mds=  1   nd= 100
                              xl( 1)=   0.000     xu( 1)=   1.000    
                              xl( 2)=   0.000     xu( 2)=   1.000    
                              xl( 3)=   0.000     xu( 3)=   1.000    
                              xl( 4)=   0.000     xu( 4)=   1.000    
                              xl( 5)=   0.000     xu( 5)=   1.000    
                              xl( 6)=   0.000     xu( 6)=   1.000    
                              xl( 7)=   0.000     xu( 7)=   1.000    
                              xl( 8)=   0.000     xu( 8)=   1.000    
                              xl( 9)=   0.000     xu( 9)=   1.000    
                              xl(10)=   0.000     xu(10)=   1.000    

************* Integration by Vegas (iteration   1) **************
*                                                               *
*  integral  =  3.0704711       accum. integral =  3.0704711    *
*  std. dev. = 0.58867928E-02   accum. std. dev = 0.58867928E-02*
*   max. wt. =   0.149565E-02                                   *
*                                                               *
**************   chi**2/iteration =  0.000       ****************

 Writing out intermediate results for iteration           1

************* Integration by Vegas (iteration   2) **************
*                                                               *
*  integral  =  3.0808897       accum. integral =  3.0757800    *
*  std. dev. = 0.57752395E-02   accum. std. dev = 0.41225852E-02*
*   max. wt. =   0.149565E-02                                   *
*                                                               *
**************   chi**2/iteration =  1.580       ****************

 Writing out intermediate results for iteration           2

************* Integration by Vegas (iteration   3) **************
*                                                               *
*  integral  =  3.0763658       accum. integral =  3.0759871    *
*  std. dev. = 0.55761608E-02   accum. std. dev = 0.33149791E-02*
*   max. wt. =   0.149565E-02                                   *
*                                                               *
**************   chi**2/iteration = 0.7976       ****************

 Writing out intermediate results for iteration           3

************* Integration by Vegas (iteration   4) **************
*                                                               *
*  integral  =  3.0662171       accum. integral =  3.0735079    *
*  std. dev. = 0.56848022E-02   accum. std. dev = 0.28636623E-02*
*   max. wt. =   0.149565E-02                                   *
*                                                               *
**************   chi**2/iteration =  1.265       ****************

 Writing out intermediate results for iteration           4

************* Integration by Vegas (iteration   5) **************
*                                                               *
*  integral  =  3.0822880       accum. integral =  3.0752060    *
*  std. dev. = 0.58480522E-02   accum. std. dev = 0.25718682E-02*
*   max. wt. =   0.149565E-02                                   *
*                                                               *
**************   chi**2/iteration =  1.403       ****************

 Writing out intermediate results for iteration           5

************* Integration by Vegas (iteration   6) **************
*                                                               *
*  integral  =  3.0830315       accum. integral =  3.0765097    *
*  std. dev. = 0.57523088E-02   accum. std. dev = 0.23478814E-02*
*   max. wt. =   0.149565E-02                                   *
*                                                               *
**************   chi**2/iteration =  1.431       ****************

 Writing out intermediate results for iteration           6

************* Integration by Vegas (iteration   7) **************
*                                                               *
*  integral  =  3.0834885       accum. integral =  3.0775122    *
*  std. dev. = 0.57325802E-02   accum. std. dev = 0.21727111E-02*
*   max. wt. =   0.149565E-02                                   *
*                                                               *
**************   chi**2/iteration =  1.404       ****************

 Writing out intermediate results for iteration           7

************* Integration by Vegas (iteration   8) **************
*                                                               *
*  integral  =  3.0708587       accum. integral =  3.0766594    *
*  std. dev. = 0.56663068E-02   accum. std. dev = 0.20286855E-02*
*   max. wt. =   0.149565E-02                                   *
*                                                               *
**************   chi**2/iteration =  1.375       ****************

 Writing out intermediate results for iteration           8

************* Integration by Vegas (iteration   9) **************
*                                                               *
*  integral  =  3.0627688       accum. integral =  3.0752470    *
*  std. dev. = 0.60301040E-02   accum. std. dev = 0.19227885E-02*
*   max. wt. =   0.170152E-02                                   *
*                                                               *
**************   chi**2/iteration =  1.798       ****************

 Writing out intermediate results for iteration           9

************* Integration by Vegas (iteration  10) **************
*                                                               *
*  integral  =  3.0672075       accum. integral =  3.0745260    *
*  std. dev. = 0.61258164E-02   accum. std. dev = 0.18345394E-02*
*   max. wt. =   0.170152E-02                                   *
*                                                               *
**************   chi**2/iteration =  1.773       ****************

 Writing out intermediate results for iteration          10

************* Integration by Vegas (iteration  11) **************
*                                                               *
*  integral  =  3.0781691       accum. integral =  3.0748350    *
*  std. dev. = 0.60257300E-02   accum. std. dev = 0.17550055E-02*
*   max. wt. =   0.170152E-02                                   *
*                                                               *
**************   chi**2/iteration =  1.629       ****************

 Writing out intermediate results for iteration          11

************* Integration by Vegas (iteration  12) **************
*                                                               *
*  integral  =  3.0667461       accum. integral =  3.0741801    *
*  std. dev. = 0.59124817E-02   accum. std. dev = 0.16824509E-02*
*   max. wt. =   0.170152E-02                                   *
*                                                               *
**************   chi**2/iteration =  1.637       ****************

 Writing out intermediate results for iteration          12

************* Integration by Vegas (iteration  13) **************
*                                                               *
*  integral  =  3.0786897       accum. integral =  3.0745166    *
*  std. dev. = 0.59248190E-02   accum. std. dev = 0.16184619E-02*
*   max. wt. =   0.170152E-02                                   *
*                                                               *
**************   chi**2/iteration =  1.546       ****************

 Writing out intermediate results for iteration          13

************* Integration by Vegas (iteration  14) **************
*                                                               *
*  integral  =  3.0808284       accum. integral =  3.0749604    *
*  std. dev. = 0.58847164E-02   accum. std. dev = 0.15605185E-02*
*   max. wt. =   0.170152E-02                                   *
*                                                               *
**************   chi**2/iteration =  1.509       ****************

 Writing out intermediate results for iteration          14

************* Integration by Vegas (iteration  15) **************
*                                                               *
*  integral  =  3.0733750       accum. integral =  3.0748532    *
*  std. dev. = 0.57939816E-02   accum. std. dev = 0.15068221E-02*
*   max. wt. =   0.170152E-02                                   *
*                                                               *
**************   chi**2/iteration =  1.406       ****************

 Writing out intermediate results for iteration          15

************* Integration by Vegas (iteration  16) **************
*                                                               *
*  integral  =  3.0792159       accum. integral =  3.0751177    *
*  std. dev. = 0.59311057E-02   accum. std. dev = 0.14604284E-02*
*   max. wt. =   0.170152E-02                                   *
*                                                               *
**************   chi**2/iteration =  1.347       ****************

 Writing out intermediate results for iteration          16

************* Integration by Vegas (iteration  17) **************
*                                                               *
*  integral  =  3.0794252       accum. integral =  3.0753721    *
*  std. dev. = 0.58289533E-02   accum. std. dev = 0.14166410E-02*
*   max. wt. =   0.170152E-02                                   *
*                                                               *
**************   chi**2/iteration =  1.295       ****************

 Writing out intermediate results for iteration          17

************* Integration by Vegas (iteration  18) **************
*                                                               *
*  integral  =  3.0810734       accum. integral =  3.0756439    *
*  std. dev. = 0.63314290E-02   accum. std. dev = 0.13824586E-02*
*   max. wt. =   0.191523E-02                                   *
*                                                               *
**************   chi**2/iteration =  1.264       ****************

 Writing out intermediate results for iteration          18

************* Integration by Vegas (iteration  19) **************
*                                                               *
*  integral  =  3.0774838       accum. integral =  3.0757312    *
*  std. dev. = 0.61946405E-02   accum. std. dev = 0.13492669E-02*
*   max. wt. =   0.191523E-02                                   *
*                                                               *
**************   chi**2/iteration =  1.198       ****************

 Writing out intermediate results for iteration          19

************* Integration by Vegas (iteration  20) **************
*                                                               *
*  integral  =  3.0811037       accum. integral =  3.0759761    *
*  std. dev. = 0.61738557E-02   accum. std. dev = 0.13181551E-02*
*   max. wt. =   0.191523E-02                                   *
*                                                               *
**************   chi**2/iteration =  1.173       ****************

 Writing out intermediate results for iteration          20

************* Integration by Vegas (iteration  21) **************
*                                                               *
*  integral  =  3.0732435       accum. integral =  3.0758472    *
*  std. dev. = 0.59228596E-02   accum. std. dev = 0.12866756E-02*
*   max. wt. =   0.191523E-02                                   *
*                                                               *
**************   chi**2/iteration =  1.125       ****************

 Writing out intermediate results for iteration          21

************* Integration by Vegas (iteration  22) **************
*                                                               *
*  integral  =  3.0755835       accum. integral =  3.0758353    *
*  std. dev. = 0.59127608E-02   accum. std. dev = 0.12572519E-02*
*   max. wt. =   0.191523E-02                                   *
*                                                               *
**************   chi**2/iteration =  1.071       ****************

 Writing out intermediate results for iteration          22

************* Integration by Vegas (iteration  23) **************
*                                                               *
*  integral  =  3.0798917       accum. integral =  3.0760057    *
*  std. dev. = 0.60029110E-02   accum. std. dev = 0.12305523E-02*
*   max. wt. =   0.191523E-02                                   *
*                                                               *
**************   chi**2/iteration =  1.043       ****************

 Writing out intermediate results for iteration          23

************* Integration by Vegas (iteration  24) **************
*                                                               *
*  integral  =  3.0733470       accum. integral =  3.0758882    *
*  std. dev. = 0.57210541E-02   accum. std. dev = 0.12030379E-02*
*   max. wt. =   0.191523E-02                                   *
*                                                               *
**************   chi**2/iteration =  1.006       ****************

 Writing out intermediate results for iteration          24

************* Integration by Vegas (iteration  25) **************
*                                                               *
*  integral  =  3.0734851       accum. integral =  3.0757873    *
*  std. dev. = 0.57483038E-02   accum. std. dev = 0.11775262E-02*
*   max. wt. =   0.191523E-02                                   *
*                                                               *
**************   chi**2/iteration = 0.9713       ****************

 Writing out intermediate results for iteration          25

************* Integration by Vegas (iteration  26) **************
*                                                               *
*  integral  =  3.0692676       accum. integral =  3.0755242    *
*  std. dev. = 0.57423634E-02   accum. std. dev = 0.11535234E-02*
*   max. wt. =   0.191523E-02                                   *
*                                                               *
**************   chi**2/iteration = 0.9819       ****************

 Writing out intermediate results for iteration          26

************* Integration by Vegas (iteration  27) **************
*                                                               *
*  integral  =  3.0815501       accum. integral =  3.0757476    *
*  std. dev. = 0.58787803E-02   accum. std. dev = 0.11319385E-02*
*   max. wt. =   0.191523E-02                                   *
*                                                               *
**************   chi**2/iteration = 0.9831       ****************

 Writing out intermediate results for iteration          27

************* Integration by Vegas (iteration  28) **************
*                                                               *
*  integral  =  3.0822573       accum. integral =  3.0759815    *
*  std. dev. = 0.58632280E-02   accum. std. dev = 0.11114161E-02*
*   max. wt. =   0.191523E-02                                   *
*                                                               *
**************   chi**2/iteration = 0.9907       ****************

 Writing out intermediate results for iteration          28

************* Integration by Vegas (iteration  29) **************
*                                                               *
*  integral  =  3.0786968       accum. integral =  3.0760703    *
*  std. dev. = 0.60457925E-02   accum. std. dev = 0.10930992E-02*
*   max. wt. =   0.191523E-02                                   *
*                                                               *
**************   chi**2/iteration = 0.9623       ****************

 Writing out intermediate results for iteration          29

************* Integration by Vegas (iteration  30) **************
*                                                               *
*  integral  =  3.0769022       accum. integral =  3.0760983    *
*  std. dev. = 0.58586591E-02   accum. std. dev = 0.10745557E-02*
*   max. wt. =   0.191523E-02                                   *
*                                                               *
**************   chi**2/iteration = 0.9298       ****************

 Writing out intermediate results for iteration          30

************* Integration by Vegas (iteration  31) **************
*                                                               *
*  integral  =  3.0769007       accum. integral =  3.0761241    *
*  std. dev. = 0.58979989E-02   accum. std. dev = 0.10571538E-02*
*   max. wt. =   0.191523E-02                                   *
*                                                               *
**************   chi**2/iteration = 0.8994       ****************

 Writing out intermediate results for iteration          31

************* Integration by Vegas (iteration  32) **************
*                                                               *
*  integral  =  3.0742113       accum. integral =  3.0760648    *
*  std. dev. = 0.59110475E-02   accum. std. dev = 0.10406423E-02*
*   max. wt. =   0.191523E-02                                   *
*                                                               *
**************   chi**2/iteration = 0.8737       ****************

 Writing out intermediate results for iteration          32

************* Integration by Vegas (iteration  33) **************
*                                                               *
*  integral  =  3.0802069       accum. integral =  3.0761786    *
*  std. dev. = 0.61904824E-02   accum. std. dev = 0.10262431E-02*
*   max. wt. =   0.191523E-02                                   *
*                                                               *
**************   chi**2/iteration = 0.8600       ****************

 Writing out intermediate results for iteration          33

************* Integration by Vegas (iteration  34) **************
*                                                               *
*  integral  =  3.0701193       accum. integral =  3.0760009    *
*  std. dev. = 0.59039510E-02   accum. std. dev = 0.10110821E-02*
*   max. wt. =   0.191523E-02                                   *
*                                                               *
**************   chi**2/iteration = 0.8649       ****************

 Writing out intermediate results for iteration          34

************* Integration by Vegas (iteration  35) **************
*                                                               *
*  integral  =  3.0707909       accum. integral =  3.0758539    *
*  std. dev. = 0.59330540E-02   accum. std. dev = 0.99671278E-03*
*   max. wt. =   0.191523E-02                                   *
*                                                               *
**************   chi**2/iteration = 0.8615       ****************

 Writing out intermediate results for iteration          35

************* Integration by Vegas (iteration  36) **************
*                                                               *
*  integral  =  3.0802838       accum. integral =  3.0759672    *
*  std. dev. = 0.61521034E-02   accum. std. dev = 0.98388403E-03*
*   max. wt. =   0.191523E-02                                   *
*                                                               *
**************   chi**2/iteration = 0.8513       ****************

 Writing out intermediate results for iteration          36

************* Integration by Vegas (iteration  37) **************
*                                                               *
*  integral  =  3.0812782       accum. integral =  3.0761022    *
*  std. dev. = 0.60914428E-02   accum. std. dev = 0.97129582E-03*
*   max. wt. =   0.191523E-02                                   *
*                                                               *
**************   chi**2/iteration = 0.8482       ****************

 Writing out intermediate results for iteration          37

************* Integration by Vegas (iteration  38) **************
*                                                               *
*  integral  =  3.0801285       accum. integral =  3.0762038    *
*  std. dev. = 0.60377526E-02   accum. std. dev = 0.95896640E-03*
*   max. wt. =   0.191523E-02                                   *
*                                                               *
**************   chi**2/iteration = 0.8370       ****************

 Writing out intermediate results for iteration          38

************* Integration by Vegas (iteration  39) **************
*                                                               *
*  integral  =  3.0777476       accum. integral =  3.0762433    *
*  std. dev. = 0.59191375E-02   accum. std. dev = 0.94662356E-03*
*   max. wt. =   0.191523E-02                                   *
*                                                               *
**************   chi**2/iteration = 0.8168       ****************

 Writing out intermediate results for iteration          39

************* Integration by Vegas (iteration  40) **************
*                                                               *
*  integral  =  3.0712938       accum. integral =  3.0761287    *
*  std. dev. = 0.61490951E-02   accum. std. dev = 0.93560200E-03*
*   max. wt. =   0.191523E-02                                   *
*                                                               *
**************   chi**2/iteration = 0.8120       ****************

 Writing out intermediate results for iteration          40

************* Integration by Vegas (iteration  41) **************
*                                                               *
*  integral  =  3.0774711       accum. integral =  3.0761584    *
*  std. dev. = 0.62213619E-02   accum. std. dev = 0.92519846E-03*
*   max. wt. =   0.191523E-02                                   *
*                                                               *
**************   chi**2/iteration = 0.7929       ****************

 Writing out intermediate results for iteration          41

************* Integration by Vegas (iteration  42) **************
*                                                               *
*  integral  =  3.0654577       accum. integral =  3.0759177    *
*  std. dev. = 0.60989456E-02   accum. std. dev = 0.91473326E-03*
*   max. wt. =   0.191523E-02                                   *
*                                                               *
**************   chi**2/iteration = 0.8469       ****************

 Writing out intermediate results for iteration          42

************* Integration by Vegas (iteration  43) **************
*                                                               *
*  integral  =  3.0686828       accum. integral =  3.0757562    *
*  std. dev. = 0.60541248E-02   accum. std. dev = 0.90446749E-03*
*   max. wt. =   0.191523E-02                                   *
*                                                               *
**************   chi**2/iteration = 0.8600       ****************

 Writing out intermediate results for iteration          43

************* Integration by Vegas (iteration  44) **************
*                                                               *
*  integral  =  3.0883107       accum. integral =  3.0760075    *
*  std. dev. = 0.63279942E-02   accum. std. dev = 0.89536785E-03*
*   max. wt. =   0.191523E-02                                   *
*                                                               *
**************   chi**2/iteration = 0.9297       ****************

 Writing out intermediate results for iteration          44

************* Integration by Vegas (iteration  45) **************
*                                                               *
*  integral  =  3.0775540       accum. integral =  3.0760405    *
*  std. dev. = 0.60644865E-02   accum. std. dev = 0.88576597E-03*
*   max. wt. =   0.191523E-02                                   *
*                                                               *
**************   chi**2/iteration = 0.9100       ****************

 Writing out intermediate results for iteration          45

************* Integration by Vegas (iteration  46) **************
*                                                               *
*  integral  =  3.0674536       accum. integral =  3.0758593    *
*  std. dev. = 0.60319910E-02   accum. std. dev = 0.87636765E-03*
*   max. wt. =   0.191523E-02                                   *
*                                                               *
**************   chi**2/iteration = 0.9339       ****************

 Writing out intermediate results for iteration          46

************* Integration by Vegas (iteration  47) **************
*                                                               *
*  integral  =  3.0762148       accum. integral =  3.0758665    *
*  std. dev. = 0.60692793E-02   accum. std. dev = 0.86737210E-03*
*   max. wt. =   0.191523E-02                                   *
*                                                               *
**************   chi**2/iteration = 0.9136       ****************

 Writing out intermediate results for iteration          47

************* Integration by Vegas (iteration  48) **************
*                                                               *
*  integral  =  3.0638984       accum. integral =  3.0756247    *
*  std. dev. = 0.60402027E-02   accum. std. dev = 0.85856507E-03*
*   max. wt. =   0.191523E-02                                   *
*                                                               *
**************   chi**2/iteration = 0.9760       ****************

 Writing out intermediate results for iteration          48

************* Integration by Vegas (iteration  49) **************
*                                                               *
*  integral  =  3.0770675       accum. integral =  3.0756451    *
*  std. dev. = 0.71658518E-02   accum. std. dev = 0.85246818E-03*
*   max. wt. =   0.373513E-02                                   *
*                                                               *
**************   chi**2/iteration = 0.9565       ****************

 Writing out intermediate results for iteration          49

************* Integration by Vegas (iteration  50) **************
*                                                               *
*  integral  =  3.0686665       accum. integral =  3.0755382    *
*  std. dev. = 0.68348626E-02   accum. std. dev = 0.84591407E-03*
*   max. wt. =   0.373513E-02                                   *
*                                                               *
**************   chi**2/iteration = 0.9580       ****************


Value of final lord integral is        3.0755 +/-     0.0008 fb

 Total number of shots       :     23619600
 Total no. failing cuts      :      8891694
 Number failing jet cuts     :            0
 Number failing process cuts :            0

   Jet efficiency : 100.00%
   Cut efficiency : 100.00%
 Total efficiency : 100.00%

 Contribution from parton sub-processes:
 ---------------------------------------
       GG     |           3.07554  100.00%
       GQ     |           0.00000    0.00%
       GQB    |           0.00000    0.00%
       QG     |           0.00000    0.00%
       QBG    |           0.00000    0.00%
       QQ     |           0.00000    0.00%
       QBQB   |           0.00000    0.00%
       QQB    |           0.00000    0.00%
       QBQ    |           0.00000    0.00%
 ---------------------------------------

 ****************************************************
 output files  E_var/E_14/MSTW/HTOP/ggZZ4l_lord_mstw8lo_0___0___126_131_run_14
 ****************************************************
