 ************** MCFM - version 6.8 ****************
 *                                                *
 * MCFM, v6.8                   April 26th, 2014  *
 *                                                *
 * Authors: John Campbell, Keith Ellis,           *
 *          Ciaran Williams                       *
 *         (johnmc@fnal.gov, ellis@fnal.gov,      *
 *          ciaran@fnal.gov)                      *
 *                                                *
 * For details see:                               *
 *                                                *
 *  arXiv:1403.2641 (Triphoton production)        *
 *  arXiv:1312.1628 (gg->WW, Higgs interference)  *
 *  arXiv:1311.3589 (gg->ZZ, Higgs interference)  *
 *  Phys.Rev.D87:114006, arXiv:1302.3856          *
 *  (tZ, tH -- with R. Rontsch)                   *
 *  arXiv:1211.6390 (DM, P. Fox and C. Williams)  *
 *  JHEP 1211:162 (2012), arXiv:1208.0566         *
 *  (Z+gam+jet,Z+gam+gam -- with H. Hartanto)     *
 *  arXiv:1204.1513 (top production+decay)        *
 *  JHEP 1207:052 (2012), arXiv:1204.5678 (ttW)   *
 *  JHEP 1110:005 (2011), arXiv:1107.5569         *
 *         (gg->WW,Higgs intference)              *
 *  JHEP 1107:018 (2011), arXiv:1105.0020         *
 *         (diboson update)                       *
 *  JHEP 1103:027 (2011), arXiv:1011.6647         *
 *         (Wbb for mb>0, with S. Badger)         *
 *  Phys.Rev.D81:074023, arXiv:1001.4495 (H+2jet) *
 *                                                *
 *  P.R.L. 102:142001, arXiv:0903.0005 [hep-ph]   *
 *    (t-channel single top + explicit b,         *
 *      JC, R.Frederix, F.Maltoni, F.Tramontano)  *
 *  N.P.B 726:109(2005), hep-ph/0506289 (W+t)     *
 *  Phys.Rev.D70:094012, hep-ph/0408158 (Sngl Top)*
 *       (with Francesco Tramontano)              *
 *                                                *
 *  Phys.Rev.D65:113007, hep-ph/0202176 (W,Z+2j)  *
 *  Phys.Rev.D62:114012, hep-ph/0006304 (W,Z+bb)  *
 *  Phys.Rev.D60:113006, hep-ph/9905386 (diboson) *
 *                                                *
 * On the web:  http://mcfm.fnal.gov/             *
 **************************************************

 * Using input file named cluster_CMS_25/CTEQ/HTOP/input_129_14.DAT                               

 * [Flags to specify the mode in which MCFM is run]                                          
 *                   -1            [nevtrequested] 
 *                    F            [creatent] 
 *                    F            [skipnt] 
 *                    F            [dswhisto] 
 *                    F            [creategrid] 
 *                    T            [writetop] 
 *                    T            [writedat] 
 *                    T            [writegnu] 
 *                    T            [writeroot] 
 *                    F            [writepwg] 

 * [General options to specify the process and execution]                                    
 *                  129            [nproc] 
 *                 lord            [part] 
 * 129_run_14                      [runstring] 
 *           14000.0000            [sqrts] 
 *                    1            [ih1] 
 *                    1            [ih2] 
 *             126.0000            [hmass] 
 *               0.5000            [scale] 
 *               0.5000            [facscale] 
 * m(3456)                         [dynamicscale] 
 *                    F            [zerowidth] 
 *                    F            [removebr] 
 *                   20            [itmx1] 
 *               500000            [ncall1] 
 *                   50            [itmx2] 
 *               500000            [ncall2] 
 *                 2020            [ij] 
 *                    F            [dryrun] 
 *                    T            [Qflag] 
 *                    T            [Gflag] 

 * [Heavy quark masses]                                                                      
 *             500.0000            [top mass] 
 *               4.7500            [bottom mass] 
 *               1.5000            [charm mass] 

 * [Pdf selection]                                                                           
 *              cteq6_l            [pdlabel] 
 *                    4            [NGROUP] 
 *                   46            [NSET] 
 * cteq6mE.LHgrid                  [LHAPDF group] 
 *                   -1            [LHAPDF set] 

 * [Jet definition and event cuts]                                                           
 *               0.0000            [m34min] 
 *           14000.0000            [m34max] 
 *               0.0000            [m56min] 
 *           14000.0000            [m56max] 
 *                    T            [inclusive] 
 *                 ankt            [algorithm] 
 *              15.0000            [ptjetmin] 
 *               0.0000            [etajetmin] 
 *               5.0000            [etajetmax] 
 *               0.5000            [Rcut] 
 *                    T            [makecuts] 
 *               0.0000            [leptpt] 
 *              99.0000            [leptrap] 
 *    0.000,   0.000                [leptveto] 
 *               0.0000            [misspt] 
 *               0.0000            [leptpt2] 
 *              99.0000            [leptrap2] 
 *    0.000,   0.000                [leptveto2] 
 *               0.0000            [mtrans34cut] 
 *               0.0000            [Rjlmin] 
 *               0.0000            [Rllmin] 
 *               0.0000            [delyjjmin] 
 *                    F            [jetsopphem] 
 *                    0            [lbjscheme] 
 *               0.0000            [ptbjetmin] 
 *              99.0000            [etabjetmax] 

 * [Settings for photon processes]                                                           
 *                    F            [frag] 
 *             GdRG__LO            [fragset] 
 *              80.0000            [frag_scale] 
 *              20.0000            [gammpt] 
 *               2.5000            [gammrap] 
 *              20.0000            [gammpt2] 
 *              20.0000            [gammpt3] 
 *               0.0000            [Rgalmin] 
 *               0.4000            [Rgagamin] 
 *               0.4000            [Rgajetmin] 
 *               0.4000            [cone_ang] 
 *               0.5000            [epsilon_h] 

 * [Anomalous couplings of the W and Z]                                                      
 *               0.0000            [delg1_z] 
 *               0.0000            [delk_z] 
 *               0.0000            [delk_g] 
 *               0.0000            [lambda_z] 
 *               0.0000            [lambda_g] 
 *               0.0000            [h1Z] 
 *               0.0000            [h1gam] 
 *               0.0000            [h2Z] 
 *               0.0000            [h2gam] 
 *               0.0000            [h3Z] 
 *               0.0000            [h3gam] 
 *               0.0000            [h4Z] 
 *               0.0000            [h4gam] 
 *               2.0000            [tevscale] 

 * [Anomalous width of the Higgs]                                                            
 *              25.0000            [Gamma_H/Gamma_H(SM)] 

 * [How to resume/save a run]                                                                
 *                    F            [readin] 
 *                    F            [writeout] 
 *                                 [ingridfile] 
 *                                 [outgridfile] 

 * [Technical parameters that should not normally be changed]

 *                    F            [debug] 
 *                    T            [verbose] 
 *                    F            [new_pspace] 
 *                    F            [virtonly] 
 *                    F            [realonly] 
 *                    T            [spira] 
 *                    F            [noglue] 
 *                    F            [ggonly] 
 *                    F            [gqonly] 
 *                    F            [omitgg] 
 *                    F            [vanillafiles] 
 *                    1            [nmin] 
 *                    2            [nmax] 
 *                    T            [clustering] 
 *                    F            [realwt] 
 *                    0            [colourchoice] 
 *               0.0100            [rtsmin] 
 *               0.0001            [cutoff] 
 *               0.1000            [aii] 
 *               0.1000            [aif] 
 *               0.1000            [afi] 
 *               1.0000            [aff] 
 *               1.0000            [bfi] 
 *               1.0000            [bff] 

 Chooser:process chosen by nproc=         129

 *************************** f(p1)+f(p2) --> ******************************************
 * H(--> Z^0(e^-(p3)+e^+(p4)) + Z^0(mu^-(p5)+mu^+(p6)) [only H, gg->ZZ intf.]         *
 **************************************************************************************

 ************** Electroweak parameters **************
 *                                                  *
 *  zmass(+)   91.1876000     wmass(+)  80.3980000  *
 * zwidth(+)    2.4952000    wwidth(+)   2.1054000  *
 *     Gf(+) 0.116639D-04   1/aemmz    132.3384323  *
 *     xw       0.2226459      mtop(+) 500.0000000  *
 *   gwsq       0.4264904       esq      0.0949563  *
 * top width   40.5566431 (LO)                      *
 *    mb        4.7500000        mc      1.5000000  *
 *                                                  *
 * Parameters marked (+) are input, others derived  *
 ****************************************************

 ****************** Higgs parameters ****************
 *                                                  *
 *   mass(H) =  126.00      width(H) =  0.10768E+00 *
 *                                                  *
 *              Br( H -> b bbar)  =   0.11391       *
 *              Br( H -> tau tau) =   0.01211       *
 *              Br( H -> W W)     =   0.00000       *
 *              Br( H -> Z Z)     =   0.00000       *
 *              Br( H -> gam gam) =   0.00047       *
 *              Br( H -> Z gam)   =   0.00036       *
 ****************************************************
 *                                                  *
 * Note: branching ratios reported here can be > 1  *
 *       since the total Higgs width is calculated  *
 *       at NLO but the BR calculation uses a       *
 *       partial width at LO only.                  *
 *                                                  *
 ****************************************************

 WARNING: Higgs decay H->ZZ is below threshold and
 may not yield sensible results - check the number
 of integration points

 ***************** CKM mixing matrix ****************
 *                                                  *
 *      Vud=.97500    Vus=.22200    Vub=0.0000      *
 *      Vcd=.22200    Vcs=.97500    Vcb=0.0000      *
 ****************************************************

 ************* Strong coupling, alpha_s  ************
 *                                                  *
 *  Dynamic scale - alpha_s changed event-by-event  *
 *       alpha_s (zmass)  0.11800000                *
 *         (using 1-loop running of alpha_s)        *
 ****************************************************

 ****************************************
 *     Cross section in femtobarns      *
 ****************************************


 input parameters for vegas:  ndim= 10  ncall= 472392.
                              it=    0  itmx=   20
                              nprn=  0  alph= 1.50
                              mds=  1   nd= 100
                              xl( 1)=   0.000     xu( 1)=   1.000    
                              xl( 2)=   0.000     xu( 2)=   1.000    
                              xl( 3)=   0.000     xu( 3)=   1.000    
                              xl( 4)=   0.000     xu( 4)=   1.000    
                              xl( 5)=   0.000     xu( 5)=   1.000    
                              xl( 6)=   0.000     xu( 6)=   1.000    
                              xl( 7)=   0.000     xu( 7)=   1.000    
                              xl( 8)=   0.000     xu( 8)=   1.000    
                              xl( 9)=   0.000     xu( 9)=   1.000    
                              xl(10)=   0.000     xu(10)=   1.000    

 ****************** Basic mass cuts *****************
 *                                                  *
 *              0.00  <   m34  < 14000.00           *
 *              0.00  <   m56  < 14000.00           *
 ****************************************************
 *********** CMS Higgs Search cuts******
 *                                     *
 *     pt(mu) >           5.00 GeV     *
 *     pt(el) >           7.00 GeV     *
 *     |eta_mu| <         2.40         *
 *     |eta_el| <         2.50         *
 *     m4lmin >         100.00 GeV     *
 *     m2lmin >           4.00 GeV     *
 *     ptleading >       20.00 GeV     *
 *     ptnexttoleading > 10.00 GeV     *
 *     mllnear >         40.00 GeV     *
 *     mllfar >          12.00 GeV     *
 *     mllmax >         120.00 GeV     *
 ***************************************

 ************** Dynamic scale choice ****************
 *                                                  *
 *                 RENORMALIZATION                  *
 *       mu_ren  =  0.50 x m(3456)                  *
 *                                                  *
 *                  FACTORIZATION                   *
 *       mu_fac  =  0.50 x m(3456)                  *
 *                                                  *
 ****************************************************
 ====================================================
   This is QCDLoop - version 1.95                    
   Authors: Keith Ellis and Giulia Zanderighi        
   (ellis@fnal.gov, g.zanderighi1@physics.ox.ac.uk)  
   For details see FERMILAB-PUB-07-633-T,OUTP-07/16P 
   arXiv:0712.1851 [hep-ph], published in            
   JHEP 0802:002,2008.                               
 ====================================================
 ====================================================
   FF 2.0, a package to evaluate one-loop integrals
 written by G. J. van Oldenborgh, NIKHEF-H, Amsterdam
 ====================================================
 for the algorithms used see preprint NIKHEF-H 89/17,
 'New Algorithms for One-loop Integrals', by G.J. van
 Oldenborgh and J.A.M. Vermaseren, published in 
 Zeitschrift fuer Physik C46(1990)425.
 ====================================================
 ffini: precx =    4.4408920985006262E-016
 ffini: precc =    4.4408920985006262E-016
 ffini: xalogm =    4.9406564584124654E-324
 ffini: xclogm =    4.9406564584124654E-324
 ****************************************************
 *                                                  *
 *  gg->ZZ box loop includes gens. 1 and 2          *
 *  gg->ZZ box loop includes bottom quark           *
 *  gg->ZZ box loop includes top quark              *
 *                                                  *
 *  Numer. stability: pt(Z) > 0.100 GeV (gens. 1,2) *
 *  Numer. stability: pt(Z) > 0.100 GeV (b,t loops) *
 *                                                  *
 ****************************************************

************* Integration by Vegas (iteration   1) **************
*                                                               *
*  integral  = -.58260572       accum. integral = -.58260572    *
*  std. dev. = 0.15850370E-01   accum. std. dev = 0.15850370E-01*
*   max. wt. =   0.365382E-02                                   *
*                                                               *
**************   chi**2/iteration =  0.000       ****************


************* Integration by Vegas (iteration   2) **************
*                                                               *
*  integral  = -.60863500       accum. integral = -.60746584    *
*  std. dev. = 0.34373539E-02   accum. std. dev = 0.33592692E-02*
*   max. wt. =   0.365382E-02                                   *
*                                                               *
**************   chi**2/iteration =  2.550       ****************


************* Integration by Vegas (iteration   3) **************
*                                                               *
*  integral  = -.60854952       accum. integral = -.60829671    *
*  std. dev. = 0.18529782E-02   accum. std. dev = 0.16225105E-02*
*   max. wt. =   0.365382E-02                                   *
*                                                               *
**************   chi**2/iteration =  1.321       ****************


************* Integration by Vegas (iteration   4) **************
*                                                               *
*  integral  = -.60975351       accum. integral = -.60911272    *
*  std. dev. = 0.14377948E-02   accum. std. dev = 0.10760811E-02*
*   max. wt. =   0.365382E-02                                   *
*                                                               *
**************   chi**2/iteration =  1.032       ****************


************* Integration by Vegas (iteration   5) **************
*                                                               *
*  integral  = -.60754993       accum. integral = -.60840798    *
*  std. dev. = 0.11873668E-02   accum. std. dev = 0.79735204E-03*
*   max. wt. =   0.365382E-02                                   *
*                                                               *
**************   chi**2/iteration =  1.012       ****************


************* Integration by Vegas (iteration   6) **************
*                                                               *
*  integral  = -.61125785       accum. integral = -.60944932    *
*  std. dev. = 0.10507935E-02   accum. std. dev = 0.63518567E-03*
*   max. wt. =   0.365382E-02                                   *
*                                                               *
**************   chi**2/iteration =  1.742       ****************


************* Integration by Vegas (iteration   7) **************
*                                                               *
*  integral  = -.61223040       accum. integral = -.61023099    *
*  std. dev. = 0.10158749E-02   accum. std. dev = 0.53857349E-03*
*   max. wt. =   0.365382E-02                                   *
*                                                               *
**************   chi**2/iteration =  2.348       ****************


************* Integration by Vegas (iteration   8) **************
*                                                               *
*  integral  = -.60960725       accum. integral = -.61009578    *
*  std. dev. = 0.10237147E-02   accum. std. dev = 0.47663642E-03*
*   max. wt. =   0.365382E-02                                   *
*                                                               *
**************   chi**2/iteration =  2.055       ****************


************* Integration by Vegas (iteration   9) **************
*                                                               *
*  integral  = -.61159026       accum. integral = -.61036391    *
*  std. dev. = 0.10193490E-02   accum. std. dev = 0.43176714E-03*
*   max. wt. =   0.365382E-02                                   *
*                                                               *
**************   chi**2/iteration =  2.019       ****************


************* Integration by Vegas (iteration  10) **************
*                                                               *
*  integral  = -.60994926       accum. integral = -.61030171    *
*  std. dev. = 0.10278182E-02   accum. std. dev = 0.39807004E-03*
*   max. wt. =   0.365382E-02                                   *
*                                                               *
**************   chi**2/iteration =  1.810       ****************


************* Integration by Vegas (iteration  11) **************
*                                                               *
*  integral  = -.60879689       accum. integral = -.61009113    *
*  std. dev. = 0.98686596E-03   accum. std. dev = 0.36916847E-03*
*   max. wt. =   0.365382E-02                                   *
*                                                               *
**************   chi**2/iteration =  1.829       ****************


************* Integration by Vegas (iteration  12) **************
*                                                               *
*  integral  = -.60892835       accum. integral = -.60996043    *
*  std. dev. = 0.10374212E-02   accum. std. dev = 0.34780339E-03*
*   max. wt. =   0.365382E-02                                   *
*                                                               *
**************   chi**2/iteration =  1.764       ****************


************* Integration by Vegas (iteration  13) **************
*                                                               *
*  integral  = -.60980510       accum. integral = -.60994388    *
*  std. dev. = 0.10071239E-02   accum. std. dev = 0.32875165E-03*
*   max. wt. =   0.365382E-02                                   *
*                                                               *
**************   chi**2/iteration =  1.619       ****************


************* Integration by Vegas (iteration  14) **************
*                                                               *
*  integral  = -.60870617       accum. integral = -.60982255    *
*  std. dev. = 0.99719977E-03   accum. std. dev = 0.31222219E-03*
*   max. wt. =   0.365382E-02                                   *
*                                                               *
**************   chi**2/iteration =  1.601       ****************


************* Integration by Vegas (iteration  15) **************
*                                                               *
*  integral  = -.60991042       accum. integral = -.60982914    *
*  std. dev. = 0.10966984E-02   accum. std. dev = 0.30029000E-03*
*   max. wt. =   0.365382E-02                                   *
*                                                               *
**************   chi**2/iteration =  1.487       ****************


************* Integration by Vegas (iteration  16) **************
*                                                               *
*  integral  = -.61114005       accum. integral = -.60992121    *
*  std. dev. = 0.10925409E-02   accum. std. dev = 0.28955199E-03*
*   max. wt. =   0.365382E-02                                   *
*                                                               *
**************   chi**2/iteration =  1.477       ****************


************* Integration by Vegas (iteration  17) **************
*                                                               *
*  integral  = -.60877045       accum. integral = -.60984171    *
*  std. dev. = 0.10628912E-02   accum. std. dev = 0.27937112E-03*
*   max. wt. =   0.365382E-02                                   *
*                                                               *
**************   chi**2/iteration =  1.453       ****************


************* Integration by Vegas (iteration  18) **************
*                                                               *
*  integral  = -.60721420       accum. integral = -.60965746    *
*  std. dev. = 0.10173145E-02   accum. std. dev = 0.26939755E-03*
*   max. wt. =   0.365382E-02                                   *
*                                                               *
**************   chi**2/iteration =  1.733       ****************


************* Integration by Vegas (iteration  19) **************
*                                                               *
*  integral  = -.60889439       accum. integral = -.60961029    *
*  std. dev. = 0.10495076E-02   accum. std. dev = 0.26093814E-03*
*   max. wt. =   0.365382E-02                                   *
*                                                               *
**************   chi**2/iteration =  1.664       ****************


************* Integration by Vegas (iteration  20) **************
*                                                               *
*  integral  = -.61024666       accum. integral = -.60964944    *
*  std. dev. = 0.10191330E-02   accum. std. dev = 0.25278389E-03*
*   max. wt. =   0.365382E-02                                   *
*                                                               *
**************   chi**2/iteration =  1.596       ****************


 input parameters for vegas:  ndim= 10  ncall= 472392.
                              it=   21  itmx=   50
                              nprn=  0  alph= 1.50
                              mds=  1   nd= 100
                              xl( 1)=   0.000     xu( 1)=   1.000    
                              xl( 2)=   0.000     xu( 2)=   1.000    
                              xl( 3)=   0.000     xu( 3)=   1.000    
                              xl( 4)=   0.000     xu( 4)=   1.000    
                              xl( 5)=   0.000     xu( 5)=   1.000    
                              xl( 6)=   0.000     xu( 6)=   1.000    
                              xl( 7)=   0.000     xu( 7)=   1.000    
                              xl( 8)=   0.000     xu( 8)=   1.000    
                              xl( 9)=   0.000     xu( 9)=   1.000    
                              xl(10)=   0.000     xu(10)=   1.000    

************* Integration by Vegas (iteration   1) **************
*                                                               *
*  integral  = -.60829330       accum. integral = -.60829330    *
*  std. dev. = 0.10349247E-02   accum. std. dev = 0.10349247E-02*
*   max. wt. =   0.266195E-03                                   *
*                                                               *
**************   chi**2/iteration =  0.000       ****************

 Writing out intermediate results for iteration           1

************* Integration by Vegas (iteration   2) **************
*                                                               *
*  integral  = -.60962809       accum. integral = -.60893226    *
*  std. dev. = 0.10800018E-02   accum. std. dev = 0.74723007E-03*
*   max. wt. =   0.266195E-03                                   *
*                                                               *
**************   chi**2/iteration = 0.7884       ****************

 Writing out intermediate results for iteration           2

************* Integration by Vegas (iteration   3) **************
*                                                               *
*  integral  = -.61016997       accum. integral = -.60935257    *
*  std. dev. = 0.10420432E-02   accum. std. dev = 0.60724206E-03*
*   max. wt. =   0.266195E-03                                   *
*                                                               *
**************   chi**2/iteration = 0.8597       ****************

 Writing out intermediate results for iteration           3

************* Integration by Vegas (iteration   4) **************
*                                                               *
*  integral  = -.60843133       accum. integral = -.60913172    *
*  std. dev. = 0.10813984E-02   accum. std. dev = 0.52947572E-03*
*   max. wt. =   0.334032E-03                                   *
*                                                               *
**************   chi**2/iteration = 0.7574       ****************

 Writing out intermediate results for iteration           4

************* Integration by Vegas (iteration   5) **************
*                                                               *
*  integral  = -.60646345       accum. integral = -.60859422    *
*  std. dev. = 0.10542055E-02   accum. std. dev = 0.47315070E-03*
*   max. wt. =   0.334032E-03                                   *
*                                                               *
**************   chi**2/iteration =  1.844       ****************

 Writing out intermediate results for iteration           5

************* Integration by Vegas (iteration   6) **************
*                                                               *
*  integral  = -.60930377       accum. integral = -.60871309    *
*  std. dev. = 0.10547318E-02   accum. std. dev = 0.43170248E-03*
*   max. wt. =   0.334032E-03                                   *
*                                                               *
**************   chi**2/iteration =  1.551       ****************

 Writing out intermediate results for iteration           6

************* Integration by Vegas (iteration   7) **************
*                                                               *
*  integral  = -.61012605       accum. integral = -.60892086    *
*  std. dev. = 0.10397397E-02   accum. std. dev = 0.39870155E-03*
*   max. wt. =   0.334032E-03                                   *
*                                                               *
**************   chi**2/iteration =  1.555       ****************

 Writing out intermediate results for iteration           7

************* Integration by Vegas (iteration   8) **************
*                                                               *
*  integral  = -.60895206       accum. integral = -.60892474    *
*  std. dev. = 0.10577619E-02   accum. std. dev = 0.37307871E-03*
*   max. wt. =   0.334032E-03                                   *
*                                                               *
**************   chi**2/iteration =  1.334       ****************

 Writing out intermediate results for iteration           8

************* Integration by Vegas (iteration   9) **************
*                                                               *
*  integral  = -.60875573       accum. integral = -.60890596    *
*  std. dev. = 0.10551705E-02   accum. std. dev = 0.35173993E-03*
*   max. wt. =   0.334032E-03                                   *
*                                                               *
**************   chi**2/iteration =  1.170       ****************

 Writing out intermediate results for iteration           9

************* Integration by Vegas (iteration  10) **************
*                                                               *
*  integral  = -.60953981       accum. integral = -.60896351    *
*  std. dev. = 0.11130428E-02   accum. std. dev = 0.33539122E-03*
*   max. wt. =   0.334032E-03                                   *
*                                                               *
**************   chi**2/iteration =  1.073       ****************

 Writing out intermediate results for iteration          10

************* Integration by Vegas (iteration  11) **************
*                                                               *
*  integral  = -.60991161       accum. integral = -.60904795    *
*  std. dev. = 0.10726165E-02   accum. std. dev = 0.32010733E-03*
*   max. wt. =   0.334032E-03                                   *
*                                                               *
**************   chi**2/iteration =  1.037       ****************

 Writing out intermediate results for iteration          11

************* Integration by Vegas (iteration  12) **************
*                                                               *
*  integral  = -.60877742       accum. integral = -.60902570    *
*  std. dev. = 0.10691674E-02   accum. std. dev = 0.30665792E-03*
*   max. wt. =   0.334032E-03                                   *
*                                                               *
**************   chi**2/iteration = 0.9479       ****************

 Writing out intermediate results for iteration          12

************* Integration by Vegas (iteration  13) **************
*                                                               *
*  integral  = -.60964316       accum. integral = -.60907618    *
*  std. dev. = 0.10277025E-02   accum. std. dev = 0.29385477E-03*
*   max. wt. =   0.334032E-03                                   *
*                                                               *
**************   chi**2/iteration = 0.8966       ****************

 Writing out intermediate results for iteration          13

************* Integration by Vegas (iteration  14) **************
*                                                               *
*  integral  = -.60882118       accum. integral = -.60905733    *
*  std. dev. = 0.10402046E-02   accum. std. dev = 0.28278747E-03*
*   max. wt. =   0.334032E-03                                   *
*                                                               *
**************   chi**2/iteration = 0.8319       ****************

 Writing out intermediate results for iteration          14

************* Integration by Vegas (iteration  15) **************
*                                                               *
*  integral  = -.61048967       accum. integral = -.60915590    *
*  std. dev. = 0.10402776E-02   accum. std. dev = 0.27288459E-03*
*   max. wt. =   0.334032E-03                                   *
*                                                               *
**************   chi**2/iteration = 0.8986       ****************

 Writing out intermediate results for iteration          15

************* Integration by Vegas (iteration  16) **************
*                                                               *
*  integral  = -.60988294       accum. integral = -.60919867    *
*  std. dev. = 0.10913860E-02   accum. std. dev = 0.26473477E-03*
*   max. wt. =   0.334032E-03                                   *
*                                                               *
**************   chi**2/iteration = 0.8665       ****************

 Writing out intermediate results for iteration          16

************* Integration by Vegas (iteration  17) **************
*                                                               *
*  integral  = -.61116461       accum. integral = -.60931081    *
*  std. dev. = 0.10763774E-02   accum. std. dev = 0.25707357E-03*
*   max. wt. =   0.334032E-03                                   *
*                                                               *
**************   chi**2/iteration =  1.009       ****************

 Writing out intermediate results for iteration          17

************* Integration by Vegas (iteration  18) **************
*                                                               *
*  integral  = -.61021244       accum. integral = -.60936163    *
*  std. dev. = 0.10519096E-02   accum. std. dev = 0.24972429E-03*
*   max. wt. =   0.334032E-03                                   *
*                                                               *
**************   chi**2/iteration = 0.9903       ****************

 Writing out intermediate results for iteration          18

************* Integration by Vegas (iteration  19) **************
*                                                               *
*  integral  = -.60979314       accum. integral = -.60938376    *
*  std. dev. = 0.10740436E-02   accum. std. dev = 0.24323612E-03*
*   max. wt. =   0.334032E-03                                   *
*                                                               *
**************   chi**2/iteration = 0.9438       ****************

 Writing out intermediate results for iteration          19

************* Integration by Vegas (iteration  20) **************
*                                                               *
*  integral  = -.61143115       accum. integral = -.60947901    *
*  std. dev. = 0.11011606E-02   accum. std. dev = 0.23751074E-03*
*   max. wt. =   0.334032E-03                                   *
*                                                               *
**************   chi**2/iteration =  1.068       ****************

 Writing out intermediate results for iteration          20

************* Integration by Vegas (iteration  21) **************
*                                                               *
*  integral  = -.60871603       accum. integral = -.60944547    *
*  std. dev. = 0.11076054E-02   accum. std. dev = 0.23223141E-03*
*   max. wt. =   0.334032E-03                                   *
*                                                               *
**************   chi**2/iteration =  1.037       ****************

 Writing out intermediate results for iteration          21

************* Integration by Vegas (iteration  22) **************
*                                                               *
*  integral  = -.60893087       accum. integral = -.60942213    *
*  std. dev. = 0.10654621E-02   accum. std. dev = 0.22690408E-03*
*   max. wt. =   0.334032E-03                                   *
*                                                               *
**************   chi**2/iteration = 0.9981       ****************

 Writing out intermediate results for iteration          22

************* Integration by Vegas (iteration  23) **************
*                                                               *
*  integral  = -.60978751       accum. integral = -.60943760    *
*  std. dev. = 0.10791400E-02   accum. std. dev = 0.22204868E-03*
*   max. wt. =   0.334032E-03                                   *
*                                                               *
**************   chi**2/iteration = 0.9578       ****************

 Writing out intermediate results for iteration          23

************* Integration by Vegas (iteration  24) **************
*                                                               *
*  integral  = -.61208275       accum. integral = -.60952693    *
*  std. dev. = 0.11876972E-02   accum. std. dev = 0.21826690E-03*
*   max. wt. =   0.401538E-03                                   *
*                                                               *
**************   chi**2/iteration =  1.124       ****************

 Writing out intermediate results for iteration          24

************* Integration by Vegas (iteration  25) **************
*                                                               *
*  integral  = -.61070401       accum. integral = -.60956930    *
*  std. dev. = 0.11295622E-02   accum. std. dev = 0.21430270E-03*
*   max. wt. =   0.401538E-03                                   *
*                                                               *
**************   chi**2/iteration =  1.121       ****************

 Writing out intermediate results for iteration          25

************* Integration by Vegas (iteration  26) **************
*                                                               *
*  integral  = -.60776222       accum. integral = -.60949812    *
*  std. dev. = 0.10583267E-02   accum. std. dev = 0.21003983E-03*
*   max. wt. =   0.401538E-03                                   *
*                                                               *
**************   chi**2/iteration =  1.188       ****************

 Writing out intermediate results for iteration          26

************* Integration by Vegas (iteration  27) **************
*                                                               *
*  integral  = -.61087412       accum. integral = -.60955065    *
*  std. dev. = 0.10543161E-02   accum. std. dev = 0.20599188E-03*
*   max. wt. =   0.401538E-03                                   *
*                                                               *
**************   chi**2/iteration =  1.206       ****************

 Writing out intermediate results for iteration          27

************* Integration by Vegas (iteration  28) **************
*                                                               *
*  integral  = -.60892941       accum. integral = -.60952833    *
*  std. dev. = 0.10669673E-02   accum. std. dev = 0.20225697E-03*
*   max. wt. =   0.401538E-03                                   *
*                                                               *
**************   chi**2/iteration =  1.173       ****************

 Writing out intermediate results for iteration          28

************* Integration by Vegas (iteration  29) **************
*                                                               *
*  integral  = -.60893753       accum. integral = -.60951306    *
*  std. dev. = 0.12418640E-02   accum. std. dev = 0.19962673E-03*
*   max. wt. =   0.514371E-03                                   *
*                                                               *
**************   chi**2/iteration =  1.139       ****************

 Writing out intermediate results for iteration          29

************* Integration by Vegas (iteration  30) **************
*                                                               *
*  integral  = -.60935463       accum. integral = -.60950890    *
*  std. dev. = 0.12155079E-02   accum. std. dev = 0.19698777E-03*
*   max. wt. =   0.514371E-03                                   *
*                                                               *
**************   chi**2/iteration =  1.100       ****************

 Writing out intermediate results for iteration          30

************* Integration by Vegas (iteration  31) **************
*                                                               *
*  integral  = -.61037425       accum. integral = -.60953485    *
*  std. dev. = 0.11203151E-02   accum. std. dev = 0.19401147E-03*
*   max. wt. =   0.514371E-03                                   *
*                                                               *
**************   chi**2/iteration =  1.083       ****************

 Writing out intermediate results for iteration          31

************* Integration by Vegas (iteration  32) **************
*                                                               *
*  integral  = -.60787265       accum. integral = -.60948227    *
*  std. dev. = 0.10734463E-02   accum. std. dev = 0.19091827E-03*
*   max. wt. =   0.514371E-03                                   *
*                                                               *
**************   chi**2/iteration =  1.123       ****************

 Writing out intermediate results for iteration          32

************* Integration by Vegas (iteration  33) **************
*                                                               *
*  integral  = -.60798639       accum. integral = -.60944034    *
*  std. dev. = 0.11242611E-02   accum. std. dev = 0.18822359E-03*
*   max. wt. =   0.514371E-03                                   *
*                                                               *
**************   chi**2/iteration =  1.142       ****************

 Writing out intermediate results for iteration          33

************* Integration by Vegas (iteration  34) **************
*                                                               *
*  integral  = -.60836631       accum. integral = -.60941082    *
*  std. dev. = 0.11196193E-02   accum. std. dev = 0.18561886E-03*
*   max. wt. =   0.514371E-03                                   *
*                                                               *
**************   chi**2/iteration =  1.134       ****************

 Writing out intermediate results for iteration          34

************* Integration by Vegas (iteration  35) **************
*                                                               *
*  integral  = -.60666446       accum. integral = -.60933507    *
*  std. dev. = 0.11021243E-02   accum. std. dev = 0.18304103E-03*
*   max. wt. =   0.514371E-03                                   *
*                                                               *
**************   chi**2/iteration =  1.278       ****************

 Writing out intermediate results for iteration          35

************* Integration by Vegas (iteration  36) **************
*                                                               *
*  integral  = -.61027136       accum. integral = -.60936020    *
*  std. dev. = 0.11021721E-02   accum. std. dev = 0.18056792E-03*
*   max. wt. =   0.514371E-03                                   *
*                                                               *
**************   chi**2/iteration =  1.262       ****************

 Writing out intermediate results for iteration          36

************* Integration by Vegas (iteration  37) **************
*                                                               *
*  integral  = -.60814204       accum. integral = -.60932909    *
*  std. dev. = 0.11153483E-02   accum. std. dev = 0.17824713E-03*
*   max. wt. =   0.514371E-03                                   *
*                                                               *
**************   chi**2/iteration =  1.259       ****************

 Writing out intermediate results for iteration          37

************* Integration by Vegas (iteration  38) **************
*                                                               *
*  integral  = -.61111127       accum. integral = -.60937266    *
*  std. dev. = 0.11259937E-02   accum. std. dev = 0.17605485E-03*
*   max. wt. =   0.514371E-03                                   *
*                                                               *
**************   chi**2/iteration =  1.291       ****************

 Writing out intermediate results for iteration          38

************* Integration by Vegas (iteration  39) **************
*                                                               *
*  integral  = -.60965263       accum. integral = -.60937956    *
*  std. dev. = 0.11072481E-02   accum. std. dev = 0.17387070E-03*
*   max. wt. =   0.514371E-03                                   *
*                                                               *
**************   chi**2/iteration =  1.259       ****************

 Writing out intermediate results for iteration          39

************* Integration by Vegas (iteration  40) **************
*                                                               *
*  integral  = -.60911398       accum. integral = -.60937291    *
*  std. dev. = 0.10849598E-02   accum. std. dev = 0.17168015E-03*
*   max. wt. =   0.514371E-03                                   *
*                                                               *
**************   chi**2/iteration =  1.228       ****************

 Writing out intermediate results for iteration          40

************* Integration by Vegas (iteration  41) **************
*                                                               *
*  integral  = -.60739030       accum. integral = -.60933402    *
*  std. dev. = 0.12136573E-02   accum. std. dev = 0.16998784E-03*
*   max. wt. =   0.514371E-03                                   *
*                                                               *
**************   chi**2/iteration =  1.263       ****************

 Writing out intermediate results for iteration          41

************* Integration by Vegas (iteration  42) **************
*                                                               *
*  integral  = -.60920084       accum. integral = -.60933134    *
*  std. dev. = 0.11870040E-02   accum. std. dev = 0.16827111E-03*
*   max. wt. =   0.514371E-03                                   *
*                                                               *
**************   chi**2/iteration =  1.232       ****************

 Writing out intermediate results for iteration          42

************* Integration by Vegas (iteration  43) **************
*                                                               *
*  integral  = -.60881713       accum. integral = -.60931977    *
*  std. dev. = 0.11089344E-02   accum. std. dev = 0.16636668E-03*
*   max. wt. =   0.514371E-03                                   *
*                                                               *
**************   chi**2/iteration =  1.208       ****************

 Writing out intermediate results for iteration          43

************* Integration by Vegas (iteration  44) **************
*                                                               *
*  integral  = -.60934775       accum. integral = -.60932039    *
*  std. dev. = 0.10985200E-02   accum. std. dev = 0.16449100E-03*
*   max. wt. =   0.514371E-03                                   *
*                                                               *
**************   chi**2/iteration =  1.180       ****************

 Writing out intermediate results for iteration          44

************* Integration by Vegas (iteration  45) **************
*                                                               *
*  integral  = -.60781630       accum. integral = -.60929463    *
*  std. dev. = 0.12460279E-02   accum. std. dev = 0.16307615E-03*
*   max. wt. =   0.525470E-03                                   *
*                                                               *
**************   chi**2/iteration =  1.186       ****************

 Writing out intermediate results for iteration          45

************* Integration by Vegas (iteration  46) **************
*                                                               *
*  integral  = -.60880845       accum. integral = -.60928610    *
*  std. dev. = 0.12201546E-02   accum. std. dev = 0.16163887E-03*
*   max. wt. =   0.525470E-03                                   *
*                                                               *
**************   chi**2/iteration =  1.163       ****************

 Writing out intermediate results for iteration          46

************* Integration by Vegas (iteration  47) **************
*                                                               *
*  integral  = -.61153653       accum. integral = -.60932987    *
*  std. dev. = 0.11476354E-02   accum. std. dev = 0.16005910E-03*
*   max. wt. =   0.525470E-03                                   *
*                                                               *
**************   chi**2/iteration =  1.219       ****************

 Writing out intermediate results for iteration          47

************* Integration by Vegas (iteration  48) **************
*                                                               *
*  integral  = -.61102222       accum. integral = -.60936187    *
*  std. dev. = 0.11530340E-02   accum. std. dev = 0.15853888E-03*
*   max. wt. =   0.525470E-03                                   *
*                                                               *
**************   chi**2/iteration =  1.238       ****************

 Writing out intermediate results for iteration          48

************* Integration by Vegas (iteration  49) **************
*                                                               *
*  integral  = -.60965450       accum. integral = -.60936757    *
*  std. dev. = 0.11245317E-02   accum. std. dev = 0.15698643E-03*
*   max. wt. =   0.525470E-03                                   *
*                                                               *
**************   chi**2/iteration =  1.214       ****************

 Writing out intermediate results for iteration          49

************* Integration by Vegas (iteration  50) **************
*                                                               *
*  integral  = -.61034739       accum. integral = -.60938646    *
*  std. dev. = 0.11195730E-02   accum. std. dev = 0.15546552E-03*
*   max. wt. =   0.525470E-03                                   *
*                                                               *
**************   chi**2/iteration =  1.205       ****************


Value of final lord integral is       -0.6094 +/-     0.0002 fb

 Total number of shots       :     23619600
 Total no. failing cuts      :      6469848
 Number failing jet cuts     :            0
 Number failing process cuts :            0

   Jet efficiency : 100.00%
   Cut efficiency : 100.00%
 Total efficiency : 100.00%

 Contribution from parton sub-processes:
 ---------------------------------------
       GG     |          -0.60939  100.00%
       GQ     |           0.00000   -0.00%
       GQB    |           0.00000   -0.00%
       QG     |           0.00000   -0.00%
       QBG    |           0.00000   -0.00%
       QQ     |           0.00000   -0.00%
       QBQB   |           0.00000   -0.00%
       QQB    |           0.00000   -0.00%
       QBQ    |           0.00000   -0.00%
 ---------------------------------------

 ****************************************************
 output files  cluster_CMS_25/CTEQ/HTOP/HZZint_lord_cteq6_l_0___0___126_129_run_14
 ****************************************************
