 ************** MCFM - version 6.8 ****************
 *                                                *
 * MCFM, v6.8                   April 26th, 2014  *
 *                                                *
 * Authors: John Campbell, Keith Ellis,           *
 *          Ciaran Williams                       *
 *         (johnmc@fnal.gov, ellis@fnal.gov,      *
 *          ciaran@fnal.gov)                      *
 *                                                *
 * For details see:                               *
 *                                                *
 *  arXiv:1403.2641 (Triphoton production)        *
 *  arXiv:1312.1628 (gg->WW, Higgs interference)  *
 *  arXiv:1311.3589 (gg->ZZ, Higgs interference)  *
 *  Phys.Rev.D87:114006, arXiv:1302.3856          *
 *  (tZ, tH -- with R. Rontsch)                   *
 *  arXiv:1211.6390 (DM, P. Fox and C. Williams)  *
 *  JHEP 1211:162 (2012), arXiv:1208.0566         *
 *  (Z+gam+jet,Z+gam+gam -- with H. Hartanto)     *
 *  arXiv:1204.1513 (top production+decay)        *
 *  JHEP 1207:052 (2012), arXiv:1204.5678 (ttW)   *
 *  JHEP 1110:005 (2011), arXiv:1107.5569         *
 *         (gg->WW,Higgs intference)              *
 *  JHEP 1107:018 (2011), arXiv:1105.0020         *
 *         (diboson update)                       *
 *  JHEP 1103:027 (2011), arXiv:1011.6647         *
 *         (Wbb for mb>0, with S. Badger)         *
 *  Phys.Rev.D81:074023, arXiv:1001.4495 (H+2jet) *
 *                                                *
 *  P.R.L. 102:142001, arXiv:0903.0005 [hep-ph]   *
 *    (t-channel single top + explicit b,         *
 *      JC, R.Frederix, F.Maltoni, F.Tramontano)  *
 *  N.P.B 726:109(2005), hep-ph/0506289 (W+t)     *
 *  Phys.Rev.D70:094012, hep-ph/0408158 (Sngl Top)*
 *       (with Francesco Tramontano)              *
 *                                                *
 *  Phys.Rev.D65:113007, hep-ph/0202176 (W,Z+2j)  *
 *  Phys.Rev.D62:114012, hep-ph/0006304 (W,Z+bb)  *
 *  Phys.Rev.D60:113006, hep-ph/9905386 (diboson) *
 *                                                *
 * On the web:  http://mcfm.fnal.gov/             *
 **************************************************

 * Using input file named cluster_CMS_m4l/CTEQ2m4/HTOP/input_129_14.DAT                           

 * [Flags to specify the mode in which MCFM is run]                                          
 *                   -1            [nevtrequested] 
 *                    F            [creatent] 
 *                    F            [skipnt] 
 *                    F            [dswhisto] 
 *                    F            [creategrid] 
 *                    T            [writetop] 
 *                    T            [writedat] 
 *                    T            [writegnu] 
 *                    T            [writeroot] 
 *                    F            [writepwg] 

 * [General options to specify the process and execution]                                    
 *                  129            [nproc] 
 *                 lord            [part] 
 * 129_run_14                      [runstring] 
 *           14000.0000            [sqrts] 
 *                    1            [ih1] 
 *                    1            [ih2] 
 *             126.0000            [hmass] 
 *               2.0000            [scale] 
 *               2.0000            [facscale] 
 * m(3456)                         [dynamicscale] 
 *                    F            [zerowidth] 
 *                    F            [removebr] 
 *                   20            [itmx1] 
 *               500000            [ncall1] 
 *                   50            [itmx2] 
 *               500000            [ncall2] 
 *                 2020            [ij] 
 *                    F            [dryrun] 
 *                    T            [Qflag] 
 *                    T            [Gflag] 

 * [Heavy quark masses]                                                                      
 *             173.2000            [top mass] 
 *               4.7500            [bottom mass] 
 *               1.5000            [charm mass] 

 * [Pdf selection]                                                                           
 *              cteq6_l            [pdlabel] 
 *                    4            [NGROUP] 
 *                   46            [NSET] 
 * cteq6mE.LHgrid                  [LHAPDF group] 
 *                   -1            [LHAPDF set] 

 * [Jet definition and event cuts]                                                           
 *               0.0000            [m34min] 
 *           14000.0000            [m34max] 
 *               0.0000            [m56min] 
 *           14000.0000            [m56max] 
 *                    T            [inclusive] 
 *                 ankt            [algorithm] 
 *              15.0000            [ptjetmin] 
 *               0.0000            [etajetmin] 
 *               5.0000            [etajetmax] 
 *               0.5000            [Rcut] 
 *                    T            [makecuts] 
 *               0.0000            [leptpt] 
 *              99.0000            [leptrap] 
 *    0.000,   0.000                [leptveto] 
 *               0.0000            [misspt] 
 *               0.0000            [leptpt2] 
 *              99.0000            [leptrap2] 
 *    0.000,   0.000                [leptveto2] 
 *               0.0000            [mtrans34cut] 
 *               0.0000            [Rjlmin] 
 *               0.0000            [Rllmin] 
 *               0.0000            [delyjjmin] 
 *                    F            [jetsopphem] 
 *                    0            [lbjscheme] 
 *               0.0000            [ptbjetmin] 
 *              99.0000            [etabjetmax] 

 * [Settings for photon processes]                                                           
 *                    F            [frag] 
 *             GdRG__LO            [fragset] 
 *              80.0000            [frag_scale] 
 *              20.0000            [gammpt] 
 *               2.5000            [gammrap] 
 *              20.0000            [gammpt2] 
 *              20.0000            [gammpt3] 
 *               0.0000            [Rgalmin] 
 *               0.4000            [Rgagamin] 
 *               0.4000            [Rgajetmin] 
 *               0.4000            [cone_ang] 
 *               0.5000            [epsilon_h] 

 * [Anomalous couplings of the W and Z]                                                      
 *               0.0000            [delg1_z] 
 *               0.0000            [delk_z] 
 *               0.0000            [delk_g] 
 *               0.0000            [lambda_z] 
 *               0.0000            [lambda_g] 
 *               0.0000            [h1Z] 
 *               0.0000            [h1gam] 
 *               0.0000            [h2Z] 
 *               0.0000            [h2gam] 
 *               0.0000            [h3Z] 
 *               0.0000            [h3gam] 
 *               0.0000            [h4Z] 
 *               0.0000            [h4gam] 
 *               2.0000            [tevscale] 

 * [Anomalous width of the Higgs]                                                            
 *               1.0000            [Gamma_H/Gamma_H(SM)] 

 * [How to resume/save a run]                                                                
 *                    F            [readin] 
 *                    F            [writeout] 
 *                                 [ingridfile] 
 *                                 [outgridfile] 

 * [Technical parameters that should not normally be changed]

 *                    F            [debug] 
 *                    T            [verbose] 
 *                    F            [new_pspace] 
 *                    F            [virtonly] 
 *                    F            [realonly] 
 *                    T            [spira] 
 *                    F            [noglue] 
 *                    F            [ggonly] 
 *                    F            [gqonly] 
 *                    F            [omitgg] 
 *                    F            [vanillafiles] 
 *                    1            [nmin] 
 *                    2            [nmax] 
 *                    T            [clustering] 
 *                    F            [realwt] 
 *                    0            [colourchoice] 
 *               0.0100            [rtsmin] 
 *               0.0001            [cutoff] 
 *               0.1000            [aii] 
 *               0.1000            [aif] 
 *               0.1000            [afi] 
 *               1.0000            [aff] 
 *               1.0000            [bfi] 
 *               1.0000            [bff] 

 Chooser:process chosen by nproc=         129

 *************************** f(p1)+f(p2) --> ******************************************
 * H(--> Z^0(e^-(p3)+e^+(p4)) + Z^0(mu^-(p5)+mu^+(p6)) [only H, gg->ZZ intf.]         *
 **************************************************************************************

 ************** Electroweak parameters **************
 *                                                  *
 *  zmass(+)   91.1876000     wmass(+)  80.3980000  *
 * zwidth(+)    2.4952000    wwidth(+)   2.1054000  *
 *     Gf(+) 0.116639D-04   1/aemmz    132.3384323  *
 *     xw       0.2226459      mtop(+) 173.2000000  *
 *   gwsq       0.4264904       esq      0.0949563  *
 * top width    1.4743080 (LO)                      *
 *    mb        4.7500000        mc      1.5000000  *
 *                                                  *
 * Parameters marked (+) are input, others derived  *
 ****************************************************

 ****************** Higgs parameters ****************
 *                                                  *
 *   mass(H) =  126.00      width(H) =  0.43070E-02 *
 *                                                  *
 *              Br( H -> b bbar)  =   0.56954       *
 *              Br( H -> tau tau) =   0.06056       *
 *              Br( H -> W W)     =   0.00000       *
 *              Br( H -> Z Z)     =   0.00000       *
 *              Br( H -> gam gam) =   0.00235       *
 *              Br( H -> Z gam)   =   0.00164       *
 ****************************************************
 *                                                  *
 * Note: branching ratios reported here can be > 1  *
 *       since the total Higgs width is calculated  *
 *       at NLO but the BR calculation uses a       *
 *       partial width at LO only.                  *
 *                                                  *
 ****************************************************

 WARNING: Higgs decay H->ZZ is below threshold and
 may not yield sensible results - check the number
 of integration points

 ***************** CKM mixing matrix ****************
 *                                                  *
 *      Vud=.97500    Vus=.22200    Vub=0.0000      *
 *      Vcd=.22200    Vcs=.97500    Vcb=0.0000      *
 ****************************************************

 ************* Strong coupling, alpha_s  ************
 *                                                  *
 *  Dynamic scale - alpha_s changed event-by-event  *
 *       alpha_s (zmass)  0.11800000                *
 *         (using 1-loop running of alpha_s)        *
 ****************************************************

 ****************************************
 *     Cross section in femtobarns      *
 ****************************************


 input parameters for vegas:  ndim= 10  ncall= 472392.
                              it=    0  itmx=   20
                              nprn=  0  alph= 1.50
                              mds=  1   nd= 100
                              xl( 1)=   0.000     xu( 1)=   1.000    
                              xl( 2)=   0.000     xu( 2)=   1.000    
                              xl( 3)=   0.000     xu( 3)=   1.000    
                              xl( 4)=   0.000     xu( 4)=   1.000    
                              xl( 5)=   0.000     xu( 5)=   1.000    
                              xl( 6)=   0.000     xu( 6)=   1.000    
                              xl( 7)=   0.000     xu( 7)=   1.000    
                              xl( 8)=   0.000     xu( 8)=   1.000    
                              xl( 9)=   0.000     xu( 9)=   1.000    
                              xl(10)=   0.000     xu(10)=   1.000    

 ****************** Basic mass cuts *****************
 *                                                  *
 *              0.00  <   m34  <  14000.00           *
 *              0.00  <   m56  <  14000.00           *
 ****************************************************
 *********** CMS Higgs Search cuts******
 *                                     *
 *     pt(mu) >           5.00 GeV     *
 *     pt(el) >           7.00 GeV     *
 *     |eta_mu| <         2.40         *
 *     |eta_el| <         2.50         *
 *     m4lmin >         100.00 GeV     *
 *     m2lmin >           4.00 GeV     *
 *     ptleading >       20.00 GeV     *
 *     ptnexttoleading > 10.00 GeV     *
 *     mllnear >         40.00 GeV     *
 *     mllfar >          12.00 GeV     *
 *     mllmax >         120.00 GeV     *
 ***************************************

 ************** Dynamic scale choice ****************
 *                                                  *
 *                 RENORMALIZATION                  *
 *       mu_ren  =  2.00 x m(3456)                  *
 *                                                  *
 *                  FACTORIZATION                   *
 *       mu_fac  =  2.00 x m(3456)                  *
 *                                                  *
 ****************************************************
 ====================================================
   This is QCDLoop - version 1.95                    
   Authors: Keith Ellis and Giulia Zanderighi        
   (ellis@fnal.gov, g.zanderighi1@physics.ox.ac.uk)  
   For details see FERMILAB-PUB-07-633-T,OUTP-07/16P 
   arXiv:0712.1851 [hep-ph], published in            
   JHEP 0802:002,2008.                               
 ====================================================
 ====================================================
   FF 2.0, a package to evaluate one-loop integrals
 written by G. J. van Oldenborgh, NIKHEF-H, Amsterdam
 ====================================================
 for the algorithms used see preprint NIKHEF-H 89/17,
 'New Algorithms for One-loop Integrals', by G.J. van
 Oldenborgh and J.A.M. Vermaseren, published in 
 Zeitschrift fuer Physik C46(1990)425.
 ====================================================
 ffini: precx =    4.4408920985006262E-016
 ffini: precc =    4.4408920985006262E-016
 ffini: xalogm =    4.9406564584124654E-324
 ffini: xclogm =    4.9406564584124654E-324
 ****************************************************
 *                                                  *
 *  gg->ZZ box loop includes gens. 1 and 2          *
 *  gg->ZZ box loop includes bottom quark           *
 *  gg->ZZ box loop includes top quark              *
 *                                                  *
 *  Numer. stability: pt(Z) > 0.100 GeV (gens. 1,2) *
 *  Numer. stability: pt(Z) > 0.100 GeV (b,t loops) *
 *                                                  *
 ****************************************************

************* Integration by Vegas (iteration   1) **************
*                                                               *
*  integral  = -.85336429E-01   accum. integral = -.85336429E-01*
*  std. dev. = 0.17771158E-02   accum. std. dev = 0.17771158E-02*
*   max. wt. =   0.254653E-03                                   *
*                                                               *
**************   chi**2/iteration =  0.000       ****************


************* Integration by Vegas (iteration   2) **************
*                                                               *
*  integral  = -.85847133E-01   accum. integral = -.85831579E-01*
*  std. dev. = 0.31496263E-03   accum. std. dev = 0.31012949E-03*
*   max. wt. =   0.254653E-03                                   *
*                                                               *
**************   chi**2/iteration = 0.7928E-01   ****************


************* Integration by Vegas (iteration   3) **************
*                                                               *
*  integral  = -.85868378E-01   accum. integral = -.85857141E-01*
*  std. dev. = 0.20561483E-03   accum. std. dev = 0.17137160E-03*
*   max. wt. =   0.254653E-03                                   *
*                                                               *
**************   chi**2/iteration = 0.4470E-01   ****************


************* Integration by Vegas (iteration   4) **************
*                                                               *
*  integral  = -.85843926E-01   accum. integral = -.85850587E-01*
*  std. dev. = 0.17277728E-03   accum. std. dev = 0.12167196E-03*
*   max. wt. =   0.254653E-03                                   *
*                                                               *
**************   chi**2/iteration = 0.3083E-01   ****************


************* Integration by Vegas (iteration   5) **************
*                                                               *
*  integral  = -.85627575E-01   accum. integral = -.85767231E-01*
*  std. dev. = 0.15748981E-03   accum. std. dev = 0.96284505E-04*
*   max. wt. =   0.254653E-03                                   *
*                                                               *
**************   chi**2/iteration = 0.3363       ****************


************* Integration by Vegas (iteration   6) **************
*                                                               *
*  integral  = -.86055500E-01   accum. integral = -.85854315E-01*
*  std. dev. = 0.14634760E-03   accum. std. dev = 0.80436915E-04*
*   max. wt. =   0.254653E-03                                   *
*                                                               *
**************   chi**2/iteration = 0.8096       ****************


************* Integration by Vegas (iteration   7) **************
*                                                               *
*  integral  = -.86357348E-01   accum. integral = -.85967944E-01*
*  std. dev. = 0.14890581E-03   accum. std. dev = 0.70771355E-04*
*   max. wt. =   0.254653E-03                                   *
*                                                               *
**************   chi**2/iteration =  2.145       ****************


************* Integration by Vegas (iteration   8) **************
*                                                               *
*  integral  = -.85991869E-01   accum. integral = -.85972105E-01*
*  std. dev. = 0.15424755E-03   accum. std. dev = 0.64323967E-04*
*   max. wt. =   0.254653E-03                                   *
*                                                               *
**************   chi**2/iteration =  1.842       ****************


************* Integration by Vegas (iteration   9) **************
*                                                               *
*  integral  = -.86239014E-01   accum. integral = -.86012399E-01*
*  std. dev. = 0.15254418E-03   accum. std. dev = 0.59270057E-04*
*   max. wt. =   0.254653E-03                                   *
*                                                               *
**************   chi**2/iteration =  1.936       ****************


************* Integration by Vegas (iteration  10) **************
*                                                               *
*  integral  = -.86088830E-01   accum. integral = -.86022881E-01*
*  std. dev. = 0.14867086E-03   accum. std. dev = 0.55056151E-04*
*   max. wt. =   0.254653E-03                                   *
*                                                               *
**************   chi**2/iteration =  1.747       ****************


************* Integration by Vegas (iteration  11) **************
*                                                               *
*  integral  = -.86161260E-01   accum. integral = -.86039214E-01*
*  std. dev. = 0.15049575E-03   accum. std. dev = 0.51704852E-04*
*   max. wt. =   0.254653E-03                                   *
*                                                               *
**************   chi**2/iteration =  1.647       ****************


************* Integration by Vegas (iteration  12) **************
*                                                               *
*  integral  = -.85989527E-01   accum. integral = -.86033695E-01*
*  std. dev. = 0.14626774E-03   accum. std. dev = 0.48748703E-04*
*   max. wt. =   0.254653E-03                                   *
*                                                               *
**************   chi**2/iteration =  1.506       ****************


************* Integration by Vegas (iteration  13) **************
*                                                               *
*  integral  = -.86150044E-01   accum. integral = -.86044914E-01*
*  std. dev. = 0.14922749E-03   accum. std. dev = 0.46338826E-04*
*   max. wt. =   0.254653E-03                                   *
*                                                               *
**************   chi**2/iteration =  1.427       ****************


************* Integration by Vegas (iteration  14) **************
*                                                               *
*  integral  = -.85901149E-01   accum. integral = -.86032034E-01*
*  std. dev. = 0.14771637E-03   accum. std. dev = 0.44214332E-04*
*   max. wt. =   0.254653E-03                                   *
*                                                               *
**************   chi**2/iteration =  1.383       ****************


************* Integration by Vegas (iteration  15) **************
*                                                               *
*  integral  = -.86082929E-01   accum. integral = -.86036188E-01*
*  std. dev. = 0.14830762E-03   accum. std. dev = 0.42371443E-04*
*   max. wt. =   0.254653E-03                                   *
*                                                               *
**************   chi**2/iteration =  1.292       ****************


************* Integration by Vegas (iteration  16) **************
*                                                               *
*  integral  = -.86090727E-01   accum. integral = -.86040283E-01*
*  std. dev. = 0.14872518E-03   accum. std. dev = 0.40749937E-04*
*   max. wt. =   0.254653E-03                                   *
*                                                               *
**************   chi**2/iteration =  1.215       ****************


************* Integration by Vegas (iteration  17) **************
*                                                               *
*  integral  = -.86121605E-01   accum. integral = -.86044701E-01*
*  std. dev. = 0.17001172E-03   accum. std. dev = 0.39627516E-04*
*   max. wt. =   0.254653E-03                                   *
*                                                               *
**************   chi**2/iteration =  1.152       ****************


************* Integration by Vegas (iteration  18) **************
*                                                               *
*  integral  = -.85704591E-01   accum. integral = -.86025761E-01*
*  std. dev. = 0.16318448E-03   accum. std. dev = 0.38508348E-04*
*   max. wt. =   0.254653E-03                                   *
*                                                               *
**************   chi**2/iteration =  1.326       ****************


************* Integration by Vegas (iteration  19) **************
*                                                               *
*  integral  = -.86075994E-01   accum. integral = -.86028708E-01*
*  std. dev. = 0.15426556E-03   accum. std. dev = 0.37361890E-04*
*   max. wt. =   0.254653E-03                                   *
*                                                               *
**************   chi**2/iteration =  1.258       ****************


************* Integration by Vegas (iteration  20) **************
*                                                               *
*  integral  = -.86037893E-01   accum. integral = -.86029229E-01*
*  std. dev. = 0.15232213E-03   accum. std. dev = 0.36286281E-04*
*   max. wt. =   0.254653E-03                                   *
*                                                               *
**************   chi**2/iteration =  1.192       ****************


 input parameters for vegas:  ndim= 10  ncall= 472392.
                              it=   21  itmx=   50
                              nprn=  0  alph= 1.50
                              mds=  1   nd= 100
                              xl( 1)=   0.000     xu( 1)=   1.000    
                              xl( 2)=   0.000     xu( 2)=   1.000    
                              xl( 3)=   0.000     xu( 3)=   1.000    
                              xl( 4)=   0.000     xu( 4)=   1.000    
                              xl( 5)=   0.000     xu( 5)=   1.000    
                              xl( 6)=   0.000     xu( 6)=   1.000    
                              xl( 7)=   0.000     xu( 7)=   1.000    
                              xl( 8)=   0.000     xu( 8)=   1.000    
                              xl( 9)=   0.000     xu( 9)=   1.000    
                              xl(10)=   0.000     xu(10)=   1.000    

************* Integration by Vegas (iteration   1) **************
*                                                               *
*  integral  = -.85592154E-01   accum. integral = -.85592154E-01*
*  std. dev. = 0.15461346E-03   accum. std. dev = 0.15461346E-03*
*   max. wt. =   0.342305E-04                                   *
*                                                               *
**************   chi**2/iteration = 0.5821E-08   ****************

 Writing out intermediate results for iteration           1

************* Integration by Vegas (iteration   2) **************
*                                                               *
*  integral  = -.86036688E-01   accum. integral = -.85817100E-01*
*  std. dev. = 0.15276124E-03   accum. std. dev = 0.10866745E-03*
*   max. wt. =   0.342305E-04                                   *
*                                                               *
**************   chi**2/iteration =  4.142       ****************

 Writing out intermediate results for iteration           2

************* Integration by Vegas (iteration   3) **************
*                                                               *
*  integral  = -.86207279E-01   accum. integral = -.85949840E-01*
*  std. dev. = 0.15133339E-03   accum. std. dev = 0.88268218E-04*
*   max. wt. =   0.342305E-04                                   *
*                                                               *
**************   chi**2/iteration =  4.263       ****************

 Writing out intermediate results for iteration           3

************* Integration by Vegas (iteration   4) **************
*                                                               *
*  integral  = -.85980562E-01   accum. integral = -.85957607E-01*
*  std. dev. = 0.15175466E-03   accum. std. dev = 0.76300038E-04*
*   max. wt. =   0.342305E-04                                   *
*                                                               *
**************   chi**2/iteration =  2.857       ****************

 Writing out intermediate results for iteration           4

************* Integration by Vegas (iteration   5) **************
*                                                               *
*  integral  = -.85620737E-01   accum. integral = -.85889283E-01*
*  std. dev. = 0.15126800E-03   accum. std. dev = 0.68124425E-04*
*   max. wt. =   0.342305E-04                                   *
*                                                               *
**************   chi**2/iteration =  3.130       ****************

 Writing out intermediate results for iteration           5

************* Integration by Vegas (iteration   6) **************
*                                                               *
*  integral  = -.86148359E-01   accum. integral = -.85931979E-01*
*  std. dev. = 0.15336107E-03   accum. std. dev = 0.62258317E-04*
*   max. wt. =   0.342305E-04                                   *
*                                                               *
**************   chi**2/iteration =  2.981       ****************

 Writing out intermediate results for iteration           6

************* Integration by Vegas (iteration   7) **************
*                                                               *
*  integral  = -.86032243E-01   accum. integral = -.85946951E-01*
*  std. dev. = 0.14860030E-03   accum. std. dev = 0.57422252E-04*
*   max. wt. =   0.342305E-04                                   *
*                                                               *
**************   chi**2/iteration =  2.550       ****************

 Writing out intermediate results for iteration           7

************* Integration by Vegas (iteration   8) **************
*                                                               *
*  integral  = -.85960934E-01   accum. integral = -.85948581E-01*
*  std. dev. = 0.15806208E-03   accum. std. dev = 0.53971069E-04*
*   max. wt. =   0.342305E-04                                   *
*                                                               *
**************   chi**2/iteration =  2.187       ****************

 Writing out intermediate results for iteration           8

************* Integration by Vegas (iteration   9) **************
*                                                               *
*  integral  = -.85780169E-01   accum. integral = -.85930606E-01*
*  std. dev. = 0.15613637E-03   accum. std. dev = 0.51009592E-04*
*   max. wt. =   0.342305E-04                                   *
*                                                               *
**************   chi**2/iteration =  2.044       ****************

 Writing out intermediate results for iteration           9

************* Integration by Vegas (iteration  10) **************
*                                                               *
*  integral  = -.85792284E-01   accum. integral = -.85916838E-01*
*  std. dev. = 0.15342522E-03   accum. std. dev = 0.48404441E-04*
*   max. wt. =   0.342305E-04                                   *
*                                                               *
**************   chi**2/iteration =  1.898       ****************

 Writing out intermediate results for iteration          10

************* Integration by Vegas (iteration  11) **************
*                                                               *
*  integral  = -.86253007E-01   accum. integral = -.85947940E-01*
*  std. dev. = 0.15159573E-03   accum. std. dev = 0.46110925E-04*
*   max. wt. =   0.342305E-04                                   *
*                                                               *
**************   chi**2/iteration =  2.154       ****************

 Writing out intermediate results for iteration          11

************* Integration by Vegas (iteration  12) **************
*                                                               *
*  integral  = -.85878489E-01   accum. integral = -.85942148E-01*
*  std. dev. = 0.15286444E-03   accum. std. dev = 0.44146208E-04*
*   max. wt. =   0.342305E-04                                   *
*                                                               *
**************   chi**2/iteration =  1.976       ****************

 Writing out intermediate results for iteration          12

************* Integration by Vegas (iteration  13) **************
*                                                               *
*  integral  = -.85906373E-01   accum. integral = -.85939382E-01*
*  std. dev. = 0.15248976E-03   accum. std. dev = 0.42404941E-04*
*   max. wt. =   0.342305E-04                                   *
*                                                               *
**************   chi**2/iteration =  1.816       ****************

 Writing out intermediate results for iteration          13

************* Integration by Vegas (iteration  14) **************
*                                                               *
*  integral  = -.85909620E-01   accum. integral = -.85937477E-01*
*  std. dev. = 0.16218030E-03   accum. std. dev = 0.41025751E-04*
*   max. wt. =   0.379331E-04                                   *
*                                                               *
**************   chi**2/iteration =  1.678       ****************

 Writing out intermediate results for iteration          14

************* Integration by Vegas (iteration  15) **************
*                                                               *
*  integral  = -.86049836E-01   accum. integral = -.85944495E-01*
*  std. dev. = 0.15894271E-03   accum. std. dev = 0.39723804E-04*
*   max. wt. =   0.379331E-04                                   *
*                                                               *
**************   chi**2/iteration =  1.592       ****************

 Writing out intermediate results for iteration          15

************* Integration by Vegas (iteration  16) **************
*                                                               *
*  integral  = -.86185806E-01   accum. integral = -.85959037E-01*
*  std. dev. = 0.15686711E-03   accum. std. dev = 0.38508286E-04*
*   max. wt. =   0.379331E-04                                   *
*                                                               *
**************   chi**2/iteration =  1.634       ****************

 Writing out intermediate results for iteration          16

************* Integration by Vegas (iteration  17) **************
*                                                               *
*  integral  = -.86290601E-01   accum. integral = -.85978076E-01*
*  std. dev. = 0.15601716E-03   accum. std. dev = 0.37386324E-04*
*   max. wt. =   0.379331E-04                                   *
*                                                               *
**************   chi**2/iteration =  1.798       ****************

 Writing out intermediate results for iteration          17

************* Integration by Vegas (iteration  18) **************
*                                                               *
*  integral  = -.86108574E-01   accum. integral = -.85985527E-01*
*  std. dev. = 0.15192955E-03   accum. std. dev = 0.36303327E-04*
*   max. wt. =   0.379331E-04                                   *
*                                                               *
**************   chi**2/iteration =  1.733       ****************

 Writing out intermediate results for iteration          18

************* Integration by Vegas (iteration  19) **************
*                                                               *
*  integral  = -.86034729E-01   accum. integral = -.85988010E-01*
*  std. dev. = 0.15747446E-03   accum. std. dev = 0.35375459E-04*
*   max. wt. =   0.379331E-04                                   *
*                                                               *
**************   chi**2/iteration =  1.642       ****************

 Writing out intermediate results for iteration          19

************* Integration by Vegas (iteration  20) **************
*                                                               *
*  integral  = -.86270164E-01   accum. integral = -.86001694E-01*
*  std. dev. = 0.15669235E-03   accum. std. dev = 0.34506989E-04*
*   max. wt. =   0.379331E-04                                   *
*                                                               *
**************   chi**2/iteration =  1.718       ****************

 Writing out intermediate results for iteration          20

************* Integration by Vegas (iteration  21) **************
*                                                               *
*  integral  = -.85847666E-01   accum. integral = -.85995399E-01*
*  std. dev. = 0.16716518E-03   accum. std. dev = 0.33794490E-04*
*   max. wt. =   0.439805E-04                                   *
*                                                               *
**************   chi**2/iteration =  1.673       ****************

 Writing out intermediate results for iteration          21

************* Integration by Vegas (iteration  22) **************
*                                                               *
*  integral  = -.86124823E-01   accum. integral = -.86000773E-01*
*  std. dev. = 0.16236410E-03   accum. std. dev = 0.33085420E-04*
*   max. wt. =   0.439805E-04                                   *
*                                                               *
**************   chi**2/iteration =  1.622       ****************

 Writing out intermediate results for iteration          22

************* Integration by Vegas (iteration  23) **************
*                                                               *
*  integral  = -.86091407E-01   accum. integral = -.86004733E-01*
*  std. dev. = 0.15478400E-03   accum. std. dev = 0.32354536E-04*
*   max. wt. =   0.439805E-04                                   *
*                                                               *
**************   chi**2/iteration =  1.563       ****************

 Writing out intermediate results for iteration          23

************* Integration by Vegas (iteration  24) **************
*                                                               *
*  integral  = -.86368753E-01   accum. integral = -.86020049E-01*
*  std. dev. = 0.15438327E-03   accum. std. dev = 0.31666598E-04*
*   max. wt. =   0.439805E-04                                   *
*                                                               *
**************   chi**2/iteration =  1.727       ****************

 Writing out intermediate results for iteration          24

************* Integration by Vegas (iteration  25) **************
*                                                               *
*  integral  = -.86183936E-01   accum. integral = -.86026933E-01*
*  std. dev. = 0.15122199E-03   accum. std. dev = 0.30994332E-04*
*   max. wt. =   0.439805E-04                                   *
*                                                               *
**************   chi**2/iteration =  1.702       ****************

 Writing out intermediate results for iteration          25

************* Integration by Vegas (iteration  26) **************
*                                                               *
*  integral  = -.85862690E-01   accum. integral = -.86020861E-01*
*  std. dev. = 0.15819186E-03   accum. std. dev = 0.30416024E-04*
*   max. wt. =   0.439805E-04                                   *
*                                                               *
**************   chi**2/iteration =  1.675       ****************

 Writing out intermediate results for iteration          26

************* Integration by Vegas (iteration  27) **************
*                                                               *
*  integral  = -.86266186E-01   accum. integral = -.86030041E-01*
*  std. dev. = 0.15427204E-03   accum. std. dev = 0.29841561E-04*
*   max. wt. =   0.439805E-04                                   *
*                                                               *
**************   chi**2/iteration =  1.704       ****************

 Writing out intermediate results for iteration          27

************* Integration by Vegas (iteration  28) **************
*                                                               *
*  integral  = -.85898822E-01   accum. integral = -.86025332E-01*
*  std. dev. = 0.15468766E-03   accum. std. dev = 0.29301301E-04*
*   max. wt. =   0.439805E-04                                   *
*                                                               *
**************   chi**2/iteration =  1.667       ****************

 Writing out intermediate results for iteration          28

************* Integration by Vegas (iteration  29) **************
*                                                               *
*  integral  = -.85999558E-01   accum. integral = -.86024451E-01*
*  std. dev. = 0.15576110E-03   accum. std. dev = 0.28796211E-04*
*   max. wt. =   0.439805E-04                                   *
*                                                               *
**************   chi**2/iteration =  1.608       ****************

 Writing out intermediate results for iteration          29

************* Integration by Vegas (iteration  30) **************
*                                                               *
*  integral  = -.86113692E-01   accum. integral = -.86027414E-01*
*  std. dev. = 0.15540042E-03   accum. std. dev = 0.28314197E-04*
*   max. wt. =   0.439805E-04                                   *
*                                                               *
**************   chi**2/iteration =  1.564       ****************

 Writing out intermediate results for iteration          30

************* Integration by Vegas (iteration  31) **************
*                                                               *
*  integral  = -.86026467E-01   accum. integral = -.86027388E-01*
*  std. dev. = 0.16826085E-03   accum. std. dev = 0.27921632E-04*
*   max. wt. =   0.439805E-04                                   *
*                                                               *
**************   chi**2/iteration =  1.512       ****************

 Writing out intermediate results for iteration          31

************* Integration by Vegas (iteration  32) **************
*                                                               *
*  integral  = -.85913487E-01   accum. integral = -.86024071E-01*
*  std. dev. = 0.16120758E-03   accum. std. dev = 0.27512012E-04*
*   max. wt. =   0.439805E-04                                   *
*                                                               *
**************   chi**2/iteration =  1.479       ****************

 Writing out intermediate results for iteration          32

************* Integration by Vegas (iteration  33) **************
*                                                               *
*  integral  = -.85970118E-01   accum. integral = -.86022544E-01*
*  std. dev. = 0.16124213E-03   accum. std. dev = 0.27120070E-04*
*   max. wt. =   0.439805E-04                                   *
*                                                               *
**************   chi**2/iteration =  1.436       ****************

 Writing out intermediate results for iteration          33

************* Integration by Vegas (iteration  34) **************
*                                                               *
*  integral  = -.86010801E-01   accum. integral = -.86022207E-01*
*  std. dev. = 0.15779516E-03   accum. std. dev = 0.26728182E-04*
*   max. wt. =   0.439805E-04                                   *
*                                                               *
**************   chi**2/iteration =  1.393       ****************

 Writing out intermediate results for iteration          34

************* Integration by Vegas (iteration  35) **************
*                                                               *
*  integral  = -.85710284E-01   accum. integral = -.86013333E-01*
*  std. dev. = 0.15618935E-03   accum. std. dev = 0.26345214E-04*
*   max. wt. =   0.439805E-04                                   *
*                                                               *
**************   chi**2/iteration =  1.466       ****************

 Writing out intermediate results for iteration          35

************* Integration by Vegas (iteration  36) **************
*                                                               *
*  integral  = -.86114911E-01   accum. integral = -.86016068E-01*
*  std. dev. = 0.15837649E-03   accum. std. dev = 0.25988111E-04*
*   max. wt. =   0.439805E-04                                   *
*                                                               *
**************   chi**2/iteration =  1.435       ****************

 Writing out intermediate results for iteration          36

************* Integration by Vegas (iteration  37) **************
*                                                               *
*  integral  = -.85840793E-01   accum. integral = -.86011650E-01*
*  std. dev. = 0.16161144E-03   accum. std. dev = 0.25658482E-04*
*   max. wt. =   0.439805E-04                                   *
*                                                               *
**************   chi**2/iteration =  1.427       ****************

 Writing out intermediate results for iteration          37

************* Integration by Vegas (iteration  38) **************
*                                                               *
*  integral  = -.86325663E-01   accum. integral = -.86017845E-01*
*  std. dev. = 0.18086533E-03   accum. std. dev = 0.25404118E-04*
*   max. wt. =   0.867817E-04                                   *
*                                                               *
**************   chi**2/iteration =  1.468       ****************

 Writing out intermediate results for iteration          38

************* Integration by Vegas (iteration  39) **************
*                                                               *
*  integral  = -.86032392E-01   accum. integral = -.86018124E-01*
*  std. dev. = 0.18157008E-03   accum. std. dev = 0.25159057E-04*
*   max. wt. =   0.867817E-04                                   *
*                                                               *
**************   chi**2/iteration =  1.430       ****************

 Writing out intermediate results for iteration          39

************* Integration by Vegas (iteration  40) **************
*                                                               *
*  integral  = -.85735773E-01   accum. integral = -.86011432E-01*
*  std. dev. = 0.16147733E-03   accum. std. dev = 0.24859134E-04*
*   max. wt. =   0.867817E-04                                   *
*                                                               *
**************   chi**2/iteration =  1.470       ****************

 Writing out intermediate results for iteration          40

************* Integration by Vegas (iteration  41) **************
*                                                               *
*  integral  = -.85840393E-01   accum. integral = -.86007437E-01*
*  std. dev. = 0.16075155E-03   accum. std. dev = 0.24567114E-04*
*   max. wt. =   0.867817E-04                                   *
*                                                               *
**************   chi**2/iteration =  1.461       ****************

 Writing out intermediate results for iteration          41

************* Integration by Vegas (iteration  42) **************
*                                                               *
*  integral  = -.86030298E-01   accum. integral = -.86007954E-01*
*  std. dev. = 0.16162943E-03   accum. std. dev = 0.24288152E-04*
*   max. wt. =   0.867817E-04                                   *
*                                                               *
**************   chi**2/iteration =  1.426       ****************

 Writing out intermediate results for iteration          42

************* Integration by Vegas (iteration  43) **************
*                                                               *
*  integral  = -.86038371E-01   accum. integral = -.86008593E-01*
*  std. dev. = 0.16575495E-03   accum. std. dev = 0.24031530E-04*
*   max. wt. =   0.867817E-04                                   *
*                                                               *
**************   chi**2/iteration =  1.392       ****************

 Writing out intermediate results for iteration          43

************* Integration by Vegas (iteration  44) **************
*                                                               *
*  integral  = -.85912030E-01   accum. integral = -.86006505E-01*
*  std. dev. = 0.16166019E-03   accum. std. dev = 0.23770324E-04*
*   max. wt. =   0.867817E-04                                   *
*                                                               *
**************   chi**2/iteration =  1.368       ****************

 Writing out intermediate results for iteration          44

************* Integration by Vegas (iteration  45) **************
*                                                               *
*  integral  = -.85805377E-01   accum. integral = -.86003126E-01*
*  std. dev. = 0.18182448E-03   accum. std. dev = 0.23569763E-04*
*   max. wt. =   0.867817E-04                                   *
*                                                               *
**************   chi**2/iteration =  1.364       ****************

 Writing out intermediate results for iteration          45

************* Integration by Vegas (iteration  46) **************
*                                                               *
*  integral  = -.85862747E-01   accum. integral = -.86000702E-01*
*  std. dev. = 0.17783048E-03   accum. std. dev = 0.23365426E-04*
*   max. wt. =   0.867817E-04                                   *
*                                                               *
**************   chi**2/iteration =  1.348       ****************

 Writing out intermediate results for iteration          46

************* Integration by Vegas (iteration  47) **************
*                                                               *
*  integral  = -.86417423E-01   accum. integral = -.86008627E-01*
*  std. dev. = 0.16781434E-03   accum. std. dev = 0.23142185E-04*
*   max. wt. =   0.867817E-04                                   *
*                                                               *
**************   chi**2/iteration =  1.450       ****************

 Writing out intermediate results for iteration          47

************* Integration by Vegas (iteration  48) **************
*                                                               *
*  integral  = -.86141558E-01   accum. integral = -.86011113E-01*
*  std. dev. = 0.16764438E-03   accum. std. dev = 0.22924789E-04*
*   max. wt. =   0.867817E-04                                   *
*                                                               *
**************   chi**2/iteration =  1.432       ****************

 Writing out intermediate results for iteration          48

************* Integration by Vegas (iteration  49) **************
*                                                               *
*  integral  = -.86353747E-01   accum. integral = -.86017181E-01*
*  std. dev. = 0.17072551E-03   accum. std. dev = 0.22720867E-04*
*   max. wt. =   0.867817E-04                                   *
*                                                               *
**************   chi**2/iteration =  1.485       ****************

 Writing out intermediate results for iteration          49

************* Integration by Vegas (iteration  50) **************
*                                                               *
*  integral  = -.86306812E-01   accum. integral = -.86022352E-01*
*  std. dev. = 0.16852770E-03   accum. std. dev = 0.22517149E-04*
*   max. wt. =   0.867817E-04                                   *
*                                                               *
**************   chi**2/iteration =  1.514       ****************


Value of final lord integral is       -0.0860 +/-     0.0000 fb

 Total number of shots       :     23619600
 Total no. failing cuts      :      6833546
 Number failing jet cuts     :            0
 Number failing process cuts :            0

   Jet efficiency : 100.00%
   Cut efficiency : 100.00%
 Total efficiency : 100.00%

 Contribution from parton sub-processes:
 ---------------------------------------
       GG     |          -0.08602  100.00%
       GQ     |           0.00000   -0.00%
       GQB    |           0.00000   -0.00%
       QG     |           0.00000   -0.00%
       QBG    |           0.00000   -0.00%
       QQ     |           0.00000   -0.00%
       QBQB   |           0.00000   -0.00%
       QQB    |           0.00000   -0.00%
       QBQ    |           0.00000   -0.00%
 ---------------------------------------

 ****************************************************
 output files  cluster_CMS_m4l/CTEQ2m4/HTOP/HZZint_lord_cteq6_l_2___2___126_129_run_14
 ****************************************************
