 ************** MCFM - version 6.8 ****************
 *                                                *
 * MCFM, v6.8                   April 26th, 2014  *
 *                                                *
 * Authors: John Campbell, Keith Ellis,           *
 *          Ciaran Williams                       *
 *         (johnmc@fnal.gov, ellis@fnal.gov,      *
 *          ciaran@fnal.gov)                      *
 *                                                *
 * For details see:                               *
 *                                                *
 *  arXiv:1403.2641 (Triphoton production)        *
 *  arXiv:1312.1628 (gg->WW, Higgs interference)  *
 *  arXiv:1311.3589 (gg->ZZ, Higgs interference)  *
 *  Phys.Rev.D87:114006, arXiv:1302.3856          *
 *  (tZ, tH -- with R. Rontsch)                   *
 *  arXiv:1211.6390 (DM, P. Fox and C. Williams)  *
 *  JHEP 1211:162 (2012), arXiv:1208.0566         *
 *  (Z+gam+jet,Z+gam+gam -- with H. Hartanto)     *
 *  arXiv:1204.1513 (top production+decay)        *
 *  JHEP 1207:052 (2012), arXiv:1204.5678 (ttW)   *
 *  JHEP 1110:005 (2011), arXiv:1107.5569         *
 *         (gg->WW,Higgs intference)              *
 *  JHEP 1107:018 (2011), arXiv:1105.0020         *
 *         (diboson update)                       *
 *  JHEP 1103:027 (2011), arXiv:1011.6647         *
 *         (Wbb for mb>0, with S. Badger)         *
 *  Phys.Rev.D81:074023, arXiv:1001.4495 (H+2jet) *
 *                                                *
 *  P.R.L. 102:142001, arXiv:0903.0005 [hep-ph]   *
 *    (t-channel single top + explicit b,         *
 *      JC, R.Frederix, F.Maltoni, F.Tramontano)  *
 *  N.P.B 726:109(2005), hep-ph/0506289 (W+t)     *
 *  Phys.Rev.D70:094012, hep-ph/0408158 (Sngl Top)*
 *       (with Francesco Tramontano)              *
 *                                                *
 *  Phys.Rev.D65:113007, hep-ph/0202176 (W,Z+2j)  *
 *  Phys.Rev.D62:114012, hep-ph/0006304 (W,Z+bb)  *
 *  Phys.Rev.D60:113006, hep-ph/9905386 (diboson) *
 *                                                *
 * On the web:  http://mcfm.fnal.gov/             *
 **************************************************

 * Using input file named E_var/E_80/MSTW/HTOP/input_130_80.DAT                                   

 * [Flags to specify the mode in which MCFM is run]                                          
 *                   -1            [nevtrequested] 
 *                    F            [creatent] 
 *                    F            [skipnt] 
 *                    F            [dswhisto] 
 *                    F            [creategrid] 
 *                    T            [writetop] 
 *                    T            [writedat] 
 *                    T            [writegnu] 
 *                    T            [writeroot] 
 *                    F            [writepwg] 

 * [General options to specify the process and execution]                                    
 *                  130            [nproc] 
 *                 lord            [part] 
 * 130_run_80                      [runstring] 
 *           80000.0000            [sqrts] 
 *                    1            [ih1] 
 *                    1            [ih2] 
 *             126.0000            [hmass] 
 *               0.5000            [scale] 
 *               0.5000            [facscale] 
 * m(3456)                         [dynamicscale] 
 *                    F            [zerowidth] 
 *                    F            [removebr] 
 *                   20            [itmx1] 
 *              1000000            [ncall1] 
 *                   50            [itmx2] 
 *              1000000            [ncall2] 
 *                 2020            [ij] 
 *                    F            [dryrun] 
 *                    T            [Qflag] 
 *                    T            [Gflag] 

 * [Heavy quark masses]                                                                      
 *             173.2000            [top mass] 
 *               4.7500            [bottom mass] 
 *               1.5000            [charm mass] 

 * [Pdf selection]                                                                           
 *              mstw8lo            [pdlabel] 
 *                    4            [NGROUP] 
 *                   46            [NSET] 
 * cteq6mE.LHgrid                  [LHAPDF group] 
 *                   -1            [LHAPDF set] 

 * [Jet definition and event cuts]                                                           
 *               0.0000            [m34min] 
 *           80000.0000            [m34max] 
 *               0.0000            [m56min] 
 *           80000.0000            [m56max] 
 *                    T            [inclusive] 
 *                 ankt            [algorithm] 
 *              15.0000            [ptjetmin] 
 *               0.0000            [etajetmin] 
 *               5.0000            [etajetmax] 
 *               0.5000            [Rcut] 
 *                    T            [makecuts] 
 *               0.0000            [leptpt] 
 *              99.0000            [leptrap] 
 *    0.000,   0.000                [leptveto] 
 *               0.0000            [misspt] 
 *               0.0000            [leptpt2] 
 *              99.0000            [leptrap2] 
 *    0.000,   0.000                [leptveto2] 
 *               0.0000            [mtrans34cut] 
 *               0.0000            [Rjlmin] 
 *               0.0000            [Rllmin] 
 *               0.0000            [delyjjmin] 
 *                    F            [jetsopphem] 
 *                    0            [lbjscheme] 
 *               0.0000            [ptbjetmin] 
 *              99.0000            [etabjetmax] 

 * [Settings for photon processes]                                                           
 *                    F            [frag] 
 *             GdRG__LO            [fragset] 
 *              80.0000            [frag_scale] 
 *              20.0000            [gammpt] 
 *               2.5000            [gammrap] 
 *              20.0000            [gammpt2] 
 *              20.0000            [gammpt3] 
 *               0.0000            [Rgalmin] 
 *               0.4000            [Rgagamin] 
 *               0.4000            [Rgajetmin] 
 *               0.4000            [cone_ang] 
 *               0.5000            [epsilon_h] 

 * [Anomalous couplings of the W and Z]                                                      
 *               0.0000            [delg1_z] 
 *               0.0000            [delk_z] 
 *               0.0000            [delk_g] 
 *               0.0000            [lambda_z] 
 *               0.0000            [lambda_g] 
 *               0.0000            [h1Z] 
 *               0.0000            [h1gam] 
 *               0.0000            [h2Z] 
 *               0.0000            [h2gam] 
 *               0.0000            [h3Z] 
 *               0.0000            [h3gam] 
 *               0.0000            [h4Z] 
 *               0.0000            [h4gam] 
 *               2.0000            [tevscale] 

 * [Anomalous width of the Higgs]                                                            
 *               1.0000            [Gamma_H/Gamma_H(SM)] 

 * [How to resume/save a run]                                                                
 *                    F            [readin] 
 *                    F            [writeout] 
 *                                 [ingridfile] 
 *                                 [outgridfile] 

 * [Technical parameters that should not normally be changed]

 *                    F            [debug] 
 *                    T            [verbose] 
 *                    F            [new_pspace] 
 *                    F            [virtonly] 
 *                    F            [realonly] 
 *                    T            [spira] 
 *                    F            [noglue] 
 *                    F            [ggonly] 
 *                    F            [gqonly] 
 *                    F            [omitgg] 
 *                    F            [vanillafiles] 
 *                    1            [nmin] 
 *                    2            [nmax] 
 *                    T            [clustering] 
 *                    F            [realwt] 
 *                    0            [colourchoice] 
 *               0.0100            [rtsmin] 
 *               0.0001            [cutoff] 
 *               0.1000            [aii] 
 *               0.1000            [aif] 
 *               0.1000            [afi] 
 *               1.0000            [aff] 
 *               1.0000            [bfi] 
 *               1.0000            [bff] 

 Chooser:process chosen by nproc=         130

 *************************** f(p1)+f(p2) --> ******************************************
 * H(--> Z^0(e^-(p3)+e^+(p4)) + Z^0(mu^-(p5)+mu^+(p6)) [H squared and H, gg->ZZ intf. *
 **************************************************************************************

 ************** Electroweak parameters **************
 *                                                  *
 *  zmass(+)   91.1876000     wmass(+)  80.3980000  *
 * zwidth(+)    2.4952000    wwidth(+)   2.1054000  *
 *     Gf(+) 0.116639D-04   1/aemmz    132.3384323  *
 *     xw       0.2226459      mtop(+) 173.2000000  *
 *   gwsq       0.4264904       esq      0.0949563  *
 * top width    1.4743080 (LO)                      *
 *    mb        4.7500000        mc      1.5000000  *
 *                                                  *
 * Parameters marked (+) are input, others derived  *
 ****************************************************

 ****************** Higgs parameters ****************
 *                                                  *
 *   mass(H) =  126.00      width(H) =  0.43070E-02 *
 *                                                  *
 *              Br( H -> b bbar)  =   0.48164       *
 *              Br( H -> tau tau) =   0.06056       *
 *              Br( H -> W W)     =   0.00000       *
 *              Br( H -> Z Z)     =   0.00000       *
 *              Br( H -> gam gam) =   0.00235       *
 *              Br( H -> Z gam)   =   0.00164       *
 ****************************************************
 *                                                  *
 * Note: branching ratios reported here can be > 1  *
 *       since the total Higgs width is calculated  *
 *       at NLO but the BR calculation uses a       *
 *       partial width at LO only.                  *
 *                                                  *
 ****************************************************

 WARNING: Higgs decay H->ZZ is below threshold and
 may not yield sensible results - check the number
 of integration points

 ***************** CKM mixing matrix ****************
 *                                                  *
 *      Vud=.97500    Vus=.22200    Vub=0.0000      *
 *      Vcd=.22200    Vcs=.97500    Vcb=0.0000      *
 ****************************************************

 ************* Strong coupling, alpha_s  ************
 *                                                  *
 *  Dynamic scale - alpha_s changed event-by-event  *
 *       alpha_s (zmass)  0.13939000                *
 *         (using 1-loop running of alpha_s)        *
 ****************************************************

 ****************************************
 *     Cross section in femtobarns      *
 ****************************************


 input parameters for vegas:  ndim= 10  ncall= 944784.
                              it=    0  itmx=   20
                              nprn=  0  alph= 1.50
                              mds=  1   nd= 100
                              xl( 1)=   0.000     xu( 1)=   1.000    
                              xl( 2)=   0.000     xu( 2)=   1.000    
                              xl( 3)=   0.000     xu( 3)=   1.000    
                              xl( 4)=   0.000     xu( 4)=   1.000    
                              xl( 5)=   0.000     xu( 5)=   1.000    
                              xl( 6)=   0.000     xu( 6)=   1.000    
                              xl( 7)=   0.000     xu( 7)=   1.000    
                              xl( 8)=   0.000     xu( 8)=   1.000    
                              xl( 9)=   0.000     xu( 9)=   1.000    
                              xl(10)=   0.000     xu(10)=   1.000    

 ****************** Basic mass cuts *****************
 *                                                  *
 *              0.00  <   m34  <  80000.00           *
 *              0.00  <   m56  <  80000.00           *
 ****************************************************
 *********** CMS Higgs Search cuts******
 *                                     *
 *     pt(mu) >           5.00 GeV     *
 *     pt(el) >           7.00 GeV     *
 *     |eta_mu| <         2.40         *
 *     |eta_el| <         2.50         *
 *     m4lmin >         100.00 GeV     *
 *     m2lmin >           4.00 GeV     *
 *     ptleading >       20.00 GeV     *
 *     ptnexttoleading > 10.00 GeV     *
 *     mllnear >         40.00 GeV     *
 *     mllfar >          12.00 GeV     *
 *     mllmax >         120.00 GeV     *
 ***************************************

 ************** Dynamic scale choice ****************
 *                                                  *
 *                 RENORMALIZATION                  *
 *       mu_ren  =  0.50 x m(3456)                  *
 *                                                  *
 *                  FACTORIZATION                   *
 *       mu_fac  =  0.50 x m(3456)                  *
 *                                                  *
 ****************************************************
 ====================================================
   This is QCDLoop - version 1.95                    
   Authors: Keith Ellis and Giulia Zanderighi        
   (ellis@fnal.gov, g.zanderighi1@physics.ox.ac.uk)  
   For details see FERMILAB-PUB-07-633-T,OUTP-07/16P 
   arXiv:0712.1851 [hep-ph], published in            
   JHEP 0802:002,2008.                               
 ====================================================
 ====================================================
   FF 2.0, a package to evaluate one-loop integrals
 written by G. J. van Oldenborgh, NIKHEF-H, Amsterdam
 ====================================================
 for the algorithms used see preprint NIKHEF-H 89/17,
 'New Algorithms for One-loop Integrals', by G.J. van
 Oldenborgh and J.A.M. Vermaseren, published in 
 Zeitschrift fuer Physik C46(1990)425.
 ====================================================
 ffini: precx =   4.44089209850062616E-016
 ffini: precc =   4.44089209850062616E-016
 ffini: xalogm =   4.94065645841246544E-324
 ffini: xclogm =   4.94065645841246544E-324
 ****************************************************
 *                                                  *
 *  gg->ZZ box loop includes gens. 1 and 2          *
 *  gg->ZZ box loop includes bottom quark           *
 *  gg->ZZ box loop includes top quark              *
 *                                                  *
 *  Numer. stability: pt(Z) > 0.100 GeV (gens. 1,2) *
 *  Numer. stability: pt(Z) > 0.100 GeV (b,t loops) *
 *                                                  *
 ****************************************************
 Reading PDF grid from Pdfdata/mstw2008lo.00.dat

************* Integration by Vegas (iteration   1) **************
*                                                               *
*  integral  =  6.8453223       accum. integral =  6.8453223    *
*  std. dev. =  1.2322521       accum. std. dev =  1.2322521    *
*   max. wt. =   0.719933                                       *
*                                                               *
**************   chi**2/iteration = 0.7105E-12   ****************


************* Integration by Vegas (iteration   2) **************
*                                                               *
*  integral  =  7.8760094       accum. integral =  7.6400112    *
*  std. dev. = 0.67151437       accum. std. dev = 0.58964480    *
*   max. wt. =   0.719933                                       *
*                                                               *
**************   chi**2/iteration = 0.5341       ****************


************* Integration by Vegas (iteration   3) **************
*                                                               *
*  integral  =  7.7123237       accum. integral =  7.7069798    *
*  std. dev. = 0.16656467       accum. std. dev = 0.16029201    *
*   max. wt. =   0.719933                                       *
*                                                               *
**************   chi**2/iteration = 0.2753       ****************


************* Integration by Vegas (iteration   4) **************
*                                                               *
*  integral  =  7.6901549       accum. integral =  7.6913142    *
*  std. dev. = 0.43604725E-01   accum. std. dev = 0.42075667E-01*
*   max. wt. =   0.719933                                       *
*                                                               *
**************   chi**2/iteration = 0.1872       ****************


************* Integration by Vegas (iteration   5) **************
*                                                               *
*  integral  =  7.7043646       accum. integral =  7.7014700    *
*  std. dev. = 0.22463285E-01   accum. std. dev = 0.19816060E-01*
*   max. wt. =   0.719933                                       *
*                                                               *
**************   chi**2/iteration = 0.1592       ****************


************* Integration by Vegas (iteration   6) **************
*                                                               *
*  integral  =  7.7327916       accum. integral =  7.7177410    *
*  std. dev. = 0.19058408E-01   accum. std. dev = 0.13736371E-01*
*   max. wt. =   0.719933                                       *
*                                                               *
**************   chi**2/iteration = 0.3865       ****************


************* Integration by Vegas (iteration   7) **************
*                                                               *
*  integral  =  7.7642991       accum. integral =  7.7345838    *
*  std. dev. = 0.18245506E-01   accum. std. dev = 0.10973996E-01*
*   max. wt. =   0.719933                                       *
*                                                               *
**************   chi**2/iteration =  1.014       ****************


************* Integration by Vegas (iteration   8) **************
*                                                               *
*  integral  =  7.7686421       accum. integral =  7.7436890    *
*  std. dev. = 0.18166867E-01   accum. std. dev = 0.93932301E-02*
*   max. wt. =   0.719933                                       *
*                                                               *
**************   chi**2/iteration =  1.236       ****************


************* Integration by Vegas (iteration   9) **************
*                                                               *
*  integral  =  7.7177437       accum. integral =  7.7382418    *
*  std. dev. = 0.18221507E-01   accum. std. dev = 0.83491497E-02*
*   max. wt. =   0.719933                                       *
*                                                               *
**************   chi**2/iteration =  1.282       ****************


************* Integration by Vegas (iteration  10) **************
*                                                               *
*  integral  =  7.7452203       accum. integral =  7.7394454    *
*  std. dev. = 0.18288293E-01   accum. std. dev = 0.75950984E-02*
*   max. wt. =   0.719933                                       *
*                                                               *
**************   chi**2/iteration =  1.153       ****************


************* Integration by Vegas (iteration  11) **************
*                                                               *
*  integral  =  7.7754588       accum. integral =  7.7448334    *
*  std. dev. = 0.18107606E-01   accum. std. dev = 0.70039382E-02*
*   max. wt. =   0.719933                                       *
*                                                               *
**************   chi**2/iteration =  1.374       ****************


************* Integration by Vegas (iteration  12) **************
*                                                               *
*  integral  =  7.7780567       accum. integral =  7.7492037    *
*  std. dev. = 0.17996170E-01   accum. std. dev = 0.65270379E-02*
*   max. wt. =   0.719933                                       *
*                                                               *
**************   chi**2/iteration =  1.518       ****************


************* Integration by Vegas (iteration  13) **************
*                                                               *
*  integral  =  7.7636434       accum. integral =  7.7508760    *
*  std. dev. = 0.18034729E-01   accum. std. dev = 0.61374534E-02*
*   max. wt. =   0.719933                                       *
*                                                               *
**************   chi**2/iteration =  1.439       ****************


************* Integration by Vegas (iteration  14) **************
*                                                               *
*  integral  =  7.7613310       accum. integral =  7.7519719    *
*  std. dev. = 0.17936513E-01   accum. std. dev = 0.58069106E-02*
*   max. wt. =   0.719933                                       *
*                                                               *
**************   chi**2/iteration =  1.352       ****************


************* Integration by Vegas (iteration  15) **************
*                                                               *
*  integral  =  7.7435911       accum. integral =  7.7511871    *
*  std. dev. = 0.18066320E-01   accum. std. dev = 0.55283556E-02*
*   max. wt. =   0.719933                                       *
*                                                               *
**************   chi**2/iteration =  1.269       ****************


************* Integration by Vegas (iteration  16) **************
*                                                               *
*  integral  =  7.7410347       accum. integral =  7.7503217    *
*  std. dev. = 0.18109790E-01   accum. std. dev = 0.52874749E-02*
*   max. wt. =   0.719933                                       *
*                                                               *
**************   chi**2/iteration =  1.204       ****************


************* Integration by Vegas (iteration  17) **************
*                                                               *
*  integral  =  7.7346441       accum. integral =  7.7490986    *
*  std. dev. = 0.18177075E-01   accum. std. dev = 0.50770386E-02*
*   max. wt. =   0.719933                                       *
*                                                               *
**************   chi**2/iteration =  1.171       ****************


************* Integration by Vegas (iteration  18) **************
*                                                               *
*  integral  =  7.7485997       accum. integral =  7.7490627    *
*  std. dev. = 0.18245425E-01   accum. std. dev = 0.48912043E-02*
*   max. wt. =   0.719933                                       *
*                                                               *
**************   chi**2/iteration =  1.102       ****************


************* Integration by Vegas (iteration  19) **************
*                                                               *
*  integral  =  7.7545455       accum. integral =  7.7494306    *
*  std. dev. = 0.18238846E-01   accum. std. dev = 0.47242736E-02*
*   max. wt. =   0.719933                                       *
*                                                               *
**************   chi**2/iteration =  1.046       ****************


************* Integration by Vegas (iteration  20) **************
*                                                               *
*  integral  =  7.7298019       accum. integral =  7.7482220    *
*  std. dev. = 0.18443818E-01   accum. std. dev = 0.45765262E-02*
*   max. wt. =   0.719933                                       *
*                                                               *
**************   chi**2/iteration =  1.047       ****************


 input parameters for vegas:  ndim= 10  ncall= 944784.
                              it=   21  itmx=   50
                              nprn=  0  alph= 1.50
                              mds=  1   nd= 100
                              xl( 1)=   0.000     xu( 1)=   1.000    
                              xl( 2)=   0.000     xu( 2)=   1.000    
                              xl( 3)=   0.000     xu( 3)=   1.000    
                              xl( 4)=   0.000     xu( 4)=   1.000    
                              xl( 5)=   0.000     xu( 5)=   1.000    
                              xl( 6)=   0.000     xu( 6)=   1.000    
                              xl( 7)=   0.000     xu( 7)=   1.000    
                              xl( 8)=   0.000     xu( 8)=   1.000    
                              xl( 9)=   0.000     xu( 9)=   1.000    
                              xl(10)=   0.000     xu(10)=   1.000    

************* Integration by Vegas (iteration   1) **************
*                                                               *
*  integral  =  7.7553482       accum. integral =  7.7553482    *
*  std. dev. = 0.18373124E-01   accum. std. dev = 0.18373124E-01*
*   max. wt. =   0.590072E-03                                   *
*                                                               *
**************   chi**2/iteration =  0.000       ****************

 Writing out intermediate results for iteration           1

************* Integration by Vegas (iteration   2) **************
*                                                               *
*  integral  =  7.7188679       accum. integral =  7.7372507    *
*  std. dev. = 0.18517363E-01   accum. std. dev = 0.13042458E-01*
*   max. wt. =   0.798468E-03                                   *
*                                                               *
**************   chi**2/iteration =  1.936       ****************

 Writing out intermediate results for iteration           2

************* Integration by Vegas (iteration   3) **************
*                                                               *
*  integral  =  7.7384463       accum. integral =  7.7376481    *
*  std. dev. = 0.18484563E-01   accum. std. dev = 0.10656754E-01*
*   max. wt. =   0.900796E-03                                   *
*                                                               *
**************   chi**2/iteration = 0.9744       ****************

 Writing out intermediate results for iteration           3

************* Integration by Vegas (iteration   4) **************
*                                                               *
*  integral  =  7.7224213       accum. integral =  7.7338562    *
*  std. dev. = 0.18506225E-01   accum. std. dev = 0.92350253E-02*
*   max. wt. =   0.900796E-03                                   *
*                                                               *
**************   chi**2/iteration = 0.8196       ****************

 Writing out intermediate results for iteration           4

************* Integration by Vegas (iteration   5) **************
*                                                               *
*  integral  =  7.7693103       accum. integral =  7.7408199    *
*  std. dev. = 0.18679701E-01   accum. std. dev = 0.82785569E-02*
*   max. wt. =   0.900796E-03                                   *
*                                                               *
**************   chi**2/iteration =  1.337       ****************

 Writing out intermediate results for iteration           5

************* Integration by Vegas (iteration   6) **************
*                                                               *
*  integral  =  7.7219446       accum. integral =  7.7377465    *
*  std. dev. = 0.18771780E-01   accum. std. dev = 0.75746626E-02*
*   max. wt. =   0.900796E-03                                   *
*                                                               *
**************   chi**2/iteration =  1.239       ****************

 Writing out intermediate results for iteration           6

************* Integration by Vegas (iteration   7) **************
*                                                               *
*  integral  =  7.7481239       accum. integral =  7.7391821    *
*  std. dev. = 0.18904561E-01   accum. std. dev = 0.70312499E-02*
*   max. wt. =   0.199910E-02                                   *
*                                                               *
**************   chi**2/iteration =  1.076       ****************

 Writing out intermediate results for iteration           7

************* Integration by Vegas (iteration   8) **************
*                                                               *
*  integral  =  7.7648732       accum. integral =  7.7422987    *
*  std. dev. = 0.18923348E-01   accum. std. dev = 0.65909782E-02*
*   max. wt. =   0.199910E-02                                   *
*                                                               *
**************   chi**2/iteration =  1.154       ****************

 Writing out intermediate results for iteration           8

************* Integration by Vegas (iteration   9) **************
*                                                               *
*  integral  =  7.7607317       accum. integral =  7.7442872    *
*  std. dev. = 0.18954227E-01   accum. std. dev = 0.62253409E-02*
*   max. wt. =   0.199910E-02                                   *
*                                                               *
**************   chi**2/iteration =  1.115       ****************

 Writing out intermediate results for iteration           9

************* Integration by Vegas (iteration  10) **************
*                                                               *
*  integral  =  7.7338491       accum. integral =  7.7432718    *
*  std. dev. = 0.18964882E-01   accum. std. dev = 0.59148241E-02*
*   max. wt. =   0.199910E-02                                   *
*                                                               *
**************   chi**2/iteration =  1.022       ****************

 Writing out intermediate results for iteration          10

************* Integration by Vegas (iteration  11) **************
*                                                               *
*  integral  =  7.7528756       accum. integral =  7.7441126    *
*  std. dev. = 0.19095018E-01   accum. std. dev = 0.56499750E-02*
*   max. wt. =   0.199910E-02                                   *
*                                                               *
**************   chi**2/iteration = 0.9426       ****************

 Writing out intermediate results for iteration          11

************* Integration by Vegas (iteration  12) **************
*                                                               *
*  integral  =  7.7349743       accum. integral =  7.7433812    *
*  std. dev. = 0.19155376E-01   accum. std. dev = 0.54191611E-02*
*   max. wt. =   0.199910E-02                                   *
*                                                               *
**************   chi**2/iteration = 0.8760       ****************

 Writing out intermediate results for iteration          12

************* Integration by Vegas (iteration  13) **************
*                                                               *
*  integral  =  7.7695678       accum. integral =  7.7452393    *
*  std. dev. = 0.19608972E-01   accum. std. dev = 0.52233622E-02*
*   max. wt. =   0.199910E-02                                   *
*                                                               *
**************   chi**2/iteration = 0.9410       ****************

 Writing out intermediate results for iteration          13

************* Integration by Vegas (iteration  14) **************
*                                                               *
*  integral  =  7.7723539       accum. integral =  7.7470166    *
*  std. dev. = 0.19722348E-01   accum. std. dev = 0.50492779E-02*
*   max. wt. =   0.199910E-02                                   *
*                                                               *
**************   chi**2/iteration =  1.004       ****************

 Writing out intermediate results for iteration          14

************* Integration by Vegas (iteration  15) **************
*                                                               *
*  integral  =  7.7414207       accum. integral =  7.7466758    *
*  std. dev. = 0.19829305E-01   accum. std. dev = 0.48931337E-02*
*   max. wt. =   0.199910E-02                                   *
*                                                               *
**************   chi**2/iteration = 0.9381       ****************

 Writing out intermediate results for iteration          15

************* Integration by Vegas (iteration  16) **************
*                                                               *
*  integral  =  7.7674351       accum. integral =  7.7478624    *
*  std. dev. = 0.19872863E-01   accum. std. dev = 0.47512306E-02*
*   max. wt. =   0.199910E-02                                   *
*                                                               *
**************   chi**2/iteration = 0.9441       ****************

 Writing out intermediate results for iteration          16

************* Integration by Vegas (iteration  17) **************
*                                                               *
*  integral  =  7.7185841       accum. integral =  7.7462970    *
*  std. dev. = 0.19990666E-01   accum. std. dev = 0.46224666E-02*
*   max. wt. =   0.199910E-02                                   *
*                                                               *
**************   chi**2/iteration =  1.012       ****************

 Writing out intermediate results for iteration          17

************* Integration by Vegas (iteration  18) **************
*                                                               *
*  integral  =  7.7489074       accum. integral =  7.7464276    *
*  std. dev. = 0.20139596E-01   accum. std. dev = 0.45053195E-02*
*   max. wt. =   0.199910E-02                                   *
*                                                               *
**************   chi**2/iteration = 0.9534       ****************

 Writing out intermediate results for iteration          18

************* Integration by Vegas (iteration  19) **************
*                                                               *
*  integral  =  7.8109611       accum. integral =  7.7495279    *
*  std. dev. = 0.20055228E-01   accum. std. dev = 0.43957670E-02*
*   max. wt. =   0.199910E-02                                   *
*                                                               *
**************   chi**2/iteration =  1.448       ****************

 Writing out intermediate results for iteration          19

************* Integration by Vegas (iteration  20) **************
*                                                               *
*  integral  =  7.7764348       accum. integral =  7.7507809    *
*  std. dev. = 0.19889931E-01   accum. std. dev = 0.42921947E-02*
*   max. wt. =   0.199910E-02                                   *
*                                                               *
**************   chi**2/iteration =  1.463       ****************

 Writing out intermediate results for iteration          20

************* Integration by Vegas (iteration  21) **************
*                                                               *
*  integral  =  7.7612819       accum. integral =  7.7512416    *
*  std. dev. = 0.20037688E-01   accum. std. dev = 0.41969868E-02*
*   max. wt. =   0.199910E-02                                   *
*                                                               *
**************   chi**2/iteration =  1.403       ****************

 Writing out intermediate results for iteration          21

************* Integration by Vegas (iteration  22) **************
*                                                               *
*  integral  =  7.7626576       accum. integral =  7.7517192    *
*  std. dev. = 0.20085659E-01   accum. std. dev = 0.41082577E-02*
*   max. wt. =   0.199910E-02                                   *
*                                                               *
**************   chi**2/iteration =  1.351       ****************

 Writing out intermediate results for iteration          22

************* Integration by Vegas (iteration  23) **************
*                                                               *
*  integral  =  7.7642000       accum. integral =  7.7522077    *
*  std. dev. = 0.20355308E-01   accum. std. dev = 0.40270567E-02*
*   max. wt. =   0.199910E-02                                   *
*                                                               *
**************   chi**2/iteration =  1.306       ****************

 Writing out intermediate results for iteration          23

************* Integration by Vegas (iteration  24) **************
*                                                               *
*  integral  =  7.7449647       accum. integral =  7.7519406    *
*  std. dev. = 0.20580526E-01   accum. std. dev = 0.39521083E-02*
*   max. wt. =   0.199910E-02                                   *
*                                                               *
**************   chi**2/iteration =  1.255       ****************

 Writing out intermediate results for iteration          24

************* Integration by Vegas (iteration  25) **************
*                                                               *
*  integral  =  7.7674967       accum. integral =  7.7524812    *
*  std. dev. = 0.20828334E-01   accum. std. dev = 0.38828280E-02*
*   max. wt. =   0.199910E-02                                   *
*                                                               *
**************   chi**2/iteration =  1.225       ****************

 Writing out intermediate results for iteration          25

************* Integration by Vegas (iteration  26) **************
*                                                               *
*  integral  =  7.7429152       accum. integral =  7.7521536    *
*  std. dev. = 0.20619757E-01   accum. std. dev = 0.38157653E-02*
*   max. wt. =   0.199910E-02                                   *
*                                                               *
**************   chi**2/iteration =  1.184       ****************

 Writing out intermediate results for iteration          26

************* Integration by Vegas (iteration  27) **************
*                                                               *
*  integral  =  7.7539150       accum. integral =  7.7522123    *
*  std. dev. = 0.20558640E-01   accum. std. dev = 0.37516917E-02*
*   max. wt. =   0.199910E-02                                   *
*                                                               *
**************   chi**2/iteration =  1.139       ****************

 Writing out intermediate results for iteration          27

************* Integration by Vegas (iteration  28) **************
*                                                               *
*  integral  =  7.7599308       accum. integral =  7.7524612    *
*  std. dev. = 0.20552795E-01   accum. std. dev = 0.36907073E-02*
*   max. wt. =   0.199910E-02                                   *
*                                                               *
**************   chi**2/iteration =  1.102       ****************

 Writing out intermediate results for iteration          28

************* Integration by Vegas (iteration  29) **************
*                                                               *
*  integral  =  7.7583717       accum. integral =  7.7526406    *
*  std. dev. = 0.20860916E-01   accum. std. dev = 0.36342682E-02*
*   max. wt. =   0.199910E-02                                   *
*                                                               *
**************   chi**2/iteration =  1.065       ****************

 Writing out intermediate results for iteration          29

************* Integration by Vegas (iteration  30) **************
*                                                               *
*  integral  =  7.7550839       accum. integral =  7.7527140    *
*  std. dev. = 0.20639618E-01   accum. std. dev = 0.35792053E-02*
*   max. wt. =   0.199910E-02                                   *
*                                                               *
**************   chi**2/iteration =  1.029       ****************

 Writing out intermediate results for iteration          30

************* Integration by Vegas (iteration  31) **************
*                                                               *
*  integral  =  7.7320264       accum. integral =  7.7521048    *
*  std. dev. = 0.20548300E-01   accum. std. dev = 0.35261131E-02*
*   max. wt. =   0.199910E-02                                   *
*                                                               *
**************   chi**2/iteration =  1.028       ****************

 Writing out intermediate results for iteration          31

************* Integration by Vegas (iteration  32) **************
*                                                               *
*  integral  =  7.7639149       accum. integral =  7.7524356    *
*  std. dev. = 0.20774424E-01   accum. std. dev = 0.34763923E-02*
*   max. wt. =   0.199910E-02                                   *
*                                                               *
**************   chi**2/iteration =  1.005       ****************

 Writing out intermediate results for iteration          32

************* Integration by Vegas (iteration  33) **************
*                                                               *
*  integral  =  7.7807398       accum. integral =  7.7532117    *
*  std. dev. = 0.20704034E-01   accum. std. dev = 0.34283990E-02*
*   max. wt. =   0.199910E-02                                   *
*                                                               *
**************   chi**2/iteration =  1.030       ****************

 Writing out intermediate results for iteration          33

************* Integration by Vegas (iteration  34) **************
*                                                               *
*  integral  =  7.7419319       accum. integral =  7.7529130    *
*  std. dev. = 0.20787994E-01   accum. std. dev = 0.33827041E-02*
*   max. wt. =   0.199910E-02                                   *
*                                                               *
**************   chi**2/iteration =  1.007       ****************

 Writing out intermediate results for iteration          34

************* Integration by Vegas (iteration  35) **************
*                                                               *
*  integral  =  7.7612386       accum. integral =  7.7531209    *
*  std. dev. = 0.21139383E-01   accum. std. dev = 0.33402096E-02*
*   max. wt. =   0.199910E-02                                   *
*                                                               *
**************   chi**2/iteration = 0.9823       ****************

 Writing out intermediate results for iteration          35

************* Integration by Vegas (iteration  36) **************
*                                                               *
*  integral  =  7.7565217       accum. integral =  7.7532034    *
*  std. dev. = 0.21182289E-01   accum. std. dev = 0.32994399E-02*
*   max. wt. =   0.199910E-02                                   *
*                                                               *
**************   chi**2/iteration = 0.9549       ****************

 Writing out intermediate results for iteration          36

************* Integration by Vegas (iteration  37) **************
*                                                               *
*  integral  =  7.7208831       accum. integral =  7.7524496    *
*  std. dev. = 0.21352192E-01   accum. std. dev = 0.32607398E-02*
*   max. wt. =   0.199910E-02                                   *
*                                                               *
**************   chi**2/iteration = 0.9906       ****************

 Writing out intermediate results for iteration          37

************* Integration by Vegas (iteration  38) **************
*                                                               *
*  integral  =  7.7230282       accum. integral =  7.7517646    *
*  std. dev. = 0.21118936E-01   accum. std. dev = 0.32225548E-02*
*   max. wt. =   0.199910E-02                                   *
*                                                               *
**************   chi**2/iteration =  1.015       ****************

 Writing out intermediate results for iteration          38

************* Integration by Vegas (iteration  39) **************
*                                                               *
*  integral  =  7.7295356       accum. integral =  7.7512577    *
*  std. dev. = 0.21096577E-01   accum. std. dev = 0.31856037E-02*
*   max. wt. =   0.199910E-02                                   *
*                                                               *
**************   chi**2/iteration =  1.017       ****************

 Writing out intermediate results for iteration          39

************* Integration by Vegas (iteration  40) **************
*                                                               *
*  integral  =  7.7751769       accum. integral =  7.7517937    *
*  std. dev. = 0.21042288E-01   accum. std. dev = 0.31497139E-02*
*   max. wt. =   0.199910E-02                                   *
*                                                               *
**************   chi**2/iteration =  1.023       ****************

 Writing out intermediate results for iteration          40

************* Integration by Vegas (iteration  41) **************
*                                                               *
*  integral  =  7.7669262       accum. integral =  7.7521153    *
*  std. dev. = 0.21374371E-01   accum. std. dev = 0.31160633E-02*
*   max. wt. =   0.199910E-02                                   *
*                                                               *
**************   chi**2/iteration =  1.010       ****************

 Writing out intermediate results for iteration          41

************* Integration by Vegas (iteration  42) **************
*                                                               *
*  integral  =  7.7200467       accum. integral =  7.7514394    *
*  std. dev. = 0.21236057E-01   accum. std. dev = 0.30830494E-02*
*   max. wt. =   0.199910E-02                                   *
*                                                               *
**************   chi**2/iteration =  1.040       ****************

 Writing out intermediate results for iteration          42

************* Integration by Vegas (iteration  43) **************
*                                                               *
*  integral  =  7.7303676       accum. integral =  7.7510126    *
*  std. dev. = 0.21443306E-01   accum. std. dev = 0.30516691E-02*
*   max. wt. =   0.199910E-02                                   *
*                                                               *
**************   chi**2/iteration =  1.037       ****************

 Writing out intermediate results for iteration          43

************* Integration by Vegas (iteration  44) **************
*                                                               *
*  integral  =  7.7773911       accum. integral =  7.7515398    *
*  std. dev. = 0.21369388E-01   accum. std. dev = 0.30210200E-02*
*   max. wt. =   0.246321E-02                                   *
*                                                               *
**************   chi**2/iteration =  1.048       ****************

 Writing out intermediate results for iteration          44

************* Integration by Vegas (iteration  45) **************
*                                                               *
*  integral  =  7.7594458       accum. integral =  7.7516980    *
*  std. dev. = 0.21141983E-01   accum. std. dev = 0.29906427E-02*
*   max. wt. =   0.246321E-02                                   *
*                                                               *
**************   chi**2/iteration =  1.027       ****************

 Writing out intermediate results for iteration          45

************* Integration by Vegas (iteration  46) **************
*                                                               *
*  integral  =  7.7304523       accum. integral =  7.7512694    *
*  std. dev. = 0.20844036E-01   accum. std. dev = 0.29603277E-02*
*   max. wt. =   0.246321E-02                                   *
*                                                               *
**************   chi**2/iteration =  1.027       ****************

 Writing out intermediate results for iteration          46

************* Integration by Vegas (iteration  47) **************
*                                                               *
*  integral  =  7.7683839       accum. integral =  7.7516055    *
*  std. dev. = 0.20916263E-01   accum. std. dev = 0.29311161E-02*
*   max. wt. =   0.246321E-02                                   *
*                                                               *
**************   chi**2/iteration =  1.019       ****************

 Writing out intermediate results for iteration          47

************* Integration by Vegas (iteration  48) **************
*                                                               *
*  integral  =  7.7398842       accum. integral =  7.7513781    *
*  std. dev. = 0.20837644E-01   accum. std. dev = 0.29025412E-02*
*   max. wt. =   0.246321E-02                                   *
*                                                               *
**************   chi**2/iteration =  1.004       ****************

 Writing out intermediate results for iteration          48

************* Integration by Vegas (iteration  49) **************
*                                                               *
*  integral  =  7.7394361       accum. integral =  7.7511560    *
*  std. dev. = 0.21085095E-01   accum. std. dev = 0.28754246E-02*
*   max. wt. =   0.246321E-02                                   *
*                                                               *
**************   chi**2/iteration = 0.9896       ****************

 Writing out intermediate results for iteration          49

************* Integration by Vegas (iteration  50) **************
*                                                               *
*  integral  =  7.7877553       accum. integral =  7.7518115    *
*  std. dev. = 0.21292913E-01   accum. std. dev = 0.28495595E-02*
*   max. wt. =   0.246321E-02                                   *
*                                                               *
**************   chi**2/iteration =  1.029       ****************


Value of final lord integral is        7.7518 +/-     0.0028 fb

 Total number of shots       :     47239200
 Total no. failing cuts      :     19544478
 Number failing jet cuts     :            0
 Number failing process cuts :            0

   Jet efficiency : 100.00%
   Cut efficiency : 100.00%
 Total efficiency : 100.00%

 Contribution from parton sub-processes:
 ---------------------------------------
       GG     |           7.75181  100.00%
       GQ     |           0.00000    0.00%
       GQB    |           0.00000    0.00%
       QG     |           0.00000    0.00%
       QBG    |           0.00000    0.00%
       QQ     |           0.00000    0.00%
       QBQB   |           0.00000    0.00%
       QQB    |           0.00000    0.00%
       QBQ    |           0.00000    0.00%
 ---------------------------------------

 ****************************************************
 output files  E_var/E_80/MSTW/HTOP/HZZH+i_lord_mstw8lo_0___0___126_130_run_80
 ****************************************************
