 ************** MCFM - version 6.8 ****************
 *                                                *
 * MCFM, v6.8                   April 26th, 2014  *
 *                                                *
 * Authors: John Campbell, Keith Ellis,           *
 *          Ciaran Williams                       *
 *         (johnmc@fnal.gov, ellis@fnal.gov,      *
 *          ciaran@fnal.gov)                      *
 *                                                *
 * For details see:                               *
 *                                                *
 *  arXiv:1403.2641 (Triphoton production)        *
 *  arXiv:1312.1628 (gg->WW, Higgs interference)  *
 *  arXiv:1311.3589 (gg->ZZ, Higgs interference)  *
 *  Phys.Rev.D87:114006, arXiv:1302.3856          *
 *  (tZ, tH -- with R. Rontsch)                   *
 *  arXiv:1211.6390 (DM, P. Fox and C. Williams)  *
 *  JHEP 1211:162 (2012), arXiv:1208.0566         *
 *  (Z+gam+jet,Z+gam+gam -- with H. Hartanto)     *
 *  arXiv:1204.1513 (top production+decay)        *
 *  JHEP 1207:052 (2012), arXiv:1204.5678 (ttW)   *
 *  JHEP 1110:005 (2011), arXiv:1107.5569         *
 *         (gg->WW,Higgs intference)              *
 *  JHEP 1107:018 (2011), arXiv:1105.0020         *
 *         (diboson update)                       *
 *  JHEP 1103:027 (2011), arXiv:1011.6647         *
 *         (Wbb for mb>0, with S. Badger)         *
 *  Phys.Rev.D81:074023, arXiv:1001.4495 (H+2jet) *
 *                                                *
 *  P.R.L. 102:142001, arXiv:0903.0005 [hep-ph]   *
 *    (t-channel single top + explicit b,         *
 *      JC, R.Frederix, F.Maltoni, F.Tramontano)  *
 *  N.P.B 726:109(2005), hep-ph/0506289 (W+t)     *
 *  Phys.Rev.D70:094012, hep-ph/0408158 (Sngl Top)*
 *       (with Francesco Tramontano)              *
 *                                                *
 *  Phys.Rev.D65:113007, hep-ph/0202176 (W,Z+2j)  *
 *  Phys.Rev.D62:114012, hep-ph/0006304 (W,Z+bb)  *
 *  Phys.Rev.D60:113006, hep-ph/9905386 (diboson) *
 *                                                *
 * On the web:  http://mcfm.fnal.gov/             *
 **************************************************

 * Using input file named E_var/E_80/MSTW/HHTOP/input_130_80.DAT                                  

 * [Flags to specify the mode in which MCFM is run]                                          
 *                   -1            [nevtrequested] 
 *                    F            [creatent] 
 *                    F            [skipnt] 
 *                    F            [dswhisto] 
 *                    F            [creategrid] 
 *                    T            [writetop] 
 *                    T            [writedat] 
 *                    T            [writegnu] 
 *                    T            [writeroot] 
 *                    F            [writepwg] 

 * [General options to specify the process and execution]                                    
 *                  130            [nproc] 
 *                 lord            [part] 
 * 130_run_80                      [runstring] 
 *           80000.0000            [sqrts] 
 *                    1            [ih1] 
 *                    1            [ih2] 
 *             126.0000            [hmass] 
 *               0.5000            [scale] 
 *               0.5000            [facscale] 
 * m(3456)                         [dynamicscale] 
 *                    F            [zerowidth] 
 *                    F            [removebr] 
 *                   20            [itmx1] 
 *              1000000            [ncall1] 
 *                   50            [itmx2] 
 *              1000000            [ncall2] 
 *                 2020            [ij] 
 *                    F            [dryrun] 
 *                    T            [Qflag] 
 *                    T            [Gflag] 

 * [Heavy quark masses]                                                                      
 *             173.2000            [top mass] 
 *               4.7500            [bottom mass] 
 *               1.5000            [charm mass] 

 * [Pdf selection]                                                                           
 *              mstw8lo            [pdlabel] 
 *                    4            [NGROUP] 
 *                   46            [NSET] 
 * cteq6mE.LHgrid                  [LHAPDF group] 
 *                   -1            [LHAPDF set] 

 * [Jet definition and event cuts]                                                           
 *               0.0000            [m34min] 
 *           80000.0000            [m34max] 
 *               0.0000            [m56min] 
 *           80000.0000            [m56max] 
 *                    T            [inclusive] 
 *                 ankt            [algorithm] 
 *              15.0000            [ptjetmin] 
 *               0.0000            [etajetmin] 
 *               5.0000            [etajetmax] 
 *               0.5000            [Rcut] 
 *                    T            [makecuts] 
 *               0.0000            [leptpt] 
 *              99.0000            [leptrap] 
 *    0.000,   0.000                [leptveto] 
 *               0.0000            [misspt] 
 *               0.0000            [leptpt2] 
 *              99.0000            [leptrap2] 
 *    0.000,   0.000                [leptveto2] 
 *               0.0000            [mtrans34cut] 
 *               0.0000            [Rjlmin] 
 *               0.0000            [Rllmin] 
 *               0.0000            [delyjjmin] 
 *                    F            [jetsopphem] 
 *                    0            [lbjscheme] 
 *               0.0000            [ptbjetmin] 
 *              99.0000            [etabjetmax] 

 * [Settings for photon processes]                                                           
 *                    F            [frag] 
 *             GdRG__LO            [fragset] 
 *              80.0000            [frag_scale] 
 *              20.0000            [gammpt] 
 *               2.5000            [gammrap] 
 *              20.0000            [gammpt2] 
 *              20.0000            [gammpt3] 
 *               0.0000            [Rgalmin] 
 *               0.4000            [Rgagamin] 
 *               0.4000            [Rgajetmin] 
 *               0.4000            [cone_ang] 
 *               0.5000            [epsilon_h] 

 * [Anomalous couplings of the W and Z]                                                      
 *               0.0000            [delg1_z] 
 *               0.0000            [delk_z] 
 *               0.0000            [delk_g] 
 *               0.0000            [lambda_z] 
 *               0.0000            [lambda_g] 
 *               0.0000            [h1Z] 
 *               0.0000            [h1gam] 
 *               0.0000            [h2Z] 
 *               0.0000            [h2gam] 
 *               0.0000            [h3Z] 
 *               0.0000            [h3gam] 
 *               0.0000            [h4Z] 
 *               0.0000            [h4gam] 
 *               2.0000            [tevscale] 

 * [Anomalous width of the Higgs]                                                            
 *               1.0000            [Gamma_H/Gamma_H(SM)] 

 * [How to resume/save a run]                                                                
 *                    F            [readin] 
 *                    F            [writeout] 
 *                                 [ingridfile] 
 *                                 [outgridfile] 

 * [Technical parameters that should not normally be changed]

 *                    F            [debug] 
 *                    T            [verbose] 
 *                    F            [new_pspace] 
 *                    F            [virtonly] 
 *                    F            [realonly] 
 *                    T            [spira] 
 *                    F            [noglue] 
 *                    F            [ggonly] 
 *                    F            [gqonly] 
 *                    F            [omitgg] 
 *                    F            [vanillafiles] 
 *                    1            [nmin] 
 *                    2            [nmax] 
 *                    T            [clustering] 
 *                    F            [realwt] 
 *                    0            [colourchoice] 
 *               0.0100            [rtsmin] 
 *               0.0001            [cutoff] 
 *               0.1000            [aii] 
 *               0.1000            [aif] 
 *               0.1000            [afi] 
 *               1.0000            [aff] 
 *               1.0000            [bfi] 
 *               1.0000            [bff] 

 Chooser:process chosen by nproc=         130

 *************************** f(p1)+f(p2) --> ******************************************
 * H(--> Z^0(e^-(p3)+e^+(p4)) + Z^0(mu^-(p5)+mu^+(p6)) [H squared and H, gg->ZZ intf. *
 **************************************************************************************

 ************** Electroweak parameters **************
 *                                                  *
 *  zmass(+)   91.1876000     wmass(+)  80.3980000  *
 * zwidth(+)    2.4952000    wwidth(+)   2.1054000  *
 *     Gf(+) 0.116639D-04   1/aemmz    132.3384323  *
 *     xw       0.2226459      mtop(+) 173.2000000  *
 *   gwsq       0.4264904       esq      0.0949563  *
 * top width    1.4743080 (LO)                      *
 *    mb        4.7500000        mc      1.5000000  *
 *                                                  *
 * Parameters marked (+) are input, others derived  *
 ****************************************************

 ****************** Higgs parameters ****************
 *                                                  *
 *   mass(H) =  126.00      width(H) =  0.43070E-02 *
 *                                                  *
 *              Br( H -> b bbar)  =   0.48164       *
 *              Br( H -> tau tau) =   0.06056       *
 *              Br( H -> W W)     =   0.00000       *
 *              Br( H -> Z Z)     =   0.00000       *
 *              Br( H -> gam gam) =   0.00235       *
 *              Br( H -> Z gam)   =   0.00164       *
 ****************************************************
 *                                                  *
 * Note: branching ratios reported here can be > 1  *
 *       since the total Higgs width is calculated  *
 *       at NLO but the BR calculation uses a       *
 *       partial width at LO only.                  *
 *                                                  *
 ****************************************************

 WARNING: Higgs decay H->ZZ is below threshold and
 may not yield sensible results - check the number
 of integration points

 ***************** CKM mixing matrix ****************
 *                                                  *
 *      Vud=.97500    Vus=.22200    Vub=0.0000      *
 *      Vcd=.22200    Vcs=.97500    Vcb=0.0000      *
 ****************************************************

 ************* Strong coupling, alpha_s  ************
 *                                                  *
 *  Dynamic scale - alpha_s changed event-by-event  *
 *       alpha_s (zmass)  0.13939000                *
 *         (using 1-loop running of alpha_s)        *
 ****************************************************

 ****************************************
 *     Cross section in femtobarns      *
 ****************************************


 input parameters for vegas:  ndim= 10  ncall= 944784.
                              it=    0  itmx=   20
                              nprn=  0  alph= 1.50
                              mds=  1   nd= 100
                              xl( 1)=   0.000     xu( 1)=   1.000    
                              xl( 2)=   0.000     xu( 2)=   1.000    
                              xl( 3)=   0.000     xu( 3)=   1.000    
                              xl( 4)=   0.000     xu( 4)=   1.000    
                              xl( 5)=   0.000     xu( 5)=   1.000    
                              xl( 6)=   0.000     xu( 6)=   1.000    
                              xl( 7)=   0.000     xu( 7)=   1.000    
                              xl( 8)=   0.000     xu( 8)=   1.000    
                              xl( 9)=   0.000     xu( 9)=   1.000    
                              xl(10)=   0.000     xu(10)=   1.000    

 ****************** Basic mass cuts *****************
 *                                                  *
 *              0.00  <   m34  <  80000.00           *
 *              0.00  <   m56  <  80000.00           *
 ****************************************************
 *********** CMS Higgs Search cuts******
 *                                     *
 *     pt(mu) >           5.00 GeV     *
 *     pt(el) >           7.00 GeV     *
 *     |eta_mu| <         2.40         *
 *     |eta_el| <         2.50         *
 *     m4lmin >         100.00 GeV     *
 *     m2lmin >           4.00 GeV     *
 *     ptleading >       20.00 GeV     *
 *     ptnexttoleading > 10.00 GeV     *
 *     mllnear >         40.00 GeV     *
 *     mllfar >          12.00 GeV     *
 *     mllmax >         120.00 GeV     *
 ***************************************

 ************** Dynamic scale choice ****************
 *                                                  *
 *                 RENORMALIZATION                  *
 *       mu_ren  =  0.50 x m(3456)                  *
 *                                                  *
 *                  FACTORIZATION                   *
 *       mu_fac  =  0.50 x m(3456)                  *
 *                                                  *
 ****************************************************
 ====================================================
   This is QCDLoop - version 1.95                    
   Authors: Keith Ellis and Giulia Zanderighi        
   (ellis@fnal.gov, g.zanderighi1@physics.ox.ac.uk)  
   For details see FERMILAB-PUB-07-633-T,OUTP-07/16P 
   arXiv:0712.1851 [hep-ph], published in            
   JHEP 0802:002,2008.                               
 ====================================================
 ====================================================
   FF 2.0, a package to evaluate one-loop integrals
 written by G. J. van Oldenborgh, NIKHEF-H, Amsterdam
 ====================================================
 for the algorithms used see preprint NIKHEF-H 89/17,
 'New Algorithms for One-loop Integrals', by G.J. van
 Oldenborgh and J.A.M. Vermaseren, published in 
 Zeitschrift fuer Physik C46(1990)425.
 ====================================================
 ffini: precx =   4.44089209850062616E-016
 ffini: precc =   4.44089209850062616E-016
 ffini: xalogm =   4.94065645841246544E-324
 ffini: xclogm =   4.94065645841246544E-324
 ****************************************************
 *                                                  *
 *  gg->ZZ box loop includes gens. 1 and 2          *
 *  gg->ZZ box loop includes bottom quark           *
 *  gg->ZZ box loop includes top quark              *
 *                                                  *
 *  Numer. stability: pt(Z) > 0.100 GeV (gens. 1,2) *
 *  Numer. stability: pt(Z) > 0.100 GeV (b,t loops) *
 *                                                  *
 ****************************************************
 Reading PDF grid from Pdfdata/mstw2008lo.00.dat

************* Integration by Vegas (iteration   1) **************
*                                                               *
*  integral  =  6.1183576       accum. integral =  6.1183576    *
*  std. dev. =  1.1640414       accum. std. dev =  1.1640414    *
*   max. wt. =   0.719637                                       *
*                                                               *
**************   chi**2/iteration = 0.7105E-12   ****************


************* Integration by Vegas (iteration   2) **************
*                                                               *
*  integral  =  7.1017224       accum. integral =  6.7329659    *
*  std. dev. = 0.90165206       accum. std. dev = 0.71282165    *
*   max. wt. =   0.737589                                       *
*                                                               *
**************   chi**2/iteration = 0.4416       ****************


************* Integration by Vegas (iteration   3) **************
*                                                               *
*  integral  =  6.9579808       accum. integral =  6.9494676    *
*  std. dev. = 0.14134986       accum. std. dev = 0.13865019    *
*   max. wt. =   0.737589                                       *
*                                                               *
**************   chi**2/iteration = 0.2696       ****************


************* Integration by Vegas (iteration   4) **************
*                                                               *
*  integral  =  7.1276791       accum. integral =  7.1151906    *
*  std. dev. = 0.38061425E-01   accum. std. dev = 0.36703588E-01*
*   max. wt. =   0.737589                                       *
*                                                               *
**************   chi**2/iteration = 0.6904       ****************


************* Integration by Vegas (iteration   5) **************
*                                                               *
*  integral  =  7.1317213       accum. integral =  7.1277970    *
*  std. dev. = 0.20478330E-01   accum. std. dev = 0.17883164E-01*
*   max. wt. =   0.737589                                       *
*                                                               *
**************   chi**2/iteration = 0.5568       ****************


************* Integration by Vegas (iteration   6) **************
*                                                               *
*  integral  =  7.1342766       accum. integral =  7.1310243    *
*  std. dev. = 0.17952297E-01   accum. std. dev = 0.12669678E-01*
*   max. wt. =   0.737589                                       *
*                                                               *
**************   chi**2/iteration = 0.4587       ****************


************* Integration by Vegas (iteration   7) **************
*                                                               *
*  integral  =  7.1598664       accum. integral =  7.1408983    *
*  std. dev. = 0.17560276E-01   accum. std. dev = 0.10274583E-01*
*   max. wt. =   0.737589                                       *
*                                                               *
**************   chi**2/iteration = 0.6776       ****************


************* Integration by Vegas (iteration   8) **************
*                                                               *
*  integral  =  7.1513129       accum. integral =  7.1435672    *
*  std. dev. = 0.17503757E-01   accum. std. dev = 0.88608212E-02*
*   max. wt. =   0.737589                                       *
*                                                               *
**************   chi**2/iteration = 0.6185       ****************


************* Integration by Vegas (iteration   9) **************
*                                                               *
*  integral  =  7.1452225       accum. integral =  7.1439119    *
*  std. dev. = 0.17277325E-01   accum. std. dev = 0.78843921E-02*
*   max. wt. =   0.737589                                       *
*                                                               *
**************   chi**2/iteration = 0.5422       ****************


************* Integration by Vegas (iteration  10) **************
*                                                               *
*  integral  =  7.1547871       accum. integral =  7.1457807    *
*  std. dev. = 0.17308306E-01   accum. std. dev = 0.71750322E-02*
*   max. wt. =   0.737589                                       *
*                                                               *
**************   chi**2/iteration = 0.5183       ****************


************* Integration by Vegas (iteration  11) **************
*                                                               *
*  integral  =  7.1632170       accum. integral =  7.1483294    *
*  std. dev. = 0.17341165E-01   accum. std. dev = 0.66299346E-02*
*   max. wt. =   0.737589                                       *
*                                                               *
**************   chi**2/iteration = 0.5528       ****************


************* Integration by Vegas (iteration  12) **************
*                                                               *
*  integral  =  7.1504229       accum. integral =  7.1485993    *
*  std. dev. = 0.17234282E-01   accum. std. dev = 0.61878562E-02*
*   max. wt. =   0.737589                                       *
*                                                               *
**************   chi**2/iteration = 0.5037       ****************


************* Integration by Vegas (iteration  13) **************
*                                                               *
*  integral  =  7.1358510       accum. integral =  7.1471618    *
*  std. dev. = 0.17357373E-01   accum. std. dev = 0.58285544E-02*
*   max. wt. =   0.737589                                       *
*                                                               *
**************   chi**2/iteration = 0.5016       ****************


************* Integration by Vegas (iteration  14) **************
*                                                               *
*  integral  =  7.1273184       accum. integral =  7.1451129    *
*  std. dev. = 0.17176692E-01   accum. std. dev = 0.55194437E-02*
*   max. wt. =   0.737589                                       *
*                                                               *
**************   chi**2/iteration = 0.5551       ****************


************* Integration by Vegas (iteration  15) **************
*                                                               *
*  integral  =  7.1503673       accum. integral =  7.1456028    *
*  std. dev. = 0.17212459E-01   accum. std. dev = 0.52558350E-02*
*   max. wt. =   0.737589                                       *
*                                                               *
**************   chi**2/iteration = 0.5215       ****************


************* Integration by Vegas (iteration  16) **************
*                                                               *
*  integral  =  7.1482482       accum. integral =  7.1458254    *
*  std. dev. = 0.17338517E-01   accum. std. dev = 0.50298223E-02*
*   max. wt. =   0.737589                                       *
*                                                               *
**************   chi**2/iteration = 0.4882       ****************


************* Integration by Vegas (iteration  17) **************
*                                                               *
*  integral  =  7.1312839       accum. integral =  7.1447027    *
*  std. dev. = 0.17389024E-01   accum. std. dev = 0.48317527E-02*
*   max. wt. =   0.737589                                       *
*                                                               *
**************   chi**2/iteration = 0.4980       ****************


************* Integration by Vegas (iteration  18) **************
*                                                               *
*  integral  =  7.1724694       accum. integral =  7.1466955    *
*  std. dev. = 0.17376740E-01   accum. std. dev = 0.46551429E-02*
*   max. wt. =   0.737589                                       *
*                                                               *
**************   chi**2/iteration = 0.6080       ****************


************* Integration by Vegas (iteration  19) **************
*                                                               *
*  integral  =  7.1545684       accum. integral =  7.1472190    *
*  std. dev. = 0.17441941E-01   accum. std. dev = 0.44977075E-02*
*   max. wt. =   0.737589                                       *
*                                                               *
**************   chi**2/iteration = 0.5848       ****************


************* Integration by Vegas (iteration  20) **************
*                                                               *
*  integral  =  7.1410151       accum. integral =  7.1468371    *
*  std. dev. = 0.17561112E-01   accum. std. dev = 0.43570735E-02*
*   max. wt. =   0.737589                                       *
*                                                               *
**************   chi**2/iteration = 0.5602       ****************


 input parameters for vegas:  ndim= 10  ncall= 944784.
                              it=   21  itmx=   50
                              nprn=  0  alph= 1.50
                              mds=  1   nd= 100
                              xl( 1)=   0.000     xu( 1)=   1.000    
                              xl( 2)=   0.000     xu( 2)=   1.000    
                              xl( 3)=   0.000     xu( 3)=   1.000    
                              xl( 4)=   0.000     xu( 4)=   1.000    
                              xl( 5)=   0.000     xu( 5)=   1.000    
                              xl( 6)=   0.000     xu( 6)=   1.000    
                              xl( 7)=   0.000     xu( 7)=   1.000    
                              xl( 8)=   0.000     xu( 8)=   1.000    
                              xl( 9)=   0.000     xu( 9)=   1.000    
                              xl(10)=   0.000     xu(10)=   1.000    

************* Integration by Vegas (iteration   1) **************
*                                                               *
*  integral  =  7.1672172       accum. integral =  7.1672172    *
*  std. dev. = 0.17613573E-01   accum. std. dev = 0.17613573E-01*
*   max. wt. =   0.702526E-03                                   *
*                                                               *
**************   chi**2/iteration =  0.000       ****************

 Writing out intermediate results for iteration           1

************* Integration by Vegas (iteration   2) **************
*                                                               *
*  integral  =  7.1295538       accum. integral =  7.1484401    *
*  std. dev. = 0.17664723E-01   accum. std. dev = 0.12472722E-01*
*   max. wt. =   0.702526E-03                                   *
*                                                               *
**************   chi**2/iteration =  2.257       ****************

 Writing out intermediate results for iteration           2

************* Integration by Vegas (iteration   3) **************
*                                                               *
*  integral  =  7.1270923       accum. integral =  7.1415009    *
*  std. dev. = 0.17972827E-01   accum. std. dev = 0.10246965E-01*
*   max. wt. =   0.100824E-02                                   *
*                                                               *
**************   chi**2/iteration =  1.608       ****************

 Writing out intermediate results for iteration           3

************* Integration by Vegas (iteration   4) **************
*                                                               *
*  integral  =  7.1120618       accum. integral =  7.1341505    *
*  std. dev. = 0.17763332E-01   accum. std. dev = 0.88760134E-02*
*   max. wt. =   0.100824E-02                                   *
*                                                               *
**************   chi**2/iteration =  1.758       ****************

 Writing out intermediate results for iteration           4

************* Integration by Vegas (iteration   5) **************
*                                                               *
*  integral  =  7.1796614       accum. integral =  7.1431076    *
*  std. dev. = 0.17930815E-01   accum. std. dev = 0.79547477E-02*
*   max. wt. =   0.100824E-02                                   *
*                                                               *
**************   chi**2/iteration =  2.610       ****************

 Writing out intermediate results for iteration           5

************* Integration by Vegas (iteration   6) **************
*                                                               *
*  integral  =  7.1254464       accum. integral =  7.1402320    *
*  std. dev. = 0.18037888E-01   accum. std. dev = 0.72784087E-02*
*   max. wt. =   0.100824E-02                                   *
*                                                               *
**************   chi**2/iteration =  2.249       ****************

 Writing out intermediate results for iteration           6

************* Integration by Vegas (iteration   7) **************
*                                                               *
*  integral  =  7.1285645       accum. integral =  7.1385898    *
*  std. dev. = 0.17983354E-01   accum. std. dev = 0.67467719E-02*
*   max. wt. =   0.100824E-02                                   *
*                                                               *
**************   chi**2/iteration =  1.935       ****************

 Writing out intermediate results for iteration           7

************* Integration by Vegas (iteration   8) **************
*                                                               *
*  integral  =  7.1616798       accum. integral =  7.1413857    *
*  std. dev. = 0.18176964E-01   accum. std. dev = 0.63251249E-02*
*   max. wt. =   0.100824E-02                                   *
*                                                               *
**************   chi**2/iteration =  1.862       ****************

 Writing out intermediate results for iteration           8

************* Integration by Vegas (iteration   9) **************
*                                                               *
*  integral  =  7.1651353       accum. integral =  7.1439065    *
*  std. dev. = 0.18355521E-01   accum. std. dev = 0.59800403E-02*
*   max. wt. =   0.118288E-02                                   *
*                                                               *
**************   chi**2/iteration =  1.816       ****************

 Writing out intermediate results for iteration           9

************* Integration by Vegas (iteration  10) **************
*                                                               *
*  integral  =  7.1594408       accum. integral =  7.1453767    *
*  std. dev. = 0.18495622E-01   accum. std. dev = 0.56900222E-02*
*   max. wt. =   0.118288E-02                                   *
*                                                               *
**************   chi**2/iteration =  1.685       ****************

 Writing out intermediate results for iteration          10

************* Integration by Vegas (iteration  11) **************
*                                                               *
*  integral  =  7.1758352       accum. integral =  7.1480174    *
*  std. dev. = 0.18467608E-01   accum. std. dev = 0.54377677E-02*
*   max. wt. =   0.118288E-02                                   *
*                                                               *
**************   chi**2/iteration =  1.765       ****************

 Writing out intermediate results for iteration          11

************* Integration by Vegas (iteration  12) **************
*                                                               *
*  integral  =  7.1505088       accum. integral =  7.1482144    *
*  std. dev. = 0.18562050E-01   accum. std. dev = 0.52184520E-02*
*   max. wt. =   0.118288E-02                                   *
*                                                               *
**************   chi**2/iteration =  1.606       ****************

 Writing out intermediate results for iteration          12

************* Integration by Vegas (iteration  13) **************
*                                                               *
*  integral  =  7.1770184       accum. integral =  7.1502529    *
*  std. dev. = 0.18908943E-01   accum. std. dev = 0.50303997E-02*
*   max. wt. =   0.118288E-02                                   *
*                                                               *
**************   chi**2/iteration =  1.652       ****************

 Writing out intermediate results for iteration          13

************* Integration by Vegas (iteration  14) **************
*                                                               *
*  integral  =  7.1912109       accum. integral =  7.1529131    *
*  std. dev. = 0.19086999E-01   accum. std. dev = 0.48643004E-02*
*   max. wt. =   0.118288E-02                                   *
*                                                               *
**************   chi**2/iteration =  1.856       ****************

 Writing out intermediate results for iteration          14

************* Integration by Vegas (iteration  15) **************
*                                                               *
*  integral  =  7.1601704       accum. integral =  7.1533488    *
*  std. dev. = 0.19246496E-01   accum. std. dev = 0.47160119E-02*
*   max. wt. =   0.118288E-02                                   *
*                                                               *
**************   chi**2/iteration =  1.733       ****************

 Writing out intermediate results for iteration          15

************* Integration by Vegas (iteration  16) **************
*                                                               *
*  integral  =  7.1664779       accum. integral =  7.1540988    *
*  std. dev. = 0.19159127E-01   accum. std. dev = 0.45793222E-02*
*   max. wt. =   0.118288E-02                                   *
*                                                               *
**************   chi**2/iteration =  1.647       ****************

 Writing out intermediate results for iteration          16

************* Integration by Vegas (iteration  17) **************
*                                                               *
*  integral  =  7.1230883       accum. integral =  7.1524322    *
*  std. dev. = 0.19215051E-01   accum. std. dev = 0.44545678E-02*
*   max. wt. =   0.135644E-02                                   *
*                                                               *
**************   chi**2/iteration =  1.698       ****************

 Writing out intermediate results for iteration          17

************* Integration by Vegas (iteration  18) **************
*                                                               *
*  integral  =  7.1372925       accum. integral =  7.1516669    *
*  std. dev. = 0.19305323E-01   accum. std. dev = 0.43405166E-02*
*   max. wt. =   0.135644E-02                                   *
*                                                               *
**************   chi**2/iteration =  1.633       ****************

 Writing out intermediate results for iteration          18

************* Integration by Vegas (iteration  19) **************
*                                                               *
*  integral  =  7.1764177       accum. integral =  7.1528353    *
*  std. dev. = 0.19500474E-01   accum. std. dev = 0.42368303E-02*
*   max. wt. =   0.135644E-02                                   *
*                                                               *
**************   chi**2/iteration =  1.627       ****************

 Writing out intermediate results for iteration          19

************* Integration by Vegas (iteration  20) **************
*                                                               *
*  integral  =  7.1910051       accum. integral =  7.1545381    *
*  std. dev. = 0.19606408E-01   accum. std. dev = 0.41412423E-02*
*   max. wt. =   0.135644E-02                                   *
*                                                               *
**************   chi**2/iteration =  1.732       ****************

 Writing out intermediate results for iteration          20

************* Integration by Vegas (iteration  21) **************
*                                                               *
*  integral  =  7.1547601       accum. integral =  7.1545477    *
*  std. dev. = 0.19510460E-01   accum. std. dev = 0.40509924E-02*
*   max. wt. =   0.135644E-02                                   *
*                                                               *
**************   chi**2/iteration =  1.646       ****************

 Writing out intermediate results for iteration          21

************* Integration by Vegas (iteration  22) **************
*                                                               *
*  integral  =  7.1509491       accum. integral =  7.1544008    *
*  std. dev. = 0.19636451E-01   accum. std. dev = 0.39674457E-02*
*   max. wt. =   0.135644E-02                                   *
*                                                               *
**************   chi**2/iteration =  1.569       ****************

 Writing out intermediate results for iteration          22

************* Integration by Vegas (iteration  23) **************
*                                                               *
*  integral  =  7.1596393       accum. integral =  7.1546046    *
*  std. dev. = 0.19721016E-01   accum. std. dev = 0.38895166E-02*
*   max. wt. =   0.135644E-02                                   *
*                                                               *
**************   chi**2/iteration =  1.501       ****************

 Writing out intermediate results for iteration          23

************* Integration by Vegas (iteration  24) **************
*                                                               *
*  integral  =  7.1422758       accum. integral =  7.1541567    *
*  std. dev. = 0.20033056E-01   accum. std. dev = 0.38182163E-02*
*   max. wt. =   0.135644E-02                                   *
*                                                               *
**************   chi**2/iteration =  1.451       ****************

 Writing out intermediate results for iteration          24

************* Integration by Vegas (iteration  25) **************
*                                                               *
*  integral  =  7.1701283       accum. integral =  7.1547077    *
*  std. dev. = 0.20200426E-01   accum. std. dev = 0.37517839E-02*
*   max. wt. =   0.135644E-02                                   *
*                                                               *
**************   chi**2/iteration =  1.416       ****************

 Writing out intermediate results for iteration          25

************* Integration by Vegas (iteration  26) **************
*                                                               *
*  integral  =  7.1455805       accum. integral =  7.1543947    *
*  std. dev. = 0.19910996E-01   accum. std. dev = 0.36869030E-02*
*   max. wt. =   0.135644E-02                                   *
*                                                               *
**************   chi**2/iteration =  1.367       ****************

 Writing out intermediate results for iteration          26

************* Integration by Vegas (iteration  27) **************
*                                                               *
*  integral  =  7.1766898       accum. integral =  7.1551210    *
*  std. dev. = 0.20092278E-01   accum. std. dev = 0.36263557E-02*
*   max. wt. =   0.145644E-02                                   *
*                                                               *
**************   chi**2/iteration =  1.361       ****************

 Writing out intermediate results for iteration          27

************* Integration by Vegas (iteration  28) **************
*                                                               *
*  integral  =  7.1553931       accum. integral =  7.1551297    *
*  std. dev. = 0.19858445E-01   accum. std. dev = 0.35673639E-02*
*   max. wt. =   0.145644E-02                                   *
*                                                               *
**************   chi**2/iteration =  1.310       ****************

 Writing out intermediate results for iteration          28

************* Integration by Vegas (iteration  29) **************
*                                                               *
*  integral  =  7.1369619       accum. integral =  7.1545717    *
*  std. dev. = 0.20039951E-01   accum. std. dev = 0.35121506E-02*
*   max. wt. =   0.145644E-02                                   *
*                                                               *
**************   chi**2/iteration =  1.292       ****************

 Writing out intermediate results for iteration          29

************* Integration by Vegas (iteration  30) **************
*                                                               *
*  integral  =  7.1496075       accum. integral =  7.1544209    *
*  std. dev. = 0.19838952E-01   accum. std. dev = 0.34583747E-02*
*   max. wt. =   0.145644E-02                                   *
*                                                               *
**************   chi**2/iteration =  1.250       ****************

 Writing out intermediate results for iteration          30

************* Integration by Vegas (iteration  31) **************
*                                                               *
*  integral  =  7.1163697       accum. integral =  7.1533147    *
*  std. dev. = 0.19986760E-01   accum. std. dev = 0.34077362E-02*
*   max. wt. =   0.145644E-02                                   *
*                                                               *
**************   chi**2/iteration =  1.325       ****************

 Writing out intermediate results for iteration          31

************* Integration by Vegas (iteration  32) **************
*                                                               *
*  integral  =  7.1215584       accum. integral =  7.1524310    *
*  std. dev. = 0.20141506E-01   accum. std. dev = 0.33599855E-02*
*   max. wt. =   0.145644E-02                                   *
*                                                               *
**************   chi**2/iteration =  1.360       ****************

 Writing out intermediate results for iteration          32

************* Integration by Vegas (iteration  33) **************
*                                                               *
*  integral  =  7.1896789       accum. integral =  7.1534293    *
*  std. dev. = 0.20246581E-01   accum. std. dev = 0.33146519E-02*
*   max. wt. =   0.145644E-02                                   *
*                                                               *
**************   chi**2/iteration =  1.421       ****************

 Writing out intermediate results for iteration          33

************* Integration by Vegas (iteration  34) **************
*                                                               *
*  integral  =  7.1304411       accum. integral =  7.1528390    *
*  std. dev. = 0.20418094E-01   accum. std. dev = 0.32718196E-02*
*   max. wt. =   0.145644E-02                                   *
*                                                               *
**************   chi**2/iteration =  1.415       ****************

 Writing out intermediate results for iteration          34

************* Integration by Vegas (iteration  35) **************
*                                                               *
*  integral  =  7.1242357       accum. integral =  7.1521264    *
*  std. dev. = 0.20468508E-01   accum. std. dev = 0.32308050E-02*
*   max. wt. =   0.145644E-02                                   *
*                                                               *
**************   chi**2/iteration =  1.430       ****************

 Writing out intermediate results for iteration          35

************* Integration by Vegas (iteration  36) **************
*                                                               *
*  integral  =  7.1545503       accum. integral =  7.1521848    *
*  std. dev. = 0.20563008E-01   accum. std. dev = 0.31916508E-02*
*   max. wt. =   0.151128E-02                                   *
*                                                               *
**************   chi**2/iteration =  1.389       ****************

 Writing out intermediate results for iteration          36

************* Integration by Vegas (iteration  37) **************
*                                                               *
*  integral  =  7.1118227       accum. integral =  7.1512490    *
*  std. dev. = 0.20716285E-01   accum. std. dev = 0.31544336E-02*
*   max. wt. =   0.151128E-02                                   *
*                                                               *
**************   chi**2/iteration =  1.453       ****************

 Writing out intermediate results for iteration          37

************* Integration by Vegas (iteration  38) **************
*                                                               *
*  integral  =  7.1280518       accum. integral =  7.1507353    *
*  std. dev. = 0.20961422E-01   accum. std. dev = 0.31193106E-02*
*   max. wt. =   0.167710E-02                                   *
*                                                               *
**************   chi**2/iteration =  1.447       ****************

 Writing out intermediate results for iteration          38

************* Integration by Vegas (iteration  39) **************
*                                                               *
*  integral  =  7.1126398       accum. integral =  7.1498996    *
*  std. dev. = 0.20829234E-01   accum. std. dev = 0.30849098E-02*
*   max. wt. =   0.167710E-02                                   *
*                                                               *
**************   chi**2/iteration =  1.495       ****************

 Writing out intermediate results for iteration          39

************* Integration by Vegas (iteration  40) **************
*                                                               *
*  integral  =  7.1670968       accum. integral =  7.1502669    *
*  std. dev. = 0.20882194E-01   accum. std. dev = 0.30517885E-02*
*   max. wt. =   0.175265E-02                                   *
*                                                               *
**************   chi**2/iteration =  1.473       ****************

 Writing out intermediate results for iteration          40

************* Integration by Vegas (iteration  41) **************
*                                                               *
*  integral  =  7.1660395       accum. integral =  7.1506136    *
*  std. dev. = 0.20357093E-01   accum. std. dev = 0.30180632E-02*
*   max. wt. =   0.175265E-02                                   *
*                                                               *
**************   chi**2/iteration =  1.451       ****************

 Writing out intermediate results for iteration          41

************* Integration by Vegas (iteration  42) **************
*                                                               *
*  integral  =  7.1305892       accum. integral =  7.1501881    *
*  std. dev. = 0.20482892E-01   accum. std. dev = 0.29858251E-02*
*   max. wt. =   0.175265E-02                                   *
*                                                               *
**************   chi**2/iteration =  1.439       ****************

 Writing out intermediate results for iteration          42

************* Integration by Vegas (iteration  43) **************
*                                                               *
*  integral  =  7.1314231       accum. integral =  7.1497997    *
*  std. dev. = 0.20538686E-01   accum. std. dev = 0.29547652E-02*
*   max. wt. =   0.175265E-02                                   *
*                                                               *
**************   chi**2/iteration =  1.424       ****************

 Writing out intermediate results for iteration          43

************* Integration by Vegas (iteration  44) **************
*                                                               *
*  integral  =  7.1633645       accum. integral =  7.1500688    *
*  std. dev. = 0.20770505E-01   accum. std. dev = 0.29253133E-02*
*   max. wt. =   0.175265E-02                                   *
*                                                               *
**************   chi**2/iteration =  1.400       ****************

 Writing out intermediate results for iteration          44

************* Integration by Vegas (iteration  45) **************
*                                                               *
*  integral  =  7.1648797       accum. integral =  7.1503576    *
*  std. dev. = 0.20744767E-01   accum. std. dev = 0.28966549E-02*
*   max. wt. =   0.175265E-02                                   *
*                                                               *
**************   chi**2/iteration =  1.380       ****************

 Writing out intermediate results for iteration          45

************* Integration by Vegas (iteration  46) **************
*                                                               *
*  integral  =  7.1241626       accum. integral =  7.1498464    *
*  std. dev. = 0.20532693E-01   accum. std. dev = 0.28682532E-02*
*   max. wt. =   0.175265E-02                                   *
*                                                               *
**************   chi**2/iteration =  1.385       ****************

 Writing out intermediate results for iteration          46

************* Integration by Vegas (iteration  47) **************
*                                                               *
*  integral  =  7.1520141       accum. integral =  7.1498876    *
*  std. dev. = 0.20619429E-01   accum. std. dev = 0.28408992E-02*
*   max. wt. =   0.175265E-02                                   *
*                                                               *
**************   chi**2/iteration =  1.355       ****************

 Writing out intermediate results for iteration          47

************* Integration by Vegas (iteration  48) **************
*                                                               *
*  integral  =  7.1415586       accum. integral =  7.1497326    *
*  std. dev. = 0.20629640E-01   accum. std. dev = 0.28143390E-02*
*   max. wt. =   0.175265E-02                                   *
*                                                               *
**************   chi**2/iteration =  1.329       ****************

 Writing out intermediate results for iteration          48

************* Integration by Vegas (iteration  49) **************
*                                                               *
*  integral  =  7.1405315       accum. integral =  7.1495639    *
*  std. dev. = 0.20596177E-01   accum. std. dev = 0.27884273E-02*
*   max. wt. =   0.175265E-02                                   *
*                                                               *
**************   chi**2/iteration =  1.306       ****************

 Writing out intermediate results for iteration          49

************* Integration by Vegas (iteration  50) **************
*                                                               *
*  integral  =  7.1754998       accum. integral =  7.1500181    *
*  std. dev. = 0.20885774E-01   accum. std. dev = 0.27639035E-02*
*   max. wt. =   0.175265E-02                                   *
*                                                               *
**************   chi**2/iteration =  1.310       ****************


Value of final lord integral is        7.1500 +/-     0.0028 fb

 Total number of shots       :     47239200
 Total no. failing cuts      :     19945026
 Number failing jet cuts     :            0
 Number failing process cuts :            0

   Jet efficiency : 100.00%
   Cut efficiency : 100.00%
 Total efficiency : 100.00%

 Contribution from parton sub-processes:
 ---------------------------------------
       GG     |           7.15002  100.00%
       GQ     |           0.00000    0.00%
       GQB    |           0.00000    0.00%
       QG     |           0.00000    0.00%
       QBG    |           0.00000    0.00%
       QQ     |           0.00000    0.00%
       QBQB   |           0.00000    0.00%
       QQB    |           0.00000    0.00%
       QBQ    |           0.00000    0.00%
 ---------------------------------------

 ****************************************************
 output files  E_var/E_80/MSTW/HHTOP/HZZH+i_lord_mstw8lo_0___0___126_130_run_80
 ****************************************************
