 ************** MCFM - version 6.8 ****************
 *                                                *
 * MCFM, v6.8                   April 26th, 2014  *
 *                                                *
 * Authors: John Campbell, Keith Ellis,           *
 *          Ciaran Williams                       *
 *         (johnmc@fnal.gov, ellis@fnal.gov,      *
 *          ciaran@fnal.gov)                      *
 *                                                *
 * For details see:                               *
 *                                                *
 *  arXiv:1403.2641 (Triphoton production)        *
 *  arXiv:1312.1628 (gg->WW, Higgs interference)  *
 *  arXiv:1311.3589 (gg->ZZ, Higgs interference)  *
 *  Phys.Rev.D87:114006, arXiv:1302.3856          *
 *  (tZ, tH -- with R. Rontsch)                   *
 *  arXiv:1211.6390 (DM, P. Fox and C. Williams)  *
 *  JHEP 1211:162 (2012), arXiv:1208.0566         *
 *  (Z+gam+jet,Z+gam+gam -- with H. Hartanto)     *
 *  arXiv:1204.1513 (top production+decay)        *
 *  JHEP 1207:052 (2012), arXiv:1204.5678 (ttW)   *
 *  JHEP 1110:005 (2011), arXiv:1107.5569         *
 *         (gg->WW,Higgs intference)              *
 *  JHEP 1107:018 (2011), arXiv:1105.0020         *
 *         (diboson update)                       *
 *  JHEP 1103:027 (2011), arXiv:1011.6647         *
 *         (Wbb for mb>0, with S. Badger)         *
 *  Phys.Rev.D81:074023, arXiv:1001.4495 (H+2jet) *
 *                                                *
 *  P.R.L. 102:142001, arXiv:0903.0005 [hep-ph]   *
 *    (t-channel single top + explicit b,         *
 *      JC, R.Frederix, F.Maltoni, F.Tramontano)  *
 *  N.P.B 726:109(2005), hep-ph/0506289 (W+t)     *
 *  Phys.Rev.D70:094012, hep-ph/0408158 (Sngl Top)*
 *       (with Francesco Tramontano)              *
 *                                                *
 *  Phys.Rev.D65:113007, hep-ph/0202176 (W,Z+2j)  *
 *  Phys.Rev.D62:114012, hep-ph/0006304 (W,Z+bb)  *
 *  Phys.Rev.D60:113006, hep-ph/9905386 (diboson) *
 *                                                *
 * On the web:  http://mcfm.fnal.gov/             *
 **************************************************

 * Using input file named E_var/E_50/CTEQ/HHTOP/input_131_50.DAT                                  

 * [Flags to specify the mode in which MCFM is run]                                          
 *                   -1            [nevtrequested] 
 *                    F            [creatent] 
 *                    F            [skipnt] 
 *                    F            [dswhisto] 
 *                    F            [creategrid] 
 *                    T            [writetop] 
 *                    T            [writedat] 
 *                    T            [writegnu] 
 *                    T            [writeroot] 
 *                    F            [writepwg] 

 * [General options to specify the process and execution]                                    
 *                  131            [nproc] 
 *                 lord            [part] 
 * 131_run_50                      [runstring] 
 *           50000.0000            [sqrts] 
 *                    1            [ih1] 
 *                    1            [ih2] 
 *             126.0000            [hmass] 
 *               0.5000            [scale] 
 *               0.5000            [facscale] 
 * m(3456)                         [dynamicscale] 
 *                    F            [zerowidth] 
 *                    F            [removebr] 
 *                   20            [itmx1] 
 *               500000            [ncall1] 
 *                   50            [itmx2] 
 *               500000            [ncall2] 
 *                 2020            [ij] 
 *                    F            [dryrun] 
 *                    T            [Qflag] 
 *                    T            [Gflag] 

 * [Heavy quark masses]                                                                      
 *             173.2000            [top mass] 
 *               4.7500            [bottom mass] 
 *               1.5000            [charm mass] 

 * [Pdf selection]                                                                           
 *              cteq6_l            [pdlabel] 
 *                    4            [NGROUP] 
 *                   46            [NSET] 
 * cteq6mE.LHgrid                  [LHAPDF group] 
 *                   -1            [LHAPDF set] 

 * [Jet definition and event cuts]                                                           
 *               0.0000            [m34min] 
 *           50000.0000            [m34max] 
 *               0.0000            [m56min] 
 *           50000.0000            [m56max] 
 *                    T            [inclusive] 
 *                 ankt            [algorithm] 
 *              15.0000            [ptjetmin] 
 *               0.0000            [etajetmin] 
 *               5.0000            [etajetmax] 
 *               0.5000            [Rcut] 
 *                    T            [makecuts] 
 *               0.0000            [leptpt] 
 *              99.0000            [leptrap] 
 *    0.000,   0.000                [leptveto] 
 *               0.0000            [misspt] 
 *               0.0000            [leptpt2] 
 *              99.0000            [leptrap2] 
 *    0.000,   0.000                [leptveto2] 
 *               0.0000            [mtrans34cut] 
 *               0.0000            [Rjlmin] 
 *               0.0000            [Rllmin] 
 *               0.0000            [delyjjmin] 
 *                    F            [jetsopphem] 
 *                    0            [lbjscheme] 
 *               0.0000            [ptbjetmin] 
 *              99.0000            [etabjetmax] 

 * [Settings for photon processes]                                                           
 *                    F            [frag] 
 *             GdRG__LO            [fragset] 
 *              80.0000            [frag_scale] 
 *              20.0000            [gammpt] 
 *               2.5000            [gammrap] 
 *              20.0000            [gammpt2] 
 *              20.0000            [gammpt3] 
 *               0.0000            [Rgalmin] 
 *               0.4000            [Rgagamin] 
 *               0.4000            [Rgajetmin] 
 *               0.4000            [cone_ang] 
 *               0.5000            [epsilon_h] 

 * [Anomalous couplings of the W and Z]                                                      
 *               0.0000            [delg1_z] 
 *               0.0000            [delk_z] 
 *               0.0000            [delk_g] 
 *               0.0000            [lambda_z] 
 *               0.0000            [lambda_g] 
 *               0.0000            [h1Z] 
 *               0.0000            [h1gam] 
 *               0.0000            [h2Z] 
 *               0.0000            [h2gam] 
 *               0.0000            [h3Z] 
 *               0.0000            [h3gam] 
 *               0.0000            [h4Z] 
 *               0.0000            [h4gam] 
 *               2.0000            [tevscale] 

 * [Anomalous width of the Higgs]                                                            
 *               1.0000            [Gamma_H/Gamma_H(SM)] 

 * [How to resume/save a run]                                                                
 *                    F            [readin] 
 *                    F            [writeout] 
 *                                 [ingridfile] 
 *                                 [outgridfile] 

 * [Technical parameters that should not normally be changed]

 *                    F            [debug] 
 *                    T            [verbose] 
 *                    F            [new_pspace] 
 *                    F            [virtonly] 
 *                    F            [realonly] 
 *                    T            [spira] 
 *                    F            [noglue] 
 *                    F            [ggonly] 
 *                    F            [gqonly] 
 *                    F            [omitgg] 
 *                    F            [vanillafiles] 
 *                    1            [nmin] 
 *                    2            [nmax] 
 *                    T            [clustering] 
 *                    F            [realwt] 
 *                    0            [colourchoice] 
 *               0.0100            [rtsmin] 
 *               0.0001            [cutoff] 
 *               0.1000            [aii] 
 *               0.1000            [aif] 
 *               0.1000            [afi] 
 *               1.0000            [aff] 
 *               1.0000            [bfi] 
 *               1.0000            [bff] 

 Chooser:process chosen by nproc=         131

 *************************** f(p1)+f(p2) --> ******************************************
 * Z^0(e^-(p3)+e^+(p4)) + Z^0(mu^-(p5)+mu^+(p6) [gg only, (H + gg->ZZ) squared]       *
 **************************************************************************************

 ************** Electroweak parameters **************
 *                                                  *
 *  zmass(+)   91.1876000     wmass(+)  80.3980000  *
 * zwidth(+)    2.4952000    wwidth(+)   2.1054000  *
 *     Gf(+) 0.116639D-04   1/aemmz    132.3384323  *
 *     xw       0.2226459      mtop(+) 173.2000000  *
 *   gwsq       0.4264904       esq      0.0949563  *
 * top width    1.4743080 (LO)                      *
 *    mb        4.7500000        mc      1.5000000  *
 *                                                  *
 * Parameters marked (+) are input, others derived  *
 ****************************************************

 ****************** Higgs parameters ****************
 *                                                  *
 *   mass(H) =  126.00      width(H) =  0.43070E-02 *
 *                                                  *
 *              Br( H -> b bbar)  =   0.56954       *
 *              Br( H -> tau tau) =   0.06056       *
 *              Br( H -> W W)     =   0.00000       *
 *              Br( H -> Z Z)     =   0.00000       *
 *              Br( H -> gam gam) =   0.00235       *
 *              Br( H -> Z gam)   =   0.00164       *
 ****************************************************
 *                                                  *
 * Note: branching ratios reported here can be > 1  *
 *       since the total Higgs width is calculated  *
 *       at NLO but the BR calculation uses a       *
 *       partial width at LO only.                  *
 *                                                  *
 ****************************************************

 WARNING: Higgs decay H->ZZ is below threshold and
 may not yield sensible results - check the number
 of integration points

 ***************** CKM mixing matrix ****************
 *                                                  *
 *      Vud=.97500    Vus=.22200    Vub=0.0000      *
 *      Vcd=.22200    Vcs=.97500    Vcb=0.0000      *
 ****************************************************

 ************* Strong coupling, alpha_s  ************
 *                                                  *
 *  Dynamic scale - alpha_s changed event-by-event  *
 *       alpha_s (zmass)  0.11800000                *
 *         (using 1-loop running of alpha_s)        *
 ****************************************************

 ****************************************
 *     Cross section in femtobarns      *
 ****************************************


 input parameters for vegas:  ndim= 10  ncall= 472392.
                              it=    0  itmx=   20
                              nprn=  0  alph= 1.50
                              mds=  1   nd= 100
                              xl( 1)=   0.000     xu( 1)=   1.000    
                              xl( 2)=   0.000     xu( 2)=   1.000    
                              xl( 3)=   0.000     xu( 3)=   1.000    
                              xl( 4)=   0.000     xu( 4)=   1.000    
                              xl( 5)=   0.000     xu( 5)=   1.000    
                              xl( 6)=   0.000     xu( 6)=   1.000    
                              xl( 7)=   0.000     xu( 7)=   1.000    
                              xl( 8)=   0.000     xu( 8)=   1.000    
                              xl( 9)=   0.000     xu( 9)=   1.000    
                              xl(10)=   0.000     xu(10)=   1.000    

 ****************** Basic mass cuts *****************
 *                                                  *
 *              0.00  <   m34  <  50000.00           *
 *              0.00  <   m56  <  50000.00           *
 ****************************************************
 *********** CMS Higgs Search cuts******
 *                                     *
 *     pt(mu) >           5.00 GeV     *
 *     pt(el) >           7.00 GeV     *
 *     |eta_mu| <         2.40         *
 *     |eta_el| <         2.50         *
 *     m4lmin >         100.00 GeV     *
 *     m2lmin >           4.00 GeV     *
 *     ptleading >       20.00 GeV     *
 *     ptnexttoleading > 10.00 GeV     *
 *     mllnear >         40.00 GeV     *
 *     mllfar >          12.00 GeV     *
 *     mllmax >         120.00 GeV     *
 ***************************************

 ************** Dynamic scale choice ****************
 *                                                  *
 *                 RENORMALIZATION                  *
 *       mu_ren  =  0.50 x m(3456)                  *
 *                                                  *
 *                  FACTORIZATION                   *
 *       mu_fac  =  0.50 x m(3456)                  *
 *                                                  *
 ****************************************************
 ====================================================
   This is QCDLoop - version 1.95                    
   Authors: Keith Ellis and Giulia Zanderighi        
   (ellis@fnal.gov, g.zanderighi1@physics.ox.ac.uk)  
   For details see FERMILAB-PUB-07-633-T,OUTP-07/16P 
   arXiv:0712.1851 [hep-ph], published in            
   JHEP 0802:002,2008.                               
 ====================================================
 ====================================================
   FF 2.0, a package to evaluate one-loop integrals
 written by G. J. van Oldenborgh, NIKHEF-H, Amsterdam
 ====================================================
 for the algorithms used see preprint NIKHEF-H 89/17,
 'New Algorithms for One-loop Integrals', by G.J. van
 Oldenborgh and J.A.M. Vermaseren, published in 
 Zeitschrift fuer Physik C46(1990)425.
 ====================================================
 ffini: precx =    4.4408920985006262E-016
 ffini: precc =    4.4408920985006262E-016
 ffini: xalogm =    4.9406564584124654E-324
 ffini: xclogm =    4.9406564584124654E-324
 ****************************************************
 *                                                  *
 *  gg->ZZ box loop includes gens. 1 and 2          *
 *  gg->ZZ box loop includes bottom quark           *
 *  gg->ZZ box loop includes top quark              *
 *                                                  *
 *  Numer. stability: pt(Z) > 0.100 GeV (gens. 1,2) *
 *  Numer. stability: pt(Z) > 0.100 GeV (b,t loops) *
 *                                                  *
 ****************************************************

************* Integration by Vegas (iteration   1) **************
*                                                               *
*  integral  =  16.950603       accum. integral =  16.950603    *
*  std. dev. = 0.48234693       accum. std. dev = 0.48234693    *
*   max. wt. =   0.238081                                       *
*                                                               *
**************   chi**2/iteration =  0.000       ****************


************* Integration by Vegas (iteration   2) **************
*                                                               *
*  integral  =  19.395537       accum. integral =  17.688357    *
*  std. dev. = 0.73374216       accum. std. dev = 0.40305622    *
*   max. wt. =   0.543333                                       *
*                                                               *
**************   chi**2/iteration =  7.676       ****************


************* Integration by Vegas (iteration   3) **************
*                                                               *
*  integral  =  19.396828       accum. integral =  18.853036    *
*  std. dev. = 0.27540954       accum. std. dev = 0.22739362    *
*   max. wt. =   0.543333                                       *
*                                                               *
**************   chi**2/iteration =  9.951       ****************


************* Integration by Vegas (iteration   4) **************
*                                                               *
*  integral  =  18.966134       accum. integral =  18.956465    *
*  std. dev. = 0.69525969E-01   accum. std. dev = 0.66487625E-01*
*   max. wt. =   0.543333                                       *
*                                                               *
**************   chi**2/iteration =  6.720       ****************


************* Integration by Vegas (iteration   5) **************
*                                                               *
*  integral  =  18.931921       accum. integral =  18.939150    *
*  std. dev. = 0.42962868E-01   accum. std. dev = 0.36084825E-01*
*   max. wt. =   0.543333                                       *
*                                                               *
**************   chi**2/iteration =  5.068       ****************


************* Integration by Vegas (iteration   6) **************
*                                                               *
*  integral  =  18.960618       accum. integral =  18.949315    *
*  std. dev. = 0.38052237E-01   accum. std. dev = 0.26183732E-01*
*   max. wt. =   0.543333                                       *
*                                                               *
**************   chi**2/iteration =  4.090       ****************


************* Integration by Vegas (iteration   7) **************
*                                                               *
*  integral  =  19.030040       accum. integral =  18.976163    *
*  std. dev. = 0.37091900E-01   accum. std. dev = 0.21390938E-01*
*   max. wt. =   0.543333                                       *
*                                                               *
**************   chi**2/iteration =  3.936       ****************


************* Integration by Vegas (iteration   8) **************
*                                                               *
*  integral  =  18.964399       accum. integral =  18.973164    *
*  std. dev. = 0.36574710E-01   accum. std. dev = 0.18464792E-01*
*   max. wt. =   0.543333                                       *
*                                                               *
**************   chi**2/iteration =  3.385       ****************


************* Integration by Vegas (iteration   9) **************
*                                                               *
*  integral  =  18.994213       accum. integral =  18.977140    *
*  std. dev. = 0.38261725E-01   accum. std. dev = 0.16629585E-01*
*   max. wt. =   0.543333                                       *
*                                                               *
**************   chi**2/iteration =  2.993       ****************


************* Integration by Vegas (iteration  10) **************
*                                                               *
*  integral  =  19.022249       accum. integral =  18.984609    *
*  std. dev. = 0.37332567E-01   accum. std. dev = 0.15190664E-01*
*   max. wt. =   0.543333                                       *
*                                                               *
**************   chi**2/iteration =  2.796       ****************


************* Integration by Vegas (iteration  11) **************
*                                                               *
*  integral  =  18.919447       accum. integral =  18.974793    *
*  std. dev. = 0.36071650E-01   accum. std. dev = 0.13999892E-01*
*   max. wt. =   0.543333                                       *
*                                                               *
**************   chi**2/iteration =  2.794       ****************


************* Integration by Vegas (iteration  12) **************
*                                                               *
*  integral  =  18.925292       accum. integral =  18.968367    *
*  std. dev. = 0.36246048E-01   accum. std. dev = 0.13059590E-01*
*   max. wt. =   0.543333                                       *
*                                                               *
**************   chi**2/iteration =  2.687       ****************


************* Integration by Vegas (iteration  13) **************
*                                                               *
*  integral  =  18.971908       accum. integral =  18.968752    *
*  std. dev. = 0.37427812E-01   accum. std. dev = 0.12330521E-01*
*   max. wt. =   0.543333                                       *
*                                                               *
**************   chi**2/iteration =  2.464       ****************


************* Integration by Vegas (iteration  14) **************
*                                                               *
*  integral  =  18.964689       accum. integral =  18.968341    *
*  std. dev. = 0.36794252E-01   accum. std. dev = 0.11691475E-01*
*   max. wt. =   0.543333                                       *
*                                                               *
**************   chi**2/iteration =  2.276       ****************


************* Integration by Vegas (iteration  15) **************
*                                                               *
*  integral  =  19.010296       accum. integral =  18.971496    *
*  std. dev. = 0.41000430E-01   accum. std. dev = 0.11243293E-01*
*   max. wt. =   0.543333                                       *
*                                                               *
**************   chi**2/iteration =  2.182       ****************


************* Integration by Vegas (iteration  16) **************
*                                                               *
*  integral  =  18.962182       accum. integral =  18.970801    *
*  std. dev. = 0.39592368E-01   accum. std. dev = 0.10815646E-01*
*   max. wt. =   0.543333                                       *
*                                                               *
**************   chi**2/iteration =  2.040       ****************


************* Integration by Vegas (iteration  17) **************
*                                                               *
*  integral  =  18.980597       accum. integral =  18.971552    *
*  std. dev. = 0.37548704E-01   accum. std. dev = 0.10393086E-01*
*   max. wt. =   0.543333                                       *
*                                                               *
**************   chi**2/iteration =  1.917       ****************


************* Integration by Vegas (iteration  18) **************
*                                                               *
*  integral  =  18.951775       accum. integral =  18.970054    *
*  std. dev. = 0.36307851E-01   accum. std. dev = 0.99917882E-02*
*   max. wt. =   0.543333                                       *
*                                                               *
**************   chi**2/iteration =  1.820       ****************


************* Integration by Vegas (iteration  19) **************
*                                                               *
*  integral  =  18.956282       accum. integral =  18.969122    *
*  std. dev. = 0.37084527E-01   accum. std. dev = 0.96477386E-02*
*   max. wt. =   0.543333                                       *
*                                                               *
**************   chi**2/iteration =  1.726       ****************


************* Integration by Vegas (iteration  20) **************
*                                                               *
*  integral  =  18.950032       accum. integral =  18.967864    *
*  std. dev. = 0.36324175E-01   accum. std. dev = 0.93244513E-02*
*   max. wt. =   0.543333                                       *
*                                                               *
**************   chi**2/iteration =  1.649       ****************


 input parameters for vegas:  ndim= 10  ncall= 472392.
                              it=   21  itmx=   50
                              nprn=  0  alph= 1.50
                              mds=  1   nd= 100
                              xl( 1)=   0.000     xu( 1)=   1.000    
                              xl( 2)=   0.000     xu( 2)=   1.000    
                              xl( 3)=   0.000     xu( 3)=   1.000    
                              xl( 4)=   0.000     xu( 4)=   1.000    
                              xl( 5)=   0.000     xu( 5)=   1.000    
                              xl( 6)=   0.000     xu( 6)=   1.000    
                              xl( 7)=   0.000     xu( 7)=   1.000    
                              xl( 8)=   0.000     xu( 8)=   1.000    
                              xl( 9)=   0.000     xu( 9)=   1.000    
                              xl(10)=   0.000     xu(10)=   1.000    

************* Integration by Vegas (iteration   1) **************
*                                                               *
*  integral  =  18.965057       accum. integral =  18.965057    *
*  std. dev. = 0.37160876E-01   accum. std. dev = 0.37160876E-01*
*   max. wt. =   0.489076E-02                                   *
*                                                               *
**************   chi**2/iteration =  0.000       ****************

 Writing out intermediate results for iteration           1

************* Integration by Vegas (iteration   2) **************
*                                                               *
*  integral  =  18.962357       accum. integral =  18.963695    *
*  std. dev. = 0.36818683E-01   accum. std. dev = 0.26154884E-01*
*   max. wt. =   0.489076E-02                                   *
*                                                               *
**************   chi**2/iteration = 0.2638E-02   ****************

 Writing out intermediate results for iteration           2

************* Integration by Vegas (iteration   3) **************
*                                                               *
*  integral  =  18.990270       accum. integral =  18.972417    *
*  std. dev. = 0.37419788E-01   accum. std. dev = 0.21437399E-01*
*   max. wt. =   0.489076E-02                                   *
*                                                               *
**************   chi**2/iteration = 0.1699       ****************

 Writing out intermediate results for iteration           3

************* Integration by Vegas (iteration   4) **************
*                                                               *
*  integral  =  18.973031       accum. integral =  18.972545    *
*  std. dev. = 0.41654594E-01   accum. std. dev = 0.19061218E-01*
*   max. wt. =   0.186644E-01                                   *
*                                                               *
**************   chi**2/iteration = 0.1135       ****************

 Writing out intermediate results for iteration           4

************* Integration by Vegas (iteration   5) **************
*                                                               *
*  integral  =  18.977628       accum. integral =  18.973401    *
*  std. dev. = 0.42355596E-01   accum. std. dev = 0.17382150E-01*
*   max. wt. =   0.186644E-01                                   *
*                                                               *
**************   chi**2/iteration = 0.8819E-01   ****************

 Writing out intermediate results for iteration           5

************* Integration by Vegas (iteration   6) **************
*                                                               *
*  integral  =  18.964961       accum. integral =  18.972024    *
*  std. dev. = 0.39368363E-01   accum. std. dev = 0.15901186E-01*
*   max. wt. =   0.186644E-01                                   *
*                                                               *
**************   chi**2/iteration = 0.7826E-01   ****************

 Writing out intermediate results for iteration           6

************* Integration by Vegas (iteration   7) **************
*                                                               *
*  integral  =  19.010781       accum. integral =  18.977744    *
*  std. dev. = 0.38217100E-01   accum. std. dev = 0.14681099E-01*
*   max. wt. =   0.186644E-01                                   *
*                                                               *
**************   chi**2/iteration = 0.2111       ****************

 Writing out intermediate results for iteration           7

************* Integration by Vegas (iteration   8) **************
*                                                               *
*  integral  =  18.958609       accum. integral =  18.975208    *
*  std. dev. = 0.37563302E-01   accum. std. dev = 0.13673839E-01*
*   max. wt. =   0.186644E-01                                   *
*                                                               *
**************   chi**2/iteration = 0.2131       ****************

 Writing out intermediate results for iteration           8

************* Integration by Vegas (iteration   9) **************
*                                                               *
*  integral  =  18.861694       accum. integral =  18.961778    *
*  std. dev. = 0.37327385E-01   accum. std. dev = 0.12839474E-01*
*   max. wt. =   0.186644E-01                                   *
*                                                               *
**************   chi**2/iteration =  1.204       ****************

 Writing out intermediate results for iteration           9

************* Integration by Vegas (iteration  10) **************
*                                                               *
*  integral  =  18.947968       accum. integral =  18.960361    *
*  std. dev. = 0.37979988E-01   accum. std. dev = 0.12163241E-01*
*   max. wt. =   0.186644E-01                                   *
*                                                               *
**************   chi**2/iteration =  1.084       ****************

 Writing out intermediate results for iteration          10

************* Integration by Vegas (iteration  11) **************
*                                                               *
*  integral  =  19.020390       accum. integral =  18.965810    *
*  std. dev. = 0.38497184E-01   accum. std. dev = 0.11598116E-01*
*   max. wt. =   0.186644E-01                                   *
*                                                               *
**************   chi**2/iteration =  1.197       ****************

 Writing out intermediate results for iteration          11

************* Integration by Vegas (iteration  12) **************
*                                                               *
*  integral  =  18.893023       accum. integral =  18.959694    *
*  std. dev. = 0.38295533E-01   accum. std. dev = 0.11100210E-01*
*   max. wt. =   0.186644E-01                                   *
*                                                               *
**************   chi**2/iteration =  1.388       ****************

 Writing out intermediate results for iteration          12

************* Integration by Vegas (iteration  13) **************
*                                                               *
*  integral  =  18.950954       accum. integral =  18.959059    *
*  std. dev. = 0.39638313E-01   accum. std. dev = 0.10688999E-01*
*   max. wt. =   0.186644E-01                                   *
*                                                               *
**************   chi**2/iteration =  1.277       ****************

 Writing out intermediate results for iteration          13

************* Integration by Vegas (iteration  14) **************
*                                                               *
*  integral  =  18.962771       accum. integral =  18.959304    *
*  std. dev. = 0.40204574E-01   accum. std. dev = 0.10330143E-01*
*   max. wt. =   0.186644E-01                                   *
*                                                               *
**************   chi**2/iteration =  1.179       ****************

 Writing out intermediate results for iteration          14

************* Integration by Vegas (iteration  15) **************
*                                                               *
*  integral  =  18.974167       accum. integral =  18.960236    *
*  std. dev. = 0.39933479E-01   accum. std. dev = 0.10000943E-01*
*   max. wt. =   0.186644E-01                                   *
*                                                               *
**************   chi**2/iteration =  1.104       ****************

 Writing out intermediate results for iteration          15

************* Integration by Vegas (iteration  16) **************
*                                                               *
*  integral  =  18.974106       accum. integral =  18.961029    *
*  std. dev. = 0.40626462E-01   accum. std. dev = 0.97110319E-02*
*   max. wt. =   0.186644E-01                                   *
*                                                               *
**************   chi**2/iteration =  1.038       ****************

 Writing out intermediate results for iteration          16

************* Integration by Vegas (iteration  17) **************
*                                                               *
*  integral  =  18.998612       accum. integral =  18.963215    *
*  std. dev. = 0.39076003E-01   accum. std. dev = 0.94243652E-02*
*   max. wt. =   0.186644E-01                                   *
*                                                               *
**************   chi**2/iteration =  1.027       ****************

 Writing out intermediate results for iteration          17

************* Integration by Vegas (iteration  18) **************
*                                                               *
*  integral  =  18.962001       accum. integral =  18.963146    *
*  std. dev. = 0.38354277E-01   accum. std. dev = 0.91521222E-02*
*   max. wt. =   0.186644E-01                                   *
*                                                               *
**************   chi**2/iteration = 0.9671       ****************

 Writing out intermediate results for iteration          18

************* Integration by Vegas (iteration  19) **************
*                                                               *
*  integral  =  18.973928       accum. integral =  18.963729    *
*  std. dev. = 0.38252787E-01   accum. std. dev = 0.89009126E-02*
*   max. wt. =   0.186644E-01                                   *
*                                                               *
**************   chi**2/iteration = 0.9176       ****************

 Writing out intermediate results for iteration          19

************* Integration by Vegas (iteration  20) **************
*                                                               *
*  integral  =  18.975284       accum. integral =  18.964315    *
*  std. dev. = 0.38540392E-01   accum. std. dev = 0.86726268E-02*
*   max. wt. =   0.186644E-01                                   *
*                                                               *
**************   chi**2/iteration = 0.8738       ****************

 Writing out intermediate results for iteration          20

************* Integration by Vegas (iteration  21) **************
*                                                               *
*  integral  =  18.954265       accum. integral =  18.963833    *
*  std. dev. = 0.38657259E-01   accum. std. dev = 0.84622817E-02*
*   max. wt. =   0.186644E-01                                   *
*                                                               *
**************   chi**2/iteration = 0.8334       ****************

 Writing out intermediate results for iteration          21

************* Integration by Vegas (iteration  22) **************
*                                                               *
*  integral  =  19.038944       accum. integral =  18.967026    *
*  std. dev. = 0.40159062E-01   accum. std. dev = 0.82804420E-02*
*   max. wt. =   0.186644E-01                                   *
*                                                               *
**************   chi**2/iteration = 0.9531       ****************

 Writing out intermediate results for iteration          22

************* Integration by Vegas (iteration  23) **************
*                                                               *
*  integral  =  19.050028       accum. integral =  18.969679    *
*  std. dev. = 0.45575876E-01   accum. std. dev = 0.81470690E-02*
*   max. wt. =   0.206504E-01                                   *
*                                                               *
**************   chi**2/iteration =  1.056       ****************

 Writing out intermediate results for iteration          23

************* Integration by Vegas (iteration  24) **************
*                                                               *
*  integral  =  19.042932       accum. integral =  18.972276    *
*  std. dev. = 0.42494539E-01   accum. std. dev = 0.80013444E-02*
*   max. wt. =   0.206504E-01                                   *
*                                                               *
**************   chi**2/iteration =  1.134       ****************

 Writing out intermediate results for iteration          24

************* Integration by Vegas (iteration  25) **************
*                                                               *
*  integral  =  18.957699       accum. integral =  18.971779    *
*  std. dev. = 0.42611035E-01   accum. std. dev = 0.78639050E-02*
*   max. wt. =   0.206504E-01                                   *
*                                                               *
**************   chi**2/iteration =  1.092       ****************

 Writing out intermediate results for iteration          25

************* Integration by Vegas (iteration  26) **************
*                                                               *
*  integral  =  18.901065       accum. integral =  18.969347    *
*  std. dev. = 0.41665588E-01   accum. std. dev = 0.77274743E-02*
*   max. wt. =   0.206504E-01                                   *
*                                                               *
**************   chi**2/iteration =  1.159       ****************

 Writing out intermediate results for iteration          26

************* Integration by Vegas (iteration  27) **************
*                                                               *
*  integral  =  18.963053       accum. integral =  18.969114    *
*  std. dev. = 0.39430176E-01   accum. std. dev = 0.75832196E-02*
*   max. wt. =   0.206504E-01                                   *
*                                                               *
**************   chi**2/iteration =  1.116       ****************

 Writing out intermediate results for iteration          27

************* Integration by Vegas (iteration  28) **************
*                                                               *
*  integral  =  18.992311       accum. integral =  18.969987    *
*  std. dev. = 0.38343991E-01   accum. std. dev = 0.74391343E-02*
*   max. wt. =   0.206504E-01                                   *
*                                                               *
**************   chi**2/iteration =  1.087       ****************

 Writing out intermediate results for iteration          28

************* Integration by Vegas (iteration  29) **************
*                                                               *
*  integral  =  19.005843       accum. integral =  18.971222    *
*  std. dev. = 0.39389734E-01   accum. std. dev = 0.73099116E-02*
*   max. wt. =   0.206504E-01                                   *
*                                                               *
**************   chi**2/iteration =  1.077       ****************

 Writing out intermediate results for iteration          29

************* Integration by Vegas (iteration  30) **************
*                                                               *
*  integral  =  19.002912       accum. integral =  18.972247    *
*  std. dev. = 0.39981768E-01   accum. std. dev = 0.71907166E-02*
*   max. wt. =   0.206504E-01                                   *
*                                                               *
**************   chi**2/iteration =  1.061       ****************

 Writing out intermediate results for iteration          30

************* Integration by Vegas (iteration  31) **************
*                                                               *
*  integral  =  19.002917       accum. integral =  18.973269    *
*  std. dev. = 0.38740653E-01   accum. std. dev = 0.70699618E-02*
*   max. wt. =   0.206504E-01                                   *
*                                                               *
**************   chi**2/iteration =  1.046       ****************

 Writing out intermediate results for iteration          31

************* Integration by Vegas (iteration  32) **************
*                                                               *
*  integral  =  18.971864       accum. integral =  18.973223    *
*  std. dev. = 0.38465162E-01   accum. std. dev = 0.69534825E-02*
*   max. wt. =   0.206504E-01                                   *
*                                                               *
**************   chi**2/iteration =  1.012       ****************

 Writing out intermediate results for iteration          32

************* Integration by Vegas (iteration  33) **************
*                                                               *
*  integral  =  18.977868       accum. integral =  18.973369    *
*  std. dev. = 0.38521466E-01   accum. std. dev = 0.68428930E-02*
*   max. wt. =   0.206504E-01                                   *
*                                                               *
**************   chi**2/iteration = 0.9810       ****************

 Writing out intermediate results for iteration          33

************* Integration by Vegas (iteration  34) **************
*                                                               *
*  integral  =  18.971058       accum. integral =  18.973299    *
*  std. dev. = 0.38617593E-01   accum. std. dev = 0.67379301E-02*
*   max. wt. =   0.206504E-01                                   *
*                                                               *
**************   chi**2/iteration = 0.9514       ****************

 Writing out intermediate results for iteration          34

************* Integration by Vegas (iteration  35) **************
*                                                               *
*  integral  =  18.917026       accum. integral =  18.971637    *
*  std. dev. = 0.38629438E-01   accum. std. dev = 0.66377137E-02*
*   max. wt. =   0.206504E-01                                   *
*                                                               *
**************   chi**2/iteration = 0.9840       ****************

 Writing out intermediate results for iteration          35

************* Integration by Vegas (iteration  36) **************
*                                                               *
*  integral  =  18.945032       accum. integral =  18.970864    *
*  std. dev. = 0.38349539E-01   accum. std. dev = 0.65404662E-02*
*   max. wt. =   0.206504E-01                                   *
*                                                               *
**************   chi**2/iteration = 0.9692       ****************

 Writing out intermediate results for iteration          36

************* Integration by Vegas (iteration  37) **************
*                                                               *
*  integral  =  18.989630       accum. integral =  18.971177    *
*  std. dev. = 0.50175896E-01   accum. std. dev = 0.64855988E-02*
*   max. wt. =   0.230921E-01                                   *
*                                                               *
**************   chi**2/iteration = 0.9461       ****************

 Writing out intermediate results for iteration          37

************* Integration by Vegas (iteration  38) **************
*                                                               *
*  integral  =  18.940126       accum. integral =  18.970596    *
*  std. dev. = 0.46983377E-01   accum. std. dev = 0.64246762E-02*
*   max. wt. =   0.230921E-01                                   *
*                                                               *
**************   chi**2/iteration = 0.9322       ****************

 Writing out intermediate results for iteration          38

************* Integration by Vegas (iteration  39) **************
*                                                               *
*  integral  =  19.040992       accum. integral =  18.972305    *
*  std. dev. = 0.40740180E-01   accum. std. dev = 0.63462487E-02*
*   max. wt. =   0.230921E-01                                   *
*                                                               *
**************   chi**2/iteration = 0.9843       ****************

 Writing out intermediate results for iteration          39

************* Integration by Vegas (iteration  40) **************
*                                                               *
*  integral  =  18.954656       accum. integral =  18.971855    *
*  std. dev. = 0.39271148E-01   accum. std. dev = 0.62649716E-02*
*   max. wt. =   0.230921E-01                                   *
*                                                               *
**************   chi**2/iteration = 0.9641       ****************

 Writing out intermediate results for iteration          40

************* Integration by Vegas (iteration  41) **************
*                                                               *
*  integral  =  18.958710       accum. integral =  18.971534    *
*  std. dev. = 0.39560114E-01   accum. std. dev = 0.61878572E-02*
*   max. wt. =   0.230921E-01                                   *
*                                                               *
**************   chi**2/iteration = 0.9427       ****************

 Writing out intermediate results for iteration          41

************* Integration by Vegas (iteration  42) **************
*                                                               *
*  integral  =  19.004568       accum. integral =  18.972304    *
*  std. dev. = 0.40037669E-01   accum. std. dev = 0.61152538E-02*
*   max. wt. =   0.230921E-01                                   *
*                                                               *
**************   chi**2/iteration = 0.9359       ****************

 Writing out intermediate results for iteration          42

************* Integration by Vegas (iteration  43) **************
*                                                               *
*  integral  =  18.984395       accum. integral =  18.972590    *
*  std. dev. = 0.39313016E-01   accum. std. dev = 0.60425854E-02*
*   max. wt. =   0.230921E-01                                   *
*                                                               *
**************   chi**2/iteration = 0.9158       ****************

 Writing out intermediate results for iteration          43

************* Integration by Vegas (iteration  44) **************
*                                                               *
*  integral  =  18.916663       accum. integral =  18.971229    *
*  std. dev. = 0.38255870E-01   accum. std. dev = 0.59685895E-02*
*   max. wt. =   0.230921E-01                                   *
*                                                               *
**************   chi**2/iteration = 0.9430       ****************

 Writing out intermediate results for iteration          44

************* Integration by Vegas (iteration  45) **************
*                                                               *
*  integral  =  19.031511       accum. integral =  18.972572    *
*  std. dev. = 0.39530770E-01   accum. std. dev = 0.59016988E-02*
*   max. wt. =   0.230921E-01                                   *
*                                                               *
**************   chi**2/iteration = 0.9732       ****************

 Writing out intermediate results for iteration          45

************* Integration by Vegas (iteration  46) **************
*                                                               *
*  integral  =  18.947898       accum. integral =  18.972017    *
*  std. dev. = 0.38885065E-01   accum. std. dev = 0.58348782E-02*
*   max. wt. =   0.230921E-01                                   *
*                                                               *
**************   chi**2/iteration = 0.9604       ****************

 Writing out intermediate results for iteration          46

************* Integration by Vegas (iteration  47) **************
*                                                               *
*  integral  =  18.980510       accum. integral =  18.972204    *
*  std. dev. = 0.38890566E-01   accum. std. dev = 0.57702950E-02*
*   max. wt. =   0.230921E-01                                   *
*                                                               *
**************   chi**2/iteration = 0.9405       ****************

 Writing out intermediate results for iteration          47

************* Integration by Vegas (iteration  48) **************
*                                                               *
*  integral  =  18.918015       accum. integral =  18.971031    *
*  std. dev. = 0.38792942E-01   accum. std. dev = 0.57075002E-02*
*   max. wt. =   0.230921E-01                                   *
*                                                               *
**************   chi**2/iteration = 0.9611       ****************

 Writing out intermediate results for iteration          48

************* Integration by Vegas (iteration  49) **************
*                                                               *
*  integral  =  18.951724       accum. integral =  18.970624    *
*  std. dev. = 0.38896626E-01   accum. std. dev = 0.56470303E-02*
*   max. wt. =   0.230921E-01                                   *
*                                                               *
**************   chi**2/iteration = 0.9461       ****************

 Writing out intermediate results for iteration          49

************* Integration by Vegas (iteration  50) **************
*                                                               *
*  integral  =  18.948796       accum. integral =  18.970183    *
*  std. dev. = 0.39311811E-01   accum. std. dev = 0.55896549E-02*
*   max. wt. =   0.230921E-01                                   *
*                                                               *
**************   chi**2/iteration = 0.9330       ****************


Value of final lord integral is       18.9702 +/-     0.0056 fb

 Total number of shots       :     23619600
 Total no. failing cuts      :      9017195
 Number failing jet cuts     :            0
 Number failing process cuts :            0

   Jet efficiency : 100.00%
   Cut efficiency : 100.00%
 Total efficiency : 100.00%

 Contribution from parton sub-processes:
 ---------------------------------------
       GG     |          18.97018  100.00%
       GQ     |           0.00000    0.00%
       GQB    |           0.00000    0.00%
       QG     |           0.00000    0.00%
       QBG    |           0.00000    0.00%
       QQ     |           0.00000    0.00%
       QBQB   |           0.00000    0.00%
       QQB    |           0.00000    0.00%
       QBQ    |           0.00000    0.00%
 ---------------------------------------

 ****************************************************
 output files  E_var/E_50/CTEQ/HHTOP/ggZZ4l_lord_cteq6_l_0___0___126_131_run_50
 ****************************************************
