 ************** MCFM - version 6.8 ****************
 *                                                *
 * MCFM, v6.8                   April 26th, 2014  *
 *                                                *
 * Authors: John Campbell, Keith Ellis,           *
 *          Ciaran Williams                       *
 *         (johnmc@fnal.gov, ellis@fnal.gov,      *
 *          ciaran@fnal.gov)                      *
 *                                                *
 * For details see:                               *
 *                                                *
 *  arXiv:1403.2641 (Triphoton production)        *
 *  arXiv:1312.1628 (gg->WW, Higgs interference)  *
 *  arXiv:1311.3589 (gg->ZZ, Higgs interference)  *
 *  Phys.Rev.D87:114006, arXiv:1302.3856          *
 *  (tZ, tH -- with R. Rontsch)                   *
 *  arXiv:1211.6390 (DM, P. Fox and C. Williams)  *
 *  JHEP 1211:162 (2012), arXiv:1208.0566         *
 *  (Z+gam+jet,Z+gam+gam -- with H. Hartanto)     *
 *  arXiv:1204.1513 (top production+decay)        *
 *  JHEP 1207:052 (2012), arXiv:1204.5678 (ttW)   *
 *  JHEP 1110:005 (2011), arXiv:1107.5569         *
 *         (gg->WW,Higgs intference)              *
 *  JHEP 1107:018 (2011), arXiv:1105.0020         *
 *         (diboson update)                       *
 *  JHEP 1103:027 (2011), arXiv:1011.6647         *
 *         (Wbb for mb>0, with S. Badger)         *
 *  Phys.Rev.D81:074023, arXiv:1001.4495 (H+2jet) *
 *                                                *
 *  P.R.L. 102:142001, arXiv:0903.0005 [hep-ph]   *
 *    (t-channel single top + explicit b,         *
 *      JC, R.Frederix, F.Maltoni, F.Tramontano)  *
 *  N.P.B 726:109(2005), hep-ph/0506289 (W+t)     *
 *  Phys.Rev.D70:094012, hep-ph/0408158 (Sngl Top)*
 *       (with Francesco Tramontano)              *
 *                                                *
 *  Phys.Rev.D65:113007, hep-ph/0202176 (W,Z+2j)  *
 *  Phys.Rev.D62:114012, hep-ph/0006304 (W,Z+bb)  *
 *  Phys.Rev.D60:113006, hep-ph/9905386 (diboson) *
 *                                                *
 * On the web:  http://mcfm.fnal.gov/             *
 **************************************************

 * Using input file named E_var/E_33/MSTW/HHTOP/input_131_33.DAT                                  

 * [Flags to specify the mode in which MCFM is run]                                          
 *                   -1            [nevtrequested] 
 *                    F            [creatent] 
 *                    F            [skipnt] 
 *                    F            [dswhisto] 
 *                    F            [creategrid] 
 *                    T            [writetop] 
 *                    T            [writedat] 
 *                    T            [writegnu] 
 *                    T            [writeroot] 
 *                    F            [writepwg] 

 * [General options to specify the process and execution]                                    
 *                  131            [nproc] 
 *                 lord            [part] 
 * 131_run_33                      [runstring] 
 *           33000.0000            [sqrts] 
 *                    1            [ih1] 
 *                    1            [ih2] 
 *             126.0000            [hmass] 
 *               0.5000            [scale] 
 *               0.5000            [facscale] 
 * m(3456)                         [dynamicscale] 
 *                    F            [zerowidth] 
 *                    F            [removebr] 
 *                   20            [itmx1] 
 *               500000            [ncall1] 
 *                   50            [itmx2] 
 *               500000            [ncall2] 
 *                 2020            [ij] 
 *                    F            [dryrun] 
 *                    T            [Qflag] 
 *                    T            [Gflag] 

 * [Heavy quark masses]                                                                      
 *             173.2000            [top mass] 
 *               4.7500            [bottom mass] 
 *               1.5000            [charm mass] 

 * [Pdf selection]                                                                           
 *              mstw8lo            [pdlabel] 
 *                    4            [NGROUP] 
 *                   46            [NSET] 
 * cteq6mE.LHgrid                  [LHAPDF group] 
 *                   -1            [LHAPDF set] 

 * [Jet definition and event cuts]                                                           
 *               0.0000            [m34min] 
 *           33000.0000            [m34max] 
 *               0.0000            [m56min] 
 *           33000.0000            [m56max] 
 *                    T            [inclusive] 
 *                 ankt            [algorithm] 
 *              15.0000            [ptjetmin] 
 *               0.0000            [etajetmin] 
 *               5.0000            [etajetmax] 
 *               0.5000            [Rcut] 
 *                    T            [makecuts] 
 *               0.0000            [leptpt] 
 *              99.0000            [leptrap] 
 *    0.000,   0.000                [leptveto] 
 *               0.0000            [misspt] 
 *               0.0000            [leptpt2] 
 *              99.0000            [leptrap2] 
 *    0.000,   0.000                [leptveto2] 
 *               0.0000            [mtrans34cut] 
 *               0.0000            [Rjlmin] 
 *               0.0000            [Rllmin] 
 *               0.0000            [delyjjmin] 
 *                    F            [jetsopphem] 
 *                    0            [lbjscheme] 
 *               0.0000            [ptbjetmin] 
 *              99.0000            [etabjetmax] 

 * [Settings for photon processes]                                                           
 *                    F            [frag] 
 *             GdRG__LO            [fragset] 
 *              80.0000            [frag_scale] 
 *              20.0000            [gammpt] 
 *               2.5000            [gammrap] 
 *              20.0000            [gammpt2] 
 *              20.0000            [gammpt3] 
 *               0.0000            [Rgalmin] 
 *               0.4000            [Rgagamin] 
 *               0.4000            [Rgajetmin] 
 *               0.4000            [cone_ang] 
 *               0.5000            [epsilon_h] 

 * [Anomalous couplings of the W and Z]                                                      
 *               0.0000            [delg1_z] 
 *               0.0000            [delk_z] 
 *               0.0000            [delk_g] 
 *               0.0000            [lambda_z] 
 *               0.0000            [lambda_g] 
 *               0.0000            [h1Z] 
 *               0.0000            [h1gam] 
 *               0.0000            [h2Z] 
 *               0.0000            [h2gam] 
 *               0.0000            [h3Z] 
 *               0.0000            [h3gam] 
 *               0.0000            [h4Z] 
 *               0.0000            [h4gam] 
 *               2.0000            [tevscale] 

 * [Anomalous width of the Higgs]                                                            
 *               1.0000            [Gamma_H/Gamma_H(SM)] 

 * [How to resume/save a run]                                                                
 *                    F            [readin] 
 *                    F            [writeout] 
 *                                 [ingridfile] 
 *                                 [outgridfile] 

 * [Technical parameters that should not normally be changed]

 *                    F            [debug] 
 *                    T            [verbose] 
 *                    F            [new_pspace] 
 *                    F            [virtonly] 
 *                    F            [realonly] 
 *                    T            [spira] 
 *                    F            [noglue] 
 *                    F            [ggonly] 
 *                    F            [gqonly] 
 *                    F            [omitgg] 
 *                    F            [vanillafiles] 
 *                    1            [nmin] 
 *                    2            [nmax] 
 *                    T            [clustering] 
 *                    F            [realwt] 
 *                    0            [colourchoice] 
 *               0.0100            [rtsmin] 
 *               0.0001            [cutoff] 
 *               0.1000            [aii] 
 *               0.1000            [aif] 
 *               0.1000            [afi] 
 *               1.0000            [aff] 
 *               1.0000            [bfi] 
 *               1.0000            [bff] 

 Chooser:process chosen by nproc=         131

 *************************** f(p1)+f(p2) --> ******************************************
 * Z^0(e^-(p3)+e^+(p4)) + Z^0(mu^-(p5)+mu^+(p6) [gg only, (H + gg->ZZ) squared]       *
 **************************************************************************************

 ************** Electroweak parameters **************
 *                                                  *
 *  zmass(+)   91.1876000     wmass(+)  80.3980000  *
 * zwidth(+)    2.4952000    wwidth(+)   2.1054000  *
 *     Gf(+) 0.116639D-04   1/aemmz    132.3384323  *
 *     xw       0.2226459      mtop(+) 173.2000000  *
 *   gwsq       0.4264904       esq      0.0949563  *
 * top width    1.4743080 (LO)                      *
 *    mb        4.7500000        mc      1.5000000  *
 *                                                  *
 * Parameters marked (+) are input, others derived  *
 ****************************************************

 ****************** Higgs parameters ****************
 *                                                  *
 *   mass(H) =  126.00      width(H) =  0.43070E-02 *
 *                                                  *
 *              Br( H -> b bbar)  =   0.48164       *
 *              Br( H -> tau tau) =   0.06056       *
 *              Br( H -> W W)     =   0.00000       *
 *              Br( H -> Z Z)     =   0.00000       *
 *              Br( H -> gam gam) =   0.00235       *
 *              Br( H -> Z gam)   =   0.00164       *
 ****************************************************
 *                                                  *
 * Note: branching ratios reported here can be > 1  *
 *       since the total Higgs width is calculated  *
 *       at NLO but the BR calculation uses a       *
 *       partial width at LO only.                  *
 *                                                  *
 ****************************************************

 WARNING: Higgs decay H->ZZ is below threshold and
 may not yield sensible results - check the number
 of integration points

 ***************** CKM mixing matrix ****************
 *                                                  *
 *      Vud=.97500    Vus=.22200    Vub=0.0000      *
 *      Vcd=.22200    Vcs=.97500    Vcb=0.0000      *
 ****************************************************

 ************* Strong coupling, alpha_s  ************
 *                                                  *
 *  Dynamic scale - alpha_s changed event-by-event  *
 *       alpha_s (zmass)  0.13939000                *
 *         (using 1-loop running of alpha_s)        *
 ****************************************************

 ****************************************
 *     Cross section in femtobarns      *
 ****************************************


 input parameters for vegas:  ndim= 10  ncall= 472392.
                              it=    0  itmx=   20
                              nprn=  0  alph= 1.50
                              mds=  1   nd= 100
                              xl( 1)=   0.000     xu( 1)=   1.000    
                              xl( 2)=   0.000     xu( 2)=   1.000    
                              xl( 3)=   0.000     xu( 3)=   1.000    
                              xl( 4)=   0.000     xu( 4)=   1.000    
                              xl( 5)=   0.000     xu( 5)=   1.000    
                              xl( 6)=   0.000     xu( 6)=   1.000    
                              xl( 7)=   0.000     xu( 7)=   1.000    
                              xl( 8)=   0.000     xu( 8)=   1.000    
                              xl( 9)=   0.000     xu( 9)=   1.000    
                              xl(10)=   0.000     xu(10)=   1.000    

 ****************** Basic mass cuts *****************
 *                                                  *
 *              0.00  <   m34  <  33000.00           *
 *              0.00  <   m56  <  33000.00           *
 ****************************************************
 *********** CMS Higgs Search cuts******
 *                                     *
 *     pt(mu) >           5.00 GeV     *
 *     pt(el) >           7.00 GeV     *
 *     |eta_mu| <         2.40         *
 *     |eta_el| <         2.50         *
 *     m4lmin >         100.00 GeV     *
 *     m2lmin >           4.00 GeV     *
 *     ptleading >       20.00 GeV     *
 *     ptnexttoleading > 10.00 GeV     *
 *     mllnear >         40.00 GeV     *
 *     mllfar >          12.00 GeV     *
 *     mllmax >         120.00 GeV     *
 ***************************************

 ************** Dynamic scale choice ****************
 *                                                  *
 *                 RENORMALIZATION                  *
 *       mu_ren  =  0.50 x m(3456)                  *
 *                                                  *
 *                  FACTORIZATION                   *
 *       mu_fac  =  0.50 x m(3456)                  *
 *                                                  *
 ****************************************************
 ====================================================
   This is QCDLoop - version 1.95                    
   Authors: Keith Ellis and Giulia Zanderighi        
   (ellis@fnal.gov, g.zanderighi1@physics.ox.ac.uk)  
   For details see FERMILAB-PUB-07-633-T,OUTP-07/16P 
   arXiv:0712.1851 [hep-ph], published in            
   JHEP 0802:002,2008.                               
 ====================================================
 ====================================================
   FF 2.0, a package to evaluate one-loop integrals
 written by G. J. van Oldenborgh, NIKHEF-H, Amsterdam
 ====================================================
 for the algorithms used see preprint NIKHEF-H 89/17,
 'New Algorithms for One-loop Integrals', by G.J. van
 Oldenborgh and J.A.M. Vermaseren, published in 
 Zeitschrift fuer Physik C46(1990)425.
 ====================================================
 ffini: precx =    4.4408920985006262E-016
 ffini: precc =    4.4408920985006262E-016
 ffini: xalogm =    4.9406564584124654E-324
 ffini: xclogm =    4.9406564584124654E-324
 ****************************************************
 *                                                  *
 *  gg->ZZ box loop includes gens. 1 and 2          *
 *  gg->ZZ box loop includes bottom quark           *
 *  gg->ZZ box loop includes top quark              *
 *                                                  *
 *  Numer. stability: pt(Z) > 0.100 GeV (gens. 1,2) *
 *  Numer. stability: pt(Z) > 0.100 GeV (b,t loops) *
 *                                                  *
 ****************************************************
 Reading PDF grid from Pdfdata/mstw2008lo.00.dat

************* Integration by Vegas (iteration   1) **************
*                                                               *
*  integral  =  11.034059       accum. integral =  11.034059    *
*  std. dev. = 0.30819196       accum. std. dev = 0.30819196    *
*   max. wt. =   0.170895                                       *
*                                                               *
**************   chi**2/iteration =  0.000       ****************


************* Integration by Vegas (iteration   2) **************
*                                                               *
*  integral  =  13.374277       accum. integral =  11.407395    *
*  std. dev. = 0.70739256       accum. std. dev = 0.28254153    *
*   max. wt. =   0.464507                                       *
*                                                               *
**************   chi**2/iteration =  9.107       ****************


************* Integration by Vegas (iteration   3) **************
*                                                               *
*  integral  =  12.881001       accum. integral =  12.310074    *
*  std. dev. = 0.22470123       accum. std. dev = 0.17586588    *
*   max. wt. =   0.464507                                       *
*                                                               *
**************   chi**2/iteration =  12.87       ****************


************* Integration by Vegas (iteration   4) **************
*                                                               *
*  integral  =  12.661699       accum. integral =  12.634499    *
*  std. dev. = 0.50922321E-01   accum. std. dev = 0.48913139E-01*
*   max. wt. =   0.464507                                       *
*                                                               *
**************   chi**2/iteration =  9.817       ****************


************* Integration by Vegas (iteration   5) **************
*                                                               *
*  integral  =  12.537956       accum. integral =  12.563473    *
*  std. dev. = 0.29317914E-01   accum. std. dev = 0.25146699E-01*
*   max. wt. =   0.464507                                       *
*                                                               *
**************   chi**2/iteration =  8.084       ****************


************* Integration by Vegas (iteration   6) **************
*                                                               *
*  integral  =  12.515217       accum. integral =  12.539381    *
*  std. dev. = 0.25183855E-01   accum. std. dev = 0.17794523E-01*
*   max. wt. =   0.464507                                       *
*                                                               *
**************   chi**2/iteration =  6.837       ****************


************* Integration by Vegas (iteration   7) **************
*                                                               *
*  integral  =  12.577654       accum. integral =  12.553094    *
*  std. dev. = 0.23813811E-01   accum. std. dev = 0.14254512E-01*
*   max. wt. =   0.464507                                       *
*                                                               *
**************   chi**2/iteration =  5.975       ****************


************* Integration by Vegas (iteration   8) **************
*                                                               *
*  integral  =  12.551631       accum. integral =  12.552720    *
*  std. dev. = 0.24307200E-01   accum. std. dev = 0.12296132E-01*
*   max. wt. =   0.464507                                       *
*                                                               *
**************   chi**2/iteration =  5.123       ****************


************* Integration by Vegas (iteration   9) **************
*                                                               *
*  integral  =  12.558764       accum. integral =  12.553941    *
*  std. dev. = 0.24435569E-01   accum. std. dev = 0.10983872E-01*
*   max. wt. =   0.464507                                       *
*                                                               *
**************   chi**2/iteration =  4.490       ****************


************* Integration by Vegas (iteration  10) **************
*                                                               *
*  integral  =  12.537160       accum. integral =  12.551038    *
*  std. dev. = 0.24015870E-01   accum. std. dev = 0.99887351E-02*
*   max. wt. =   0.464507                                       *
*                                                               *
**************   chi**2/iteration =  4.036       ****************


************* Integration by Vegas (iteration  11) **************
*                                                               *
*  integral  =  12.468052       accum. integral =  12.538350    *
*  std. dev. = 0.23511826E-01   accum. std. dev = 0.91934753E-02*
*   max. wt. =   0.464507                                       *
*                                                               *
**************   chi**2/iteration =  4.687       ****************


************* Integration by Vegas (iteration  12) **************
*                                                               *
*  integral  =  12.497454       accum. integral =  12.533257    *
*  std. dev. = 0.24375841E-01   accum. std. dev = 0.86020088E-02*
*   max. wt. =   0.464507                                       *
*                                                               *
**************   chi**2/iteration =  4.485       ****************


************* Integration by Vegas (iteration  13) **************
*                                                               *
*  integral  =  12.539262       accum. integral =  12.533955    *
*  std. dev. = 0.23721529E-01   accum. std. dev = 0.80867359E-02*
*   max. wt. =   0.464507                                       *
*                                                               *
**************   chi**2/iteration =  4.117       ****************


************* Integration by Vegas (iteration  14) **************
*                                                               *
*  integral  =  12.543319       accum. integral =  12.534890    *
*  std. dev. = 0.24281846E-01   accum. std. dev = 0.76724348E-02*
*   max. wt. =   0.464507                                       *
*                                                               *
**************   chi**2/iteration =  3.811       ****************


************* Integration by Vegas (iteration  15) **************
*                                                               *
*  integral  =  12.521165       accum. integral =  12.533560    *
*  std. dev. = 0.23423670E-01   accum. std. dev = 0.72912610E-02*
*   max. wt. =   0.464507                                       *
*                                                               *
**************   chi**2/iteration =  3.561       ****************


************* Integration by Vegas (iteration  16) **************
*                                                               *
*  integral  =  12.504438       accum. integral =  12.531821    *
*  std. dev. = 0.28931190E-01   accum. std. dev = 0.70701877E-02*
*   max. wt. =   0.464507                                       *
*                                                               *
**************   chi**2/iteration =  3.387       ****************


************* Integration by Vegas (iteration  17) **************
*                                                               *
*  integral  =  12.516497       accum. integral =  12.530883    *
*  std. dev. = 0.27685360E-01   accum. std. dev = 0.68503361E-02*
*   max. wt. =   0.464507                                       *
*                                                               *
**************   chi**2/iteration =  3.193       ****************


************* Integration by Vegas (iteration  18) **************
*                                                               *
*  integral  =  12.515977       accum. integral =  12.529822    *
*  std. dev. = 0.24743852E-01   accum. std. dev = 0.66019985E-02*
*   max. wt. =   0.464507                                       *
*                                                               *
**************   chi**2/iteration =  3.025       ****************


************* Integration by Vegas (iteration  19) **************
*                                                               *
*  integral  =  12.502922       accum. integral =  12.527938    *
*  std. dev. = 0.24058633E-01   accum. std. dev = 0.63666373E-02*
*   max. wt. =   0.464507                                       *
*                                                               *
**************   chi**2/iteration =  2.922       ****************


************* Integration by Vegas (iteration  20) **************
*                                                               *
*  integral  =  12.511377       accum. integral =  12.526879    *
*  std. dev. = 0.24361620E-01   accum. std. dev = 0.61597616E-02*
*   max. wt. =   0.464507                                       *
*                                                               *
**************   chi**2/iteration =  2.791       ****************


 input parameters for vegas:  ndim= 10  ncall= 472392.
                              it=   21  itmx=   50
                              nprn=  0  alph= 1.50
                              mds=  1   nd= 100
                              xl( 1)=   0.000     xu( 1)=   1.000    
                              xl( 2)=   0.000     xu( 2)=   1.000    
                              xl( 3)=   0.000     xu( 3)=   1.000    
                              xl( 4)=   0.000     xu( 4)=   1.000    
                              xl( 5)=   0.000     xu( 5)=   1.000    
                              xl( 6)=   0.000     xu( 6)=   1.000    
                              xl( 7)=   0.000     xu( 7)=   1.000    
                              xl( 8)=   0.000     xu( 8)=   1.000    
                              xl( 9)=   0.000     xu( 9)=   1.000    
                              xl(10)=   0.000     xu(10)=   1.000    

************* Integration by Vegas (iteration   1) **************
*                                                               *
*  integral  =  12.535617       accum. integral =  12.535617    *
*  std. dev. = 0.25078600E-01   accum. std. dev = 0.25078600E-01*
*   max. wt. =   0.441759E-02                                   *
*                                                               *
**************   chi**2/iteration =  0.000       ****************

 Writing out intermediate results for iteration           1

************* Integration by Vegas (iteration   2) **************
*                                                               *
*  integral  =  12.568471       accum. integral =  12.552322    *
*  std. dev. = 0.24657467E-01   accum. std. dev = 0.17582464E-01*
*   max. wt. =   0.441759E-02                                   *
*                                                               *
**************   chi**2/iteration = 0.8640       ****************

 Writing out intermediate results for iteration           2

************* Integration by Vegas (iteration   3) **************
*                                                               *
*  integral  =  12.550685       accum. integral =  12.551778    *
*  std. dev. = 0.24906608E-01   accum. std. dev = 0.14363947E-01*
*   max. wt. =   0.550514E-02                                   *
*                                                               *
**************   chi**2/iteration = 0.4356       ****************

 Writing out intermediate results for iteration           3

************* Integration by Vegas (iteration   4) **************
*                                                               *
*  integral  =  12.514785       accum. integral =  12.542114    *
*  std. dev. = 0.24154808E-01   accum. std. dev = 0.12345962E-01*
*   max. wt. =   0.550514E-02                                   *
*                                                               *
**************   chi**2/iteration = 0.8665       ****************

 Writing out intermediate results for iteration           4

************* Integration by Vegas (iteration   5) **************
*                                                               *
*  integral  =  12.536209       accum. integral =  12.540943    *
*  std. dev. = 0.24822218E-01   accum. std. dev = 0.11054145E-01*
*   max. wt. =   0.550514E-02                                   *
*                                                               *
**************   chi**2/iteration = 0.6618       ****************

 Writing out intermediate results for iteration           5

************* Integration by Vegas (iteration   6) **************
*                                                               *
*  integral  =  12.532509       accum. integral =  12.539698    *
*  std. dev. = 0.26566265E-01   accum. std. dev = 0.10205889E-01*
*   max. wt. =   0.990352E-02                                   *
*                                                               *
**************   chi**2/iteration = 0.5468       ****************

 Writing out intermediate results for iteration           6

************* Integration by Vegas (iteration   7) **************
*                                                               *
*  integral  =  12.571418       accum. integral =  12.544018    *
*  std. dev. = 0.25704650E-01   accum. std. dev = 0.94855661E-02*
*   max. wt. =   0.990352E-02                                   *
*                                                               *
**************   chi**2/iteration = 0.6747       ****************

 Writing out intermediate results for iteration           7

************* Integration by Vegas (iteration   8) **************
*                                                               *
*  integral  =  12.518604       accum. integral =  12.540661    *
*  std. dev. = 0.24315171E-01   accum. std. dev = 0.88369449E-02*
*   max. wt. =   0.990352E-02                                   *
*                                                               *
**************   chi**2/iteration = 0.7137       ****************

 Writing out intermediate results for iteration           8

************* Integration by Vegas (iteration   9) **************
*                                                               *
*  integral  =  12.462493       accum. integral =  12.531915    *
*  std. dev. = 0.24897262E-01   accum. std. dev = 0.83279256E-02*
*   max. wt. =   0.990352E-02                                   *
*                                                               *
**************   chi**2/iteration =  1.718       ****************

 Writing out intermediate results for iteration           9

************* Integration by Vegas (iteration  10) **************
*                                                               *
*  integral  =  12.499890       accum. integral =  12.528624    *
*  std. dev. = 0.24608024E-01   accum. std. dev = 0.78884360E-02*
*   max. wt. =   0.990352E-02                                   *
*                                                               *
**************   chi**2/iteration =  1.696       ****************

 Writing out intermediate results for iteration          10

************* Integration by Vegas (iteration  11) **************
*                                                               *
*  integral  =  12.552383       accum. integral =  12.530744    *
*  std. dev. = 0.25205253E-01   accum. std. dev = 0.75283506E-02*
*   max. wt. =   0.990352E-02                                   *
*                                                               *
**************   chi**2/iteration =  1.607       ****************

 Writing out intermediate results for iteration          11

************* Integration by Vegas (iteration  12) **************
*                                                               *
*  integral  =  12.487640       accum. integral =  12.527188    *
*  std. dev. = 0.25108471E-01   accum. std. dev = 0.72111833E-02*
*   max. wt. =   0.990352E-02                                   *
*                                                               *
**************   chi**2/iteration =  1.707       ****************

 Writing out intermediate results for iteration          12

************* Integration by Vegas (iteration  13) **************
*                                                               *
*  integral  =  12.524150       accum. integral =  12.526988    *
*  std. dev. = 0.27162640E-01   accum. std. dev = 0.69697492E-02*
*   max. wt. =   0.115567E-01                                   *
*                                                               *
**************   chi**2/iteration =  1.566       ****************

 Writing out intermediate results for iteration          13

************* Integration by Vegas (iteration  14) **************
*                                                               *
*  integral  =  12.509832       accum. integral =  12.525895    *
*  std. dev. = 0.26715331E-01   accum. std. dev = 0.67440169E-02*
*   max. wt. =   0.115567E-01                                   *
*                                                               *
**************   chi**2/iteration =  1.475       ****************

 Writing out intermediate results for iteration          14

************* Integration by Vegas (iteration  15) **************
*                                                               *
*  integral  =  12.512139       accum. integral =  12.524972    *
*  std. dev. = 0.25151569E-01   accum. std. dev = 0.65139173E-02*
*   max. wt. =   0.115567E-01                                   *
*                                                               *
**************   chi**2/iteration =  1.390       ****************

 Writing out intermediate results for iteration          15

************* Integration by Vegas (iteration  16) **************
*                                                               *
*  integral  =  12.527962       accum. integral =  12.525160    *
*  std. dev. = 0.25164631E-01   accum. std. dev = 0.63060751E-02*
*   max. wt. =   0.115567E-01                                   *
*                                                               *
**************   chi**2/iteration =  1.298       ****************

 Writing out intermediate results for iteration          16

************* Integration by Vegas (iteration  17) **************
*                                                               *
*  integral  =  12.542121       accum. integral =  12.526164    *
*  std. dev. = 0.25134513E-01   accum. std. dev = 0.61165040E-02*
*   max. wt. =   0.115567E-01                                   *
*                                                               *
**************   chi**2/iteration =  1.244       ****************

 Writing out intermediate results for iteration          17

************* Integration by Vegas (iteration  18) **************
*                                                               *
*  integral  =  12.538436       accum. integral =  12.526820    *
*  std. dev. = 0.25745374E-01   accum. std. dev = 0.59508675E-02*
*   max. wt. =   0.115567E-01                                   *
*                                                               *
**************   chi**2/iteration =  1.183       ****************

 Writing out intermediate results for iteration          18

************* Integration by Vegas (iteration  19) **************
*                                                               *
*  integral  =  12.523516       accum. integral =  12.526653    *
*  std. dev. = 0.25757212E-01   accum. std. dev = 0.57981326E-02*
*   max. wt. =   0.115567E-01                                   *
*                                                               *
**************   chi**2/iteration =  1.118       ****************

 Writing out intermediate results for iteration          19

************* Integration by Vegas (iteration  20) **************
*                                                               *
*  integral  =  12.554327       accum. integral =  12.527882    *
*  std. dev. = 0.26896249E-01   accum. std. dev = 0.56679277E-02*
*   max. wt. =   0.115567E-01                                   *
*                                                               *
**************   chi**2/iteration =  1.113       ****************

 Writing out intermediate results for iteration          20

************* Integration by Vegas (iteration  21) **************
*                                                               *
*  integral  =  12.535335       accum. integral =  12.528224    *
*  std. dev. = 0.25845192E-01   accum. std. dev = 0.55363588E-02*
*   max. wt. =   0.115567E-01                                   *
*                                                               *
**************   chi**2/iteration =  1.061       ****************

 Writing out intermediate results for iteration          21

************* Integration by Vegas (iteration  22) **************
*                                                               *
*  integral  =  12.538428       accum. integral =  12.528695    *
*  std. dev. = 0.25162531E-01   accum. std. dev = 0.54070270E-02*
*   max. wt. =   0.115567E-01                                   *
*                                                               *
**************   chi**2/iteration =  1.018       ****************

 Writing out intermediate results for iteration          22

************* Integration by Vegas (iteration  23) **************
*                                                               *
*  integral  =  12.529925       accum. integral =  12.528749    *
*  std. dev. = 0.25226170E-01   accum. std. dev = 0.52869432E-02*
*   max. wt. =   0.115567E-01                                   *
*                                                               *
**************   chi**2/iteration = 0.9718       ****************

 Writing out intermediate results for iteration          23

************* Integration by Vegas (iteration  24) **************
*                                                               *
*  integral  =  12.511949       accum. integral =  12.528065    *
*  std. dev. = 0.25667176E-01   accum. std. dev = 0.51782331E-02*
*   max. wt. =   0.115567E-01                                   *
*                                                               *
**************   chi**2/iteration = 0.9474       ****************

 Writing out intermediate results for iteration          24

************* Integration by Vegas (iteration  25) **************
*                                                               *
*  integral  =  12.517438       accum. integral =  12.527675    *
*  std. dev. = 0.26520808E-01   accum. std. dev = 0.50822631E-02*
*   max. wt. =   0.115567E-01                                   *
*                                                               *
**************   chi**2/iteration = 0.9144       ****************

 Writing out intermediate results for iteration          25

************* Integration by Vegas (iteration  26) **************
*                                                               *
*  integral  =  12.479096       accum. integral =  12.525830    *
*  std. dev. = 0.25583851E-01   accum. std. dev = 0.49848578E-02*
*   max. wt. =   0.115567E-01                                   *
*                                                               *
**************   chi**2/iteration =  1.017       ****************

 Writing out intermediate results for iteration          26

************* Integration by Vegas (iteration  27) **************
*                                                               *
*  integral  =  12.531450       accum. integral =  12.526034    *
*  std. dev. = 0.25686454E-01   accum. std. dev = 0.48935601E-02*
*   max. wt. =   0.115567E-01                                   *
*                                                               *
**************   chi**2/iteration = 0.9792       ****************

 Writing out intermediate results for iteration          27

************* Integration by Vegas (iteration  28) **************
*                                                               *
*  integral  =  12.539128       accum. integral =  12.526505    *
*  std. dev. = 0.25332864E-01   accum. std. dev = 0.48047372E-02*
*   max. wt. =   0.115567E-01                                   *
*                                                               *
**************   chi**2/iteration = 0.9525       ****************

 Writing out intermediate results for iteration          28

************* Integration by Vegas (iteration  29) **************
*                                                               *
*  integral  =  12.528922       accum. integral =  12.526585    *
*  std. dev. = 0.25962800E-01   accum. std. dev = 0.47245154E-02*
*   max. wt. =   0.115567E-01                                   *
*                                                               *
**************   chi**2/iteration = 0.9188       ****************

 Writing out intermediate results for iteration          29

************* Integration by Vegas (iteration  30) **************
*                                                               *
*  integral  =  12.543425       accum. integral =  12.527120    *
*  std. dev. = 0.26102314E-01   accum. std. dev = 0.46489767E-02*
*   max. wt. =   0.115567E-01                                   *
*                                                               *
**************   chi**2/iteration = 0.9010       ****************

 Writing out intermediate results for iteration          30

************* Integration by Vegas (iteration  31) **************
*                                                               *
*  integral  =  12.523385       accum. integral =  12.527000    *
*  std. dev. = 0.25514883E-01   accum. std. dev = 0.45736754E-02*
*   max. wt. =   0.115567E-01                                   *
*                                                               *
**************   chi**2/iteration = 0.8717       ****************

 Writing out intermediate results for iteration          31

************* Integration by Vegas (iteration  32) **************
*                                                               *
*  integral  =  12.529685       accum. integral =  12.527084    *
*  std. dev. = 0.25392039E-01   accum. std. dev = 0.45012390E-02*
*   max. wt. =   0.115567E-01                                   *
*                                                               *
**************   chi**2/iteration = 0.8439       ****************

 Writing out intermediate results for iteration          32

************* Integration by Vegas (iteration  33) **************
*                                                               *
*  integral  =  12.528662       accum. integral =  12.527131    *
*  std. dev. = 0.25733735E-01   accum. std. dev = 0.44339208E-02*
*   max. wt. =   0.115567E-01                                   *
*                                                               *
**************   chi**2/iteration = 0.8177       ****************

 Writing out intermediate results for iteration          33

************* Integration by Vegas (iteration  34) **************
*                                                               *
*  integral  =  12.538244       accum. integral =  12.527447    *
*  std. dev. = 0.25894231E-01   accum. std. dev = 0.43703140E-02*
*   max. wt. =   0.115567E-01                                   *
*                                                               *
**************   chi**2/iteration = 0.7983       ****************

 Writing out intermediate results for iteration          34

************* Integration by Vegas (iteration  35) **************
*                                                               *
*  integral  =  12.515053       accum. integral =  12.527108    *
*  std. dev. = 0.26043744E-01   accum. std. dev = 0.43100518E-02*
*   max. wt. =   0.115567E-01                                   *
*                                                               *
**************   chi**2/iteration = 0.7813       ****************

 Writing out intermediate results for iteration          35

************* Integration by Vegas (iteration  36) **************
*                                                               *
*  integral  =  12.539912       accum. integral =  12.527447    *
*  std. dev. = 0.26127473E-01   accum. std. dev = 0.42525783E-02*
*   max. wt. =   0.115567E-01                                   *
*                                                               *
**************   chi**2/iteration = 0.7657       ****************

 Writing out intermediate results for iteration          36

************* Integration by Vegas (iteration  37) **************
*                                                               *
*  integral  =  12.538564       accum. integral =  12.527739    *
*  std. dev. = 0.25881329E-01   accum. std. dev = 0.41963096E-02*
*   max. wt. =   0.115567E-01                                   *
*                                                               *
**************   chi**2/iteration = 0.7494       ****************

 Writing out intermediate results for iteration          37

************* Integration by Vegas (iteration  38) **************
*                                                               *
*  integral  =  12.563383       accum. integral =  12.528602    *
*  std. dev. = 0.26647175E-01   accum. std. dev = 0.41452258E-02*
*   max. wt. =   0.115567E-01                                   *
*                                                               *
**************   chi**2/iteration = 0.7763       ****************

 Writing out intermediate results for iteration          38

************* Integration by Vegas (iteration  39) **************
*                                                               *
*  integral  =  12.555083       accum. integral =  12.529257    *
*  std. dev. = 0.26018855E-01   accum. std. dev = 0.40936001E-02*
*   max. wt. =   0.115567E-01                                   *
*                                                               *
**************   chi**2/iteration = 0.7825       ****************

 Writing out intermediate results for iteration          39

************* Integration by Vegas (iteration  40) **************
*                                                               *
*  integral  =  12.526766       accum. integral =  12.529197    *
*  std. dev. = 0.25938144E-01   accum. std. dev = 0.40435521E-02*
*   max. wt. =   0.115567E-01                                   *
*                                                               *
**************   chi**2/iteration = 0.7627       ****************

 Writing out intermediate results for iteration          40

************* Integration by Vegas (iteration  41) **************
*                                                               *
*  integral  =  12.520256       accum. integral =  12.529009    *
*  std. dev. = 0.27562678E-01   accum. std. dev = 0.40007294E-02*
*   max. wt. =   0.115567E-01                                   *
*                                                               *
**************   chi**2/iteration = 0.7462       ****************

 Writing out intermediate results for iteration          41

************* Integration by Vegas (iteration  42) **************
*                                                               *
*  integral  =  12.536139       accum. integral =  12.529161    *
*  std. dev. = 0.27098423E-01   accum. std. dev = 0.39578282E-02*
*   max. wt. =   0.115567E-01                                   *
*                                                               *
**************   chi**2/iteration = 0.7296       ****************

 Writing out intermediate results for iteration          42

************* Integration by Vegas (iteration  43) **************
*                                                               *
*  integral  =  12.562202       accum. integral =  12.529901    *
*  std. dev. = 0.26134918E-01   accum. std. dev = 0.39132106E-02*
*   max. wt. =   0.115567E-01                                   *
*                                                               *
**************   chi**2/iteration = 0.7495       ****************

 Writing out intermediate results for iteration          43

************* Integration by Vegas (iteration  44) **************
*                                                               *
*  integral  =  12.519520       accum. integral =  12.529674    *
*  std. dev. = 0.26170362E-01   accum. std. dev = 0.38701836E-02*
*   max. wt. =   0.115567E-01                                   *
*                                                               *
**************   chi**2/iteration = 0.7356       ****************

 Writing out intermediate results for iteration          44

************* Integration by Vegas (iteration  45) **************
*                                                               *
*  integral  =  12.544057       accum. integral =  12.529973    *
*  std. dev. = 0.26560395E-01   accum. std. dev = 0.38297403E-02*
*   max. wt. =   0.115567E-01                                   *
*                                                               *
**************   chi**2/iteration = 0.7254       ****************

 Writing out intermediate results for iteration          45

************* Integration by Vegas (iteration  46) **************
*                                                               *
*  integral  =  12.506882       accum. integral =  12.529498    *
*  std. dev. = 0.26425987E-01   accum. std. dev = 0.37901454E-02*
*   max. wt. =   0.115567E-01                                   *
*                                                               *
**************   chi**2/iteration = 0.7259       ****************

 Writing out intermediate results for iteration          46

************* Integration by Vegas (iteration  47) **************
*                                                               *
*  integral  =  12.520490       accum. integral =  12.529312    *
*  std. dev. = 0.26083030E-01   accum. std. dev = 0.37507533E-02*
*   max. wt. =   0.115567E-01                                   *
*                                                               *
**************   chi**2/iteration = 0.7127       ****************

 Writing out intermediate results for iteration          47

************* Integration by Vegas (iteration  48) **************
*                                                               *
*  integral  =  12.472974       accum. integral =  12.528122    *
*  std. dev. = 0.25531785E-01   accum. std. dev = 0.37109240E-02*
*   max. wt. =   0.115567E-01                                   *
*                                                               *
**************   chi**2/iteration = 0.7989       ****************

 Writing out intermediate results for iteration          48

************* Integration by Vegas (iteration  49) **************
*                                                               *
*  integral  =  12.540372       accum. integral =  12.528348    *
*  std. dev. = 0.27079012E-01   accum. std. dev = 0.36765614E-02*
*   max. wt. =   0.115567E-01                                   *
*                                                               *
**************   chi**2/iteration = 0.7865       ****************

 Writing out intermediate results for iteration          49

************* Integration by Vegas (iteration  50) **************
*                                                               *
*  integral  =  12.500506       accum. integral =  12.527832    *
*  std. dev. = 0.26767340E-01   accum. std. dev = 0.36423641E-02*
*   max. wt. =   0.115567E-01                                   *
*                                                               *
**************   chi**2/iteration = 0.7921       ****************


Value of final lord integral is       12.5278 +/-     0.0036 fb

 Total number of shots       :     23619600
 Total no. failing cuts      :      9062978
 Number failing jet cuts     :            0
 Number failing process cuts :            0

   Jet efficiency : 100.00%
   Cut efficiency : 100.00%
 Total efficiency : 100.00%

 Contribution from parton sub-processes:
 ---------------------------------------
       GG     |          12.52783  100.00%
       GQ     |           0.00000    0.00%
       GQB    |           0.00000    0.00%
       QG     |           0.00000    0.00%
       QBG    |           0.00000    0.00%
       QQ     |           0.00000    0.00%
       QBQB   |           0.00000    0.00%
       QQB    |           0.00000    0.00%
       QBQ    |           0.00000    0.00%
 ---------------------------------------

 ****************************************************
 output files  E_var/E_33/MSTW/HHTOP/ggZZ4l_lord_mstw8lo_0___0___126_131_run_33
 ****************************************************
