 ************** MCFM - version 6.8 ****************
 *                                                *
 * MCFM, v6.8                   April 26th, 2014  *
 *                                                *
 * Authors: John Campbell, Keith Ellis,           *
 *          Ciaran Williams                       *
 *         (johnmc@fnal.gov, ellis@fnal.gov,      *
 *          ciaran@fnal.gov)                      *
 *                                                *
 * For details see:                               *
 *                                                *
 *  arXiv:1403.2641 (Triphoton production)        *
 *  arXiv:1312.1628 (gg->WW, Higgs interference)  *
 *  arXiv:1311.3589 (gg->ZZ, Higgs interference)  *
 *  Phys.Rev.D87:114006, arXiv:1302.3856          *
 *  (tZ, tH -- with R. Rontsch)                   *
 *  arXiv:1211.6390 (DM, P. Fox and C. Williams)  *
 *  JHEP 1211:162 (2012), arXiv:1208.0566         *
 *  (Z+gam+jet,Z+gam+gam -- with H. Hartanto)     *
 *  arXiv:1204.1513 (top production+decay)        *
 *  JHEP 1207:052 (2012), arXiv:1204.5678 (ttW)   *
 *  JHEP 1110:005 (2011), arXiv:1107.5569         *
 *         (gg->WW,Higgs intference)              *
 *  JHEP 1107:018 (2011), arXiv:1105.0020         *
 *         (diboson update)                       *
 *  JHEP 1103:027 (2011), arXiv:1011.6647         *
 *         (Wbb for mb>0, with S. Badger)         *
 *  Phys.Rev.D81:074023, arXiv:1001.4495 (H+2jet) *
 *                                                *
 *  P.R.L. 102:142001, arXiv:0903.0005 [hep-ph]   *
 *    (t-channel single top + explicit b,         *
 *      JC, R.Frederix, F.Maltoni, F.Tramontano)  *
 *  N.P.B 726:109(2005), hep-ph/0506289 (W+t)     *
 *  Phys.Rev.D70:094012, hep-ph/0408158 (Sngl Top)*
 *       (with Francesco Tramontano)              *
 *                                                *
 *  Phys.Rev.D65:113007, hep-ph/0202176 (W,Z+2j)  *
 *  Phys.Rev.D62:114012, hep-ph/0006304 (W,Z+bb)  *
 *  Phys.Rev.D60:113006, hep-ph/9905386 (diboson) *
 *                                                *
 * On the web:  http://mcfm.fnal.gov/             *
 **************************************************

 * Using input file named cluster_CMS_m4l/CTEQ2m4/HHTOP/input_131_8.DAT                           

 * [Flags to specify the mode in which MCFM is run]                                          
 *                   -1            [nevtrequested] 
 *                    F            [creatent] 
 *                    F            [skipnt] 
 *                    F            [dswhisto] 
 *                    F            [creategrid] 
 *                    T            [writetop] 
 *                    T            [writedat] 
 *                    T            [writegnu] 
 *                    T            [writeroot] 
 *                    F            [writepwg] 

 * [General options to specify the process and execution]                                    
 *                  131            [nproc] 
 *                 lord            [part] 
 * 131_run_8                       [runstring] 
 *            8000.0000            [sqrts] 
 *                    1            [ih1] 
 *                    1            [ih2] 
 *             126.0000            [hmass] 
 *               2.0000            [scale] 
 *               2.0000            [facscale] 
 * m(3456)                         [dynamicscale] 
 *                    F            [zerowidth] 
 *                    F            [removebr] 
 *                   20            [itmx1] 
 *               500000            [ncall1] 
 *                   50            [itmx2] 
 *               500000            [ncall2] 
 *                 2020            [ij] 
 *                    F            [dryrun] 
 *                    T            [Qflag] 
 *                    T            [Gflag] 

 * [Heavy quark masses]                                                                      
 *             173.2000            [top mass] 
 *               4.7500            [bottom mass] 
 *               1.5000            [charm mass] 

 * [Pdf selection]                                                                           
 *              cteq6_l            [pdlabel] 
 *                    4            [NGROUP] 
 *                   46            [NSET] 
 * cteq6mE.LHgrid                  [LHAPDF group] 
 *                   -1            [LHAPDF set] 

 * [Jet definition and event cuts]                                                           
 *               0.0000            [m34min] 
 *            8000.0000            [m34max] 
 *               0.0000            [m56min] 
 *            8000.0000            [m56max] 
 *                    T            [inclusive] 
 *                 ankt            [algorithm] 
 *              15.0000            [ptjetmin] 
 *               0.0000            [etajetmin] 
 *               5.0000            [etajetmax] 
 *               0.5000            [Rcut] 
 *                    T            [makecuts] 
 *               0.0000            [leptpt] 
 *              99.0000            [leptrap] 
 *    0.000,   0.000                [leptveto] 
 *               0.0000            [misspt] 
 *               0.0000            [leptpt2] 
 *              99.0000            [leptrap2] 
 *    0.000,   0.000                [leptveto2] 
 *               0.0000            [mtrans34cut] 
 *               0.0000            [Rjlmin] 
 *               0.0000            [Rllmin] 
 *               0.0000            [delyjjmin] 
 *                    F            [jetsopphem] 
 *                    0            [lbjscheme] 
 *               0.0000            [ptbjetmin] 
 *              99.0000            [etabjetmax] 

 * [Settings for photon processes]                                                           
 *                    F            [frag] 
 *             GdRG__LO            [fragset] 
 *              80.0000            [frag_scale] 
 *              20.0000            [gammpt] 
 *               2.5000            [gammrap] 
 *              20.0000            [gammpt2] 
 *              20.0000            [gammpt3] 
 *               0.0000            [Rgalmin] 
 *               0.4000            [Rgagamin] 
 *               0.4000            [Rgajetmin] 
 *               0.4000            [cone_ang] 
 *               0.5000            [epsilon_h] 

 * [Anomalous couplings of the W and Z]                                                      
 *               0.0000            [delg1_z] 
 *               0.0000            [delk_z] 
 *               0.0000            [delk_g] 
 *               0.0000            [lambda_z] 
 *               0.0000            [lambda_g] 
 *               0.0000            [h1Z] 
 *               0.0000            [h1gam] 
 *               0.0000            [h2Z] 
 *               0.0000            [h2gam] 
 *               0.0000            [h3Z] 
 *               0.0000            [h3gam] 
 *               0.0000            [h4Z] 
 *               0.0000            [h4gam] 
 *               2.0000            [tevscale] 

 * [Anomalous width of the Higgs]                                                            
 *               1.0000            [Gamma_H/Gamma_H(SM)] 

 * [How to resume/save a run]                                                                
 *                    F            [readin] 
 *                    F            [writeout] 
 *                                 [ingridfile] 
 *                                 [outgridfile] 

 * [Technical parameters that should not normally be changed]

 *                    F            [debug] 
 *                    T            [verbose] 
 *                    F            [new_pspace] 
 *                    F            [virtonly] 
 *                    F            [realonly] 
 *                    T            [spira] 
 *                    F            [noglue] 
 *                    F            [ggonly] 
 *                    F            [gqonly] 
 *                    F            [omitgg] 
 *                    F            [vanillafiles] 
 *                    1            [nmin] 
 *                    2            [nmax] 
 *                    T            [clustering] 
 *                    F            [realwt] 
 *                    0            [colourchoice] 
 *               0.0100            [rtsmin] 
 *               0.0001            [cutoff] 
 *               0.1000            [aii] 
 *               0.1000            [aif] 
 *               0.1000            [afi] 
 *               1.0000            [aff] 
 *               1.0000            [bfi] 
 *               1.0000            [bff] 

 Chooser:process chosen by nproc=         131

 *************************** f(p1)+f(p2) --> ******************************************
 * Z^0(e^-(p3)+e^+(p4)) + Z^0(mu^-(p5)+mu^+(p6) [gg only, (H + gg->ZZ) squared]       *
 **************************************************************************************

 ************** Electroweak parameters **************
 *                                                  *
 *  zmass(+)   91.1876000     wmass(+)  80.3980000  *
 * zwidth(+)    2.4952000    wwidth(+)   2.1054000  *
 *     Gf(+) 0.116639D-04   1/aemmz    132.3384323  *
 *     xw       0.2226459      mtop(+) 173.2000000  *
 *   gwsq       0.4264904       esq      0.0949563  *
 * top width    1.4743080 (LO)                      *
 *    mb        4.7500000        mc      1.5000000  *
 *                                                  *
 * Parameters marked (+) are input, others derived  *
 ****************************************************

 ****************** Higgs parameters ****************
 *                                                  *
 *   mass(H) =  126.00      width(H) =  0.43070E-02 *
 *                                                  *
 *              Br( H -> b bbar)  =   0.56954       *
 *              Br( H -> tau tau) =   0.06056       *
 *              Br( H -> W W)     =   0.00000       *
 *              Br( H -> Z Z)     =   0.00000       *
 *              Br( H -> gam gam) =   0.00235       *
 *              Br( H -> Z gam)   =   0.00164       *
 ****************************************************
 *                                                  *
 * Note: branching ratios reported here can be > 1  *
 *       since the total Higgs width is calculated  *
 *       at NLO but the BR calculation uses a       *
 *       partial width at LO only.                  *
 *                                                  *
 ****************************************************

 WARNING: Higgs decay H->ZZ is below threshold and
 may not yield sensible results - check the number
 of integration points

 ***************** CKM mixing matrix ****************
 *                                                  *
 *      Vud=.97500    Vus=.22200    Vub=0.0000      *
 *      Vcd=.22200    Vcs=.97500    Vcb=0.0000      *
 ****************************************************

 ************* Strong coupling, alpha_s  ************
 *                                                  *
 *  Dynamic scale - alpha_s changed event-by-event  *
 *       alpha_s (zmass)  0.11800000                *
 *         (using 1-loop running of alpha_s)        *
 ****************************************************

 ****************************************
 *     Cross section in femtobarns      *
 ****************************************


 input parameters for vegas:  ndim= 10  ncall= 472392.
                              it=    0  itmx=   20
                              nprn=  0  alph= 1.50
                              mds=  1   nd= 100
                              xl( 1)=   0.000     xu( 1)=   1.000    
                              xl( 2)=   0.000     xu( 2)=   1.000    
                              xl( 3)=   0.000     xu( 3)=   1.000    
                              xl( 4)=   0.000     xu( 4)=   1.000    
                              xl( 5)=   0.000     xu( 5)=   1.000    
                              xl( 6)=   0.000     xu( 6)=   1.000    
                              xl( 7)=   0.000     xu( 7)=   1.000    
                              xl( 8)=   0.000     xu( 8)=   1.000    
                              xl( 9)=   0.000     xu( 9)=   1.000    
                              xl(10)=   0.000     xu(10)=   1.000    

 ****************** Basic mass cuts *****************
 *                                                  *
 *              0.00  <   m34  <   8000.00           *
 *              0.00  <   m56  <   8000.00           *
 ****************************************************
 *********** CMS Higgs Search cuts******
 *                                     *
 *     pt(mu) >           5.00 GeV     *
 *     pt(el) >           7.00 GeV     *
 *     |eta_mu| <         2.40         *
 *     |eta_el| <         2.50         *
 *     m4lmin >         100.00 GeV     *
 *     m2lmin >           4.00 GeV     *
 *     ptleading >       20.00 GeV     *
 *     ptnexttoleading > 10.00 GeV     *
 *     mllnear >         40.00 GeV     *
 *     mllfar >          12.00 GeV     *
 *     mllmax >         120.00 GeV     *
 ***************************************

 ************** Dynamic scale choice ****************
 *                                                  *
 *                 RENORMALIZATION                  *
 *       mu_ren  =  2.00 x m(3456)                  *
 *                                                  *
 *                  FACTORIZATION                   *
 *       mu_fac  =  2.00 x m(3456)                  *
 *                                                  *
 ****************************************************
 ====================================================
   This is QCDLoop - version 1.95                    
   Authors: Keith Ellis and Giulia Zanderighi        
   (ellis@fnal.gov, g.zanderighi1@physics.ox.ac.uk)  
   For details see FERMILAB-PUB-07-633-T,OUTP-07/16P 
   arXiv:0712.1851 [hep-ph], published in            
   JHEP 0802:002,2008.                               
 ====================================================
 ====================================================
   FF 2.0, a package to evaluate one-loop integrals
 written by G. J. van Oldenborgh, NIKHEF-H, Amsterdam
 ====================================================
 for the algorithms used see preprint NIKHEF-H 89/17,
 'New Algorithms for One-loop Integrals', by G.J. van
 Oldenborgh and J.A.M. Vermaseren, published in 
 Zeitschrift fuer Physik C46(1990)425.
 ====================================================
 ffini: precx =    4.4408920985006262E-016
 ffini: precc =    4.4408920985006262E-016
 ffini: xalogm =    4.9406564584124654E-324
 ffini: xclogm =    4.9406564584124654E-324
 ****************************************************
 *                                                  *
 *  gg->ZZ box loop includes gens. 1 and 2          *
 *  gg->ZZ box loop includes bottom quark           *
 *  gg->ZZ box loop includes top quark              *
 *                                                  *
 *  Numer. stability: pt(Z) > 0.100 GeV (gens. 1,2) *
 *  Numer. stability: pt(Z) > 0.100 GeV (b,t loops) *
 *                                                  *
 ****************************************************

************* Integration by Vegas (iteration   1) **************
*                                                               *
*  integral  = 0.47737798       accum. integral = 0.47737798    *
*  std. dev. = 0.15719592E-01   accum. std. dev = 0.15719592E-01*
*   max. wt. =   0.894719E-02                                   *
*                                                               *
**************   chi**2/iteration =  0.000       ****************


************* Integration by Vegas (iteration   2) **************
*                                                               *
*  integral  = 0.54971752       accum. integral = 0.51357155    *
*  std. dev. = 0.15709251E-01   accum. std. dev = 0.11111772E-01*
*   max. wt. =   0.922021E-02                                   *
*                                                               *
**************   chi**2/iteration =  10.49       ****************


************* Integration by Vegas (iteration   3) **************
*                                                               *
*  integral  = 0.57170162       accum. integral = 0.55933265    *
*  std. dev. = 0.57769937E-02   accum. std. dev = 0.51256588E-02*
*   max. wt. =   0.922021E-02                                   *
*                                                               *
**************   chi**2/iteration =  15.99       ****************


************* Integration by Vegas (iteration   4) **************
*                                                               *
*  integral  = 0.55873655       accum. integral = 0.55880277    *
*  std. dev. = 0.18119239E-02   accum. std. dev = 0.17083265E-02*
*   max. wt. =   0.922021E-02                                   *
*                                                               *
**************   chi**2/iteration =  10.68       ****************


************* Integration by Vegas (iteration   5) **************
*                                                               *
*  integral  = 0.55656908       accum. integral = 0.55725311    *
*  std. dev. = 0.11349866E-02   accum. std. dev = 0.94536028E-03*
*   max. wt. =   0.922021E-02                                   *
*                                                               *
**************   chi**2/iteration =  8.314       ****************


************* Integration by Vegas (iteration   6) **************
*                                                               *
*  integral  = 0.55703511       accum. integral = 0.55715377    *
*  std. dev. = 0.10332054E-02   accum. std. dev = 0.69746258E-03*
*   max. wt. =   0.922021E-02                                   *
*                                                               *
**************   chi**2/iteration =  6.659       ****************


************* Integration by Vegas (iteration   7) **************
*                                                               *
*  integral  = 0.55805653       accum. integral = 0.55742115    *
*  std. dev. = 0.10751745E-02   accum. std. dev = 0.58513117E-03*
*   max. wt. =   0.922021E-02                                   *
*                                                               *
**************   chi**2/iteration =  5.634       ****************


************* Integration by Vegas (iteration   8) **************
*                                                               *
*  integral  = 0.55794014       accum. integral = 0.55754157    *
*  std. dev. = 0.10645031E-02   accum. std. dev = 0.51277151E-03*
*   max. wt. =   0.922021E-02                                   *
*                                                               *
**************   chi**2/iteration =  4.856       ****************


************* Integration by Vegas (iteration   9) **************
*                                                               *
*  integral  = 0.55737399       accum. integral = 0.55750678    *
*  std. dev. = 0.10018026E-02   accum. std. dev = 0.45645300E-03*
*   max. wt. =   0.922021E-02                                   *
*                                                               *
**************   chi**2/iteration =  4.253       ****************


************* Integration by Vegas (iteration  10) **************
*                                                               *
*  integral  = 0.55614499       accum. integral = 0.55726339    *
*  std. dev. = 0.97845426E-03   accum. std. dev = 0.41365577E-03*
*   max. wt. =   0.922021E-02                                   *
*                                                               *
**************   chi**2/iteration =  3.957       ****************


************* Integration by Vegas (iteration  11) **************
*                                                               *
*  integral  = 0.55572684       accum. integral = 0.55702900    *
*  std. dev. = 0.97499435E-03   accum. std. dev = 0.38080090E-03*
*   max. wt. =   0.922021E-02                                   *
*                                                               *
**************   chi**2/iteration =  3.772       ****************


************* Integration by Vegas (iteration  12) **************
*                                                               *
*  integral  = 0.55672815       accum. integral = 0.55698994    *
*  std. dev. = 0.98588388E-03   accum. std. dev = 0.35522354E-03*
*   max. wt. =   0.922021E-02                                   *
*                                                               *
**************   chi**2/iteration =  3.437       ****************


************* Integration by Vegas (iteration  13) **************
*                                                               *
*  integral  = 0.55607448       accum. integral = 0.55688126    *
*  std. dev. = 0.96785270E-03   accum. std. dev = 0.33347262E-03*
*   max. wt. =   0.922021E-02                                   *
*                                                               *
**************   chi**2/iteration =  3.216       ****************


************* Integration by Vegas (iteration  14) **************
*                                                               *
*  integral  = 0.55570324       accum. integral = 0.55676633    *
*  std. dev. = 0.10141991E-02   accum. std. dev = 0.31678773E-03*
*   max. wt. =   0.922021E-02                                   *
*                                                               *
**************   chi**2/iteration =  3.063       ****************


************* Integration by Vegas (iteration  15) **************
*                                                               *
*  integral  = 0.55633028       accum. integral = 0.55672623    *
*  std. dev. = 0.99539517E-03   accum. std. dev = 0.30186897E-03*
*   max. wt. =   0.922021E-02                                   *
*                                                               *
**************   chi**2/iteration =  2.857       ****************


************* Integration by Vegas (iteration  16) **************
*                                                               *
*  integral  = 0.55515931       accum. integral = 0.55658696    *
*  std. dev. = 0.96650353E-03   accum. std. dev = 0.28814175E-03*
*   max. wt. =   0.922021E-02                                   *
*                                                               *
**************   chi**2/iteration =  2.826       ****************


************* Integration by Vegas (iteration  17) **************
*                                                               *
*  integral  = 0.55644301       accum. integral = 0.55657590    *
*  std. dev. = 0.99897635E-03   accum. std. dev = 0.27685520E-03*
*   max. wt. =   0.922021E-02                                   *
*                                                               *
**************   chi**2/iteration =  2.650       ****************


************* Integration by Vegas (iteration  18) **************
*                                                               *
*  integral  = 0.55496320       accum. integral = 0.55646119    *
*  std. dev. = 0.10004704E-02   accum. std. dev = 0.26682725E-03*
*   max. wt. =   0.922021E-02                                   *
*                                                               *
**************   chi**2/iteration =  2.637       ****************


************* Integration by Vegas (iteration  19) **************
*                                                               *
*  integral  = 0.55699167       accum. integral = 0.55649538    *
*  std. dev. = 0.10166360E-02   accum. std. dev = 0.25808606E-03*
*   max. wt. =   0.922021E-02                                   *
*                                                               *
**************   chi**2/iteration =  2.504       ****************


************* Integration by Vegas (iteration  20) **************
*                                                               *
*  integral  = 0.55565681       accum. integral = 0.55644190    *
*  std. dev. = 0.98888168E-03   accum. std. dev = 0.24972131E-03*
*   max. wt. =   0.922021E-02                                   *
*                                                               *
**************   chi**2/iteration =  2.408       ****************


 input parameters for vegas:  ndim= 10  ncall= 472392.
                              it=   21  itmx=   50
                              nprn=  0  alph= 1.50
                              mds=  1   nd= 100
                              xl( 1)=   0.000     xu( 1)=   1.000    
                              xl( 2)=   0.000     xu( 2)=   1.000    
                              xl( 3)=   0.000     xu( 3)=   1.000    
                              xl( 4)=   0.000     xu( 4)=   1.000    
                              xl( 5)=   0.000     xu( 5)=   1.000    
                              xl( 6)=   0.000     xu( 6)=   1.000    
                              xl( 7)=   0.000     xu( 7)=   1.000    
                              xl( 8)=   0.000     xu( 8)=   1.000    
                              xl( 9)=   0.000     xu( 9)=   1.000    
                              xl(10)=   0.000     xu(10)=   1.000    

************* Integration by Vegas (iteration   1) **************
*                                                               *
*  integral  = 0.55537528       accum. integral = 0.55537528    *
*  std. dev. = 0.99740470E-03   accum. std. dev = 0.99740470E-03*
*   max. wt. =   0.127043E-03                                   *
*                                                               *
**************   chi**2/iteration =  0.000       ****************

 Writing out intermediate results for iteration           1

************* Integration by Vegas (iteration   2) **************
*                                                               *
*  integral  = 0.55649652       accum. integral = 0.55593707    *
*  std. dev. = 0.99532370E-03   accum. std. dev = 0.70453473E-03*
*   max. wt. =   0.127043E-03                                   *
*                                                               *
**************   chi**2/iteration = 0.6269       ****************

 Writing out intermediate results for iteration           2

************* Integration by Vegas (iteration   3) **************
*                                                               *
*  integral  = 0.55714210       accum. integral = 0.55630360    *
*  std. dev. = 0.10656236E-02   accum. std. dev = 0.58770099E-03*
*   max. wt. =   0.284103E-03                                   *
*                                                               *
**************   chi**2/iteration = 0.7577       ****************

 Writing out intermediate results for iteration           3

************* Integration by Vegas (iteration   4) **************
*                                                               *
*  integral  = 0.55469209       accum. integral = 0.55589991    *
*  std. dev. = 0.10165594E-02   accum. std. dev = 0.50879266E-03*
*   max. wt. =   0.284103E-03                                   *
*                                                               *
**************   chi**2/iteration =  1.132       ****************

 Writing out intermediate results for iteration           4

************* Integration by Vegas (iteration   5) **************
*                                                               *
*  integral  = 0.55534077       accum. integral = 0.55578599    *
*  std. dev. = 0.10058477E-02   accum. std. dev = 0.45401345E-03*
*   max. wt. =   0.284103E-03                                   *
*                                                               *
**************   chi**2/iteration = 0.9109       ****************

 Writing out intermediate results for iteration           5

************* Integration by Vegas (iteration   6) **************
*                                                               *
*  integral  = 0.55601567       accum. integral = 0.55582446    *
*  std. dev. = 0.10121524E-02   accum. std. dev = 0.41424720E-03*
*   max. wt. =   0.284103E-03                                   *
*                                                               *
**************   chi**2/iteration = 0.7376       ****************

 Writing out intermediate results for iteration           6

************* Integration by Vegas (iteration   7) **************
*                                                               *
*  integral  = 0.55860098       accum. integral = 0.55617490    *
*  std. dev. = 0.10899501E-02   accum. std. dev = 0.38722367E-03*
*   max. wt. =   0.291403E-03                                   *
*                                                               *
**************   chi**2/iteration =  1.558       ****************

 Writing out intermediate results for iteration           7

************* Integration by Vegas (iteration   8) **************
*                                                               *
*  integral  = 0.55493365       accum. integral = 0.55602948    *
*  std. dev. = 0.10629791E-02   accum. std. dev = 0.36383481E-03*
*   max. wt. =   0.291403E-03                                   *
*                                                               *
**************   chi**2/iteration =  1.508       ****************

 Writing out intermediate results for iteration           8

************* Integration by Vegas (iteration   9) **************
*                                                               *
*  integral  = 0.55580845       accum. integral = 0.55600495    *
*  std. dev. = 0.10297067E-02   accum. std. dev = 0.34304993E-03*
*   max. wt. =   0.291403E-03                                   *
*                                                               *
**************   chi**2/iteration =  1.325       ****************

 Writing out intermediate results for iteration           9

************* Integration by Vegas (iteration  10) **************
*                                                               *
*  integral  = 0.55504441       accum. integral = 0.55590691    *
*  std. dev. = 0.10174822E-02   accum. std. dev = 0.32507106E-03*
*   max. wt. =   0.291403E-03                                   *
*                                                               *
**************   chi**2/iteration =  1.266       ****************

 Writing out intermediate results for iteration          10

************* Integration by Vegas (iteration  11) **************
*                                                               *
*  integral  = 0.55559153       accum. integral = 0.55587902    *
*  std. dev. = 0.10436723E-02   accum. std. dev = 0.31036482E-03*
*   max. wt. =   0.291403E-03                                   *
*                                                               *
**************   chi**2/iteration =  1.148       ****************

 Writing out intermediate results for iteration          11

************* Integration by Vegas (iteration  12) **************
*                                                               *
*  integral  = 0.55609053       accum. integral = 0.55589512    *
*  std. dev. = 0.10813132E-02   accum. std. dev = 0.29831964E-03*
*   max. wt. =   0.291403E-03                                   *
*                                                               *
**************   chi**2/iteration =  1.047       ****************

 Writing out intermediate results for iteration          12

************* Integration by Vegas (iteration  13) **************
*                                                               *
*  integral  = 0.55570295       accum. integral = 0.55588086    *
*  std. dev. = 0.10536581E-02   accum. std. dev = 0.28703678E-03*
*   max. wt. =   0.291403E-03                                   *
*                                                               *
**************   chi**2/iteration = 0.9625       ****************

 Writing out intermediate results for iteration          13

************* Integration by Vegas (iteration  14) **************
*                                                               *
*  integral  = 0.55633186       accum. integral = 0.55591293    *
*  std. dev. = 0.10373690E-02   accum. std. dev = 0.27664205E-03*
*   max. wt. =   0.291403E-03                                   *
*                                                               *
**************   chi**2/iteration = 0.9020       ****************

 Writing out intermediate results for iteration          14

************* Integration by Vegas (iteration  15) **************
*                                                               *
*  integral  = 0.55709157       accum. integral = 0.55599126    *
*  std. dev. = 0.10368221E-02   accum. std. dev = 0.26729119E-03*
*   max. wt. =   0.291403E-03                                   *
*                                                               *
**************   chi**2/iteration = 0.9238       ****************

 Writing out intermediate results for iteration          15

************* Integration by Vegas (iteration  16) **************
*                                                               *
*  integral  = 0.55573007       accum. integral = 0.55597493    *
*  std. dev. = 0.10348443E-02   accum. std. dev = 0.25879780E-03*
*   max. wt. =   0.291403E-03                                   *
*                                                               *
**************   chi**2/iteration = 0.8662       ****************

 Writing out intermediate results for iteration          16

************* Integration by Vegas (iteration  17) **************
*                                                               *
*  integral  = 0.55639965       accum. integral = 0.55599832    *
*  std. dev. = 0.10718186E-02   accum. std. dev = 0.25156829E-03*
*   max. wt. =   0.291403E-03                                   *
*                                                               *
**************   chi**2/iteration = 0.8214       ****************

 Writing out intermediate results for iteration          17

************* Integration by Vegas (iteration  18) **************
*                                                               *
*  integral  = 0.55646782       accum. integral = 0.55602324    *
*  std. dev. = 0.10626563E-02   accum. std. dev = 0.24480201E-03*
*   max. wt. =   0.291403E-03                                   *
*                                                               *
**************   chi**2/iteration = 0.7839       ****************

 Writing out intermediate results for iteration          18

************* Integration by Vegas (iteration  19) **************
*                                                               *
*  integral  = 0.55671626       accum. integral = 0.55605834    *
*  std. dev. = 0.10598617E-02   accum. std. dev = 0.23852214E-03*
*   max. wt. =   0.291403E-03                                   *
*                                                               *
**************   chi**2/iteration = 0.7630       ****************

 Writing out intermediate results for iteration          19

************* Integration by Vegas (iteration  20) **************
*                                                               *
*  integral  = 0.55775760       accum. integral = 0.55613465    *
*  std. dev. = 0.10999541E-02   accum. std. dev = 0.23310449E-03*
*   max. wt. =   0.291403E-03                                   *
*                                                               *
**************   chi**2/iteration = 0.8427       ****************

 Writing out intermediate results for iteration          20

************* Integration by Vegas (iteration  21) **************
*                                                               *
*  integral  = 0.55567630       accum. integral = 0.55611360    *
*  std. dev. = 0.10624586E-02   accum. std. dev = 0.22768879E-03*
*   max. wt. =   0.291403E-03                                   *
*                                                               *
**************   chi**2/iteration = 0.8095       ****************

 Writing out intermediate results for iteration          21

************* Integration by Vegas (iteration  22) **************
*                                                               *
*  integral  = 0.55834722       accum. integral = 0.55620223    *
*  std. dev. = 0.11201227E-02   accum. std. dev = 0.22312576E-03*
*   max. wt. =   0.291403E-03                                   *
*                                                               *
**************   chi**2/iteration = 0.9527       ****************

 Writing out intermediate results for iteration          22

************* Integration by Vegas (iteration  23) **************
*                                                               *
*  integral  = 0.55679208       accum. integral = 0.55622679    *
*  std. dev. = 0.10705999E-02   accum. std. dev = 0.21843232E-03*
*   max. wt. =   0.291403E-03                                   *
*                                                               *
**************   chi**2/iteration = 0.9226       ****************

 Writing out intermediate results for iteration          23

************* Integration by Vegas (iteration  24) **************
*                                                               *
*  integral  = 0.55591946       accum. integral = 0.55621378    *
*  std. dev. = 0.10388501E-02   accum. std. dev = 0.21375821E-03*
*   max. wt. =   0.291403E-03                                   *
*                                                               *
**************   chi**2/iteration = 0.8862       ****************

 Writing out intermediate results for iteration          24

************* Integration by Vegas (iteration  25) **************
*                                                               *
*  integral  = 0.55630002       accum. integral = 0.55621729    *
*  std. dev. = 0.10377212E-02   accum. std. dev = 0.20936261E-03*
*   max. wt. =   0.291403E-03                                   *
*                                                               *
**************   chi**2/iteration = 0.8495       ****************

 Writing out intermediate results for iteration          25

************* Integration by Vegas (iteration  26) **************
*                                                               *
*  integral  = 0.55610487       accum. integral = 0.55621333    *
*  std. dev. = 0.10959615E-02   accum. std. dev = 0.20564397E-03*
*   max. wt. =   0.291403E-03                                   *
*                                                               *
**************   chi**2/iteration = 0.8160       ****************

 Writing out intermediate results for iteration          26

************* Integration by Vegas (iteration  27) **************
*                                                               *
*  integral  = 0.55700867       accum. integral = 0.55624105    *
*  std. dev. = 0.10822178E-02   accum. std. dev = 0.20202889E-03*
*   max. wt. =   0.291403E-03                                   *
*                                                               *
**************   chi**2/iteration = 0.8047       ****************

 Writing out intermediate results for iteration          27

************* Integration by Vegas (iteration  28) **************
*                                                               *
*  integral  = 0.55820155       accum. integral = 0.55630888    *
*  std. dev. = 0.10671526E-02   accum. std. dev = 0.19850298E-03*
*   max. wt. =   0.291403E-03                                   *
*                                                               *
**************   chi**2/iteration = 0.8955       ****************

 Writing out intermediate results for iteration          28

************* Integration by Vegas (iteration  29) **************
*                                                               *
*  integral  = 0.55605322       accum. integral = 0.55629998    *
*  std. dev. = 0.10450387E-02   accum. std. dev = 0.19501605E-03*
*   max. wt. =   0.291403E-03                                   *
*                                                               *
**************   chi**2/iteration = 0.8656       ****************

 Writing out intermediate results for iteration          29

************* Integration by Vegas (iteration  30) **************
*                                                               *
*  integral  = 0.55592421       accum. integral = 0.55628805    *
*  std. dev. = 0.10771274E-02   accum. std. dev = 0.19189624E-03*
*   max. wt. =   0.291403E-03                                   *
*                                                               *
**************   chi**2/iteration = 0.8398       ****************

 Writing out intermediate results for iteration          30

************* Integration by Vegas (iteration  31) **************
*                                                               *
*  integral  = 0.55586410       accum. integral = 0.55627428    *
*  std. dev. = 0.10472401E-02   accum. std. dev = 0.18875353E-03*
*   max. wt. =   0.291403E-03                                   *
*                                                               *
**************   chi**2/iteration = 0.8171       ****************

 Writing out intermediate results for iteration          31

************* Integration by Vegas (iteration  32) **************
*                                                               *
*  integral  = 0.55668643       accum. integral = 0.55628653    *
*  std. dev. = 0.10781318E-02   accum. std. dev = 0.18592562E-03*
*   max. wt. =   0.291403E-03                                   *
*                                                               *
**************   chi**2/iteration = 0.7953       ****************

 Writing out intermediate results for iteration          32

************* Integration by Vegas (iteration  33) **************
*                                                               *
*  integral  = 0.55624642       accum. integral = 0.55628536    *
*  std. dev. = 0.10697448E-02   accum. std. dev = 0.18317949E-03*
*   max. wt. =   0.291403E-03                                   *
*                                                               *
**************   chi**2/iteration = 0.7705       ****************

 Writing out intermediate results for iteration          33

************* Integration by Vegas (iteration  34) **************
*                                                               *
*  integral  = 0.55569178       accum. integral = 0.55626748    *
*  std. dev. = 0.10395942E-02   accum. std. dev = 0.18040041E-03*
*   max. wt. =   0.291403E-03                                   *
*                                                               *
**************   chi**2/iteration = 0.7568       ****************

 Writing out intermediate results for iteration          34

************* Integration by Vegas (iteration  35) **************
*                                                               *
*  integral  = 0.55409399       accum. integral = 0.55620525    *
*  std. dev. = 0.10507353E-02   accum. std. dev = 0.17779892E-03*
*   max. wt. =   0.291403E-03                                   *
*                                                               *
**************   chi**2/iteration = 0.8567       ****************

 Writing out intermediate results for iteration          35

************* Integration by Vegas (iteration  36) **************
*                                                               *
*  integral  = 0.55765465       accum. integral = 0.55624192    *
*  std. dev. = 0.11036490E-02   accum. std. dev = 0.17553562E-03*
*   max. wt. =   0.291403E-03                                   *
*                                                               *
**************   chi**2/iteration = 0.8803       ****************

 Writing out intermediate results for iteration          36

************* Integration by Vegas (iteration  37) **************
*                                                               *
*  integral  = 0.55850017       accum. integral = 0.55629847    *
*  std. dev. = 0.10952777E-02   accum. std. dev = 0.17332381E-03*
*   max. wt. =   0.291403E-03                                   *
*                                                               *
**************   chi**2/iteration = 0.9709       ****************

 Writing out intermediate results for iteration          37

************* Integration by Vegas (iteration  38) **************
*                                                               *
*  integral  = 0.55716665       accum. integral = 0.55631985    *
*  std. dev. = 0.10907105E-02   accum. std. dev = 0.17117601E-03*
*   max. wt. =   0.291403E-03                                   *
*                                                               *
**************   chi**2/iteration = 0.9614       ****************

 Writing out intermediate results for iteration          38

************* Integration by Vegas (iteration  39) **************
*                                                               *
*  integral  = 0.55547318       accum. integral = 0.55629835    *
*  std. dev. = 0.10605270E-02   accum. std. dev = 0.16898891E-03*
*   max. wt. =   0.291403E-03                                   *
*                                                               *
**************   chi**2/iteration = 0.9524       ****************

 Writing out intermediate results for iteration          39

************* Integration by Vegas (iteration  40) **************
*                                                               *
*  integral  = 0.55461724       accum. integral = 0.55625498    *
*  std. dev. = 0.10384269E-02   accum. std. dev = 0.16679474E-03*
*   max. wt. =   0.291403E-03                                   *
*                                                               *
**************   chi**2/iteration = 0.9935       ****************

 Writing out intermediate results for iteration          40

************* Integration by Vegas (iteration  41) **************
*                                                               *
*  integral  = 0.55604236       accum. integral = 0.55625033    *
*  std. dev. = 0.11153049E-02   accum. std. dev = 0.16496024E-03*
*   max. wt. =   0.291403E-03                                   *
*                                                               *
**************   chi**2/iteration = 0.9695       ****************

 Writing out intermediate results for iteration          41

************* Integration by Vegas (iteration  42) **************
*                                                               *
*  integral  = 0.55381864       accum. integral = 0.55619418    *
*  std. dev. = 0.10729956E-02   accum. std. dev = 0.16304468E-03*
*   max. wt. =   0.291403E-03                                   *
*                                                               *
**************   chi**2/iteration =  1.068       ****************

 Writing out intermediate results for iteration          42

************* Integration by Vegas (iteration  43) **************
*                                                               *
*  integral  = 0.55521042       accum. integral = 0.55617224    *
*  std. dev. = 0.10794065E-02   accum. std. dev = 0.16121588E-03*
*   max. wt. =   0.291403E-03                                   *
*                                                               *
**************   chi**2/iteration =  1.062       ****************

 Writing out intermediate results for iteration          43

************* Integration by Vegas (iteration  44) **************
*                                                               *
*  integral  = 0.55759030       accum. integral = 0.55619932    *
*  std. dev. = 0.11554395E-02   accum. std. dev = 0.15966916E-03*
*   max. wt. =   0.313728E-03                                   *
*                                                               *
**************   chi**2/iteration =  1.072       ****************

 Writing out intermediate results for iteration          44

************* Integration by Vegas (iteration  45) **************
*                                                               *
*  integral  = 0.55617714       accum. integral = 0.55619888    *
*  std. dev. = 0.11326460E-02   accum. std. dev = 0.15810590E-03*
*   max. wt. =   0.313728E-03                                   *
*                                                               *
**************   chi**2/iteration =  1.047       ****************

 Writing out intermediate results for iteration          45

************* Integration by Vegas (iteration  46) **************
*                                                               *
*  integral  = 0.55474265       accum. integral = 0.55616853    *
*  std. dev. = 0.10835695E-02   accum. std. dev = 0.15644924E-03*
*   max. wt. =   0.313728E-03                                   *
*                                                               *
**************   chi**2/iteration =  1.063       ****************

 Writing out intermediate results for iteration          46

************* Integration by Vegas (iteration  47) **************
*                                                               *
*  integral  = 0.55744680       accum. integral = 0.55619557    *
*  std. dev. = 0.10642038E-02   accum. std. dev = 0.15478556E-03*
*   max. wt. =   0.313728E-03                                   *
*                                                               *
**************   chi**2/iteration =  1.071       ****************

 Writing out intermediate results for iteration          47

************* Integration by Vegas (iteration  48) **************
*                                                               *
*  integral  = 0.55622433       accum. integral = 0.55619614    *
*  std. dev. = 0.10893815E-02   accum. std. dev = 0.15324640E-03*
*   max. wt. =   0.313728E-03                                   *
*                                                               *
**************   chi**2/iteration =  1.048       ****************

 Writing out intermediate results for iteration          48

************* Integration by Vegas (iteration  49) **************
*                                                               *
*  integral  = 0.55589056       accum. integral = 0.55619019    *
*  std. dev. = 0.10879973E-02   accum. std. dev = 0.15174850E-03*
*   max. wt. =   0.313728E-03                                   *
*                                                               *
**************   chi**2/iteration =  1.028       ****************

 Writing out intermediate results for iteration          49

************* Integration by Vegas (iteration  50) **************
*                                                               *
*  integral  = 0.55701021       accum. integral = 0.55620584    *
*  std. dev. = 0.10880480E-02   accum. std. dev = 0.15029382E-03*
*   max. wt. =   0.313728E-03                                   *
*                                                               *
**************   chi**2/iteration =  1.018       ****************


Value of final lord integral is        0.5562 +/-     0.0002 fb

 Total number of shots       :     23619600
 Total no. failing cuts      :      8597614
 Number failing jet cuts     :            0
 Number failing process cuts :            0

   Jet efficiency : 100.00%
   Cut efficiency : 100.00%
 Total efficiency : 100.00%

 Contribution from parton sub-processes:
 ---------------------------------------
       GG     |           0.55621  100.00%
       GQ     |           0.00000    0.00%
       GQB    |           0.00000    0.00%
       QG     |           0.00000    0.00%
       QBG    |           0.00000    0.00%
       QQ     |           0.00000    0.00%
       QBQB   |           0.00000    0.00%
       QQB    |           0.00000    0.00%
       QBQ    |           0.00000    0.00%
 ---------------------------------------

 ****************************************************
 output files  cluster_CMS_m4l/CTEQ2m4/HHTOP/ggZZ4l_lord_cteq6_l_2___2___126_131_run_8
 ****************************************************
