 ************** MCFM - version 6.8 ****************
 *                                                *
 * MCFM, v6.8                   April 26th, 2014  *
 *                                                *
 * Authors: John Campbell, Keith Ellis,           *
 *          Ciaran Williams                       *
 *         (johnmc@fnal.gov, ellis@fnal.gov,      *
 *          ciaran@fnal.gov)                      *
 *                                                *
 * For details see:                               *
 *                                                *
 *  arXiv:1403.2641 (Triphoton production)        *
 *  arXiv:1312.1628 (gg->WW, Higgs interference)  *
 *  arXiv:1311.3589 (gg->ZZ, Higgs interference)  *
 *  Phys.Rev.D87:114006, arXiv:1302.3856          *
 *  (tZ, tH -- with R. Rontsch)                   *
 *  arXiv:1211.6390 (DM, P. Fox and C. Williams)  *
 *  JHEP 1211:162 (2012), arXiv:1208.0566         *
 *  (Z+gam+jet,Z+gam+gam -- with H. Hartanto)     *
 *  arXiv:1204.1513 (top production+decay)        *
 *  JHEP 1207:052 (2012), arXiv:1204.5678 (ttW)   *
 *  JHEP 1110:005 (2011), arXiv:1107.5569         *
 *         (gg->WW,Higgs intference)              *
 *  JHEP 1107:018 (2011), arXiv:1105.0020         *
 *         (diboson update)                       *
 *  JHEP 1103:027 (2011), arXiv:1011.6647         *
 *         (Wbb for mb>0, with S. Badger)         *
 *  Phys.Rev.D81:074023, arXiv:1001.4495 (H+2jet) *
 *                                                *
 *  P.R.L. 102:142001, arXiv:0903.0005 [hep-ph]   *
 *    (t-channel single top + explicit b,         *
 *      JC, R.Frederix, F.Maltoni, F.Tramontano)  *
 *  N.P.B 726:109(2005), hep-ph/0506289 (W+t)     *
 *  Phys.Rev.D70:094012, hep-ph/0408158 (Sngl Top)*
 *       (with Francesco Tramontano)              *
 *                                                *
 *  Phys.Rev.D65:113007, hep-ph/0202176 (W,Z+2j)  *
 *  Phys.Rev.D62:114012, hep-ph/0006304 (W,Z+bb)  *
 *  Phys.Rev.D60:113006, hep-ph/9905386 (diboson) *
 *                                                *
 * On the web:  http://mcfm.fnal.gov/             *
 **************************************************

 * Using input file named E_var/E_100/MSTW/HHTOP/input_131_100.DAT                                

 * [Flags to specify the mode in which MCFM is run]                                          
 *                   -1            [nevtrequested] 
 *                    F            [creatent] 
 *                    F            [skipnt] 
 *                    F            [dswhisto] 
 *                    F            [creategrid] 
 *                    T            [writetop] 
 *                    T            [writedat] 
 *                    T            [writegnu] 
 *                    T            [writeroot] 
 *                    F            [writepwg] 

 * [General options to specify the process and execution]                                    
 *                  131            [nproc] 
 *                 lord            [part] 
 * 131_run_100                     [runstring] 
 *          100000.0000            [sqrts] 
 *                    1            [ih1] 
 *                    1            [ih2] 
 *             126.0000            [hmass] 
 *               0.5000            [scale] 
 *               0.5000            [facscale] 
 * m(3456)                         [dynamicscale] 
 *                    F            [zerowidth] 
 *                    F            [removebr] 
 *                   20            [itmx1] 
 *              1000000            [ncall1] 
 *                   50            [itmx2] 
 *              1000000            [ncall2] 
 *                 2020            [ij] 
 *                    F            [dryrun] 
 *                    T            [Qflag] 
 *                    T            [Gflag] 

 * [Heavy quark masses]                                                                      
 *             173.2000            [top mass] 
 *               4.7500            [bottom mass] 
 *               1.5000            [charm mass] 

 * [Pdf selection]                                                                           
 *              mstw8lo            [pdlabel] 
 *                    4            [NGROUP] 
 *                   46            [NSET] 
 * cteq6mE.LHgrid                  [LHAPDF group] 
 *                   -1            [LHAPDF set] 

 * [Jet definition and event cuts]                                                           
 *               0.0000            [m34min] 
 *          100000.0000            [m34max] 
 *               0.0000            [m56min] 
 *          100000.0000            [m56max] 
 *                    T            [inclusive] 
 *                 ankt            [algorithm] 
 *              15.0000            [ptjetmin] 
 *               0.0000            [etajetmin] 
 *               5.0000            [etajetmax] 
 *               0.5000            [Rcut] 
 *                    T            [makecuts] 
 *               0.0000            [leptpt] 
 *              99.0000            [leptrap] 
 *    0.000,   0.000                [leptveto] 
 *               0.0000            [misspt] 
 *               0.0000            [leptpt2] 
 *              99.0000            [leptrap2] 
 *    0.000,   0.000                [leptveto2] 
 *               0.0000            [mtrans34cut] 
 *               0.0000            [Rjlmin] 
 *               0.0000            [Rllmin] 
 *               0.0000            [delyjjmin] 
 *                    F            [jetsopphem] 
 *                    0            [lbjscheme] 
 *               0.0000            [ptbjetmin] 
 *              99.0000            [etabjetmax] 

 * [Settings for photon processes]                                                           
 *                    F            [frag] 
 *             GdRG__LO            [fragset] 
 *              80.0000            [frag_scale] 
 *              20.0000            [gammpt] 
 *               2.5000            [gammrap] 
 *              20.0000            [gammpt2] 
 *              20.0000            [gammpt3] 
 *               0.0000            [Rgalmin] 
 *               0.4000            [Rgagamin] 
 *               0.4000            [Rgajetmin] 
 *               0.4000            [cone_ang] 
 *               0.5000            [epsilon_h] 

 * [Anomalous couplings of the W and Z]                                                      
 *               0.0000            [delg1_z] 
 *               0.0000            [delk_z] 
 *               0.0000            [delk_g] 
 *               0.0000            [lambda_z] 
 *               0.0000            [lambda_g] 
 *               0.0000            [h1Z] 
 *               0.0000            [h1gam] 
 *               0.0000            [h2Z] 
 *               0.0000            [h2gam] 
 *               0.0000            [h3Z] 
 *               0.0000            [h3gam] 
 *               0.0000            [h4Z] 
 *               0.0000            [h4gam] 
 *               2.0000            [tevscale] 

 * [Anomalous width of the Higgs]                                                            
 *               1.0000            [Gamma_H/Gamma_H(SM)] 

 * [How to resume/save a run]                                                                
 *                    F            [readin] 
 *                    F            [writeout] 
 *                                 [ingridfile] 
 *                                 [outgridfile] 

 * [Technical parameters that should not normally be changed]

 *                    F            [debug] 
 *                    T            [verbose] 
 *                    F            [new_pspace] 
 *                    F            [virtonly] 
 *                    F            [realonly] 
 *                    T            [spira] 
 *                    F            [noglue] 
 *                    F            [ggonly] 
 *                    F            [gqonly] 
 *                    F            [omitgg] 
 *                    F            [vanillafiles] 
 *                    1            [nmin] 
 *                    2            [nmax] 
 *                    T            [clustering] 
 *                    F            [realwt] 
 *                    0            [colourchoice] 
 *               0.0100            [rtsmin] 
 *               0.0001            [cutoff] 
 *               0.1000            [aii] 
 *               0.1000            [aif] 
 *               0.1000            [afi] 
 *               1.0000            [aff] 
 *               1.0000            [bfi] 
 *               1.0000            [bff] 

 Chooser:process chosen by nproc=         131

 *************************** f(p1)+f(p2) --> ******************************************
 * Z^0(e^-(p3)+e^+(p4)) + Z^0(mu^-(p5)+mu^+(p6) [gg only, (H + gg->ZZ) squared]       *
 **************************************************************************************

 ************** Electroweak parameters **************
 *                                                  *
 *  zmass(+)   91.1876000     wmass(+)  80.3980000  *
 * zwidth(+)    2.4952000    wwidth(+)   2.1054000  *
 *     Gf(+) 0.116639D-04   1/aemmz    132.3384323  *
 *     xw       0.2226459      mtop(+) 173.2000000  *
 *   gwsq       0.4264904       esq      0.0949563  *
 * top width    1.4743080 (LO)                      *
 *    mb        4.7500000        mc      1.5000000  *
 *                                                  *
 * Parameters marked (+) are input, others derived  *
 ****************************************************

 ****************** Higgs parameters ****************
 *                                                  *
 *   mass(H) =  126.00      width(H) =  0.43070E-02 *
 *                                                  *
 *              Br( H -> b bbar)  =   0.48164       *
 *              Br( H -> tau tau) =   0.06056       *
 *              Br( H -> W W)     =   0.00000       *
 *              Br( H -> Z Z)     =   0.00000       *
 *              Br( H -> gam gam) =   0.00235       *
 *              Br( H -> Z gam)   =   0.00164       *
 ****************************************************
 *                                                  *
 * Note: branching ratios reported here can be > 1  *
 *       since the total Higgs width is calculated  *
 *       at NLO but the BR calculation uses a       *
 *       partial width at LO only.                  *
 *                                                  *
 ****************************************************

 WARNING: Higgs decay H->ZZ is below threshold and
 may not yield sensible results - check the number
 of integration points

 ***************** CKM mixing matrix ****************
 *                                                  *
 *      Vud=.97500    Vus=.22200    Vub=0.0000      *
 *      Vcd=.22200    Vcs=.97500    Vcb=0.0000      *
 ****************************************************

 ************* Strong coupling, alpha_s  ************
 *                                                  *
 *  Dynamic scale - alpha_s changed event-by-event  *
 *       alpha_s (zmass)  0.13939000                *
 *         (using 1-loop running of alpha_s)        *
 ****************************************************

 ****************************************
 *     Cross section in femtobarns      *
 ****************************************


 input parameters for vegas:  ndim= 10  ncall= 944784.
                              it=    0  itmx=   20
                              nprn=  0  alph= 1.50
                              mds=  1   nd= 100
                              xl( 1)=   0.000     xu( 1)=   1.000    
                              xl( 2)=   0.000     xu( 2)=   1.000    
                              xl( 3)=   0.000     xu( 3)=   1.000    
                              xl( 4)=   0.000     xu( 4)=   1.000    
                              xl( 5)=   0.000     xu( 5)=   1.000    
                              xl( 6)=   0.000     xu( 6)=   1.000    
                              xl( 7)=   0.000     xu( 7)=   1.000    
                              xl( 8)=   0.000     xu( 8)=   1.000    
                              xl( 9)=   0.000     xu( 9)=   1.000    
                              xl(10)=   0.000     xu(10)=   1.000    

 ****************** Basic mass cuts *****************
 *                                                  *
 *              0.00  <   m34  < 100000.00           *
 *              0.00  <   m56  < 100000.00           *
 ****************************************************
 *********** CMS Higgs Search cuts******
 *                                     *
 *     pt(mu) >           5.00 GeV     *
 *     pt(el) >           7.00 GeV     *
 *     |eta_mu| <         2.40         *
 *     |eta_el| <         2.50         *
 *     m4lmin >         100.00 GeV     *
 *     m2lmin >           4.00 GeV     *
 *     ptleading >       20.00 GeV     *
 *     ptnexttoleading > 10.00 GeV     *
 *     mllnear >         40.00 GeV     *
 *     mllfar >          12.00 GeV     *
 *     mllmax >         120.00 GeV     *
 ***************************************

 ************** Dynamic scale choice ****************
 *                                                  *
 *                 RENORMALIZATION                  *
 *       mu_ren  =  0.50 x m(3456)                  *
 *                                                  *
 *                  FACTORIZATION                   *
 *       mu_fac  =  0.50 x m(3456)                  *
 *                                                  *
 ****************************************************
 ====================================================
   This is QCDLoop - version 1.95                    
   Authors: Keith Ellis and Giulia Zanderighi        
   (ellis@fnal.gov, g.zanderighi1@physics.ox.ac.uk)  
   For details see FERMILAB-PUB-07-633-T,OUTP-07/16P 
   arXiv:0712.1851 [hep-ph], published in            
   JHEP 0802:002,2008.                               
 ====================================================
 ====================================================
   FF 2.0, a package to evaluate one-loop integrals
 written by G. J. van Oldenborgh, NIKHEF-H, Amsterdam
 ====================================================
 for the algorithms used see preprint NIKHEF-H 89/17,
 'New Algorithms for One-loop Integrals', by G.J. van
 Oldenborgh and J.A.M. Vermaseren, published in 
 Zeitschrift fuer Physik C46(1990)425.
 ====================================================
 ffini: precx =   4.44089209850062616E-016
 ffini: precc =   4.44089209850062616E-016
 ffini: xalogm =   4.94065645841246544E-324
 ffini: xclogm =   4.94065645841246544E-324
 ****************************************************
 *                                                  *
 *  gg->ZZ box loop includes gens. 1 and 2          *
 *  gg->ZZ box loop includes bottom quark           *
 *  gg->ZZ box loop includes top quark              *
 *                                                  *
 *  Numer. stability: pt(Z) > 0.100 GeV (gens. 1,2) *
 *  Numer. stability: pt(Z) > 0.100 GeV (b,t loops) *
 *                                                  *
 ****************************************************
 Reading PDF grid from Pdfdata/mstw2008lo.00.dat

************* Integration by Vegas (iteration   1) **************
*                                                               *
*  integral  =  60.527867       accum. integral =  60.527867    *
*  std. dev. =  1.8710407       accum. std. dev =  1.8710407    *
*   max. wt. =   0.974008                                       *
*                                                               *
**************   chi**2/iteration =  0.000       ****************


************* Integration by Vegas (iteration   2) **************
*                                                               *
*  integral  =  62.175657       accum. integral =  61.691710    *
*  std. dev. =  1.2065211       accum. std. dev =  1.0139842    *
*   max. wt. =   0.974008                                       *
*                                                               *
**************   chi**2/iteration = 0.5424       ****************


************* Integration by Vegas (iteration   3) **************
*                                                               *
*  integral  =  62.178915       accum. integral =  62.101072    *
*  std. dev. = 0.44216760       accum. std. dev = 0.40530770    *
*   max. wt. =   0.974008                                       *
*                                                               *
**************   chi**2/iteration = 0.3690       ****************


************* Integration by Vegas (iteration   4) **************
*                                                               *
*  integral  =  62.333726       accum. integral =  62.304736    *
*  std. dev. = 0.15291610       accum. std. dev = 0.14307209    *
*   max. wt. =   0.974008                                       *
*                                                               *
**************   chi**2/iteration = 0.3423       ****************


************* Integration by Vegas (iteration   5) **************
*                                                               *
*  integral  =  62.229442       accum. integral =  62.253926    *
*  std. dev. = 0.99317746E-01   accum. std. dev = 0.81586730E-01*
*   max. wt. =   0.974008                                       *
*                                                               *
**************   chi**2/iteration = 0.3035       ****************


************* Integration by Vegas (iteration   6) **************
*                                                               *
*  integral  =  62.369167       accum. integral =  62.303692    *
*  std. dev. = 0.93581525E-01   accum. std. dev = 0.61496929E-01*
*   max. wt. =   0.974008                                       *
*                                                               *
**************   chi**2/iteration = 0.4149       ****************


************* Integration by Vegas (iteration   7) **************
*                                                               *
*  integral  =  62.178228       accum. integral =  62.263345    *
*  std. dev. = 0.89321249E-01   accum. std. dev = 0.50652588E-01*
*   max. wt. =   0.974008                                       *
*                                                               *
**************   chi**2/iteration = 0.5686       ****************


************* Integration by Vegas (iteration   8) **************
*                                                               *
*  integral  =  62.332670       accum. integral =  62.280516    *
*  std. dev. = 0.88278012E-01   accum. std. dev = 0.43934099E-01*
*   max. wt. =   0.974008                                       *
*                                                               *
**************   chi**2/iteration = 0.5537       ****************


************* Integration by Vegas (iteration   9) **************
*                                                               *
*  integral  =  62.351427       accum. integral =  62.294113    *
*  std. dev. = 0.90202151E-01   accum. std. dev = 0.39498127E-01*
*   max. wt. =   0.974008                                       *
*                                                               *
**************   chi**2/iteration = 0.5469       ****************


************* Integration by Vegas (iteration  10) **************
*                                                               *
*  integral  =  62.260700       accum. integral =  62.288510    *
*  std. dev. = 0.87997016E-01   accum. std. dev = 0.36034580E-01*
*   max. wt. =   0.974008                                       *
*                                                               *
**************   chi**2/iteration = 0.4995       ****************


************* Integration by Vegas (iteration  11) **************
*                                                               *
*  integral  =  62.370756       accum. integral =  62.300440    *
*  std. dev. = 0.87483727E-01   accum. std. dev = 0.33318795E-01*
*   max. wt. =   0.974008                                       *
*                                                               *
**************   chi**2/iteration = 0.5251       ****************


************* Integration by Vegas (iteration  12) **************
*                                                               *
*  integral  =  62.257509       accum. integral =  62.294875    *
*  std. dev. = 0.86343515E-01   accum. std. dev = 0.31084694E-01*
*   max. wt. =   0.974008                                       *
*                                                               *
**************   chi**2/iteration = 0.4970       ****************


************* Integration by Vegas (iteration  13) **************
*                                                               *
*  integral  =  62.162535       accum. integral =  62.281845    *
*  std. dev. = 0.94058443E-01   accum. std. dev = 0.29514673E-01*
*   max. wt. =   0.974008                                       *
*                                                               *
**************   chi**2/iteration = 0.6042       ****************


************* Integration by Vegas (iteration  14) **************
*                                                               *
*  integral  =  62.248108       accum. integral =  62.278696    *
*  std. dev. = 0.92001055E-01   accum. std. dev = 0.28103888E-01*
*   max. wt. =   0.974008                                       *
*                                                               *
**************   chi**2/iteration = 0.5671       ****************


************* Integration by Vegas (iteration  15) **************
*                                                               *
*  integral  =  62.298552       accum. integral =  62.280545    *
*  std. dev. = 0.87723334E-01   accum. std. dev = 0.26763949E-01*
*   max. wt. =   0.974008                                       *
*                                                               *
**************   chi**2/iteration = 0.5300       ****************


************* Integration by Vegas (iteration  16) **************
*                                                               *
*  integral  =  62.427888       accum. integral =  62.291326    *
*  std. dev. = 0.95255265E-01   accum. std. dev = 0.25766215E-01*
*   max. wt. =   0.974008                                       *
*                                                               *
**************   chi**2/iteration = 0.6424       ****************


************* Integration by Vegas (iteration  17) **************
*                                                               *
*  integral  =  62.243447       accum. integral =  62.287718    *
*  std. dev. = 0.90268455E-01   accum. std. dev = 0.24776628E-01*
*   max. wt. =   0.974008                                       *
*                                                               *
**************   chi**2/iteration = 0.6185       ****************


************* Integration by Vegas (iteration  18) **************
*                                                               *
*  integral  =  62.385533       accum. integral =  62.294523    *
*  std. dev. = 0.90613625E-01   accum. std. dev = 0.23899316E-01*
*   max. wt. =   0.974008                                       *
*                                                               *
**************   chi**2/iteration = 0.6459       ****************


************* Integration by Vegas (iteration  19) **************
*                                                               *
*  integral  =  62.178658       accum. integral =  62.286408    *
*  std. dev. = 0.87088303E-01   accum. std. dev = 0.23047227E-01*
*   max. wt. =   0.974008                                       *
*                                                               *
**************   chi**2/iteration = 0.7014       ****************


************* Integration by Vegas (iteration  20) **************
*                                                               *
*  integral  =  62.205737       accum. integral =  62.281226    *
*  std. dev. = 0.87966839E-01   accum. std. dev = 0.22294732E-01*
*   max. wt. =   0.974008                                       *
*                                                               *
**************   chi**2/iteration = 0.7059       ****************


 input parameters for vegas:  ndim= 10  ncall= 944784.
                              it=   21  itmx=   50
                              nprn=  0  alph= 1.50
                              mds=  1   nd= 100
                              xl( 1)=   0.000     xu( 1)=   1.000    
                              xl( 2)=   0.000     xu( 2)=   1.000    
                              xl( 3)=   0.000     xu( 3)=   1.000    
                              xl( 4)=   0.000     xu( 4)=   1.000    
                              xl( 5)=   0.000     xu( 5)=   1.000    
                              xl( 6)=   0.000     xu( 6)=   1.000    
                              xl( 7)=   0.000     xu( 7)=   1.000    
                              xl( 8)=   0.000     xu( 8)=   1.000    
                              xl( 9)=   0.000     xu( 9)=   1.000    
                              xl(10)=   0.000     xu(10)=   1.000    

************* Integration by Vegas (iteration   1) **************
*                                                               *
*  integral  =  62.344851       accum. integral =  62.344851    *
*  std. dev. = 0.87439888E-01   accum. std. dev = 0.87439888E-01*
*   max. wt. =   0.801182E-02                                   *
*                                                               *
**************   chi**2/iteration =  0.000       ****************

 Writing out intermediate results for iteration           1

************* Integration by Vegas (iteration   2) **************
*                                                               *
*  integral  =  62.305987       accum. integral =  62.325855    *
*  std. dev. = 0.89422252E-01   accum. std. dev = 0.62518427E-01*
*   max. wt. =   0.159545E-01                                   *
*                                                               *
**************   chi**2/iteration = 0.9560E-01   ****************

 Writing out intermediate results for iteration           2

************* Integration by Vegas (iteration   3) **************
*                                                               *
*  integral  =  62.320323       accum. integral =  62.324091    *
*  std. dev. = 0.91400732E-01   accum. std. dev = 0.51601888E-01*
*   max. wt. =   0.214710E-01                                   *
*                                                               *
**************   chi**2/iteration = 0.4928E-01   ****************

 Writing out intermediate results for iteration           3

************* Integration by Vegas (iteration   4) **************
*                                                               *
*  integral  =  62.417576       accum. integral =  62.343675    *
*  std. dev. = 0.10023969       accum. std. dev = 0.45879610E-01*
*   max. wt. =   0.404481E-01                                   *
*                                                               *
**************   chi**2/iteration = 0.2613       ****************

 Writing out intermediate results for iteration           4

************* Integration by Vegas (iteration   5) **************
*                                                               *
*  integral  =  62.222076       accum. integral =  62.321169    *
*  std. dev. = 0.96268752E-01   accum. std. dev = 0.41416649E-01*
*   max. wt. =   0.404481E-01                                   *
*                                                               *
**************   chi**2/iteration = 0.5204       ****************

 Writing out intermediate results for iteration           5

************* Integration by Vegas (iteration   6) **************
*                                                               *
*  integral  =  62.258227       accum. integral =  62.310229    *
*  std. dev. = 0.90300568E-01   accum. std. dev = 0.37645856E-01*
*   max. wt. =   0.404481E-01                                   *
*                                                               *
**************   chi**2/iteration = 0.4966       ****************

 Writing out intermediate results for iteration           6

************* Integration by Vegas (iteration   7) **************
*                                                               *
*  integral  =  62.294643       accum. integral =  62.307939    *
*  std. dev. = 0.90695879E-01   accum. std. dev = 0.34769601E-01*
*   max. wt. =   0.404481E-01                                   *
*                                                               *
**************   chi**2/iteration = 0.4182       ****************

 Writing out intermediate results for iteration           7

************* Integration by Vegas (iteration   8) **************
*                                                               *
*  integral  =  62.174732       accum. integral =  62.291068    *
*  std. dev. = 0.91305890E-01   accum. std. dev = 0.32493375E-01*
*   max. wt. =   0.404481E-01                                   *
*                                                               *
**************   chi**2/iteration = 0.6237       ****************

 Writing out intermediate results for iteration           8

************* Integration by Vegas (iteration   9) **************
*                                                               *
*  integral  =  62.290574       accum. integral =  62.291013    *
*  std. dev. = 0.91181945E-01   accum. std. dev = 0.30607979E-01*
*   max. wt. =   0.404481E-01                                   *
*                                                               *
**************   chi**2/iteration = 0.5459       ****************

 Writing out intermediate results for iteration           9

************* Integration by Vegas (iteration  10) **************
*                                                               *
*  integral  =  62.312016       accum. integral =  62.293197    *
*  std. dev. = 0.89848835E-01   accum. std. dev = 0.28972960E-01*
*   max. wt. =   0.404481E-01                                   *
*                                                               *
**************   chi**2/iteration = 0.4907       ****************

 Writing out intermediate results for iteration          10

************* Integration by Vegas (iteration  11) **************
*                                                               *
*  integral  =  62.402100       accum. integral =  62.303505    *
*  std. dev. = 0.89604034E-01   accum. std. dev = 0.27567658E-01*
*   max. wt. =   0.404481E-01                                   *
*                                                               *
**************   chi**2/iteration = 0.5753       ****************

 Writing out intermediate results for iteration          11

************* Integration by Vegas (iteration  12) **************
*                                                               *
*  integral  =  62.434776       accum. integral =  62.314215    *
*  std. dev. = 0.92492256E-01   accum. std. dev = 0.26419137E-01*
*   max. wt. =   0.404481E-01                                   *
*                                                               *
**************   chi**2/iteration = 0.6911       ****************

 Writing out intermediate results for iteration          12

************* Integration by Vegas (iteration  13) **************
*                                                               *
*  integral  =  62.190713       accum. integral =  62.304806    *
*  std. dev. = 0.91995031E-01   accum. std. dev = 0.25392778E-01*
*   max. wt. =   0.404481E-01                                   *
*                                                               *
**************   chi**2/iteration = 0.7722       ****************

 Writing out intermediate results for iteration          13

************* Integration by Vegas (iteration  14) **************
*                                                               *
*  integral  =  62.370782       accum. integral =  62.309541    *
*  std. dev. = 0.91320359E-01   accum. std. dev = 0.24464599E-01*
*   max. wt. =   0.404481E-01                                   *
*                                                               *
**************   chi**2/iteration = 0.7500       ****************

 Writing out intermediate results for iteration          14

************* Integration by Vegas (iteration  15) **************
*                                                               *
*  integral  =  62.385574       accum. integral =  62.314608    *
*  std. dev. = 0.91554405E-01   accum. std. dev = 0.23635327E-01*
*   max. wt. =   0.404481E-01                                   *
*                                                               *
**************   chi**2/iteration = 0.7425       ****************

 Writing out intermediate results for iteration          15

************* Integration by Vegas (iteration  16) **************
*                                                               *
*  integral  =  62.285321       accum. integral =  62.312808    *
*  std. dev. = 0.92352916E-01   accum. std. dev = 0.22897364E-01*
*   max. wt. =   0.404481E-01                                   *
*                                                               *
**************   chi**2/iteration = 0.6993       ****************

 Writing out intermediate results for iteration          16

************* Integration by Vegas (iteration  17) **************
*                                                               *
*  integral  =  62.272659       accum. integral =  62.310442    *
*  std. dev. = 0.91501138E-01   accum. std. dev = 0.22212444E-01*
*   max. wt. =   0.404481E-01                                   *
*                                                               *
**************   chi**2/iteration = 0.6669       ****************

 Writing out intermediate results for iteration          17

************* Integration by Vegas (iteration  18) **************
*                                                               *
*  integral  =  62.270607       accum. integral =  62.308369    *
*  std. dev. = 0.94824525E-01   accum. std. dev = 0.21627009E-01*
*   max. wt. =   0.404481E-01                                   *
*                                                               *
**************   chi**2/iteration = 0.6375       ****************

 Writing out intermediate results for iteration          18

************* Integration by Vegas (iteration  19) **************
*                                                               *
*  integral  =  62.342421       accum. integral =  62.310029    *
*  std. dev. = 0.95535431E-01   accum. std. dev = 0.21093283E-01*
*   max. wt. =   0.404481E-01                                   *
*                                                               *
**************   chi**2/iteration = 0.6089       ****************

 Writing out intermediate results for iteration          19

************* Integration by Vegas (iteration  20) **************
*                                                               *
*  integral  =  62.166232       accum. integral =  62.302955    *
*  std. dev. = 0.92732013E-01   accum. std. dev = 0.20567898E-01*
*   max. wt. =   0.404481E-01                                   *
*                                                               *
**************   chi**2/iteration = 0.6971       ****************

 Writing out intermediate results for iteration          20

************* Integration by Vegas (iteration  21) **************
*                                                               *
*  integral  =  62.242977       accum. integral =  62.300425    *
*  std. dev. = 0.98006020E-01   accum. std. dev = 0.20129398E-01*
*   max. wt. =   0.404481E-01                                   *
*                                                               *
**************   chi**2/iteration = 0.6802       ****************

 Writing out intermediate results for iteration          21

************* Integration by Vegas (iteration  22) **************
*                                                               *
*  integral  =  62.135613       accum. integral =  62.293422    *
*  std. dev. = 0.95556505E-01   accum. std. dev = 0.19697109E-01*
*   max. wt. =   0.404481E-01                                   *
*                                                               *
**************   chi**2/iteration = 0.7834       ****************

 Writing out intermediate results for iteration          22

************* Integration by Vegas (iteration  23) **************
*                                                               *
*  integral  =  62.315787       accum. integral =  62.294358    *
*  std. dev. = 0.94278721E-01   accum. std. dev = 0.19280806E-01*
*   max. wt. =   0.404481E-01                                   *
*                                                               *
**************   chi**2/iteration = 0.7502       ****************

 Writing out intermediate results for iteration          23

************* Integration by Vegas (iteration  24) **************
*                                                               *
*  integral  =  62.377338       accum. integral =  62.297837    *
*  std. dev. = 0.92171933E-01   accum. std. dev = 0.18872324E-01*
*   max. wt. =   0.404481E-01                                   *
*                                                               *
**************   chi**2/iteration = 0.7514       ****************

 Writing out intermediate results for iteration          24

************* Integration by Vegas (iteration  25) **************
*                                                               *
*  integral  =  62.344400       accum. integral =  62.299589    *
*  std. dev. = 0.95423357E-01   accum. std. dev = 0.18513716E-01*
*   max. wt. =   0.404481E-01                                   *
*                                                               *
**************   chi**2/iteration = 0.7296       ****************

 Writing out intermediate results for iteration          25

************* Integration by Vegas (iteration  26) **************
*                                                               *
*  integral  =  62.330775       accum. integral =  62.300758    *
*  std. dev. = 0.93845928E-01   accum. std. dev = 0.18163639E-01*
*   max. wt. =   0.404481E-01                                   *
*                                                               *
**************   chi**2/iteration = 0.7047       ****************

 Writing out intermediate results for iteration          26

************* Integration by Vegas (iteration  27) **************
*                                                               *
*  integral  =  62.076159       accum. integral =  62.292254    *
*  std. dev. = 0.91561853E-01   accum. std. dev = 0.17816457E-01*
*   max. wt. =   0.404481E-01                                   *
*                                                               *
**************   chi**2/iteration = 0.9002       ****************

 Writing out intermediate results for iteration          27

************* Integration by Vegas (iteration  28) **************
*                                                               *
*  integral  =  62.367002       accum. integral =  62.294838    *
*  std. dev. = 0.94137701E-01   accum. std. dev = 0.17505696E-01*
*   max. wt. =   0.404481E-01                                   *
*                                                               *
**************   chi**2/iteration = 0.8894       ****************

 Writing out intermediate results for iteration          28

************* Integration by Vegas (iteration  29) **************
*                                                               *
*  integral  =  62.415188       accum. integral =  62.298476    *
*  std. dev. = 0.99160410E-01   accum. std. dev = 0.17239119E-01*
*   max. wt. =   0.404481E-01                                   *
*                                                               *
**************   chi**2/iteration = 0.9086       ****************

 Writing out intermediate results for iteration          29

************* Integration by Vegas (iteration  30) **************
*                                                               *
*  integral  =  62.254894       accum. integral =  62.297113    *
*  std. dev. = 0.95962644E-01   accum. std. dev = 0.16967505E-01*
*   max. wt. =   0.404481E-01                                   *
*                                                               *
**************   chi**2/iteration = 0.8842       ****************

 Writing out intermediate results for iteration          30

************* Integration by Vegas (iteration  31) **************
*                                                               *
*  integral  =  62.320713       accum. integral =  62.297825    *
*  std. dev. = 0.96254294E-01   accum. std. dev = 0.16709871E-01*
*   max. wt. =   0.404481E-01                                   *
*                                                               *
**************   chi**2/iteration = 0.8567       ****************

 Writing out intermediate results for iteration          31

************* Integration by Vegas (iteration  32) **************
*                                                               *
*  integral  =  62.384709       accum. integral =  62.300397    *
*  std. dev. = 0.95670163E-01   accum. std. dev = 0.16460678E-01*
*   max. wt. =   0.404481E-01                                   *
*                                                               *
**************   chi**2/iteration = 0.8549       ****************

 Writing out intermediate results for iteration          32

************* Integration by Vegas (iteration  33) **************
*                                                               *
*  integral  =  62.297234       accum. integral =  62.300313    *
*  std. dev. = 0.10003513       accum. std. dev = 0.16242256E-01*
*   max. wt. =   0.404481E-01                                   *
*                                                               *
**************   chi**2/iteration = 0.8282       ****************

 Writing out intermediate results for iteration          33

************* Integration by Vegas (iteration  34) **************
*                                                               *
*  integral  =  62.214463       accum. integral =  62.298081    *
*  std. dev. = 0.99416425E-01   accum. std. dev = 0.16029734E-01*
*   max. wt. =   0.404481E-01                                   *
*                                                               *
**************   chi**2/iteration = 0.8251       ****************

 Writing out intermediate results for iteration          34

************* Integration by Vegas (iteration  35) **************
*                                                               *
*  integral  =  62.209154       accum. integral =  62.295871    *
*  std. dev. = 0.10039589       accum. std. dev = 0.15829237E-01*
*   max. wt. =   0.404481E-01                                   *
*                                                               *
**************   chi**2/iteration = 0.8233       ****************

 Writing out intermediate results for iteration          35

************* Integration by Vegas (iteration  36) **************
*                                                               *
*  integral  =  62.180307       accum. integral =  62.292851    *
*  std. dev. = 0.96635959E-01   accum. std. dev = 0.15621057E-01*
*   max. wt. =   0.404481E-01                                   *
*                                                               *
**************   chi**2/iteration = 0.8396       ****************

 Writing out intermediate results for iteration          36

************* Integration by Vegas (iteration  37) **************
*                                                               *
*  integral  =  62.466172       accum. integral =  62.297207    *
*  std. dev. = 0.97289083E-01   accum. std. dev = 0.15423509E-01*
*   max. wt. =   0.404481E-01                                   *
*                                                               *
**************   chi**2/iteration = 0.9022       ****************

 Writing out intermediate results for iteration          37

************* Integration by Vegas (iteration  38) **************
*                                                               *
*  integral  =  62.388451       accum. integral =  62.299475    *
*  std. dev. = 0.96614680E-01   accum. std. dev = 0.15230655E-01*
*   max. wt. =   0.404481E-01                                   *
*                                                               *
**************   chi**2/iteration = 0.9013       ****************

 Writing out intermediate results for iteration          38

************* Integration by Vegas (iteration  39) **************
*                                                               *
*  integral  =  62.496697       accum. integral =  62.304303    *
*  std. dev. = 0.96140983E-01   accum. std. dev = 0.15043058E-01*
*   max. wt. =   0.404481E-01                                   *
*                                                               *
**************   chi**2/iteration = 0.9856       ****************

 Writing out intermediate results for iteration          39

************* Integration by Vegas (iteration  40) **************
*                                                               *
*  integral  =  62.353085       accum. integral =  62.305412    *
*  std. dev. = 0.98613988E-01   accum. std. dev = 0.14871029E-01*
*   max. wt. =   0.404481E-01                                   *
*                                                               *
**************   chi**2/iteration = 0.9665       ****************

 Writing out intermediate results for iteration          40

************* Integration by Vegas (iteration  41) **************
*                                                               *
*  integral  =  62.341241       accum. integral =  62.306234    *
*  std. dev. = 0.97051953E-01   accum. std. dev = 0.14699468E-01*
*   max. wt. =   0.404481E-01                                   *
*                                                               *
**************   chi**2/iteration = 0.9457       ****************

 Writing out intermediate results for iteration          41

************* Integration by Vegas (iteration  42) **************
*                                                               *
*  integral  =  62.354785       accum. integral =  62.307221    *
*  std. dev. = 0.10206779       accum. std. dev = 0.14549360E-01*
*   max. wt. =   0.404481E-01                                   *
*                                                               *
**************   chi**2/iteration = 0.9280       ****************

 Writing out intermediate results for iteration          42

************* Integration by Vegas (iteration  43) **************
*                                                               *
*  integral  =  62.339773       accum. integral =  62.307897    *
*  std. dev. = 0.99900226E-01   accum. std. dev = 0.14397471E-01*
*   max. wt. =   0.404481E-01                                   *
*                                                               *
**************   chi**2/iteration = 0.9084       ****************

 Writing out intermediate results for iteration          43

************* Integration by Vegas (iteration  44) **************
*                                                               *
*  integral  =  62.276417       accum. integral =  62.307221    *
*  std. dev. = 0.97197965E-01   accum. std. dev = 0.14242075E-01*
*   max. wt. =   0.404481E-01                                   *
*                                                               *
**************   chi**2/iteration = 0.8897       ****************

 Writing out intermediate results for iteration          44

************* Integration by Vegas (iteration  45) **************
*                                                               *
*  integral  =  62.350437       accum. integral =  62.308129    *
*  std. dev. = 0.97218354E-01   accum. std. dev = 0.14091667E-01*
*   max. wt. =   0.404481E-01                                   *
*                                                               *
**************   chi**2/iteration = 0.8738       ****************

 Writing out intermediate results for iteration          45

************* Integration by Vegas (iteration  46) **************
*                                                               *
*  integral  =  62.353460       accum. integral =  62.309041    *
*  std. dev. = 0.98352759E-01   accum. std. dev = 0.13949218E-01*
*   max. wt. =   0.404481E-01                                   *
*                                                               *
**************   chi**2/iteration = 0.8591       ****************

 Writing out intermediate results for iteration          46

************* Integration by Vegas (iteration  47) **************
*                                                               *
*  integral  =  62.381773       accum. integral =  62.310448    *
*  std. dev. = 0.99304642E-01   accum. std. dev = 0.13813602E-01*
*   max. wt. =   0.404481E-01                                   *
*                                                               *
**************   chi**2/iteration = 0.8518       ****************

 Writing out intermediate results for iteration          47

************* Integration by Vegas (iteration  48) **************
*                                                               *
*  integral  =  62.304628       accum. integral =  62.310336    *
*  std. dev. = 0.98299660E-01   accum. std. dev = 0.13679198E-01*
*   max. wt. =   0.404481E-01                                   *
*                                                               *
**************   chi**2/iteration = 0.8338       ****************

 Writing out intermediate results for iteration          48

************* Integration by Vegas (iteration  49) **************
*                                                               *
*  integral  =  62.438003       accum. integral =  62.312611    *
*  std. dev. = 0.10155167       accum. std. dev = 0.13556760E-01*
*   max. wt. =   0.404481E-01                                   *
*                                                               *
**************   chi**2/iteration = 0.8487       ****************

 Writing out intermediate results for iteration          49

************* Integration by Vegas (iteration  50) **************
*                                                               *
*  integral  =  62.202839       accum. integral =  62.310604    *
*  std. dev. = 0.99348264E-01   accum. std. dev = 0.13432279E-01*
*   max. wt. =   0.404481E-01                                   *
*                                                               *
**************   chi**2/iteration = 0.8559       ****************


Value of final lord integral is       62.3106 +/-     0.0134 fb

 Total number of shots       :     47239200
 Total no. failing cuts      :     18681601
 Number failing jet cuts     :            0
 Number failing process cuts :            0

   Jet efficiency : 100.00%
   Cut efficiency : 100.00%
 Total efficiency : 100.00%

 Contribution from parton sub-processes:
 ---------------------------------------
       GG     |          62.31060  100.00%
       GQ     |           0.00000    0.00%
       GQB    |           0.00000    0.00%
       QG     |           0.00000    0.00%
       QBG    |           0.00000    0.00%
       QQ     |           0.00000    0.00%
       QBQB   |           0.00000    0.00%
       QQB    |           0.00000    0.00%
       QBQ    |           0.00000    0.00%
 ---------------------------------------

 ****************************************************
 output files  E_var/E_100/MSTW/HHTOP/ggZZ4l_lord_mstw8lo_0___0___126_131_run_100
 ****************************************************
