 ************** MCFM - version 6.8 ****************
 *                                                *
 * MCFM, v6.8                   April 26th, 2014  *
 *                                                *
 * Authors: John Campbell, Keith Ellis,           *
 *          Ciaran Williams                       *
 *         (johnmc@fnal.gov, ellis@fnal.gov,      *
 *          ciaran@fnal.gov)                      *
 *                                                *
 * For details see:                               *
 *                                                *
 *  arXiv:1403.2641 (Triphoton production)        *
 *  arXiv:1312.1628 (gg->WW, Higgs interference)  *
 *  arXiv:1311.3589 (gg->ZZ, Higgs interference)  *
 *  Phys.Rev.D87:114006, arXiv:1302.3856          *
 *  (tZ, tH -- with R. Rontsch)                   *
 *  arXiv:1211.6390 (DM, P. Fox and C. Williams)  *
 *  JHEP 1211:162 (2012), arXiv:1208.0566         *
 *  (Z+gam+jet,Z+gam+gam -- with H. Hartanto)     *
 *  arXiv:1204.1513 (top production+decay)        *
 *  JHEP 1207:052 (2012), arXiv:1204.5678 (ttW)   *
 *  JHEP 1110:005 (2011), arXiv:1107.5569         *
 *         (gg->WW,Higgs intference)              *
 *  JHEP 1107:018 (2011), arXiv:1105.0020         *
 *         (diboson update)                       *
 *  JHEP 1103:027 (2011), arXiv:1011.6647         *
 *         (Wbb for mb>0, with S. Badger)         *
 *  Phys.Rev.D81:074023, arXiv:1001.4495 (H+2jet) *
 *                                                *
 *  P.R.L. 102:142001, arXiv:0903.0005 [hep-ph]   *
 *    (t-channel single top + explicit b,         *
 *      JC, R.Frederix, F.Maltoni, F.Tramontano)  *
 *  N.P.B 726:109(2005), hep-ph/0506289 (W+t)     *
 *  Phys.Rev.D70:094012, hep-ph/0408158 (Sngl Top)*
 *       (with Francesco Tramontano)              *
 *                                                *
 *  Phys.Rev.D65:113007, hep-ph/0202176 (W,Z+2j)  *
 *  Phys.Rev.D62:114012, hep-ph/0006304 (W,Z+bb)  *
 *  Phys.Rev.D60:113006, hep-ph/9905386 (diboson) *
 *                                                *
 * On the web:  http://mcfm.fnal.gov/             *
 **************************************************

 * Using input file named E_var/E_50/MSTW/HTOP/input_131_50.DAT                                   

 * [Flags to specify the mode in which MCFM is run]                                          
 *                   -1            [nevtrequested] 
 *                    F            [creatent] 
 *                    F            [skipnt] 
 *                    F            [dswhisto] 
 *                    F            [creategrid] 
 *                    T            [writetop] 
 *                    T            [writedat] 
 *                    T            [writegnu] 
 *                    T            [writeroot] 
 *                    F            [writepwg] 

 * [General options to specify the process and execution]                                    
 *                  131            [nproc] 
 *                 lord            [part] 
 * 131_run_50                      [runstring] 
 *           50000.0000            [sqrts] 
 *                    1            [ih1] 
 *                    1            [ih2] 
 *             126.0000            [hmass] 
 *               0.5000            [scale] 
 *               0.5000            [facscale] 
 * m(3456)                         [dynamicscale] 
 *                    F            [zerowidth] 
 *                    F            [removebr] 
 *                   20            [itmx1] 
 *              1000000            [ncall1] 
 *                   50            [itmx2] 
 *              1000000            [ncall2] 
 *                 2020            [ij] 
 *                    F            [dryrun] 
 *                    T            [Qflag] 
 *                    T            [Gflag] 

 * [Heavy quark masses]                                                                      
 *             173.2000            [top mass] 
 *               4.7500            [bottom mass] 
 *               1.5000            [charm mass] 

 * [Pdf selection]                                                                           
 *              mstw8lo            [pdlabel] 
 *                    4            [NGROUP] 
 *                   46            [NSET] 
 * cteq6mE.LHgrid                  [LHAPDF group] 
 *                   -1            [LHAPDF set] 

 * [Jet definition and event cuts]                                                           
 *               0.0000            [m34min] 
 *           50000.0000            [m34max] 
 *               0.0000            [m56min] 
 *           50000.0000            [m56max] 
 *                    T            [inclusive] 
 *                 ankt            [algorithm] 
 *              15.0000            [ptjetmin] 
 *               0.0000            [etajetmin] 
 *               5.0000            [etajetmax] 
 *               0.5000            [Rcut] 
 *                    T            [makecuts] 
 *               0.0000            [leptpt] 
 *              99.0000            [leptrap] 
 *    0.000,   0.000                [leptveto] 
 *               0.0000            [misspt] 
 *               0.0000            [leptpt2] 
 *              99.0000            [leptrap2] 
 *    0.000,   0.000                [leptveto2] 
 *               0.0000            [mtrans34cut] 
 *               0.0000            [Rjlmin] 
 *               0.0000            [Rllmin] 
 *               0.0000            [delyjjmin] 
 *                    F            [jetsopphem] 
 *                    0            [lbjscheme] 
 *               0.0000            [ptbjetmin] 
 *              99.0000            [etabjetmax] 

 * [Settings for photon processes]                                                           
 *                    F            [frag] 
 *             GdRG__LO            [fragset] 
 *              80.0000            [frag_scale] 
 *              20.0000            [gammpt] 
 *               2.5000            [gammrap] 
 *              20.0000            [gammpt2] 
 *              20.0000            [gammpt3] 
 *               0.0000            [Rgalmin] 
 *               0.4000            [Rgagamin] 
 *               0.4000            [Rgajetmin] 
 *               0.4000            [cone_ang] 
 *               0.5000            [epsilon_h] 

 * [Anomalous couplings of the W and Z]                                                      
 *               0.0000            [delg1_z] 
 *               0.0000            [delk_z] 
 *               0.0000            [delk_g] 
 *               0.0000            [lambda_z] 
 *               0.0000            [lambda_g] 
 *               0.0000            [h1Z] 
 *               0.0000            [h1gam] 
 *               0.0000            [h2Z] 
 *               0.0000            [h2gam] 
 *               0.0000            [h3Z] 
 *               0.0000            [h3gam] 
 *               0.0000            [h4Z] 
 *               0.0000            [h4gam] 
 *               2.0000            [tevscale] 

 * [Anomalous width of the Higgs]                                                            
 *               1.0000            [Gamma_H/Gamma_H(SM)] 

 * [How to resume/save a run]                                                                
 *                    F            [readin] 
 *                    F            [writeout] 
 *                                 [ingridfile] 
 *                                 [outgridfile] 

 * [Technical parameters that should not normally be changed]

 *                    F            [debug] 
 *                    T            [verbose] 
 *                    F            [new_pspace] 
 *                    F            [virtonly] 
 *                    F            [realonly] 
 *                    T            [spira] 
 *                    F            [noglue] 
 *                    F            [ggonly] 
 *                    F            [gqonly] 
 *                    F            [omitgg] 
 *                    F            [vanillafiles] 
 *                    1            [nmin] 
 *                    2            [nmax] 
 *                    T            [clustering] 
 *                    F            [realwt] 
 *                    0            [colourchoice] 
 *               0.0100            [rtsmin] 
 *               0.0001            [cutoff] 
 *               0.1000            [aii] 
 *               0.1000            [aif] 
 *               0.1000            [afi] 
 *               1.0000            [aff] 
 *               1.0000            [bfi] 
 *               1.0000            [bff] 

 Chooser:process chosen by nproc=         131

 *************************** f(p1)+f(p2) --> ******************************************
 * Z^0(e^-(p3)+e^+(p4)) + Z^0(mu^-(p5)+mu^+(p6) [gg only, (H + gg->ZZ) squared]       *
 **************************************************************************************

 ************** Electroweak parameters **************
 *                                                  *
 *  zmass(+)   91.1876000     wmass(+)  80.3980000  *
 * zwidth(+)    2.4952000    wwidth(+)   2.1054000  *
 *     Gf(+) 0.116639D-04   1/aemmz    132.3384323  *
 *     xw       0.2226459      mtop(+) 173.2000000  *
 *   gwsq       0.4264904       esq      0.0949563  *
 * top width    1.4743080 (LO)                      *
 *    mb        4.7500000        mc      1.5000000  *
 *                                                  *
 * Parameters marked (+) are input, others derived  *
 ****************************************************

 ****************** Higgs parameters ****************
 *                                                  *
 *   mass(H) =  126.00      width(H) =  0.43070E-02 *
 *                                                  *
 *              Br( H -> b bbar)  =   0.48164       *
 *              Br( H -> tau tau) =   0.06056       *
 *              Br( H -> W W)     =   0.00000       *
 *              Br( H -> Z Z)     =   0.00000       *
 *              Br( H -> gam gam) =   0.00235       *
 *              Br( H -> Z gam)   =   0.00164       *
 ****************************************************
 *                                                  *
 * Note: branching ratios reported here can be > 1  *
 *       since the total Higgs width is calculated  *
 *       at NLO but the BR calculation uses a       *
 *       partial width at LO only.                  *
 *                                                  *
 ****************************************************

 WARNING: Higgs decay H->ZZ is below threshold and
 may not yield sensible results - check the number
 of integration points

 ***************** CKM mixing matrix ****************
 *                                                  *
 *      Vud=.97500    Vus=.22200    Vub=0.0000      *
 *      Vcd=.22200    Vcs=.97500    Vcb=0.0000      *
 ****************************************************

 ************* Strong coupling, alpha_s  ************
 *                                                  *
 *  Dynamic scale - alpha_s changed event-by-event  *
 *       alpha_s (zmass)  0.13939000                *
 *         (using 1-loop running of alpha_s)        *
 ****************************************************

 ****************************************
 *     Cross section in femtobarns      *
 ****************************************


 input parameters for vegas:  ndim= 10  ncall= 944784.
                              it=    0  itmx=   20
                              nprn=  0  alph= 1.50
                              mds=  1   nd= 100
                              xl( 1)=   0.000     xu( 1)=   1.000    
                              xl( 2)=   0.000     xu( 2)=   1.000    
                              xl( 3)=   0.000     xu( 3)=   1.000    
                              xl( 4)=   0.000     xu( 4)=   1.000    
                              xl( 5)=   0.000     xu( 5)=   1.000    
                              xl( 6)=   0.000     xu( 6)=   1.000    
                              xl( 7)=   0.000     xu( 7)=   1.000    
                              xl( 8)=   0.000     xu( 8)=   1.000    
                              xl( 9)=   0.000     xu( 9)=   1.000    
                              xl(10)=   0.000     xu(10)=   1.000    

 ****************** Basic mass cuts *****************
 *                                                  *
 *              0.00  <   m34  <  50000.00           *
 *              0.00  <   m56  <  50000.00           *
 ****************************************************
 *********** CMS Higgs Search cuts******
 *                                     *
 *     pt(mu) >           5.00 GeV     *
 *     pt(el) >           7.00 GeV     *
 *     |eta_mu| <         2.40         *
 *     |eta_el| <         2.50         *
 *     m4lmin >         100.00 GeV     *
 *     m2lmin >           4.00 GeV     *
 *     ptleading >       20.00 GeV     *
 *     ptnexttoleading > 10.00 GeV     *
 *     mllnear >         40.00 GeV     *
 *     mllfar >          12.00 GeV     *
 *     mllmax >         120.00 GeV     *
 ***************************************

 ************** Dynamic scale choice ****************
 *                                                  *
 *                 RENORMALIZATION                  *
 *       mu_ren  =  0.50 x m(3456)                  *
 *                                                  *
 *                  FACTORIZATION                   *
 *       mu_fac  =  0.50 x m(3456)                  *
 *                                                  *
 ****************************************************
 ====================================================
   This is QCDLoop - version 1.95                    
   Authors: Keith Ellis and Giulia Zanderighi        
   (ellis@fnal.gov, g.zanderighi1@physics.ox.ac.uk)  
   For details see FERMILAB-PUB-07-633-T,OUTP-07/16P 
   arXiv:0712.1851 [hep-ph], published in            
   JHEP 0802:002,2008.                               
 ====================================================
 ====================================================
   FF 2.0, a package to evaluate one-loop integrals
 written by G. J. van Oldenborgh, NIKHEF-H, Amsterdam
 ====================================================
 for the algorithms used see preprint NIKHEF-H 89/17,
 'New Algorithms for One-loop Integrals', by G.J. van
 Oldenborgh and J.A.M. Vermaseren, published in 
 Zeitschrift fuer Physik C46(1990)425.
 ====================================================
 ffini: precx =   4.44089209850062616E-016
 ffini: precc =   4.44089209850062616E-016
 ffini: xalogm =   4.94065645841246544E-324
 ffini: xclogm =   4.94065645841246544E-324
 ****************************************************
 *                                                  *
 *  gg->ZZ box loop includes gens. 1 and 2          *
 *  gg->ZZ box loop includes bottom quark           *
 *  gg->ZZ box loop includes top quark              *
 *                                                  *
 *  Numer. stability: pt(Z) > 0.100 GeV (gens. 1,2) *
 *  Numer. stability: pt(Z) > 0.100 GeV (b,t loops) *
 *                                                  *
 ****************************************************
 Reading PDF grid from Pdfdata/mstw2008lo.00.dat

************* Integration by Vegas (iteration   1) **************
*                                                               *
*  integral  =  22.575880       accum. integral =  22.575880    *
*  std. dev. = 0.68811058       accum. std. dev = 0.68811058    *
*   max. wt. =   0.372486                                       *
*                                                               *
**************   chi**2/iteration =  0.000       ****************


************* Integration by Vegas (iteration   2) **************
*                                                               *
*  integral  =  23.613994       accum. integral =  23.193802    *
*  std. dev. = 0.56743435       accum. std. dev = 0.43778391    *
*   max. wt. =   0.373994                                       *
*                                                               *
**************   chi**2/iteration =  1.341       ****************


************* Integration by Vegas (iteration   3) **************
*                                                               *
*  integral  =  23.380286       accum. integral =  23.354338    *
*  std. dev. = 0.17600182       accum. std. dev = 0.16329908    *
*   max. wt. =   0.373994                                       *
*                                                               *
**************   chi**2/iteration = 0.7517       ****************


************* Integration by Vegas (iteration   4) **************
*                                                               *
*  integral  =  23.308935       accum. integral =  23.313469    *
*  std. dev. = 0.54391612E-01   accum. std. dev = 0.51604339E-01*
*   max. wt. =   0.373994                                       *
*                                                               *
**************   chi**2/iteration = 0.5251       ****************


************* Integration by Vegas (iteration   5) **************
*                                                               *
*  integral  =  23.341618       accum. integral =  23.332416    *
*  std. dev. = 0.35961217E-01   accum. std. dev = 0.29503977E-01*
*   max. wt. =   0.373994                                       *
*                                                               *
**************   chi**2/iteration = 0.4441       ****************


************* Integration by Vegas (iteration   6) **************
*                                                               *
*  integral  =  23.350528       accum. integral =  23.340372    *
*  std. dev. = 0.33333981E-01   accum. std. dev = 0.22093040E-01*
*   max. wt. =   0.373994                                       *
*                                                               *
**************   chi**2/iteration = 0.3885       ****************


************* Integration by Vegas (iteration   7) **************
*                                                               *
*  integral  =  23.285789       accum. integral =  23.325007    *
*  std. dev. = 0.35296302E-01   accum. std. dev = 0.18727023E-01*
*   max. wt. =   0.373994                                       *
*                                                               *
**************   chi**2/iteration = 0.6098       ****************


************* Integration by Vegas (iteration   8) **************
*                                                               *
*  integral  =  23.305809       accum. integral =  23.320403    *
*  std. dev. = 0.33343312E-01   accum. std. dev = 0.16327994E-01*
*   max. wt. =   0.373994                                       *
*                                                               *
**************   chi**2/iteration = 0.5587       ****************


************* Integration by Vegas (iteration   9) **************
*                                                               *
*  integral  =  23.333433       accum. integral =  23.323007    *
*  std. dev. = 0.32674136E-01   accum. std. dev = 0.14605824E-01*
*   max. wt. =   0.373994                                       *
*                                                               *
**************   chi**2/iteration = 0.5049       ****************


************* Integration by Vegas (iteration  10) **************
*                                                               *
*  integral  =  23.262811       accum. integral =  23.312756    *
*  std. dev. = 0.32238455E-01   accum. std. dev = 0.13304107E-01*
*   max. wt. =   0.373994                                       *
*                                                               *
**************   chi**2/iteration = 0.7699       ****************


************* Integration by Vegas (iteration  11) **************
*                                                               *
*  integral  =  23.355660       accum. integral =  23.318924    *
*  std. dev. = 0.32466556E-01   accum. std. dev = 0.12310606E-01*
*   max. wt. =   0.373994                                       *
*                                                               *
**************   chi**2/iteration = 0.8423       ****************


************* Integration by Vegas (iteration  12) **************
*                                                               *
*  integral  =  23.313705       accum. integral =  23.318279    *
*  std. dev. = 0.32769455E-01   accum. std. dev = 0.11524227E-01*
*   max. wt. =   0.373994                                       *
*                                                               *
**************   chi**2/iteration = 0.7679       ****************


************* Integration by Vegas (iteration  13) **************
*                                                               *
*  integral  =  23.250327       accum. integral =  23.310487    *
*  std. dev. = 0.32022391E-01   accum. std. dev = 0.10843414E-01*
*   max. wt. =   0.373994                                       *
*                                                               *
**************   chi**2/iteration =  1.036       ****************


************* Integration by Vegas (iteration  14) **************
*                                                               *
*  integral  =  23.290100       accum. integral =  23.308388    *
*  std. dev. = 0.32008011E-01   accum. std. dev = 0.10270086E-01*
*   max. wt. =   0.373994                                       *
*                                                               *
**************   chi**2/iteration = 0.9842       ****************


************* Integration by Vegas (iteration  15) **************
*                                                               *
*  integral  =  23.296724       accum. integral =  23.307274    *
*  std. dev. = 0.31594493E-01   accum. std. dev = 0.97670316E-02*
*   max. wt. =   0.373994                                       *
*                                                               *
**************   chi**2/iteration = 0.9228       ****************


************* Integration by Vegas (iteration  16) **************
*                                                               *
*  integral  =  23.345366       accum. integral =  23.310567    *
*  std. dev. = 0.31749709E-01   accum. std. dev = 0.93352981E-02*
*   max. wt. =   0.373994                                       *
*                                                               *
**************   chi**2/iteration = 0.9489       ****************


************* Integration by Vegas (iteration  17) **************
*                                                               *
*  integral  =  23.276018       accum. integral =  23.307754    *
*  std. dev. = 0.31356807E-01   accum. std. dev = 0.89472084E-02*
*   max. wt. =   0.373994                                       *
*                                                               *
**************   chi**2/iteration = 0.9593       ****************


************* Integration by Vegas (iteration  18) **************
*                                                               *
*  integral  =  23.314239       accum. integral =  23.308153    *
*  std. dev. = 0.34927297E-01   accum. std. dev = 0.86673453E-02*
*   max. wt. =   0.373994                                       *
*                                                               *
**************   chi**2/iteration = 0.9048       ****************


************* Integration by Vegas (iteration  19) **************
*                                                               *
*  integral  =  23.277386       accum. integral =  23.306271    *
*  std. dev. = 0.33951665E-01   accum. std. dev = 0.83980134E-02*
*   max. wt. =   0.373994                                       *
*                                                               *
**************   chi**2/iteration = 0.8974       ****************


************* Integration by Vegas (iteration  20) **************
*                                                               *
*  integral  =  23.237589       accum. integral =  23.301913    *
*  std. dev. = 0.32263390E-01   accum. std. dev = 0.81272013E-02*
*   max. wt. =   0.373994                                       *
*                                                               *
**************   chi**2/iteration =  1.073       ****************


 input parameters for vegas:  ndim= 10  ncall= 944784.
                              it=   21  itmx=   50
                              nprn=  0  alph= 1.50
                              mds=  1   nd= 100
                              xl( 1)=   0.000     xu( 1)=   1.000    
                              xl( 2)=   0.000     xu( 2)=   1.000    
                              xl( 3)=   0.000     xu( 3)=   1.000    
                              xl( 4)=   0.000     xu( 4)=   1.000    
                              xl( 5)=   0.000     xu( 5)=   1.000    
                              xl( 6)=   0.000     xu( 6)=   1.000    
                              xl( 7)=   0.000     xu( 7)=   1.000    
                              xl( 8)=   0.000     xu( 8)=   1.000    
                              xl( 9)=   0.000     xu( 9)=   1.000    
                              xl(10)=   0.000     xu(10)=   1.000    

************* Integration by Vegas (iteration   1) **************
*                                                               *
*  integral  =  23.339572       accum. integral =  23.339572    *
*  std. dev. = 0.32338614E-01   accum. std. dev = 0.32338614E-01*
*   max. wt. =   0.380192E-02                                   *
*                                                               *
**************   chi**2/iteration =  0.000       ****************

 Writing out intermediate results for iteration           1

************* Integration by Vegas (iteration   2) **************
*                                                               *
*  integral  =  23.288943       accum. integral =  23.314107    *
*  std. dev. = 0.32146511E-01   accum. std. dev = 0.22798631E-01*
*   max. wt. =   0.380192E-02                                   *
*                                                               *
**************   chi**2/iteration =  1.221       ****************

 Writing out intermediate results for iteration           2

************* Integration by Vegas (iteration   3) **************
*                                                               *
*  integral  =  23.357808       accum. integral =  23.327936    *
*  std. dev. = 0.33507701E-01   accum. std. dev = 0.18849288E-01*
*   max. wt. =   0.631936E-02                                   *
*                                                               *
**************   chi**2/iteration =  1.192       ****************

 Writing out intermediate results for iteration           3

************* Integration by Vegas (iteration   4) **************
*                                                               *
*  integral  =  23.335292       accum. integral =  23.329756    *
*  std. dev. = 0.32867886E-01   accum. std. dev = 0.16351250E-01*
*   max. wt. =   0.631936E-02                                   *
*                                                               *
**************   chi**2/iteration = 0.8084       ****************

 Writing out intermediate results for iteration           4

************* Integration by Vegas (iteration   5) **************
*                                                               *
*  integral  =  23.258353       accum. integral =  23.315350    *
*  std. dev. = 0.32523171E-01   accum. std. dev = 0.14608857E-01*
*   max. wt. =   0.631936E-02                                   *
*                                                               *
**************   chi**2/iteration =  1.566       ****************

 Writing out intermediate results for iteration           5

************* Integration by Vegas (iteration   6) **************
*                                                               *
*  integral  =  23.294670       accum. integral =  23.312078    *
*  std. dev. = 0.33699029E-01   accum. std. dev = 0.13403576E-01*
*   max. wt. =   0.688443E-02                                   *
*                                                               *
**************   chi**2/iteration =  1.317       ****************

 Writing out intermediate results for iteration           6

************* Integration by Vegas (iteration   7) **************
*                                                               *
*  integral  =  23.275665       accum. integral =  23.307116    *
*  std. dev. = 0.33744895E-01   accum. std. dev = 0.12456886E-01*
*   max. wt. =   0.688443E-02                                   *
*                                                               *
**************   chi**2/iteration =  1.265       ****************

 Writing out intermediate results for iteration           7

************* Integration by Vegas (iteration   8) **************
*                                                               *
*  integral  =  23.247530       accum. integral =  23.299728    *
*  std. dev. = 0.33111508E-01   accum. std. dev = 0.11659100E-01*
*   max. wt. =   0.688443E-02                                   *
*                                                               *
**************   chi**2/iteration =  1.489       ****************

 Writing out intermediate results for iteration           8

************* Integration by Vegas (iteration   9) **************
*                                                               *
*  integral  =  23.273836       accum. integral =  23.296928    *
*  std. dev. = 0.33483923E-01   accum. std. dev = 0.11010705E-01*
*   max. wt. =   0.688443E-02                                   *
*                                                               *
**************   chi**2/iteration =  1.370       ****************

 Writing out intermediate results for iteration           9

************* Integration by Vegas (iteration  10) **************
*                                                               *
*  integral  =  23.310667       accum. integral =  23.298300    *
*  std. dev. = 0.33066410E-01   accum. std. dev = 0.10446755E-01*
*   max. wt. =   0.688443E-02                                   *
*                                                               *
**************   chi**2/iteration =  1.235       ****************

 Writing out intermediate results for iteration          10

************* Integration by Vegas (iteration  11) **************
*                                                               *
*  integral  =  23.344124       accum. integral =  23.302428    *
*  std. dev. = 0.33198628E-01   accum. std. dev = 0.99650304E-02*
*   max. wt. =   0.688443E-02                                   *
*                                                               *
**************   chi**2/iteration =  1.285       ****************

 Writing out intermediate results for iteration          11

************* Integration by Vegas (iteration  12) **************
*                                                               *
*  integral  =  23.364856       accum. integral =  23.307402    *
*  std. dev. = 0.33868069E-01   accum. std. dev = 0.95598134E-02*
*   max. wt. =   0.688443E-02                                   *
*                                                               *
**************   chi**2/iteration =  1.452       ****************

 Writing out intermediate results for iteration          12

************* Integration by Vegas (iteration  13) **************
*                                                               *
*  integral  =  23.284261       accum. integral =  23.305685    *
*  std. dev. = 0.33771183E-01   accum. std. dev = 0.91983724E-02*
*   max. wt. =   0.688443E-02                                   *
*                                                               *
**************   chi**2/iteration =  1.368       ****************

 Writing out intermediate results for iteration          13

************* Integration by Vegas (iteration  14) **************
*                                                               *
*  integral  =  23.309396       accum. integral =  23.305939    *
*  std. dev. = 0.33956587E-01   accum. std. dev = 0.88783931E-02*
*   max. wt. =   0.688443E-02                                   *
*                                                               *
**************   chi**2/iteration =  1.263       ****************

 Writing out intermediate results for iteration          14

************* Integration by Vegas (iteration  15) **************
*                                                               *
*  integral  =  23.350061       accum. integral =  23.308748    *
*  std. dev. = 0.34047919E-01   accum. std. dev = 0.85911128E-02*
*   max. wt. =   0.688443E-02                                   *
*                                                               *
**************   chi**2/iteration =  1.285       ****************

 Writing out intermediate results for iteration          15

************* Integration by Vegas (iteration  16) **************
*                                                               *
*  integral  =  23.327739       accum. integral =  23.309881    *
*  std. dev. = 0.34118758E-01   accum. std. dev = 0.83310627E-02*
*   max. wt. =   0.688443E-02                                   *
*                                                               *
**************   chi**2/iteration =  1.219       ****************

 Writing out intermediate results for iteration          16

************* Integration by Vegas (iteration  17) **************
*                                                               *
*  integral  =  23.298944       accum. integral =  23.309257    *
*  std. dev. = 0.33870220E-01   accum. std. dev = 0.80899307E-02*
*   max. wt. =   0.688443E-02                                   *
*                                                               *
**************   chi**2/iteration =  1.149       ****************

 Writing out intermediate results for iteration          17

************* Integration by Vegas (iteration  18) **************
*                                                               *
*  integral  =  23.234985       accum. integral =  23.305108    *
*  std. dev. = 0.33259170E-01   accum. std. dev = 0.78607310E-02*
*   max. wt. =   0.688443E-02                                   *
*                                                               *
**************   chi**2/iteration =  1.358       ****************

 Writing out intermediate results for iteration          18

************* Integration by Vegas (iteration  19) **************
*                                                               *
*  integral  =  23.301683       accum. integral =  23.304937    *
*  std. dev. = 0.34265504E-01   accum. std. dev = 0.76617082E-02*
*   max. wt. =   0.688443E-02                                   *
*                                                               *
**************   chi**2/iteration =  1.283       ****************

 Writing out intermediate results for iteration          19

************* Integration by Vegas (iteration  20) **************
*                                                               *
*  integral  =  23.269822       accum. integral =  23.303256    *
*  std. dev. = 0.34178918E-01   accum. std. dev = 0.74761722E-02*
*   max. wt. =   0.688443E-02                                   *
*                                                               *
**************   chi**2/iteration =  1.269       ****************

 Writing out intermediate results for iteration          20

************* Integration by Vegas (iteration  21) **************
*                                                               *
*  integral  =  23.253252       accum. integral =  23.301019    *
*  std. dev. = 0.34545469E-01   accum. std. dev = 0.73070158E-02*
*   max. wt. =   0.688443E-02                                   *
*                                                               *
**************   chi**2/iteration =  1.305       ****************

 Writing out intermediate results for iteration          21

************* Integration by Vegas (iteration  22) **************
*                                                               *
*  integral  =  23.212528       accum. integral =  23.297254    *
*  std. dev. = 0.34664046E-01   accum. std. dev = 0.71498909E-02*
*   max. wt. =   0.688443E-02                                   *
*                                                               *
**************   chi**2/iteration =  1.540       ****************

 Writing out intermediate results for iteration          22

************* Integration by Vegas (iteration  23) **************
*                                                               *
*  integral  =  23.324814       accum. integral =  23.298333    *
*  std. dev. = 0.35434675E-01   accum. std. dev = 0.70086400E-02*
*   max. wt. =   0.688443E-02                                   *
*                                                               *
**************   chi**2/iteration =  1.497       ****************

 Writing out intermediate results for iteration          23

************* Integration by Vegas (iteration  24) **************
*                                                               *
*  integral  =  23.391896       accum. integral =  23.301835    *
*  std. dev. = 0.35540985E-01   accum. std. dev = 0.68762162E-02*
*   max. wt. =   0.688443E-02                                   *
*                                                               *
**************   chi**2/iteration =  1.722       ****************

 Writing out intermediate results for iteration          24

************* Integration by Vegas (iteration  25) **************
*                                                               *
*  integral  =  23.282508       accum. integral =  23.301098    *
*  std. dev. = 0.34546805E-01   accum. std. dev = 0.67439261E-02*
*   max. wt. =   0.688443E-02                                   *
*                                                               *
**************   chi**2/iteration =  1.662       ****************

 Writing out intermediate results for iteration          25

************* Integration by Vegas (iteration  26) **************
*                                                               *
*  integral  =  23.294633       accum. integral =  23.300867    *
*  std. dev. = 0.34989775E-01   accum. std. dev = 0.66220476E-02*
*   max. wt. =   0.688443E-02                                   *
*                                                               *
**************   chi**2/iteration =  1.597       ****************

 Writing out intermediate results for iteration          26

************* Integration by Vegas (iteration  27) **************
*                                                               *
*  integral  =  23.214767       accum. integral =  23.297825    *
*  std. dev. = 0.34602952E-01   accum. std. dev = 0.65040189E-02*
*   max. wt. =   0.688443E-02                                   *
*                                                               *
**************   chi**2/iteration =  1.765       ****************

 Writing out intermediate results for iteration          27

************* Integration by Vegas (iteration  28) **************
*                                                               *
*  integral  =  23.296979       accum. integral =  23.297797    *
*  std. dev. = 0.35400955E-01   accum. std. dev = 0.63969515E-02*
*   max. wt. =   0.688443E-02                                   *
*                                                               *
**************   chi**2/iteration =  1.700       ****************

 Writing out intermediate results for iteration          28

************* Integration by Vegas (iteration  29) **************
*                                                               *
*  integral  =  23.341094       accum. integral =  23.299177    *
*  std. dev. = 0.35260689E-01   accum. std. dev = 0.62942101E-02*
*   max. wt. =   0.688443E-02                                   *
*                                                               *
**************   chi**2/iteration =  1.692       ****************

 Writing out intermediate results for iteration          29

************* Integration by Vegas (iteration  30) **************
*                                                               *
*  integral  =  23.342370       accum. integral =  23.300507    *
*  std. dev. = 0.35310392E-01   accum. std. dev = 0.61965343E-02*
*   max. wt. =   0.688443E-02                                   *
*                                                               *
**************   chi**2/iteration =  1.683       ****************

 Writing out intermediate results for iteration          30

************* Integration by Vegas (iteration  31) **************
*                                                               *
*  integral  =  23.302343       accum. integral =  23.300560    *
*  std. dev. = 0.35831804E-01   accum. std. dev = 0.61059049E-02*
*   max. wt. =   0.688443E-02                                   *
*                                                               *
**************   chi**2/iteration =  1.627       ****************

 Writing out intermediate results for iteration          31

************* Integration by Vegas (iteration  32) **************
*                                                               *
*  integral  =  23.300735       accum. integral =  23.300565    *
*  std. dev. = 0.35453408E-01   accum. std. dev = 0.60173175E-02*
*   max. wt. =   0.688443E-02                                   *
*                                                               *
**************   chi**2/iteration =  1.575       ****************

 Writing out intermediate results for iteration          32

************* Integration by Vegas (iteration  33) **************
*                                                               *
*  integral  =  23.271737       accum. integral =  23.299765    *
*  std. dev. = 0.35615815E-01   accum. std. dev = 0.59332332E-02*
*   max. wt. =   0.688443E-02                                   *
*                                                               *
**************   chi**2/iteration =  1.545       ****************

 Writing out intermediate results for iteration          33

************* Integration by Vegas (iteration  34) **************
*                                                               *
*  integral  =  23.266576       accum. integral =  23.298870    *
*  std. dev. = 0.35621488E-01   accum. std. dev = 0.58526032E-02*
*   max. wt. =   0.688443E-02                                   *
*                                                               *
**************   chi**2/iteration =  1.524       ****************

 Writing out intermediate results for iteration          34

************* Integration by Vegas (iteration  35) **************
*                                                               *
*  integral  =  23.288992       accum. integral =  23.298632    *
*  std. dev. = 0.37296821E-01   accum. std. dev = 0.57818507E-02*
*   max. wt. =   0.688443E-02                                   *
*                                                               *
**************   chi**2/iteration =  1.481       ****************

 Writing out intermediate results for iteration          35

************* Integration by Vegas (iteration  36) **************
*                                                               *
*  integral  =  23.276845       accum. integral =  23.298108    *
*  std. dev. = 0.36841907E-01   accum. std. dev = 0.57119384E-02*
*   max. wt. =   0.688443E-02                                   *
*                                                               *
**************   chi**2/iteration =  1.449       ****************

 Writing out intermediate results for iteration          36

************* Integration by Vegas (iteration  37) **************
*                                                               *
*  integral  =  23.427987       accum. integral =  23.301307    *
*  std. dev. = 0.35946475E-01   accum. std. dev = 0.56411638E-02*
*   max. wt. =   0.688443E-02                                   *
*                                                               *
**************   chi**2/iteration =  1.762       ****************

 Writing out intermediate results for iteration          37

************* Integration by Vegas (iteration  38) **************
*                                                               *
*  integral  =  23.335066       accum. integral =  23.302102    *
*  std. dev. = 0.36335984E-01   accum. std. dev = 0.55743853E-02*
*   max. wt. =   0.688443E-02                                   *
*                                                               *
**************   chi**2/iteration =  1.737       ****************

 Writing out intermediate results for iteration          38

************* Integration by Vegas (iteration  39) **************
*                                                               *
*  integral  =  23.370806       accum. integral =  23.303694    *
*  std. dev. = 0.36189425E-01   accum. std. dev = 0.55094094E-02*
*   max. wt. =   0.688443E-02                                   *
*                                                               *
**************   chi**2/iteration =  1.784       ****************

 Writing out intermediate results for iteration          39

************* Integration by Vegas (iteration  40) **************
*                                                               *
*  integral  =  23.289218       accum. integral =  23.303371    *
*  std. dev. = 0.36486153E-01   accum. std. dev = 0.54476534E-02*
*   max. wt. =   0.688443E-02                                   *
*                                                               *
**************   chi**2/iteration =  1.743       ****************

 Writing out intermediate results for iteration          40

************* Integration by Vegas (iteration  41) **************
*                                                               *
*  integral  =  23.313779       accum. integral =  23.303605    *
*  std. dev. = 0.35973308E-01   accum. std. dev = 0.53862426E-02*
*   max. wt. =   0.688443E-02                                   *
*                                                               *
**************   chi**2/iteration =  1.701       ****************

 Writing out intermediate results for iteration          41

************* Integration by Vegas (iteration  42) **************
*                                                               *
*  integral  =  23.268016       accum. integral =  23.302880    *
*  std. dev. = 0.37364991E-01   accum. std. dev = 0.53311373E-02*
*   max. wt. =   0.955560E-02                                   *
*                                                               *
**************   chi**2/iteration =  1.681       ****************

 Writing out intermediate results for iteration          42

************* Integration by Vegas (iteration  43) **************
*                                                               *
*  integral  =  23.329088       accum. integral =  23.303406    *
*  std. dev. = 0.37245795E-01   accum. std. dev = 0.52773520E-02*
*   max. wt. =   0.955560E-02                                   *
*                                                               *
**************   chi**2/iteration =  1.653       ****************

 Writing out intermediate results for iteration          43

************* Integration by Vegas (iteration  44) **************
*                                                               *
*  integral  =  23.291075       accum. integral =  23.303159    *
*  std. dev. = 0.36883776E-01   accum. std. dev = 0.52241484E-02*
*   max. wt. =   0.955560E-02                                   *
*                                                               *
**************   chi**2/iteration =  1.617       ****************

 Writing out intermediate results for iteration          44

************* Integration by Vegas (iteration  45) **************
*                                                               *
*  integral  =  23.328971       accum. integral =  23.303688    *
*  std. dev. = 0.36114380E-01   accum. std. dev = 0.51703332E-02*
*   max. wt. =   0.955560E-02                                   *
*                                                               *
**************   chi**2/iteration =  1.591       ****************

 Writing out intermediate results for iteration          45

************* Integration by Vegas (iteration  46) **************
*                                                               *
*  integral  =  23.306357       accum. integral =  23.303739    *
*  std. dev. = 0.36903355E-01   accum. std. dev = 0.51203231E-02*
*   max. wt. =   0.955560E-02                                   *
*                                                               *
**************   chi**2/iteration =  1.556       ****************

 Writing out intermediate results for iteration          46

************* Integration by Vegas (iteration  47) **************
*                                                               *
*  integral  =  23.396362       accum. integral =  23.305076    *
*  std. dev. = 0.42311558E-01   accum. std. dev = 0.50832375E-02*
*   max. wt. =   0.192611E-01                                   *
*                                                               *
**************   chi**2/iteration =  1.625       ****************

 Writing out intermediate results for iteration          47

************* Integration by Vegas (iteration  48) **************
*                                                               *
*  integral  =  23.292317       accum. integral =  23.304880    *
*  std. dev. = 0.40657216E-01   accum. std. dev = 0.50439675E-02*
*   max. wt. =   0.192611E-01                                   *
*                                                               *
**************   chi**2/iteration =  1.593       ****************

 Writing out intermediate results for iteration          48

************* Integration by Vegas (iteration  49) **************
*                                                               *
*  integral  =  23.299027       accum. integral =  23.304772    *
*  std. dev. = 0.36842650E-01   accum. std. dev = 0.49973519E-02*
*   max. wt. =   0.192611E-01                                   *
*                                                               *
**************   chi**2/iteration =  1.560       ****************

 Writing out intermediate results for iteration          49

************* Integration by Vegas (iteration  50) **************
*                                                               *
*  integral  =  23.285084       accum. integral =  23.304421    *
*  std. dev. = 0.37079168E-01   accum. std. dev = 0.49525741E-02*
*   max. wt. =   0.192611E-01                                   *
*                                                               *
**************   chi**2/iteration =  1.534       ****************


Value of final lord integral is       23.3044 +/-     0.0050 fb

 Total number of shots       :     47239200
 Total no. failing cuts      :     18431262
 Number failing jet cuts     :            0
 Number failing process cuts :            0

   Jet efficiency : 100.00%
   Cut efficiency : 100.00%
 Total efficiency : 100.00%

 Contribution from parton sub-processes:
 ---------------------------------------
       GG     |          23.30442  100.00%
       GQ     |           0.00000    0.00%
       GQB    |           0.00000    0.00%
       QG     |           0.00000    0.00%
       QBG    |           0.00000    0.00%
       QQ     |           0.00000    0.00%
       QBQB   |           0.00000    0.00%
       QQB    |           0.00000    0.00%
       QBQ    |           0.00000    0.00%
 ---------------------------------------

 ****************************************************
 output files  E_var/E_50/MSTW/HTOP/ggZZ4l_lord_mstw8lo_0___0___126_131_run_50
 ****************************************************
