 ************** MCFM - version 6.8 ****************
 *                                                *
 * MCFM, v6.8                   April 26th, 2014  *
 *                                                *
 * Authors: John Campbell, Keith Ellis,           *
 *          Ciaran Williams                       *
 *         (johnmc@fnal.gov, ellis@fnal.gov,      *
 *          ciaran@fnal.gov)                      *
 *                                                *
 * For details see:                               *
 *                                                *
 *  arXiv:1403.2641 (Triphoton production)        *
 *  arXiv:1312.1628 (gg->WW, Higgs interference)  *
 *  arXiv:1311.3589 (gg->ZZ, Higgs interference)  *
 *  Phys.Rev.D87:114006, arXiv:1302.3856          *
 *  (tZ, tH -- with R. Rontsch)                   *
 *  arXiv:1211.6390 (DM, P. Fox and C. Williams)  *
 *  JHEP 1211:162 (2012), arXiv:1208.0566         *
 *  (Z+gam+jet,Z+gam+gam -- with H. Hartanto)     *
 *  arXiv:1204.1513 (top production+decay)        *
 *  JHEP 1207:052 (2012), arXiv:1204.5678 (ttW)   *
 *  JHEP 1110:005 (2011), arXiv:1107.5569         *
 *         (gg->WW,Higgs intference)              *
 *  JHEP 1107:018 (2011), arXiv:1105.0020         *
 *         (diboson update)                       *
 *  JHEP 1103:027 (2011), arXiv:1011.6647         *
 *         (Wbb for mb>0, with S. Badger)         *
 *  Phys.Rev.D81:074023, arXiv:1001.4495 (H+2jet) *
 *                                                *
 *  P.R.L. 102:142001, arXiv:0903.0005 [hep-ph]   *
 *    (t-channel single top + explicit b,         *
 *      JC, R.Frederix, F.Maltoni, F.Tramontano)  *
 *  N.P.B 726:109(2005), hep-ph/0506289 (W+t)     *
 *  Phys.Rev.D70:094012, hep-ph/0408158 (Sngl Top)*
 *       (with Francesco Tramontano)              *
 *                                                *
 *  Phys.Rev.D65:113007, hep-ph/0202176 (W,Z+2j)  *
 *  Phys.Rev.D62:114012, hep-ph/0006304 (W,Z+bb)  *
 *  Phys.Rev.D60:113006, hep-ph/9905386 (diboson) *
 *                                                *
 * On the web:  http://mcfm.fnal.gov/             *
 **************************************************

 * Using input file named E_var/E_14/MSTW/HHTOP/input_129_14.DAT                                  

 * [Flags to specify the mode in which MCFM is run]                                          
 *                   -1            [nevtrequested] 
 *                    F            [creatent] 
 *                    F            [skipnt] 
 *                    F            [dswhisto] 
 *                    F            [creategrid] 
 *                    T            [writetop] 
 *                    T            [writedat] 
 *                    T            [writegnu] 
 *                    T            [writeroot] 
 *                    F            [writepwg] 

 * [General options to specify the process and execution]                                    
 *                  129            [nproc] 
 *                 lord            [part] 
 * 129_run_14                      [runstring] 
 *           14000.0000            [sqrts] 
 *                    1            [ih1] 
 *                    1            [ih2] 
 *             126.0000            [hmass] 
 *               0.5000            [scale] 
 *               0.5000            [facscale] 
 * m(3456)                         [dynamicscale] 
 *                    F            [zerowidth] 
 *                    F            [removebr] 
 *                   20            [itmx1] 
 *               500000            [ncall1] 
 *                   50            [itmx2] 
 *               500000            [ncall2] 
 *                 2020            [ij] 
 *                    F            [dryrun] 
 *                    T            [Qflag] 
 *                    T            [Gflag] 

 * [Heavy quark masses]                                                                      
 *             173.2000            [top mass] 
 *               4.7500            [bottom mass] 
 *               1.5000            [charm mass] 

 * [Pdf selection]                                                                           
 *              mstw8lo            [pdlabel] 
 *                    4            [NGROUP] 
 *                   46            [NSET] 
 * cteq6mE.LHgrid                  [LHAPDF group] 
 *                   -1            [LHAPDF set] 

 * [Jet definition and event cuts]                                                           
 *               0.0000            [m34min] 
 *           14000.0000            [m34max] 
 *               0.0000            [m56min] 
 *           14000.0000            [m56max] 
 *                    T            [inclusive] 
 *                 ankt            [algorithm] 
 *              15.0000            [ptjetmin] 
 *               0.0000            [etajetmin] 
 *               5.0000            [etajetmax] 
 *               0.5000            [Rcut] 
 *                    T            [makecuts] 
 *               0.0000            [leptpt] 
 *              99.0000            [leptrap] 
 *    0.000,   0.000                [leptveto] 
 *               0.0000            [misspt] 
 *               0.0000            [leptpt2] 
 *              99.0000            [leptrap2] 
 *    0.000,   0.000                [leptveto2] 
 *               0.0000            [mtrans34cut] 
 *               0.0000            [Rjlmin] 
 *               0.0000            [Rllmin] 
 *               0.0000            [delyjjmin] 
 *                    F            [jetsopphem] 
 *                    0            [lbjscheme] 
 *               0.0000            [ptbjetmin] 
 *              99.0000            [etabjetmax] 

 * [Settings for photon processes]                                                           
 *                    F            [frag] 
 *             GdRG__LO            [fragset] 
 *              80.0000            [frag_scale] 
 *              20.0000            [gammpt] 
 *               2.5000            [gammrap] 
 *              20.0000            [gammpt2] 
 *              20.0000            [gammpt3] 
 *               0.0000            [Rgalmin] 
 *               0.4000            [Rgagamin] 
 *               0.4000            [Rgajetmin] 
 *               0.4000            [cone_ang] 
 *               0.5000            [epsilon_h] 

 * [Anomalous couplings of the W and Z]                                                      
 *               0.0000            [delg1_z] 
 *               0.0000            [delk_z] 
 *               0.0000            [delk_g] 
 *               0.0000            [lambda_z] 
 *               0.0000            [lambda_g] 
 *               0.0000            [h1Z] 
 *               0.0000            [h1gam] 
 *               0.0000            [h2Z] 
 *               0.0000            [h2gam] 
 *               0.0000            [h3Z] 
 *               0.0000            [h3gam] 
 *               0.0000            [h4Z] 
 *               0.0000            [h4gam] 
 *               2.0000            [tevscale] 

 * [Anomalous width of the Higgs]                                                            
 *               1.0000            [Gamma_H/Gamma_H(SM)] 

 * [How to resume/save a run]                                                                
 *                    F            [readin] 
 *                    F            [writeout] 
 *                                 [ingridfile] 
 *                                 [outgridfile] 

 * [Technical parameters that should not normally be changed]

 *                    F            [debug] 
 *                    T            [verbose] 
 *                    F            [new_pspace] 
 *                    F            [virtonly] 
 *                    F            [realonly] 
 *                    T            [spira] 
 *                    F            [noglue] 
 *                    F            [ggonly] 
 *                    F            [gqonly] 
 *                    F            [omitgg] 
 *                    F            [vanillafiles] 
 *                    1            [nmin] 
 *                    2            [nmax] 
 *                    T            [clustering] 
 *                    F            [realwt] 
 *                    0            [colourchoice] 
 *               0.0100            [rtsmin] 
 *               0.0001            [cutoff] 
 *               0.1000            [aii] 
 *               0.1000            [aif] 
 *               0.1000            [afi] 
 *               1.0000            [aff] 
 *               1.0000            [bfi] 
 *               1.0000            [bff] 

 Chooser:process chosen by nproc=         129

 *************************** f(p1)+f(p2) --> ******************************************
 * H(--> Z^0(e^-(p3)+e^+(p4)) + Z^0(mu^-(p5)+mu^+(p6)) [only H, gg->ZZ intf.]         *
 **************************************************************************************

 ************** Electroweak parameters **************
 *                                                  *
 *  zmass(+)   91.1876000     wmass(+)  80.3980000  *
 * zwidth(+)    2.4952000    wwidth(+)   2.1054000  *
 *     Gf(+) 0.116639D-04   1/aemmz    132.3384323  *
 *     xw       0.2226459      mtop(+) 173.2000000  *
 *   gwsq       0.4264904       esq      0.0949563  *
 * top width    1.4743080 (LO)                      *
 *    mb        4.7500000        mc      1.5000000  *
 *                                                  *
 * Parameters marked (+) are input, others derived  *
 ****************************************************

 ****************** Higgs parameters ****************
 *                                                  *
 *   mass(H) =  126.00      width(H) =  0.43070E-02 *
 *                                                  *
 *              Br( H -> b bbar)  =   0.48164       *
 *              Br( H -> tau tau) =   0.06056       *
 *              Br( H -> W W)     =   0.00000       *
 *              Br( H -> Z Z)     =   0.00000       *
 *              Br( H -> gam gam) =   0.00235       *
 *              Br( H -> Z gam)   =   0.00164       *
 ****************************************************
 *                                                  *
 * Note: branching ratios reported here can be > 1  *
 *       since the total Higgs width is calculated  *
 *       at NLO but the BR calculation uses a       *
 *       partial width at LO only.                  *
 *                                                  *
 ****************************************************

 WARNING: Higgs decay H->ZZ is below threshold and
 may not yield sensible results - check the number
 of integration points

 ***************** CKM mixing matrix ****************
 *                                                  *
 *      Vud=.97500    Vus=.22200    Vub=0.0000      *
 *      Vcd=.22200    Vcs=.97500    Vcb=0.0000      *
 ****************************************************

 ************* Strong coupling, alpha_s  ************
 *                                                  *
 *  Dynamic scale - alpha_s changed event-by-event  *
 *       alpha_s (zmass)  0.13939000                *
 *         (using 1-loop running of alpha_s)        *
 ****************************************************

 ****************************************
 *     Cross section in femtobarns      *
 ****************************************


 input parameters for vegas:  ndim= 10  ncall= 472392.
                              it=    0  itmx=   20
                              nprn=  0  alph= 1.50
                              mds=  1   nd= 100
                              xl( 1)=   0.000     xu( 1)=   1.000    
                              xl( 2)=   0.000     xu( 2)=   1.000    
                              xl( 3)=   0.000     xu( 3)=   1.000    
                              xl( 4)=   0.000     xu( 4)=   1.000    
                              xl( 5)=   0.000     xu( 5)=   1.000    
                              xl( 6)=   0.000     xu( 6)=   1.000    
                              xl( 7)=   0.000     xu( 7)=   1.000    
                              xl( 8)=   0.000     xu( 8)=   1.000    
                              xl( 9)=   0.000     xu( 9)=   1.000    
                              xl(10)=   0.000     xu(10)=   1.000    

 ****************** Basic mass cuts *****************
 *                                                  *
 *              0.00  <   m34  <  14000.00           *
 *              0.00  <   m56  <  14000.00           *
 ****************************************************
 *********** CMS Higgs Search cuts******
 *                                     *
 *     pt(mu) >           5.00 GeV     *
 *     pt(el) >           7.00 GeV     *
 *     |eta_mu| <         2.40         *
 *     |eta_el| <         2.50         *
 *     m4lmin >         100.00 GeV     *
 *     m2lmin >           4.00 GeV     *
 *     ptleading >       20.00 GeV     *
 *     ptnexttoleading > 10.00 GeV     *
 *     mllnear >         40.00 GeV     *
 *     mllfar >          12.00 GeV     *
 *     mllmax >         120.00 GeV     *
 ***************************************

 ************** Dynamic scale choice ****************
 *                                                  *
 *                 RENORMALIZATION                  *
 *       mu_ren  =  0.50 x m(3456)                  *
 *                                                  *
 *                  FACTORIZATION                   *
 *       mu_fac  =  0.50 x m(3456)                  *
 *                                                  *
 ****************************************************
 ====================================================
   This is QCDLoop - version 1.95                    
   Authors: Keith Ellis and Giulia Zanderighi        
   (ellis@fnal.gov, g.zanderighi1@physics.ox.ac.uk)  
   For details see FERMILAB-PUB-07-633-T,OUTP-07/16P 
   arXiv:0712.1851 [hep-ph], published in            
   JHEP 0802:002,2008.                               
 ====================================================
 ====================================================
   FF 2.0, a package to evaluate one-loop integrals
 written by G. J. van Oldenborgh, NIKHEF-H, Amsterdam
 ====================================================
 for the algorithms used see preprint NIKHEF-H 89/17,
 'New Algorithms for One-loop Integrals', by G.J. van
 Oldenborgh and J.A.M. Vermaseren, published in 
 Zeitschrift fuer Physik C46(1990)425.
 ====================================================
 ffini: precx =    4.4408920985006262E-016
 ffini: precc =    4.4408920985006262E-016
 ffini: xalogm =    4.9406564584124654E-324
 ffini: xclogm =    4.9406564584124654E-324
 ****************************************************
 *                                                  *
 *  gg->ZZ box loop includes gens. 1 and 2          *
 *  gg->ZZ box loop includes bottom quark           *
 *  gg->ZZ box loop includes top quark              *
 *                                                  *
 *  Numer. stability: pt(Z) > 0.100 GeV (gens. 1,2) *
 *  Numer. stability: pt(Z) > 0.100 GeV (b,t loops) *
 *                                                  *
 ****************************************************
 Reading PDF grid from Pdfdata/mstw2008lo.00.dat

************* Integration by Vegas (iteration   1) **************
*                                                               *
*  integral  = -.14844382       accum. integral = -.14844382    *
*  std. dev. = 0.31683744E-02   accum. std. dev = 0.31683744E-02*
*   max. wt. =   0.423961E-03                                   *
*                                                               *
**************   chi**2/iteration =  0.000       ****************


************* Integration by Vegas (iteration   2) **************
*                                                               *
*  integral  = -.14889428       accum. integral = -.14888257    *
*  std. dev. = 0.51761220E-03   accum. std. dev = 0.51084013E-03*
*   max. wt. =   0.423961E-03                                   *
*                                                               *
**************   chi**2/iteration = 0.1949E-01   ****************


************* Integration by Vegas (iteration   3) **************
*                                                               *
*  integral  = -.14819688       accum. integral = -.14840509    *
*  std. dev. = 0.33733484E-03   accum. std. dev = 0.28149713E-03*
*   max. wt. =   0.423961E-03                                   *
*                                                               *
**************   chi**2/iteration = 0.6340       ****************


************* Integration by Vegas (iteration   4) **************
*                                                               *
*  integral  = -.14814332       accum. integral = -.14829049    *
*  std. dev. = 0.31900991E-03   accum. std. dev = 0.21107136E-03*
*   max. wt. =   0.423961E-03                                   *
*                                                               *
**************   chi**2/iteration = 0.5491       ****************


************* Integration by Vegas (iteration   5) **************
*                                                               *
*  integral  = -.14828773       accum. integral = -.14828965    *
*  std. dev. = 0.31849363E-03   accum. std. dev = 0.17594200E-03*
*   max. wt. =   0.423961E-03                                   *
*                                                               *
**************   chi**2/iteration = 0.4122       ****************


************* Integration by Vegas (iteration   6) **************
*                                                               *
*  integral  = -.14899074       accum. integral = -.14847778    *
*  std. dev. = 0.29052081E-03   accum. std. dev = 0.15049534E-03*
*   max. wt. =   0.423961E-03                                   *
*                                                               *
**************   chi**2/iteration =  1.180       ****************


************* Integration by Vegas (iteration   7) **************
*                                                               *
*  integral  = -.14890490       accum. integral = -.14857385    *
*  std. dev. = 0.27937943E-03   accum. std. dev = 0.13249487E-03*
*   max. wt. =   0.423961E-03                                   *
*                                                               *
**************   chi**2/iteration =  1.285       ****************


************* Integration by Vegas (iteration   8) **************
*                                                               *
*  integral  = -.14871451       accum. integral = -.14859894    *
*  std. dev. = 0.28432749E-03   accum. std. dev = 0.12009556E-03*
*   max. wt. =   0.423961E-03                                   *
*                                                               *
**************   chi**2/iteration =  1.131       ****************


************* Integration by Vegas (iteration   9) **************
*                                                               *
*  integral  = -.14911220       accum. integral = -.14867972    *
*  std. dev. = 0.27788526E-03   accum. std. dev = 0.11024082E-03*
*   max. wt. =   0.423961E-03                                   *
*                                                               *
**************   chi**2/iteration =  1.348       ****************


************* Integration by Vegas (iteration  10) **************
*                                                               *
*  integral  = -.14896002       accum. integral = -.14871814    *
*  std. dev. = 0.27660567E-03   accum. std. dev = 0.10240720E-03*
*   max. wt. =   0.423961E-03                                   *
*                                                               *
**************   chi**2/iteration =  1.297       ****************


************* Integration by Vegas (iteration  11) **************
*                                                               *
*  integral  = -.14875073       accum. integral = -.14872202    *
*  std. dev. = 0.27853907E-03   accum. std. dev = 0.96116853E-04*
*   max. wt. =   0.423961E-03                                   *
*                                                               *
**************   chi**2/iteration =  1.169       ****************


************* Integration by Vegas (iteration  12) **************
*                                                               *
*  integral  = -.14865000       accum. integral = -.14871417    *
*  std. dev. = 0.27478720E-03   accum. std. dev = 0.90726733E-04*
*   max. wt. =   0.423961E-03                                   *
*                                                               *
**************   chi**2/iteration =  1.068       ****************


************* Integration by Vegas (iteration  13) **************
*                                                               *
*  integral  = -.14887751       accum. integral = -.14872946    *
*  std. dev. = 0.28229097E-03   accum. std. dev = 0.86375301E-04*
*   max. wt. =   0.423961E-03                                   *
*                                                               *
**************   chi**2/iteration =  1.004       ****************


************* Integration by Vegas (iteration  14) **************
*                                                               *
*  integral  = -.14829985       accum. integral = -.14869172    *
*  std. dev. = 0.27833209E-03   accum. std. dev = 0.82494256E-04*
*   max. wt. =   0.423961E-03                                   *
*                                                               *
**************   chi**2/iteration =  1.094       ****************


************* Integration by Vegas (iteration  15) **************
*                                                               *
*  integral  = -.14883070       accum. integral = -.14870337    *
*  std. dev. = 0.27274772E-03   accum. std. dev = 0.78961586E-04*
*   max. wt. =   0.423961E-03                                   *
*                                                               *
**************   chi**2/iteration =  1.033       ****************


************* Integration by Vegas (iteration  16) **************
*                                                               *
*  integral  = -.14898988       accum. integral = -.14872478    *
*  std. dev. = 0.27782499E-03   accum. std. dev = 0.75953495E-04*
*   max. wt. =   0.423961E-03                                   *
*                                                               *
**************   chi**2/iteration =  1.030       ****************


************* Integration by Vegas (iteration  17) **************
*                                                               *
*  integral  = -.14857890       accum. integral = -.14871700    *
*  std. dev. = 0.31986782E-03   accum. std. dev = 0.73898716E-04*
*   max. wt. =   0.423961E-03                                   *
*                                                               *
**************   chi**2/iteration = 0.9779       ****************


************* Integration by Vegas (iteration  18) **************
*                                                               *
*  integral  = -.14829958       accum. integral = -.14869424    *
*  std. dev. = 0.30770681E-03   accum. std. dev = 0.71855572E-04*
*   max. wt. =   0.423961E-03                                   *
*                                                               *
**************   chi**2/iteration =  1.023       ****************


************* Integration by Vegas (iteration  19) **************
*                                                               *
*  integral  = -.14896670       accum. integral = -.14871018    *
*  std. dev. = 0.28824201E-03   accum. std. dev = 0.69721792E-04*
*   max. wt. =   0.423961E-03                                   *
*                                                               *
**************   chi**2/iteration =  1.013       ****************


************* Integration by Vegas (iteration  20) **************
*                                                               *
*  integral  = -.14840370       accum. integral = -.14869265    *
*  std. dev. = 0.28304628E-03   accum. std. dev = 0.67698184E-04*
*   max. wt. =   0.423961E-03                                   *
*                                                               *
**************   chi**2/iteration =  1.017       ****************


 input parameters for vegas:  ndim= 10  ncall= 472392.
                              it=   21  itmx=   50
                              nprn=  0  alph= 1.50
                              mds=  1   nd= 100
                              xl( 1)=   0.000     xu( 1)=   1.000    
                              xl( 2)=   0.000     xu( 2)=   1.000    
                              xl( 3)=   0.000     xu( 3)=   1.000    
                              xl( 4)=   0.000     xu( 4)=   1.000    
                              xl( 5)=   0.000     xu( 5)=   1.000    
                              xl( 6)=   0.000     xu( 6)=   1.000    
                              xl( 7)=   0.000     xu( 7)=   1.000    
                              xl( 8)=   0.000     xu( 8)=   1.000    
                              xl( 9)=   0.000     xu( 9)=   1.000    
                              xl(10)=   0.000     xu(10)=   1.000    

************* Integration by Vegas (iteration   1) **************
*                                                               *
*  integral  = -.14798989       accum. integral = -.14798989    *
*  std. dev. = 0.27999156E-03   accum. std. dev = 0.27999156E-03*
*   max. wt. =   0.260319E-04                                   *
*                                                               *
**************   chi**2/iteration = 0.5821E-08   ****************

 Writing out intermediate results for iteration           1

************* Integration by Vegas (iteration   2) **************
*                                                               *
*  integral  = -.14858492       accum. integral = -.14827505    *
*  std. dev. = 0.29187541E-03   accum. std. dev = 0.20205457E-03*
*   max. wt. =   0.475873E-04                                   *
*                                                               *
**************   chi**2/iteration =  2.143       ****************

 Writing out intermediate results for iteration           2

************* Integration by Vegas (iteration   3) **************
*                                                               *
*  integral  = -.14893296       accum. integral = -.14849886    *
*  std. dev. = 0.28139352E-03   accum. std. dev = 0.16412586E-03*
*   max. wt. =   0.475873E-04                                   *
*                                                               *
**************   chi**2/iteration =  2.871       ****************

 Writing out intermediate results for iteration           3

************* Integration by Vegas (iteration   4) **************
*                                                               *
*  integral  = -.14847749       accum. integral = -.14849328    *
*  std. dev. = 0.27605816E-03   accum. std. dev = 0.14107585E-03*
*   max. wt. =   0.475873E-04                                   *
*                                                               *
**************   chi**2/iteration =  1.919       ****************

 Writing out intermediate results for iteration           4

************* Integration by Vegas (iteration   5) **************
*                                                               *
*  integral  = -.14828316       accum. integral = -.14845072    *
*  std. dev. = 0.27991400E-03   accum. std. dev = 0.12598001E-03*
*   max. wt. =   0.475873E-04                                   *
*                                                               *
**************   chi**2/iteration =  1.552       ****************

 Writing out intermediate results for iteration           5

************* Integration by Vegas (iteration   6) **************
*                                                               *
*  integral  = -.14892027       accum. integral = -.14852555    *
*  std. dev. = 0.28932819E-03   accum. std. dev = 0.11550545E-03*
*   max. wt. =   0.475873E-04                                   *
*                                                               *
**************   chi**2/iteration =  1.684       ****************

 Writing out intermediate results for iteration           6

************* Integration by Vegas (iteration   7) **************
*                                                               *
*  integral  = -.14860259       accum. integral = -.14853621    *
*  std. dev. = 0.28823682E-03   accum. std. dev = 0.10721707E-03*
*   max. wt. =   0.768376E-04                                   *
*                                                               *
**************   chi**2/iteration =  1.414       ****************

 Writing out intermediate results for iteration           7

************* Integration by Vegas (iteration   8) **************
*                                                               *
*  integral  = -.14863692       accum. integral = -.14854846    *
*  std. dev. = 0.28821008E-03   accum. std. dev = 0.10048890E-03*
*   max. wt. =   0.768376E-04                                   *
*                                                               *
**************   chi**2/iteration =  1.228       ****************

 Writing out intermediate results for iteration           8

************* Integration by Vegas (iteration   9) **************
*                                                               *
*  integral  = -.14840745       accum. integral = -.14853367    *
*  std. dev. = 0.29362094E-03   accum. std. dev = 0.95075048E-04*
*   max. wt. =   0.768376E-04                                   *
*                                                               *
**************   chi**2/iteration =  1.100       ****************

 Writing out intermediate results for iteration           9

************* Integration by Vegas (iteration  10) **************
*                                                               *
*  integral  = -.14882818       accum. integral = -.14856239    *
*  std. dev. = 0.28921267E-03   accum. std. dev = 0.90319865E-04*
*   max. wt. =   0.768376E-04                                   *
*                                                               *
**************   chi**2/iteration =  1.082       ****************

 Writing out intermediate results for iteration          10

************* Integration by Vegas (iteration  11) **************
*                                                               *
*  integral  = -.14862711       accum. integral = -.14856789    *
*  std. dev. = 0.29655697E-03   accum. std. dev = 0.86401509E-04*
*   max. wt. =   0.768376E-04                                   *
*                                                               *
**************   chi**2/iteration = 0.9784       ****************

 Writing out intermediate results for iteration          11

************* Integration by Vegas (iteration  12) **************
*                                                               *
*  integral  = -.14867186       accum. integral = -.14857613    *
*  std. dev. = 0.29440560E-03   accum. std. dev = 0.82904972E-04*
*   max. wt. =   0.768376E-04                                   *
*                                                               *
**************   chi**2/iteration = 0.8999       ****************

 Writing out intermediate results for iteration          12

************* Integration by Vegas (iteration  13) **************
*                                                               *
*  integral  = -.14854405       accum. integral = -.14857370    *
*  std. dev. = 0.28940388E-03   accum. std. dev = 0.79699228E-04*
*   max. wt. =   0.768376E-04                                   *
*                                                               *
**************   chi**2/iteration = 0.8260       ****************

 Writing out intermediate results for iteration          13

************* Integration by Vegas (iteration  14) **************
*                                                               *
*  integral  = -.14820717       accum. integral = -.14855027    *
*  std. dev. = 0.30498555E-03   accum. std. dev = 0.77109834E-04*
*   max. wt. =   0.912213E-04                                   *
*                                                               *
**************   chi**2/iteration = 0.8664       ****************

 Writing out intermediate results for iteration          14

************* Integration by Vegas (iteration  15) **************
*                                                               *
*  integral  = -.14851368       accum. integral = -.14854793    *
*  std. dev. = 0.29494315E-03   accum. std. dev = 0.74602409E-04*
*   max. wt. =   0.912213E-04                                   *
*                                                               *
**************   chi**2/iteration = 0.8056       ****************

 Writing out intermediate results for iteration          15

************* Integration by Vegas (iteration  16) **************
*                                                               *
*  integral  = -.14873908       accum. integral = -.14856003    *
*  std. dev. = 0.28694543E-03   accum. std. dev = 0.72202099E-04*
*   max. wt. =   0.912213E-04                                   *
*                                                               *
**************   chi**2/iteration = 0.7796       ****************

 Writing out intermediate results for iteration          16

************* Integration by Vegas (iteration  17) **************
*                                                               *
*  integral  = -.14921047       accum. integral = -.14859853    *
*  std. dev. = 0.28786259E-03   accum. std. dev = 0.70032768E-04*
*   max. wt. =   0.912213E-04                                   *
*                                                               *
**************   chi**2/iteration =  1.031       ****************

 Writing out intermediate results for iteration          17

************* Integration by Vegas (iteration  18) **************
*                                                               *
*  integral  = -.14879451       accum. integral = -.14860970    *
*  std. dev. = 0.28486433E-03   accum. std. dev = 0.68007716E-04*
*   max. wt. =   0.912213E-04                                   *
*                                                               *
**************   chi**2/iteration = 0.9966       ****************

 Writing out intermediate results for iteration          18

************* Integration by Vegas (iteration  19) **************
*                                                               *
*  integral  = -.14853038       accum. integral = -.14860557    *
*  std. dev. = 0.29024737E-03   accum. std. dev = 0.66214385E-04*
*   max. wt. =   0.912213E-04                                   *
*                                                               *
**************   chi**2/iteration = 0.9452       ****************

 Writing out intermediate results for iteration          19

************* Integration by Vegas (iteration  20) **************
*                                                               *
*  integral  = -.14932812       accum. integral = -.14864113    *
*  std. dev. = 0.29103794E-03   accum. std. dev = 0.64564493E-04*
*   max. wt. =   0.912213E-04                                   *
*                                                               *
**************   chi**2/iteration =  1.204       ****************

 Writing out intermediate results for iteration          20

************* Integration by Vegas (iteration  21) **************
*                                                               *
*  integral  = -.14845146       accum. integral = -.14863267    *
*  std. dev. = 0.29871395E-03   accum. std. dev = 0.63107223E-04*
*   max. wt. =   0.912213E-04                                   *
*                                                               *
**************   chi**2/iteration =  1.163       ****************

 Writing out intermediate results for iteration          21

************* Integration by Vegas (iteration  22) **************
*                                                               *
*  integral  = -.14859143       accum. integral = -.14863082    *
*  std. dev. = 0.29154139E-03   accum. std. dev = 0.61678779E-04*
*   max. wt. =   0.912213E-04                                   *
*                                                               *
**************   chi**2/iteration =  1.108       ****************

 Writing out intermediate results for iteration          22

************* Integration by Vegas (iteration  23) **************
*                                                               *
*  integral  = -.14823859       accum. integral = -.14861393    *
*  std. dev. = 0.29074827E-03   accum. std. dev = 0.60336080E-04*
*   max. wt. =   0.912213E-04                                   *
*                                                               *
**************   chi**2/iteration =  1.137       ****************

 Writing out intermediate results for iteration          23

************* Integration by Vegas (iteration  24) **************
*                                                               *
*  integral  = -.14931775       accum. integral = -.14864215    *
*  std. dev. = 0.29521323E-03   accum. std. dev = 0.59114062E-04*
*   max. wt. =   0.912213E-04                                   *
*                                                               *
**************   chi**2/iteration =  1.325       ****************

 Writing out intermediate results for iteration          24

************* Integration by Vegas (iteration  25) **************
*                                                               *
*  integral  = -.14875646       accum. integral = -.14864677    *
*  std. dev. = 0.28796097E-03   accum. std. dev = 0.57906507E-04*
*   max. wt. =   0.912213E-04                                   *
*                                                               *
**************   chi**2/iteration =  1.276       ****************

 Writing out intermediate results for iteration          25

************* Integration by Vegas (iteration  26) **************
*                                                               *
*  integral  = -.14846254       accum. integral = -.14864009    *
*  std. dev. = 0.29842233E-03   accum. std. dev = 0.56846199E-04*
*   max. wt. =   0.912213E-04                                   *
*                                                               *
**************   chi**2/iteration =  1.240       ****************

 Writing out intermediate results for iteration          26

************* Integration by Vegas (iteration  27) **************
*                                                               *
*  integral  = -.14885374       accum. integral = -.14864789    *
*  std. dev. = 0.29194181E-03   accum. std. dev = 0.55798247E-04*
*   max. wt. =   0.912213E-04                                   *
*                                                               *
**************   chi**2/iteration =  1.212       ****************

 Writing out intermediate results for iteration          27

************* Integration by Vegas (iteration  28) **************
*                                                               *
*  integral  = -.14840789       accum. integral = -.14863927    *
*  std. dev. = 0.28900878E-03   accum. std. dev = 0.54786502E-04*
*   max. wt. =   0.912213E-04                                   *
*                                                               *
**************   chi**2/iteration =  1.192       ****************

 Writing out intermediate results for iteration          28

************* Integration by Vegas (iteration  29) **************
*                                                               *
*  integral  = -.14882257       accum. integral = -.14864540    *
*  std. dev. = 0.29447439E-03   accum. std. dev = 0.53862238E-04*
*   max. wt. =   0.912213E-04                                   *
*                                                               *
**************   chi**2/iteration =  1.162       ****************

 Writing out intermediate results for iteration          29

************* Integration by Vegas (iteration  30) **************
*                                                               *
*  integral  = -.14877920       accum. integral = -.14864976    *
*  std. dev. = 0.29348505E-03   accum. std. dev = 0.52977436E-04*
*   max. wt. =   0.912213E-04                                   *
*                                                               *
**************   chi**2/iteration =  1.129       ****************

 Writing out intermediate results for iteration          30

************* Integration by Vegas (iteration  31) **************
*                                                               *
*  integral  = -.14861147       accum. integral = -.14864862    *
*  std. dev. = 0.30180747E-03   accum. std. dev = 0.52179651E-04*
*   max. wt. =   0.912213E-04                                   *
*                                                               *
**************   chi**2/iteration =  1.092       ****************

 Writing out intermediate results for iteration          31

************* Integration by Vegas (iteration  32) **************
*                                                               *
*  integral  = -.14840297       accum. integral = -.14864214    *
*  std. dev. = 0.31720786E-03   accum. std. dev = 0.51487694E-04*
*   max. wt. =   0.111970E-03                                   *
*                                                               *
**************   chi**2/iteration =  1.076       ****************

 Writing out intermediate results for iteration          32

************* Integration by Vegas (iteration  33) **************
*                                                               *
*  integral  = -.14826154       accum. integral = -.14863211    *
*  std. dev. = 0.31290747E-03   accum. std. dev = 0.50804511E-04*
*   max. wt. =   0.111970E-03                                   *
*                                                               *
**************   chi**2/iteration =  1.087       ****************

 Writing out intermediate results for iteration          33

************* Integration by Vegas (iteration  34) **************
*                                                               *
*  integral  = -.14867614       accum. integral = -.14863337    *
*  std. dev. = 0.29645877E-03   accum. std. dev = 0.50074534E-04*
*   max. wt. =   0.111970E-03                                   *
*                                                               *
**************   chi**2/iteration =  1.055       ****************

 Writing out intermediate results for iteration          34

************* Integration by Vegas (iteration  35) **************
*                                                               *
*  integral  = -.14804638       accum. integral = -.14861762    *
*  std. dev. = 0.30160515E-03   accum. std. dev = 0.49398333E-04*
*   max. wt. =   0.111970E-03                                   *
*                                                               *
**************   chi**2/iteration =  1.132       ****************

 Writing out intermediate results for iteration          35

************* Integration by Vegas (iteration  36) **************
*                                                               *
*  integral  = -.14864669       accum. integral = -.14861839    *
*  std. dev. = 0.29885489E-03   accum. std. dev = 0.48737036E-04*
*   max. wt. =   0.111970E-03                                   *
*                                                               *
**************   chi**2/iteration =  1.100       ****************

 Writing out intermediate results for iteration          36

************* Integration by Vegas (iteration  37) **************
*                                                               *
*  integral  = -.14804785       accum. integral = -.14860447    *
*  std. dev. = 0.30813931E-03   accum. std. dev = 0.48138629E-04*
*   max. wt. =   0.111970E-03                                   *
*                                                               *
**************   chi**2/iteration =  1.162       ****************

 Writing out intermediate results for iteration          37

************* Integration by Vegas (iteration  38) **************
*                                                               *
*  integral  = -.14911379       accum. integral = -.14861761    *
*  std. dev. = 0.29578238E-03   accum. std. dev = 0.47513482E-04*
*   max. wt. =   0.111970E-03                                   *
*                                                               *
**************   chi**2/iteration =  1.209       ****************

 Writing out intermediate results for iteration          38

************* Integration by Vegas (iteration  39) **************
*                                                               *
*  integral  = -.14869338       accum. integral = -.14861919    *
*  std. dev. = 0.32540601E-03   accum. std. dev = 0.47014951E-04*
*   max. wt. =   0.111970E-03                                   *
*                                                               *
**************   chi**2/iteration =  1.179       ****************

 Writing out intermediate results for iteration          39

************* Integration by Vegas (iteration  40) **************
*                                                               *
*  integral  = -.14843519       accum. integral = -.14861495    *
*  std. dev. = 0.30609146E-03   accum. std. dev = 0.46469980E-04*
*   max. wt. =   0.111970E-03                                   *
*                                                               *
**************   chi**2/iteration =  1.158       ****************

 Writing out intermediate results for iteration          40

************* Integration by Vegas (iteration  41) **************
*                                                               *
*  integral  = -.14855959       accum. integral = -.14861364    *
*  std. dev. = 0.29836329E-03   accum. std. dev = 0.45916399E-04*
*   max. wt. =   0.111970E-03                                   *
*                                                               *
**************   chi**2/iteration =  1.129       ****************

 Writing out intermediate results for iteration          41

************* Integration by Vegas (iteration  42) **************
*                                                               *
*  integral  = -.14870963       accum. integral = -.14861577    *
*  std. dev. = 0.30473795E-03   accum. std. dev = 0.45403890E-04*
*   max. wt. =   0.111970E-03                                   *
*                                                               *
**************   chi**2/iteration =  1.104       ****************

 Writing out intermediate results for iteration          42

************* Integration by Vegas (iteration  43) **************
*                                                               *
*  integral  = -.14876731       accum. integral = -.14861906    *
*  std. dev. = 0.30468705E-03   accum. std. dev = 0.44908005E-04*
*   max. wt. =   0.111970E-03                                   *
*                                                               *
**************   chi**2/iteration =  1.084       ****************

 Writing out intermediate results for iteration          43

************* Integration by Vegas (iteration  44) **************
*                                                               *
*  integral  = -.14860194       accum. integral = -.14861870    *
*  std. dev. = 0.30448992E-03   accum. std. dev = 0.44427409E-04*
*   max. wt. =   0.111970E-03                                   *
*                                                               *
**************   chi**2/iteration =  1.059       ****************

 Writing out intermediate results for iteration          44

************* Integration by Vegas (iteration  45) **************
*                                                               *
*  integral  = -.14853010       accum. integral = -.14861688    *
*  std. dev. = 0.30675229E-03   accum. std. dev = 0.43968655E-04*
*   max. wt. =   0.111970E-03                                   *
*                                                               *
**************   chi**2/iteration =  1.036       ****************

 Writing out intermediate results for iteration          45

************* Integration by Vegas (iteration  46) **************
*                                                               *
*  integral  = -.14864253       accum. integral = -.14861738    *
*  std. dev. = 0.31020410E-03   accum. std. dev = 0.43533524E-04*
*   max. wt. =   0.111970E-03                                   *
*                                                               *
**************   chi**2/iteration =  1.014       ****************

 Writing out intermediate results for iteration          46

************* Integration by Vegas (iteration  47) **************
*                                                               *
*  integral  = -.14926954       accum. integral = -.14863020    *
*  std. dev. = 0.30747722E-03   accum. std. dev = 0.43103646E-04*
*   max. wt. =   0.111970E-03                                   *
*                                                               *
**************   chi**2/iteration =  1.087       ****************

 Writing out intermediate results for iteration          47

************* Integration by Vegas (iteration  48) **************
*                                                               *
*  integral  = -.14898102       accum. integral = -.14863736    *
*  std. dev. = 0.29860827E-03   accum. std. dev = 0.42661480E-04*
*   max. wt. =   0.111970E-03                                   *
*                                                               *
**************   chi**2/iteration =  1.093       ****************

 Writing out intermediate results for iteration          48

************* Integration by Vegas (iteration  49) **************
*                                                               *
*  integral  = -.14895566       accum. integral = -.14864339    *
*  std. dev. = 0.30699604E-03   accum. std. dev = 0.42255432E-04*
*   max. wt. =   0.111970E-03                                   *
*                                                               *
**************   chi**2/iteration =  1.092       ****************

 Writing out intermediate results for iteration          49

************* Integration by Vegas (iteration  50) **************
*                                                               *
*  integral  = -.14909216       accum. integral = -.14865223    *
*  std. dev. = 0.29813286E-03   accum. std. dev = 0.41837299E-04*
*   max. wt. =   0.111970E-03                                   *
*                                                               *
**************   chi**2/iteration =  1.115       ****************


Value of final lord integral is       -0.1487 +/-     0.0000 fb

 Total number of shots       :     23619600
 Total no. failing cuts      :      7066468
 Number failing jet cuts     :            0
 Number failing process cuts :            0

   Jet efficiency : 100.00%
   Cut efficiency : 100.00%
 Total efficiency : 100.00%

 Contribution from parton sub-processes:
 ---------------------------------------
       GG     |          -0.14865  100.00%
       GQ     |           0.00000   -0.00%
       GQB    |           0.00000   -0.00%
       QG     |           0.00000   -0.00%
       QBG    |           0.00000   -0.00%
       QQ     |           0.00000   -0.00%
       QBQB   |           0.00000   -0.00%
       QQB    |           0.00000   -0.00%
       QBQ    |           0.00000   -0.00%
 ---------------------------------------

 ****************************************************
 output files  E_var/E_14/MSTW/HHTOP/HZZint_lord_mstw8lo_0___0___126_129_run_14
 ****************************************************
