 ************** MCFM - version 6.8 ****************
 *                                                *
 * MCFM, v6.8                   April 26th, 2014  *
 *                                                *
 * Authors: John Campbell, Keith Ellis,           *
 *          Ciaran Williams                       *
 *         (johnmc@fnal.gov, ellis@fnal.gov,      *
 *          ciaran@fnal.gov)                      *
 *                                                *
 * For details see:                               *
 *                                                *
 *  arXiv:1403.2641 (Triphoton production)        *
 *  arXiv:1312.1628 (gg->WW, Higgs interference)  *
 *  arXiv:1311.3589 (gg->ZZ, Higgs interference)  *
 *  Phys.Rev.D87:114006, arXiv:1302.3856          *
 *  (tZ, tH -- with R. Rontsch)                   *
 *  arXiv:1211.6390 (DM, P. Fox and C. Williams)  *
 *  JHEP 1211:162 (2012), arXiv:1208.0566         *
 *  (Z+gam+jet,Z+gam+gam -- with H. Hartanto)     *
 *  arXiv:1204.1513 (top production+decay)        *
 *  JHEP 1207:052 (2012), arXiv:1204.5678 (ttW)   *
 *  JHEP 1110:005 (2011), arXiv:1107.5569         *
 *         (gg->WW,Higgs intference)              *
 *  JHEP 1107:018 (2011), arXiv:1105.0020         *
 *         (diboson update)                       *
 *  JHEP 1103:027 (2011), arXiv:1011.6647         *
 *         (Wbb for mb>0, with S. Badger)         *
 *  Phys.Rev.D81:074023, arXiv:1001.4495 (H+2jet) *
 *                                                *
 *  P.R.L. 102:142001, arXiv:0903.0005 [hep-ph]   *
 *    (t-channel single top + explicit b,         *
 *      JC, R.Frederix, F.Maltoni, F.Tramontano)  *
 *  N.P.B 726:109(2005), hep-ph/0506289 (W+t)     *
 *  Phys.Rev.D70:094012, hep-ph/0408158 (Sngl Top)*
 *       (with Francesco Tramontano)              *
 *                                                *
 *  Phys.Rev.D65:113007, hep-ph/0202176 (W,Z+2j)  *
 *  Phys.Rev.D62:114012, hep-ph/0006304 (W,Z+bb)  *
 *  Phys.Rev.D60:113006, hep-ph/9905386 (diboson) *
 *                                                *
 * On the web:  http://mcfm.fnal.gov/             *
 **************************************************

 * Using input file named E_var/E_14/MSTW/HHTOP/input_131_14.DAT                                  

 * [Flags to specify the mode in which MCFM is run]                                          
 *                   -1            [nevtrequested] 
 *                    F            [creatent] 
 *                    F            [skipnt] 
 *                    F            [dswhisto] 
 *                    F            [creategrid] 
 *                    T            [writetop] 
 *                    T            [writedat] 
 *                    T            [writegnu] 
 *                    T            [writeroot] 
 *                    F            [writepwg] 

 * [General options to specify the process and execution]                                    
 *                  131            [nproc] 
 *                 lord            [part] 
 * 131_run_14                      [runstring] 
 *           14000.0000            [sqrts] 
 *                    1            [ih1] 
 *                    1            [ih2] 
 *             126.0000            [hmass] 
 *               0.5000            [scale] 
 *               0.5000            [facscale] 
 * m(3456)                         [dynamicscale] 
 *                    F            [zerowidth] 
 *                    F            [removebr] 
 *                   20            [itmx1] 
 *               500000            [ncall1] 
 *                   50            [itmx2] 
 *               500000            [ncall2] 
 *                 2020            [ij] 
 *                    F            [dryrun] 
 *                    T            [Qflag] 
 *                    T            [Gflag] 

 * [Heavy quark masses]                                                                      
 *             173.2000            [top mass] 
 *               4.7500            [bottom mass] 
 *               1.5000            [charm mass] 

 * [Pdf selection]                                                                           
 *              mstw8lo            [pdlabel] 
 *                    4            [NGROUP] 
 *                   46            [NSET] 
 * cteq6mE.LHgrid                  [LHAPDF group] 
 *                   -1            [LHAPDF set] 

 * [Jet definition and event cuts]                                                           
 *               0.0000            [m34min] 
 *           14000.0000            [m34max] 
 *               0.0000            [m56min] 
 *           14000.0000            [m56max] 
 *                    T            [inclusive] 
 *                 ankt            [algorithm] 
 *              15.0000            [ptjetmin] 
 *               0.0000            [etajetmin] 
 *               5.0000            [etajetmax] 
 *               0.5000            [Rcut] 
 *                    T            [makecuts] 
 *               0.0000            [leptpt] 
 *              99.0000            [leptrap] 
 *    0.000,   0.000                [leptveto] 
 *               0.0000            [misspt] 
 *               0.0000            [leptpt2] 
 *              99.0000            [leptrap2] 
 *    0.000,   0.000                [leptveto2] 
 *               0.0000            [mtrans34cut] 
 *               0.0000            [Rjlmin] 
 *               0.0000            [Rllmin] 
 *               0.0000            [delyjjmin] 
 *                    F            [jetsopphem] 
 *                    0            [lbjscheme] 
 *               0.0000            [ptbjetmin] 
 *              99.0000            [etabjetmax] 

 * [Settings for photon processes]                                                           
 *                    F            [frag] 
 *             GdRG__LO            [fragset] 
 *              80.0000            [frag_scale] 
 *              20.0000            [gammpt] 
 *               2.5000            [gammrap] 
 *              20.0000            [gammpt2] 
 *              20.0000            [gammpt3] 
 *               0.0000            [Rgalmin] 
 *               0.4000            [Rgagamin] 
 *               0.4000            [Rgajetmin] 
 *               0.4000            [cone_ang] 
 *               0.5000            [epsilon_h] 

 * [Anomalous couplings of the W and Z]                                                      
 *               0.0000            [delg1_z] 
 *               0.0000            [delk_z] 
 *               0.0000            [delk_g] 
 *               0.0000            [lambda_z] 
 *               0.0000            [lambda_g] 
 *               0.0000            [h1Z] 
 *               0.0000            [h1gam] 
 *               0.0000            [h2Z] 
 *               0.0000            [h2gam] 
 *               0.0000            [h3Z] 
 *               0.0000            [h3gam] 
 *               0.0000            [h4Z] 
 *               0.0000            [h4gam] 
 *               2.0000            [tevscale] 

 * [Anomalous width of the Higgs]                                                            
 *               1.0000            [Gamma_H/Gamma_H(SM)] 

 * [How to resume/save a run]                                                                
 *                    F            [readin] 
 *                    F            [writeout] 
 *                                 [ingridfile] 
 *                                 [outgridfile] 

 * [Technical parameters that should not normally be changed]

 *                    F            [debug] 
 *                    T            [verbose] 
 *                    F            [new_pspace] 
 *                    F            [virtonly] 
 *                    F            [realonly] 
 *                    T            [spira] 
 *                    F            [noglue] 
 *                    F            [ggonly] 
 *                    F            [gqonly] 
 *                    F            [omitgg] 
 *                    F            [vanillafiles] 
 *                    1            [nmin] 
 *                    2            [nmax] 
 *                    T            [clustering] 
 *                    F            [realwt] 
 *                    0            [colourchoice] 
 *               0.0100            [rtsmin] 
 *               0.0001            [cutoff] 
 *               0.1000            [aii] 
 *               0.1000            [aif] 
 *               0.1000            [afi] 
 *               1.0000            [aff] 
 *               1.0000            [bfi] 
 *               1.0000            [bff] 

 Chooser:process chosen by nproc=         131

 *************************** f(p1)+f(p2) --> ******************************************
 * Z^0(e^-(p3)+e^+(p4)) + Z^0(mu^-(p5)+mu^+(p6) [gg only, (H + gg->ZZ) squared]       *
 **************************************************************************************

 ************** Electroweak parameters **************
 *                                                  *
 *  zmass(+)   91.1876000     wmass(+)  80.3980000  *
 * zwidth(+)    2.4952000    wwidth(+)   2.1054000  *
 *     Gf(+) 0.116639D-04   1/aemmz    132.3384323  *
 *     xw       0.2226459      mtop(+) 173.2000000  *
 *   gwsq       0.4264904       esq      0.0949563  *
 * top width    1.4743080 (LO)                      *
 *    mb        4.7500000        mc      1.5000000  *
 *                                                  *
 * Parameters marked (+) are input, others derived  *
 ****************************************************

 ****************** Higgs parameters ****************
 *                                                  *
 *   mass(H) =  126.00      width(H) =  0.43070E-02 *
 *                                                  *
 *              Br( H -> b bbar)  =   0.48164       *
 *              Br( H -> tau tau) =   0.06056       *
 *              Br( H -> W W)     =   0.00000       *
 *              Br( H -> Z Z)     =   0.00000       *
 *              Br( H -> gam gam) =   0.00235       *
 *              Br( H -> Z gam)   =   0.00164       *
 ****************************************************
 *                                                  *
 * Note: branching ratios reported here can be > 1  *
 *       since the total Higgs width is calculated  *
 *       at NLO but the BR calculation uses a       *
 *       partial width at LO only.                  *
 *                                                  *
 ****************************************************

 WARNING: Higgs decay H->ZZ is below threshold and
 may not yield sensible results - check the number
 of integration points

 ***************** CKM mixing matrix ****************
 *                                                  *
 *      Vud=.97500    Vus=.22200    Vub=0.0000      *
 *      Vcd=.22200    Vcs=.97500    Vcb=0.0000      *
 ****************************************************

 ************* Strong coupling, alpha_s  ************
 *                                                  *
 *  Dynamic scale - alpha_s changed event-by-event  *
 *       alpha_s (zmass)  0.13939000                *
 *         (using 1-loop running of alpha_s)        *
 ****************************************************

 ****************************************
 *     Cross section in femtobarns      *
 ****************************************


 input parameters for vegas:  ndim= 10  ncall= 472392.
                              it=    0  itmx=   20
                              nprn=  0  alph= 1.50
                              mds=  1   nd= 100
                              xl( 1)=   0.000     xu( 1)=   1.000    
                              xl( 2)=   0.000     xu( 2)=   1.000    
                              xl( 3)=   0.000     xu( 3)=   1.000    
                              xl( 4)=   0.000     xu( 4)=   1.000    
                              xl( 5)=   0.000     xu( 5)=   1.000    
                              xl( 6)=   0.000     xu( 6)=   1.000    
                              xl( 7)=   0.000     xu( 7)=   1.000    
                              xl( 8)=   0.000     xu( 8)=   1.000    
                              xl( 9)=   0.000     xu( 9)=   1.000    
                              xl(10)=   0.000     xu(10)=   1.000    

 ****************** Basic mass cuts *****************
 *                                                  *
 *              0.00  <   m34  <  14000.00           *
 *              0.00  <   m56  <  14000.00           *
 ****************************************************
 *********** CMS Higgs Search cuts******
 *                                     *
 *     pt(mu) >           5.00 GeV     *
 *     pt(el) >           7.00 GeV     *
 *     |eta_mu| <         2.40         *
 *     |eta_el| <         2.50         *
 *     m4lmin >         100.00 GeV     *
 *     m2lmin >           4.00 GeV     *
 *     ptleading >       20.00 GeV     *
 *     ptnexttoleading > 10.00 GeV     *
 *     mllnear >         40.00 GeV     *
 *     mllfar >          12.00 GeV     *
 *     mllmax >         120.00 GeV     *
 ***************************************

 ************** Dynamic scale choice ****************
 *                                                  *
 *                 RENORMALIZATION                  *
 *       mu_ren  =  0.50 x m(3456)                  *
 *                                                  *
 *                  FACTORIZATION                   *
 *       mu_fac  =  0.50 x m(3456)                  *
 *                                                  *
 ****************************************************
 ====================================================
   This is QCDLoop - version 1.95                    
   Authors: Keith Ellis and Giulia Zanderighi        
   (ellis@fnal.gov, g.zanderighi1@physics.ox.ac.uk)  
   For details see FERMILAB-PUB-07-633-T,OUTP-07/16P 
   arXiv:0712.1851 [hep-ph], published in            
   JHEP 0802:002,2008.                               
 ====================================================
 ====================================================
   FF 2.0, a package to evaluate one-loop integrals
 written by G. J. van Oldenborgh, NIKHEF-H, Amsterdam
 ====================================================
 for the algorithms used see preprint NIKHEF-H 89/17,
 'New Algorithms for One-loop Integrals', by G.J. van
 Oldenborgh and J.A.M. Vermaseren, published in 
 Zeitschrift fuer Physik C46(1990)425.
 ====================================================
 ffini: precx =    4.4408920985006262E-016
 ffini: precc =    4.4408920985006262E-016
 ffini: xalogm =    4.9406564584124654E-324
 ffini: xclogm =    4.9406564584124654E-324
 ****************************************************
 *                                                  *
 *  gg->ZZ box loop includes gens. 1 and 2          *
 *  gg->ZZ box loop includes bottom quark           *
 *  gg->ZZ box loop includes top quark              *
 *                                                  *
 *  Numer. stability: pt(Z) > 0.100 GeV (gens. 1,2) *
 *  Numer. stability: pt(Z) > 0.100 GeV (b,t loops) *
 *                                                  *
 ****************************************************
 Reading PDF grid from Pdfdata/mstw2008lo.00.dat

************* Integration by Vegas (iteration   1) **************
*                                                               *
*  integral  =  2.6700042       accum. integral =  2.6700042    *
*  std. dev. = 0.86068949E-01   accum. std. dev = 0.86068949E-01*
*   max. wt. =   0.458634E-01                                   *
*                                                               *
**************   chi**2/iteration =  0.000       ****************


************* Integration by Vegas (iteration   2) **************
*                                                               *
*  integral  =  3.0701983       accum. integral =  2.7716459    *
*  std. dev. = 0.14750978       accum. std. dev = 0.74339809E-01*
*   max. wt. =   0.134027                                       *
*                                                               *
**************   chi**2/iteration =  5.437       ****************


************* Integration by Vegas (iteration   3) **************
*                                                               *
*  integral  =  3.1454680       accum. integral =  3.0620075    *
*  std. dev. = 0.39855860E-01   accum. std. dev = 0.35126051E-01*
*   max. wt. =   0.134027                                       *
*                                                               *
**************   chi**2/iteration =  12.50       ****************


************* Integration by Vegas (iteration   4) **************
*                                                               *
*  integral  =  3.0665585       accum. integral =  3.0662060    *
*  std. dev. = 0.10177196E-01   accum. std. dev = 0.97751720E-02*
*   max. wt. =   0.134027                                       *
*                                                               *
**************   chi**2/iteration =  8.355       ****************


************* Integration by Vegas (iteration   5) **************
*                                                               *
*  integral  =  3.0612785       accum. integral =  3.0627884    *
*  std. dev. = 0.64972484E-02   accum. std. dev = 0.54110226E-02*
*   max. wt. =   0.134027                                       *
*                                                               *
**************   chi**2/iteration =  6.315       ****************


************* Integration by Vegas (iteration   6) **************
*                                                               *
*  integral  =  3.0606676       accum. integral =  3.0618678    *
*  std. dev. = 0.61788400E-02   accum. std. dev = 0.40707276E-02*
*   max. wt. =   0.134027                                       *
*                                                               *
**************   chi**2/iteration =  5.068       ****************


************* Integration by Vegas (iteration   7) **************
*                                                               *
*  integral  =  3.0762977       accum. integral =  3.0665555    *
*  std. dev. = 0.58684841E-02   accum. std. dev = 0.33448036E-02*
*   max. wt. =   0.134027                                       *
*                                                               *
**************   chi**2/iteration =  4.904       ****************


************* Integration by Vegas (iteration   8) **************
*                                                               *
*  integral  =  3.0654061       accum. integral =  3.0662479    *
*  std. dev. = 0.55334302E-02   accum. std. dev = 0.28624825E-02*
*   max. wt. =   0.134027                                       *
*                                                               *
**************   chi**2/iteration =  4.209       ****************


************* Integration by Vegas (iteration   9) **************
*                                                               *
*  integral  =  3.0632871       accum. integral =  3.0656184    *
*  std. dev. = 0.55089792E-02   accum. std. dev = 0.25400551E-02*
*   max. wt. =   0.134027                                       *
*                                                               *
**************   chi**2/iteration =  3.712       ****************


************* Integration by Vegas (iteration  10) **************
*                                                               *
*  integral  =  3.0609095       accum. integral =  3.0648324    *
*  std. dev. = 0.56746058E-02   accum. std. dev = 0.23183930E-02*
*   max. wt. =   0.134027                                       *
*                                                               *
**************   chi**2/iteration =  3.363       ****************


************* Integration by Vegas (iteration  11) **************
*                                                               *
*  integral  =  3.0573814       accum. integral =  3.0637357    *
*  std. dev. = 0.55803774E-02   accum. std. dev = 0.21409753E-02*
*   max. wt. =   0.134027                                       *
*                                                               *
**************   chi**2/iteration =  3.179       ****************


************* Integration by Vegas (iteration  12) **************
*                                                               *
*  integral  =  3.0547974       accum. integral =  3.0626393    *
*  std. dev. = 0.57257678E-02   accum. std. dev = 0.20053692E-02*
*   max. wt. =   0.134027                                       *
*                                                               *
**************   chi**2/iteration =  3.085       ****************


************* Integration by Vegas (iteration  13) **************
*                                                               *
*  integral  =  3.0642510       accum. integral =  3.0628185    *
*  std. dev. = 0.56696376E-02   accum. std. dev = 0.18905912E-02*
*   max. wt. =   0.134027                                       *
*                                                               *
**************   chi**2/iteration =  2.834       ****************


************* Integration by Vegas (iteration  14) **************
*                                                               *
*  integral  =  3.0604594       accum. integral =  3.0625812    *
*  std. dev. = 0.56537742E-02   accum. std. dev = 0.17930006E-02*
*   max. wt. =   0.134027                                       *
*                                                               *
**************   chi**2/iteration =  2.628       ****************


************* Integration by Vegas (iteration  15) **************
*                                                               *
*  integral  =  3.0662041       accum. integral =  3.0629102    *
*  std. dev. = 0.56739200E-02   accum. std. dev = 0.17096673E-02*
*   max. wt. =   0.134027                                       *
*                                                               *
**************   chi**2/iteration =  2.467       ****************


************* Integration by Vegas (iteration  16) **************
*                                                               *
*  integral  =  3.0574750       accum. integral =  3.0624425    *
*  std. dev. = 0.55719727E-02   accum. std. dev = 0.16344582E-02*
*   max. wt. =   0.134027                                       *
*                                                               *
**************   chi**2/iteration =  2.361       ****************


************* Integration by Vegas (iteration  17) **************
*                                                               *
*  integral  =  3.0608090       accum. integral =  3.0623106    *
*  std. dev. = 0.55152684E-02   accum. std. dev = 0.15670919E-02*
*   max. wt. =   0.134027                                       *
*                                                               *
**************   chi**2/iteration =  2.218       ****************


************* Integration by Vegas (iteration  18) **************
*                                                               *
*  integral  =  3.0539298       accum. integral =  3.0617012    *
*  std. dev. = 0.55962213E-02   accum. std. dev = 0.15090426E-02*
*   max. wt. =   0.134027                                       *
*                                                               *
**************   chi**2/iteration =  2.210       ****************


************* Integration by Vegas (iteration  19) **************
*                                                               *
*  integral  =  3.0586721       accum. integral =  3.0614965    *
*  std. dev. = 0.56056820E-02   accum. std. dev = 0.14571670E-02*
*   max. wt. =   0.134027                                       *
*                                                               *
**************   chi**2/iteration =  2.102       ****************


************* Integration by Vegas (iteration  20) **************
*                                                               *
*  integral  =  3.0560331       accum. integral =  3.0611494    *
*  std. dev. = 0.55940768E-02   accum. std. dev = 0.14101127E-02*
*   max. wt. =   0.134027                                       *
*                                                               *
**************   chi**2/iteration =  2.039       ****************


 input parameters for vegas:  ndim= 10  ncall= 472392.
                              it=   21  itmx=   50
                              nprn=  0  alph= 1.50
                              mds=  1   nd= 100
                              xl( 1)=   0.000     xu( 1)=   1.000    
                              xl( 2)=   0.000     xu( 2)=   1.000    
                              xl( 3)=   0.000     xu( 3)=   1.000    
                              xl( 4)=   0.000     xu( 4)=   1.000    
                              xl( 5)=   0.000     xu( 5)=   1.000    
                              xl( 6)=   0.000     xu( 6)=   1.000    
                              xl( 7)=   0.000     xu( 7)=   1.000    
                              xl( 8)=   0.000     xu( 8)=   1.000    
                              xl( 9)=   0.000     xu( 9)=   1.000    
                              xl(10)=   0.000     xu(10)=   1.000    

************* Integration by Vegas (iteration   1) **************
*                                                               *
*  integral  =  3.0603023       accum. integral =  3.0603023    *
*  std. dev. = 0.58776811E-02   accum. std. dev = 0.58776811E-02*
*   max. wt. =   0.147983E-02                                   *
*                                                               *
**************   chi**2/iteration =  0.000       ****************

 Writing out intermediate results for iteration           1

************* Integration by Vegas (iteration   2) **************
*                                                               *
*  integral  =  3.0733299       accum. integral =  3.0669021    *
*  std. dev. = 0.58006233E-02   accum. std. dev = 0.41286345E-02*
*   max. wt. =   0.147983E-02                                   *
*                                                               *
**************   chi**2/iteration =  2.464       ****************

 Writing out intermediate results for iteration           2

************* Integration by Vegas (iteration   3) **************
*                                                               *
*  integral  =  3.0622907       accum. integral =  3.0652455    *
*  std. dev. = 0.55141717E-02   accum. std. dev = 0.33049187E-02*
*   max. wt. =   0.147983E-02                                   *
*                                                               *
**************   chi**2/iteration =  1.461       ****************

 Writing out intermediate results for iteration           3

************* Integration by Vegas (iteration   4) **************
*                                                               *
*  integral  =  3.0573713       accum. integral =  3.0632788    *
*  std. dev. = 0.57277494E-02   accum. std. dev = 0.28625760E-02*
*   max. wt. =   0.147983E-02                                   *
*                                                               *
**************   chi**2/iteration =  1.447       ****************

 Writing out intermediate results for iteration           4

************* Integration by Vegas (iteration   5) **************
*                                                               *
*  integral  =  3.0682468       accum. integral =  3.0642253    *
*  std. dev. = 0.59002709E-02   accum. std. dev = 0.25754711E-02*
*   max. wt. =   0.147983E-02                                   *
*                                                               *
**************   chi**2/iteration =  1.229       ****************

 Writing out intermediate results for iteration           5

************* Integration by Vegas (iteration   6) **************
*                                                               *
*  integral  =  3.0719788       accum. integral =  3.0654709    *
*  std. dev. = 0.58870366E-02   accum. std. dev = 0.23595526E-02*
*   max. wt. =   0.147983E-02                                   *
*                                                               *
**************   chi**2/iteration =  1.274       ****************

 Writing out intermediate results for iteration           6

************* Integration by Vegas (iteration   7) **************
*                                                               *
*  integral  =  3.0751455       accum. integral =  3.0668219    *
*  std. dev. = 0.58568054E-02   accum. std. dev = 0.21886141E-02*
*   max. wt. =   0.147983E-02                                   *
*                                                               *
**************   chi**2/iteration =  1.453       ****************

 Writing out intermediate results for iteration           7

************* Integration by Vegas (iteration   8) **************
*                                                               *
*  integral  =  3.0627304       accum. integral =  3.0663512    *
*  std. dev. = 0.60705058E-02   accum. std. dev = 0.20588899E-02*
*   max. wt. =   0.216639E-02                                   *
*                                                               *
**************   chi**2/iteration =  1.303       ****************

 Writing out intermediate results for iteration           8

************* Integration by Vegas (iteration   9) **************
*                                                               *
*  integral  =  3.0529886       accum. integral =  3.0648931    *
*  std. dev. = 0.58828731E-02   accum. std. dev = 0.19433124E-02*
*   max. wt. =   0.216639E-02                                   *
*                                                               *
**************   chi**2/iteration =  1.714       ****************

 Writing out intermediate results for iteration           9

************* Integration by Vegas (iteration  10) **************
*                                                               *
*  integral  =  3.0518066       accum. integral =  3.0635643    *
*  std. dev. = 0.57805292E-02   accum. std. dev = 0.18420075E-02*
*   max. wt. =   0.216639E-02                                   *
*                                                               *
**************   chi**2/iteration =  2.035       ****************

 Writing out intermediate results for iteration          10

************* Integration by Vegas (iteration  11) **************
*                                                               *
*  integral  =  3.0619575       accum. integral =  3.0634151    *
*  std. dev. = 0.57582841E-02   accum. std. dev = 0.17544293E-02*
*   max. wt. =   0.216639E-02                                   *
*                                                               *
**************   chi**2/iteration =  1.839       ****************

 Writing out intermediate results for iteration          11

************* Integration by Vegas (iteration  12) **************
*                                                               *
*  integral  =  3.0532767       accum. integral =  3.0626178    *
*  std. dev. = 0.60050102E-02   accum. std. dev = 0.16840282E-02*
*   max. wt. =   0.216639E-02                                   *
*                                                               *
**************   chi**2/iteration =  1.910       ****************

 Writing out intermediate results for iteration          12

************* Integration by Vegas (iteration  13) **************
*                                                               *
*  integral  =  3.0644490       accum. integral =  3.0627550    *
*  std. dev. = 0.59157632E-02   accum. std. dev = 0.16196804E-02*
*   max. wt. =   0.216639E-02                                   *
*                                                               *
**************   chi**2/iteration =  1.759       ****************

 Writing out intermediate results for iteration          13

************* Integration by Vegas (iteration  14) **************
*                                                               *
*  integral  =  3.0648131       accum. integral =  3.0629071    *
*  std. dev. = 0.57334266E-02   accum. std. dev = 0.15586789E-02*
*   max. wt. =   0.216639E-02                                   *
*                                                               *
**************   chi**2/iteration =  1.633       ****************

 Writing out intermediate results for iteration          14

************* Integration by Vegas (iteration  15) **************
*                                                               *
*  integral  =  3.0638021       accum. integral =  3.0629600    *
*  std. dev. = 0.62198347E-02   accum. std. dev = 0.15119276E-02*
*   max. wt. =   0.230493E-02                                   *
*                                                               *
**************   chi**2/iteration =  1.517       ****************

 Writing out intermediate results for iteration          15

************* Integration by Vegas (iteration  16) **************
*                                                               *
*  integral  =  3.0648561       accum. integral =  3.0630690    *
*  std. dev. = 0.61229957E-02   accum. std. dev = 0.14678407E-02*
*   max. wt. =   0.230493E-02                                   *
*                                                               *
**************   chi**2/iteration =  1.422       ****************

 Writing out intermediate results for iteration          16

************* Integration by Vegas (iteration  17) **************
*                                                               *
*  integral  =  3.0659985       accum. integral =  3.0632376    *
*  std. dev. = 0.59402752E-02   accum. std. dev = 0.14249818E-02*
*   max. wt. =   0.230493E-02                                   *
*                                                               *
**************   chi**2/iteration =  1.348       ****************

 Writing out intermediate results for iteration          17

************* Integration by Vegas (iteration  18) **************
*                                                               *
*  integral  =  3.0695160       accum. integral =  3.0635652    *
*  std. dev. = 0.60734207E-02   accum. std. dev = 0.13873081E-02*
*   max. wt. =   0.230493E-02                                   *
*                                                               *
**************   chi**2/iteration =  1.328       ****************

 Writing out intermediate results for iteration          18

************* Integration by Vegas (iteration  19) **************
*                                                               *
*  integral  =  3.0636997       accum. integral =  3.0635718    *
*  std. dev. = 0.60725064E-02   accum. std. dev = 0.13524627E-02*
*   max. wt. =   0.230493E-02                                   *
*                                                               *
**************   chi**2/iteration =  1.254       ****************

 Writing out intermediate results for iteration          19

************* Integration by Vegas (iteration  20) **************
*                                                               *
*  integral  =  3.0665309       accum. integral =  3.0637179    *
*  std. dev. = 0.59342772E-02   accum. std. dev = 0.13186498E-02*
*   max. wt. =   0.230493E-02                                   *
*                                                               *
**************   chi**2/iteration =  1.201       ****************

 Writing out intermediate results for iteration          20

************* Integration by Vegas (iteration  21) **************
*                                                               *
*  integral  =  3.0680949       accum. integral =  3.0639298    *
*  std. dev. = 0.58468847E-02   accum. std. dev = 0.12863414E-02*
*   max. wt. =   0.230493E-02                                   *
*                                                               *
**************   chi**2/iteration =  1.168       ****************

 Writing out intermediate results for iteration          21

************* Integration by Vegas (iteration  22) **************
*                                                               *
*  integral  =  3.0619738       accum. integral =  3.0638382    *
*  std. dev. = 0.58021523E-02   accum. std. dev = 0.12558483E-02*
*   max. wt. =   0.230493E-02                                   *
*                                                               *
**************   chi**2/iteration =  1.117       ****************

 Writing out intermediate results for iteration          22

************* Integration by Vegas (iteration  23) **************
*                                                               *
*  integral  =  3.0677530       accum. integral =  3.0640049    *
*  std. dev. = 0.59547173E-02   accum. std. dev = 0.12288175E-02*
*   max. wt. =   0.230493E-02                                   *
*                                                               *
**************   chi**2/iteration =  1.085       ****************

 Writing out intermediate results for iteration          23

************* Integration by Vegas (iteration  24) **************
*                                                               *
*  integral  =  3.0597223       accum. integral =  3.0638213    *
*  std. dev. = 0.58061827E-02   accum. std. dev = 0.12021887E-02*
*   max. wt. =   0.230493E-02                                   *
*                                                               *
**************   chi**2/iteration =  1.061       ****************

 Writing out intermediate results for iteration          24

************* Integration by Vegas (iteration  25) **************
*                                                               *
*  integral  =  3.0609568       accum. integral =  3.0637056    *
*  std. dev. = 0.58603713E-02   accum. std. dev = 0.11776649E-02*
*   max. wt. =   0.230493E-02                                   *
*                                                               *
**************   chi**2/iteration =  1.026       ****************

 Writing out intermediate results for iteration          25

************* Integration by Vegas (iteration  26) **************
*                                                               *
*  integral  =  3.0567428       accum. integral =  3.0634432    *
*  std. dev. = 0.59515263E-02   accum. std. dev = 0.11552648E-02*
*   max. wt. =   0.230493E-02                                   *
*                                                               *
**************   chi**2/iteration =  1.038       ****************

 Writing out intermediate results for iteration          26

************* Integration by Vegas (iteration  27) **************
*                                                               *
*  integral  =  3.0679547       accum. integral =  3.0636041    *
*  std. dev. = 0.60089781E-02   accum. std. dev = 0.11344883E-02*
*   max. wt. =   0.230493E-02                                   *
*                                                               *
**************   chi**2/iteration =  1.019       ****************

 Writing out intermediate results for iteration          27

************* Integration by Vegas (iteration  28) **************
*                                                               *
*  integral  =  3.0683048       accum. integral =  3.0637730    *
*  std. dev. = 0.58759927E-02   accum. std. dev = 0.11139167E-02*
*   max. wt. =   0.230493E-02                                   *
*                                                               *
**************   chi**2/iteration =  1.004       ****************

 Writing out intermediate results for iteration          28

************* Integration by Vegas (iteration  29) **************
*                                                               *
*  integral  =  3.0635198       accum. integral =  3.0637645    *
*  std. dev. = 0.59733462E-02   accum. std. dev = 0.10950393E-02*
*   max. wt. =   0.230493E-02                                   *
*                                                               *
**************   chi**2/iteration = 0.9680       ****************

 Writing out intermediate results for iteration          29

************* Integration by Vegas (iteration  30) **************
*                                                               *
*  integral  =  3.0627925       accum. integral =  3.0637319    *
*  std. dev. = 0.58811254E-02   accum. std. dev = 0.10765372E-02*
*   max. wt. =   0.230493E-02                                   *
*                                                               *
**************   chi**2/iteration = 0.9356       ****************

 Writing out intermediate results for iteration          30

************* Integration by Vegas (iteration  31) **************
*                                                               *
*  integral  =  3.0566300       accum. integral =  3.0635067    *
*  std. dev. = 0.59481830E-02   accum. std. dev = 0.10593273E-02*
*   max. wt. =   0.230493E-02                                   *
*                                                               *
**************   chi**2/iteration = 0.9504       ****************

 Writing out intermediate results for iteration          31

************* Integration by Vegas (iteration  32) **************
*                                                               *
*  integral  =  3.0554457       accum. integral =  3.0632584    *
*  std. dev. = 0.59420883E-02   accum. std. dev = 0.10428845E-02*
*   max. wt. =   0.230493E-02                                   *
*                                                               *
**************   chi**2/iteration = 0.9772       ****************

 Writing out intermediate results for iteration          32

************* Integration by Vegas (iteration  33) **************
*                                                               *
*  integral  =  3.0662183       accum. integral =  3.0633409    *
*  std. dev. = 0.61569576E-02   accum. std. dev = 0.10282384E-02*
*   max. wt. =   0.230493E-02                                   *
*                                                               *
**************   chi**2/iteration = 0.9537       ****************

 Writing out intermediate results for iteration          33

************* Integration by Vegas (iteration  34) **************
*                                                               *
*  integral  =  3.0579199       accum. integral =  3.0631831    *
*  std. dev. = 0.59387238E-02   accum. std. dev = 0.10131642E-02*
*   max. wt. =   0.230493E-02                                   *
*                                                               *
**************   chi**2/iteration = 0.9494       ****************

 Writing out intermediate results for iteration          34

************* Integration by Vegas (iteration  35) **************
*                                                               *
*  integral  =  3.0503683       accum. integral =  3.0628338    *
*  std. dev. = 0.60521080E-02   accum. std. dev = 0.99925885E-03*
*   max. wt. =   0.230493E-02                                   *
*                                                               *
**************   chi**2/iteration =  1.050       ****************

 Writing out intermediate results for iteration          35

************* Integration by Vegas (iteration  36) **************
*                                                               *
*  integral  =  3.0706317       accum. integral =  3.0630297    *
*  std. dev. = 0.62243034E-02   accum. std. dev = 0.98662530E-03*
*   max. wt. =   0.230493E-02                                   *
*                                                               *
**************   chi**2/iteration =  1.063       ****************

 Writing out intermediate results for iteration          36

************* Integration by Vegas (iteration  37) **************
*                                                               *
*  integral  =  3.0672776       accum. integral =  3.0631334    *
*  std. dev. = 0.62382714E-02   accum. std. dev = 0.97451256E-03*
*   max. wt. =   0.230493E-02                                   *
*                                                               *
**************   chi**2/iteration =  1.046       ****************

 Writing out intermediate results for iteration          37

************* Integration by Vegas (iteration  38) **************
*                                                               *
*  integral  =  3.0668810       accum. integral =  3.0632237    *
*  std. dev. = 0.61994388E-02   accum. std. dev = 0.96269116E-03*
*   max. wt. =   0.230493E-02                                   *
*                                                               *
**************   chi**2/iteration =  1.028       ****************

 Writing out intermediate results for iteration          38

************* Integration by Vegas (iteration  39) **************
*                                                               *
*  integral  =  3.0686383       accum. integral =  3.0633463    *
*  std. dev. = 0.63250548E-02   accum. std. dev = 0.95173052E-03*
*   max. wt. =   0.230493E-02                                   *
*                                                               *
**************   chi**2/iteration =  1.020       ****************

 Writing out intermediate results for iteration          39

************* Integration by Vegas (iteration  40) **************
*                                                               *
*  integral  =  3.0668406       accum. integral =  3.0634234    *
*  std. dev. = 0.63361122E-02   accum. std. dev = 0.94117227E-03*
*   max. wt. =   0.230493E-02                                   *
*                                                               *
**************   chi**2/iteration =  1.001       ****************

 Writing out intermediate results for iteration          40

************* Integration by Vegas (iteration  41) **************
*                                                               *
*  integral  =  3.0650811       accum. integral =  3.0634613    *
*  std. dev. = 0.61529512E-02   accum. std. dev = 0.93035120E-03*
*   max. wt. =   0.230493E-02                                   *
*                                                               *
**************   chi**2/iteration = 0.9778       ****************

 Writing out intermediate results for iteration          41

************* Integration by Vegas (iteration  42) **************
*                                                               *
*  integral  =  3.0583932       accum. integral =  3.0633725    *
*  std. dev. = 0.69670673E-02   accum. std. dev = 0.92216562E-03*
*   max. wt. =   0.332435E-02                                   *
*                                                               *
**************   chi**2/iteration = 0.9667       ****************

 Writing out intermediate results for iteration          42

************* Integration by Vegas (iteration  43) **************
*                                                               *
*  integral  =  3.0649366       accum. integral =  3.0634015    *
*  std. dev. = 0.67115745E-02   accum. std. dev = 0.91358238E-03*
*   max. wt. =   0.332435E-02                                   *
*                                                               *
**************   chi**2/iteration = 0.9449       ****************

 Writing out intermediate results for iteration          43

************* Integration by Vegas (iteration  44) **************
*                                                               *
*  integral  =  3.0691959       accum. integral =  3.0635184    *
*  std. dev. = 0.63679178E-02   accum. std. dev = 0.90432312E-03*
*   max. wt. =   0.332435E-02                                   *
*                                                               *
**************   chi**2/iteration = 0.9418       ****************

 Writing out intermediate results for iteration          44

************* Integration by Vegas (iteration  45) **************
*                                                               *
*  integral  =  3.0654549       accum. integral =  3.0635575    *
*  std. dev. = 0.62945809E-02   accum. std. dev = 0.89513245E-03*
*   max. wt. =   0.332435E-02                                   *
*                                                               *
**************   chi**2/iteration = 0.9225       ****************

 Writing out intermediate results for iteration          45

************* Integration by Vegas (iteration  46) **************
*                                                               *
*  integral  =  3.0586818       accum. integral =  3.0634570    *
*  std. dev. = 0.61689521E-02   accum. std. dev = 0.88585526E-03*
*   max. wt. =   0.332435E-02                                   *
*                                                               *
**************   chi**2/iteration = 0.9156       ****************

 Writing out intermediate results for iteration          46

************* Integration by Vegas (iteration  47) **************
*                                                               *
*  integral  =  3.0702328       accum. integral =  3.0635870    *
*  std. dev. = 0.63340028E-02   accum. std. dev = 0.87731665E-03*
*   max. wt. =   0.332435E-02                                   *
*                                                               *
**************   chi**2/iteration = 0.9201       ****************

 Writing out intermediate results for iteration          47

************* Integration by Vegas (iteration  48) **************
*                                                               *
*  integral  =  3.0564270       accum. integral =  3.0634463    *
*  std. dev. = 0.61972076E-02   accum. std. dev = 0.86865544E-03*
*   max. wt. =   0.332435E-02                                   *
*                                                               *
**************   chi**2/iteration = 0.9284       ****************

 Writing out intermediate results for iteration          48

************* Integration by Vegas (iteration  49) **************
*                                                               *
*  integral  =  3.0567600       accum. integral =  3.0633152    *
*  std. dev. = 0.61428758E-02   accum. std. dev = 0.86009857E-03*
*   max. wt. =   0.332435E-02                                   *
*                                                               *
**************   chi**2/iteration = 0.9332       ****************

 Writing out intermediate results for iteration          49

************* Integration by Vegas (iteration  50) **************
*                                                               *
*  integral  =  3.0608491       accum. integral =  3.0632708    *
*  std. dev. = 0.63507179E-02   accum. std. dev = 0.85231741E-03*
*   max. wt. =   0.332435E-02                                   *
*                                                               *
**************   chi**2/iteration = 0.9172       ****************


Value of final lord integral is        3.0633 +/-     0.0009 fb

 Total number of shots       :     23619600
 Total no. failing cuts      :      8897706
 Number failing jet cuts     :            0
 Number failing process cuts :            0

   Jet efficiency : 100.00%
   Cut efficiency : 100.00%
 Total efficiency : 100.00%

 Contribution from parton sub-processes:
 ---------------------------------------
       GG     |           3.06327  100.00%
       GQ     |           0.00000    0.00%
       GQB    |           0.00000    0.00%
       QG     |           0.00000    0.00%
       QBG    |           0.00000    0.00%
       QQ     |           0.00000    0.00%
       QBQB   |           0.00000    0.00%
       QQB    |           0.00000    0.00%
       QBQ    |           0.00000    0.00%
 ---------------------------------------

 ****************************************************
 output files  E_var/E_14/MSTW/HHTOP/ggZZ4l_lord_mstw8lo_0___0___126_131_run_14
 ****************************************************
