 ************** MCFM - version 6.8 ****************
 *                                                *
 * MCFM, v6.8                   April 26th, 2014  *
 *                                                *
 * Authors: John Campbell, Keith Ellis,           *
 *          Ciaran Williams                       *
 *         (johnmc@fnal.gov, ellis@fnal.gov,      *
 *          ciaran@fnal.gov)                      *
 *                                                *
 * For details see:                               *
 *                                                *
 *  arXiv:1403.2641 (Triphoton production)        *
 *  arXiv:1312.1628 (gg->WW, Higgs interference)  *
 *  arXiv:1311.3589 (gg->ZZ, Higgs interference)  *
 *  Phys.Rev.D87:114006, arXiv:1302.3856          *
 *  (tZ, tH -- with R. Rontsch)                   *
 *  arXiv:1211.6390 (DM, P. Fox and C. Williams)  *
 *  JHEP 1211:162 (2012), arXiv:1208.0566         *
 *  (Z+gam+jet,Z+gam+gam -- with H. Hartanto)     *
 *  arXiv:1204.1513 (top production+decay)        *
 *  JHEP 1207:052 (2012), arXiv:1204.5678 (ttW)   *
 *  JHEP 1110:005 (2011), arXiv:1107.5569         *
 *         (gg->WW,Higgs intference)              *
 *  JHEP 1107:018 (2011), arXiv:1105.0020         *
 *         (diboson update)                       *
 *  JHEP 1103:027 (2011), arXiv:1011.6647         *
 *         (Wbb for mb>0, with S. Badger)         *
 *  Phys.Rev.D81:074023, arXiv:1001.4495 (H+2jet) *
 *                                                *
 *  P.R.L. 102:142001, arXiv:0903.0005 [hep-ph]   *
 *    (t-channel single top + explicit b,         *
 *      JC, R.Frederix, F.Maltoni, F.Tramontano)  *
 *  N.P.B 726:109(2005), hep-ph/0506289 (W+t)     *
 *  Phys.Rev.D70:094012, hep-ph/0408158 (Sngl Top)*
 *       (with Francesco Tramontano)              *
 *                                                *
 *  Phys.Rev.D65:113007, hep-ph/0202176 (W,Z+2j)  *
 *  Phys.Rev.D62:114012, hep-ph/0006304 (W,Z+bb)  *
 *  Phys.Rev.D60:113006, hep-ph/9905386 (diboson) *
 *                                                *
 * On the web:  http://mcfm.fnal.gov/             *
 **************************************************

 * Using input file named E_var/E_100/CTEQ/HHTOP/input_130_100.DAT                                

 * [Flags to specify the mode in which MCFM is run]                                          
 *                   -1            [nevtrequested] 
 *                    F            [creatent] 
 *                    F            [skipnt] 
 *                    F            [dswhisto] 
 *                    F            [creategrid] 
 *                    T            [writetop] 
 *                    T            [writedat] 
 *                    T            [writegnu] 
 *                    T            [writeroot] 
 *                    F            [writepwg] 

 * [General options to specify the process and execution]                                    
 *                  130            [nproc] 
 *                 lord            [part] 
 * 130_run_100                     [runstring] 
 *          100000.0000            [sqrts] 
 *                    1            [ih1] 
 *                    1            [ih2] 
 *             126.0000            [hmass] 
 *               0.5000            [scale] 
 *               0.5000            [facscale] 
 * m(3456)                         [dynamicscale] 
 *                    F            [zerowidth] 
 *                    F            [removebr] 
 *                   20            [itmx1] 
 *              1000000            [ncall1] 
 *                   50            [itmx2] 
 *              1000000            [ncall2] 
 *                 2020            [ij] 
 *                    F            [dryrun] 
 *                    T            [Qflag] 
 *                    T            [Gflag] 

 * [Heavy quark masses]                                                                      
 *             173.2000            [top mass] 
 *               4.7500            [bottom mass] 
 *               1.5000            [charm mass] 

 * [Pdf selection]                                                                           
 *              cteq6_l            [pdlabel] 
 *                    4            [NGROUP] 
 *                   46            [NSET] 
 * cteq6mE.LHgrid                  [LHAPDF group] 
 *                   -1            [LHAPDF set] 

 * [Jet definition and event cuts]                                                           
 *               0.0000            [m34min] 
 *          100000.0000            [m34max] 
 *               0.0000            [m56min] 
 *          100000.0000            [m56max] 
 *                    T            [inclusive] 
 *                 ankt            [algorithm] 
 *              15.0000            [ptjetmin] 
 *               0.0000            [etajetmin] 
 *               5.0000            [etajetmax] 
 *               0.5000            [Rcut] 
 *                    T            [makecuts] 
 *               0.0000            [leptpt] 
 *              99.0000            [leptrap] 
 *    0.000,   0.000                [leptveto] 
 *               0.0000            [misspt] 
 *               0.0000            [leptpt2] 
 *              99.0000            [leptrap2] 
 *    0.000,   0.000                [leptveto2] 
 *               0.0000            [mtrans34cut] 
 *               0.0000            [Rjlmin] 
 *               0.0000            [Rllmin] 
 *               0.0000            [delyjjmin] 
 *                    F            [jetsopphem] 
 *                    0            [lbjscheme] 
 *               0.0000            [ptbjetmin] 
 *              99.0000            [etabjetmax] 

 * [Settings for photon processes]                                                           
 *                    F            [frag] 
 *             GdRG__LO            [fragset] 
 *              80.0000            [frag_scale] 
 *              20.0000            [gammpt] 
 *               2.5000            [gammrap] 
 *              20.0000            [gammpt2] 
 *              20.0000            [gammpt3] 
 *               0.0000            [Rgalmin] 
 *               0.4000            [Rgagamin] 
 *               0.4000            [Rgajetmin] 
 *               0.4000            [cone_ang] 
 *               0.5000            [epsilon_h] 

 * [Anomalous couplings of the W and Z]                                                      
 *               0.0000            [delg1_z] 
 *               0.0000            [delk_z] 
 *               0.0000            [delk_g] 
 *               0.0000            [lambda_z] 
 *               0.0000            [lambda_g] 
 *               0.0000            [h1Z] 
 *               0.0000            [h1gam] 
 *               0.0000            [h2Z] 
 *               0.0000            [h2gam] 
 *               0.0000            [h3Z] 
 *               0.0000            [h3gam] 
 *               0.0000            [h4Z] 
 *               0.0000            [h4gam] 
 *               2.0000            [tevscale] 

 * [Anomalous width of the Higgs]                                                            
 *               1.0000            [Gamma_H/Gamma_H(SM)] 

 * [How to resume/save a run]                                                                
 *                    F            [readin] 
 *                    F            [writeout] 
 *                                 [ingridfile] 
 *                                 [outgridfile] 

 * [Technical parameters that should not normally be changed]

 *                    F            [debug] 
 *                    T            [verbose] 
 *                    F            [new_pspace] 
 *                    F            [virtonly] 
 *                    F            [realonly] 
 *                    T            [spira] 
 *                    F            [noglue] 
 *                    F            [ggonly] 
 *                    F            [gqonly] 
 *                    F            [omitgg] 
 *                    F            [vanillafiles] 
 *                    1            [nmin] 
 *                    2            [nmax] 
 *                    T            [clustering] 
 *                    F            [realwt] 
 *                    0            [colourchoice] 
 *               0.0100            [rtsmin] 
 *               0.0001            [cutoff] 
 *               0.1000            [aii] 
 *               0.1000            [aif] 
 *               0.1000            [afi] 
 *               1.0000            [aff] 
 *               1.0000            [bfi] 
 *               1.0000            [bff] 

 Chooser:process chosen by nproc=         130

 *************************** f(p1)+f(p2) --> ******************************************
 * H(--> Z^0(e^-(p3)+e^+(p4)) + Z^0(mu^-(p5)+mu^+(p6)) [H squared and H, gg->ZZ intf. *
 **************************************************************************************

 ************** Electroweak parameters **************
 *                                                  *
 *  zmass(+)   91.1876000     wmass(+)  80.3980000  *
 * zwidth(+)    2.4952000    wwidth(+)   2.1054000  *
 *     Gf(+) 0.116639D-04   1/aemmz    132.3384323  *
 *     xw       0.2226459      mtop(+) 173.2000000  *
 *   gwsq       0.4264904       esq      0.0949563  *
 * top width    1.4743080 (LO)                      *
 *    mb        4.7500000        mc      1.5000000  *
 *                                                  *
 * Parameters marked (+) are input, others derived  *
 ****************************************************

 ****************** Higgs parameters ****************
 *                                                  *
 *   mass(H) =  126.00      width(H) =  0.43070E-02 *
 *                                                  *
 *              Br( H -> b bbar)  =   0.56954       *
 *              Br( H -> tau tau) =   0.06056       *
 *              Br( H -> W W)     =   0.00000       *
 *              Br( H -> Z Z)     =   0.00000       *
 *              Br( H -> gam gam) =   0.00235       *
 *              Br( H -> Z gam)   =   0.00164       *
 ****************************************************
 *                                                  *
 * Note: branching ratios reported here can be > 1  *
 *       since the total Higgs width is calculated  *
 *       at NLO but the BR calculation uses a       *
 *       partial width at LO only.                  *
 *                                                  *
 ****************************************************

 WARNING: Higgs decay H->ZZ is below threshold and
 may not yield sensible results - check the number
 of integration points

 ***************** CKM mixing matrix ****************
 *                                                  *
 *      Vud=.97500    Vus=.22200    Vub=0.0000      *
 *      Vcd=.22200    Vcs=.97500    Vcb=0.0000      *
 ****************************************************

 ************* Strong coupling, alpha_s  ************
 *                                                  *
 *  Dynamic scale - alpha_s changed event-by-event  *
 *       alpha_s (zmass)  0.11800000                *
 *         (using 1-loop running of alpha_s)        *
 ****************************************************

 ****************************************
 *     Cross section in femtobarns      *
 ****************************************


 input parameters for vegas:  ndim= 10  ncall= 944784.
                              it=    0  itmx=   20
                              nprn=  0  alph= 1.50
                              mds=  1   nd= 100
                              xl( 1)=   0.000     xu( 1)=   1.000    
                              xl( 2)=   0.000     xu( 2)=   1.000    
                              xl( 3)=   0.000     xu( 3)=   1.000    
                              xl( 4)=   0.000     xu( 4)=   1.000    
                              xl( 5)=   0.000     xu( 5)=   1.000    
                              xl( 6)=   0.000     xu( 6)=   1.000    
                              xl( 7)=   0.000     xu( 7)=   1.000    
                              xl( 8)=   0.000     xu( 8)=   1.000    
                              xl( 9)=   0.000     xu( 9)=   1.000    
                              xl(10)=   0.000     xu(10)=   1.000    

 ****************** Basic mass cuts *****************
 *                                                  *
 *              0.00  <   m34  < 100000.00           *
 *              0.00  <   m56  < 100000.00           *
 ****************************************************
 *********** CMS Higgs Search cuts******
 *                                     *
 *     pt(mu) >           5.00 GeV     *
 *     pt(el) >           7.00 GeV     *
 *     |eta_mu| <         2.40         *
 *     |eta_el| <         2.50         *
 *     m4lmin >         100.00 GeV     *
 *     m2lmin >           4.00 GeV     *
 *     ptleading >       20.00 GeV     *
 *     ptnexttoleading > 10.00 GeV     *
 *     mllnear >         40.00 GeV     *
 *     mllfar >          12.00 GeV     *
 *     mllmax >         120.00 GeV     *
 ***************************************

 ************** Dynamic scale choice ****************
 *                                                  *
 *                 RENORMALIZATION                  *
 *       mu_ren  =  0.50 x m(3456)                  *
 *                                                  *
 *                  FACTORIZATION                   *
 *       mu_fac  =  0.50 x m(3456)                  *
 *                                                  *
 ****************************************************
 ====================================================
   This is QCDLoop - version 1.95                    
   Authors: Keith Ellis and Giulia Zanderighi        
   (ellis@fnal.gov, g.zanderighi1@physics.ox.ac.uk)  
   For details see FERMILAB-PUB-07-633-T,OUTP-07/16P 
   arXiv:0712.1851 [hep-ph], published in            
   JHEP 0802:002,2008.                               
 ====================================================
 ====================================================
   FF 2.0, a package to evaluate one-loop integrals
 written by G. J. van Oldenborgh, NIKHEF-H, Amsterdam
 ====================================================
 for the algorithms used see preprint NIKHEF-H 89/17,
 'New Algorithms for One-loop Integrals', by G.J. van
 Oldenborgh and J.A.M. Vermaseren, published in 
 Zeitschrift fuer Physik C46(1990)425.
 ====================================================
 ffini: precx =   4.44089209850062616E-016
 ffini: precc =   4.44089209850062616E-016
 ffini: xalogm =   4.94065645841246544E-324
 ffini: xclogm =   4.94065645841246544E-324
 ****************************************************
 *                                                  *
 *  gg->ZZ box loop includes gens. 1 and 2          *
 *  gg->ZZ box loop includes bottom quark           *
 *  gg->ZZ box loop includes top quark              *
 *                                                  *
 *  Numer. stability: pt(Z) > 0.100 GeV (gens. 1,2) *
 *  Numer. stability: pt(Z) > 0.100 GeV (b,t loops) *
 *                                                  *
 ****************************************************

************* Integration by Vegas (iteration   1) **************
*                                                               *
*  integral  =  6.7810876       accum. integral =  6.7810876    *
*  std. dev. =  1.1823935       accum. std. dev =  1.1823935    *
*   max. wt. =   0.705482                                       *
*                                                               *
**************   chi**2/iteration =  0.000       ****************


************* Integration by Vegas (iteration   2) **************
*                                                               *
*  integral  =  8.1840220       accum. integral =  7.8167866    *
*  std. dev. = 0.70407274       accum. std. dev = 0.60494463    *
*   max. wt. =   0.705482                                       *
*                                                               *
**************   chi**2/iteration =  1.029       ****************


************* Integration by Vegas (iteration   3) **************
*                                                               *
*  integral  =  8.1264775       accum. integral =  8.0916062    *
*  std. dev. = 0.21548919       accum. std. dev = 0.20299492    *
*   max. wt. =   0.705482                                       *
*                                                               *
**************   chi**2/iteration = 0.6328       ****************


************* Integration by Vegas (iteration   4) **************
*                                                               *
*  integral  =  7.8566137       accum. integral =  7.8688611    *
*  std. dev. = 0.47599447E-01   accum. std. dev = 0.46342455E-01*
*   max. wt. =   0.705482                                       *
*                                                               *
**************   chi**2/iteration = 0.8446       ****************


************* Integration by Vegas (iteration   5) **************
*                                                               *
*  integral  =  7.8603155       accum. integral =  7.8621203    *
*  std. dev. = 0.23979589E-01   accum. std. dev = 0.21297339E-01*
*   max. wt. =   0.705482                                       *
*                                                               *
**************   chi**2/iteration = 0.6406       ****************


************* Integration by Vegas (iteration   6) **************
*                                                               *
*  integral  =  7.8653236       accum. integral =  7.8638192    *
*  std. dev. = 0.20041190E-01   accum. std. dev = 0.14595145E-01*
*   max. wt. =   0.705482                                       *
*                                                               *
**************   chi**2/iteration = 0.5152       ****************


************* Integration by Vegas (iteration   7) **************
*                                                               *
*  integral  =  7.9029186       accum. integral =  7.8785235    *
*  std. dev. = 0.18799161E-01   accum. std. dev = 0.11528559E-01*
*   max. wt. =   0.705482                                       *
*                                                               *
**************   chi**2/iteration = 0.8785       ****************


************* Integration by Vegas (iteration   8) **************
*                                                               *
*  integral  =  7.9260210       accum. integral =  7.8919472    *
*  std. dev. = 0.18367407E-01   accum. std. dev = 0.97644897E-02*
*   max. wt. =   0.705482                                       *
*                                                               *
**************   chi**2/iteration =  1.438       ****************


************* Integration by Vegas (iteration   9) **************
*                                                               *
*  integral  =  7.8689848       accum. integral =  7.8867752    *
*  std. dev. = 0.18109642E-01   accum. std. dev = 0.85947457E-02*
*   max. wt. =   0.705482                                       *
*                                                               *
**************   chi**2/iteration =  1.414       ****************


************* Integration by Vegas (iteration  10) **************
*                                                               *
*  integral  =  7.9075712       accum. integral =  7.8904994    *
*  std. dev. = 0.18401703E-01   accum. std. dev = 0.77872320E-02*
*   max. wt. =   0.705482                                       *
*                                                               *
**************   chi**2/iteration =  1.373       ****************


************* Integration by Vegas (iteration  11) **************
*                                                               *
*  integral  =  7.8871306       accum. integral =  7.8899865    *
*  std. dev. = 0.18376704E-01   accum. std. dev = 0.71700382E-02*
*   max. wt. =   0.705482                                       *
*                                                               *
**************   chi**2/iteration =  1.239       ****************


************* Integration by Vegas (iteration  12) **************
*                                                               *
*  integral  =  7.9168256       accum. integral =  7.8936330    *
*  std. dev. = 0.18082556E-01   accum. std. dev = 0.66651887E-02*
*   max. wt. =   0.705482                                       *
*                                                               *
**************   chi**2/iteration =  1.299       ****************


************* Integration by Vegas (iteration  13) **************
*                                                               *
*  integral  =  7.9016485       accum. integral =  7.8945651    *
*  std. dev. = 0.18373931E-01   accum. std. dev = 0.62656773E-02*
*   max. wt. =   0.705482                                       *
*                                                               *
**************   chi**2/iteration =  1.205       ****************


************* Integration by Vegas (iteration  14) **************
*                                                               *
*  integral  =  7.8802074       accum. integral =  7.8930220    *
*  std. dev. = 0.18056000E-01   accum. std. dev = 0.59194029E-02*
*   max. wt. =   0.705482                                       *
*                                                               *
**************   chi**2/iteration =  1.156       ****************


************* Integration by Vegas (iteration  15) **************
*                                                               *
*  integral  =  7.8783970       accum. integral =  7.8916053    *
*  std. dev. = 0.18074329E-01   accum. std. dev = 0.56254000E-02*
*   max. wt. =   0.705482                                       *
*                                                               *
**************   chi**2/iteration =  1.115       ****************


************* Integration by Vegas (iteration  16) **************
*                                                               *
*  integral  =  7.8782676       accum. integral =  7.8904347    *
*  std. dev. = 0.18135739E-01   accum. std. dev = 0.53728636E-02*
*   max. wt. =   0.705482                                       *
*                                                               *
**************   chi**2/iteration =  1.074       ****************


************* Integration by Vegas (iteration  17) **************
*                                                               *
*  integral  =  7.8916542       accum. integral =  7.8905335    *
*  std. dev. = 0.18095823E-01   accum. std. dev = 0.51506272E-02*
*   max. wt. =   0.705482                                       *
*                                                               *
**************   chi**2/iteration =  1.007       ****************


************* Integration by Vegas (iteration  18) **************
*                                                               *
*  integral  =  7.8782458       accum. integral =  7.8896211    *
*  std. dev. = 0.18186324E-01   accum. std. dev = 0.49557107E-02*
*   max. wt. =   0.705482                                       *
*                                                               *
**************   chi**2/iteration = 0.9728       ****************


************* Integration by Vegas (iteration  19) **************
*                                                               *
*  integral  =  7.8818001       accum. integral =  7.8890805    *
*  std. dev. = 0.18186414E-01   accum. std. dev = 0.47813720E-02*
*   max. wt. =   0.705482                                       *
*                                                               *
**************   chi**2/iteration = 0.9284       ****************


************* Integration by Vegas (iteration  20) **************
*                                                               *
*  integral  =  7.8932666       accum. integral =  7.8893484    *
*  std. dev. = 0.18283429E-01   accum. std. dev = 0.46258092E-02*
*   max. wt. =   0.705482                                       *
*                                                               *
**************   chi**2/iteration = 0.8821       ****************


 input parameters for vegas:  ndim= 10  ncall= 944784.
                              it=   21  itmx=   50
                              nprn=  0  alph= 1.50
                              mds=  1   nd= 100
                              xl( 1)=   0.000     xu( 1)=   1.000    
                              xl( 2)=   0.000     xu( 2)=   1.000    
                              xl( 3)=   0.000     xu( 3)=   1.000    
                              xl( 4)=   0.000     xu( 4)=   1.000    
                              xl( 5)=   0.000     xu( 5)=   1.000    
                              xl( 6)=   0.000     xu( 6)=   1.000    
                              xl( 7)=   0.000     xu( 7)=   1.000    
                              xl( 8)=   0.000     xu( 8)=   1.000    
                              xl( 9)=   0.000     xu( 9)=   1.000    
                              xl(10)=   0.000     xu(10)=   1.000    

************* Integration by Vegas (iteration   1) **************
*                                                               *
*  integral  =  7.8931296       accum. integral =  7.8931296    *
*  std. dev. = 0.18403645E-01   accum. std. dev = 0.18403645E-01*
*   max. wt. =   0.714210E-03                                   *
*                                                               *
**************   chi**2/iteration = 0.2910E-08   ****************

 Writing out intermediate results for iteration           1

************* Integration by Vegas (iteration   2) **************
*                                                               *
*  integral  =  7.9017884       accum. integral =  7.8974600    *
*  std. dev. = 0.18399219E-01   accum. std. dev = 0.13011777E-01*
*   max. wt. =   0.714210E-03                                   *
*                                                               *
**************   chi**2/iteration = 0.1096       ****************

 Writing out intermediate results for iteration           2

************* Integration by Vegas (iteration   3) **************
*                                                               *
*  integral  =  7.8952845       accum. integral =  7.8967379    *
*  std. dev. = 0.18459713E-01   accum. std. dev = 0.10635252E-01*
*   max. wt. =   0.857751E-03                                   *
*                                                               *
**************   chi**2/iteration = 0.5970E-01   ****************

 Writing out intermediate results for iteration           3

************* Integration by Vegas (iteration   4) **************
*                                                               *
*  integral  =  7.8572865       accum. integral =  7.8869985    *
*  std. dev. = 0.18575753E-01   accum. std. dev = 0.92295862E-02*
*   max. wt. =   0.113877E-02                                   *
*                                                               *
**************   chi**2/iteration =  1.168       ****************

 Writing out intermediate results for iteration           4

************* Integration by Vegas (iteration   5) **************
*                                                               *
*  integral  =  7.9115153       accum. integral =  7.8917732    *
*  std. dev. = 0.18767427E-01   accum. std. dev = 0.82822206E-02*
*   max. wt. =   0.113877E-02                                   *
*                                                               *
**************   chi**2/iteration =  1.220       ****************

 Writing out intermediate results for iteration           5

************* Integration by Vegas (iteration   6) **************
*                                                               *
*  integral  =  7.8649436       accum. integral =  7.8873423    *
*  std. dev. = 0.18621555E-01   accum. std. dev = 0.75674875E-02*
*   max. wt. =   0.113877E-02                                   *
*                                                               *
**************   chi**2/iteration =  1.322       ****************

 Writing out intermediate results for iteration           6

************* Integration by Vegas (iteration   7) **************
*                                                               *
*  integral  =  7.8713506       accum. integral =  7.8851046    *
*  std. dev. = 0.18761129E-01   accum. std. dev = 0.70180753E-02*
*   max. wt. =   0.113877E-02                                   *
*                                                               *
**************   chi**2/iteration =  1.206       ****************

 Writing out intermediate results for iteration           7

************* Integration by Vegas (iteration   8) **************
*                                                               *
*  integral  =  7.8974620       accum. integral =  7.8865708    *
*  std. dev. = 0.19127158E-01   accum. std. dev = 0.65885719E-02*
*   max. wt. =   0.113877E-02                                   *
*                                                               *
**************   chi**2/iteration =  1.087       ****************

 Writing out intermediate results for iteration           8

************* Integration by Vegas (iteration   9) **************
*                                                               *
*  integral  =  7.9091243       accum. integral =  7.8889733    *
*  std. dev. = 0.19081637E-01   accum. std. dev = 0.62277826E-02*
*   max. wt. =   0.113877E-02                                   *
*                                                               *
**************   chi**2/iteration =  1.107       ****************

 Writing out intermediate results for iteration           9

************* Integration by Vegas (iteration  10) **************
*                                                               *
*  integral  =  7.8813807       accum. integral =  7.8882624    *
*  std. dev. = 0.19376379E-01   accum. std. dev = 0.59290571E-02*
*   max. wt. =   0.113877E-02                                   *
*                                                               *
**************   chi**2/iteration = 0.9994       ****************

 Writing out intermediate results for iteration          10

************* Integration by Vegas (iteration  11) **************
*                                                               *
*  integral  =  7.9069956       accum. integral =  7.8898701    *
*  std. dev. = 0.19350878E-01   accum. std. dev = 0.56689278E-02*
*   max. wt. =   0.113877E-02                                   *
*                                                               *
**************   chi**2/iteration = 0.9851       ****************

 Writing out intermediate results for iteration          11

************* Integration by Vegas (iteration  12) **************
*                                                               *
*  integral  =  7.8696173       accum. integral =  7.8882664    *
*  std. dev. = 0.19331667E-01   accum. std. dev = 0.54398561E-02*
*   max. wt. =   0.113877E-02                                   *
*                                                               *
**************   chi**2/iteration = 0.9874       ****************

 Writing out intermediate results for iteration          12

************* Integration by Vegas (iteration  13) **************
*                                                               *
*  integral  =  7.8984539       accum. integral =  7.8889884    *
*  std. dev. = 0.19697065E-01   accum. std. dev = 0.52435589E-02*
*   max. wt. =   0.113877E-02                                   *
*                                                               *
**************   chi**2/iteration = 0.9259       ****************

 Writing out intermediate results for iteration          13

************* Integration by Vegas (iteration  14) **************
*                                                               *
*  integral  =  7.9134156       accum. integral =  7.8906084    *
*  std. dev. = 0.19674359E-01   accum. std. dev = 0.50666981E-02*
*   max. wt. =   0.113877E-02                                   *
*                                                               *
**************   chi**2/iteration = 0.9654       ****************

 Writing out intermediate results for iteration          14

************* Integration by Vegas (iteration  15) **************
*                                                               *
*  integral  =  7.9009833       accum. integral =  7.8912418    *
*  std. dev. = 0.19869546E-01   accum. std. dev = 0.49095910E-02*
*   max. wt. =   0.113877E-02                                   *
*                                                               *
**************   chi**2/iteration = 0.9147       ****************

 Writing out intermediate results for iteration          15

************* Integration by Vegas (iteration  16) **************
*                                                               *
*  integral  =  7.8897303       accum. integral =  7.8911559    *
*  std. dev. = 0.20003428E-01   accum. std. dev = 0.47680776E-02*
*   max. wt. =   0.113877E-02                                   *
*                                                               *
**************   chi**2/iteration = 0.8542       ****************

 Writing out intermediate results for iteration          16

************* Integration by Vegas (iteration  17) **************
*                                                               *
*  integral  =  7.8623052       accum. integral =  7.8896526    *
*  std. dev. = 0.20336428E-01   accum. std. dev = 0.46421905E-02*
*   max. wt. =   0.149942E-02                                   *
*                                                               *
**************   chi**2/iteration = 0.9200       ****************

 Writing out intermediate results for iteration          17

************* Integration by Vegas (iteration  18) **************
*                                                               *
*  integral  =  7.8708568       accum. integral =  7.8887431    *
*  std. dev. = 0.20586608E-01   accum. std. dev = 0.45284851E-02*
*   max. wt. =   0.149942E-02                                   *
*                                                               *
**************   chi**2/iteration = 0.9125       ****************

 Writing out intermediate results for iteration          18

************* Integration by Vegas (iteration  19) **************
*                                                               *
*  integral  =  7.9474318       accum. integral =  7.8915083    *
*  std. dev. = 0.20365236E-01   accum. std. dev = 0.44205163E-02*
*   max. wt. =   0.203549E-02                                   *
*                                                               *
**************   chi**2/iteration =  1.301       ****************

 Writing out intermediate results for iteration          19

************* Integration by Vegas (iteration  20) **************
*                                                               *
*  integral  =  7.9040986       accum. integral =  7.8920764    *
*  std. dev. = 0.20335352E-01   accum. std. dev = 0.43196334E-02*
*   max. wt. =   0.203549E-02                                   *
*                                                               *
**************   chi**2/iteration =  1.252       ****************

 Writing out intermediate results for iteration          20

************* Integration by Vegas (iteration  21) **************
*                                                               *
*  integral  =  7.8946804       accum. integral =  7.8921889    *
*  std. dev. = 0.20330312E-01   accum. std. dev = 0.42253112E-02*
*   max. wt. =   0.203549E-02                                   *
*                                                               *
**************   chi**2/iteration =  1.190       ****************

 Writing out intermediate results for iteration          21

************* Integration by Vegas (iteration  22) **************
*                                                               *
*  integral  =  7.9031048       accum. integral =  7.8926335    *
*  std. dev. = 0.20506327E-01   accum. std. dev = 0.41383745E-02*
*   max. wt. =   0.203549E-02                                   *
*                                                               *
**************   chi**2/iteration =  1.147       ****************

 Writing out intermediate results for iteration          22

************* Integration by Vegas (iteration  23) **************
*                                                               *
*  integral  =  7.8920142       accum. integral =  7.8926098    *
*  std. dev. = 0.20784371E-01   accum. std. dev = 0.40587033E-02*
*   max. wt. =   0.203549E-02                                   *
*                                                               *
**************   chi**2/iteration =  1.095       ****************

 Writing out intermediate results for iteration          23

************* Integration by Vegas (iteration  24) **************
*                                                               *
*  integral  =  7.8754804       accum. integral =  7.8919726    *
*  std. dev. = 0.20648008E-01   accum. std. dev = 0.39824940E-02*
*   max. wt. =   0.203549E-02                                   *
*                                                               *
**************   chi**2/iteration =  1.076       ****************

 Writing out intermediate results for iteration          24

************* Integration by Vegas (iteration  25) **************
*                                                               *
*  integral  =  7.8863406       accum. integral =  7.8917706    *
*  std. dev. = 0.20646998E-01   accum. std. dev = 0.39104156E-02*
*   max. wt. =   0.203549E-02                                   *
*                                                               *
**************   chi**2/iteration =  1.034       ****************

 Writing out intermediate results for iteration          25

************* Integration by Vegas (iteration  26) **************
*                                                               *
*  integral  =  7.8699852       accum. integral =  7.8910388    *
*  std. dev. = 0.20974189E-01   accum. std. dev = 0.38441752E-02*
*   max. wt. =   0.203549E-02                                   *
*                                                               *
**************   chi**2/iteration =  1.034       ****************

 Writing out intermediate results for iteration          26

************* Integration by Vegas (iteration  27) **************
*                                                               *
*  integral  =  7.9091125       accum. integral =  7.8916018    *
*  std. dev. = 0.21438689E-01   accum. std. dev = 0.37838274E-02*
*   max. wt. =   0.203549E-02                                   *
*                                                               *
**************   chi**2/iteration =  1.021       ****************

 Writing out intermediate results for iteration          27

************* Integration by Vegas (iteration  28) **************
*                                                               *
*  integral  =  7.9077630       accum. integral =  7.8921012    *
*  std. dev. = 0.21188856E-01   accum. std. dev = 0.37249009E-02*
*   max. wt. =   0.203549E-02                                   *
*                                                               *
**************   chi**2/iteration =  1.004       ****************

 Writing out intermediate results for iteration          28

************* Integration by Vegas (iteration  29) **************
*                                                               *
*  integral  =  7.9065746       accum. integral =  7.8925344    *
*  std. dev. = 0.21205125E-01   accum. std. dev = 0.36687287E-02*
*   max. wt. =   0.203549E-02                                   *
*                                                               *
**************   chi**2/iteration = 0.9843       ****************

 Writing out intermediate results for iteration          29

************* Integration by Vegas (iteration  30) **************
*                                                               *
*  integral  =  7.8909332       accum. integral =  7.8924886    *
*  std. dev. = 0.21370306E-01   accum. std. dev = 0.36158327E-02*
*   max. wt. =   0.203549E-02                                   *
*                                                               *
**************   chi**2/iteration = 0.9506       ****************

 Writing out intermediate results for iteration          30

************* Integration by Vegas (iteration  31) **************
*                                                               *
*  integral  =  7.8977550       accum. integral =  7.8926330    *
*  std. dev. = 0.21534220E-01   accum. std. dev = 0.35659132E-02*
*   max. wt. =   0.203549E-02                                   *
*                                                               *
**************   chi**2/iteration = 0.9209       ****************

 Writing out intermediate results for iteration          31

************* Integration by Vegas (iteration  32) **************
*                                                               *
*  integral  =  7.9088696       accum. integral =  7.8930506    *
*  std. dev. = 0.21947508E-01   accum. std. dev = 0.35197585E-02*
*   max. wt. =   0.203549E-02                                   *
*                                                               *
**************   chi**2/iteration = 0.9084       ****************

 Writing out intermediate results for iteration          32

************* Integration by Vegas (iteration  33) **************
*                                                               *
*  integral  =  7.9444123       accum. integral =  7.8943186    *
*  std. dev. = 0.22122729E-01   accum. std. dev = 0.34760385E-02*
*   max. wt. =   0.203549E-02                                   *
*                                                               *
**************   chi**2/iteration =  1.044       ****************

 Writing out intermediate results for iteration          33

************* Integration by Vegas (iteration  34) **************
*                                                               *
*  integral  =  7.8842882       accum. integral =  7.8940822    *
*  std. dev. = 0.22372766E-01   accum. std. dev = 0.34348281E-02*
*   max. wt. =   0.203549E-02                                   *
*                                                               *
**************   chi**2/iteration =  1.019       ****************

 Writing out intermediate results for iteration          34

************* Integration by Vegas (iteration  35) **************
*                                                               *
*  integral  =  7.8689599       accum. integral =  7.8935030    *
*  std. dev. = 0.22358392E-01   accum. std. dev = 0.33949991E-02*
*   max. wt. =   0.203549E-02                                   *
*                                                               *
**************   chi**2/iteration =  1.025       ****************

 Writing out intermediate results for iteration          35

************* Integration by Vegas (iteration  36) **************
*                                                               *
*  integral  =  7.8804610       accum. integral =  7.8932104    *
*  std. dev. = 0.22412710E-01   accum. std. dev = 0.33567075E-02*
*   max. wt. =   0.203549E-02                                   *
*                                                               *
**************   chi**2/iteration =  1.005       ****************

 Writing out intermediate results for iteration          36

************* Integration by Vegas (iteration  37) **************
*                                                               *
*  integral  =  7.8929093       accum. integral =  7.8932037    *
*  std. dev. = 0.22248532E-01   accum. std. dev = 0.33191437E-02*
*   max. wt. =   0.203549E-02                                   *
*                                                               *
**************   chi**2/iteration = 0.9771       ****************

 Writing out intermediate results for iteration          37

************* Integration by Vegas (iteration  38) **************
*                                                               *
*  integral  =  7.8704459       accum. integral =  7.8927032    *
*  std. dev. = 0.22132882E-01   accum. std. dev = 0.32824390E-02*
*   max. wt. =   0.203549E-02                                   *
*                                                               *
**************   chi**2/iteration = 0.9787       ****************

 Writing out intermediate results for iteration          38

************* Integration by Vegas (iteration  39) **************
*                                                               *
*  integral  =  7.8419203       accum. integral =  7.8916156    *
*  std. dev. = 0.22188472E-01   accum. std. dev = 0.32471006E-02*
*   max. wt. =   0.203549E-02                                   *
*                                                               *
**************   chi**2/iteration =  1.088       ****************

 Writing out intermediate results for iteration          39

************* Integration by Vegas (iteration  40) **************
*                                                               *
*  integral  =  7.9220020       accum. integral =  7.8922354    *
*  std. dev. = 0.22502802E-01   accum. std. dev = 0.32138142E-02*
*   max. wt. =   0.283620E-02                                   *
*                                                               *
**************   chi**2/iteration =  1.106       ****************

 Writing out intermediate results for iteration          40

************* Integration by Vegas (iteration  41) **************
*                                                               *
*  integral  =  7.8853893       accum. integral =  7.8920994    *
*  std. dev. = 0.22571478E-01   accum. std. dev = 0.31817243E-02*
*   max. wt. =   0.283620E-02                                   *
*                                                               *
**************   chi**2/iteration =  1.080       ****************

 Writing out intermediate results for iteration          41

************* Integration by Vegas (iteration  42) **************
*                                                               *
*  integral  =  7.8519351       accum. integral =  7.8912996    *
*  std. dev. = 0.22321090E-01   accum. std. dev = 0.31498845E-02*
*   max. wt. =   0.283620E-02                                   *
*                                                               *
**************   chi**2/iteration =  1.131       ****************

 Writing out intermediate results for iteration          42

************* Integration by Vegas (iteration  43) **************
*                                                               *
*  integral  =  7.8958547       accum. integral =  7.8913882    *
*  std. dev. = 0.22363317E-01   accum. std. dev = 0.31190968E-02*
*   max. wt. =   0.283620E-02                                   *
*                                                               *
**************   chi**2/iteration =  1.105       ****************

 Writing out intermediate results for iteration          43

************* Integration by Vegas (iteration  44) **************
*                                                               *
*  integral  =  7.8847914       accum. integral =  7.8912598    *
*  std. dev. = 0.22137952E-01   accum. std. dev = 0.30885916E-02*
*   max. wt. =   0.283620E-02                                   *
*                                                               *
**************   chi**2/iteration =  1.082       ****************

 Writing out intermediate results for iteration          44

************* Integration by Vegas (iteration  45) **************
*                                                               *
*  integral  =  7.8971833       accum. integral =  7.8913710    *
*  std. dev. = 0.22322799E-01   accum. std. dev = 0.30594460E-02*
*   max. wt. =   0.283620E-02                                   *
*                                                               *
**************   chi**2/iteration =  1.059       ****************

 Writing out intermediate results for iteration          45

************* Integration by Vegas (iteration  46) **************
*                                                               *
*  integral  =  7.8624536       accum. integral =  7.8908562    *
*  std. dev. = 0.22725354E-01   accum. std. dev = 0.30320919E-02*
*   max. wt. =   0.283620E-02                                   *
*                                                               *
**************   chi**2/iteration =  1.070       ****************

 Writing out intermediate results for iteration          46

************* Integration by Vegas (iteration  47) **************
*                                                               *
*  integral  =  7.9180321       accum. integral =  7.8913379    *
*  std. dev. = 0.22573246E-01   accum. std. dev = 0.30051033E-02*
*   max. wt. =   0.283620E-02                                   *
*                                                               *
**************   chi**2/iteration =  1.078       ****************

 Writing out intermediate results for iteration          47

************* Integration by Vegas (iteration  48) **************
*                                                               *
*  integral  =  7.9185859       accum. integral =  7.8918154    *
*  std. dev. = 0.22499730E-01   accum. std. dev = 0.29786531E-02*
*   max. wt. =   0.283620E-02                                   *
*                                                               *
**************   chi**2/iteration =  1.086       ****************

 Writing out intermediate results for iteration          48

************* Integration by Vegas (iteration  49) **************
*                                                               *
*  integral  =  7.8555442       accum. integral =  7.8911720    *
*  std. dev. = 0.22164213E-01   accum. std. dev = 0.29521137E-02*
*   max. wt. =   0.283620E-02                                   *
*                                                               *
**************   chi**2/iteration =  1.118       ****************

 Writing out intermediate results for iteration          49

************* Integration by Vegas (iteration  50) **************
*                                                               *
*  integral  =  7.9416122       accum. integral =  7.8920548    *
*  std. dev. = 0.22118675E-01   accum. std. dev = 0.29261662E-02*
*   max. wt. =   0.283620E-02                                   *
*                                                               *
**************   chi**2/iteration =  1.199       ****************


Value of final lord integral is        7.8921 +/-     0.0029 fb

 Total number of shots       :     47239200
 Total no. failing cuts      :     18981038
 Number failing jet cuts     :            0
 Number failing process cuts :            0

   Jet efficiency : 100.00%
   Cut efficiency : 100.00%
 Total efficiency : 100.00%

 Contribution from parton sub-processes:
 ---------------------------------------
       GG     |           7.89205  100.00%
       GQ     |           0.00000    0.00%
       GQB    |           0.00000    0.00%
       QG     |           0.00000    0.00%
       QBG    |           0.00000    0.00%
       QQ     |           0.00000    0.00%
       QBQB   |           0.00000    0.00%
       QQB    |           0.00000    0.00%
       QBQ    |           0.00000    0.00%
 ---------------------------------------

 ****************************************************
 output files  E_var/E_100/CTEQ/HHTOP/HZZH+i_lord_cteq6_l_0___0___126_130_run_100
 ****************************************************
