 ************** MCFM - version 6.8 ****************
 *                                                *
 * MCFM, v6.8                   April 26th, 2014  *
 *                                                *
 * Authors: John Campbell, Keith Ellis,           *
 *          Ciaran Williams                       *
 *         (johnmc@fnal.gov, ellis@fnal.gov,      *
 *          ciaran@fnal.gov)                      *
 *                                                *
 * For details see:                               *
 *                                                *
 *  arXiv:1403.2641 (Triphoton production)        *
 *  arXiv:1312.1628 (gg->WW, Higgs interference)  *
 *  arXiv:1311.3589 (gg->ZZ, Higgs interference)  *
 *  Phys.Rev.D87:114006, arXiv:1302.3856          *
 *  (tZ, tH -- with R. Rontsch)                   *
 *  arXiv:1211.6390 (DM, P. Fox and C. Williams)  *
 *  JHEP 1211:162 (2012), arXiv:1208.0566         *
 *  (Z+gam+jet,Z+gam+gam -- with H. Hartanto)     *
 *  arXiv:1204.1513 (top production+decay)        *
 *  JHEP 1207:052 (2012), arXiv:1204.5678 (ttW)   *
 *  JHEP 1110:005 (2011), arXiv:1107.5569         *
 *         (gg->WW,Higgs intference)              *
 *  JHEP 1107:018 (2011), arXiv:1105.0020         *
 *         (diboson update)                       *
 *  JHEP 1103:027 (2011), arXiv:1011.6647         *
 *         (Wbb for mb>0, with S. Badger)         *
 *  Phys.Rev.D81:074023, arXiv:1001.4495 (H+2jet) *
 *                                                *
 *  P.R.L. 102:142001, arXiv:0903.0005 [hep-ph]   *
 *    (t-channel single top + explicit b,         *
 *      JC, R.Frederix, F.Maltoni, F.Tramontano)  *
 *  N.P.B 726:109(2005), hep-ph/0506289 (W+t)     *
 *  Phys.Rev.D70:094012, hep-ph/0408158 (Sngl Top)*
 *       (with Francesco Tramontano)              *
 *                                                *
 *  Phys.Rev.D65:113007, hep-ph/0202176 (W,Z+2j)  *
 *  Phys.Rev.D62:114012, hep-ph/0006304 (W,Z+bb)  *
 *  Phys.Rev.D60:113006, hep-ph/9905386 (diboson) *
 *                                                *
 * On the web:  http://mcfm.fnal.gov/             *
 **************************************************

 * Using input file named cluster_CMS_mT/CTEQ/HHTOP/input_130_14.DAT                              

 * [Flags to specify the mode in which MCFM is run]                                          
 *                   -1            [nevtrequested] 
 *                    F            [creatent] 
 *                    F            [skipnt] 
 *                    F            [dswhisto] 
 *                    F            [creategrid] 
 *                    T            [writetop] 
 *                    T            [writedat] 
 *                    T            [writegnu] 
 *                    T            [writeroot] 
 *                    F            [writepwg] 

 * [General options to specify the process and execution]                                    
 *                  130            [nproc] 
 *                 lord            [part] 
 * 130_run_14                      [runstring] 
 *           14000.0000            [sqrts] 
 *                    1            [ih1] 
 *                    1            [ih2] 
 *             126.0000            [hmass] 
 *               0.5000            [scale] 
 *               0.5000            [facscale] 
 * m(3456)                         [dynamicscale] 
 *                    F            [zerowidth] 
 *                    F            [removebr] 
 *                   20            [itmx1] 
 *               500000            [ncall1] 
 *                   50            [itmx2] 
 *               500000            [ncall2] 
 *                 2020            [ij] 
 *                    F            [dryrun] 
 *                    T            [Qflag] 
 *                    T            [Gflag] 

 * [Heavy quark masses]                                                                      
 *             173.2000            [top mass] 
 *               4.7500            [bottom mass] 
 *               1.5000            [charm mass] 

 * [Pdf selection]                                                                           
 *              cteq6_l            [pdlabel] 
 *                    4            [NGROUP] 
 *                   46            [NSET] 
 * cteq6mE.LHgrid                  [LHAPDF group] 
 *                   -1            [LHAPDF set] 

 * [Jet definition and event cuts]                                                           
 *               0.0000            [m34min] 
 *           14000.0000            [m34max] 
 *               0.0000            [m56min] 
 *           14000.0000            [m56max] 
 *                    T            [inclusive] 
 *                 ankt            [algorithm] 
 *              15.0000            [ptjetmin] 
 *               0.0000            [etajetmin] 
 *               5.0000            [etajetmax] 
 *               0.5000            [Rcut] 
 *                    T            [makecuts] 
 *               0.0000            [leptpt] 
 *              99.0000            [leptrap] 
 *    0.000,   0.000                [leptveto] 
 *               0.0000            [misspt] 
 *               0.0000            [leptpt2] 
 *              99.0000            [leptrap2] 
 *    0.000,   0.000                [leptveto2] 
 *               0.0000            [mtrans34cut] 
 *               0.0000            [Rjlmin] 
 *               0.0000            [Rllmin] 
 *               0.0000            [delyjjmin] 
 *                    F            [jetsopphem] 
 *                    0            [lbjscheme] 
 *               0.0000            [ptbjetmin] 
 *              99.0000            [etabjetmax] 

 * [Settings for photon processes]                                                           
 *                    F            [frag] 
 *             GdRG__LO            [fragset] 
 *              80.0000            [frag_scale] 
 *              20.0000            [gammpt] 
 *               2.5000            [gammrap] 
 *              20.0000            [gammpt2] 
 *              20.0000            [gammpt3] 
 *               0.0000            [Rgalmin] 
 *               0.4000            [Rgagamin] 
 *               0.4000            [Rgajetmin] 
 *               0.4000            [cone_ang] 
 *               0.5000            [epsilon_h] 

 * [Anomalous couplings of the W and Z]                                                      
 *               0.0000            [delg1_z] 
 *               0.0000            [delk_z] 
 *               0.0000            [delk_g] 
 *               0.0000            [lambda_z] 
 *               0.0000            [lambda_g] 
 *               0.0000            [h1Z] 
 *               0.0000            [h1gam] 
 *               0.0000            [h2Z] 
 *               0.0000            [h2gam] 
 *               0.0000            [h3Z] 
 *               0.0000            [h3gam] 
 *               0.0000            [h4Z] 
 *               0.0000            [h4gam] 
 *               2.0000            [tevscale] 

 * [Anomalous width of the Higgs]                                                            
 *               1.0000            [Gamma_H/Gamma_H(SM)] 

 * [How to resume/save a run]                                                                
 *                    F            [readin] 
 *                    F            [writeout] 
 *                                 [ingridfile] 
 *                                 [outgridfile] 

 * [Technical parameters that should not normally be changed]

 *                    F            [debug] 
 *                    T            [verbose] 
 *                    F            [new_pspace] 
 *                    F            [virtonly] 
 *                    F            [realonly] 
 *                    T            [spira] 
 *                    F            [noglue] 
 *                    F            [ggonly] 
 *                    F            [gqonly] 
 *                    F            [omitgg] 
 *                    F            [vanillafiles] 
 *                    1            [nmin] 
 *                    2            [nmax] 
 *                    T            [clustering] 
 *                    F            [realwt] 
 *                    0            [colourchoice] 
 *               0.0100            [rtsmin] 
 *               0.0001            [cutoff] 
 *               0.1000            [aii] 
 *               0.1000            [aif] 
 *               0.1000            [afi] 
 *               1.0000            [aff] 
 *               1.0000            [bfi] 
 *               1.0000            [bff] 

 Chooser:process chosen by nproc=         130

 *************************** f(p1)+f(p2) --> ******************************************
 * H(--> Z^0(e^-(p3)+e^+(p4)) + Z^0(mu^-(p5)+mu^+(p6)) [H squared and H, gg->ZZ intf. *
 **************************************************************************************

 ************** Electroweak parameters **************
 *                                                  *
 *  zmass(+)   91.1876000     wmass(+)  80.3980000  *
 * zwidth(+)    2.4952000    wwidth(+)   2.1054000  *
 *     Gf(+) 0.116639D-04   1/aemmz    132.3384323  *
 *     xw       0.2226459      mtop(+) 173.2000000  *
 *   gwsq       0.4264904       esq      0.0949563  *
 * top width    1.4743080 (LO)                      *
 *    mb        4.7500000        mc      1.5000000  *
 *                                                  *
 * Parameters marked (+) are input, others derived  *
 ****************************************************

 ****************** Higgs parameters ****************
 *                                                  *
 *   mass(H) =  126.00      width(H) =  0.43070E-02 *
 *                                                  *
 *              Br( H -> b bbar)  =   0.56954       *
 *              Br( H -> tau tau) =   0.06056       *
 *              Br( H -> W W)     =   0.00000       *
 *              Br( H -> Z Z)     =   0.00000       *
 *              Br( H -> gam gam) =   0.00235       *
 *              Br( H -> Z gam)   =   0.00164       *
 ****************************************************
 *                                                  *
 * Note: branching ratios reported here can be > 1  *
 *       since the total Higgs width is calculated  *
 *       at NLO but the BR calculation uses a       *
 *       partial width at LO only.                  *
 *                                                  *
 ****************************************************

 WARNING: Higgs decay H->ZZ is below threshold and
 may not yield sensible results - check the number
 of integration points

 ***************** CKM mixing matrix ****************
 *                                                  *
 *      Vud=.97500    Vus=.22200    Vub=0.0000      *
 *      Vcd=.22200    Vcs=.97500    Vcb=0.0000      *
 ****************************************************

 ************* Strong coupling, alpha_s  ************
 *                                                  *
 *  Dynamic scale - alpha_s changed event-by-event  *
 *       alpha_s (zmass)  0.11800000                *
 *         (using 1-loop running of alpha_s)        *
 ****************************************************

 ****************************************
 *     Cross section in femtobarns      *
 ****************************************


 input parameters for vegas:  ndim= 10  ncall= 472392.
                              it=    0  itmx=   20
                              nprn=  0  alph= 1.50
                              mds=  1   nd= 100
                              xl( 1)=   0.000     xu( 1)=   1.000    
                              xl( 2)=   0.000     xu( 2)=   1.000    
                              xl( 3)=   0.000     xu( 3)=   1.000    
                              xl( 4)=   0.000     xu( 4)=   1.000    
                              xl( 5)=   0.000     xu( 5)=   1.000    
                              xl( 6)=   0.000     xu( 6)=   1.000    
                              xl( 7)=   0.000     xu( 7)=   1.000    
                              xl( 8)=   0.000     xu( 8)=   1.000    
                              xl( 9)=   0.000     xu( 9)=   1.000    
                              xl(10)=   0.000     xu(10)=   1.000    

 ****************** Basic mass cuts *****************
 *                                                  *
 *              0.00  <   m34  <  14000.00           *
 *              0.00  <   m56  <  14000.00           *
 ****************************************************
 *********** CMS Higgs Search cuts******
 *                                     *
 *     pt(mu) >           5.00 GeV     *
 *     pt(el) >           7.00 GeV     *
 *     |eta_mu| <         2.40         *
 *     |eta_el| <         2.50         *
 *     m4lmin >         100.00 GeV     *
 *     m2lmin >           4.00 GeV     *
 *     ptleading >       20.00 GeV     *
 *     ptnexttoleading > 10.00 GeV     *
 *     mllnear >         40.00 GeV     *
 *     mllfar >          12.00 GeV     *
 *     mllmax >         120.00 GeV     *
 ***************************************

 ************** Dynamic scale choice ****************
 *                                                  *
 *                 RENORMALIZATION                  *
 *       mu_ren  =  0.50 x m(3456)                  *
 *                                                  *
 *                  FACTORIZATION                   *
 *       mu_fac  =  0.50 x m(3456)                  *
 *                                                  *
 ****************************************************
 ====================================================
   This is QCDLoop - version 1.95                    
   Authors: Keith Ellis and Giulia Zanderighi        
   (ellis@fnal.gov, g.zanderighi1@physics.ox.ac.uk)  
   For details see FERMILAB-PUB-07-633-T,OUTP-07/16P 
   arXiv:0712.1851 [hep-ph], published in            
   JHEP 0802:002,2008.                               
 ====================================================
 ====================================================
   FF 2.0, a package to evaluate one-loop integrals
 written by G. J. van Oldenborgh, NIKHEF-H, Amsterdam
 ====================================================
 for the algorithms used see preprint NIKHEF-H 89/17,
 'New Algorithms for One-loop Integrals', by G.J. van
 Oldenborgh and J.A.M. Vermaseren, published in 
 Zeitschrift fuer Physik C46(1990)425.
 ====================================================
 ffini: precx =    4.4408920985006262E-016
 ffini: precc =    4.4408920985006262E-016
 ffini: xalogm =    4.9406564584124654E-324
 ffini: xclogm =    4.9406564584124654E-324
 ****************************************************
 *                                                  *
 *  gg->ZZ box loop includes gens. 1 and 2          *
 *  gg->ZZ box loop includes bottom quark           *
 *  gg->ZZ box loop includes top quark              *
 *                                                  *
 *  Numer. stability: pt(Z) > 0.100 GeV (gens. 1,2) *
 *  Numer. stability: pt(Z) > 0.100 GeV (b,t loops) *
 *                                                  *
 ****************************************************

************* Integration by Vegas (iteration   1) **************
*                                                               *
*  integral  = 0.13261717       accum. integral = 0.13261717    *
*  std. dev. = 0.52265001E-01   accum. std. dev = 0.52265001E-01*
*   max. wt. =   0.359114E-01                                   *
*                                                               *
**************   chi**2/iteration =  0.000       ****************


************* Integration by Vegas (iteration   2) **************
*                                                               *
*  integral  = 0.42760518       accum. integral = 0.17872820    *
*  std. dev. = 0.12142298       accum. std. dev = 0.48006621E-01*
*   max. wt. =   0.115514                                       *
*                                                               *
**************   chi**2/iteration =  4.930       ****************


************* Integration by Vegas (iteration   3) **************
*                                                               *
*  integral  = 0.41828130       accum. integral = 0.39635525    *
*  std. dev. = 0.15237893E-01   accum. std. dev = 0.14523807E-01*
*   max. wt. =   0.115514                                       *
*                                                               *
**************   chi**2/iteration =  13.73       ****************


************* Integration by Vegas (iteration   4) **************
*                                                               *
*  integral  = 0.40726082       accum. integral = 0.40685160    *
*  std. dev. = 0.28677319E-02   accum. std. dev = 0.28134135E-02*
*   max. wt. =   0.115514                                       *
*                                                               *
**************   chi**2/iteration =  9.350       ****************


************* Integration by Vegas (iteration   5) **************
*                                                               *
*  integral  = 0.41270253       accum. integral = 0.41141289    *
*  std. dev. = 0.14959754E-02   accum. std. dev = 0.13208568E-02*
*   max. wt. =   0.115514                                       *
*                                                               *
**************   chi**2/iteration =  7.859       ****************


************* Integration by Vegas (iteration   6) **************
*                                                               *
*  integral  = 0.41296707       accum. integral = 0.41223895    *
*  std. dev. = 0.12400750E-02   accum. std. dev = 0.90407555E-03*
*   max. wt. =   0.115514                                       *
*                                                               *
**************   chi**2/iteration =  6.437       ****************


************* Integration by Vegas (iteration   7) **************
*                                                               *
*  integral  = 0.41296997       accum. integral = 0.41250922    *
*  std. dev. = 0.11804352E-02   accum. std. dev = 0.71775152E-03*
*   max. wt. =   0.115514                                       *
*                                                               *
**************   chi**2/iteration =  5.406       ****************


************* Integration by Vegas (iteration   8) **************
*                                                               *
*  integral  = 0.41424411       accum. integral = 0.41296885    *
*  std. dev. = 0.11955499E-02   accum. std. dev = 0.61537110E-03*
*   max. wt. =   0.115514                                       *
*                                                               *
**************   chi**2/iteration =  4.856       ****************


************* Integration by Vegas (iteration   9) **************
*                                                               *
*  integral  = 0.41361051       accum. integral = 0.41309788    *
*  std. dev. = 0.12266132E-02   accum. std. dev = 0.55003384E-03*
*   max. wt. =   0.115514                                       *
*                                                               *
**************   chi**2/iteration =  4.277       ****************


************* Integration by Vegas (iteration  10) **************
*                                                               *
*  integral  = 0.41450220       accum. integral = 0.41334909    *
*  std. dev. = 0.11784189E-02   accum. std. dev = 0.49841437E-03*
*   max. wt. =   0.115514                                       *
*                                                               *
**************   chi**2/iteration =  3.932       ****************


************* Integration by Vegas (iteration  11) **************
*                                                               *
*  integral  = 0.41053356       accum. integral = 0.41291582    *
*  std. dev. = 0.11687056E-02   accum. std. dev = 0.45846369E-03*
*   max. wt. =   0.115514                                       *
*                                                               *
**************   chi**2/iteration =  4.030       ****************


************* Integration by Vegas (iteration  12) **************
*                                                               *
*  integral  = 0.41162830       accum. integral = 0.41274335    *
*  std. dev. = 0.11657318E-02   accum. std. dev = 0.42665375E-03*
*   max. wt. =   0.115514                                       *
*                                                               *
**************   chi**2/iteration =  3.760       ****************


************* Integration by Vegas (iteration  13) **************
*                                                               *
*  integral  = 0.41394198       accum. integral = 0.41288396    *
*  std. dev. = 0.11703570E-02   accum. std. dev = 0.40084863E-03*
*   max. wt. =   0.115514                                       *
*                                                               *
**************   chi**2/iteration =  3.524       ****************


************* Integration by Vegas (iteration  14) **************
*                                                               *
*  integral  = 0.41347131       accum. integral = 0.41294558    *
*  std. dev. = 0.11708259E-02   accum. std. dev = 0.37923847E-03*
*   max. wt. =   0.115514                                       *
*                                                               *
**************   chi**2/iteration =  3.270       ****************


************* Integration by Vegas (iteration  15) **************
*                                                               *
*  integral  = 0.41295150       accum. integral = 0.41294615    *
*  std. dev. = 0.11705115E-02   accum. std. dev = 0.36077527E-03*
*   max. wt. =   0.115514                                       *
*                                                               *
**************   chi**2/iteration =  3.037       ****************


************* Integration by Vegas (iteration  16) **************
*                                                               *
*  integral  = 0.41108669       accum. integral = 0.41278508    *
*  std. dev. = 0.11715231E-02   accum. std. dev = 0.34479605E-03*
*   max. wt. =   0.115514                                       *
*                                                               *
**************   chi**2/iteration =  2.988       ****************


************* Integration by Vegas (iteration  17) **************
*                                                               *
*  integral  = 0.41169241       accum. integral = 0.41269713    *
*  std. dev. = 0.11653627E-02   accum. std. dev = 0.33062815E-03*
*   max. wt. =   0.115514                                       *
*                                                               *
**************   chi**2/iteration =  2.852       ****************


************* Integration by Vegas (iteration  18) **************
*                                                               *
*  integral  = 0.41207026       accum. integral = 0.41265182    *
*  std. dev. = 0.11845262E-02   accum. std. dev = 0.31845545E-03*
*   max. wt. =   0.115514                                       *
*                                                               *
**************   chi**2/iteration =  2.699       ****************


************* Integration by Vegas (iteration  19) **************
*                                                               *
*  integral  = 0.41142166       accum. integral = 0.41256829    *
*  std. dev. = 0.11799337E-02   accum. std. dev = 0.30745446E-03*
*   max. wt. =   0.115514                                       *
*                                                               *
**************   chi**2/iteration =  2.606       ****************


************* Integration by Vegas (iteration  20) **************
*                                                               *
*  integral  = 0.41382535       accum. integral = 0.41264757    *
*  std. dev. = 0.11850311E-02   accum. std. dev = 0.29760128E-03*
*   max. wt. =   0.115514                                       *
*                                                               *
**************   chi**2/iteration =  2.524       ****************


 input parameters for vegas:  ndim= 10  ncall= 472392.
                              it=   21  itmx=   50
                              nprn=  0  alph= 1.50
                              mds=  1   nd= 100
                              xl( 1)=   0.000     xu( 1)=   1.000    
                              xl( 2)=   0.000     xu( 2)=   1.000    
                              xl( 3)=   0.000     xu( 3)=   1.000    
                              xl( 4)=   0.000     xu( 4)=   1.000    
                              xl( 5)=   0.000     xu( 5)=   1.000    
                              xl( 6)=   0.000     xu( 6)=   1.000    
                              xl( 7)=   0.000     xu( 7)=   1.000    
                              xl( 8)=   0.000     xu( 8)=   1.000    
                              xl( 9)=   0.000     xu( 9)=   1.000    
                              xl(10)=   0.000     xu(10)=   1.000    

************* Integration by Vegas (iteration   1) **************
*                                                               *
*  integral  = 0.40991723       accum. integral = 0.40991723    *
*  std. dev. = 0.11805080E-02   accum. std. dev = 0.11805080E-02*
*   max. wt. =   0.476553E-04                                   *
*                                                               *
**************   chi**2/iteration =  0.000       ****************

 Writing out intermediate results for iteration           1

************* Integration by Vegas (iteration   2) **************
*                                                               *
*  integral  = 0.41400155       accum. integral = 0.41196432    *
*  std. dev. = 0.11776605E-02   accum. std. dev = 0.83373663E-03*
*   max. wt. =   0.476553E-04                                   *
*                                                               *
**************   chi**2/iteration =  5.940       ****************

 Writing out intermediate results for iteration           2

************* Integration by Vegas (iteration   3) **************
*                                                               *
*  integral  = 0.41313129       accum. integral = 0.41235002    *
*  std. dev. = 0.11866081E-02   accum. std. dev = 0.68218238E-03*
*   max. wt. =   0.681765E-04                                   *
*                                                               *
**************   chi**2/iteration =  3.307       ****************

 Writing out intermediate results for iteration           3

************* Integration by Vegas (iteration   4) **************
*                                                               *
*  integral  = 0.41238117       accum. integral = 0.41235781    *
*  std. dev. = 0.11813915E-02   accum. std. dev = 0.59076439E-03*
*   max. wt. =   0.724876E-04                                   *
*                                                               *
**************   chi**2/iteration =  2.208       ****************

 Writing out intermediate results for iteration           4

************* Integration by Vegas (iteration   5) **************
*                                                               *
*  integral  = 0.41189678       accum. integral = 0.41226609    *
*  std. dev. = 0.11854234E-02   accum. std. dev = 0.52874271E-03*
*   max. wt. =   0.724876E-04                                   *
*                                                               *
**************   chi**2/iteration =  1.688       ****************

 Writing out intermediate results for iteration           5

************* Integration by Vegas (iteration   6) **************
*                                                               *
*  integral  = 0.41345532       accum. integral = 0.41246035    *
*  std. dev. = 0.11966269E-02   accum. std. dev = 0.48363378E-03*
*   max. wt. =   0.124114E-03                                   *
*                                                               *
**************   chi**2/iteration =  1.516       ****************

 Writing out intermediate results for iteration           6

************* Integration by Vegas (iteration   7) **************
*                                                               *
*  integral  = 0.41385360       accum. integral = 0.41265436    *
*  std. dev. = 0.12024054E-02   accum. std. dev = 0.44869809E-03*
*   max. wt. =   0.124114E-03                                   *
*                                                               *
**************   chi**2/iteration =  1.456       ****************

 Writing out intermediate results for iteration           7

************* Integration by Vegas (iteration   8) **************
*                                                               *
*  integral  = 0.41393940       accum. integral = 0.41281196    *
*  std. dev. = 0.12001074E-02   accum. std. dev = 0.42028345E-03*
*   max. wt. =   0.124114E-03                                   *
*                                                               *
**************   chi**2/iteration =  1.392       ****************

 Writing out intermediate results for iteration           8

************* Integration by Vegas (iteration   9) **************
*                                                               *
*  integral  = 0.41402761       accum. integral = 0.41294541    *
*  std. dev. = 0.11968560E-02   accum. std. dev = 0.39654487E-03*
*   max. wt. =   0.124114E-03                                   *
*                                                               *
**************   chi**2/iteration =  1.333       ****************

 Writing out intermediate results for iteration           9

************* Integration by Vegas (iteration  10) **************
*                                                               *
*  integral  = 0.41154304       accum. integral = 0.41280668    *
*  std. dev. = 0.11968084E-02   accum. std. dev = 0.37642051E-03*
*   max. wt. =   0.124114E-03                                   *
*                                                               *
**************   chi**2/iteration =  1.322       ****************

 Writing out intermediate results for iteration          10

************* Integration by Vegas (iteration  11) **************
*                                                               *
*  integral  = 0.41544336       accum. integral = 0.41303714    *
*  std. dev. = 0.12163202E-02   accum. std. dev = 0.35959418E-03*
*   max. wt. =   0.124114E-03                                   *
*                                                               *
**************   chi**2/iteration =  1.618       ****************

 Writing out intermediate results for iteration          11

************* Integration by Vegas (iteration  12) **************
*                                                               *
*  integral  = 0.41111466       accum. integral = 0.41287948    *
*  std. dev. = 0.12030839E-02   accum. std. dev = 0.34453349E-03*
*   max. wt. =   0.124114E-03                                   *
*                                                               *
**************   chi**2/iteration =  1.684       ****************

 Writing out intermediate results for iteration          12

************* Integration by Vegas (iteration  13) **************
*                                                               *
*  integral  = 0.41257952       accum. integral = 0.41285674    *
*  std. dev. = 0.12031076E-02   accum. std. dev = 0.33121980E-03*
*   max. wt. =   0.124114E-03                                   *
*                                                               *
**************   chi**2/iteration =  1.549       ****************

 Writing out intermediate results for iteration          13

************* Integration by Vegas (iteration  14) **************
*                                                               *
*  integral  = 0.41249039       accum. integral = 0.41283132    *
*  std. dev. = 0.12129867E-02   accum. std. dev = 0.31952177E-03*
*   max. wt. =   0.124114E-03                                   *
*                                                               *
**************   chi**2/iteration =  1.436       ****************

 Writing out intermediate results for iteration          14

************* Integration by Vegas (iteration  15) **************
*                                                               *
*  integral  = 0.41337219       accum. integral = 0.41286643    *
*  std. dev. = 0.12126643E-02   accum. std. dev = 0.30897629E-03*
*   max. wt. =   0.124114E-03                                   *
*                                                               *
**************   chi**2/iteration =  1.347       ****************

 Writing out intermediate results for iteration          15

************* Integration by Vegas (iteration  16) **************
*                                                               *
*  integral  = 0.41359186       accum. integral = 0.41290992    *
*  std. dev. = 0.12235761E-02   accum. std. dev = 0.29957263E-03*
*   max. wt. =   0.124114E-03                                   *
*                                                               *
**************   chi**2/iteration =  1.279       ****************

 Writing out intermediate results for iteration          16

************* Integration by Vegas (iteration  17) **************
*                                                               *
*  integral  = 0.41241029       accum. integral = 0.41288180    *
*  std. dev. = 0.12266757E-02   accum. std. dev = 0.29101995E-03*
*   max. wt. =   0.124114E-03                                   *
*                                                               *
**************   chi**2/iteration =  1.209       ****************

 Writing out intermediate results for iteration          17

************* Integration by Vegas (iteration  18) **************
*                                                               *
*  integral  = 0.41327866       accum. integral = 0.41290295    *
*  std. dev. = 0.12264751E-02   accum. std. dev = 0.28315784E-03*
*   max. wt. =   0.124114E-03                                   *
*                                                               *
**************   chi**2/iteration =  1.144       ****************

 Writing out intermediate results for iteration          18

************* Integration by Vegas (iteration  19) **************
*                                                               *
*  integral  = 0.41128046       accum. integral = 0.41282335    *
*  std. dev. = 0.12466300E-02   accum. std. dev = 0.27612452E-03*
*   max. wt. =   0.124114E-03                                   *
*                                                               *
**************   chi**2/iteration =  1.170       ****************

 Writing out intermediate results for iteration          19

************* Integration by Vegas (iteration  20) **************
*                                                               *
*  integral  = 0.41193276       accum. integral = 0.41278263    *
*  std. dev. = 0.12614457E-02   accum. std. dev = 0.26973786E-03*
*   max. wt. =   0.124114E-03                                   *
*                                                               *
**************   chi**2/iteration =  1.133       ****************

 Writing out intermediate results for iteration          20

************* Integration by Vegas (iteration  21) **************
*                                                               *
*  integral  = 0.41388091       accum. integral = 0.41282936    *
*  std. dev. = 0.12794686E-02   accum. std. dev = 0.26393628E-03*
*   max. wt. =   0.126017E-03                                   *
*                                                               *
**************   chi**2/iteration =  1.112       ****************

 Writing out intermediate results for iteration          21

************* Integration by Vegas (iteration  22) **************
*                                                               *
*  integral  = 0.41336059       accum. integral = 0.41285184    *
*  std. dev. = 0.12557067E-02   accum. std. dev = 0.25829231E-03*
*   max. wt. =   0.126017E-03                                   *
*                                                               *
**************   chi**2/iteration =  1.067       ****************

 Writing out intermediate results for iteration          22

************* Integration by Vegas (iteration  23) **************
*                                                               *
*  integral  = 0.41407587       accum. integral = 0.41290053    *
*  std. dev. = 0.12690934E-02   accum. std. dev = 0.25310342E-03*
*   max. wt. =   0.126017E-03                                   *
*                                                               *
**************   chi**2/iteration =  1.059       ****************

 Writing out intermediate results for iteration          23

************* Integration by Vegas (iteration  24) **************
*                                                               *
*  integral  = 0.41205706       accum. integral = 0.41286784    *
*  std. dev. = 0.12605309E-02   accum. std. dev = 0.24815050E-03*
*   max. wt. =   0.126017E-03                                   *
*                                                               *
**************   chi**2/iteration =  1.032       ****************

 Writing out intermediate results for iteration          24

************* Integration by Vegas (iteration  25) **************
*                                                               *
*  integral  = 0.41309977       accum. integral = 0.41287644    *
*  std. dev. = 0.12641621E-02   accum. std. dev = 0.24350347E-03*
*   max. wt. =   0.126017E-03                                   *
*                                                               *
**************   chi**2/iteration = 0.9904       ****************

 Writing out intermediate results for iteration          25

************* Integration by Vegas (iteration  26) **************
*                                                               *
*  integral  = 0.41186730       accum. integral = 0.41284099    *
*  std. dev. = 0.12760830E-02   accum. std. dev = 0.23918767E-03*
*   max. wt. =   0.126017E-03                                   *
*                                                               *
**************   chi**2/iteration = 0.9749       ****************

 Writing out intermediate results for iteration          26

************* Integration by Vegas (iteration  27) **************
*                                                               *
*  integral  = 0.41309793       accum. integral = 0.41284960    *
*  std. dev. = 0.12845000E-02   accum. std. dev = 0.23514564E-03*
*   max. wt. =   0.126017E-03                                   *
*                                                               *
**************   chi**2/iteration = 0.9389       ****************

 Writing out intermediate results for iteration          27

************* Integration by Vegas (iteration  28) **************
*                                                               *
*  integral  = 0.41248999       accum. integral = 0.41283797    *
*  std. dev. = 0.12859890E-02   accum. std. dev = 0.23131052E-03*
*   max. wt. =   0.126017E-03                                   *
*                                                               *
**************   chi**2/iteration = 0.9069       ****************

 Writing out intermediate results for iteration          28

************* Integration by Vegas (iteration  29) **************
*                                                               *
*  integral  = 0.41212411       accum. integral = 0.41281586    *
*  std. dev. = 0.12941141E-02   accum. std. dev = 0.22770179E-03*
*   max. wt. =   0.135210E-03                                   *
*                                                               *
**************   chi**2/iteration = 0.8851       ****************

 Writing out intermediate results for iteration          29

************* Integration by Vegas (iteration  30) **************
*                                                               *
*  integral  = 0.41279252       accum. integral = 0.41281517    *
*  std. dev. = 0.13050318E-02   accum. std. dev = 0.22431298E-03*
*   max. wt. =   0.135210E-03                                   *
*                                                               *
**************   chi**2/iteration = 0.8546       ****************

 Writing out intermediate results for iteration          30

************* Integration by Vegas (iteration  31) **************
*                                                               *
*  integral  = 0.41502981       accum. integral = 0.41287798    *
*  std. dev. = 0.13129954E-02   accum. std. dev = 0.22110948E-03*
*   max. wt. =   0.135210E-03                                   *
*                                                               *
**************   chi**2/iteration = 0.9182       ****************

 Writing out intermediate results for iteration          31

************* Integration by Vegas (iteration  32) **************
*                                                               *
*  integral  = 0.41442877       accum. integral = 0.41292187    *
*  std. dev. = 0.12956214E-02   accum. std. dev = 0.21795830E-03*
*   max. wt. =   0.135210E-03                                   *
*                                                               *
**************   chi**2/iteration = 0.9335       ****************

 Writing out intermediate results for iteration          32

************* Integration by Vegas (iteration  33) **************
*                                                               *
*  integral  = 0.41333548       accum. integral = 0.41293343    *
*  std. dev. = 0.12850108E-02   accum. std. dev = 0.21488908E-03*
*   max. wt. =   0.135210E-03                                   *
*                                                               *
**************   chi**2/iteration = 0.9075       ****************

 Writing out intermediate results for iteration          33

************* Integration by Vegas (iteration  34) **************
*                                                               *
*  integral  = 0.41167826       accum. integral = 0.41289989    *
*  std. dev. = 0.12967393E-02   accum. std. dev = 0.21199791E-03*
*   max. wt. =   0.135210E-03                                   *
*                                                               *
**************   chi**2/iteration = 0.9076       ****************

 Writing out intermediate results for iteration          34

************* Integration by Vegas (iteration  35) **************
*                                                               *
*  integral  = 0.41220514       accum. integral = 0.41288216    *
*  std. dev. = 0.13101668E-02   accum. std. dev = 0.20927594E-03*
*   max. wt. =   0.135210E-03                                   *
*                                                               *
**************   chi**2/iteration = 0.8890       ****************

 Writing out intermediate results for iteration          35

************* Integration by Vegas (iteration  36) **************
*                                                               *
*  integral  = 0.41301260       accum. integral = 0.41288538    *
*  std. dev. = 0.13161807E-02   accum. std. dev = 0.20667963E-03*
*   max. wt. =   0.135210E-03                                   *
*                                                               *
**************   chi**2/iteration = 0.8639       ****************

 Writing out intermediate results for iteration          36

************* Integration by Vegas (iteration  37) **************
*                                                               *
*  integral  = 0.41072494       accum. integral = 0.41283278    *
*  std. dev. = 0.13084193E-02   accum. std. dev = 0.20414839E-03*
*   max. wt. =   0.135210E-03                                   *
*                                                               *
**************   chi**2/iteration = 0.9138       ****************

 Writing out intermediate results for iteration          37

************* Integration by Vegas (iteration  38) **************
*                                                               *
*  integral  = 0.41332921       accum. integral = 0.41284443    *
*  std. dev. = 0.13171554E-02   accum. std. dev = 0.20173963E-03*
*   max. wt. =   0.135210E-03                                   *
*                                                               *
**************   chi**2/iteration = 0.8928       ****************

 Writing out intermediate results for iteration          38

************* Integration by Vegas (iteration  39) **************
*                                                               *
*  integral  = 0.41270904       accum. integral = 0.41284128    *
*  std. dev. = 0.13076593E-02   accum. std. dev = 0.19938086E-03*
*   max. wt. =   0.135210E-03                                   *
*                                                               *
**************   chi**2/iteration = 0.8696       ****************

 Writing out intermediate results for iteration          39

************* Integration by Vegas (iteration  40) **************
*                                                               *
*  integral  = 0.40979487       accum. integral = 0.41277575    *
*  std. dev. = 0.13447037E-02   accum. std. dev = 0.19722472E-03*
*   max. wt. =   0.180358E-03                                   *
*                                                               *
**************   chi**2/iteration = 0.9760       ****************

 Writing out intermediate results for iteration          40

************* Integration by Vegas (iteration  41) **************
*                                                               *
*  integral  = 0.41124924       accum. integral = 0.41274227    *
*  std. dev. = 0.13171003E-02   accum. std. dev = 0.19505008E-03*
*   max. wt. =   0.180358E-03                                   *
*                                                               *
**************   chi**2/iteration = 0.9845       ****************

 Writing out intermediate results for iteration          41

************* Integration by Vegas (iteration  42) **************
*                                                               *
*  integral  = 0.41124343       accum. integral = 0.41271059    *
*  std. dev. = 0.13272826E-02   accum. std. dev = 0.19297748E-03*
*   max. wt. =   0.180358E-03                                   *
*                                                               *
**************   chi**2/iteration = 0.9909       ****************

 Writing out intermediate results for iteration          42

************* Integration by Vegas (iteration  43) **************
*                                                               *
*  integral  = 0.41390265       accum. integral = 0.41273527    *
*  std. dev. = 0.13271084E-02   accum. std. dev = 0.19096905E-03*
*   max. wt. =   0.180358E-03                                   *
*                                                               *
**************   chi**2/iteration = 0.9861       ****************

 Writing out intermediate results for iteration          43

************* Integration by Vegas (iteration  44) **************
*                                                               *
*  integral  = 0.41393113       accum. integral = 0.41276012    *
*  std. dev. = 0.13107903E-02   accum. std. dev = 0.18897404E-03*
*   max. wt. =   0.180358E-03                                   *
*                                                               *
**************   chi**2/iteration = 0.9822       ****************

 Writing out intermediate results for iteration          44

************* Integration by Vegas (iteration  45) **************
*                                                               *
*  integral  = 0.41261442       accum. integral = 0.41275716    *
*  std. dev. = 0.13116800E-02   accum. std. dev = 0.18704286E-03*
*   max. wt. =   0.180358E-03                                   *
*                                                               *
**************   chi**2/iteration = 0.9601       ****************

 Writing out intermediate results for iteration          45

************* Integration by Vegas (iteration  46) **************
*                                                               *
*  integral  = 0.40868992       accum. integral = 0.41267714    *
*  std. dev. = 0.13202910E-02   accum. std. dev = 0.18519369E-03*
*   max. wt. =   0.180358E-03                                   *
*                                                               *
**************   chi**2/iteration =  1.145       ****************

 Writing out intermediate results for iteration          46

************* Integration by Vegas (iteration  47) **************
*                                                               *
*  integral  = 0.41561059       accum. integral = 0.41273329    *
*  std. dev. = 0.13257414E-02   accum. std. dev = 0.18341283E-03*
*   max. wt. =   0.180358E-03                                   *
*                                                               *
**************   chi**2/iteration =  1.225       ****************

 Writing out intermediate results for iteration          47

************* Integration by Vegas (iteration  48) **************
*                                                               *
*  integral  = 0.41417154       accum. integral = 0.41275961    *
*  std. dev. = 0.13431288E-02   accum. std. dev = 0.18172627E-03*
*   max. wt. =   0.180358E-03                                   *
*                                                               *
**************   chi**2/iteration =  1.223       ****************

 Writing out intermediate results for iteration          48

************* Integration by Vegas (iteration  49) **************
*                                                               *
*  integral  = 0.41184884       accum. integral = 0.41274327    *
*  std. dev. = 0.13441226E-02   accum. std. dev = 0.18008779E-03*
*   max. wt. =   0.180358E-03                                   *
*                                                               *
**************   chi**2/iteration =  1.207       ****************

 Writing out intermediate results for iteration          49

************* Integration by Vegas (iteration  50) **************
*                                                               *
*  integral  = 0.41148508       accum. integral = 0.41272068    *
*  std. dev. = 0.13320864E-02   accum. std. dev = 0.17846428E-03*
*   max. wt. =   0.180358E-03                                   *
*                                                               *
**************   chi**2/iteration =  1.200       ****************


Value of final lord integral is        0.4127 +/-     0.0002 fb

 Total number of shots       :     23619600
 Total no. failing cuts      :     10036806
 Number failing jet cuts     :            0
 Number failing process cuts :            0

   Jet efficiency : 100.00%
   Cut efficiency : 100.00%
 Total efficiency : 100.00%

 Contribution from parton sub-processes:
 ---------------------------------------
       GG     |           0.41272  100.00%
       GQ     |           0.00000    0.00%
       GQB    |           0.00000    0.00%
       QG     |           0.00000    0.00%
       QBG    |           0.00000    0.00%
       QQ     |           0.00000    0.00%
       QBQB   |           0.00000    0.00%
       QQB    |           0.00000    0.00%
       QBQ    |           0.00000    0.00%
 ---------------------------------------

 ****************************************************
 output files  cluster_CMS_mT/CTEQ/HHTOP/HZZH+i_lord_cteq6_l_0___0___126_130_run_14
 ****************************************************
