 ************** MCFM - version 6.8 ****************
 *                                                *
 * MCFM, v6.8                   April 26th, 2014  *
 *                                                *
 * Authors: John Campbell, Keith Ellis,           *
 *          Ciaran Williams                       *
 *         (johnmc@fnal.gov, ellis@fnal.gov,      *
 *          ciaran@fnal.gov)                      *
 *                                                *
 * For details see:                               *
 *                                                *
 *  arXiv:1403.2641 (Triphoton production)        *
 *  arXiv:1312.1628 (gg->WW, Higgs interference)  *
 *  arXiv:1311.3589 (gg->ZZ, Higgs interference)  *
 *  Phys.Rev.D87:114006, arXiv:1302.3856          *
 *  (tZ, tH -- with R. Rontsch)                   *
 *  arXiv:1211.6390 (DM, P. Fox and C. Williams)  *
 *  JHEP 1211:162 (2012), arXiv:1208.0566         *
 *  (Z+gam+jet,Z+gam+gam -- with H. Hartanto)     *
 *  arXiv:1204.1513 (top production+decay)        *
 *  JHEP 1207:052 (2012), arXiv:1204.5678 (ttW)   *
 *  JHEP 1110:005 (2011), arXiv:1107.5569         *
 *         (gg->WW,Higgs intference)              *
 *  JHEP 1107:018 (2011), arXiv:1105.0020         *
 *         (diboson update)                       *
 *  JHEP 1103:027 (2011), arXiv:1011.6647         *
 *         (Wbb for mb>0, with S. Badger)         *
 *  Phys.Rev.D81:074023, arXiv:1001.4495 (H+2jet) *
 *                                                *
 *  P.R.L. 102:142001, arXiv:0903.0005 [hep-ph]   *
 *    (t-channel single top + explicit b,         *
 *      JC, R.Frederix, F.Maltoni, F.Tramontano)  *
 *  N.P.B 726:109(2005), hep-ph/0506289 (W+t)     *
 *  Phys.Rev.D70:094012, hep-ph/0408158 (Sngl Top)*
 *       (with Francesco Tramontano)              *
 *                                                *
 *  Phys.Rev.D65:113007, hep-ph/0202176 (W,Z+2j)  *
 *  Phys.Rev.D62:114012, hep-ph/0006304 (W,Z+bb)  *
 *  Phys.Rev.D60:113006, hep-ph/9905386 (diboson) *
 *                                                *
 * On the web:  http://mcfm.fnal.gov/             *
 **************************************************

 * Using input file named E_var/E_100/CTEQ/HTOP/input_131_100.DAT                                 

 * [Flags to specify the mode in which MCFM is run]                                          
 *                   -1            [nevtrequested] 
 *                    F            [creatent] 
 *                    F            [skipnt] 
 *                    F            [dswhisto] 
 *                    F            [creategrid] 
 *                    T            [writetop] 
 *                    T            [writedat] 
 *                    T            [writegnu] 
 *                    T            [writeroot] 
 *                    F            [writepwg] 

 * [General options to specify the process and execution]                                    
 *                  131            [nproc] 
 *                 lord            [part] 
 * 131_run_100                     [runstring] 
 *          100000.0000            [sqrts] 
 *                    1            [ih1] 
 *                    1            [ih2] 
 *             126.0000            [hmass] 
 *               0.5000            [scale] 
 *               0.5000            [facscale] 
 * m(3456)                         [dynamicscale] 
 *                    F            [zerowidth] 
 *                    F            [removebr] 
 *                   20            [itmx1] 
 *              1000000            [ncall1] 
 *                   50            [itmx2] 
 *              1000000            [ncall2] 
 *                 2020            [ij] 
 *                    F            [dryrun] 
 *                    T            [Qflag] 
 *                    T            [Gflag] 

 * [Heavy quark masses]                                                                      
 *             173.2000            [top mass] 
 *               4.7500            [bottom mass] 
 *               1.5000            [charm mass] 

 * [Pdf selection]                                                                           
 *              cteq6_l            [pdlabel] 
 *                    4            [NGROUP] 
 *                   46            [NSET] 
 * cteq6mE.LHgrid                  [LHAPDF group] 
 *                   -1            [LHAPDF set] 

 * [Jet definition and event cuts]                                                           
 *               0.0000            [m34min] 
 *          100000.0000            [m34max] 
 *               0.0000            [m56min] 
 *          100000.0000            [m56max] 
 *                    T            [inclusive] 
 *                 ankt            [algorithm] 
 *              15.0000            [ptjetmin] 
 *               0.0000            [etajetmin] 
 *               5.0000            [etajetmax] 
 *               0.5000            [Rcut] 
 *                    T            [makecuts] 
 *               0.0000            [leptpt] 
 *              99.0000            [leptrap] 
 *    0.000,   0.000                [leptveto] 
 *               0.0000            [misspt] 
 *               0.0000            [leptpt2] 
 *              99.0000            [leptrap2] 
 *    0.000,   0.000                [leptveto2] 
 *               0.0000            [mtrans34cut] 
 *               0.0000            [Rjlmin] 
 *               0.0000            [Rllmin] 
 *               0.0000            [delyjjmin] 
 *                    F            [jetsopphem] 
 *                    0            [lbjscheme] 
 *               0.0000            [ptbjetmin] 
 *              99.0000            [etabjetmax] 

 * [Settings for photon processes]                                                           
 *                    F            [frag] 
 *             GdRG__LO            [fragset] 
 *              80.0000            [frag_scale] 
 *              20.0000            [gammpt] 
 *               2.5000            [gammrap] 
 *              20.0000            [gammpt2] 
 *              20.0000            [gammpt3] 
 *               0.0000            [Rgalmin] 
 *               0.4000            [Rgagamin] 
 *               0.4000            [Rgajetmin] 
 *               0.4000            [cone_ang] 
 *               0.5000            [epsilon_h] 

 * [Anomalous couplings of the W and Z]                                                      
 *               0.0000            [delg1_z] 
 *               0.0000            [delk_z] 
 *               0.0000            [delk_g] 
 *               0.0000            [lambda_z] 
 *               0.0000            [lambda_g] 
 *               0.0000            [h1Z] 
 *               0.0000            [h1gam] 
 *               0.0000            [h2Z] 
 *               0.0000            [h2gam] 
 *               0.0000            [h3Z] 
 *               0.0000            [h3gam] 
 *               0.0000            [h4Z] 
 *               0.0000            [h4gam] 
 *               2.0000            [tevscale] 

 * [Anomalous width of the Higgs]                                                            
 *               1.0000            [Gamma_H/Gamma_H(SM)] 

 * [How to resume/save a run]                                                                
 *                    F            [readin] 
 *                    F            [writeout] 
 *                                 [ingridfile] 
 *                                 [outgridfile] 

 * [Technical parameters that should not normally be changed]

 *                    F            [debug] 
 *                    T            [verbose] 
 *                    F            [new_pspace] 
 *                    F            [virtonly] 
 *                    F            [realonly] 
 *                    T            [spira] 
 *                    F            [noglue] 
 *                    F            [ggonly] 
 *                    F            [gqonly] 
 *                    F            [omitgg] 
 *                    F            [vanillafiles] 
 *                    1            [nmin] 
 *                    2            [nmax] 
 *                    T            [clustering] 
 *                    F            [realwt] 
 *                    0            [colourchoice] 
 *               0.0100            [rtsmin] 
 *               0.0001            [cutoff] 
 *               0.1000            [aii] 
 *               0.1000            [aif] 
 *               0.1000            [afi] 
 *               1.0000            [aff] 
 *               1.0000            [bfi] 
 *               1.0000            [bff] 

 Chooser:process chosen by nproc=         131

 *************************** f(p1)+f(p2) --> ******************************************
 * Z^0(e^-(p3)+e^+(p4)) + Z^0(mu^-(p5)+mu^+(p6) [gg only, (H + gg->ZZ) squared]       *
 **************************************************************************************

 ************** Electroweak parameters **************
 *                                                  *
 *  zmass(+)   91.1876000     wmass(+)  80.3980000  *
 * zwidth(+)    2.4952000    wwidth(+)   2.1054000  *
 *     Gf(+) 0.116639D-04   1/aemmz    132.3384323  *
 *     xw       0.2226459      mtop(+) 173.2000000  *
 *   gwsq       0.4264904       esq      0.0949563  *
 * top width    1.4743080 (LO)                      *
 *    mb        4.7500000        mc      1.5000000  *
 *                                                  *
 * Parameters marked (+) are input, others derived  *
 ****************************************************

 ****************** Higgs parameters ****************
 *                                                  *
 *   mass(H) =  126.00      width(H) =  0.43070E-02 *
 *                                                  *
 *              Br( H -> b bbar)  =   0.56954       *
 *              Br( H -> tau tau) =   0.06056       *
 *              Br( H -> W W)     =   0.00000       *
 *              Br( H -> Z Z)     =   0.00000       *
 *              Br( H -> gam gam) =   0.00235       *
 *              Br( H -> Z gam)   =   0.00164       *
 ****************************************************
 *                                                  *
 * Note: branching ratios reported here can be > 1  *
 *       since the total Higgs width is calculated  *
 *       at NLO but the BR calculation uses a       *
 *       partial width at LO only.                  *
 *                                                  *
 ****************************************************

 WARNING: Higgs decay H->ZZ is below threshold and
 may not yield sensible results - check the number
 of integration points

 ***************** CKM mixing matrix ****************
 *                                                  *
 *      Vud=.97500    Vus=.22200    Vub=0.0000      *
 *      Vcd=.22200    Vcs=.97500    Vcb=0.0000      *
 ****************************************************

 ************* Strong coupling, alpha_s  ************
 *                                                  *
 *  Dynamic scale - alpha_s changed event-by-event  *
 *       alpha_s (zmass)  0.11800000                *
 *         (using 1-loop running of alpha_s)        *
 ****************************************************

 ****************************************
 *     Cross section in femtobarns      *
 ****************************************


 input parameters for vegas:  ndim= 10  ncall= 944784.
                              it=    0  itmx=   20
                              nprn=  0  alph= 1.50
                              mds=  1   nd= 100
                              xl( 1)=   0.000     xu( 1)=   1.000    
                              xl( 2)=   0.000     xu( 2)=   1.000    
                              xl( 3)=   0.000     xu( 3)=   1.000    
                              xl( 4)=   0.000     xu( 4)=   1.000    
                              xl( 5)=   0.000     xu( 5)=   1.000    
                              xl( 6)=   0.000     xu( 6)=   1.000    
                              xl( 7)=   0.000     xu( 7)=   1.000    
                              xl( 8)=   0.000     xu( 8)=   1.000    
                              xl( 9)=   0.000     xu( 9)=   1.000    
                              xl(10)=   0.000     xu(10)=   1.000    

 ****************** Basic mass cuts *****************
 *                                                  *
 *              0.00  <   m34  < 100000.00           *
 *              0.00  <   m56  < 100000.00           *
 ****************************************************
 *********** CMS Higgs Search cuts******
 *                                     *
 *     pt(mu) >           5.00 GeV     *
 *     pt(el) >           7.00 GeV     *
 *     |eta_mu| <         2.40         *
 *     |eta_el| <         2.50         *
 *     m4lmin >         100.00 GeV     *
 *     m2lmin >           4.00 GeV     *
 *     ptleading >       20.00 GeV     *
 *     ptnexttoleading > 10.00 GeV     *
 *     mllnear >         40.00 GeV     *
 *     mllfar >          12.00 GeV     *
 *     mllmax >         120.00 GeV     *
 ***************************************

 ************** Dynamic scale choice ****************
 *                                                  *
 *                 RENORMALIZATION                  *
 *       mu_ren  =  0.50 x m(3456)                  *
 *                                                  *
 *                  FACTORIZATION                   *
 *       mu_fac  =  0.50 x m(3456)                  *
 *                                                  *
 ****************************************************
 ====================================================
   This is QCDLoop - version 1.95                    
   Authors: Keith Ellis and Giulia Zanderighi        
   (ellis@fnal.gov, g.zanderighi1@physics.ox.ac.uk)  
   For details see FERMILAB-PUB-07-633-T,OUTP-07/16P 
   arXiv:0712.1851 [hep-ph], published in            
   JHEP 0802:002,2008.                               
 ====================================================
 ====================================================
   FF 2.0, a package to evaluate one-loop integrals
 written by G. J. van Oldenborgh, NIKHEF-H, Amsterdam
 ====================================================
 for the algorithms used see preprint NIKHEF-H 89/17,
 'New Algorithms for One-loop Integrals', by G.J. van
 Oldenborgh and J.A.M. Vermaseren, published in 
 Zeitschrift fuer Physik C46(1990)425.
 ====================================================
 ffini: precx =   4.44089209850062616E-016
 ffini: precc =   4.44089209850062616E-016
 ffini: xalogm =   4.94065645841246544E-324
 ffini: xclogm =   4.94065645841246544E-324
 ****************************************************
 *                                                  *
 *  gg->ZZ box loop includes gens. 1 and 2          *
 *  gg->ZZ box loop includes bottom quark           *
 *  gg->ZZ box loop includes top quark              *
 *                                                  *
 *  Numer. stability: pt(Z) > 0.100 GeV (gens. 1,2) *
 *  Numer. stability: pt(Z) > 0.100 GeV (b,t loops) *
 *                                                  *
 ****************************************************

************* Integration by Vegas (iteration   1) **************
*                                                               *
*  integral  =  48.318371       accum. integral =  48.318371    *
*  std. dev. =  1.5475032       accum. std. dev =  1.5475032    *
*   max. wt. =   0.705968                                       *
*                                                               *
**************   chi**2/iteration = 0.1137E-10   ****************


************* Integration by Vegas (iteration   2) **************
*                                                               *
*  integral  =  48.188135       accum. integral =  48.198894    *
*  std. dev. = 0.46439896       accum. std. dev = 0.44480182    *
*   max. wt. =   0.705968                                       *
*                                                               *
**************   chi**2/iteration = 0.6433E-02   ****************


************* Integration by Vegas (iteration   3) **************
*                                                               *
*  integral  =  49.667349       accum. integral =  49.320877    *
*  std. dev. = 0.24717693       accum. std. dev = 0.21605815    *
*   max. wt. =   0.705968                                       *
*                                                               *
**************   chi**2/iteration =  4.146       ****************


************* Integration by Vegas (iteration   4) **************
*                                                               *
*  integral  =  49.573737       accum. integral =  49.523889    *
*  std. dev. = 0.10706214       accum. std. dev = 0.95930400E-01*
*   max. wt. =   0.705968                                       *
*                                                               *
**************   chi**2/iteration =  3.134       ****************


************* Integration by Vegas (iteration   5) **************
*                                                               *
*  integral  =  49.421334       accum. integral =  49.460622    *
*  std. dev. = 0.75596138E-01   accum. std. dev = 0.59375740E-01*
*   max. wt. =   0.705968                                       *
*                                                               *
**************   chi**2/iteration =  2.528       ****************


************* Integration by Vegas (iteration   6) **************
*                                                               *
*  integral  =  49.506512       accum. integral =  49.476528    *
*  std. dev. = 0.81524125E-01   accum. std. dev = 0.47995358E-01*
*   max. wt. =   0.705968                                       *
*                                                               *
**************   chi**2/iteration =  2.065       ****************


************* Integration by Vegas (iteration   7) **************
*                                                               *
*  integral  =  49.466037       accum. integral =  49.473657    *
*  std. dev. = 0.78186779E-01   accum. std. dev = 0.40903544E-01*
*   max. wt. =   0.705968                                       *
*                                                               *
**************   chi**2/iteration =  1.724       ****************


************* Integration by Vegas (iteration   8) **************
*                                                               *
*  integral  =  49.583105       accum. integral =  49.500471    *
*  std. dev. = 0.71805933E-01   accum. std. dev = 0.35541570E-01*
*   max. wt. =   0.705968                                       *
*                                                               *
**************   chi**2/iteration =  1.728       ****************


************* Integration by Vegas (iteration   9) **************
*                                                               *
*  integral  =  49.551842       accum. integral =  49.510579    *
*  std. dev. = 0.71810886E-01   accum. std. dev = 0.31853647E-01*
*   max. wt. =   0.705968                                       *
*                                                               *
**************   chi**2/iteration =  1.564       ****************


************* Integration by Vegas (iteration  10) **************
*                                                               *
*  integral  =  49.468306       accum. integral =  49.503442    *
*  std. dev. = 0.70679527E-01   accum. std. dev = 0.29040662E-01*
*   max. wt. =   0.705968                                       *
*                                                               *
**************   chi**2/iteration =  1.423       ****************


************* Integration by Vegas (iteration  11) **************
*                                                               *
*  integral  =  49.521538       accum. integral =  49.506185    *
*  std. dev. = 0.68701482E-01   accum. std. dev = 0.26749039E-01*
*   max. wt. =   0.705968                                       *
*                                                               *
**************   chi**2/iteration =  1.287       ****************


************* Integration by Vegas (iteration  12) **************
*                                                               *
*  integral  =  49.496256       accum. integral =  49.504943    *
*  std. dev. = 0.70717755E-01   accum. std. dev = 0.25019066E-01*
*   max. wt. =   0.705968                                       *
*                                                               *
**************   chi**2/iteration =  1.171       ****************


************* Integration by Vegas (iteration  13) **************
*                                                               *
*  integral  =  49.398786       accum. integral =  49.493396    *
*  std. dev. = 0.71615515E-01   accum. std. dev = 0.23619218E-01*
*   max. wt. =   0.705968                                       *
*                                                               *
**************   chi**2/iteration =  1.237       ****************


************* Integration by Vegas (iteration  14) **************
*                                                               *
*  integral  =  49.530467       accum. integral =  49.497096    *
*  std. dev. = 0.70931909E-01   accum. std. dev = 0.22409503E-01*
*   max. wt. =   0.705968                                       *
*                                                               *
**************   chi**2/iteration =  1.161       ****************


************* Integration by Vegas (iteration  15) **************
*                                                               *
*  integral  =  49.480225       accum. integral =  49.495552    *
*  std. dev. = 0.70612840E-01   accum. std. dev = 0.21359675E-01*
*   max. wt. =   0.705968                                       *
*                                                               *
**************   chi**2/iteration =  1.082       ****************


************* Integration by Vegas (iteration  16) **************
*                                                               *
*  integral  =  49.536353       accum. integral =  49.498982    *
*  std. dev. = 0.70509922E-01   accum. std. dev = 0.20442291E-01*
*   max. wt. =   0.705968                                       *
*                                                               *
**************   chi**2/iteration =  1.030       ****************


************* Integration by Vegas (iteration  17) **************
*                                                               *
*  integral  =  49.396664       accum. integral =  49.490818    *
*  std. dev. = 0.69423643E-01   accum. std. dev = 0.19609825E-01*
*   max. wt. =   0.705968                                       *
*                                                               *
**************   chi**2/iteration =  1.090       ****************


************* Integration by Vegas (iteration  18) **************
*                                                               *
*  integral  =  49.589258       accum. integral =  49.497836    *
*  std. dev. = 0.70778882E-01   accum. std. dev = 0.18897924E-01*
*   max. wt. =   0.705968                                       *
*                                                               *
**************   chi**2/iteration =  1.132       ****************


************* Integration by Vegas (iteration  19) **************
*                                                               *
*  integral  =  49.449252       accum. integral =  49.494431    *
*  std. dev. = 0.68837529E-01   accum. std. dev = 0.18223671E-01*
*   max. wt. =   0.705968                                       *
*                                                               *
**************   chi**2/iteration =  1.095       ****************


************* Integration by Vegas (iteration  20) **************
*                                                               *
*  integral  =  49.408565       accum. integral =  49.489033    *
*  std. dev. = 0.70365285E-01   accum. std. dev = 0.17641625E-01*
*   max. wt. =   0.705968                                       *
*                                                               *
**************   chi**2/iteration =  1.111       ****************


 input parameters for vegas:  ndim= 10  ncall= 944784.
                              it=   21  itmx=   50
                              nprn=  0  alph= 1.50
                              mds=  1   nd= 100
                              xl( 1)=   0.000     xu( 1)=   1.000    
                              xl( 2)=   0.000     xu( 2)=   1.000    
                              xl( 3)=   0.000     xu( 3)=   1.000    
                              xl( 4)=   0.000     xu( 4)=   1.000    
                              xl( 5)=   0.000     xu( 5)=   1.000    
                              xl( 6)=   0.000     xu( 6)=   1.000    
                              xl( 7)=   0.000     xu( 7)=   1.000    
                              xl( 8)=   0.000     xu( 8)=   1.000    
                              xl( 9)=   0.000     xu( 9)=   1.000    
                              xl(10)=   0.000     xu(10)=   1.000    

************* Integration by Vegas (iteration   1) **************
*                                                               *
*  integral  =  49.573846       accum. integral =  49.573846    *
*  std. dev. = 0.70859222E-01   accum. std. dev = 0.70859222E-01*
*   max. wt. =   0.101782E-01                                   *
*                                                               *
**************   chi**2/iteration =  0.000       ****************

 Writing out intermediate results for iteration           1

************* Integration by Vegas (iteration   2) **************
*                                                               *
*  integral  =  49.541889       accum. integral =  49.558542    *
*  std. dev. = 0.73913095E-01   accum. std. dev = 0.51150589E-01*
*   max. wt. =   0.201507E-01                                   *
*                                                               *
**************   chi**2/iteration = 0.9644E-01   ****************

 Writing out intermediate results for iteration           2

************* Integration by Vegas (iteration   3) **************
*                                                               *
*  integral  =  49.520741       accum. integral =  49.546267    *
*  std. dev. = 0.73762578E-01   accum. std. dev = 0.42033150E-01*
*   max. wt. =   0.201507E-01                                   *
*                                                               *
**************   chi**2/iteration = 0.1367       ****************

 Writing out intermediate results for iteration           3

************* Integration by Vegas (iteration   4) **************
*                                                               *
*  integral  =  49.481306       accum. integral =  49.529580    *
*  std. dev. = 0.71492392E-01   accum. std. dev = 0.36234505E-01*
*   max. wt. =   0.201507E-01                                   *
*                                                               *
**************   chi**2/iteration = 0.2951       ****************

 Writing out intermediate results for iteration           4

************* Integration by Vegas (iteration   5) **************
*                                                               *
*  integral  =  49.525307       accum. integral =  49.528686    *
*  std. dev. = 0.70461957E-01   accum. std. dev = 0.32223475E-01*
*   max. wt. =   0.201507E-01                                   *
*                                                               *
**************   chi**2/iteration = 0.2222       ****************

 Writing out intermediate results for iteration           5

************* Integration by Vegas (iteration   6) **************
*                                                               *
*  integral  =  49.412325       accum. integral =  49.508391    *
*  std. dev. = 0.70106996E-01   accum. std. dev = 0.29278800E-01*
*   max. wt. =   0.201507E-01                                   *
*                                                               *
**************   chi**2/iteration = 0.6318       ****************

 Writing out intermediate results for iteration           6

************* Integration by Vegas (iteration   7) **************
*                                                               *
*  integral  =  49.501685       accum. integral =  49.507402    *
*  std. dev. = 0.70385287E-01   accum. std. dev = 0.27033180E-01*
*   max. wt. =   0.201507E-01                                   *
*                                                               *
**************   chi**2/iteration = 0.5280       ****************

 Writing out intermediate results for iteration           7

************* Integration by Vegas (iteration   8) **************
*                                                               *
*  integral  =  49.414003       accum. integral =  49.495702    *
*  std. dev. = 0.71436127E-01   accum. std. dev = 0.25283376E-01*
*   max. wt. =   0.201507E-01                                   *
*                                                               *
**************   chi**2/iteration = 0.6660       ****************

 Writing out intermediate results for iteration           8

************* Integration by Vegas (iteration   9) **************
*                                                               *
*  integral  =  49.551129       accum. integral =  49.501387    *
*  std. dev. = 0.74787312E-01   accum. std. dev = 0.23951661E-01*
*   max. wt. =   0.201507E-01                                   *
*                                                               *
**************   chi**2/iteration = 0.6444       ****************

 Writing out intermediate results for iteration           9

************* Integration by Vegas (iteration  10) **************
*                                                               *
*  integral  =  49.457831       accum. integral =  49.497235    *
*  std. dev. = 0.73782002E-01   accum. std. dev = 0.22781339E-01*
*   max. wt. =   0.201507E-01                                   *
*                                                               *
**************   chi**2/iteration = 0.6079       ****************

 Writing out intermediate results for iteration          10

************* Integration by Vegas (iteration  11) **************
*                                                               *
*  integral  =  49.533656       accum. integral =  49.500441    *
*  std. dev. = 0.73323209E-01   accum. std. dev = 0.21755467E-01*
*   max. wt. =   0.201507E-01                                   *
*                                                               *
**************   chi**2/iteration = 0.5696       ****************

 Writing out intermediate results for iteration          11

************* Integration by Vegas (iteration  12) **************
*                                                               *
*  integral  =  49.611051       accum. integral =  49.509170    *
*  std. dev. = 0.74324401E-01   accum. std. dev = 0.20879385E-01*
*   max. wt. =   0.201507E-01                                   *
*                                                               *
**************   chi**2/iteration = 0.7032       ****************

 Writing out intermediate results for iteration          12

************* Integration by Vegas (iteration  13) **************
*                                                               *
*  integral  =  49.438823       accum. integral =  49.503832    *
*  std. dev. = 0.72863181E-01   accum. std. dev = 0.20071560E-01*
*   max. wt. =   0.201507E-01                                   *
*                                                               *
**************   chi**2/iteration = 0.7163       ****************

 Writing out intermediate results for iteration          13

************* Integration by Vegas (iteration  14) **************
*                                                               *
*  integral  =  49.567327       accum. integral =  49.508383    *
*  std. dev. = 0.72232203E-01   accum. std. dev = 0.19338820E-01*
*   max. wt. =   0.201507E-01                                   *
*                                                               *
**************   chi**2/iteration = 0.7164       ****************

 Writing out intermediate results for iteration          14

************* Integration by Vegas (iteration  15) **************
*                                                               *
*  integral  =  49.572504       accum. integral =  49.512609    *
*  std. dev. = 0.72811957E-01   accum. std. dev = 0.18690800E-01*
*   max. wt. =   0.201507E-01                                   *
*                                                               *
**************   chi**2/iteration = 0.7170       ****************

 Writing out intermediate results for iteration          15

************* Integration by Vegas (iteration  16) **************
*                                                               *
*  integral  =  49.430249       accum. integral =  49.507430    *
*  std. dev. = 0.72159309E-01   accum. std. dev = 0.18093682E-01*
*   max. wt. =   0.201507E-01                                   *
*                                                               *
**************   chi**2/iteration = 0.7505       ****************

 Writing out intermediate results for iteration          16

************* Integration by Vegas (iteration  17) **************
*                                                               *
*  integral  =  49.432681       accum. integral =  49.503046    *
*  std. dev. = 0.72482745E-01   accum. std. dev = 0.17554987E-01*
*   max. wt. =   0.201507E-01                                   *
*                                                               *
**************   chi**2/iteration = 0.7662       ****************

 Writing out intermediate results for iteration          17

************* Integration by Vegas (iteration  18) **************
*                                                               *
*  integral  =  49.492207       accum. integral =  49.502454    *
*  std. dev. = 0.73063292E-01   accum. std. dev = 0.17069197E-01*
*   max. wt. =   0.201507E-01                                   *
*                                                               *
**************   chi**2/iteration = 0.7224       ****************

 Writing out intermediate results for iteration          18

************* Integration by Vegas (iteration  19) **************
*                                                               *
*  integral  =  49.511909       accum. integral =  49.502939    *
*  std. dev. = 0.73398121E-01   accum. std. dev = 0.16625541E-01*
*   max. wt. =   0.201507E-01                                   *
*                                                               *
**************   chi**2/iteration = 0.6831       ****************

 Writing out intermediate results for iteration          19

************* Integration by Vegas (iteration  20) **************
*                                                               *
*  integral  =  49.356491       accum. integral =  49.495986    *
*  std. dev. = 0.74468663E-01   accum. std. dev = 0.16226080E-01*
*   max. wt. =   0.201507E-01                                   *
*                                                               *
**************   chi**2/iteration = 0.8410       ****************

 Writing out intermediate results for iteration          20

************* Integration by Vegas (iteration  21) **************
*                                                               *
*  integral  =  49.439449       accum. integral =  49.493510    *
*  std. dev. = 0.75807018E-01   accum. std. dev = 0.15866684E-01*
*   max. wt. =   0.201507E-01                                   *
*                                                               *
**************   chi**2/iteration = 0.8255       ****************

 Writing out intermediate results for iteration          21

************* Integration by Vegas (iteration  22) **************
*                                                               *
*  integral  =  49.386729       accum. integral =  49.489117    *
*  std. dev. = 0.76607407E-01   accum. std. dev = 0.15536936E-01*
*   max. wt. =   0.201507E-01                                   *
*                                                               *
**************   chi**2/iteration = 0.8749       ****************

 Writing out intermediate results for iteration          22

************* Integration by Vegas (iteration  23) **************
*                                                               *
*  integral  =  49.589421       accum. integral =  49.493049    *
*  std. dev. = 0.76918663E-01   accum. std. dev = 0.15229358E-01*
*   max. wt. =   0.201507E-01                                   *
*                                                               *
**************   chi**2/iteration = 0.9094       ****************

 Writing out intermediate results for iteration          23

************* Integration by Vegas (iteration  24) **************
*                                                               *
*  integral  =  49.574620       accum. integral =  49.496369    *
*  std. dev. = 0.73935510E-01   accum. std. dev = 0.14916209E-01*
*   max. wt. =   0.201507E-01                                   *
*                                                               *
**************   chi**2/iteration = 0.9206       ****************

 Writing out intermediate results for iteration          24

************* Integration by Vegas (iteration  25) **************
*                                                               *
*  integral  =  49.502508       accum. integral =  49.496598    *
*  std. dev. = 0.75788166E-01   accum. std. dev = 0.14635443E-01*
*   max. wt. =   0.201507E-01                                   *
*                                                               *
**************   chi**2/iteration = 0.8825       ****************

 Writing out intermediate results for iteration          25

************* Integration by Vegas (iteration  26) **************
*                                                               *
*  integral  =  49.497628       accum. integral =  49.496635    *
*  std. dev. = 0.76141819E-01   accum. std. dev = 0.14372352E-01*
*   max. wt. =   0.201507E-01                                   *
*                                                               *
**************   chi**2/iteration = 0.8473       ****************

 Writing out intermediate results for iteration          26

************* Integration by Vegas (iteration  27) **************
*                                                               *
*  integral  =  49.317413       accum. integral =  49.490082    *
*  std. dev. = 0.73777199E-01   accum. std. dev = 0.14107162E-01*
*   max. wt. =   0.201507E-01                                   *
*                                                               *
**************   chi**2/iteration =  1.033       ****************

 Writing out intermediate results for iteration          27

************* Integration by Vegas (iteration  28) **************
*                                                               *
*  integral  =  49.438143       accum. integral =  49.488332    *
*  std. dev. = 0.75553872E-01   accum. std. dev = 0.13867501E-01*
*   max. wt. =   0.201507E-01                                   *
*                                                               *
**************   chi**2/iteration =  1.012       ****************

 Writing out intermediate results for iteration          28

************* Integration by Vegas (iteration  29) **************
*                                                               *
*  integral  =  49.544063       accum. integral =  49.490086    *
*  std. dev. = 0.76929829E-01   accum. std. dev = 0.13647540E-01*
*   max. wt. =   0.201507E-01                                   *
*                                                               *
**************   chi**2/iteration = 0.9939       ****************

 Writing out intermediate results for iteration          29

************* Integration by Vegas (iteration  30) **************
*                                                               *
*  integral  =  49.492471       accum. integral =  49.490160    *
*  std. dev. = 0.76532005E-01   accum. std. dev = 0.13435588E-01*
*   max. wt. =   0.201507E-01                                   *
*                                                               *
**************   chi**2/iteration = 0.9597       ****************

 Writing out intermediate results for iteration          30

************* Integration by Vegas (iteration  31) **************
*                                                               *
*  integral  =  49.495281       accum. integral =  49.490314    *
*  std. dev. = 0.76178196E-01   accum. std. dev = 0.13231373E-01*
*   max. wt. =   0.201507E-01                                   *
*                                                               *
**************   chi**2/iteration = 0.9279       ****************

 Writing out intermediate results for iteration          31

************* Integration by Vegas (iteration  32) **************
*                                                               *
*  integral  =  49.572800       accum. integral =  49.492710    *
*  std. dev. = 0.76499490E-01   accum. std. dev = 0.13037795E-01*
*   max. wt. =   0.201507E-01                                   *
*                                                               *
**************   chi**2/iteration = 0.9344       ****************

 Writing out intermediate results for iteration          32

************* Integration by Vegas (iteration  33) **************
*                                                               *
*  integral  =  49.453133       accum. integral =  49.491623    *
*  std. dev. = 0.77571547E-01   accum. std. dev = 0.12857455E-01*
*   max. wt. =   0.201507E-01                                   *
*                                                               *
**************   chi**2/iteration = 0.9131       ****************

 Writing out intermediate results for iteration          33

************* Integration by Vegas (iteration  34) **************
*                                                               *
*  integral  =  49.391685       accum. integral =  49.488860    *
*  std. dev. = 0.76247291E-01   accum. std. dev = 0.12678459E-01*
*   max. wt. =   0.201507E-01                                   *
*                                                               *
**************   chi**2/iteration = 0.9360       ****************

 Writing out intermediate results for iteration          34

************* Integration by Vegas (iteration  35) **************
*                                                               *
*  integral  =  49.444482       accum. integral =  49.487668    *
*  std. dev. = 0.76309800E-01   accum. std. dev = 0.12507012E-01*
*   max. wt. =   0.201507E-01                                   *
*                                                               *
**************   chi**2/iteration = 0.9182       ****************

 Writing out intermediate results for iteration          35

************* Integration by Vegas (iteration  36) **************
*                                                               *
*  integral  =  49.447719       accum. integral =  49.486655    *
*  std. dev. = 0.77548202E-01   accum. std. dev = 0.12347456E-01*
*   max. wt. =   0.201507E-01                                   *
*                                                               *
**************   chi**2/iteration = 0.8993       ****************

 Writing out intermediate results for iteration          36

************* Integration by Vegas (iteration  37) **************
*                                                               *
*  integral  =  49.675132       accum. integral =  49.491225    *
*  std. dev. = 0.78329864E-01   accum. std. dev = 0.12196849E-01*
*   max. wt. =   0.201507E-01                                   *
*                                                               *
**************   chi**2/iteration =  1.031       ****************

 Writing out intermediate results for iteration          37

************* Integration by Vegas (iteration  38) **************
*                                                               *
*  integral  =  49.538294       accum. integral =  49.492336    *
*  std. dev. = 0.78437263E-01   accum. std. dev = 0.12052012E-01*
*   max. wt. =   0.201507E-01                                   *
*                                                               *
**************   chi**2/iteration =  1.013       ****************

 Writing out intermediate results for iteration          38

************* Integration by Vegas (iteration  39) **************
*                                                               *
*  integral  =  49.572081       accum. integral =  49.494122    *
*  std. dev. = 0.79627786E-01   accum. std. dev = 0.11916295E-01*
*   max. wt. =   0.201507E-01                                   *
*                                                               *
**************   chi**2/iteration =  1.012       ****************

 Writing out intermediate results for iteration          39

************* Integration by Vegas (iteration  40) **************
*                                                               *
*  integral  =  49.487207       accum. integral =  49.493967    *
*  std. dev. = 0.78748902E-01   accum. std. dev = 0.11782166E-01*
*   max. wt. =   0.201507E-01                                   *
*                                                               *
**************   chi**2/iteration = 0.9863       ****************

 Writing out intermediate results for iteration          40

************* Integration by Vegas (iteration  41) **************
*                                                               *
*  integral  =  49.497749       accum. integral =  49.494052    *
*  std. dev. = 0.77686444E-01   accum. std. dev = 0.11648955E-01*
*   max. wt. =   0.201507E-01                                   *
*                                                               *
**************   chi**2/iteration = 0.9617       ****************

 Writing out intermediate results for iteration          41

************* Integration by Vegas (iteration  42) **************
*                                                               *
*  integral  =  49.568030       accum. integral =  49.495396    *
*  std. dev. = 0.85636232E-01   accum. std. dev = 0.11542653E-01*
*   max. wt. =   0.348201E-01                                   *
*                                                               *
**************   chi**2/iteration = 0.9561       ****************

 Writing out intermediate results for iteration          42

************* Integration by Vegas (iteration  43) **************
*                                                               *
*  integral  =  49.446307       accum. integral =  49.494459    *
*  std. dev. = 0.82752247E-01   accum. std. dev = 0.11431979E-01*
*   max. wt. =   0.348201E-01                                   *
*                                                               *
**************   chi**2/iteration = 0.9416       ****************

 Writing out intermediate results for iteration          43

************* Integration by Vegas (iteration  44) **************
*                                                               *
*  integral  =  49.511333       accum. integral =  49.494784    *
*  std. dev. = 0.81579447E-01   accum. std. dev = 0.11321359E-01*
*   max. wt. =   0.348201E-01                                   *
*                                                               *
**************   chi**2/iteration = 0.9206       ****************

 Writing out intermediate results for iteration          44

************* Integration by Vegas (iteration  45) **************
*                                                               *
*  integral  =  49.515095       accum. integral =  49.495195    *
*  std. dev. = 0.78808063E-01   accum. std. dev = 0.11206315E-01*
*   max. wt. =   0.348201E-01                                   *
*                                                               *
**************   chi**2/iteration = 0.9012       ****************

 Writing out intermediate results for iteration          45

************* Integration by Vegas (iteration  46) **************
*                                                               *
*  integral  =  49.565828       accum. integral =  49.496613    *
*  std. dev. = 0.78292104E-01   accum. std. dev = 0.11093254E-01*
*   max. wt. =   0.348201E-01                                   *
*                                                               *
**************   chi**2/iteration = 0.8989       ****************

 Writing out intermediate results for iteration          46

************* Integration by Vegas (iteration  47) **************
*                                                               *
*  integral  =  49.579785       accum. integral =  49.498244    *
*  std. dev. = 0.78446365E-01   accum. std. dev = 0.10983973E-01*
*   max. wt. =   0.348201E-01                                   *
*                                                               *
**************   chi**2/iteration = 0.9033       ****************

 Writing out intermediate results for iteration          47

************* Integration by Vegas (iteration  48) **************
*                                                               *
*  integral  =  49.501512       accum. integral =  49.498306    *
*  std. dev. = 0.78416873E-01   accum. std. dev = 0.10877780E-01*
*   max. wt. =   0.348201E-01                                   *
*                                                               *
**************   chi**2/iteration = 0.8841       ****************

 Writing out intermediate results for iteration          48

************* Integration by Vegas (iteration  49) **************
*                                                               *
*  integral  =  49.589261       accum. integral =  49.499536    *
*  std. dev. = 0.92929986E-01   accum. std. dev = 0.10804016E-01*
*   max. wt. =   0.510942E-01                                   *
*                                                               *
**************   chi**2/iteration = 0.8854       ****************

 Writing out intermediate results for iteration          49

************* Integration by Vegas (iteration  50) **************
*                                                               *
*  integral  =  49.498410       accum. integral =  49.499520    *
*  std. dev. = 0.91282741E-01   accum. std. dev = 0.10729128E-01*
*   max. wt. =   0.510942E-01                                   *
*                                                               *
**************   chi**2/iteration = 0.8673       ****************


Value of final lord integral is       49.4995 +/-     0.0107 fb

 Total number of shots       :     47239200
 Total no. failing cuts      :     18434718
 Number failing jet cuts     :            0
 Number failing process cuts :            0

   Jet efficiency : 100.00%
   Cut efficiency : 100.00%
 Total efficiency : 100.00%

 Contribution from parton sub-processes:
 ---------------------------------------
       GG     |          49.49952  100.00%
       GQ     |           0.00000    0.00%
       GQB    |           0.00000    0.00%
       QG     |           0.00000    0.00%
       QBG    |           0.00000    0.00%
       QQ     |           0.00000    0.00%
       QBQB   |           0.00000    0.00%
       QQB    |           0.00000    0.00%
       QBQ    |           0.00000    0.00%
 ---------------------------------------

 ****************************************************
 output files  E_var/E_100/CTEQ/HTOP/ggZZ4l_lord_cteq6_l_0___0___126_131_run_100
 ****************************************************
