 ************** MCFM - version 6.8 ****************
 *                                                *
 * MCFM, v6.8                   April 26th, 2014  *
 *                                                *
 * Authors: John Campbell, Keith Ellis,           *
 *          Ciaran Williams                       *
 *         (johnmc@fnal.gov, ellis@fnal.gov,      *
 *          ciaran@fnal.gov)                      *
 *                                                *
 * For details see:                               *
 *                                                *
 *  arXiv:1403.2641 (Triphoton production)        *
 *  arXiv:1312.1628 (gg->WW, Higgs interference)  *
 *  arXiv:1311.3589 (gg->ZZ, Higgs interference)  *
 *  Phys.Rev.D87:114006, arXiv:1302.3856          *
 *  (tZ, tH -- with R. Rontsch)                   *
 *  arXiv:1211.6390 (DM, P. Fox and C. Williams)  *
 *  JHEP 1211:162 (2012), arXiv:1208.0566         *
 *  (Z+gam+jet,Z+gam+gam -- with H. Hartanto)     *
 *  arXiv:1204.1513 (top production+decay)        *
 *  JHEP 1207:052 (2012), arXiv:1204.5678 (ttW)   *
 *  JHEP 1110:005 (2011), arXiv:1107.5569         *
 *         (gg->WW,Higgs intference)              *
 *  JHEP 1107:018 (2011), arXiv:1105.0020         *
 *         (diboson update)                       *
 *  JHEP 1103:027 (2011), arXiv:1011.6647         *
 *         (Wbb for mb>0, with S. Badger)         *
 *  Phys.Rev.D81:074023, arXiv:1001.4495 (H+2jet) *
 *                                                *
 *  P.R.L. 102:142001, arXiv:0903.0005 [hep-ph]   *
 *    (t-channel single top + explicit b,         *
 *      JC, R.Frederix, F.Maltoni, F.Tramontano)  *
 *  N.P.B 726:109(2005), hep-ph/0506289 (W+t)     *
 *  Phys.Rev.D70:094012, hep-ph/0408158 (Sngl Top)*
 *       (with Francesco Tramontano)              *
 *                                                *
 *  Phys.Rev.D65:113007, hep-ph/0202176 (W,Z+2j)  *
 *  Phys.Rev.D62:114012, hep-ph/0006304 (W,Z+bb)  *
 *  Phys.Rev.D60:113006, hep-ph/9905386 (diboson) *
 *                                                *
 * On the web:  http://mcfm.fnal.gov/             *
 **************************************************

 * Using input file named cluster_CMS_m4l/MSTWm44/TOP/input_129_14.DAT                            

 * [Flags to specify the mode in which MCFM is run]                                          
 *                   -1            [nevtrequested] 
 *                    F            [creatent] 
 *                    F            [skipnt] 
 *                    F            [dswhisto] 
 *                    F            [creategrid] 
 *                    T            [writetop] 
 *                    T            [writedat] 
 *                    T            [writegnu] 
 *                    T            [writeroot] 
 *                    F            [writepwg] 

 * [General options to specify the process and execution]                                    
 *                  129            [nproc] 
 *                 lord            [part] 
 * 129_run_14                      [runstring] 
 *           14000.0000            [sqrts] 
 *                    1            [ih1] 
 *                    1            [ih2] 
 *             126.0000            [hmass] 
 *               0.2500            [scale] 
 *               0.2500            [facscale] 
 * m(3456)                         [dynamicscale] 
 *                    F            [zerowidth] 
 *                    F            [removebr] 
 *                   20            [itmx1] 
 *              1000000            [ncall1] 
 *                   50            [itmx2] 
 *              1000000            [ncall2] 
 *                 2020            [ij] 
 *                    F            [dryrun] 
 *                    T            [Qflag] 
 *                    T            [Gflag] 

 * [Heavy quark masses]                                                                      
 *             173.2000            [top mass] 
 *               4.7500            [bottom mass] 
 *               1.5000            [charm mass] 

 * [Pdf selection]                                                                           
 *              mstw8lo            [pdlabel] 
 *                    4            [NGROUP] 
 *                   46            [NSET] 
 * cteq6mE.LHgrid                  [LHAPDF group] 
 *                   -1            [LHAPDF set] 

 * [Jet definition and event cuts]                                                           
 *               0.0000            [m34min] 
 *           14000.0000            [m34max] 
 *               0.0000            [m56min] 
 *           14000.0000            [m56max] 
 *                    T            [inclusive] 
 *                 ankt            [algorithm] 
 *              15.0000            [ptjetmin] 
 *               0.0000            [etajetmin] 
 *               5.0000            [etajetmax] 
 *               0.5000            [Rcut] 
 *                    T            [makecuts] 
 *               0.0000            [leptpt] 
 *              99.0000            [leptrap] 
 *    0.000,   0.000                [leptveto] 
 *               0.0000            [misspt] 
 *               0.0000            [leptpt2] 
 *              99.0000            [leptrap2] 
 *    0.000,   0.000                [leptveto2] 
 *               0.0000            [mtrans34cut] 
 *               0.0000            [Rjlmin] 
 *               0.0000            [Rllmin] 
 *               0.0000            [delyjjmin] 
 *                    F            [jetsopphem] 
 *                    0            [lbjscheme] 
 *               0.0000            [ptbjetmin] 
 *              99.0000            [etabjetmax] 

 * [Settings for photon processes]                                                           
 *                    F            [frag] 
 *             GdRG__LO            [fragset] 
 *              80.0000            [frag_scale] 
 *              20.0000            [gammpt] 
 *               2.5000            [gammrap] 
 *              20.0000            [gammpt2] 
 *              20.0000            [gammpt3] 
 *               0.0000            [Rgalmin] 
 *               0.4000            [Rgagamin] 
 *               0.4000            [Rgajetmin] 
 *               0.4000            [cone_ang] 
 *               0.5000            [epsilon_h] 

 * [Anomalous couplings of the W and Z]                                                      
 *               0.0000            [delg1_z] 
 *               0.0000            [delk_z] 
 *               0.0000            [delk_g] 
 *               0.0000            [lambda_z] 
 *               0.0000            [lambda_g] 
 *               0.0000            [h1Z] 
 *               0.0000            [h1gam] 
 *               0.0000            [h2Z] 
 *               0.0000            [h2gam] 
 *               0.0000            [h3Z] 
 *               0.0000            [h3gam] 
 *               0.0000            [h4Z] 
 *               0.0000            [h4gam] 
 *               2.0000            [tevscale] 

 * [Anomalous width of the Higgs]                                                            
 *               1.0000            [Gamma_H/Gamma_H(SM)] 

 * [How to resume/save a run]                                                                
 *                    F            [readin] 
 *                    F            [writeout] 
 *                                 [ingridfile] 
 *                                 [outgridfile] 

 * [Technical parameters that should not normally be changed]

 *                    F            [debug] 
 *                    T            [verbose] 
 *                    F            [new_pspace] 
 *                    F            [virtonly] 
 *                    F            [realonly] 
 *                    T            [spira] 
 *                    F            [noglue] 
 *                    F            [ggonly] 
 *                    F            [gqonly] 
 *                    F            [omitgg] 
 *                    F            [vanillafiles] 
 *                    1            [nmin] 
 *                    2            [nmax] 
 *                    T            [clustering] 
 *                    F            [realwt] 
 *                    0            [colourchoice] 
 *               0.0100            [rtsmin] 
 *               0.0001            [cutoff] 
 *               0.1000            [aii] 
 *               0.1000            [aif] 
 *               0.1000            [afi] 
 *               1.0000            [aff] 
 *               1.0000            [bfi] 
 *               1.0000            [bff] 

 Chooser:process chosen by nproc=         129

 *************************** f(p1)+f(p2) --> ******************************************
 * H(--> Z^0(e^-(p3)+e^+(p4)) + Z^0(mu^-(p5)+mu^+(p6)) [only H, gg->ZZ intf.]         *
 **************************************************************************************

 ************** Electroweak parameters **************
 *                                                  *
 *  zmass(+)   91.1876000     wmass(+)  80.3980000  *
 * zwidth(+)    2.4952000    wwidth(+)   2.1054000  *
 *     Gf(+) 0.116639D-04   1/aemmz    132.3384323  *
 *     xw       0.2226459      mtop(+) 173.2000000  *
 *   gwsq       0.4264904       esq      0.0949563  *
 * top width    1.4743080 (LO)                      *
 *    mb        4.7500000        mc      1.5000000  *
 *                                                  *
 * Parameters marked (+) are input, others derived  *
 ****************************************************

 ****************** Higgs parameters ****************
 *                                                  *
 *   mass(H) =  126.00      width(H) =  0.43070E-02 *
 *                                                  *
 *              Br( H -> b bbar)  =   0.48164       *
 *              Br( H -> tau tau) =   0.06056       *
 *              Br( H -> W W)     =   0.00000       *
 *              Br( H -> Z Z)     =   0.00000       *
 *              Br( H -> gam gam) =   0.00235       *
 *              Br( H -> Z gam)   =   0.00164       *
 ****************************************************
 *                                                  *
 * Note: branching ratios reported here can be > 1  *
 *       since the total Higgs width is calculated  *
 *       at NLO but the BR calculation uses a       *
 *       partial width at LO only.                  *
 *                                                  *
 ****************************************************

 WARNING: Higgs decay H->ZZ is below threshold and
 may not yield sensible results - check the number
 of integration points

 ***************** CKM mixing matrix ****************
 *                                                  *
 *      Vud=.97500    Vus=.22200    Vub=0.0000      *
 *      Vcd=.22200    Vcs=.97500    Vcb=0.0000      *
 ****************************************************

 ************* Strong coupling, alpha_s  ************
 *                                                  *
 *  Dynamic scale - alpha_s changed event-by-event  *
 *       alpha_s (zmass)  0.13939000                *
 *         (using 1-loop running of alpha_s)        *
 ****************************************************

 ****************************************
 *     Cross section in femtobarns      *
 ****************************************


 input parameters for vegas:  ndim= 10  ncall= 944784.
                              it=    0  itmx=   20
                              nprn=  0  alph= 1.50
                              mds=  1   nd= 100
                              xl( 1)=   0.000     xu( 1)=   1.000    
                              xl( 2)=   0.000     xu( 2)=   1.000    
                              xl( 3)=   0.000     xu( 3)=   1.000    
                              xl( 4)=   0.000     xu( 4)=   1.000    
                              xl( 5)=   0.000     xu( 5)=   1.000    
                              xl( 6)=   0.000     xu( 6)=   1.000    
                              xl( 7)=   0.000     xu( 7)=   1.000    
                              xl( 8)=   0.000     xu( 8)=   1.000    
                              xl( 9)=   0.000     xu( 9)=   1.000    
                              xl(10)=   0.000     xu(10)=   1.000    

 ****************** Basic mass cuts *****************
 *                                                  *
 *              0.00  <   m34  <  14000.00           *
 *              0.00  <   m56  <  14000.00           *
 ****************************************************
 *********** CMS Higgs Search cuts******
 *                                     *
 *     pt(mu) >           5.00 GeV     *
 *     pt(el) >           7.00 GeV     *
 *     |eta_mu| <         2.40         *
 *     |eta_el| <         2.50         *
 *     m4lmin >         100.00 GeV     *
 *     m2lmin >           4.00 GeV     *
 *     ptleading >       20.00 GeV     *
 *     ptnexttoleading > 10.00 GeV     *
 *     mllnear >         40.00 GeV     *
 *     mllfar >          12.00 GeV     *
 *     mllmax >         120.00 GeV     *
 ***************************************

 ************** Dynamic scale choice ****************
 *                                                  *
 *                 RENORMALIZATION                  *
 *       mu_ren  =  0.25 x m(3456)                  *
 *                                                  *
 *                  FACTORIZATION                   *
 *       mu_fac  =  0.25 x m(3456)                  *
 *                                                  *
 ****************************************************
 ====================================================
   This is QCDLoop - version 1.95                    
   Authors: Keith Ellis and Giulia Zanderighi        
   (ellis@fnal.gov, g.zanderighi1@physics.ox.ac.uk)  
   For details see FERMILAB-PUB-07-633-T,OUTP-07/16P 
   arXiv:0712.1851 [hep-ph], published in            
   JHEP 0802:002,2008.                               
 ====================================================
 ====================================================
   FF 2.0, a package to evaluate one-loop integrals
 written by G. J. van Oldenborgh, NIKHEF-H, Amsterdam
 ====================================================
 for the algorithms used see preprint NIKHEF-H 89/17,
 'New Algorithms for One-loop Integrals', by G.J. van
 Oldenborgh and J.A.M. Vermaseren, published in 
 Zeitschrift fuer Physik C46(1990)425.
 ====================================================
 ffini: precx =    4.4408920985006262E-016
 ffini: precc =    4.4408920985006262E-016
 ffini: xalogm =    4.9406564584124654E-324
 ffini: xclogm =    4.9406564584124654E-324
 ****************************************************
 *                                                  *
 *  gg->ZZ box loop includes gens. 1 and 2          *
 *  gg->ZZ box loop includes bottom quark           *
 *  gg->ZZ box loop includes top quark              *
 *                                                  *
 *  Numer. stability: pt(Z) > 0.100 GeV (gens. 1,2) *
 *  Numer. stability: pt(Z) > 0.100 GeV (b,t loops) *
 *                                                  *
 ****************************************************
 Reading PDF grid from Pdfdata/mstw2008lo.00.dat

************* Integration by Vegas (iteration   1) **************
*                                                               *
*  integral  = -.32549325       accum. integral = -.32549325    *
*  std. dev. = 0.57913611E-02   accum. std. dev = 0.57913611E-02*
*   max. wt. =   0.413745E-03                                   *
*                                                               *
**************   chi**2/iteration = 0.4547E-10   ****************


************* Integration by Vegas (iteration   2) **************
*                                                               *
*  integral  = -.32383668       accum. integral = -.32387217    *
*  std. dev. = 0.85692241E-03   accum. std. dev = 0.84769303E-03*
*   max. wt. =   0.413745E-03                                   *
*                                                               *
**************   chi**2/iteration = 0.7927E-01   ****************


************* Integration by Vegas (iteration   3) **************
*                                                               *
*  integral  = -.32562234       accum. integral = -.32513343    *
*  std. dev. = 0.52777691E-03   accum. std. dev = 0.44803576E-03*
*   max. wt. =   0.413745E-03                                   *
*                                                               *
**************   chi**2/iteration =  1.568       ****************


************* Integration by Vegas (iteration   4) **************
*                                                               *
*  integral  = -.32521565       accum. integral = -.32517447    *
*  std. dev. = 0.44881858E-03   accum. std. dev = 0.31708553E-03*
*   max. wt. =   0.413745E-03                                   *
*                                                               *
**************   chi**2/iteration =  1.053       ****************


************* Integration by Vegas (iteration   5) **************
*                                                               *
*  integral  = -.32505794       accum. integral = -.32512832    *
*  std. dev. = 0.39160334E-03   accum. std. dev = 0.24643054E-03*
*   max. wt. =   0.413745E-03                                   *
*                                                               *
**************   chi**2/iteration = 0.8036       ****************


************* Integration by Vegas (iteration   6) **************
*                                                               *
*  integral  = -.32528068       accum. integral = -.32517212    *
*  std. dev. = 0.38796490E-03   accum. std. dev = 0.20801468E-03*
*   max. wt. =   0.413745E-03                                   *
*                                                               *
**************   chi**2/iteration = 0.6651       ****************


************* Integration by Vegas (iteration   7) **************
*                                                               *
*  integral  = -.32542362       accum. integral = -.32523331    *
*  std. dev. = 0.36684004E-03   accum. std. dev = 0.18094804E-03*
*   max. wt. =   0.413745E-03                                   *
*                                                               *
**************   chi**2/iteration = 0.6136       ****************


************* Integration by Vegas (iteration   8) **************
*                                                               *
*  integral  = -.32562913       accum. integral = -.32530741    *
*  std. dev. = 0.37704713E-03   accum. std. dev = 0.16313467E-03*
*   max. wt. =   0.413745E-03                                   *
*                                                               *
**************   chi**2/iteration = 0.6539       ****************


************* Integration by Vegas (iteration   9) **************
*                                                               *
*  integral  = -.32518629       accum. integral = -.32528826    *
*  std. dev. = 0.37645810E-03   accum. std. dev = 0.14968472E-03*
*   max. wt. =   0.413745E-03                                   *
*                                                               *
**************   chi**2/iteration = 0.5831       ****************


************* Integration by Vegas (iteration  10) **************
*                                                               *
*  integral  = -.32480519       accum. integral = -.32522147    *
*  std. dev. = 0.37368561E-03   accum. std. dev = 0.13895177E-03*
*   max. wt. =   0.413745E-03                                   *
*                                                               *
**************   chi**2/iteration = 0.6782       ****************


************* Integration by Vegas (iteration  11) **************
*                                                               *
*  integral  = -.32531013       accum. integral = -.32523276    *
*  std. dev. = 0.36377529E-03   accum. std. dev = 0.12980467E-03*
*   max. wt. =   0.413745E-03                                   *
*                                                               *
**************   chi**2/iteration = 0.6156       ****************


************* Integration by Vegas (iteration  12) **************
*                                                               *
*  integral  = -.32498223       accum. integral = -.32520404    *
*  std. dev. = 0.36072679E-03   accum. std. dev = 0.12213773E-03*
*   max. wt. =   0.413745E-03                                   *
*                                                               *
**************   chi**2/iteration = 0.5985       ****************


************* Integration by Vegas (iteration  13) **************
*                                                               *
*  integral  = -.32457142       accum. integral = -.32514390    *
*  std. dev. = 0.37683860E-03   accum. std. dev = 0.11618745E-03*
*   max. wt. =   0.413745E-03                                   *
*                                                               *
**************   chi**2/iteration = 0.7610       ****************


************* Integration by Vegas (iteration  14) **************
*                                                               *
*  integral  = -.32435949       accum. integral = -.32507742    *
*  std. dev. = 0.38180707E-03   accum. std. dev = 0.11115469E-03*
*   max. wt. =   0.413745E-03                                   *
*                                                               *
**************   chi**2/iteration = 0.9995       ****************


************* Integration by Vegas (iteration  15) **************
*                                                               *
*  integral  = -.32517954       accum. integral = -.32508547    *
*  std. dev. = 0.37983390E-03   accum. std. dev = 0.10668054E-03*
*   max. wt. =   0.413745E-03                                   *
*                                                               *
**************   chi**2/iteration = 0.9329       ****************


************* Integration by Vegas (iteration  16) **************
*                                                               *
*  integral  = -.32491340       accum. integral = -.32507262    *
*  std. dev. = 0.37551277E-03   accum. std. dev = 0.10261973E-03*
*   max. wt. =   0.413745E-03                                   *
*                                                               *
**************   chi**2/iteration = 0.8837       ****************


************* Integration by Vegas (iteration  17) **************
*                                                               *
*  integral  = -.32463298       accum. integral = -.32504208    *
*  std. dev. = 0.37555515E-03   accum. std. dev = 0.98990701E-04*
*   max. wt. =   0.413745E-03                                   *
*                                                               *
**************   chi**2/iteration = 0.9081       ****************


************* Integration by Vegas (iteration  18) **************
*                                                               *
*  integral  = -.32579336       accum. integral = -.32509090    *
*  std. dev. = 0.37548636E-03   accum. std. dev = 0.95720178E-04*
*   max. wt. =   0.413745E-03                                   *
*                                                               *
**************   chi**2/iteration =  1.075       ****************


************* Integration by Vegas (iteration  19) **************
*                                                               *
*  integral  = -.32464679       accum. integral = -.32506370    *
*  std. dev. = 0.37477658E-03   accum. std. dev = 0.92743045E-04*
*   max. wt. =   0.413745E-03                                   *
*                                                               *
**************   chi**2/iteration =  1.088       ****************


************* Integration by Vegas (iteration  20) **************
*                                                               *
*  integral  = -.32625384       accum. integral = -.32513390    *
*  std. dev. = 0.37043610E-03   accum. std. dev = 0.89966306E-04*
*   max. wt. =   0.413745E-03                                   *
*                                                               *
**************   chi**2/iteration =  1.542       ****************


 input parameters for vegas:  ndim= 10  ncall= 944784.
                              it=   21  itmx=   50
                              nprn=  0  alph= 1.50
                              mds=  1   nd= 100
                              xl( 1)=   0.000     xu( 1)=   1.000    
                              xl( 2)=   0.000     xu( 2)=   1.000    
                              xl( 3)=   0.000     xu( 3)=   1.000    
                              xl( 4)=   0.000     xu( 4)=   1.000    
                              xl( 5)=   0.000     xu( 5)=   1.000    
                              xl( 6)=   0.000     xu( 6)=   1.000    
                              xl( 7)=   0.000     xu( 7)=   1.000    
                              xl( 8)=   0.000     xu( 8)=   1.000    
                              xl( 9)=   0.000     xu( 9)=   1.000    
                              xl(10)=   0.000     xu(10)=   1.000    

************* Integration by Vegas (iteration   1) **************
*                                                               *
*  integral  = -.32583468       accum. integral = -.32583468    *
*  std. dev. = 0.38985840E-03   accum. std. dev = 0.38985840E-03*
*   max. wt. =   0.704636E-04                                   *
*                                                               *
**************   chi**2/iteration =  0.000       ****************

 Writing out intermediate results for iteration           1

************* Integration by Vegas (iteration   2) **************
*                                                               *
*  integral  = -.32543520       accum. integral = -.32564731    *
*  std. dev. = 0.41479913E-03   accum. std. dev = 0.28407965E-03*
*   max. wt. =   0.146456E-03                                   *
*                                                               *
**************   chi**2/iteration = 0.4876       ****************

 Writing out intermediate results for iteration           2

************* Integration by Vegas (iteration   3) **************
*                                                               *
*  integral  = -.32527921       accum. integral = -.32552461    *
*  std. dev. = 0.40173781E-03   accum. std. dev = 0.23194786E-03*
*   max. wt. =   0.146456E-03                                   *
*                                                               *
**************   chi**2/iteration = 0.5235       ****************

 Writing out intermediate results for iteration           3

************* Integration by Vegas (iteration   4) **************
*                                                               *
*  integral  = -.32518194       accum. integral = -.32543834    *
*  std. dev. = 0.39987144E-03   accum. std. dev = 0.20063725E-03*
*   max. wt. =   0.146456E-03                                   *
*                                                               *
**************   chi**2/iteration = 0.5321       ****************

 Writing out intermediate results for iteration           4

************* Integration by Vegas (iteration   5) **************
*                                                               *
*  integral  = -.32486705       accum. integral = -.32532107    *
*  std. dev. = 0.39479177E-03   accum. std. dev = 0.17886415E-03*
*   max. wt. =   0.146456E-03                                   *
*                                                               *
**************   chi**2/iteration = 0.8144       ****************

 Writing out intermediate results for iteration           5

************* Integration by Vegas (iteration   6) **************
*                                                               *
*  integral  = -.32508838       accum. integral = -.32527977    *
*  std. dev. = 0.38500890E-03   accum. std. dev = 0.16221368E-03*
*   max. wt. =   0.146456E-03                                   *
*                                                               *
**************   chi**2/iteration = 0.7118       ****************

 Writing out intermediate results for iteration           6

************* Integration by Vegas (iteration   7) **************
*                                                               *
*  integral  = -.32492575       accum. integral = -.32522827    *
*  std. dev. = 0.39318613E-03   accum. std. dev = 0.14995331E-03*
*   max. wt. =   0.146456E-03                                   *
*                                                               *
**************   chi**2/iteration = 0.7087       ****************

 Writing out intermediate results for iteration           7

************* Integration by Vegas (iteration   8) **************
*                                                               *
*  integral  = -.32490071       accum. integral = -.32518567    *
*  std. dev. = 0.38780106E-03   accum. std. dev = 0.13986148E-03*
*   max. wt. =   0.146456E-03                                   *
*                                                               *
**************   chi**2/iteration = 0.6961       ****************

 Writing out intermediate results for iteration           8

************* Integration by Vegas (iteration   9) **************
*                                                               *
*  integral  = -.32538698       accum. integral = -.32520850    *
*  std. dev. = 0.39108526E-03   accum. std. dev = 0.13169333E-03*
*   max. wt. =   0.146456E-03                                   *
*                                                               *
**************   chi**2/iteration = 0.6385       ****************

 Writing out intermediate results for iteration           9

************* Integration by Vegas (iteration  10) **************
*                                                               *
*  integral  = -.32510570       accum. integral = -.32519812    *
*  std. dev. = 0.39303909E-03   accum. std. dev = 0.12487027E-03*
*   max. wt. =   0.146456E-03                                   *
*                                                               *
**************   chi**2/iteration = 0.5745       ****************

 Writing out intermediate results for iteration          10

************* Integration by Vegas (iteration  11) **************
*                                                               *
*  integral  = -.32466134       accum. integral = -.32515277    *
*  std. dev. = 0.41107301E-03   accum. std. dev = 0.11947946E-03*
*   max. wt. =   0.146456E-03                                   *
*                                                               *
**************   chi**2/iteration = 0.6730       ****************

 Writing out intermediate results for iteration          11

************* Integration by Vegas (iteration  12) **************
*                                                               *
*  integral  = -.32502644       accum. integral = -.32514240    *
*  std. dev. = 0.39942542E-03   accum. std. dev = 0.11446799E-03*
*   max. wt. =   0.146456E-03                                   *
*                                                               *
**************   chi**2/iteration = 0.6203       ****************

 Writing out intermediate results for iteration          12

************* Integration by Vegas (iteration  13) **************
*                                                               *
*  integral  = -.32523962       accum. integral = -.32515040    *
*  std. dev. = 0.38226606E-03   accum. std. dev = 0.10965716E-03*
*   max. wt. =   0.146456E-03                                   *
*                                                               *
**************   chi**2/iteration = 0.5736       ****************

 Writing out intermediate results for iteration          13

************* Integration by Vegas (iteration  14) **************
*                                                               *
*  integral  = -.32587945       accum. integral = -.32519871    *
*  std. dev. = 0.41161991E-03   accum. std. dev = 0.10596151E-03*
*   max. wt. =   0.146456E-03                                   *
*                                                               *
**************   chi**2/iteration = 0.7546       ****************

 Writing out intermediate results for iteration          14

************* Integration by Vegas (iteration  15) **************
*                                                               *
*  integral  = -.32527839       accum. integral = -.32520367    *
*  std. dev. = 0.41122388E-03   accum. std. dev = 0.10260982E-03*
*   max. wt. =   0.146456E-03                                   *
*                                                               *
**************   chi**2/iteration = 0.7033       ****************

 Writing out intermediate results for iteration          15

************* Integration by Vegas (iteration  16) **************
*                                                               *
*  integral  = -.32522523       accum. integral = -.32520505    *
*  std. dev. = 0.39328832E-03   accum. std. dev = 0.99286244E-04*
*   max. wt. =   0.146456E-03                                   *
*                                                               *
**************   chi**2/iteration = 0.6566       ****************

 Writing out intermediate results for iteration          16

************* Integration by Vegas (iteration  17) **************
*                                                               *
*  integral  = -.32536775       accum. integral = -.32521131    *
*  std. dev. = 0.49610660E-03   accum. std. dev = 0.97355721E-04*
*   max. wt. =   0.227124E-03                                   *
*                                                               *
**************   chi**2/iteration = 0.6220       ****************

 Writing out intermediate results for iteration          17

************* Integration by Vegas (iteration  18) **************
*                                                               *
*  integral  = -.32481948       accum. integral = -.32519505    *
*  std. dev. = 0.46793374E-03   accum. std. dev = 0.95314648E-04*
*   max. wt. =   0.227124E-03                                   *
*                                                               *
**************   chi**2/iteration = 0.6250       ****************

 Writing out intermediate results for iteration          18

************* Integration by Vegas (iteration  19) **************
*                                                               *
*  integral  = -.32475407       accum. integral = -.32517150    *
*  std. dev. = 0.40121139E-03   accum. std. dev = 0.92733705E-04*
*   max. wt. =   0.227124E-03                                   *
*                                                               *
**************   chi**2/iteration = 0.6538       ****************

 Writing out intermediate results for iteration          19

************* Integration by Vegas (iteration  20) **************
*                                                               *
*  integral  = -.32507965       accum. integral = -.32516676    *
*  std. dev. = 0.39775190E-03   accum. std. dev = 0.90311673E-04*
*   max. wt. =   0.227124E-03                                   *
*                                                               *
**************   chi**2/iteration = 0.6221       ****************

 Writing out intermediate results for iteration          20

************* Integration by Vegas (iteration  21) **************
*                                                               *
*  integral  = -.32463123       accum. integral = -.32513893    *
*  std. dev. = 0.38574435E-03   accum. std. dev = 0.87933836E-04*
*   max. wt. =   0.227124E-03                                   *
*                                                               *
**************   chi**2/iteration = 0.6823       ****************

 Writing out intermediate results for iteration          21

************* Integration by Vegas (iteration  22) **************
*                                                               *
*  integral  = -.32570020       accum. integral = -.32516429    *
*  std. dev. = 0.40423533E-03   accum. std. dev = 0.85924369E-04*
*   max. wt. =   0.227124E-03                                   *
*                                                               *
**************   chi**2/iteration = 0.7374       ****************

 Writing out intermediate results for iteration          22

************* Integration by Vegas (iteration  23) **************
*                                                               *
*  integral  = -.32513737       accum. integral = -.32516310    *
*  std. dev. = 0.39993845E-03   accum. std. dev = 0.84007435E-04*
*   max. wt. =   0.227124E-03                                   *
*                                                               *
**************   chi**2/iteration = 0.7041       ****************

 Writing out intermediate results for iteration          23

************* Integration by Vegas (iteration  24) **************
*                                                               *
*  integral  = -.32550379       accum. integral = -.32517794    *
*  std. dev. = 0.39374211E-03   accum. std. dev = 0.82158281E-04*
*   max. wt. =   0.227124E-03                                   *
*                                                               *
**************   chi**2/iteration = 0.7046       ****************

 Writing out intermediate results for iteration          24

************* Integration by Vegas (iteration  25) **************
*                                                               *
*  integral  = -.32485883       accum. integral = -.32516802    *
*  std. dev. = 0.45872920E-03   accum. std. dev = 0.80871473E-04*
*   max. wt. =   0.227124E-03                                   *
*                                                               *
**************   chi**2/iteration = 0.6948       ****************

 Writing out intermediate results for iteration          25

************* Integration by Vegas (iteration  26) **************
*                                                               *
*  integral  = -.32465453       accum. integral = -.32515138    *
*  std. dev. = 0.44191707E-03   accum. std. dev = 0.79550390E-04*
*   max. wt. =   0.227124E-03                                   *
*                                                               *
**************   chi**2/iteration = 0.7193       ****************

 Writing out intermediate results for iteration          26

************* Integration by Vegas (iteration  27) **************
*                                                               *
*  integral  = -.32513643       accum. integral = -.32515080    *
*  std. dev. = 0.39641780E-03   accum. std. dev = 0.77995463E-04*
*   max. wt. =   0.227124E-03                                   *
*                                                               *
**************   chi**2/iteration = 0.6917       ****************

 Writing out intermediate results for iteration          27

************* Integration by Vegas (iteration  28) **************
*                                                               *
*  integral  = -.32600487       accum. integral = -.32518303    *
*  std. dev. = 0.39382552E-03   accum. std. dev = 0.76509462E-04*
*   max. wt. =   0.227124E-03                                   *
*                                                               *
**************   chi**2/iteration = 0.8336       ****************

 Writing out intermediate results for iteration          28

************* Integration by Vegas (iteration  29) **************
*                                                               *
*  integral  = -.32487023       accum. integral = -.32517154    *
*  std. dev. = 0.39179083E-03   accum. std. dev = 0.75091066E-04*
*   max. wt. =   0.227124E-03                                   *
*                                                               *
**************   chi**2/iteration = 0.8258       ****************

 Writing out intermediate results for iteration          29

************* Integration by Vegas (iteration  30) **************
*                                                               *
*  integral  = -.32467348       accum. integral = -.32515457    *
*  std. dev. = 0.39983416E-03   accum. std. dev = 0.73800833E-04*
*   max. wt. =   0.227124E-03                                   *
*                                                               *
**************   chi**2/iteration = 0.8490       ****************

 Writing out intermediate results for iteration          30

************* Integration by Vegas (iteration  31) **************
*                                                               *
*  integral  = -.32607965       accum. integral = -.32518506    *
*  std. dev. = 0.39976395E-03   accum. std. dev = 0.72574480E-04*
*   max. wt. =   0.227124E-03                                   *
*                                                               *
**************   chi**2/iteration = 0.9932       ****************

 Writing out intermediate results for iteration          31

************* Integration by Vegas (iteration  32) **************
*                                                               *
*  integral  = -.32465695       accum. integral = -.32516902    *
*  std. dev. = 0.41004493E-03   accum. std. dev = 0.71463775E-04*
*   max. wt. =   0.227124E-03                                   *
*                                                               *
**************   chi**2/iteration =  1.013       ****************

 Writing out intermediate results for iteration          32

************* Integration by Vegas (iteration  33) **************
*                                                               *
*  integral  = -.32569475       accum. integral = -.32518517    *
*  std. dev. = 0.40148283E-03   accum. std. dev = 0.70357862E-04*
*   max. wt. =   0.227124E-03                                   *
*                                                               *
**************   chi**2/iteration =  1.033       ****************

 Writing out intermediate results for iteration          33

************* Integration by Vegas (iteration  34) **************
*                                                               *
*  integral  = -.32560287       accum. integral = -.32519456    *
*  std. dev. = 0.46376491E-03   accum. std. dev = 0.69561899E-04*
*   max. wt. =   0.227124E-03                                   *
*                                                               *
**************   chi**2/iteration =  1.026       ****************

 Writing out intermediate results for iteration          34

************* Integration by Vegas (iteration  35) **************
*                                                               *
*  integral  = -.32527840       accum. integral = -.32519659    *
*  std. dev. = 0.44248426E-03   accum. std. dev = 0.68717926E-04*
*   max. wt. =   0.227124E-03                                   *
*                                                               *
**************   chi**2/iteration = 0.9969       ****************

 Writing out intermediate results for iteration          35

************* Integration by Vegas (iteration  36) **************
*                                                               *
*  integral  = -.32459537       accum. integral = -.32518056    *
*  std. dev. = 0.41528786E-03   accum. std. dev = 0.67796048E-04*
*   max. wt. =   0.227124E-03                                   *
*                                                               *
**************   chi**2/iteration =  1.027       ****************

 Writing out intermediate results for iteration          36

************* Integration by Vegas (iteration  37) **************
*                                                               *
*  integral  = -.32588948       accum. integral = -.32519830    *
*  std. dev. = 0.42319447E-03   accum. std. dev = 0.66942475E-04*
*   max. wt. =   0.227124E-03                                   *
*                                                               *
**************   chi**2/iteration =  1.074       ****************

 Writing out intermediate results for iteration          37

************* Integration by Vegas (iteration  38) **************
*                                                               *
*  integral  = -.32488195       accum. integral = -.32519028    *
*  std. dev. = 0.41498989E-03   accum. std. dev = 0.66088149E-04*
*   max. wt. =   0.227124E-03                                   *
*                                                               *
**************   chi**2/iteration =  1.060       ****************

 Writing out intermediate results for iteration          38

************* Integration by Vegas (iteration  39) **************
*                                                               *
*  integral  = -.32529962       accum. integral = -.32519315    *
*  std. dev. = 0.40235532E-03   accum. std. dev = 0.65214291E-04*
*   max. wt. =   0.227124E-03                                   *
*                                                               *
**************   chi**2/iteration =  1.034       ****************

 Writing out intermediate results for iteration          39

************* Integration by Vegas (iteration  40) **************
*                                                               *
*  integral  = -.32503550       accum. integral = -.32518939    *
*  std. dev. = 0.41724199E-03   accum. std. dev = 0.64432028E-04*
*   max. wt. =   0.227124E-03                                   *
*                                                               *
**************   chi**2/iteration =  1.012       ****************

 Writing out intermediate results for iteration          40

************* Integration by Vegas (iteration  41) **************
*                                                               *
*  integral  = -.32489039       accum. integral = -.32518291    *
*  std. dev. = 0.43286403E-03   accum. std. dev = 0.63729881E-04*
*   max. wt. =   0.227124E-03                                   *
*                                                               *
**************   chi**2/iteration = 0.9979       ****************

 Writing out intermediate results for iteration          41

************* Integration by Vegas (iteration  42) **************
*                                                               *
*  integral  = -.32490201       accum. integral = -.32517671    *
*  std. dev. = 0.42420527E-03   accum. std. dev = 0.63022635E-04*
*   max. wt. =   0.227124E-03                                   *
*                                                               *
**************   chi**2/iteration = 0.9840       ****************

 Writing out intermediate results for iteration          42

************* Integration by Vegas (iteration  43) **************
*                                                               *
*  integral  = -.32567186       accum. integral = -.32518719    *
*  std. dev. = 0.42855807E-03   accum. std. dev = 0.62352033E-04*
*   max. wt. =   0.227124E-03                                   *
*                                                               *
**************   chi**2/iteration = 0.9917       ****************

 Writing out intermediate results for iteration          43

************* Integration by Vegas (iteration  44) **************
*                                                               *
*  integral  = -.32443268       accum. integral = -.32517079    *
*  std. dev. = 0.41821133E-03   accum. std. dev = 0.61670381E-04*
*   max. wt. =   0.227124E-03                                   *
*                                                               *
**************   chi**2/iteration =  1.043       ****************

 Writing out intermediate results for iteration          44

************* Integration by Vegas (iteration  45) **************
*                                                               *
*  integral  = -.32549126       accum. integral = -.32517765    *
*  std. dev. = 0.41688319E-03   accum. std. dev = 0.61006464E-04*
*   max. wt. =   0.227124E-03                                   *
*                                                               *
**************   chi**2/iteration =  1.032       ****************

 Writing out intermediate results for iteration          45

************* Integration by Vegas (iteration  46) **************
*                                                               *
*  integral  = -.32580792       accum. integral = -.32519077    *
*  std. dev. = 0.41838329E-03   accum. std. dev = 0.60368068E-04*
*   max. wt. =   0.227124E-03                                   *
*                                                               *
**************   chi**2/iteration =  1.059       ****************

 Writing out intermediate results for iteration          46

************* Integration by Vegas (iteration  47) **************
*                                                               *
*  integral  = -.32540727       accum. integral = -.32519463    *
*  std. dev. = 0.44805880E-03   accum. std. dev = 0.59827491E-04*
*   max. wt. =   0.227124E-03                                   *
*                                                               *
**************   chi**2/iteration =  1.041       ****************

 Writing out intermediate results for iteration          47

************* Integration by Vegas (iteration  48) **************
*                                                               *
*  integral  = -.32560245       accum. integral = -.32520143    *
*  std. dev. = 0.45948607E-03   accum. std. dev = 0.59326710E-04*
*   max. wt. =   0.227124E-03                                   *
*                                                               *
**************   chi**2/iteration =  1.035       ****************

 Writing out intermediate results for iteration          48

************* Integration by Vegas (iteration  49) **************
*                                                               *
*  integral  = -.32486802       accum. integral = -.32519541    *
*  std. dev. = 0.43745274E-03   accum. std. dev = 0.58788542E-04*
*   max. wt. =   0.227124E-03                                   *
*                                                               *
**************   chi**2/iteration =  1.025       ****************

 Writing out intermediate results for iteration          49

************* Integration by Vegas (iteration  50) **************
*                                                               *
*  integral  = -.32462368       accum. integral = -.32518678    *
*  std. dev. = 0.47503029E-03   accum. std. dev = 0.58343448E-04*
*   max. wt. =   0.227124E-03                                   *
*                                                               *
**************   chi**2/iteration =  1.033       ****************


Value of final lord integral is       -0.3252 +/-     0.0001 fb

 Total number of shots       :     47239200
 Total no. failing cuts      :     13634856
 Number failing jet cuts     :            0
 Number failing process cuts :            0

   Jet efficiency : 100.00%
   Cut efficiency : 100.00%
 Total efficiency : 100.00%

 Contribution from parton sub-processes:
 ---------------------------------------
       GG     |          -0.32519  100.00%
       GQ     |           0.00000   -0.00%
       GQB    |           0.00000   -0.00%
       QG     |           0.00000   -0.00%
       QBG    |           0.00000   -0.00%
       QQ     |           0.00000   -0.00%
       QBQB   |           0.00000   -0.00%
       QQB    |           0.00000   -0.00%
       QBQ    |           0.00000   -0.00%
 ---------------------------------------

 ****************************************************
 output files  cluster_CMS_m4l/MSTWm44/TOP/HZZint_lord_mstw8lo_0___0___126_129_run_14
 ****************************************************
