 ************** MCFM - version 6.8 ****************
 *                                                *
 * MCFM, v6.8                   April 26th, 2014  *
 *                                                *
 * Authors: John Campbell, Keith Ellis,           *
 *          Ciaran Williams                       *
 *         (johnmc@fnal.gov, ellis@fnal.gov,      *
 *          ciaran@fnal.gov)                      *
 *                                                *
 * For details see:                               *
 *                                                *
 *  arXiv:1403.2641 (Triphoton production)        *
 *  arXiv:1312.1628 (gg->WW, Higgs interference)  *
 *  arXiv:1311.3589 (gg->ZZ, Higgs interference)  *
 *  Phys.Rev.D87:114006, arXiv:1302.3856          *
 *  (tZ, tH -- with R. Rontsch)                   *
 *  arXiv:1211.6390 (DM, P. Fox and C. Williams)  *
 *  JHEP 1211:162 (2012), arXiv:1208.0566         *
 *  (Z+gam+jet,Z+gam+gam -- with H. Hartanto)     *
 *  arXiv:1204.1513 (top production+decay)        *
 *  JHEP 1207:052 (2012), arXiv:1204.5678 (ttW)   *
 *  JHEP 1110:005 (2011), arXiv:1107.5569         *
 *         (gg->WW,Higgs intference)              *
 *  JHEP 1107:018 (2011), arXiv:1105.0020         *
 *         (diboson update)                       *
 *  JHEP 1103:027 (2011), arXiv:1011.6647         *
 *         (Wbb for mb>0, with S. Badger)         *
 *  Phys.Rev.D81:074023, arXiv:1001.4495 (H+2jet) *
 *                                                *
 *  P.R.L. 102:142001, arXiv:0903.0005 [hep-ph]   *
 *    (t-channel single top + explicit b,         *
 *      JC, R.Frederix, F.Maltoni, F.Tramontano)  *
 *  N.P.B 726:109(2005), hep-ph/0506289 (W+t)     *
 *  Phys.Rev.D70:094012, hep-ph/0408158 (Sngl Top)*
 *       (with Francesco Tramontano)              *
 *                                                *
 *  Phys.Rev.D65:113007, hep-ph/0202176 (W,Z+2j)  *
 *  Phys.Rev.D62:114012, hep-ph/0006304 (W,Z+bb)  *
 *  Phys.Rev.D60:113006, hep-ph/9905386 (diboson) *
 *                                                *
 * On the web:  http://mcfm.fnal.gov/             *
 **************************************************

 * Using input file named E_var/E_8/MSTW/TOP/input_130_8.DAT                                      

 * [Flags to specify the mode in which MCFM is run]                                          
 *                   -1            [nevtrequested] 
 *                    F            [creatent] 
 *                    F            [skipnt] 
 *                    F            [dswhisto] 
 *                    F            [creategrid] 
 *                    T            [writetop] 
 *                    T            [writedat] 
 *                    T            [writegnu] 
 *                    T            [writeroot] 
 *                    F            [writepwg] 

 * [General options to specify the process and execution]                                    
 *                  130            [nproc] 
 *                 lord            [part] 
 * 130_run_8                       [runstring] 
 *            8000.0000            [sqrts] 
 *                    1            [ih1] 
 *                    1            [ih2] 
 *             126.0000            [hmass] 
 *               0.5000            [scale] 
 *               0.5000            [facscale] 
 * m(3456)                         [dynamicscale] 
 *                    F            [zerowidth] 
 *                    F            [removebr] 
 *                   20            [itmx1] 
 *               500000            [ncall1] 
 *                   50            [itmx2] 
 *               500000            [ncall2] 
 *                 2020            [ij] 
 *                    F            [dryrun] 
 *                    T            [Qflag] 
 *                    T            [Gflag] 

 * [Heavy quark masses]                                                                      
 *             173.2000            [top mass] 
 *               4.7500            [bottom mass] 
 *               1.5000            [charm mass] 

 * [Pdf selection]                                                                           
 *              mstw8lo            [pdlabel] 
 *                    4            [NGROUP] 
 *                   46            [NSET] 
 * cteq6mE.LHgrid                  [LHAPDF group] 
 *                   -1            [LHAPDF set] 

 * [Jet definition and event cuts]                                                           
 *               0.0000            [m34min] 
 *            8000.0000            [m34max] 
 *               0.0000            [m56min] 
 *            8000.0000            [m56max] 
 *                    T            [inclusive] 
 *                 ankt            [algorithm] 
 *              15.0000            [ptjetmin] 
 *               0.0000            [etajetmin] 
 *               5.0000            [etajetmax] 
 *               0.5000            [Rcut] 
 *                    T            [makecuts] 
 *               0.0000            [leptpt] 
 *              99.0000            [leptrap] 
 *    0.000,   0.000                [leptveto] 
 *               0.0000            [misspt] 
 *               0.0000            [leptpt2] 
 *              99.0000            [leptrap2] 
 *    0.000,   0.000                [leptveto2] 
 *               0.0000            [mtrans34cut] 
 *               0.0000            [Rjlmin] 
 *               0.0000            [Rllmin] 
 *               0.0000            [delyjjmin] 
 *                    F            [jetsopphem] 
 *                    0            [lbjscheme] 
 *               0.0000            [ptbjetmin] 
 *              99.0000            [etabjetmax] 

 * [Settings for photon processes]                                                           
 *                    F            [frag] 
 *             GdRG__LO            [fragset] 
 *              80.0000            [frag_scale] 
 *              20.0000            [gammpt] 
 *               2.5000            [gammrap] 
 *              20.0000            [gammpt2] 
 *              20.0000            [gammpt3] 
 *               0.0000            [Rgalmin] 
 *               0.4000            [Rgagamin] 
 *               0.4000            [Rgajetmin] 
 *               0.4000            [cone_ang] 
 *               0.5000            [epsilon_h] 

 * [Anomalous couplings of the W and Z]                                                      
 *               0.0000            [delg1_z] 
 *               0.0000            [delk_z] 
 *               0.0000            [delk_g] 
 *               0.0000            [lambda_z] 
 *               0.0000            [lambda_g] 
 *               0.0000            [h1Z] 
 *               0.0000            [h1gam] 
 *               0.0000            [h2Z] 
 *               0.0000            [h2gam] 
 *               0.0000            [h3Z] 
 *               0.0000            [h3gam] 
 *               0.0000            [h4Z] 
 *               0.0000            [h4gam] 
 *               2.0000            [tevscale] 

 * [Anomalous width of the Higgs]                                                            
 *               1.0000            [Gamma_H/Gamma_H(SM)] 

 * [How to resume/save a run]                                                                
 *                    F            [readin] 
 *                    F            [writeout] 
 *                                 [ingridfile] 
 *                                 [outgridfile] 

 * [Technical parameters that should not normally be changed]

 *                    F            [debug] 
 *                    T            [verbose] 
 *                    F            [new_pspace] 
 *                    F            [virtonly] 
 *                    F            [realonly] 
 *                    T            [spira] 
 *                    F            [noglue] 
 *                    F            [ggonly] 
 *                    F            [gqonly] 
 *                    F            [omitgg] 
 *                    F            [vanillafiles] 
 *                    1            [nmin] 
 *                    2            [nmax] 
 *                    T            [clustering] 
 *                    F            [realwt] 
 *                    0            [colourchoice] 
 *               0.0100            [rtsmin] 
 *               0.0001            [cutoff] 
 *               0.1000            [aii] 
 *               0.1000            [aif] 
 *               0.1000            [afi] 
 *               1.0000            [aff] 
 *               1.0000            [bfi] 
 *               1.0000            [bff] 

 Chooser:process chosen by nproc=         130

 *************************** f(p1)+f(p2) --> ******************************************
 * H(--> Z^0(e^-(p3)+e^+(p4)) + Z^0(mu^-(p5)+mu^+(p6)) [H squared and H, gg->ZZ intf. *
 **************************************************************************************

 ************** Electroweak parameters **************
 *                                                  *
 *  zmass(+)   91.1876000     wmass(+)  80.3980000  *
 * zwidth(+)    2.4952000    wwidth(+)   2.1054000  *
 *     Gf(+) 0.116639D-04   1/aemmz    132.3384323  *
 *     xw       0.2226459      mtop(+) 173.2000000  *
 *   gwsq       0.4264904       esq      0.0949563  *
 * top width    1.4743080 (LO)                      *
 *    mb        4.7500000        mc      1.5000000  *
 *                                                  *
 * Parameters marked (+) are input, others derived  *
 ****************************************************

 ****************** Higgs parameters ****************
 *                                                  *
 *   mass(H) =  126.00      width(H) =  0.43070E-02 *
 *                                                  *
 *              Br( H -> b bbar)  =   0.48164       *
 *              Br( H -> tau tau) =   0.06056       *
 *              Br( H -> W W)     =   0.00000       *
 *              Br( H -> Z Z)     =   0.00000       *
 *              Br( H -> gam gam) =   0.00235       *
 *              Br( H -> Z gam)   =   0.00164       *
 ****************************************************
 *                                                  *
 * Note: branching ratios reported here can be > 1  *
 *       since the total Higgs width is calculated  *
 *       at NLO but the BR calculation uses a       *
 *       partial width at LO only.                  *
 *                                                  *
 ****************************************************

 WARNING: Higgs decay H->ZZ is below threshold and
 may not yield sensible results - check the number
 of integration points

 ***************** CKM mixing matrix ****************
 *                                                  *
 *      Vud=.97500    Vus=.22200    Vub=0.0000      *
 *      Vcd=.22200    Vcs=.97500    Vcb=0.0000      *
 ****************************************************

 ************* Strong coupling, alpha_s  ************
 *                                                  *
 *  Dynamic scale - alpha_s changed event-by-event  *
 *       alpha_s (zmass)  0.13939000                *
 *         (using 1-loop running of alpha_s)        *
 ****************************************************

 ****************************************
 *     Cross section in femtobarns      *
 ****************************************


 input parameters for vegas:  ndim= 10  ncall= 472392.
                              it=    0  itmx=   20
                              nprn=  0  alph= 1.50
                              mds=  1   nd= 100
                              xl( 1)=   0.000     xu( 1)=   1.000    
                              xl( 2)=   0.000     xu( 2)=   1.000    
                              xl( 3)=   0.000     xu( 3)=   1.000    
                              xl( 4)=   0.000     xu( 4)=   1.000    
                              xl( 5)=   0.000     xu( 5)=   1.000    
                              xl( 6)=   0.000     xu( 6)=   1.000    
                              xl( 7)=   0.000     xu( 7)=   1.000    
                              xl( 8)=   0.000     xu( 8)=   1.000    
                              xl( 9)=   0.000     xu( 9)=   1.000    
                              xl(10)=   0.000     xu(10)=   1.000    

 ****************** Basic mass cuts *****************
 *                                                  *
 *              0.00  <   m34  <   8000.00           *
 *              0.00  <   m56  <   8000.00           *
 ****************************************************
 *********** CMS Higgs Search cuts******
 *                                     *
 *     pt(mu) >           5.00 GeV     *
 *     pt(el) >           7.00 GeV     *
 *     |eta_mu| <         2.40         *
 *     |eta_el| <         2.50         *
 *     m4lmin >         100.00 GeV     *
 *     m2lmin >           4.00 GeV     *
 *     ptleading >       20.00 GeV     *
 *     ptnexttoleading > 10.00 GeV     *
 *     mllnear >         40.00 GeV     *
 *     mllfar >          12.00 GeV     *
 *     mllmax >         120.00 GeV     *
 ***************************************

 ************** Dynamic scale choice ****************
 *                                                  *
 *                 RENORMALIZATION                  *
 *       mu_ren  =  0.50 x m(3456)                  *
 *                                                  *
 *                  FACTORIZATION                   *
 *       mu_fac  =  0.50 x m(3456)                  *
 *                                                  *
 ****************************************************
 ====================================================
   This is QCDLoop - version 1.95                    
   Authors: Keith Ellis and Giulia Zanderighi        
   (ellis@fnal.gov, g.zanderighi1@physics.ox.ac.uk)  
   For details see FERMILAB-PUB-07-633-T,OUTP-07/16P 
   arXiv:0712.1851 [hep-ph], published in            
   JHEP 0802:002,2008.                               
 ====================================================
 ====================================================
   FF 2.0, a package to evaluate one-loop integrals
 written by G. J. van Oldenborgh, NIKHEF-H, Amsterdam
 ====================================================
 for the algorithms used see preprint NIKHEF-H 89/17,
 'New Algorithms for One-loop Integrals', by G.J. van
 Oldenborgh and J.A.M. Vermaseren, published in 
 Zeitschrift fuer Physik C46(1990)425.
 ====================================================
 ffini: precx =    4.4408920985006262E-016
 ffini: precc =    4.4408920985006262E-016
 ffini: xalogm =    4.9406564584124654E-324
 ffini: xclogm =    4.9406564584124654E-324
 ****************************************************
 *                                                  *
 *  gg->ZZ box loop includes gens. 1 and 2          *
 *  gg->ZZ box loop includes bottom quark           *
 *  gg->ZZ box loop includes top quark              *
 *                                                  *
 *  Numer. stability: pt(Z) > 0.100 GeV (gens. 1,2) *
 *  Numer. stability: pt(Z) > 0.100 GeV (b,t loops) *
 *                                                  *
 ****************************************************
 Reading PDF grid from Pdfdata/mstw2008lo.00.dat

************* Integration by Vegas (iteration   1) **************
*                                                               *
*  integral  = 0.69261087E-01   accum. integral = 0.69261087E-01*
*  std. dev. = 0.26538823E-01   accum. std. dev = 0.26538823E-01*
*   max. wt. =   0.175303E-01                                   *
*                                                               *
**************   chi**2/iteration =  0.000       ****************


************* Integration by Vegas (iteration   2) **************
*                                                               *
*  integral  = 0.18634006       accum. integral = 0.12773537    *
*  std. dev. = 0.26568400E-01   accum. std. dev = 0.18776230E-01*
*   max. wt. =   0.175303E-01                                   *
*                                                               *
**************   chi**2/iteration =  9.624       ****************


************* Integration by Vegas (iteration   3) **************
*                                                               *
*  integral  = 0.20952461       accum. integral = 0.20173308    *
*  std. dev. = 0.60927118E-02   accum. std. dev = 0.57952435E-02*
*   max. wt. =   0.175303E-01                                   *
*                                                               *
**************   chi**2/iteration =  13.38       ****************


************* Integration by Vegas (iteration   4) **************
*                                                               *
*  integral  = 0.21428728       accum. integral = 0.21369212    *
*  std. dev. = 0.12928334E-02   accum. std. dev = 0.12618162E-02*
*   max. wt. =   0.175303E-01                                   *
*                                                               *
**************   chi**2/iteration =  10.42       ****************


************* Integration by Vegas (iteration   5) **************
*                                                               *
*  integral  = 0.21621566       accum. integral = 0.21561885    *
*  std. dev. = 0.70227172E-03   accum. std. dev = 0.61363506E-03*
*   max. wt. =   0.175303E-01                                   *
*                                                               *
**************   chi**2/iteration =  8.581       ****************


************* Integration by Vegas (iteration   6) **************
*                                                               *
*  integral  = 0.21722254       accum. integral = 0.21643092    *
*  std. dev. = 0.60586235E-03   accum. std. dev = 0.43113117E-03*
*   max. wt. =   0.175303E-01                                   *
*                                                               *
**************   chi**2/iteration =  7.559       ****************


************* Integration by Vegas (iteration   7) **************
*                                                               *
*  integral  = 0.21733481       accum. integral = 0.21674852    *
*  std. dev. = 0.58576597E-03   accum. std. dev = 0.34722215E-03*
*   max. wt. =   0.175303E-01                                   *
*                                                               *
**************   chi**2/iteration =  6.558       ****************


************* Integration by Vegas (iteration   8) **************
*                                                               *
*  integral  = 0.21730636       accum. integral = 0.21689203    *
*  std. dev. = 0.58997498E-03   accum. std. dev = 0.29924318E-03*
*   max. wt. =   0.175303E-01                                   *
*                                                               *
**************   chi**2/iteration =  5.717       ****************


************* Integration by Vegas (iteration   9) **************
*                                                               *
*  integral  = 0.21724534       accum. integral = 0.21696488    *
*  std. dev. = 0.58713871E-03   accum. std. dev = 0.26661273E-03*
*   max. wt. =   0.175303E-01                                   *
*                                                               *
**************   chi**2/iteration =  5.039       ****************


************* Integration by Vegas (iteration  10) **************
*                                                               *
*  integral  = 0.21792800       accum. integral = 0.21713313    *
*  std. dev. = 0.57949009E-03   accum. std. dev = 0.24220762E-03*
*   max. wt. =   0.175303E-01                                   *
*                                                               *
**************   chi**2/iteration =  4.733       ****************


************* Integration by Vegas (iteration  11) **************
*                                                               *
*  integral  = 0.21571935       accum. integral = 0.21692440    *
*  std. dev. = 0.58196668E-03   accum. std. dev = 0.22361424E-03*
*   max. wt. =   0.175303E-01                                   *
*                                                               *
**************   chi**2/iteration =  4.763       ****************


************* Integration by Vegas (iteration  12) **************
*                                                               *
*  integral  = 0.21623861       accum. integral = 0.21683597    *
*  std. dev. = 0.58117998E-03   accum. std. dev = 0.20869932E-03*
*   max. wt. =   0.175303E-01                                   *
*                                                               *
**************   chi**2/iteration =  4.440       ****************


************* Integration by Vegas (iteration  13) **************
*                                                               *
*  integral  = 0.21748829       accum. integral = 0.21690963    *
*  std. dev. = 0.58492975E-03   accum. std. dev = 0.19656262E-03*
*   max. wt. =   0.175303E-01                                   *
*                                                               *
**************   chi**2/iteration =  4.163       ****************


************* Integration by Vegas (iteration  14) **************
*                                                               *
*  integral  = 0.21631514       accum. integral = 0.21684874    *
*  std. dev. = 0.58189081E-03   accum. std. dev = 0.18622464E-03*
*   max. wt. =   0.175303E-01                                   *
*                                                               *
**************   chi**2/iteration =  3.915       ****************


************* Integration by Vegas (iteration  15) **************
*                                                               *
*  integral  = 0.21579075       accum. integral = 0.21675081    *
*  std. dev. = 0.58307880E-03   accum. std. dev = 0.17739666E-03*
*   max. wt. =   0.175303E-01                                   *
*                                                               *
**************   chi**2/iteration =  3.848       ****************


************* Integration by Vegas (iteration  16) **************
*                                                               *
*  integral  = 0.21572538       accum. integral = 0.21666407    *
*  std. dev. = 0.58357639E-03   accum. std. dev = 0.16972804E-03*
*   max. wt. =   0.175303E-01                                   *
*                                                               *
**************   chi**2/iteration =  3.780       ****************


************* Integration by Vegas (iteration  17) **************
*                                                               *
*  integral  = 0.21653550       accum. integral = 0.21665413    *
*  std. dev. = 0.58610675E-03   accum. std. dev = 0.16302982E-03*
*   max. wt. =   0.175303E-01                                   *
*                                                               *
**************   chi**2/iteration =  3.547       ****************


************* Integration by Vegas (iteration  18) **************
*                                                               *
*  integral  = 0.21731099       accum. integral = 0.21670083    *
*  std. dev. = 0.58927584E-03   accum. std. dev = 0.15712731E-03*
*   max. wt. =   0.175303E-01                                   *
*                                                               *
**************   chi**2/iteration =  3.406       ****************


************* Integration by Vegas (iteration  19) **************
*                                                               *
*  integral  = 0.21643855       accum. integral = 0.21668317    *
*  std. dev. = 0.58475641E-03   accum. std. dev = 0.15174459E-03*
*   max. wt. =   0.175303E-01                                   *
*                                                               *
**************   chi**2/iteration =  3.228       ****************


************* Integration by Vegas (iteration  20) **************
*                                                               *
*  integral  = 0.21637693       accum. integral = 0.21666407    *
*  std. dev. = 0.58838293E-03   accum. std. dev = 0.14693665E-03*
*   max. wt. =   0.175303E-01                                   *
*                                                               *
**************   chi**2/iteration =  3.071       ****************


 input parameters for vegas:  ndim= 10  ncall= 472392.
                              it=   21  itmx=   50
                              nprn=  0  alph= 1.50
                              mds=  1   nd= 100
                              xl( 1)=   0.000     xu( 1)=   1.000    
                              xl( 2)=   0.000     xu( 2)=   1.000    
                              xl( 3)=   0.000     xu( 3)=   1.000    
                              xl( 4)=   0.000     xu( 4)=   1.000    
                              xl( 5)=   0.000     xu( 5)=   1.000    
                              xl( 6)=   0.000     xu( 6)=   1.000    
                              xl( 7)=   0.000     xu( 7)=   1.000    
                              xl( 8)=   0.000     xu( 8)=   1.000    
                              xl( 9)=   0.000     xu( 9)=   1.000    
                              xl(10)=   0.000     xu(10)=   1.000    

************* Integration by Vegas (iteration   1) **************
*                                                               *
*  integral  = 0.21508517       accum. integral = 0.21508517    *
*  std. dev. = 0.58315805E-03   accum. std. dev = 0.58315805E-03*
*   max. wt. =   0.242195E-04                                   *
*                                                               *
**************   chi**2/iteration =  0.000       ****************

 Writing out intermediate results for iteration           1

************* Integration by Vegas (iteration   2) **************
*                                                               *
*  integral  = 0.21701817       accum. integral = 0.21603974    *
*  std. dev. = 0.59040163E-03   accum. std. dev = 0.41489229E-03*
*   max. wt. =   0.550678E-04                                   *
*                                                               *
**************   chi**2/iteration =  5.372       ****************

 Writing out intermediate results for iteration           2

************* Integration by Vegas (iteration   3) **************
*                                                               *
*  integral  = 0.21684218       accum. integral = 0.21630751    *
*  std. dev. = 0.58626877E-03   accum. std. dev = 0.33866616E-03*
*   max. wt. =   0.550678E-04                                   *
*                                                               *
**************   chi**2/iteration =  3.320       ****************

 Writing out intermediate results for iteration           3

************* Integration by Vegas (iteration   4) **************
*                                                               *
*  integral  = 0.21610765       accum. integral = 0.21625774    *
*  std. dev. = 0.58806760E-03   accum. std. dev = 0.29347805E-03*
*   max. wt. =   0.550678E-04                                   *
*                                                               *
**************   chi**2/iteration =  2.246       ****************

 Writing out intermediate results for iteration           4

************* Integration by Vegas (iteration   5) **************
*                                                               *
*  integral  = 0.21634566       accum. integral = 0.21627510    *
*  std. dev. = 0.59167756E-03   accum. std. dev = 0.26291300E-03*
*   max. wt. =   0.550678E-04                                   *
*                                                               *
**************   chi**2/iteration =  1.690       ****************

 Writing out intermediate results for iteration           5

************* Integration by Vegas (iteration   6) **************
*                                                               *
*  integral  = 0.21695852       accum. integral = 0.21638809    *
*  std. dev. = 0.59071192E-03   accum. std. dev = 0.24019641E-03*
*   max. wt. =   0.550678E-04                                   *
*                                                               *
**************   chi**2/iteration =  1.576       ****************

 Writing out intermediate results for iteration           6

************* Integration by Vegas (iteration   7) **************
*                                                               *
*  integral  = 0.21667425       accum. integral = 0.21642884    *
*  std. dev. = 0.58944674E-03   accum. std. dev = 0.22243728E-03*
*   max. wt. =   0.550678E-04                                   *
*                                                               *
**************   chi**2/iteration =  1.347       ****************

 Writing out intermediate results for iteration           7

************* Integration by Vegas (iteration   8) **************
*                                                               *
*  integral  = 0.21718654       accum. integral = 0.21652288    *
*  std. dev. = 0.59094298E-03   accum. std. dev = 0.20817780E-03*
*   max. wt. =   0.550678E-04                                   *
*                                                               *
**************   chi**2/iteration =  1.361       ****************

 Writing out intermediate results for iteration           8

************* Integration by Vegas (iteration   9) **************
*                                                               *
*  integral  = 0.21664799       accum. integral = 0.21653681    *
*  std. dev. = 0.58802340E-03   accum. std. dev = 0.19624251E-03*
*   max. wt. =   0.550678E-04                                   *
*                                                               *
**************   chi**2/iteration =  1.196       ****************

 Writing out intermediate results for iteration           9

************* Integration by Vegas (iteration  10) **************
*                                                               *
*  integral  = 0.21704599       accum. integral = 0.21658533    *
*  std. dev. = 0.60470791E-03   accum. std. dev = 0.18665939E-03*
*   max. wt. =   0.550678E-04                                   *
*                                                               *
**************   chi**2/iteration =  1.134       ****************

 Writing out intermediate results for iteration          10

************* Integration by Vegas (iteration  11) **************
*                                                               *
*  integral  = 0.21794809       accum. integral = 0.21670175    *
*  std. dev. = 0.61073562E-03   accum. std. dev = 0.17850827E-03*
*   max. wt. =   0.550678E-04                                   *
*                                                               *
**************   chi**2/iteration =  1.476       ****************

 Writing out intermediate results for iteration          11

************* Integration by Vegas (iteration  12) **************
*                                                               *
*  integral  = 0.21567786       accum. integral = 0.21662133    *
*  std. dev. = 0.61145661E-03   accum. std. dev = 0.17135537E-03*
*   max. wt. =   0.550678E-04                                   *
*                                                               *
**************   chi**2/iteration =  1.576       ****************

 Writing out intermediate results for iteration          12

************* Integration by Vegas (iteration  13) **************
*                                                               *
*  integral  = 0.21693897       accum. integral = 0.21664511    *
*  std. dev. = 0.60244969E-03   accum. std. dev = 0.16481804E-03*
*   max. wt. =   0.550678E-04                                   *
*                                                               *
**************   chi**2/iteration =  1.467       ****************

 Writing out intermediate results for iteration          13

************* Integration by Vegas (iteration  14) **************
*                                                               *
*  integral  = 0.21660859       accum. integral = 0.21664263    *
*  std. dev. = 0.61075335E-03   accum. std. dev = 0.15912573E-03*
*   max. wt. =   0.550678E-04                                   *
*                                                               *
**************   chi**2/iteration =  1.354       ****************

 Writing out intermediate results for iteration          14

************* Integration by Vegas (iteration  15) **************
*                                                               *
*  integral  = 0.21627120       accum. integral = 0.21661956    *
*  std. dev. = 0.61839513E-03   accum. std. dev = 0.15410554E-03*
*   max. wt. =   0.550678E-04                                   *
*                                                               *
**************   chi**2/iteration =  1.282       ****************

 Writing out intermediate results for iteration          15

************* Integration by Vegas (iteration  16) **************
*                                                               *
*  integral  = 0.21761883       accum. integral = 0.21667802    *
*  std. dev. = 0.61820753E-03   accum. std. dev = 0.14952970E-03*
*   max. wt. =   0.550678E-04                                   *
*                                                               *
**************   chi**2/iteration =  1.360       ****************

 Writing out intermediate results for iteration          16

************* Integration by Vegas (iteration  17) **************
*                                                               *
*  integral  = 0.21693113       accum. integral = 0.21669180    *
*  std. dev. = 0.62322644E-03   accum. std. dev = 0.14540315E-03*
*   max. wt. =   0.676748E-04                                   *
*                                                               *
**************   chi**2/iteration =  1.285       ****************

 Writing out intermediate results for iteration          17

************* Integration by Vegas (iteration  18) **************
*                                                               *
*  integral  = 0.21726349       accum. integral = 0.21672200    *
*  std. dev. = 0.61574423E-03   accum. std. dev = 0.14151112E-03*
*   max. wt. =   0.676748E-04                                   *
*                                                               *
**************   chi**2/iteration =  1.257       ****************

 Writing out intermediate results for iteration          18

************* Integration by Vegas (iteration  19) **************
*                                                               *
*  integral  = 0.21625707       accum. integral = 0.21669928    *
*  std. dev. = 0.62433211E-03   accum. std. dev = 0.13801039E-03*
*   max. wt. =   0.676748E-04                                   *
*                                                               *
**************   chi**2/iteration =  1.217       ****************

 Writing out intermediate results for iteration          19

************* Integration by Vegas (iteration  20) **************
*                                                               *
*  integral  = 0.21660176       accum. integral = 0.21669460    *
*  std. dev. = 0.61505546E-03   accum. std. dev = 0.13466194E-03*
*   max. wt. =   0.676748E-04                                   *
*                                                               *
**************   chi**2/iteration =  1.154       ****************

 Writing out intermediate results for iteration          20

************* Integration by Vegas (iteration  21) **************
*                                                               *
*  integral  = 0.21732476       accum. integral = 0.21672313    *
*  std. dev. = 0.61840479E-03   accum. std. dev = 0.13157847E-03*
*   max. wt. =   0.676748E-04                                   *
*                                                               *
**************   chi**2/iteration =  1.146       ****************

 Writing out intermediate results for iteration          21

************* Integration by Vegas (iteration  22) **************
*                                                               *
*  integral  = 0.21696956       accum. integral = 0.21673376    *
*  std. dev. = 0.61990228E-03   accum. std. dev = 0.12871101E-03*
*   max. wt. =   0.676748E-04                                   *
*                                                               *
**************   chi**2/iteration =  1.099       ****************

 Writing out intermediate results for iteration          22

************* Integration by Vegas (iteration  23) **************
*                                                               *
*  integral  = 0.21687145       accum. integral = 0.21673942    *
*  std. dev. = 0.62168202E-03   accum. std. dev = 0.12603809E-03*
*   max. wt. =   0.676748E-04                                   *
*                                                               *
**************   chi**2/iteration =  1.051       ****************

 Writing out intermediate results for iteration          23

************* Integration by Vegas (iteration  24) **************
*                                                               *
*  integral  = 0.21631387       accum. integral = 0.21672320    *
*  std. dev. = 0.63317215E-03   accum. std. dev = 0.12361285E-03*
*   max. wt. =   0.676748E-04                                   *
*                                                               *
**************   chi**2/iteration =  1.024       ****************

 Writing out intermediate results for iteration          24

************* Integration by Vegas (iteration  25) **************
*                                                               *
*  integral  = 0.21753697       accum. integral = 0.21675305    *
*  std. dev. = 0.63346093E-03   accum. std. dev = 0.12132447E-03*
*   max. wt. =   0.676748E-04                                   *
*                                                               *
**************   chi**2/iteration =  1.048       ****************

 Writing out intermediate results for iteration          25

************* Integration by Vegas (iteration  26) **************
*                                                               *
*  integral  = 0.21681752       accum. integral = 0.21675541    *
*  std. dev. = 0.62147823E-03   accum. std. dev = 0.11907665E-03*
*   max. wt. =   0.676748E-04                                   *
*                                                               *
**************   chi**2/iteration =  1.006       ****************

 Writing out intermediate results for iteration          26

************* Integration by Vegas (iteration  27) **************
*                                                               *
*  integral  = 0.21734352       accum. integral = 0.21677576    *
*  std. dev. = 0.62907970E-03   accum. std. dev = 0.11699908E-03*
*   max. wt. =   0.676748E-04                                   *
*                                                               *
**************   chi**2/iteration = 0.9999       ****************

 Writing out intermediate results for iteration          27

************* Integration by Vegas (iteration  28) **************
*                                                               *
*  integral  = 0.21734189       accum. integral = 0.21679441    *
*  std. dev. = 0.63381498E-03   accum. std. dev = 0.11505523E-03*
*   max. wt. =   0.676748E-04                                   *
*                                                               *
**************   chi**2/iteration = 0.9914       ****************

 Writing out intermediate results for iteration          28

************* Integration by Vegas (iteration  29) **************
*                                                               *
*  integral  = 0.21695244       accum. integral = 0.21679951    *
*  std. dev. = 0.63049350E-03   accum. std. dev = 0.11318608E-03*
*   max. wt. =   0.676748E-04                                   *
*                                                               *
**************   chi**2/iteration = 0.9582       ****************

 Writing out intermediate results for iteration          29

************* Integration by Vegas (iteration  30) **************
*                                                               *
*  integral  = 0.21720507       accum. integral = 0.21681211    *
*  std. dev. = 0.63190890E-03   accum. std. dev = 0.11141295E-03*
*   max. wt. =   0.676748E-04                                   *
*                                                               *
**************   chi**2/iteration = 0.9389       ****************

 Writing out intermediate results for iteration          30

************* Integration by Vegas (iteration  31) **************
*                                                               *
*  integral  = 0.21792530       accum. integral = 0.21684469    *
*  std. dev. = 0.64164279E-03   accum. std. dev = 0.10977046E-03*
*   max. wt. =   0.676748E-04                                   *
*                                                               *
**************   chi**2/iteration =  1.005       ****************

 Writing out intermediate results for iteration          31

************* Integration by Vegas (iteration  32) **************
*                                                               *
*  integral  = 0.21820611       accum. integral = 0.21688239    *
*  std. dev. = 0.65044436E-03   accum. std. dev = 0.10823991E-03*
*   max. wt. =   0.676748E-04                                   *
*                                                               *
**************   chi**2/iteration =  1.110       ****************

 Writing out intermediate results for iteration          32

************* Integration by Vegas (iteration  33) **************
*                                                               *
*  integral  = 0.21680956       accum. integral = 0.21688045    *
*  std. dev. = 0.65426989E-03   accum. std. dev = 0.10678842E-03*
*   max. wt. =   0.676748E-04                                   *
*                                                               *
**************   chi**2/iteration =  1.076       ****************

 Writing out intermediate results for iteration          33

************* Integration by Vegas (iteration  34) **************
*                                                               *
*  integral  = 0.21577210       accum. integral = 0.21685179    *
*  std. dev. = 0.65545883E-03   accum. std. dev = 0.10539876E-03*
*   max. wt. =   0.676748E-04                                   *
*                                                               *
**************   chi**2/iteration =  1.127       ****************

 Writing out intermediate results for iteration          34

************* Integration by Vegas (iteration  35) **************
*                                                               *
*  integral  = 0.21718076       accum. integral = 0.21685999    *
*  std. dev. = 0.65933933E-03   accum. std. dev = 0.10407737E-03*
*   max. wt. =   0.771070E-04                                   *
*                                                               *
**************   chi**2/iteration =  1.101       ****************

 Writing out intermediate results for iteration          35

************* Integration by Vegas (iteration  36) **************
*                                                               *
*  integral  = 0.21656687       accum. integral = 0.21685287    *
*  std. dev. = 0.65966125E-03   accum. std. dev = 0.10280568E-03*
*   max. wt. =   0.771070E-04                                   *
*                                                               *
**************   chi**2/iteration =  1.075       ****************

 Writing out intermediate results for iteration          36

************* Integration by Vegas (iteration  37) **************
*                                                               *
*  integral  = 0.21633721       accum. integral = 0.21684040    *
*  std. dev. = 0.65295922E-03   accum. std. dev = 0.10155466E-03*
*   max. wt. =   0.771070E-04                                   *
*                                                               *
**************   chi**2/iteration =  1.063       ****************

 Writing out intermediate results for iteration          37

************* Integration by Vegas (iteration  38) **************
*                                                               *
*  integral  = 0.21698795       accum. integral = 0.21684375    *
*  std. dev. = 0.66649358E-03   accum. std. dev = 0.10039589E-03*
*   max. wt. =   0.771070E-04                                   *
*                                                               *
**************   chi**2/iteration =  1.035       ****************

 Writing out intermediate results for iteration          38

************* Integration by Vegas (iteration  39) **************
*                                                               *
*  integral  = 0.21714377       accum. integral = 0.21685035    *
*  std. dev. = 0.66896592E-03   accum. std. dev = 0.99284038E-04*
*   max. wt. =   0.771070E-04                                   *
*                                                               *
**************   chi**2/iteration =  1.013       ****************

 Writing out intermediate results for iteration          39

************* Integration by Vegas (iteration  40) **************
*                                                               *
*  integral  = 0.21609256       accum. integral = 0.21683364    *
*  std. dev. = 0.66112610E-03   accum. std. dev = 0.98183085E-04*
*   max. wt. =   0.771070E-04                                   *
*                                                               *
**************   chi**2/iteration =  1.020       ****************

 Writing out intermediate results for iteration          40

************* Integration by Vegas (iteration  41) **************
*                                                               *
*  integral  = 0.21634182       accum. integral = 0.21682328    *
*  std. dev. = 0.66919451E-03   accum. std. dev = 0.97143088E-04*
*   max. wt. =   0.771070E-04                                   *
*                                                               *
**************   chi**2/iteration =  1.008       ****************

 Writing out intermediate results for iteration          41

************* Integration by Vegas (iteration  42) **************
*                                                               *
*  integral  = 0.21600207       accum. integral = 0.21680633    *
*  std. dev. = 0.66915046E-03   accum. std. dev = 0.96135324E-04*
*   max. wt. =   0.771070E-04                                   *
*                                                               *
**************   chi**2/iteration =  1.019       ****************

 Writing out intermediate results for iteration          42

************* Integration by Vegas (iteration  43) **************
*                                                               *
*  integral  = 0.21695137       accum. integral = 0.21680922    *
*  std. dev. = 0.67436037E-03   accum. std. dev = 0.95173100E-04*
*   max. wt. =   0.771070E-04                                   *
*                                                               *
**************   chi**2/iteration = 0.9960       ****************

 Writing out intermediate results for iteration          43

************* Integration by Vegas (iteration  44) **************
*                                                               *
*  integral  = 0.21730213       accum. integral = 0.21681879    *
*  std. dev. = 0.67623244E-03   accum. std. dev = 0.94244290E-04*
*   max. wt. =   0.771070E-04                                   *
*                                                               *
**************   chi**2/iteration = 0.9849       ****************

 Writing out intermediate results for iteration          44

************* Integration by Vegas (iteration  45) **************
*                                                               *
*  integral  = 0.21666837       accum. integral = 0.21681598    *
*  std. dev. = 0.68290950E-03   accum. std. dev = 0.93359462E-04*
*   max. wt. =   0.771070E-04                                   *
*                                                               *
**************   chi**2/iteration = 0.9636       ****************

 Writing out intermediate results for iteration          45

************* Integration by Vegas (iteration  46) **************
*                                                               *
*  integral  = 0.21540049       accum. integral = 0.21678977    *
*  std. dev. = 0.67972341E-03   accum. std. dev = 0.92491125E-04*
*   max. wt. =   0.771070E-04                                   *
*                                                               *
**************   chi**2/iteration =  1.037       ****************

 Writing out intermediate results for iteration          46

************* Integration by Vegas (iteration  47) **************
*                                                               *
*  integral  = 0.21851257       accum. integral = 0.21682134    *
*  std. dev. = 0.67694293E-03   accum. std. dev = 0.91639719E-04*
*   max. wt. =   0.771070E-04                                   *
*                                                               *
**************   chi**2/iteration =  1.152       ****************

 Writing out intermediate results for iteration          47

************* Integration by Vegas (iteration  48) **************
*                                                               *
*  integral  = 0.21743245       accum. integral = 0.21683207    *
*  std. dev. = 0.68540501E-03   accum. std. dev = 0.90831458E-04*
*   max. wt. =   0.771070E-04                                   *
*                                                               *
**************   chi**2/iteration =  1.145       ****************

 Writing out intermediate results for iteration          48

************* Integration by Vegas (iteration  49) **************
*                                                               *
*  integral  = 0.21612296       accum. integral = 0.21681960    *
*  std. dev. = 0.67889459E-03   accum. std. dev = 0.90029243E-04*
*   max. wt. =   0.771070E-04                                   *
*                                                               *
**************   chi**2/iteration =  1.143       ****************

 Writing out intermediate results for iteration          49

************* Integration by Vegas (iteration  50) **************
*                                                               *
*  integral  = 0.21617629       accum. integral = 0.21680857    *
*  std. dev. = 0.68154765E-03   accum. std. dev = 0.89253907E-04*
*   max. wt. =   0.771070E-04                                   *
*                                                               *
**************   chi**2/iteration =  1.138       ****************


Value of final lord integral is        0.2168 +/-     0.0001 fb

 Total number of shots       :     23619600
 Total no. failing cuts      :     10041530
 Number failing jet cuts     :            0
 Number failing process cuts :            0

   Jet efficiency : 100.00%
   Cut efficiency : 100.00%
 Total efficiency : 100.00%

 Contribution from parton sub-processes:
 ---------------------------------------
       GG     |           0.21681  100.00%
       GQ     |           0.00000    0.00%
       GQB    |           0.00000    0.00%
       QG     |           0.00000    0.00%
       QBG    |           0.00000    0.00%
       QQ     |           0.00000    0.00%
       QBQB   |           0.00000    0.00%
       QQB    |           0.00000    0.00%
       QBQ    |           0.00000    0.00%
 ---------------------------------------

 ****************************************************
 output files  E_var/E_8/MSTW/TOP/HZZH+i_lord_mstw8lo_0___0___126_130_run_8
 ****************************************************
