 ************** MCFM - version 6.8 ****************
 *                                                *
 * MCFM, v6.8                   April 26th, 2014  *
 *                                                *
 * Authors: John Campbell, Keith Ellis,           *
 *          Ciaran Williams                       *
 *         (johnmc@fnal.gov, ellis@fnal.gov,      *
 *          ciaran@fnal.gov)                      *
 *                                                *
 * For details see:                               *
 *                                                *
 *  arXiv:1403.2641 (Triphoton production)        *
 *  arXiv:1312.1628 (gg->WW, Higgs interference)  *
 *  arXiv:1311.3589 (gg->ZZ, Higgs interference)  *
 *  Phys.Rev.D87:114006, arXiv:1302.3856          *
 *  (tZ, tH -- with R. Rontsch)                   *
 *  arXiv:1211.6390 (DM, P. Fox and C. Williams)  *
 *  JHEP 1211:162 (2012), arXiv:1208.0566         *
 *  (Z+gam+jet,Z+gam+gam -- with H. Hartanto)     *
 *  arXiv:1204.1513 (top production+decay)        *
 *  JHEP 1207:052 (2012), arXiv:1204.5678 (ttW)   *
 *  JHEP 1110:005 (2011), arXiv:1107.5569         *
 *         (gg->WW,Higgs intference)              *
 *  JHEP 1107:018 (2011), arXiv:1105.0020         *
 *         (diboson update)                       *
 *  JHEP 1103:027 (2011), arXiv:1011.6647         *
 *         (Wbb for mb>0, with S. Badger)         *
 *  Phys.Rev.D81:074023, arXiv:1001.4495 (H+2jet) *
 *                                                *
 *  P.R.L. 102:142001, arXiv:0903.0005 [hep-ph]   *
 *    (t-channel single top + explicit b,         *
 *      JC, R.Frederix, F.Maltoni, F.Tramontano)  *
 *  N.P.B 726:109(2005), hep-ph/0506289 (W+t)     *
 *  Phys.Rev.D70:094012, hep-ph/0408158 (Sngl Top)*
 *       (with Francesco Tramontano)              *
 *                                                *
 *  Phys.Rev.D65:113007, hep-ph/0202176 (W,Z+2j)  *
 *  Phys.Rev.D62:114012, hep-ph/0006304 (W,Z+bb)  *
 *  Phys.Rev.D60:113006, hep-ph/9905386 (diboson) *
 *                                                *
 * On the web:  http://mcfm.fnal.gov/             *
 **************************************************

 * Using input file named E_var/E_8/MSTW/TOP/input_132_8.DAT                                      

 * [Flags to specify the mode in which MCFM is run]                                          
 *                   -1            [nevtrequested] 
 *                    F            [creatent] 
 *                    F            [skipnt] 
 *                    F            [dswhisto] 
 *                    F            [creategrid] 
 *                    T            [writetop] 
 *                    T            [writedat] 
 *                    T            [writegnu] 
 *                    T            [writeroot] 
 *                    F            [writepwg] 

 * [General options to specify the process and execution]                                    
 *                  132            [nproc] 
 *                 lord            [part] 
 * 132_run_8                       [runstring] 
 *            8000.0000            [sqrts] 
 *                    1            [ih1] 
 *                    1            [ih2] 
 *             126.0000            [hmass] 
 *               0.5000            [scale] 
 *               0.5000            [facscale] 
 * m(3456)                         [dynamicscale] 
 *                    F            [zerowidth] 
 *                    F            [removebr] 
 *                   20            [itmx1] 
 *               500000            [ncall1] 
 *                   50            [itmx2] 
 *               500000            [ncall2] 
 *                 2020            [ij] 
 *                    F            [dryrun] 
 *                    T            [Qflag] 
 *                    T            [Gflag] 

 * [Heavy quark masses]                                                                      
 *             173.2000            [top mass] 
 *               4.7500            [bottom mass] 
 *               1.5000            [charm mass] 

 * [Pdf selection]                                                                           
 *              mstw8lo            [pdlabel] 
 *                    4            [NGROUP] 
 *                   46            [NSET] 
 * cteq6mE.LHgrid                  [LHAPDF group] 
 *                   -1            [LHAPDF set] 

 * [Jet definition and event cuts]                                                           
 *               0.0000            [m34min] 
 *            8000.0000            [m34max] 
 *               0.0000            [m56min] 
 *            8000.0000            [m56max] 
 *                    T            [inclusive] 
 *                 ankt            [algorithm] 
 *              15.0000            [ptjetmin] 
 *               0.0000            [etajetmin] 
 *               5.0000            [etajetmax] 
 *               0.5000            [Rcut] 
 *                    T            [makecuts] 
 *               0.0000            [leptpt] 
 *              99.0000            [leptrap] 
 *    0.000,   0.000                [leptveto] 
 *               0.0000            [misspt] 
 *               0.0000            [leptpt2] 
 *              99.0000            [leptrap2] 
 *    0.000,   0.000                [leptveto2] 
 *               0.0000            [mtrans34cut] 
 *               0.0000            [Rjlmin] 
 *               0.0000            [Rllmin] 
 *               0.0000            [delyjjmin] 
 *                    F            [jetsopphem] 
 *                    0            [lbjscheme] 
 *               0.0000            [ptbjetmin] 
 *              99.0000            [etabjetmax] 

 * [Settings for photon processes]                                                           
 *                    F            [frag] 
 *             GdRG__LO            [fragset] 
 *              80.0000            [frag_scale] 
 *              20.0000            [gammpt] 
 *               2.5000            [gammrap] 
 *              20.0000            [gammpt2] 
 *              20.0000            [gammpt3] 
 *               0.0000            [Rgalmin] 
 *               0.4000            [Rgagamin] 
 *               0.4000            [Rgajetmin] 
 *               0.4000            [cone_ang] 
 *               0.5000            [epsilon_h] 

 * [Anomalous couplings of the W and Z]                                                      
 *               0.0000            [delg1_z] 
 *               0.0000            [delk_z] 
 *               0.0000            [delk_g] 
 *               0.0000            [lambda_z] 
 *               0.0000            [lambda_g] 
 *               0.0000            [h1Z] 
 *               0.0000            [h1gam] 
 *               0.0000            [h2Z] 
 *               0.0000            [h2gam] 
 *               0.0000            [h3Z] 
 *               0.0000            [h3gam] 
 *               0.0000            [h4Z] 
 *               0.0000            [h4gam] 
 *               2.0000            [tevscale] 

 * [Anomalous width of the Higgs]                                                            
 *               1.0000            [Gamma_H/Gamma_H(SM)] 

 * [How to resume/save a run]                                                                
 *                    F            [readin] 
 *                    F            [writeout] 
 *                                 [ingridfile] 
 *                                 [outgridfile] 

 * [Technical parameters that should not normally be changed]

 *                    F            [debug] 
 *                    T            [verbose] 
 *                    F            [new_pspace] 
 *                    F            [virtonly] 
 *                    F            [realonly] 
 *                    T            [spira] 
 *                    F            [noglue] 
 *                    F            [ggonly] 
 *                    F            [gqonly] 
 *                    F            [omitgg] 
 *                    F            [vanillafiles] 
 *                    1            [nmin] 
 *                    2            [nmax] 
 *                    T            [clustering] 
 *                    F            [realwt] 
 *                    0            [colourchoice] 
 *               0.0100            [rtsmin] 
 *               0.0001            [cutoff] 
 *               0.1000            [aii] 
 *               0.1000            [aif] 
 *               0.1000            [afi] 
 *               1.0000            [aff] 
 *               1.0000            [bfi] 
 *               1.0000            [bff] 

 Chooser:process chosen by nproc=         132

 *************************** f(p1)+f(p2) --> ******************************************
 * Z^0(e^-(p3)+e^+(p4)) + Z^0(mu^-(p5)+mu^+(p6) [(gg->ZZ) squared]                    *
 **************************************************************************************

 ************** Electroweak parameters **************
 *                                                  *
 *  zmass(+)   91.1876000     wmass(+)  80.3980000  *
 * zwidth(+)    2.4952000    wwidth(+)   2.1054000  *
 *     Gf(+) 0.116639D-04   1/aemmz    132.3384323  *
 *     xw       0.2226459      mtop(+) 173.2000000  *
 *   gwsq       0.4264904       esq      0.0949563  *
 * top width    1.4743080 (LO)                      *
 *    mb        4.7500000        mc      1.5000000  *
 *                                                  *
 * Parameters marked (+) are input, others derived  *
 ****************************************************

 ****************** Higgs parameters ****************
 *                                                  *
 *   mass(H) =  126.00      width(H) =  0.43070E-02 *
 *                                                  *
 *              Br( H -> b bbar)  =   0.48164       *
 *              Br( H -> tau tau) =   0.06056       *
 *              Br( H -> W W)     =   0.00000       *
 *              Br( H -> Z Z)     =   0.00000       *
 *              Br( H -> gam gam) =   0.00235       *
 *              Br( H -> Z gam)   =   0.00164       *
 ****************************************************
 *                                                  *
 * Note: branching ratios reported here can be > 1  *
 *       since the total Higgs width is calculated  *
 *       at NLO but the BR calculation uses a       *
 *       partial width at LO only.                  *
 *                                                  *
 ****************************************************

 WARNING: Higgs decay H->ZZ is below threshold and
 may not yield sensible results - check the number
 of integration points

 ***************** CKM mixing matrix ****************
 *                                                  *
 *      Vud=.97500    Vus=.22200    Vub=0.0000      *
 *      Vcd=.22200    Vcs=.97500    Vcb=0.0000      *
 ****************************************************

 ************* Strong coupling, alpha_s  ************
 *                                                  *
 *  Dynamic scale - alpha_s changed event-by-event  *
 *       alpha_s (zmass)  0.13939000                *
 *         (using 1-loop running of alpha_s)        *
 ****************************************************

 ****************************************
 *     Cross section in femtobarns      *
 ****************************************


 input parameters for vegas:  ndim= 10  ncall= 472392.
                              it=    0  itmx=   20
                              nprn=  0  alph= 1.50
                              mds=  1   nd= 100
                              xl( 1)=   0.000     xu( 1)=   1.000    
                              xl( 2)=   0.000     xu( 2)=   1.000    
                              xl( 3)=   0.000     xu( 3)=   1.000    
                              xl( 4)=   0.000     xu( 4)=   1.000    
                              xl( 5)=   0.000     xu( 5)=   1.000    
                              xl( 6)=   0.000     xu( 6)=   1.000    
                              xl( 7)=   0.000     xu( 7)=   1.000    
                              xl( 8)=   0.000     xu( 8)=   1.000    
                              xl( 9)=   0.000     xu( 9)=   1.000    
                              xl(10)=   0.000     xu(10)=   1.000    

 ****************** Basic mass cuts *****************
 *                                                  *
 *              0.00  <   m34  <   8000.00           *
 *              0.00  <   m56  <   8000.00           *
 ****************************************************
 *********** CMS Higgs Search cuts******
 *                                     *
 *     pt(mu) >           5.00 GeV     *
 *     pt(el) >           7.00 GeV     *
 *     |eta_mu| <         2.40         *
 *     |eta_el| <         2.50         *
 *     m4lmin >         100.00 GeV     *
 *     m2lmin >           4.00 GeV     *
 *     ptleading >       20.00 GeV     *
 *     ptnexttoleading > 10.00 GeV     *
 *     mllnear >         40.00 GeV     *
 *     mllfar >          12.00 GeV     *
 *     mllmax >         120.00 GeV     *
 ***************************************

 ************** Dynamic scale choice ****************
 *                                                  *
 *                 RENORMALIZATION                  *
 *       mu_ren  =  0.50 x m(3456)                  *
 *                                                  *
 *                  FACTORIZATION                   *
 *       mu_fac  =  0.50 x m(3456)                  *
 *                                                  *
 ****************************************************
 ****************************************************
 *                                                  *
 *  gg->ZZ box loop includes gens. 1 and 2          *
 *  gg->ZZ box loop includes bottom quark           *
 *  gg->ZZ box loop includes top quark              *
 *                                                  *
 *  Numer. stability: pt(Z) > 0.100 GeV (gens. 1,2) *
 *  Numer. stability: pt(Z) > 0.100 GeV (b,t loops) *
 *                                                  *
 ****************************************************
 ====================================================
   This is QCDLoop - version 1.95                    
   Authors: Keith Ellis and Giulia Zanderighi        
   (ellis@fnal.gov, g.zanderighi1@physics.ox.ac.uk)  
   For details see FERMILAB-PUB-07-633-T,OUTP-07/16P 
   arXiv:0712.1851 [hep-ph], published in            
   JHEP 0802:002,2008.                               
 ====================================================
 ====================================================
   FF 2.0, a package to evaluate one-loop integrals
 written by G. J. van Oldenborgh, NIKHEF-H, Amsterdam
 ====================================================
 for the algorithms used see preprint NIKHEF-H 89/17,
 'New Algorithms for One-loop Integrals', by G.J. van
 Oldenborgh and J.A.M. Vermaseren, published in 
 Zeitschrift fuer Physik C46(1990)425.
 ====================================================
 ffini: precx =    4.4408920985006262E-016
 ffini: precc =    4.4408920985006262E-016
 ffini: xalogm =    4.9406564584124654E-324
 ffini: xclogm =    4.9406564584124654E-324
 Reading PDF grid from Pdfdata/mstw2008lo.00.dat

************* Integration by Vegas (iteration   1) **************
*                                                               *
*  integral  = 0.98670287       accum. integral = 0.98670287    *
*  std. dev. = 0.93270589E-01   accum. std. dev = 0.93270589E-01*
*   max. wt. =   0.672466E-01                                   *
*                                                               *
**************   chi**2/iteration = 0.2842E-11   ****************


************* Integration by Vegas (iteration   2) **************
*                                                               *
*  integral  = 0.86557489       accum. integral = 0.86680921    *
*  std. dev. = 0.94636727E-02   accum. std. dev = 0.94153310E-02*
*   max. wt. =   0.672466E-01                                   *
*                                                               *
**************   chi**2/iteration =  1.653       ****************


************* Integration by Vegas (iteration   3) **************
*                                                               *
*  integral  = 0.87205995       accum. integral = 0.87174810    *
*  std. dev. = 0.23658509E-02   accum. std. dev = 0.22945217E-02*
*   max. wt. =   0.672466E-01                                   *
*                                                               *
**************   chi**2/iteration = 0.9761       ****************


************* Integration by Vegas (iteration   4) **************
*                                                               *
*  integral  = 0.87827261       accum. integral = 0.87297782    *
*  std. dev. = 0.47611875E-02   accum. std. dev = 0.20670117E-02*
*   max. wt. =   0.672466E-01                                   *
*                                                               *
**************   chi**2/iteration =  1.158       ****************


************* Integration by Vegas (iteration   5) **************
*                                                               *
*  integral  = 0.87522084       accum. integral = 0.87358797    *
*  std. dev. = 0.33814324E-02   accum. std. dev = 0.17636088E-02*
*   max. wt. =   0.672466E-01                                   *
*                                                               *
**************   chi**2/iteration = 0.9492       ****************


************* Integration by Vegas (iteration   6) **************
*                                                               *
*  integral  = 0.87703444       accum. integral = 0.87528730    *
*  std. dev. = 0.17882476E-02   accum. std. dev = 0.12556802E-02*
*   max. wt. =   0.672466E-01                                   *
*                                                               *
**************   chi**2/iteration =  1.136       ****************


************* Integration by Vegas (iteration   7) **************
*                                                               *
*  integral  = 0.87966978       accum. integral = 0.87662237    *
*  std. dev. = 0.18971072E-02   accum. std. dev = 0.10470908E-02*
*   max. wt. =   0.672466E-01                                   *
*                                                               *
**************   chi**2/iteration =  1.564       ****************


************* Integration by Vegas (iteration   8) **************
*                                                               *
*  integral  = 0.87714909       accum. integral = 0.87668100    *
*  std. dev. = 0.29585217E-02   accum. std. dev = 0.98709176E-03*
*   max. wt. =   0.672466E-01                                   *
*                                                               *
**************   chi**2/iteration =  1.345       ****************


************* Integration by Vegas (iteration   9) **************
*                                                               *
*  integral  = 0.87886955       accum. integral = 0.87698582    *
*  std. dev. = 0.24538247E-02   accum. std. dev = 0.91577418E-03*
*   max. wt. =   0.672466E-01                                   *
*                                                               *
**************   chi**2/iteration =  1.263       ****************


************* Integration by Vegas (iteration  10) **************
*                                                               *
*  integral  = 0.87427274       accum. integral = 0.87638298    *
*  std. dev. = 0.17133666E-02   accum. std. dev = 0.80764843E-03*
*   max. wt. =   0.672466E-01                                   *
*                                                               *
**************   chi**2/iteration =  1.339       ****************


************* Integration by Vegas (iteration  11) **************
*                                                               *
*  integral  = 0.87277750       accum. integral = 0.87556738    *
*  std. dev. = 0.14937420E-02   accum. std. dev = 0.71044975E-03*
*   max. wt. =   0.672466E-01                                   *
*                                                               *
**************   chi**2/iteration =  1.655       ****************


************* Integration by Vegas (iteration  12) **************
*                                                               *
*  integral  = 0.87539366       accum. integral = 0.87553404    *
*  std. dev. = 0.14580231E-02   accum. std. dev = 0.63866456E-03*
*   max. wt. =   0.672466E-01                                   *
*                                                               *
**************   chi**2/iteration =  1.506       ****************


************* Integration by Vegas (iteration  13) **************
*                                                               *
*  integral  = 0.87578488       accum. integral = 0.87557578    *
*  std. dev. = 0.14296311E-02   accum. std. dev = 0.58312253E-03*
*   max. wt. =   0.672466E-01                                   *
*                                                               *
**************   chi**2/iteration =  1.383       ****************


************* Integration by Vegas (iteration  14) **************
*                                                               *
*  integral  = 0.87507943       accum. integral = 0.87550682    *
*  std. dev. = 0.14517103E-02   accum. std. dev = 0.54110170E-03*
*   max. wt. =   0.672466E-01                                   *
*                                                               *
**************   chi**2/iteration =  1.284       ****************


************* Integration by Vegas (iteration  15) **************
*                                                               *
*  integral  = 0.87606517       accum. integral = 0.87557825    *
*  std. dev. = 0.14126924E-02   accum. std. dev = 0.50530305E-03*
*   max. wt. =   0.672466E-01                                   *
*                                                               *
**************   chi**2/iteration =  1.202       ****************


************* Integration by Vegas (iteration  16) **************
*                                                               *
*  integral  = 0.87603248       accum. integral = 0.87563020    *
*  std. dev. = 0.14061980E-02   accum. std. dev = 0.47553324E-03*
*   max. wt. =   0.672466E-01                                   *
*                                                               *
**************   chi**2/iteration =  1.128       ****************


************* Integration by Vegas (iteration  17) **************
*                                                               *
*  integral  = 0.87183099       accum. integral = 0.87522691    *
*  std. dev. = 0.13799074E-02   accum. std. dev = 0.44958608E-03*
*   max. wt. =   0.672466E-01                                   *
*                                                               *
**************   chi**2/iteration =  1.481       ****************


************* Integration by Vegas (iteration  18) **************
*                                                               *
*  integral  = 0.87243208       accum. integral = 0.87498518    *
*  std. dev. = 0.14611149E-02   accum. std. dev = 0.42970392E-03*
*   max. wt. =   0.672466E-01                                   *
*                                                               *
**************   chi**2/iteration =  1.591       ****************


************* Integration by Vegas (iteration  19) **************
*                                                               *
*  integral  = 0.87386667       accum. integral = 0.87489645    *
*  std. dev. = 0.14638782E-02   accum. std. dev = 0.41230775E-03*
*   max. wt. =   0.672466E-01                                   *
*                                                               *
**************   chi**2/iteration =  1.532       ****************


************* Integration by Vegas (iteration  20) **************
*                                                               *
*  integral  = 0.87142864       accum. integral = 0.87462258    *
*  std. dev. = 0.14080300E-02   accum. std. dev = 0.39569191E-03*
*   max. wt. =   0.672466E-01                                   *
*                                                               *
**************   chi**2/iteration =  1.745       ****************


 input parameters for vegas:  ndim= 10  ncall= 472392.
                              it=   21  itmx=   50
                              nprn=  0  alph= 1.50
                              mds=  1   nd= 100
                              xl( 1)=   0.000     xu( 1)=   1.000    
                              xl( 2)=   0.000     xu( 2)=   1.000    
                              xl( 3)=   0.000     xu( 3)=   1.000    
                              xl( 4)=   0.000     xu( 4)=   1.000    
                              xl( 5)=   0.000     xu( 5)=   1.000    
                              xl( 6)=   0.000     xu( 6)=   1.000    
                              xl( 7)=   0.000     xu( 7)=   1.000    
                              xl( 8)=   0.000     xu( 8)=   1.000    
                              xl( 9)=   0.000     xu( 9)=   1.000    
                              xl(10)=   0.000     xu(10)=   1.000    

************* Integration by Vegas (iteration   1) **************
*                                                               *
*  integral  = 0.87340739       accum. integral = 0.87340739    *
*  std. dev. = 0.16015430E-02   accum. std. dev = 0.16015430E-02*
*   max. wt. =   0.586266E-03                                   *
*                                                               *
**************   chi**2/iteration =  0.000       ****************

 Writing out intermediate results for iteration           1

************* Integration by Vegas (iteration   2) **************
*                                                               *
*  integral  = 0.87447791       accum. integral = 0.87395109    *
*  std. dev. = 0.15764880E-02   accum. std. dev = 0.11234989E-02*
*   max. wt. =   0.586266E-03                                   *
*                                                               *
**************   chi**2/iteration = 0.2247       ****************

 Writing out intermediate results for iteration           2

************* Integration by Vegas (iteration   3) **************
*                                                               *
*  integral  = 0.87504522       accum. integral = 0.87435422    *
*  std. dev. = 0.14709208E-02   accum. std. dev = 0.89284745E-03*
*   max. wt. =   0.586266E-03                                   *
*                                                               *
**************   chi**2/iteration = 0.2867       ****************

 Writing out intermediate results for iteration           3

************* Integration by Vegas (iteration   4) **************
*                                                               *
*  integral  = 0.87456919       accum. integral = 0.87441233    *
*  std. dev. = 0.14670135E-02   accum. std. dev = 0.76269609E-03*
*   max. wt. =   0.586266E-03                                   *
*                                                               *
**************   chi**2/iteration = 0.1967       ****************

 Writing out intermediate results for iteration           4

************* Integration by Vegas (iteration   5) **************
*                                                               *
*  integral  = 0.87297684       accum. integral = 0.87410527    *
*  std. dev. = 0.14621202E-02   accum. std. dev = 0.67622309E-03*
*   max. wt. =   0.586266E-03                                   *
*                                                               *
**************   chi**2/iteration = 0.3366       ****************

 Writing out intermediate results for iteration           5

************* Integration by Vegas (iteration   6) **************
*                                                               *
*  integral  = 0.87480188       accum. integral = 0.87422841    *
*  std. dev. = 0.14593563E-02   accum. std. dev = 0.61355465E-03*
*   max. wt. =   0.586266E-03                                   *
*                                                               *
**************   chi**2/iteration = 0.3069       ****************

 Writing out intermediate results for iteration           6

************* Integration by Vegas (iteration   7) **************
*                                                               *
*  integral  = 0.87662042       accum. integral = 0.87457869    *
*  std. dev. = 0.14812905E-02   accum. std. dev = 0.56685274E-03*
*   max. wt. =   0.586266E-03                                   *
*                                                               *
**************   chi**2/iteration = 0.6261       ****************

 Writing out intermediate results for iteration           7

************* Integration by Vegas (iteration   8) **************
*                                                               *
*  integral  = 0.87591766       accum. integral = 0.87473774    *
*  std. dev. = 0.15439621E-02   accum. std. dev = 0.53212288E-03*
*   max. wt. =   0.586266E-03                                   *
*                                                               *
**************   chi**2/iteration = 0.6314       ****************

 Writing out intermediate results for iteration           8

************* Integration by Vegas (iteration   9) **************
*                                                               *
*  integral  = 0.87465638       accum. integral = 0.87472884    *
*  std. dev. = 0.15181133E-02   accum. std. dev = 0.50216779E-03*
*   max. wt. =   0.586266E-03                                   *
*                                                               *
**************   chi**2/iteration = 0.5529       ****************

 Writing out intermediate results for iteration           9

************* Integration by Vegas (iteration  10) **************
*                                                               *
*  integral  = 0.87468175       accum. integral = 0.87472570    *
*  std. dev. = 0.18799133E-02   accum. std. dev = 0.48515692E-03*
*   max. wt. =   0.112201E-02                                   *
*                                                               *
**************   chi**2/iteration = 0.4916       ****************

 Writing out intermediate results for iteration          10

************* Integration by Vegas (iteration  11) **************
*                                                               *
*  integral  = 0.87307582       accum. integral = 0.87461468    *
*  std. dev. = 0.18062560E-02   accum. std. dev = 0.46854950E-03*
*   max. wt. =   0.112201E-02                                   *
*                                                               *
**************   chi**2/iteration = 0.5202       ****************

 Writing out intermediate results for iteration          11

************* Integration by Vegas (iteration  12) **************
*                                                               *
*  integral  = 0.87186331       accum. integral = 0.87438190    *
*  std. dev. = 0.15412160E-02   accum. std. dev = 0.44829088E-03*
*   max. wt. =   0.112201E-02                                   *
*                                                               *
**************   chi**2/iteration = 0.7379       ****************

 Writing out intermediate results for iteration          12

************* Integration by Vegas (iteration  13) **************
*                                                               *
*  integral  = 0.87367895       accum. integral = 0.87432273    *
*  std. dev. = 0.14786273E-02   accum. std. dev = 0.42900743E-03*
*   max. wt. =   0.112201E-02                                   *
*                                                               *
**************   chi**2/iteration = 0.6937       ****************

 Writing out intermediate results for iteration          13

************* Integration by Vegas (iteration  14) **************
*                                                               *
*  integral  = 0.87645760       accum. integral = 0.87448863    *
*  std. dev. = 0.14779494E-02   accum. std. dev = 0.41200124E-03*
*   max. wt. =   0.112201E-02                                   *
*                                                               *
**************   chi**2/iteration = 0.7883       ****************

 Writing out intermediate results for iteration          14

************* Integration by Vegas (iteration  15) **************
*                                                               *
*  integral  = 0.87512428       accum. integral = 0.87453498    *
*  std. dev. = 0.14690365E-02   accum. std. dev = 0.39669528E-03*
*   max. wt. =   0.112201E-02                                   *
*                                                               *
**************   chi**2/iteration = 0.7444       ****************

 Writing out intermediate results for iteration          15

************* Integration by Vegas (iteration  16) **************
*                                                               *
*  integral  = 0.87529611       accum. integral = 0.87457974    *
*  std. dev. = 0.15869581E-02   accum. std. dev = 0.38485348E-03*
*   max. wt. =   0.112201E-02                                   *
*                                                               *
**************   chi**2/iteration = 0.7093       ****************

 Writing out intermediate results for iteration          16

************* Integration by Vegas (iteration  17) **************
*                                                               *
*  integral  = 0.87522370       accum. integral = 0.87461831    *
*  std. dev. = 0.15247406E-02   accum. std. dev = 0.37315052E-03*
*   max. wt. =   0.112201E-02                                   *
*                                                               *
**************   chi**2/iteration = 0.6754       ****************

 Writing out intermediate results for iteration          17

************* Integration by Vegas (iteration  18) **************
*                                                               *
*  integral  = 0.87485391       accum. integral = 0.87463256    *
*  std. dev. = 0.14705311E-02   accum. std. dev = 0.36168760E-03*
*   max. wt. =   0.112201E-02                                   *
*                                                               *
**************   chi**2/iteration = 0.6371       ****************

 Writing out intermediate results for iteration          18

************* Integration by Vegas (iteration  19) **************
*                                                               *
*  integral  = 0.87590344       accum. integral = 0.87469170    *
*  std. dev. = 0.16372965E-02   accum. std. dev = 0.35317297E-03*
*   max. wt. =   0.112201E-02                                   *
*                                                               *
**************   chi**2/iteration = 0.6337       ****************

 Writing out intermediate results for iteration          19

************* Integration by Vegas (iteration  20) **************
*                                                               *
*  integral  = 0.87655523       accum. integral = 0.87476697    *
*  std. dev. = 0.17213651E-02   accum. std. dev = 0.34596633E-03*
*   max. wt. =   0.112201E-02                                   *
*                                                               *
**************   chi**2/iteration = 0.6595       ****************

 Writing out intermediate results for iteration          20

************* Integration by Vegas (iteration  21) **************
*                                                               *
*  integral  = 0.87538378       accum. integral = 0.87479490    *
*  std. dev. = 0.15887505E-02   accum. std. dev = 0.33804422E-03*
*   max. wt. =   0.112201E-02                                   *
*                                                               *
**************   chi**2/iteration = 0.6337       ****************

 Writing out intermediate results for iteration          21

************* Integration by Vegas (iteration  22) **************
*                                                               *
*  integral  = 0.87317055       accum. integral = 0.87471288    *
*  std. dev. = 0.14658950E-02   accum. std. dev = 0.32939909E-03*
*   max. wt. =   0.112201E-02                                   *
*                                                               *
**************   chi**2/iteration = 0.6590       ****************

 Writing out intermediate results for iteration          22

************* Integration by Vegas (iteration  23) **************
*                                                               *
*  integral  = 0.87391205       accum. integral = 0.87467532    *
*  std. dev. = 0.14849127E-02   accum. std. dev = 0.32158177E-03*
*   max. wt. =   0.112201E-02                                   *
*                                                               *
**************   chi**2/iteration = 0.6417       ****************

 Writing out intermediate results for iteration          23

************* Integration by Vegas (iteration  24) **************
*                                                               *
*  integral  = 0.87467771       accum. integral = 0.87467542    *
*  std. dev. = 0.14898481E-02   accum. std. dev = 0.31434242E-03*
*   max. wt. =   0.112201E-02                                   *
*                                                               *
**************   chi**2/iteration = 0.6138       ****************

 Writing out intermediate results for iteration          24

************* Integration by Vegas (iteration  25) **************
*                                                               *
*  integral  = 0.87571642       accum. integral = 0.87471114    *
*  std. dev. = 0.16677525E-02   accum. std. dev = 0.30890330E-03*
*   max. wt. =   0.112201E-02                                   *
*                                                               *
**************   chi**2/iteration = 0.6039       ****************

 Writing out intermediate results for iteration          25

************* Integration by Vegas (iteration  26) **************
*                                                               *
*  integral  = 0.87325584       accum. integral = 0.87465571    *
*  std. dev. = 0.15523372E-02   accum. std. dev = 0.30296317E-03*
*   max. wt. =   0.112201E-02                                   *
*                                                               *
**************   chi**2/iteration = 0.6136       ****************

 Writing out intermediate results for iteration          26

************* Integration by Vegas (iteration  27) **************
*                                                               *
*  integral  = 0.87391367       accum. integral = 0.87462536    *
*  std. dev. = 0.14671346E-02   accum. std. dev = 0.29670317E-03*
*   max. wt. =   0.112201E-02                                   *
*                                                               *
**************   chi**2/iteration = 0.5994       ****************

 Writing out intermediate results for iteration          27

************* Integration by Vegas (iteration  28) **************
*                                                               *
*  integral  = 0.87835268       accum. integral = 0.87470756    *
*  std. dev. = 0.19757515E-02   accum. std. dev = 0.29341313E-03*
*   max. wt. =   0.112201E-02                                   *
*                                                               *
**************   chi**2/iteration = 0.7061       ****************

 Writing out intermediate results for iteration          28

************* Integration by Vegas (iteration  29) **************
*                                                               *
*  integral  = 0.87569441       accum. integral = 0.87473220    *
*  std. dev. = 0.18337355E-02   accum. std. dev = 0.28972767E-03*
*   max. wt. =   0.112201E-02                                   *
*                                                               *
**************   chi**2/iteration = 0.6910       ****************

 Writing out intermediate results for iteration          29

************* Integration by Vegas (iteration  30) **************
*                                                               *
*  integral  = 0.87360195       accum. integral = 0.87469498    *
*  std. dev. = 0.15701455E-02   accum. std. dev = 0.28491773E-03*
*   max. wt. =   0.112201E-02                                   *
*                                                               *
**************   chi**2/iteration = 0.6844       ****************

 Writing out intermediate results for iteration          30

************* Integration by Vegas (iteration  31) **************
*                                                               *
*  integral  = 0.87543319       accum. integral = 0.87472190    *
*  std. dev. = 0.14645156E-02   accum. std. dev = 0.27967423E-03*
*   max. wt. =   0.112201E-02                                   *
*                                                               *
**************   chi**2/iteration = 0.6698       ****************

 Writing out intermediate results for iteration          31

************* Integration by Vegas (iteration  32) **************
*                                                               *
*  integral  = 0.87456156       accum. integral = 0.87471679    *
*  std. dev. = 0.15412170E-02   accum. std. dev = 0.27518024E-03*
*   max. wt. =   0.112201E-02                                   *
*                                                               *
**************   chi**2/iteration = 0.6485       ****************

 Writing out intermediate results for iteration          32

************* Integration by Vegas (iteration  33) **************
*                                                               *
*  integral  = 0.87416849       accum. integral = 0.87469868    *
*  std. dev. = 0.14890547E-02   accum. std. dev = 0.27059832E-03*
*   max. wt. =   0.112201E-02                                   *
*                                                               *
**************   chi**2/iteration = 0.6323       ****************

 Writing out intermediate results for iteration          33

************* Integration by Vegas (iteration  34) **************
*                                                               *
*  integral  = 0.87506293       accum. integral = 0.87471048    *
*  std. dev. = 0.14790228E-02   accum. std. dev = 0.26618001E-03*
*   max. wt. =   0.112201E-02                                   *
*                                                               *
**************   chi**2/iteration = 0.6150       ****************

 Writing out intermediate results for iteration          34

************* Integration by Vegas (iteration  35) **************
*                                                               *
*  integral  = 0.87299869       accum. integral = 0.87467412    *
*  std. dev. = 0.18069357E-02   accum. std. dev = 0.26333809E-03*
*   max. wt. =   0.112201E-02                                   *
*                                                               *
**************   chi**2/iteration = 0.6227       ****************

 Writing out intermediate results for iteration          35

************* Integration by Vegas (iteration  36) **************
*                                                               *
*  integral  = 0.87673678       accum. integral = 0.87471628    *
*  std. dev. = 0.18229937E-02   accum. std. dev = 0.26063284E-03*
*   max. wt. =   0.112201E-02                                   *
*                                                               *
**************   chi**2/iteration = 0.6407       ****************

 Writing out intermediate results for iteration          36

************* Integration by Vegas (iteration  37) **************
*                                                               *
*  integral  = 0.87504399       accum. integral = 0.87472357    *
*  std. dev. = 0.17284400E-02   accum. std. dev = 0.25771931E-03*
*   max. wt. =   0.112201E-02                                   *
*                                                               *
**************   chi**2/iteration = 0.6239       ****************

 Writing out intermediate results for iteration          37

************* Integration by Vegas (iteration  38) **************
*                                                               *
*  integral  = 0.87521489       accum. integral = 0.87473557    *
*  std. dev. = 0.16288264E-02   accum. std. dev = 0.25455267E-03*
*   max. wt. =   0.112201E-02                                   *
*                                                               *
**************   chi**2/iteration = 0.6095       ****************

 Writing out intermediate results for iteration          38

************* Integration by Vegas (iteration  39) **************
*                                                               *
*  integral  = 0.87494358       accum. integral = 0.87474155    *
*  std. dev. = 0.14800469E-02   accum. std. dev = 0.25086930E-03*
*   max. wt. =   0.112201E-02                                   *
*                                                               *
**************   chi**2/iteration = 0.5939       ****************

 Writing out intermediate results for iteration          39

************* Integration by Vegas (iteration  40) **************
*                                                               *
*  integral  = 0.87382042       accum. integral = 0.87471877    *
*  std. dev. = 0.15753969E-02   accum. std. dev = 0.24774777E-03*
*   max. wt. =   0.112201E-02                                   *
*                                                               *
**************   chi**2/iteration = 0.5873       ****************

 Writing out intermediate results for iteration          40

************* Integration by Vegas (iteration  41) **************
*                                                               *
*  integral  = 0.87443838       accum. integral = 0.87471165    *
*  std. dev. = 0.15351055E-02   accum. std. dev = 0.24458303E-03*
*   max. wt. =   0.112201E-02                                   *
*                                                               *
**************   chi**2/iteration = 0.5734       ****************

 Writing out intermediate results for iteration          41

************* Integration by Vegas (iteration  42) **************
*                                                               *
*  integral  = 0.87494430       accum. integral = 0.87471707    *
*  std. dev. = 0.15840487E-02   accum. std. dev = 0.24171865E-03*
*   max. wt. =   0.112201E-02                                   *
*                                                               *
**************   chi**2/iteration = 0.5599       ****************

 Writing out intermediate results for iteration          42

************* Integration by Vegas (iteration  43) **************
*                                                               *
*  integral  = 0.87498684       accum. integral = 0.87472369    *
*  std. dev. = 0.15232424E-02   accum. std. dev = 0.23873152E-03*
*   max. wt. =   0.112201E-02                                   *
*                                                               *
**************   chi**2/iteration = 0.5473       ****************

 Writing out intermediate results for iteration          43

************* Integration by Vegas (iteration  44) **************
*                                                               *
*  integral  = 0.87404345       accum. integral = 0.87470687    *
*  std. dev. = 0.14990069E-02   accum. std. dev = 0.23576037E-03*
*   max. wt. =   0.112201E-02                                   *
*                                                               *
**************   chi**2/iteration = 0.5393       ****************

 Writing out intermediate results for iteration          44

************* Integration by Vegas (iteration  45) **************
*                                                               *
*  integral  = 0.87486817       accum. integral = 0.87471070    *
*  std. dev. = 0.15102528E-02   accum. std. dev = 0.23293918E-03*
*   max. wt. =   0.112201E-02                                   *
*                                                               *
**************   chi**2/iteration = 0.5273       ****************

 Writing out intermediate results for iteration          45

************* Integration by Vegas (iteration  46) **************
*                                                               *
*  integral  = 0.87296575       accum. integral = 0.87466973    *
*  std. dev. = 0.15021581E-02   accum. std. dev = 0.23018800E-03*
*   max. wt. =   0.112201E-02                                   *
*                                                               *
**************   chi**2/iteration = 0.5448       ****************

 Writing out intermediate results for iteration          46

************* Integration by Vegas (iteration  47) **************
*                                                               *
*  integral  = 0.87548568       accum. integral = 0.87468382    *
*  std. dev. = 0.17363015E-02   accum. std. dev = 0.22819141E-03*
*   max. wt. =   0.112201E-02                                   *
*                                                               *
**************   chi**2/iteration = 0.5377       ****************

 Writing out intermediate results for iteration          47

************* Integration by Vegas (iteration  48) **************
*                                                               *
*  integral  = 0.87378092       accum. integral = 0.87466838    *
*  std. dev. = 0.17302293E-02   accum. std. dev = 0.22623239E-03*
*   max. wt. =   0.112201E-02                                   *
*                                                               *
**************   chi**2/iteration = 0.5320       ****************

 Writing out intermediate results for iteration          48

************* Integration by Vegas (iteration  49) **************
*                                                               *
*  integral  = 0.87334390       accum. integral = 0.87463964    *
*  std. dev. = 0.15190142E-02   accum. std. dev = 0.22376431E-03*
*   max. wt. =   0.112201E-02                                   *
*                                                               *
**************   chi**2/iteration = 0.5364       ****************

 Writing out intermediate results for iteration          49

************* Integration by Vegas (iteration  50) **************
*                                                               *
*  integral  = 0.87733848       accum. integral = 0.87466353    *
*  std. dev. = 0.23677946E-02   accum. std. dev = 0.22277175E-03*
*   max. wt. =   0.160380E-02                                   *
*                                                               *
**************   chi**2/iteration = 0.5517       ****************


Value of final lord integral is        0.8747 +/-     0.0002 fb

 Total number of shots       :     23619600
 Total no. failing cuts      :      7898344
 Number failing jet cuts     :            0
 Number failing process cuts :            0

   Jet efficiency : 100.00%
   Cut efficiency : 100.00%
 Total efficiency : 100.00%

 Contribution from parton sub-processes:
 ---------------------------------------
       GG     |           0.87466  100.00%
       GQ     |           0.00000    0.00%
       GQB    |           0.00000    0.00%
       QG     |           0.00000    0.00%
       QBG    |           0.00000    0.00%
       QQ     |           0.00000    0.00%
       QBQB   |           0.00000    0.00%
       QQB    |           0.00000    0.00%
       QBQ    |           0.00000    0.00%
 ---------------------------------------

 ****************************************************
 output files  E_var/E_8/MSTW/TOP/ggZZbx_lord_mstw8lo_0___0___132_run_8
 ****************************************************
