 ************** MCFM - version 6.8 ****************
 *                                                *
 * MCFM, v6.8                   April 26th, 2014  *
 *                                                *
 * Authors: John Campbell, Keith Ellis,           *
 *          Ciaran Williams                       *
 *         (johnmc@fnal.gov, ellis@fnal.gov,      *
 *          ciaran@fnal.gov)                      *
 *                                                *
 * For details see:                               *
 *                                                *
 *  arXiv:1403.2641 (Triphoton production)        *
 *  arXiv:1312.1628 (gg->WW, Higgs interference)  *
 *  arXiv:1311.3589 (gg->ZZ, Higgs interference)  *
 *  Phys.Rev.D87:114006, arXiv:1302.3856          *
 *  (tZ, tH -- with R. Rontsch)                   *
 *  arXiv:1211.6390 (DM, P. Fox and C. Williams)  *
 *  JHEP 1211:162 (2012), arXiv:1208.0566         *
 *  (Z+gam+jet,Z+gam+gam -- with H. Hartanto)     *
 *  arXiv:1204.1513 (top production+decay)        *
 *  JHEP 1207:052 (2012), arXiv:1204.5678 (ttW)   *
 *  JHEP 1110:005 (2011), arXiv:1107.5569         *
 *         (gg->WW,Higgs intference)              *
 *  JHEP 1107:018 (2011), arXiv:1105.0020         *
 *         (diboson update)                       *
 *  JHEP 1103:027 (2011), arXiv:1011.6647         *
 *         (Wbb for mb>0, with S. Badger)         *
 *  Phys.Rev.D81:074023, arXiv:1001.4495 (H+2jet) *
 *                                                *
 *  P.R.L. 102:142001, arXiv:0903.0005 [hep-ph]   *
 *    (t-channel single top + explicit b,         *
 *      JC, R.Frederix, F.Maltoni, F.Tramontano)  *
 *  N.P.B 726:109(2005), hep-ph/0506289 (W+t)     *
 *  Phys.Rev.D70:094012, hep-ph/0408158 (Sngl Top)*
 *       (with Francesco Tramontano)              *
 *                                                *
 *  Phys.Rev.D65:113007, hep-ph/0202176 (W,Z+2j)  *
 *  Phys.Rev.D62:114012, hep-ph/0006304 (W,Z+bb)  *
 *  Phys.Rev.D60:113006, hep-ph/9905386 (diboson) *
 *                                                *
 * On the web:  http://mcfm.fnal.gov/             *
 **************************************************

 * Using input file named E_var/E_100/MSTW/HTOP/input_128_100.DAT                                 

 * [Flags to specify the mode in which MCFM is run]                                          
 *                   -1            [nevtrequested] 
 *                    F            [creatent] 
 *                    F            [skipnt] 
 *                    F            [dswhisto] 
 *                    F            [creategrid] 
 *                    T            [writetop] 
 *                    T            [writedat] 
 *                    T            [writegnu] 
 *                    T            [writeroot] 
 *                    F            [writepwg] 

 * [General options to specify the process and execution]                                    
 *                  128            [nproc] 
 *                 lord            [part] 
 * 128_run_100                     [runstring] 
 *          100000.0000            [sqrts] 
 *                    1            [ih1] 
 *                    1            [ih2] 
 *             126.0000            [hmass] 
 *               0.5000            [scale] 
 *               0.5000            [facscale] 
 * m(3456)                         [dynamicscale] 
 *                    F            [zerowidth] 
 *                    F            [removebr] 
 *                   40            [itmx1] 
 *              1000000            [ncall1] 
 *                  100            [itmx2] 
 *              1000000            [ncall2] 
 *                 2020            [ij] 
 *                    F            [dryrun] 
 *                    T            [Qflag] 
 *                    T            [Gflag] 

 * [Heavy quark masses]                                                                      
 *             173.2000            [top mass] 
 *               4.7500            [bottom mass] 
 *               1.5000            [charm mass] 

 * [Pdf selection]                                                                           
 *              mstw8lo            [pdlabel] 
 *                    4            [NGROUP] 
 *                   46            [NSET] 
 * cteq6mE.LHgrid                  [LHAPDF group] 
 *                   -1            [LHAPDF set] 

 * [Jet definition and event cuts]                                                           
 *               0.0000            [m34min] 
 *          100000.0000            [m34max] 
 *               0.0000            [m56min] 
 *          100000.0000            [m56max] 
 *                    T            [inclusive] 
 *                 ankt            [algorithm] 
 *              15.0000            [ptjetmin] 
 *               0.0000            [etajetmin] 
 *               5.0000            [etajetmax] 
 *               0.5000            [Rcut] 
 *                    T            [makecuts] 
 *               0.0000            [leptpt] 
 *              99.0000            [leptrap] 
 *    0.000,   0.000                [leptveto] 
 *               0.0000            [misspt] 
 *               0.0000            [leptpt2] 
 *              99.0000            [leptrap2] 
 *    0.000,   0.000                [leptveto2] 
 *               0.0000            [mtrans34cut] 
 *               0.0000            [Rjlmin] 
 *               0.0000            [Rllmin] 
 *               0.0000            [delyjjmin] 
 *                    F            [jetsopphem] 
 *                    0            [lbjscheme] 
 *               0.0000            [ptbjetmin] 
 *              99.0000            [etabjetmax] 

 * [Settings for photon processes]                                                           
 *                    F            [frag] 
 *             GdRG__LO            [fragset] 
 *              80.0000            [frag_scale] 
 *              20.0000            [gammpt] 
 *               2.5000            [gammrap] 
 *              20.0000            [gammpt2] 
 *              20.0000            [gammpt3] 
 *               0.0000            [Rgalmin] 
 *               0.4000            [Rgagamin] 
 *               0.4000            [Rgajetmin] 
 *               0.4000            [cone_ang] 
 *               0.5000            [epsilon_h] 

 * [Anomalous couplings of the W and Z]                                                      
 *               0.0000            [delg1_z] 
 *               0.0000            [delk_z] 
 *               0.0000            [delk_g] 
 *               0.0000            [lambda_z] 
 *               0.0000            [lambda_g] 
 *               0.0000            [h1Z] 
 *               0.0000            [h1gam] 
 *               0.0000            [h2Z] 
 *               0.0000            [h2gam] 
 *               0.0000            [h3Z] 
 *               0.0000            [h3gam] 
 *               0.0000            [h4Z] 
 *               0.0000            [h4gam] 
 *               2.0000            [tevscale] 

 * [Anomalous width of the Higgs]                                                            
 *               1.0000            [Gamma_H/Gamma_H(SM)] 

 * [How to resume/save a run]                                                                
 *                    F            [readin] 
 *                    F            [writeout] 
 *                                 [ingridfile] 
 *                                 [outgridfile] 

 * [Technical parameters that should not normally be changed]

 *                    F            [debug] 
 *                    T            [verbose] 
 *                    F            [new_pspace] 
 *                    F            [virtonly] 
 *                    F            [realonly] 
 *                    T            [spira] 
 *                    F            [noglue] 
 *                    F            [ggonly] 
 *                    F            [gqonly] 
 *                    F            [omitgg] 
 *                    F            [vanillafiles] 
 *                    1            [nmin] 
 *                    2            [nmax] 
 *                    T            [clustering] 
 *                    F            [realwt] 
 *                    0            [colourchoice] 
 *               0.0100            [rtsmin] 
 *               0.0001            [cutoff] 
 *               0.1000            [aii] 
 *               0.1000            [aif] 
 *               0.1000            [afi] 
 *               1.0000            [aff] 
 *               1.0000            [bfi] 
 *               1.0000            [bff] 

 Chooser:process chosen by nproc=         128

 *************************** f(p1)+f(p2) --> ******************************************
 * H(--> Z^0(e^-(p3)+e^+(p4)) + Z^0(mu^-(p5)+mu^+(p6)) [top, bottom loops, exact]     *
 **************************************************************************************

 ************** Electroweak parameters **************
 *                                                  *
 *  zmass(+)   91.1876000     wmass(+)  80.3980000  *
 * zwidth(+)    2.4952000    wwidth(+)   2.1054000  *
 *     Gf(+) 0.116639D-04   1/aemmz    132.3384323  *
 *     xw       0.2226459      mtop(+) 173.2000000  *
 *   gwsq       0.4264904       esq      0.0949563  *
 * top width    1.4743080 (LO)                      *
 *    mb        4.7500000        mc      1.5000000  *
 *                                                  *
 * Parameters marked (+) are input, others derived  *
 ****************************************************

 ****************** Higgs parameters ****************
 *                                                  *
 *   mass(H) =  126.00      width(H) =  0.43070E-02 *
 *                                                  *
 *              Br( H -> b bbar)  =   0.48164       *
 *              Br( H -> tau tau) =   0.06056       *
 *              Br( H -> W W)     =   0.00000       *
 *              Br( H -> Z Z)     =   0.00000       *
 *              Br( H -> gam gam) =   0.00235       *
 *              Br( H -> Z gam)   =   0.00164       *
 ****************************************************
 *                                                  *
 * Note: branching ratios reported here can be > 1  *
 *       since the total Higgs width is calculated  *
 *       at NLO but the BR calculation uses a       *
 *       partial width at LO only.                  *
 *                                                  *
 ****************************************************

 WARNING: Higgs decay H->ZZ is below threshold and
 may not yield sensible results - check the number
 of integration points

 ***************** CKM mixing matrix ****************
 *                                                  *
 *      Vud=.97500    Vus=.22200    Vub=0.0000      *
 *      Vcd=.22200    Vcs=.97500    Vcb=0.0000      *
 ****************************************************

 ************* Strong coupling, alpha_s  ************
 *                                                  *
 *  Dynamic scale - alpha_s changed event-by-event  *
 *       alpha_s (zmass)  0.13939000                *
 *         (using 1-loop running of alpha_s)        *
 ****************************************************

 ****************************************
 *     Cross section in femtobarns      *
 ****************************************


 input parameters for vegas:  ndim= 10  ncall= 944784.
                              it=    0  itmx=   40
                              nprn=  0  alph= 1.50
                              mds=  1   nd= 100
                              xl( 1)=   0.000     xu( 1)=   1.000    
                              xl( 2)=   0.000     xu( 2)=   1.000    
                              xl( 3)=   0.000     xu( 3)=   1.000    
                              xl( 4)=   0.000     xu( 4)=   1.000    
                              xl( 5)=   0.000     xu( 5)=   1.000    
                              xl( 6)=   0.000     xu( 6)=   1.000    
                              xl( 7)=   0.000     xu( 7)=   1.000    
                              xl( 8)=   0.000     xu( 8)=   1.000    
                              xl( 9)=   0.000     xu( 9)=   1.000    
                              xl(10)=   0.000     xu(10)=   1.000    

 ****************** Basic mass cuts *****************
 *                                                  *
 *              0.00  <   m34  < 100000.00           *
 *              0.00  <   m56  < 100000.00           *
 ****************************************************
 *********** CMS Higgs Search cuts******
 *                                     *
 *     pt(mu) >           5.00 GeV     *
 *     pt(el) >           7.00 GeV     *
 *     |eta_mu| <         2.40         *
 *     |eta_el| <         2.50         *
 *     m4lmin >         100.00 GeV     *
 *     m2lmin >           4.00 GeV     *
 *     ptleading >       20.00 GeV     *
 *     ptnexttoleading > 10.00 GeV     *
 *     mllnear >         40.00 GeV     *
 *     mllfar >          12.00 GeV     *
 *     mllmax >         120.00 GeV     *
 ***************************************

 ************** Dynamic scale choice ****************
 *                                                  *
 *                 RENORMALIZATION                  *
 *       mu_ren  =  0.50 x m(3456)                  *
 *                                                  *
 *                  FACTORIZATION                   *
 *       mu_fac  =  0.50 x m(3456)                  *
 *                                                  *
 ****************************************************
 ====================================================
   This is QCDLoop - version 1.95                    
   Authors: Keith Ellis and Giulia Zanderighi        
   (ellis@fnal.gov, g.zanderighi1@physics.ox.ac.uk)  
   For details see FERMILAB-PUB-07-633-T,OUTP-07/16P 
   arXiv:0712.1851 [hep-ph], published in            
   JHEP 0802:002,2008.                               
 ====================================================
 ====================================================
   FF 2.0, a package to evaluate one-loop integrals
 written by G. J. van Oldenborgh, NIKHEF-H, Amsterdam
 ====================================================
 for the algorithms used see preprint NIKHEF-H 89/17,
 'New Algorithms for One-loop Integrals', by G.J. van
 Oldenborgh and J.A.M. Vermaseren, published in 
 Zeitschrift fuer Physik C46(1990)425.
 ====================================================
 ffini: precx =   4.44089209850062616E-016
 ffini: precc =   4.44089209850062616E-016
 ffini: xalogm =   4.94065645841246544E-324
 ffini: xclogm =   4.94065645841246544E-324
 Reading PDF grid from Pdfdata/mstw2008lo.00.dat

************* Integration by Vegas (iteration   1) **************
*                                                               *
*  integral  =  8.3589857       accum. integral =  8.3589857    *
*  std. dev. = 0.36828202       accum. std. dev = 0.36828202    *
*   max. wt. =   0.178863                                       *
*                                                               *
**************   chi**2/iteration =  0.000       ****************


************* Integration by Vegas (iteration   2) **************
*                                                               *
*  integral  =  14.687669       accum. integral =  8.3810723    *
*  std. dev. =  6.2231931       accum. std. dev = 0.36763882    *
*   max. wt. =    6.21938                                       *
*                                                               *
**************   chi**2/iteration =  1.020       ****************


************* Integration by Vegas (iteration   3) **************
*                                                               *
*  integral  =  14.866629       accum. integral =  8.4021293    *
*  std. dev. =  6.4415594       accum. std. dev = 0.36704152    *
*   max. wt. =    6.42447                                       *
*                                                               *
**************   chi**2/iteration =  1.015       ****************


************* Integration by Vegas (iteration   4) **************
*                                                               *
*  integral  =  11.982701       accum. integral =  8.6158763    *
*  std. dev. =  1.4567177       accum. std. dev = 0.35591743    *
*   max. wt. =    6.42447                                       *
*                                                               *
**************   chi**2/iteration =  2.565       ****************


************* Integration by Vegas (iteration   5) **************
*                                                               *
*  integral  =  13.073026       accum. integral =  10.268093    *
*  std. dev. = 0.46374268       accum. std. dev = 0.28234618    *
*   max. wt. =    6.42447                                       *
*                                                               *
**************   chi**2/iteration =  16.42       ****************


************* Integration by Vegas (iteration   6) **************
*                                                               *
*  integral  =  14.164758       accum. integral =  12.537960    *
*  std. dev. = 0.23902787       accum. std. dev = 0.18243250    *
*   max. wt. =    6.42447                                       *
*                                                               *
**************   chi**2/iteration =  35.29       ****************


************* Integration by Vegas (iteration   7) **************
*                                                               *
*  integral  =  14.248610       accum. integral =  14.048407    *
*  std. dev. = 0.66417760E-01   accum. std. dev = 0.62410326E-01*
*   max. wt. =    6.42447                                       *
*                                                               *
**************   chi**2/iteration =  42.34       ****************


************* Integration by Vegas (iteration   8) **************
*                                                               *
*  integral  =  14.218730       accum. integral =  14.187865    *
*  std. dev. = 0.29360676E-01   accum. std. dev = 0.26567546E-01*
*   max. wt. =    6.42447                                       *
*                                                               *
**************   chi**2/iteration =  37.17       ****************


************* Integration by Vegas (iteration   9) **************
*                                                               *
*  integral  =  14.112774       accum. integral =  14.144386    *
*  std. dev. = 0.22653794E-01   accum. std. dev = 0.17237941E-01*
*   max. wt. =    6.42447                                       *
*                                                               *
**************   chi**2/iteration =  33.10       ****************


************* Integration by Vegas (iteration  10) **************
*                                                               *
*  integral  =  14.159419       accum. integral =  14.150362    *
*  std. dev. = 0.21222963E-01   accum. std. dev = 0.13380371E-01*
*   max. wt. =    6.42447                                       *
*                                                               *
**************   chi**2/iteration =  29.46       ****************


************* Integration by Vegas (iteration  11) **************
*                                                               *
*  integral  =  14.151357       accum. integral =  14.150659    *
*  std. dev. = 0.20498509E-01   accum. std. dev = 0.11204594E-01*
*   max. wt. =    6.42447                                       *
*                                                               *
**************   chi**2/iteration =  26.52       ****************


************* Integration by Vegas (iteration  12) **************
*                                                               *
*  integral  =  14.150630       accum. integral =  14.150652    *
*  std. dev. = 0.20455500E-01   accum. std. dev = 0.98269463E-02*
*   max. wt. =    6.42447                                       *
*                                                               *
**************   chi**2/iteration =  24.11       ****************


************* Integration by Vegas (iteration  13) **************
*                                                               *
*  integral  =  14.153534       accum. integral =  14.151104    *
*  std. dev. = 0.22797775E-01   accum. std. dev = 0.90242755E-02*
*   max. wt. =    6.42447                                       *
*                                                               *
**************   chi**2/iteration =  22.11       ****************


************* Integration by Vegas (iteration  14) **************
*                                                               *
*  integral  =  14.150991       accum. integral =  14.151088    *
*  std. dev. = 0.22350759E-01   accum. std. dev = 0.83679448E-02*
*   max. wt. =    6.42447                                       *
*                                                               *
**************   chi**2/iteration =  20.41       ****************


************* Integration by Vegas (iteration  15) **************
*                                                               *
*  integral  =  14.131691       accum. integral =  14.148542    *
*  std. dev. = 0.21528637E-01   accum. std. dev = 0.77994901E-02*
*   max. wt. =    6.42447                                       *
*                                                               *
**************   chi**2/iteration =  19.00       ****************


************* Integration by Vegas (iteration  16) **************
*                                                               *
*  integral  =  14.131461       accum. integral =  14.146493    *
*  std. dev. = 0.21121946E-01   accum. std. dev = 0.73166047E-02*
*   max. wt. =    6.42447                                       *
*                                                               *
**************   chi**2/iteration =  17.77       ****************


************* Integration by Vegas (iteration  17) **************
*                                                               *
*  integral  =  14.127445       accum. integral =  14.144395    *
*  std. dev. = 0.20797116E-01   accum. std. dev = 0.69019373E-02*
*   max. wt. =    6.42447                                       *
*                                                               *
**************   chi**2/iteration =  16.71       ****************


************* Integration by Vegas (iteration  18) **************
*                                                               *
*  integral  =  14.133504       accum. integral =  14.143301    *
*  std. dev. = 0.20659357E-01   accum. std. dev = 0.65462791E-02*
*   max. wt. =    6.42447                                       *
*                                                               *
**************   chi**2/iteration =  15.74       ****************


************* Integration by Vegas (iteration  19) **************
*                                                               *
*  integral  =  14.118112       accum. integral =  14.140996    *
*  std. dev. = 0.20625823E-01   accum. std. dev = 0.62395572E-02*
*   max. wt. =    6.42447                                       *
*                                                               *
**************   chi**2/iteration =  14.94       ****************


************* Integration by Vegas (iteration  20) **************
*                                                               *
*  integral  =  14.149893       accum. integral =  14.141736    *
*  std. dev. = 0.20717311E-01   accum. std. dev = 0.59744746E-02*
*   max. wt. =    6.42447                                       *
*                                                               *
**************   chi**2/iteration =  14.17       ****************


************* Integration by Vegas (iteration  21) **************
*                                                               *
*  integral  =  14.129572       accum. integral =  14.140809    *
*  std. dev. = 0.20801039E-01   accum. std. dev = 0.57423109E-02*
*   max. wt. =    6.42447                                       *
*                                                               *
**************   chi**2/iteration =  13.47       ****************


************* Integration by Vegas (iteration  22) **************
*                                                               *
*  integral  =  14.151840       accum. integral =  14.141582    *
*  std. dev. = 0.20921709E-01   accum. std. dev = 0.55375216E-02*
*   max. wt. =    6.42447                                       *
*                                                               *
**************   chi**2/iteration =  12.84       ****************


************* Integration by Vegas (iteration  23) **************
*                                                               *
*  integral  =  14.131156       accum. integral =  14.140893    *
*  std. dev. = 0.20813175E-01   accum. std. dev = 0.53513563E-02*
*   max. wt. =    6.42447                                       *
*                                                               *
**************   chi**2/iteration =  12.27       ****************


************* Integration by Vegas (iteration  24) **************
*                                                               *
*  integral  =  14.111833       accum. integral =  14.139091    *
*  std. dev. = 0.20814726E-01   accum. std. dev = 0.51828109E-02*
*   max. wt. =    6.42447                                       *
*                                                               *
**************   chi**2/iteration =  11.82       ****************


************* Integration by Vegas (iteration  25) **************
*                                                               *
*  integral  =  14.146291       accum. integral =  14.139503    *
*  std. dev. = 0.21028590E-01   accum. std. dev = 0.50322229E-02*
*   max. wt. =    6.42447                                       *
*                                                               *
**************   chi**2/iteration =  11.33       ****************


************* Integration by Vegas (iteration  26) **************
*                                                               *
*  integral  =  14.118254       accum. integral =  14.138356    *
*  std. dev. = 0.21061345E-01   accum. std. dev = 0.48944537E-02*
*   max. wt. =    6.42447                                       *
*                                                               *
**************   chi**2/iteration =  10.92       ****************


************* Integration by Vegas (iteration  27) **************
*                                                               *
*  integral  =  14.117367       accum. integral =  14.137291    *
*  std. dev. = 0.21172197E-01   accum. std. dev = 0.47686897E-02*
*   max. wt. =    6.42447                                       *
*                                                               *
**************   chi**2/iteration =  10.53       ****************


************* Integration by Vegas (iteration  28) **************
*                                                               *
*  integral  =  14.145066       accum. integral =  14.137660    *
*  std. dev. = 0.21365665E-01   accum. std. dev = 0.46541734E-02*
*   max. wt. =    6.42447                                       *
*                                                               *
**************   chi**2/iteration =  10.15       ****************


************* Integration by Vegas (iteration  29) **************
*                                                               *
*  integral  =  14.152002       accum. integral =  14.138296    *
*  std. dev. = 0.21600873E-01   accum. std. dev = 0.45497623E-02*
*   max. wt. =    6.42447                                       *
*                                                               *
**************   chi**2/iteration =  9.799       ****************


************* Integration by Vegas (iteration  30) **************
*                                                               *
*  integral  =  14.152898       accum. integral =  14.138915    *
*  std. dev. = 0.21634766E-01   accum. std. dev = 0.44523732E-02*
*   max. wt. =    6.42447                                       *
*                                                               *
**************   chi**2/iteration =  9.476       ****************


************* Integration by Vegas (iteration  31) **************
*                                                               *
*  integral  =  14.134407       accum. integral =  14.138730    *
*  std. dev. = 0.21568151E-01   accum. std. dev = 0.43604336E-02*
*   max. wt. =    6.42447                                       *
*                                                               *
**************   chi**2/iteration =  9.162       ****************


************* Integration by Vegas (iteration  32) **************
*                                                               *
*  integral  =  14.106339       accum. integral =  14.137479    *
*  std. dev. = 0.21748802E-01   accum. std. dev = 0.42753530E-02*
*   max. wt. =    6.42447                                       *
*                                                               *
**************   chi**2/iteration =  8.935       ****************


************* Integration by Vegas (iteration  33) **************
*                                                               *
*  integral  =  14.148191       accum. integral =  14.137869    *
*  std. dev. = 0.21993975E-01   accum. std. dev = 0.41967971E-02*
*   max. wt. =    6.42447                                       *
*                                                               *
**************   chi**2/iteration =  8.663       ****************


************* Integration by Vegas (iteration  34) **************
*                                                               *
*  integral  =  14.198002       accum. integral =  14.139926    *
*  std. dev. = 0.22297808E-01   accum. std. dev = 0.41243795E-02*
*   max. wt. =    6.42447                                       *
*                                                               *
**************   chi**2/iteration =  8.614       ****************


************* Integration by Vegas (iteration  35) **************
*                                                               *
*  integral  =  14.139373       accum. integral =  14.139908    *
*  std. dev. = 0.22206547E-01   accum. std. dev = 0.40550334E-02*
*   max. wt. =    6.42447                                       *
*                                                               *
**************   chi**2/iteration =  8.360       ****************


************* Integration by Vegas (iteration  36) **************
*                                                               *
*  integral  =  14.129065       accum. integral =  14.139565    *
*  std. dev. = 0.22438352E-01   accum. std. dev = 0.39903952E-02*
*   max. wt. =    6.42447                                       *
*                                                               *
**************   chi**2/iteration =  8.128       ****************


************* Integration by Vegas (iteration  37) **************
*                                                               *
*  integral  =  14.144758       accum. integral =  14.139721    *
*  std. dev. = 0.22667214E-01   accum. std. dev = 0.39299631E-02*
*   max. wt. =    6.42447                                       *
*                                                               *
**************   chi**2/iteration =  7.904       ****************


************* Integration by Vegas (iteration  38) **************
*                                                               *
*  integral  =  14.135917       accum. integral =  14.139610    *
*  std. dev. = 0.22740802E-01   accum. std. dev = 0.38725611E-02*
*   max. wt. =    6.42447                                       *
*                                                               *
**************   chi**2/iteration =  7.691       ****************


************* Integration by Vegas (iteration  39) **************
*                                                               *
*  integral  =  14.190707       accum. integral =  14.141006    *
*  std. dev. = 0.23112023E-01   accum. std. dev = 0.38193184E-02*
*   max. wt. =    6.42447                                       *
*                                                               *
**************   chi**2/iteration =  7.614       ****************


************* Integration by Vegas (iteration  40) **************
*                                                               *
*  integral  =  14.176364       accum. integral =  14.141861    *
*  std. dev. = 0.24257913E-01   accum. std. dev = 0.37728416E-02*
*   max. wt. =    6.42447                                       *
*                                                               *
**************   chi**2/iteration =  7.472       ****************


 input parameters for vegas:  ndim= 10  ncall= 944784.
                              it=   41  itmx=  100
                              nprn=  0  alph= 1.50
                              mds=  1   nd= 100
                              xl( 1)=   0.000     xu( 1)=   1.000    
                              xl( 2)=   0.000     xu( 2)=   1.000    
                              xl( 3)=   0.000     xu( 3)=   1.000    
                              xl( 4)=   0.000     xu( 4)=   1.000    
                              xl( 5)=   0.000     xu( 5)=   1.000    
                              xl( 6)=   0.000     xu( 6)=   1.000    
                              xl( 7)=   0.000     xu( 7)=   1.000    
                              xl( 8)=   0.000     xu( 8)=   1.000    
                              xl( 9)=   0.000     xu( 9)=   1.000    
                              xl(10)=   0.000     xu(10)=   1.000    

************* Integration by Vegas (iteration   1) **************
*                                                               *
*  integral  =  14.112886       accum. integral =  14.112886    *
*  std. dev. = 0.24049496E-01   accum. std. dev = 0.24049496E-01*
*   max. wt. =   0.125789E-02                                   *
*                                                               *
**************   chi**2/iteration =  0.000       ****************

 Writing out intermediate results for iteration           1

************* Integration by Vegas (iteration   2) **************
*                                                               *
*  integral  =  14.177486       accum. integral =  14.144869    *
*  std. dev. = 0.24286704E-01   accum. std. dev = 0.17088810E-01*
*   max. wt. =   0.184136E-02                                   *
*                                                               *
**************   chi**2/iteration =  3.537       ****************

 Writing out intermediate results for iteration           2

************* Integration by Vegas (iteration   3) **************
*                                                               *
*  integral  =  14.142643       accum. integral =  14.144121    *
*  std. dev. = 0.24034821E-01   accum. std. dev = 0.13927333E-01*
*   max. wt. =   0.184136E-02                                   *
*                                                               *
**************   chi**2/iteration =  1.780       ****************

 Writing out intermediate results for iteration           3

************* Integration by Vegas (iteration   4) **************
*                                                               *
*  integral  =  14.150621       accum. integral =  14.145787    *
*  std. dev. = 0.23728530E-01   accum. std. dev = 0.12011214E-01*
*   max. wt. =   0.184136E-02                                   *
*                                                               *
**************   chi**2/iteration =  1.207       ****************

 Writing out intermediate results for iteration           4

************* Integration by Vegas (iteration   5) **************
*                                                               *
*  integral  =  14.168020       accum. integral =  14.150274    *
*  std. dev. = 0.23887135E-01   accum. std. dev = 0.10730973E-01*
*   max. wt. =   0.184136E-02                                   *
*                                                               *
**************   chi**2/iteration =  1.079       ****************

 Writing out intermediate results for iteration           5

************* Integration by Vegas (iteration   6) **************
*                                                               *
*  integral  =  14.144034       accum. integral =  14.149229    *
*  std. dev. = 0.23932854E-01   accum. std. dev = 0.97917388E-02*
*   max. wt. =   0.184136E-02                                   *
*                                                               *
**************   chi**2/iteration = 0.8746       ****************

 Writing out intermediate results for iteration           6

************* Integration by Vegas (iteration   7) **************
*                                                               *
*  integral  =  14.132093       accum. integral =  14.146777    *
*  std. dev. = 0.23961924E-01   accum. std. dev = 0.90641538E-02*
*   max. wt. =   0.184136E-02                                   *
*                                                               *
**************   chi**2/iteration = 0.8020       ****************

 Writing out intermediate results for iteration           7

************* Integration by Vegas (iteration   8) **************
*                                                               *
*  integral  =  14.131242       accum. integral =  14.144866    *
*  std. dev. = 0.24201209E-01   accum. std. dev = 0.84883340E-02*
*   max. wt. =   0.184136E-02                                   *
*                                                               *
**************   chi**2/iteration = 0.7391       ****************

 Writing out intermediate results for iteration           8

************* Integration by Vegas (iteration   9) **************
*                                                               *
*  integral  =  14.148914       accum. integral =  14.145295    *
*  std. dev. = 0.24670631E-01   accum. std. dev = 0.80265227E-02*
*   max. wt. =   0.184136E-02                                   *
*                                                               *
**************   chi**2/iteration = 0.6499       ****************

 Writing out intermediate results for iteration           9

************* Integration by Vegas (iteration  10) **************
*                                                               *
*  integral  =  14.161403       accum. integral =  14.146842    *
*  std. dev. = 0.24623322E-01   accum. std. dev = 0.76313124E-02*
*   max. wt. =   0.184136E-02                                   *
*                                                               *
**************   chi**2/iteration = 0.6207       ****************

 Writing out intermediate results for iteration          10

************* Integration by Vegas (iteration  11) **************
*                                                               *
*  integral  =  14.119230       accum. integral =  14.144464    *
*  std. dev. = 0.24862731E-01   accum. std. dev = 0.72953936E-02*
*   max. wt. =   0.265291E-02                                   *
*                                                               *
**************   chi**2/iteration = 0.6713       ****************

 Writing out intermediate results for iteration          11

************* Integration by Vegas (iteration  12) **************
*                                                               *
*  integral  =  14.100585       accum. integral =  14.141148    *
*  std. dev. = 0.25511933E-01   accum. std. dev = 0.70142401E-02*
*   max. wt. =   0.387337E-02                                   *
*                                                               *
**************   chi**2/iteration = 0.8587       ****************

 Writing out intermediate results for iteration          12

************* Integration by Vegas (iteration  13) **************
*                                                               *
*  integral  =  14.146841       accum. integral =  14.141531    *
*  std. dev. = 0.26085183E-01   accum. std. dev = 0.67736272E-02*
*   max. wt. =   0.387337E-02                                   *
*                                                               *
**************   chi**2/iteration = 0.7909       ****************

 Writing out intermediate results for iteration          13

************* Integration by Vegas (iteration  14) **************
*                                                               *
*  integral  =  14.127132       accum. integral =  14.140709    *
*  std. dev. = 0.27513835E-01   accum. std. dev = 0.65772378E-02*
*   max. wt. =   0.387337E-02                                   *
*                                                               *
**************   chi**2/iteration = 0.7499       ****************

 Writing out intermediate results for iteration          14

************* Integration by Vegas (iteration  15) **************
*                                                               *
*  integral  =  14.176281       accum. integral =  14.142788    *
*  std. dev. = 0.26394004E-01   accum. std. dev = 0.63820658E-02*
*   max. wt. =   0.387337E-02                                   *
*                                                               *
**************   chi**2/iteration = 0.8185       ****************

 Writing out intermediate results for iteration          15

************* Integration by Vegas (iteration  16) **************
*                                                               *
*  integral  =  14.115077       accum. integral =  14.141230    *
*  std. dev. = 0.26143599E-01   accum. std. dev = 0.62000021E-02*
*   max. wt. =   0.387337E-02                                   *
*                                                               *
**************   chi**2/iteration = 0.8346       ****************

 Writing out intermediate results for iteration          16

************* Integration by Vegas (iteration  17) **************
*                                                               *
*  integral  =  14.143322       accum. integral =  14.141344    *
*  std. dev. = 0.25804515E-01   accum. std. dev = 0.60284363E-02*
*   max. wt. =   0.387337E-02                                   *
*                                                               *
**************   chi**2/iteration = 0.7829       ****************

 Writing out intermediate results for iteration          17

************* Integration by Vegas (iteration  18) **************
*                                                               *
*  integral  =  14.149887       accum. integral =  14.141786    *
*  std. dev. = 0.25814570E-01   accum. std. dev = 0.58704862E-02*
*   max. wt. =   0.387337E-02                                   *
*                                                               *
**************   chi**2/iteration = 0.7429       ****************

 Writing out intermediate results for iteration          18

************* Integration by Vegas (iteration  19) **************
*                                                               *
*  integral  =  14.078608       accum. integral =  14.138694    *
*  std. dev. = 0.25879308E-01   accum. std. dev = 0.57250377E-02*
*   max. wt. =   0.387337E-02                                   *
*                                                               *
**************   chi**2/iteration =  1.016       ****************

 Writing out intermediate results for iteration          19

************* Integration by Vegas (iteration  20) **************
*                                                               *
*  integral  =  14.142432       accum. integral =  14.138873    *
*  std. dev. = 0.25513843E-01   accum. std. dev = 0.55861321E-02*
*   max. wt. =   0.387337E-02                                   *
*                                                               *
**************   chi**2/iteration = 0.9640       ****************

 Writing out intermediate results for iteration          20

************* Integration by Vegas (iteration  21) **************
*                                                               *
*  integral  =  14.148360       accum. integral =  14.139317    *
*  std. dev. = 0.25215876E-01   accum. std. dev = 0.54539055E-02*
*   max. wt. =   0.387337E-02                                   *
*                                                               *
**************   chi**2/iteration = 0.9226       ****************

 Writing out intermediate results for iteration          21

************* Integration by Vegas (iteration  22) **************
*                                                               *
*  integral  =  14.086553       accum. integral =  14.136958    *
*  std. dev. = 0.25211598E-01   accum. std. dev = 0.53306044E-02*
*   max. wt. =   0.387337E-02                                   *
*                                                               *
**************   chi**2/iteration =  1.078       ****************

 Writing out intermediate results for iteration          22

************* Integration by Vegas (iteration  23) **************
*                                                               *
*  integral  =  14.179360       accum. integral =  14.138689    *
*  std. dev. = 0.25836939E-01   accum. std. dev = 0.52206492E-02*
*   max. wt. =   0.387337E-02                                   *
*                                                               *
**************   chi**2/iteration =  1.146       ****************

 Writing out intermediate results for iteration          23

************* Integration by Vegas (iteration  24) **************
*                                                               *
*  integral  =  14.114764       accum. integral =  14.137754    *
*  std. dev. = 0.25882809E-01   accum. std. dev = 0.51175845E-02*
*   max. wt. =   0.387337E-02                                   *
*                                                               *
**************   chi**2/iteration =  1.132       ****************

 Writing out intermediate results for iteration          24

************* Integration by Vegas (iteration  25) **************
*                                                               *
*  integral  =  14.162460       accum. integral =  14.138645    *
*  std. dev. = 0.26463923E-01   accum. std. dev = 0.50244994E-02*
*   max. wt. =   0.387337E-02                                   *
*                                                               *
**************   chi**2/iteration =  1.120       ****************

 Writing out intermediate results for iteration          25

************* Integration by Vegas (iteration  26) **************
*                                                               *
*  integral  =  14.093619       accum. integral =  14.137051    *
*  std. dev. = 0.26227720E-01   accum. std. dev = 0.49347627E-02*
*   max. wt. =   0.387337E-02                                   *
*                                                               *
**************   chi**2/iteration =  1.189       ****************

 Writing out intermediate results for iteration          26

************* Integration by Vegas (iteration  27) **************
*                                                               *
*  integral  =  14.154367       accum. integral =  14.137626    *
*  std. dev. = 0.26621080E-01   accum. std. dev = 0.48521023E-02*
*   max. wt. =   0.387337E-02                                   *
*                                                               *
**************   chi**2/iteration =  1.159       ****************

 Writing out intermediate results for iteration          27

************* Integration by Vegas (iteration  28) **************
*                                                               *
*  integral  =  14.140267       accum. integral =  14.137715    *
*  std. dev. = 0.26002935E-01   accum. std. dev = 0.47697737E-02*
*   max. wt. =   0.387337E-02                                   *
*                                                               *
**************   chi**2/iteration =  1.116       ****************

 Writing out intermediate results for iteration          28

************* Integration by Vegas (iteration  29) **************
*                                                               *
*  integral  =  14.123039       accum. integral =  14.137265    *
*  std. dev. = 0.26831391E-01   accum. std. dev = 0.46961479E-02*
*   max. wt. =   0.387337E-02                                   *
*                                                               *
**************   chi**2/iteration =  1.087       ****************

 Writing out intermediate results for iteration          29

************* Integration by Vegas (iteration  30) **************
*                                                               *
*  integral  =  14.131261       accum. integral =  14.137081    *
*  std. dev. = 0.26382565E-01   accum. std. dev = 0.46234725E-02*
*   max. wt. =   0.387337E-02                                   *
*                                                               *
**************   chi**2/iteration =  1.051       ****************

 Writing out intermediate results for iteration          30

************* Integration by Vegas (iteration  31) **************
*                                                               *
*  integral  =  14.172288       accum. integral =  14.138183    *
*  std. dev. = 0.25713280E-01   accum. std. dev = 0.45504962E-02*
*   max. wt. =   0.387337E-02                                   *
*                                                               *
**************   chi**2/iteration =  1.077       ****************

 Writing out intermediate results for iteration          31

************* Integration by Vegas (iteration  32) **************
*                                                               *
*  integral  =  14.090912       accum. integral =  14.136705    *
*  std. dev. = 0.25329229E-01   accum. std. dev = 0.44787924E-02*
*   max. wt. =   0.387337E-02                                   *
*                                                               *
**************   chi**2/iteration =  1.151       ****************

 Writing out intermediate results for iteration          32

************* Integration by Vegas (iteration  33) **************
*                                                               *
*  integral  =  14.176732       accum. integral =  14.137883    *
*  std. dev. = 0.25730266E-01   accum. std. dev = 0.44124441E-02*
*   max. wt. =   0.387337E-02                                   *
*                                                               *
**************   chi**2/iteration =  1.188       ****************

 Writing out intermediate results for iteration          33

************* Integration by Vegas (iteration  34) **************
*                                                               *
*  integral  =  14.118501       accum. integral =  14.137329    *
*  std. dev. = 0.25721119E-01   accum. std. dev = 0.43489156E-02*
*   max. wt. =   0.387337E-02                                   *
*                                                               *
**************   chi**2/iteration =  1.169       ****************

 Writing out intermediate results for iteration          34

************* Integration by Vegas (iteration  35) **************
*                                                               *
*  integral  =  14.146123       accum. integral =  14.137571    *
*  std. dev. = 0.25817328E-01   accum. std. dev = 0.42884976E-02*
*   max. wt. =   0.387337E-02                                   *
*                                                               *
**************   chi**2/iteration =  1.138       ****************

 Writing out intermediate results for iteration          35

************* Integration by Vegas (iteration  36) **************
*                                                               *
*  integral  =  14.125076       accum. integral =  14.137238    *
*  std. dev. = 0.25896279E-01   accum. std. dev = 0.42308756E-02*
*   max. wt. =   0.387337E-02                                   *
*                                                               *
**************   chi**2/iteration =  1.112       ****************

 Writing out intermediate results for iteration          36

************* Integration by Vegas (iteration  37) **************
*                                                               *
*  integral  =  14.135735       accum. integral =  14.137200    *
*  std. dev. = 0.26310838E-01   accum. std. dev = 0.41772135E-02*
*   max. wt. =   0.387337E-02                                   *
*                                                               *
**************   chi**2/iteration =  1.081       ****************

 Writing out intermediate results for iteration          37

************* Integration by Vegas (iteration  38) **************
*                                                               *
*  integral  =  14.138208       accum. integral =  14.137224    *
*  std. dev. = 0.26439805E-01   accum. std. dev = 0.41260365E-02*
*   max. wt. =   0.387337E-02                                   *
*                                                               *
**************   chi**2/iteration =  1.052       ****************

 Writing out intermediate results for iteration          38

************* Integration by Vegas (iteration  39) **************
*                                                               *
*  integral  =  14.152270       accum. integral =  14.137576    *
*  std. dev. = 0.26690208E-01   accum. std. dev = 0.40776009E-02*
*   max. wt. =   0.387337E-02                                   *
*                                                               *
**************   chi**2/iteration =  1.032       ****************

 Writing out intermediate results for iteration          39

************* Integration by Vegas (iteration  40) **************
*                                                               *
*  integral  =  14.168016       accum. integral =  14.138251    *
*  std. dev. = 0.27062397E-01   accum. std. dev = 0.40320882E-02*
*   max. wt. =   0.387337E-02                                   *
*                                                               *
**************   chi**2/iteration =  1.038       ****************

 Writing out intermediate results for iteration          40

************* Integration by Vegas (iteration  41) **************
*                                                               *
*  integral  =  14.130499       accum. integral =  14.138087    *
*  std. dev. = 0.27400431E-01   accum. std. dev = 0.39891285E-02*
*   max. wt. =   0.387337E-02                                   *
*                                                               *
**************   chi**2/iteration =  1.014       ****************

 Writing out intermediate results for iteration          41

************* Integration by Vegas (iteration  42) **************
*                                                               *
*  integral  =  14.151132       accum. integral =  14.138361    *
*  std. dev. = 0.27248895E-01   accum. std. dev = 0.39470565E-02*
*   max. wt. =   0.387337E-02                                   *
*                                                               *
**************   chi**2/iteration = 0.9943       ****************

 Writing out intermediate results for iteration          42

************* Integration by Vegas (iteration  43) **************
*                                                               *
*  integral  =  14.127339       accum. integral =  14.138138    *
*  std. dev. = 0.27474540E-01   accum. std. dev = 0.39069449E-02*
*   max. wt. =   0.387337E-02                                   *
*                                                               *
**************   chi**2/iteration = 0.9744       ****************

 Writing out intermediate results for iteration          43

************* Integration by Vegas (iteration  44) **************
*                                                               *
*  integral  =  14.141569       accum. integral =  14.138205    *
*  std. dev. = 0.27587524E-01   accum. std. dev = 0.38683453E-02*
*   max. wt. =   0.387337E-02                                   *
*                                                               *
**************   chi**2/iteration = 0.9521       ****************

 Writing out intermediate results for iteration          44

************* Integration by Vegas (iteration  45) **************
*                                                               *
*  integral  =  14.193286       accum. integral =  14.139225    *
*  std. dev. = 0.28159711E-01   accum. std. dev = 0.38323542E-02*
*   max. wt. =   0.387337E-02                                   *
*                                                               *
**************   chi**2/iteration =  1.016       ****************

 Writing out intermediate results for iteration          45

************* Integration by Vegas (iteration  46) **************
*                                                               *
*  integral  =  14.177660       accum. integral =  14.139956    *
*  std. dev. = 0.27538813E-01   accum. std. dev = 0.37957759E-02*
*   max. wt. =   0.387337E-02                                   *
*                                                               *
**************   chi**2/iteration =  1.036       ****************

 Writing out intermediate results for iteration          46

************* Integration by Vegas (iteration  47) **************
*                                                               *
*  integral  =  14.108568       accum. integral =  14.139390    *
*  std. dev. = 0.28015978E-01   accum. std. dev = 0.37614097E-02*
*   max. wt. =   0.387337E-02                                   *
*                                                               *
**************   chi**2/iteration =  1.040       ****************

 Writing out intermediate results for iteration          47

************* Integration by Vegas (iteration  48) **************
*                                                               *
*  integral  =  14.145818       accum. integral =  14.139511    *
*  std. dev. = 0.27133204E-01   accum. std. dev = 0.37257798E-02*
*   max. wt. =   0.387337E-02                                   *
*                                                               *
**************   chi**2/iteration =  1.019       ****************

 Writing out intermediate results for iteration          48

************* Integration by Vegas (iteration  49) **************
*                                                               *
*  integral  =  14.100320       accum. integral =  14.138792    *
*  std. dev. = 0.27261832E-01   accum. std. dev = 0.36914652E-02*
*   max. wt. =   0.387337E-02                                   *
*                                                               *
**************   chi**2/iteration =  1.040       ****************

 Writing out intermediate results for iteration          49

************* Integration by Vegas (iteration  50) **************
*                                                               *
*  integral  =  14.149602       accum. integral =  14.138988    *
*  std. dev. = 0.27178934E-01   accum. std. dev = 0.36578804E-02*
*   max. wt. =   0.387337E-02                                   *
*                                                               *
**************   chi**2/iteration =  1.022       ****************

 Writing out intermediate results for iteration          50

************* Integration by Vegas (iteration  51) **************
*                                                               *
*  integral  =  14.149503       accum. integral =  14.139171    *
*  std. dev. = 0.27477438E-01   accum. std. dev = 0.36258929E-02*
*   max. wt. =   0.387337E-02                                   *
*                                                               *
**************   chi**2/iteration =  1.004       ****************

 Writing out intermediate results for iteration          51

************* Integration by Vegas (iteration  52) **************
*                                                               *
*  integral  =  14.146661       accum. integral =  14.139298    *
*  std. dev. = 0.27674753E-01   accum. std. dev = 0.35951674E-02*
*   max. wt. =   0.387337E-02                                   *
*                                                               *
**************   chi**2/iteration = 0.9861       ****************

 Writing out intermediate results for iteration          52

************* Integration by Vegas (iteration  53) **************
*                                                               *
*  integral  =  14.166905       accum. integral =  14.139741    *
*  std. dev. = 0.28127968E-01   accum. std. dev = 0.35661559E-02*
*   max. wt. =   0.387337E-02                                   *
*                                                               *
**************   chi**2/iteration = 0.9854       ****************

 Writing out intermediate results for iteration          53

************* Integration by Vegas (iteration  54) **************
*                                                               *
*  integral  =  14.136365       accum. integral =  14.139687    *
*  std. dev. = 0.27855904E-01   accum. std. dev = 0.35372865E-02*
*   max. wt. =   0.387337E-02                                   *
*                                                               *
**************   chi**2/iteration = 0.9671       ****************

 Writing out intermediate results for iteration          54

************* Integration by Vegas (iteration  55) **************
*                                                               *
*  integral  =  14.101416       accum. integral =  14.139071    *
*  std. dev. = 0.27649598E-01   accum. std. dev = 0.35086901E-02*
*   max. wt. =   0.387337E-02                                   *
*                                                               *
**************   chi**2/iteration = 0.9841       ****************

 Writing out intermediate results for iteration          55

************* Integration by Vegas (iteration  56) **************
*                                                               *
*  integral  =  14.131834       accum. integral =  14.138956    *
*  std. dev. = 0.27605792E-01   accum. std. dev = 0.34806886E-02*
*   max. wt. =   0.387337E-02                                   *
*                                                               *
**************   chi**2/iteration = 0.9674       ****************

 Writing out intermediate results for iteration          56

************* Integration by Vegas (iteration  57) **************
*                                                               *
*  integral  =  14.134647       accum. integral =  14.138889    *
*  std. dev. = 0.27783231E-01   accum. std. dev = 0.34536911E-02*
*   max. wt. =   0.387337E-02                                   *
*                                                               *
**************   chi**2/iteration = 0.9506       ****************

 Writing out intermediate results for iteration          57

************* Integration by Vegas (iteration  58) **************
*                                                               *
*  integral  =  14.103646       accum. integral =  14.138356    *
*  std. dev. = 0.27860150E-01   accum. std. dev = 0.34274560E-02*
*   max. wt. =   0.387337E-02                                   *
*                                                               *
**************   chi**2/iteration = 0.9615       ****************

 Writing out intermediate results for iteration          58

************* Integration by Vegas (iteration  59) **************
*                                                               *
*  integral  =  14.143440       accum. integral =  14.138431    *
*  std. dev. = 0.27911677E-01   accum. std. dev = 0.34019033E-02*
*   max. wt. =   0.387337E-02                                   *
*                                                               *
**************   chi**2/iteration = 0.9455       ****************

 Writing out intermediate results for iteration          59

************* Integration by Vegas (iteration  60) **************
*                                                               *
*  integral  =  14.114448       accum. integral =  14.138091    *
*  std. dev. = 0.28365917E-01   accum. std. dev = 0.33776993E-02*
*   max. wt. =   0.387337E-02                                   *
*                                                               *
**************   chi**2/iteration = 0.9414       ****************

 Writing out intermediate results for iteration          60

************* Integration by Vegas (iteration  61) **************
*                                                               *
*  integral  =  14.155414       accum. integral =  14.138330    *
*  std. dev. = 0.28556376E-01   accum. std. dev = 0.33543163E-02*
*   max. wt. =   0.387337E-02                                   *
*                                                               *
**************   chi**2/iteration = 0.9318       ****************

 Writing out intermediate results for iteration          61

************* Integration by Vegas (iteration  62) **************
*                                                               *
*  integral  =  14.162189       accum. integral =  14.138653    *
*  std. dev. = 0.28633650E-01   accum. std. dev = 0.33315346E-02*
*   max. wt. =   0.387337E-02                                   *
*                                                               *
**************   chi**2/iteration = 0.9278       ****************

 Writing out intermediate results for iteration          62

************* Integration by Vegas (iteration  63) **************
*                                                               *
*  integral  =  14.135611       accum. integral =  14.138613    *
*  std. dev. = 0.28611706E-01   accum. std. dev = 0.33091770E-02*
*   max. wt. =   0.387337E-02                                   *
*                                                               *
**************   chi**2/iteration = 0.9130       ****************

 Writing out intermediate results for iteration          63

************* Integration by Vegas (iteration  64) **************
*                                                               *
*  integral  =  14.091532       accum. integral =  14.137982    *
*  std. dev. = 0.28411356E-01   accum. std. dev = 0.32869564E-02*
*   max. wt. =   0.387337E-02                                   *
*                                                               *
**************   chi**2/iteration = 0.9415       ****************

 Writing out intermediate results for iteration          64

************* Integration by Vegas (iteration  65) **************
*                                                               *
*  integral  =  14.139916       accum. integral =  14.138007    *
*  std. dev. = 0.28765542E-01   accum. std. dev = 0.32657054E-02*
*   max. wt. =   0.387337E-02                                   *
*                                                               *
**************   chi**2/iteration = 0.9268       ****************

 Writing out intermediate results for iteration          65

************* Integration by Vegas (iteration  66) **************
*                                                               *
*  integral  =  14.098356       accum. integral =  14.137492    *
*  std. dev. = 0.28471182E-01   accum. std. dev = 0.32444324E-02*
*   max. wt. =   0.387337E-02                                   *
*                                                               *
**************   chi**2/iteration = 0.9420       ****************

 Writing out intermediate results for iteration          66

************* Integration by Vegas (iteration  67) **************
*                                                               *
*  integral  =  14.138844       accum. integral =  14.137511    *
*  std. dev. = 0.27735635E-01   accum. std. dev = 0.32224598E-02*
*   max. wt. =   0.387337E-02                                   *
*                                                               *
**************   chi**2/iteration = 0.9278       ****************

 Writing out intermediate results for iteration          67

************* Integration by Vegas (iteration  68) **************
*                                                               *
*  integral  =  14.159841       accum. integral =  14.137811    *
*  std. dev. = 0.27576662E-01   accum. std. dev = 0.32006813E-02*
*   max. wt. =   0.387337E-02                                   *
*                                                               *
**************   chi**2/iteration = 0.9236       ****************

 Writing out intermediate results for iteration          68

************* Integration by Vegas (iteration  69) **************
*                                                               *
*  integral  =  14.147491       accum. integral =  14.137944    *
*  std. dev. = 0.27213294E-01   accum. std. dev = 0.31787705E-02*
*   max. wt. =   0.387337E-02                                   *
*                                                               *
**************   chi**2/iteration = 0.9119       ****************

 Writing out intermediate results for iteration          69

************* Integration by Vegas (iteration  70) **************
*                                                               *
*  integral  =  14.115639       accum. integral =  14.137648    *
*  std. dev. = 0.27433866E-01   accum. std. dev = 0.31576440E-02*
*   max. wt. =   0.387337E-02                                   *
*                                                               *
**************   chi**2/iteration = 0.9081       ****************

 Writing out intermediate results for iteration          70

************* Integration by Vegas (iteration  71) **************
*                                                               *
*  integral  =  14.135412       accum. integral =  14.137618    *
*  std. dev. = 0.27149177E-01   accum. std. dev = 0.31365010E-02*
*   max. wt. =   0.387337E-02                                   *
*                                                               *
**************   chi**2/iteration = 0.8952       ****************

 Writing out intermediate results for iteration          71

************* Integration by Vegas (iteration  72) **************
*                                                               *
*  integral  =  14.156339       accum. integral =  14.137863    *
*  std. dev. = 0.27227982E-01   accum. std. dev = 0.31158957E-02*
*   max. wt. =   0.387337E-02                                   *
*                                                               *
**************   chi**2/iteration = 0.8892       ****************

 Writing out intermediate results for iteration          72

************* Integration by Vegas (iteration  73) **************
*                                                               *
*  integral  =  14.177142       accum. integral =  14.138353    *
*  std. dev. = 0.27719408E-01   accum. std. dev = 0.30963946E-02*
*   max. wt. =   0.387337E-02                                   *
*                                                               *
**************   chi**2/iteration = 0.9044       ****************

 Writing out intermediate results for iteration          73

************* Integration by Vegas (iteration  74) **************
*                                                               *
*  integral  =  14.127568       accum. integral =  14.138218    *
*  std. dev. = 0.27468912E-01   accum. std. dev = 0.30769078E-02*
*   max. wt. =   0.387337E-02                                   *
*                                                               *
**************   chi**2/iteration = 0.8941       ****************

 Writing out intermediate results for iteration          74

************* Integration by Vegas (iteration  75) **************
*                                                               *
*  integral  =  14.165632       accum. integral =  14.138551    *
*  std. dev. = 0.27744775E-01   accum. std. dev = 0.30581592E-02*
*   max. wt. =   0.387337E-02                                   *
*                                                               *
**************   chi**2/iteration = 0.8950       ****************

 Writing out intermediate results for iteration          75

************* Integration by Vegas (iteration  76) **************
*                                                               *
*  integral  =  14.169732       accum. integral =  14.138922    *
*  std. dev. = 0.27874382E-01   accum. std. dev = 0.30399186E-02*
*   max. wt. =   0.387337E-02                                   *
*                                                               *
**************   chi**2/iteration = 0.8996       ****************

 Writing out intermediate results for iteration          76

************* Integration by Vegas (iteration  77) **************
*                                                               *
*  integral  =  14.181316       accum. integral =  14.139429    *
*  std. dev. = 0.27625685E-01   accum. std. dev = 0.30216793E-02*
*   max. wt. =   0.387337E-02                                   *
*                                                               *
**************   chi**2/iteration = 0.9184       ****************

 Writing out intermediate results for iteration          77

************* Integration by Vegas (iteration  78) **************
*                                                               *
*  integral  =  14.198427       accum. integral =  14.140087    *
*  std. dev. = 0.28467818E-01   accum. std. dev = 0.30047999E-02*
*   max. wt. =   0.387337E-02                                   *
*                                                               *
**************   chi**2/iteration = 0.9616       ****************

 Writing out intermediate results for iteration          78

************* Integration by Vegas (iteration  79) **************
*                                                               *
*  integral  =  14.102251       accum. integral =  14.139634    *
*  std. dev. = 0.27310992E-01   accum. std. dev = 0.29867772E-02*
*   max. wt. =   0.387337E-02                                   *
*                                                               *
**************   chi**2/iteration = 0.9736       ****************

 Writing out intermediate results for iteration          79

************* Integration by Vegas (iteration  80) **************
*                                                               *
*  integral  =  14.149272       accum. integral =  14.139744    *
*  std. dev. = 0.27754627E-01   accum. std. dev = 0.29696315E-02*
*   max. wt. =   0.387337E-02                                   *
*                                                               *
**************   chi**2/iteration = 0.9627       ****************

 Writing out intermediate results for iteration          80

************* Integration by Vegas (iteration  81) **************
*                                                               *
*  integral  =  14.155130       accum. integral =  14.139905    *
*  std. dev. = 0.28875227E-01   accum. std. dev = 0.29540504E-02*
*   max. wt. =   0.470001E-02                                   *
*                                                               *
**************   chi**2/iteration = 0.9542       ****************

 Writing out intermediate results for iteration          81

************* Integration by Vegas (iteration  82) **************
*                                                               *
*  integral  =  14.167571       accum. integral =  14.140229    *
*  std. dev. = 0.27168437E-01   accum. std. dev = 0.29367417E-02*
*   max. wt. =   0.470001E-02                                   *
*                                                               *
**************   chi**2/iteration = 0.9551       ****************

 Writing out intermediate results for iteration          82

************* Integration by Vegas (iteration  83) **************
*                                                               *
*  integral  =  14.161125       accum. integral =  14.140477    *
*  std. dev. = 0.26783465E-01   accum. std. dev = 0.29192457E-02*
*   max. wt. =   0.470001E-02                                   *
*                                                               *
**************   chi**2/iteration = 0.9508       ****************

 Writing out intermediate results for iteration          83

************* Integration by Vegas (iteration  84) **************
*                                                               *
*  integral  =  14.156503       accum. integral =  14.140677    *
*  std. dev. = 0.25936264E-01   accum. std. dev = 0.29009282E-02*
*   max. wt. =   0.470001E-02                                   *
*                                                               *
**************   chi**2/iteration = 0.9439       ****************

 Writing out intermediate results for iteration          84

************* Integration by Vegas (iteration  85) **************
*                                                               *
*  integral  =  14.113321       accum. integral =  14.140343    *
*  std. dev. = 0.26062618E-01   accum. std. dev = 0.28831236E-02*
*   max. wt. =   0.470001E-02                                   *
*                                                               *
**************   chi**2/iteration = 0.9456       ****************

 Writing out intermediate results for iteration          85

************* Integration by Vegas (iteration  86) **************
*                                                               *
*  integral  =  14.128736       accum. integral =  14.140202    *
*  std. dev. = 0.26020892E-01   accum. std. dev = 0.28655873E-02*
*   max. wt. =   0.470001E-02                                   *
*                                                               *
**************   chi**2/iteration = 0.9368       ****************

 Writing out intermediate results for iteration          86

************* Integration by Vegas (iteration  87) **************
*                                                               *
*  integral  =  14.123964       accum. integral =  14.140007    *
*  std. dev. = 0.26026306E-01   accum. std. dev = 0.28483742E-02*
*   max. wt. =   0.470001E-02                                   *
*                                                               *
**************   chi**2/iteration = 0.9304       ****************

 Writing out intermediate results for iteration          87

************* Integration by Vegas (iteration  88) **************
*                                                               *
*  integral  =  14.103572       accum. integral =  14.139580    *
*  std. dev. = 0.26147072E-01   accum. std. dev = 0.28316221E-02*
*   max. wt. =   0.470001E-02                                   *
*                                                               *
**************   chi**2/iteration = 0.9417       ****************

 Writing out intermediate results for iteration          88

************* Integration by Vegas (iteration  89) **************
*                                                               *
*  integral  =  14.114010       accum. integral =  14.139303    *
*  std. dev. = 0.27073464E-01   accum. std. dev = 0.28162602E-02*
*   max. wt. =   0.470001E-02                                   *
*                                                               *
**************   chi**2/iteration = 0.9410       ****************

 Writing out intermediate results for iteration          89

************* Integration by Vegas (iteration  90) **************
*                                                               *
*  integral  =  14.143890       accum. integral =  14.139348    *
*  std. dev. = 0.28436327E-01   accum. std. dev = 0.28025495E-02*
*   max. wt. =   0.470001E-02                                   *
*                                                               *
**************   chi**2/iteration = 0.9308       ****************

 Writing out intermediate results for iteration          90

************* Integration by Vegas (iteration  91) **************
*                                                               *
*  integral  =  14.155386       accum. integral =  14.139514    *
*  std. dev. = 0.27412531E-01   accum. std. dev = 0.27880169E-02*
*   max. wt. =   0.470001E-02                                   *
*                                                               *
**************   chi**2/iteration = 0.9242       ****************

 Writing out intermediate results for iteration          91

************* Integration by Vegas (iteration  92) **************
*                                                               *
*  integral  =  14.207378       accum. integral =  14.140246    *
*  std. dev. = 0.26702685E-01   accum. std. dev = 0.27729434E-02*
*   max. wt. =   0.470001E-02                                   *
*                                                               *
**************   chi**2/iteration = 0.9842       ****************

 Writing out intermediate results for iteration          92

************* Integration by Vegas (iteration  93) **************
*                                                               *
*  integral  =  14.128160       accum. integral =  14.140110    *
*  std. dev. = 0.25994064E-01   accum. std. dev = 0.27572991E-02*
*   max. wt. =   0.470001E-02                                   *
*                                                               *
**************   chi**2/iteration = 0.9759       ****************

 Writing out intermediate results for iteration          93

************* Integration by Vegas (iteration  94) **************
*                                                               *
*  integral  =  14.100799       accum. integral =  14.139673    *
*  std. dev. = 0.26002404E-01   accum. std. dev = 0.27419264E-02*
*   max. wt. =   0.470001E-02                                   *
*                                                               *
**************   chi**2/iteration = 0.9897       ****************

 Writing out intermediate results for iteration          94

************* Integration by Vegas (iteration  95) **************
*                                                               *
*  integral  =  14.137639       accum. integral =  14.139651    *
*  std. dev. = 0.26221393E-01   accum. std. dev = 0.27270574E-02*
*   max. wt. =   0.470001E-02                                   *
*                                                               *
**************   chi**2/iteration = 0.9792       ****************

 Writing out intermediate results for iteration          95

************* Integration by Vegas (iteration  96) **************
*                                                               *
*  integral  =  14.122656       accum. integral =  14.139470    *
*  std. dev. = 0.26344233E-01   accum. std. dev = 0.27125627E-02*
*   max. wt. =   0.470001E-02                                   *
*                                                               *
**************   chi**2/iteration = 0.9732       ****************

 Writing out intermediate results for iteration          96

************* Integration by Vegas (iteration  97) **************
*                                                               *
*  integral  =  14.163814       accum. integral =  14.139721    *
*  std. dev. = 0.26578716E-01   accum. std. dev = 0.26985454E-02*
*   max. wt. =   0.470001E-02                                   *
*                                                               *
**************   chi**2/iteration = 0.9717       ****************

 Writing out intermediate results for iteration          97

************* Integration by Vegas (iteration  98) **************
*                                                               *
*  integral  =  14.152790       accum. integral =  14.139853    *
*  std. dev. = 0.26763646E-01   accum. std. dev = 0.26849318E-02*
*   max. wt. =   0.470001E-02                                   *
*                                                               *
**************   chi**2/iteration = 0.9642       ****************

 Writing out intermediate results for iteration          98

************* Integration by Vegas (iteration  99) **************
*                                                               *
*  integral  =  14.154167       accum. integral =  14.139993    *
*  std. dev. = 0.26980418E-01   accum. std. dev = 0.26717352E-02*
*   max. wt. =   0.470001E-02                                   *
*                                                               *
**************   chi**2/iteration = 0.9572       ****************

 Writing out intermediate results for iteration          99

************* Integration by Vegas (iteration 100) **************
*                                                               *
*  integral  =  14.103249       accum. integral =  14.139649    *
*  std. dev. = 0.27493792E-01   accum. std. dev = 0.26592090E-02*
*   max. wt. =   0.470001E-02                                   *
*                                                               *
**************   chi**2/iteration = 0.9654       ****************


Value of final lord integral is       14.1396 +/-     0.0027 fb

 Total number of shots       :     94478400
 Total no. failing cuts      :     39305353
 Number failing jet cuts     :            0
 Number failing process cuts :            0

   Jet efficiency : 100.00%
   Cut efficiency : 100.00%
 Total efficiency : 100.00%

 Contribution from parton sub-processes:
 ---------------------------------------
       GG     |          14.13965  100.00%
       GQ     |           0.00000    0.00%
       GQB    |           0.00000    0.00%
       QG     |           0.00000    0.00%
       QBG    |           0.00000    0.00%
       QQ     |           0.00000    0.00%
       QBQB   |           0.00000    0.00%
       QQB    |           0.00000    0.00%
       QBQ    |           0.00000    0.00%
 ---------------------------------------

 ****************************************************
 output files  E_var/E_100/MSTW/HTOP/HZZ_tb_lord_mstw8lo_0___0___126_128_run_100
 ****************************************************
