 ************** MCFM - version 6.8 ****************
 *                                                *
 * MCFM, v6.8                   April 26th, 2014  *
 *                                                *
 * Authors: John Campbell, Keith Ellis,           *
 *          Ciaran Williams                       *
 *         (johnmc@fnal.gov, ellis@fnal.gov,      *
 *          ciaran@fnal.gov)                      *
 *                                                *
 * For details see:                               *
 *                                                *
 *  arXiv:1403.2641 (Triphoton production)        *
 *  arXiv:1312.1628 (gg->WW, Higgs interference)  *
 *  arXiv:1311.3589 (gg->ZZ, Higgs interference)  *
 *  Phys.Rev.D87:114006, arXiv:1302.3856          *
 *  (tZ, tH -- with R. Rontsch)                   *
 *  arXiv:1211.6390 (DM, P. Fox and C. Williams)  *
 *  JHEP 1211:162 (2012), arXiv:1208.0566         *
 *  (Z+gam+jet,Z+gam+gam -- with H. Hartanto)     *
 *  arXiv:1204.1513 (top production+decay)        *
 *  JHEP 1207:052 (2012), arXiv:1204.5678 (ttW)   *
 *  JHEP 1110:005 (2011), arXiv:1107.5569         *
 *         (gg->WW,Higgs intference)              *
 *  JHEP 1107:018 (2011), arXiv:1105.0020         *
 *         (diboson update)                       *
 *  JHEP 1103:027 (2011), arXiv:1011.6647         *
 *         (Wbb for mb>0, with S. Badger)         *
 *  Phys.Rev.D81:074023, arXiv:1001.4495 (H+2jet) *
 *                                                *
 *  P.R.L. 102:142001, arXiv:0903.0005 [hep-ph]   *
 *    (t-channel single top + explicit b,         *
 *      JC, R.Frederix, F.Maltoni, F.Tramontano)  *
 *  N.P.B 726:109(2005), hep-ph/0506289 (W+t)     *
 *  Phys.Rev.D70:094012, hep-ph/0408158 (Sngl Top)*
 *       (with Francesco Tramontano)              *
 *                                                *
 *  Phys.Rev.D65:113007, hep-ph/0202176 (W,Z+2j)  *
 *  Phys.Rev.D62:114012, hep-ph/0006304 (W,Z+bb)  *
 *  Phys.Rev.D60:113006, hep-ph/9905386 (diboson) *
 *                                                *
 * On the web:  http://mcfm.fnal.gov/             *
 **************************************************

 * Using input file named cluster_CMS_mT/MSTW/TOP/input_131_8.DAT                                 

 * [Flags to specify the mode in which MCFM is run]                                          
 *                   -1            [nevtrequested] 
 *                    F            [creatent] 
 *                    F            [skipnt] 
 *                    F            [dswhisto] 
 *                    F            [creategrid] 
 *                    T            [writetop] 
 *                    T            [writedat] 
 *                    T            [writegnu] 
 *                    T            [writeroot] 
 *                    F            [writepwg] 

 * [General options to specify the process and execution]                                    
 *                  131            [nproc] 
 *                 lord            [part] 
 * 131_run_8                       [runstring] 
 *            8000.0000            [sqrts] 
 *                    1            [ih1] 
 *                    1            [ih2] 
 *             126.0000            [hmass] 
 *              63.0000            [scale] 
 *              63.0000            [facscale] 
 * no                              [dynamicscale] 
 *                    F            [zerowidth] 
 *                    F            [removebr] 
 *                   20            [itmx1] 
 *               500000            [ncall1] 
 *                   50            [itmx2] 
 *               500000            [ncall2] 
 *                 2020            [ij] 
 *                    F            [dryrun] 
 *                    T            [Qflag] 
 *                    T            [Gflag] 

 * [Heavy quark masses]                                                                      
 *             173.2000            [top mass] 
 *               4.7500            [bottom mass] 
 *               1.5000            [charm mass] 

 * [Pdf selection]                                                                           
 *              mstw8lo            [pdlabel] 
 *                    4            [NGROUP] 
 *                   46            [NSET] 
 * cteq6mE.LHgrid                  [LHAPDF group] 
 *                   -1            [LHAPDF set] 

 * [Jet definition and event cuts]                                                           
 *               0.0000            [m34min] 
 *            8000.0000            [m34max] 
 *               0.0000            [m56min] 
 *            8000.0000            [m56max] 
 *                    T            [inclusive] 
 *                 ankt            [algorithm] 
 *              15.0000            [ptjetmin] 
 *               0.0000            [etajetmin] 
 *               5.0000            [etajetmax] 
 *               0.5000            [Rcut] 
 *                    T            [makecuts] 
 *               0.0000            [leptpt] 
 *              99.0000            [leptrap] 
 *    0.000,   0.000                [leptveto] 
 *               0.0000            [misspt] 
 *               0.0000            [leptpt2] 
 *              99.0000            [leptrap2] 
 *    0.000,   0.000                [leptveto2] 
 *               0.0000            [mtrans34cut] 
 *               0.0000            [Rjlmin] 
 *               0.0000            [Rllmin] 
 *               0.0000            [delyjjmin] 
 *                    F            [jetsopphem] 
 *                    0            [lbjscheme] 
 *               0.0000            [ptbjetmin] 
 *              99.0000            [etabjetmax] 

 * [Settings for photon processes]                                                           
 *                    F            [frag] 
 *             GdRG__LO            [fragset] 
 *              80.0000            [frag_scale] 
 *              20.0000            [gammpt] 
 *               2.5000            [gammrap] 
 *              20.0000            [gammpt2] 
 *              20.0000            [gammpt3] 
 *               0.0000            [Rgalmin] 
 *               0.4000            [Rgagamin] 
 *               0.4000            [Rgajetmin] 
 *               0.4000            [cone_ang] 
 *               0.5000            [epsilon_h] 

 * [Anomalous couplings of the W and Z]                                                      
 *               0.0000            [delg1_z] 
 *               0.0000            [delk_z] 
 *               0.0000            [delk_g] 
 *               0.0000            [lambda_z] 
 *               0.0000            [lambda_g] 
 *               0.0000            [h1Z] 
 *               0.0000            [h1gam] 
 *               0.0000            [h2Z] 
 *               0.0000            [h2gam] 
 *               0.0000            [h3Z] 
 *               0.0000            [h3gam] 
 *               0.0000            [h4Z] 
 *               0.0000            [h4gam] 
 *               2.0000            [tevscale] 

 * [Anomalous width of the Higgs]                                                            
 *               1.0000            [Gamma_H/Gamma_H(SM)] 

 * [How to resume/save a run]                                                                
 *                    F            [readin] 
 *                    F            [writeout] 
 *                                 [ingridfile] 
 *                                 [outgridfile] 

 * [Technical parameters that should not normally be changed]

 *                    F            [debug] 
 *                    T            [verbose] 
 *                    F            [new_pspace] 
 *                    F            [virtonly] 
 *                    F            [realonly] 
 *                    T            [spira] 
 *                    F            [noglue] 
 *                    F            [ggonly] 
 *                    F            [gqonly] 
 *                    F            [omitgg] 
 *                    F            [vanillafiles] 
 *                    1            [nmin] 
 *                    2            [nmax] 
 *                    T            [clustering] 
 *                    F            [realwt] 
 *                    0            [colourchoice] 
 *               0.0100            [rtsmin] 
 *               0.0001            [cutoff] 
 *               0.1000            [aii] 
 *               0.1000            [aif] 
 *               0.1000            [afi] 
 *               1.0000            [aff] 
 *               1.0000            [bfi] 
 *               1.0000            [bff] 

 Chooser:process chosen by nproc=         131

 *************************** f(p1)+f(p2) --> ******************************************
 * Z^0(e^-(p3)+e^+(p4)) + Z^0(mu^-(p5)+mu^+(p6) [gg only, (H + gg->ZZ) squared]       *
 **************************************************************************************

 ************** Electroweak parameters **************
 *                                                  *
 *  zmass(+)   91.1876000     wmass(+)  80.3980000  *
 * zwidth(+)    2.4952000    wwidth(+)   2.1054000  *
 *     Gf(+) 0.116639D-04   1/aemmz    132.3384323  *
 *     xw       0.2226459      mtop(+) 173.2000000  *
 *   gwsq       0.4264904       esq      0.0949563  *
 * top width    1.4743080 (LO)                      *
 *    mb        4.7500000        mc      1.5000000  *
 *                                                  *
 * Parameters marked (+) are input, others derived  *
 ****************************************************

 ****************** Higgs parameters ****************
 *                                                  *
 *   mass(H) =  126.00      width(H) =  0.43070E-02 *
 *                                                  *
 *              Br( H -> b bbar)  =   0.48164       *
 *              Br( H -> tau tau) =   0.06056       *
 *              Br( H -> W W)     =   0.00000       *
 *              Br( H -> Z Z)     =   0.00000       *
 *              Br( H -> gam gam) =   0.00235       *
 *              Br( H -> Z gam)   =   0.00164       *
 ****************************************************
 *                                                  *
 * Note: branching ratios reported here can be > 1  *
 *       since the total Higgs width is calculated  *
 *       at NLO but the BR calculation uses a       *
 *       partial width at LO only.                  *
 *                                                  *
 ****************************************************

 WARNING: Higgs decay H->ZZ is below threshold and
 may not yield sensible results - check the number
 of integration points

 ***************** CKM mixing matrix ****************
 *                                                  *
 *      Vud=.97500    Vus=.22200    Vub=0.0000      *
 *      Vcd=.22200    Vcs=.97500    Vcb=0.0000      *
 ****************************************************

 ************* Strong coupling, alpha_s  ************
 *                                                  *
 *       alpha_s (scale)  0.14874512                *
 *       alpha_s (zmass)  0.13939000                *
 *         (using 1-loop running of alpha_s)        *
 ****************************************************

 ****************************************
 *     Cross section in femtobarns      *
 ****************************************


 input parameters for vegas:  ndim= 10  ncall= 472392.
                              it=    0  itmx=   20
                              nprn=  0  alph= 1.50
                              mds=  1   nd= 100
                              xl( 1)=   0.000     xu( 1)=   1.000    
                              xl( 2)=   0.000     xu( 2)=   1.000    
                              xl( 3)=   0.000     xu( 3)=   1.000    
                              xl( 4)=   0.000     xu( 4)=   1.000    
                              xl( 5)=   0.000     xu( 5)=   1.000    
                              xl( 6)=   0.000     xu( 6)=   1.000    
                              xl( 7)=   0.000     xu( 7)=   1.000    
                              xl( 8)=   0.000     xu( 8)=   1.000    
                              xl( 9)=   0.000     xu( 9)=   1.000    
                              xl(10)=   0.000     xu(10)=   1.000    

 ****************** Basic mass cuts *****************
 *                                                  *
 *              0.00  <   m34  <   8000.00           *
 *              0.00  <   m56  <   8000.00           *
 ****************************************************
 *********** CMS Higgs Search cuts******
 *                                     *
 *     pt(mu) >           5.00 GeV     *
 *     pt(el) >           7.00 GeV     *
 *     |eta_mu| <         2.40         *
 *     |eta_el| <         2.50         *
 *     m4lmin >         100.00 GeV     *
 *     m2lmin >           4.00 GeV     *
 *     ptleading >       20.00 GeV     *
 *     ptnexttoleading > 10.00 GeV     *
 *     mllnear >         40.00 GeV     *
 *     mllfar >          12.00 GeV     *
 *     mllmax >         120.00 GeV     *
 ***************************************
 ====================================================
   This is QCDLoop - version 1.95                    
   Authors: Keith Ellis and Giulia Zanderighi        
   (ellis@fnal.gov, g.zanderighi1@physics.ox.ac.uk)  
   For details see FERMILAB-PUB-07-633-T,OUTP-07/16P 
   arXiv:0712.1851 [hep-ph], published in            
   JHEP 0802:002,2008.                               
 ====================================================
 ====================================================
   FF 2.0, a package to evaluate one-loop integrals
 written by G. J. van Oldenborgh, NIKHEF-H, Amsterdam
 ====================================================
 for the algorithms used see preprint NIKHEF-H 89/17,
 'New Algorithms for One-loop Integrals', by G.J. van
 Oldenborgh and J.A.M. Vermaseren, published in 
 Zeitschrift fuer Physik C46(1990)425.
 ====================================================
 ffini: precx =    4.4408920985006262E-016
 ffini: precc =    4.4408920985006262E-016
 ffini: xalogm =    4.9406564584124654E-324
 ffini: xclogm =    4.9406564584124654E-324
 ****************************************************
 *                                                  *
 *  gg->ZZ box loop includes gens. 1 and 2          *
 *  gg->ZZ box loop includes bottom quark           *
 *  gg->ZZ box loop includes top quark              *
 *                                                  *
 *  Numer. stability: pt(Z) > 0.100 GeV (gens. 1,2) *
 *  Numer. stability: pt(Z) > 0.100 GeV (b,t loops) *
 *                                                  *
 ****************************************************
 Reading PDF grid from Pdfdata/mstw2008lo.00.dat

************* Integration by Vegas (iteration   1) **************
*                                                               *
*  integral  =  1.1973414       accum. integral =  1.1973414    *
*  std. dev. = 0.35338351E-01   accum. std. dev = 0.35338351E-01*
*   max. wt. =   0.175303E-01                                   *
*                                                               *
**************   chi**2/iteration =  0.000       ****************


************* Integration by Vegas (iteration   2) **************
*                                                               *
*  integral  =  1.4493237       accum. integral =  1.2417305    *
*  std. dev. = 0.76421358E-01   accum. std. dev = 0.32075087E-01*
*   max. wt. =   0.464224E-01                                   *
*                                                               *
**************   chi**2/iteration =  8.868       ****************


************* Integration by Vegas (iteration   3) **************
*                                                               *
*  integral  =  1.3664342       accum. integral =  1.3233572    *
*  std. dev. = 0.23300985E-01   accum. std. dev = 0.18851712E-01*
*   max. wt. =   0.464224E-01                                   *
*                                                               *
**************   chi**2/iteration =  9.379       ****************


************* Integration by Vegas (iteration   4) **************
*                                                               *
*  integral  =  1.3589333       accum. integral =  1.3562610    *
*  std. dev. = 0.53723910E-02   accum. std. dev = 0.51666814E-02*
*   max. wt. =   0.464224E-01                                   *
*                                                               *
**************   chi**2/iteration =  7.357       ****************


************* Integration by Vegas (iteration   5) **************
*                                                               *
*  integral  =  1.3503129       accum. integral =  1.3517467    *
*  std. dev. = 0.29118007E-02   accum. std. dev = 0.25366907E-02*
*   max. wt. =   0.464224E-01                                   *
*                                                               *
**************   chi**2/iteration =  5.773       ****************


************* Integration by Vegas (iteration   6) **************
*                                                               *
*  integral  =  1.3547513       accum. integral =  1.3531964    *
*  std. dev. = 0.26271898E-02   accum. std. dev = 0.18248665E-02*
*   max. wt. =   0.464224E-01                                   *
*                                                               *
**************   chi**2/iteration =  4.756       ****************


************* Integration by Vegas (iteration   7) **************
*                                                               *
*  integral  =  1.3572478       accum. integral =  1.3546260    *
*  std. dev. = 0.24712247E-02   accum. std. dev = 0.14679941E-02*
*   max. wt. =   0.464224E-01                                   *
*                                                               *
**************   chi**2/iteration =  4.254       ****************


************* Integration by Vegas (iteration   8) **************
*                                                               *
*  integral  =  1.3542557       accum. integral =  1.3545261    *
*  std. dev. = 0.24149405E-02   accum. std. dev = 0.12544126E-02*
*   max. wt. =   0.464224E-01                                   *
*                                                               *
**************   chi**2/iteration =  3.650       ****************


************* Integration by Vegas (iteration   9) **************
*                                                               *
*  integral  =  1.3524501       accum. integral =  1.3540645    *
*  std. dev. = 0.23458184E-02   accum. std. dev = 0.11061860E-02*
*   max. wt. =   0.464224E-01                                   *
*                                                               *
**************   chi**2/iteration =  3.270       ****************


************* Integration by Vegas (iteration  10) **************
*                                                               *
*  integral  =  1.3530257       accum. integral =  1.3538841    *
*  std. dev. = 0.24132879E-02   accum. std. dev = 0.10055797E-02*
*   max. wt. =   0.464224E-01                                   *
*                                                               *
**************   chi**2/iteration =  2.924       ****************


************* Integration by Vegas (iteration  11) **************
*                                                               *
*  integral  =  1.3508698       accum. integral =  1.3534139    *
*  std. dev. = 0.23388507E-02   accum. std. dev = 0.92381313E-03*
*   max. wt. =   0.464224E-01                                   *
*                                                               *
**************   chi**2/iteration =  2.772       ****************


************* Integration by Vegas (iteration  12) **************
*                                                               *
*  integral  =  1.3512625       accum. integral =  1.3531324    *
*  std. dev. = 0.23811339E-02   accum. std. dev = 0.86126466E-03*
*   max. wt. =   0.464224E-01                                   *
*                                                               *
**************   chi**2/iteration =  2.585       ****************


************* Integration by Vegas (iteration  13) **************
*                                                               *
*  integral  =  1.3529419       accum. integral =  1.3531097    *
*  std. dev. = 0.23422157E-02   accum. std. dev = 0.80834710E-03*
*   max. wt. =   0.464224E-01                                   *
*                                                               *
**************   chi**2/iteration =  2.370       ****************


************* Integration by Vegas (iteration  14) **************
*                                                               *
*  integral  =  1.3516555       accum. integral =  1.3529580    *
*  std. dev. = 0.23683047E-02   accum. std. dev = 0.76501297E-03*
*   max. wt. =   0.464224E-01                                   *
*                                                               *
**************   chi**2/iteration =  2.214       ****************


************* Integration by Vegas (iteration  15) **************
*                                                               *
*  integral  =  1.3553006       accum. integral =  1.3531808    *
*  std. dev. = 0.23593213E-02   accum. std. dev = 0.72771339E-03*
*   max. wt. =   0.464224E-01                                   *
*                                                               *
**************   chi**2/iteration =  2.119       ****************


************* Integration by Vegas (iteration  16) **************
*                                                               *
*  integral  =  1.3509323       accum. integral =  1.3529849    *
*  std. dev. = 0.23554548E-02   accum. std. dev = 0.69528730E-03*
*   max. wt. =   0.464224E-01                                   *
*                                                               *
**************   chi**2/iteration =  2.034       ****************


************* Integration by Vegas (iteration  17) **************
*                                                               *
*  integral  =  1.3517806       accum. integral =  1.3528894    *
*  std. dev. = 0.23682374E-02   accum. std. dev = 0.66713012E-03*
*   max. wt. =   0.464224E-01                                   *
*                                                               *
**************   chi**2/iteration =  1.921       ****************


************* Integration by Vegas (iteration  18) **************
*                                                               *
*  integral  =  1.3497073       accum. integral =  1.3526644    *
*  std. dev. = 0.24185514E-02   accum. std. dev = 0.64311237E-03*
*   max. wt. =   0.464224E-01                                   *
*                                                               *
**************   chi**2/iteration =  1.903       ****************


************* Integration by Vegas (iteration  19) **************
*                                                               *
*  integral  =  1.3514865       accum. integral =  1.3525876    *
*  std. dev. = 0.24350990E-02   accum. std. dev = 0.62179301E-03*
*   max. wt. =   0.464224E-01                                   *
*                                                               *
**************   chi**2/iteration =  1.810       ****************


************* Integration by Vegas (iteration  20) **************
*                                                               *
*  integral  =  1.3497540       accum. integral =  1.3524075    *
*  std. dev. = 0.23870135E-02   accum. std. dev = 0.60171341E-03*
*   max. wt. =   0.464224E-01                                   *
*                                                               *
**************   chi**2/iteration =  1.784       ****************


 input parameters for vegas:  ndim= 10  ncall= 472392.
                              it=   21  itmx=   50
                              nprn=  0  alph= 1.50
                              mds=  1   nd= 100
                              xl( 1)=   0.000     xu( 1)=   1.000    
                              xl( 2)=   0.000     xu( 2)=   1.000    
                              xl( 3)=   0.000     xu( 3)=   1.000    
                              xl( 4)=   0.000     xu( 4)=   1.000    
                              xl( 5)=   0.000     xu( 5)=   1.000    
                              xl( 6)=   0.000     xu( 6)=   1.000    
                              xl( 7)=   0.000     xu( 7)=   1.000    
                              xl( 8)=   0.000     xu( 8)=   1.000    
                              xl( 9)=   0.000     xu( 9)=   1.000    
                              xl(10)=   0.000     xu(10)=   1.000    

************* Integration by Vegas (iteration   1) **************
*                                                               *
*  integral  =  1.3530134       accum. integral =  1.3530134    *
*  std. dev. = 0.24987315E-02   accum. std. dev = 0.24987315E-02*
*   max. wt. =   0.662189E-03                                   *
*                                                               *
**************   chi**2/iteration =  0.000       ****************

 Writing out intermediate results for iteration           1

************* Integration by Vegas (iteration   2) **************
*                                                               *
*  integral  =  1.3564878       accum. integral =  1.3547752    *
*  std. dev. = 0.24636454E-02   accum. std. dev = 0.17543336E-02*
*   max. wt. =   0.662189E-03                                   *
*                                                               *
**************   chi**2/iteration = 0.9707       ****************

 Writing out intermediate results for iteration           2

************* Integration by Vegas (iteration   3) **************
*                                                               *
*  integral  =  1.3554140       accum. integral =  1.3549931    *
*  std. dev. = 0.24382332E-02   accum. std. dev = 0.14240327E-02*
*   max. wt. =   0.662189E-03                                   *
*                                                               *
**************   chi**2/iteration = 0.5102       ****************

 Writing out intermediate results for iteration           3

************* Integration by Vegas (iteration   4) **************
*                                                               *
*  integral  =  1.3516810       accum. integral =  1.3541415    *
*  std. dev. = 0.24206699E-02   accum. std. dev = 0.12273983E-02*
*   max. wt. =   0.662189E-03                                   *
*                                                               *
**************   chi**2/iteration = 0.8028       ****************

 Writing out intermediate results for iteration           4

************* Integration by Vegas (iteration   5) **************
*                                                               *
*  integral  =  1.3551266       accum. integral =  1.3543379    *
*  std. dev. = 0.24600346E-02   accum. std. dev = 0.10982857E-02*
*   max. wt. =   0.662189E-03                                   *
*                                                               *
**************   chi**2/iteration = 0.6346       ****************

 Writing out intermediate results for iteration           5

************* Integration by Vegas (iteration   6) **************
*                                                               *
*  integral  =  1.3580759       accum. integral =  1.3549476    *
*  std. dev. = 0.24878280E-02   accum. std. dev = 0.10047345E-02*
*   max. wt. =   0.662189E-03                                   *
*                                                               *
**************   chi**2/iteration = 0.8851       ****************

 Writing out intermediate results for iteration           6

************* Integration by Vegas (iteration   7) **************
*                                                               *
*  integral  =  1.3572067       accum. integral =  1.3552687    *
*  std. dev. = 0.24682669E-02   accum. std. dev = 0.93058967E-03*
*   max. wt. =   0.662189E-03                                   *
*                                                               *
**************   chi**2/iteration = 0.8574       ****************

 Writing out intermediate results for iteration           7

************* Integration by Vegas (iteration   8) **************
*                                                               *
*  integral  =  1.3507575       accum. integral =  1.3546985    *
*  std. dev. = 0.24464885E-02   accum. std. dev = 0.86979081E-03*
*   max. wt. =   0.662189E-03                                   *
*                                                               *
**************   chi**2/iteration =  1.159       ****************

 Writing out intermediate results for iteration           8

************* Integration by Vegas (iteration   9) **************
*                                                               *
*  integral  =  1.3478322       accum. integral =  1.3539431    *
*  std. dev. = 0.24738996E-02   accum. std. dev = 0.82055248E-03*
*   max. wt. =   0.662189E-03                                   *
*                                                               *
**************   chi**2/iteration =  1.870       ****************

 Writing out intermediate results for iteration           9

************* Integration by Vegas (iteration  10) **************
*                                                               *
*  integral  =  1.3480228       accum. integral =  1.3533461    *
*  std. dev. = 0.24502108E-02   accum. std. dev = 0.77808018E-03*
*   max. wt. =   0.662189E-03                                   *
*                                                               *
**************   chi**2/iteration =  2.245       ****************

 Writing out intermediate results for iteration          10

************* Integration by Vegas (iteration  11) **************
*                                                               *
*  integral  =  1.3516578       accum. integral =  1.3531945    *
*  std. dev. = 0.24771581E-02   accum. std. dev = 0.74232261E-03*
*   max. wt. =   0.662189E-03                                   *
*                                                               *
**************   chi**2/iteration =  2.063       ****************

 Writing out intermediate results for iteration          11

************* Integration by Vegas (iteration  12) **************
*                                                               *
*  integral  =  1.3508594       accum. integral =  1.3530239    *
*  std. dev. = 0.26438676E-02   accum. std. dev = 0.71468662E-03*
*   max. wt. =   0.662189E-03                                   *
*                                                               *
**************   chi**2/iteration =  1.941       ****************

 Writing out intermediate results for iteration          12

************* Integration by Vegas (iteration  13) **************
*                                                               *
*  integral  =  1.3538303       accum. integral =  1.3530782    *
*  std. dev. = 0.26582044E-02   accum. std. dev = 0.69017675E-03*
*   max. wt. =   0.662189E-03                                   *
*                                                               *
**************   chi**2/iteration =  1.787       ****************

 Writing out intermediate results for iteration          13

************* Integration by Vegas (iteration  14) **************
*                                                               *
*  integral  =  1.3566369       accum. integral =  1.3533157    *
*  std. dev. = 0.25809043E-02   accum. std. dev = 0.66674823E-03*
*   max. wt. =   0.662189E-03                                   *
*                                                               *
**************   chi**2/iteration =  1.786       ****************

 Writing out intermediate results for iteration          14

************* Integration by Vegas (iteration  15) **************
*                                                               *
*  integral  =  1.3529259       accum. integral =  1.3532905    *
*  std. dev. = 0.25346097E-02   accum. std. dev = 0.64481116E-03*
*   max. wt. =   0.662189E-03                                   *
*                                                               *
**************   chi**2/iteration =  1.660       ****************

 Writing out intermediate results for iteration          15

************* Integration by Vegas (iteration  16) **************
*                                                               *
*  integral  =  1.3544972       accum. integral =  1.3533605    *
*  std. dev. = 0.25987303E-02   accum. std. dev = 0.62583377E-03*
*   max. wt. =   0.662189E-03                                   *
*                                                               *
**************   chi**2/iteration =  1.563       ****************

 Writing out intermediate results for iteration          16

************* Integration by Vegas (iteration  17) **************
*                                                               *
*  integral  =  1.3538538       accum. integral =  1.3533881    *
*  std. dev. = 0.25712751E-02   accum. std. dev = 0.60808130E-03*
*   max. wt. =   0.662189E-03                                   *
*                                                               *
**************   chi**2/iteration =  1.467       ****************

 Writing out intermediate results for iteration          17

************* Integration by Vegas (iteration  18) **************
*                                                               *
*  integral  =  1.3556401       accum. integral =  1.3535012    *
*  std. dev. = 0.26440315E-02   accum. std. dev = 0.59261103E-03*
*   max. wt. =   0.662189E-03                                   *
*                                                               *
**************   chi**2/iteration =  1.422       ****************

 Writing out intermediate results for iteration          18

************* Integration by Vegas (iteration  19) **************
*                                                               *
*  integral  =  1.3540022       accum. integral =  1.3535270    *
*  std. dev. = 0.25452208E-02   accum. std. dev = 0.57717290E-03*
*   max. wt. =   0.662189E-03                                   *
*                                                               *
**************   chi**2/iteration =  1.345       ****************

 Writing out intermediate results for iteration          19

************* Integration by Vegas (iteration  20) **************
*                                                               *
*  integral  =  1.3551764       accum. integral =  1.3536074    *
*  std. dev. = 0.25495637E-02   accum. std. dev = 0.56292853E-03*
*   max. wt. =   0.662189E-03                                   *
*                                                               *
**************   chi**2/iteration =  1.295       ****************

 Writing out intermediate results for iteration          20

************* Integration by Vegas (iteration  21) **************
*                                                               *
*  integral  =  1.3538107       accum. integral =  1.3536166    *
*  std. dev. = 0.25822518E-02   accum. std. dev = 0.55001097E-03*
*   max. wt. =   0.662189E-03                                   *
*                                                               *
**************   chi**2/iteration =  1.231       ****************

 Writing out intermediate results for iteration          21

************* Integration by Vegas (iteration  22) **************
*                                                               *
*  integral  =  1.3533159       accum. integral =  1.3536035    *
*  std. dev. = 0.25803555E-02   accum. std. dev = 0.53792656E-03*
*   max. wt. =   0.662189E-03                                   *
*                                                               *
**************   chi**2/iteration =  1.173       ****************

 Writing out intermediate results for iteration          22

************* Integration by Vegas (iteration  23) **************
*                                                               *
*  integral  =  1.3551101       accum. integral =  1.3536647    *
*  std. dev. = 0.26157052E-02   accum. std. dev = 0.52689985E-03*
*   max. wt. =   0.662189E-03                                   *
*                                                               *
**************   chi**2/iteration =  1.134       ****************

 Writing out intermediate results for iteration          23

************* Integration by Vegas (iteration  24) **************
*                                                               *
*  integral  =  1.3529946       accum. integral =  1.3536374    *
*  std. dev. = 0.25608936E-02   accum. std. dev = 0.51608942E-03*
*   max. wt. =   0.662189E-03                                   *
*                                                               *
**************   chi**2/iteration =  1.087       ****************

 Writing out intermediate results for iteration          24

************* Integration by Vegas (iteration  25) **************
*                                                               *
*  integral  =  1.3527532       accum. integral =  1.3536024    *
*  std. dev. = 0.25389211E-02   accum. std. dev = 0.50574666E-03*
*   max. wt. =   0.662189E-03                                   *
*                                                               *
**************   chi**2/iteration =  1.047       ****************

 Writing out intermediate results for iteration          25

************* Integration by Vegas (iteration  26) **************
*                                                               *
*  integral  =  1.3514401       accum. integral =  1.3535183    *
*  std. dev. = 0.25141271E-02   accum. std. dev = 0.49581430E-03*
*   max. wt. =   0.662189E-03                                   *
*                                                               *
**************   chi**2/iteration =  1.034       ****************

 Writing out intermediate results for iteration          26

************* Integration by Vegas (iteration  27) **************
*                                                               *
*  integral  =  1.3543678       accum. integral =  1.3535488    *
*  std. dev. = 0.25662264E-02   accum. std. dev = 0.48681142E-03*
*   max. wt. =   0.662189E-03                                   *
*                                                               *
**************   chi**2/iteration = 0.9979       ****************

 Writing out intermediate results for iteration          27

************* Integration by Vegas (iteration  28) **************
*                                                               *
*  integral  =  1.3564259       accum. integral =  1.3536473    *
*  std. dev. = 0.25861423E-02   accum. std. dev = 0.47840929E-03*
*   max. wt. =   0.662189E-03                                   *
*                                                               *
**************   chi**2/iteration =  1.005       ****************

 Writing out intermediate results for iteration          28

************* Integration by Vegas (iteration  29) **************
*                                                               *
*  integral  =  1.3535377       accum. integral =  1.3536438    *
*  std. dev. = 0.26256118E-02   accum. std. dev = 0.47066013E-03*
*   max. wt. =   0.662189E-03                                   *
*                                                               *
**************   chi**2/iteration = 0.9693       ****************

 Writing out intermediate results for iteration          29

************* Integration by Vegas (iteration  30) **************
*                                                               *
*  integral  =  1.3529817       accum. integral =  1.3536216    *
*  std. dev. = 0.25312076E-02   accum. std. dev = 0.46272873E-03*
*   max. wt. =   0.662189E-03                                   *
*                                                               *
**************   chi**2/iteration = 0.9382       ****************

 Writing out intermediate results for iteration          30

************* Integration by Vegas (iteration  31) **************
*                                                               *
*  integral  =  1.3555105       accum. integral =  1.3536608    *
*  std. dev. = 0.31803378E-02   accum. std. dev = 0.45790733E-03*
*   max. wt. =   0.183010E-02                                   *
*                                                               *
**************   chi**2/iteration = 0.9185       ****************

 Writing out intermediate results for iteration          31

************* Integration by Vegas (iteration  32) **************
*                                                               *
*  integral  =  1.3489692       accum. integral =  1.3535514    *
*  std. dev. = 0.29637468E-02   accum. std. dev = 0.45253789E-03*
*   max. wt. =   0.183010E-02                                   *
*                                                               *
**************   chi**2/iteration = 0.9678       ****************

 Writing out intermediate results for iteration          32

************* Integration by Vegas (iteration  33) **************
*                                                               *
*  integral  =  1.3531538       accum. integral =  1.3535405    *
*  std. dev. = 0.26904950E-02   accum. std. dev = 0.44626925E-03*
*   max. wt. =   0.183010E-02                                   *
*                                                               *
**************   chi**2/iteration = 0.9382       ****************

 Writing out intermediate results for iteration          33

************* Integration by Vegas (iteration  34) **************
*                                                               *
*  integral  =  1.3510770       accum. integral =  1.3534653    *
*  std. dev. = 0.25147383E-02   accum. std. dev = 0.43940390E-03*
*   max. wt. =   0.183010E-02                                   *
*                                                               *
**************   chi**2/iteration = 0.9380       ****************

 Writing out intermediate results for iteration          34

************* Integration by Vegas (iteration  35) **************
*                                                               *
*  integral  =  1.3482595       accum. integral =  1.3533123    *
*  std. dev. = 0.25253481E-02   accum. std. dev = 0.43289973E-03*
*   max. wt. =   0.183010E-02                                   *
*                                                               *
**************   chi**2/iteration =  1.032       ****************

 Writing out intermediate results for iteration          35

************* Integration by Vegas (iteration  36) **************
*                                                               *
*  integral  =  1.3554213       accum. integral =  1.3533722    *
*  std. dev. = 0.25321657E-02   accum. std. dev = 0.42670884E-03*
*   max. wt. =   0.183010E-02                                   *
*                                                               *
**************   chi**2/iteration =  1.021       ****************

 Writing out intermediate results for iteration          36

************* Integration by Vegas (iteration  37) **************
*                                                               *
*  integral  =  1.3560461       accum. integral =  1.3534418    *
*  std. dev. = 0.26103249E-02   accum. std. dev = 0.42111929E-03*
*   max. wt. =   0.183010E-02                                   *
*                                                               *
**************   chi**2/iteration =  1.021       ****************

 Writing out intermediate results for iteration          37

************* Integration by Vegas (iteration  38) **************
*                                                               *
*  integral  =  1.3531924       accum. integral =  1.3534354    *
*  std. dev. = 0.25911968E-02   accum. std. dev = 0.41566568E-03*
*   max. wt. =   0.183010E-02                                   *
*                                                               *
**************   chi**2/iteration = 0.9941       ****************

 Writing out intermediate results for iteration          38

************* Integration by Vegas (iteration  39) **************
*                                                               *
*  integral  =  1.3565200       accum. integral =  1.3535124    *
*  std. dev. = 0.25963852E-02   accum. std. dev = 0.41043917E-03*
*   max. wt. =   0.183010E-02                                   *
*                                                               *
**************   chi**2/iteration =  1.004       ****************

 Writing out intermediate results for iteration          39

************* Integration by Vegas (iteration  40) **************
*                                                               *
*  integral  =  1.3510847       accum. integral =  1.3534517    *
*  std. dev. = 0.25620957E-02   accum. std. dev = 0.40527187E-03*
*   max. wt. =   0.183010E-02                                   *
*                                                               *
**************   chi**2/iteration =  1.001       ****************

 Writing out intermediate results for iteration          40

************* Integration by Vegas (iteration  41) **************
*                                                               *
*  integral  =  1.3542799       accum. integral =  1.3534709    *
*  std. dev. = 0.26297162E-02   accum. std. dev = 0.40054320E-03*
*   max. wt. =   0.183010E-02                                   *
*                                                               *
**************   chi**2/iteration = 0.9783       ****************

 Writing out intermediate results for iteration          41

************* Integration by Vegas (iteration  42) **************
*                                                               *
*  integral  =  1.3455434       accum. integral =  1.3532833    *
*  std. dev. = 0.25726233E-02   accum. std. dev = 0.39577498E-03*
*   max. wt. =   0.183010E-02                                   *
*                                                               *
**************   chi**2/iteration =  1.180       ****************

 Writing out intermediate results for iteration          42

************* Integration by Vegas (iteration  43) **************
*                                                               *
*  integral  =  1.3508213       accum. integral =  1.3532272    *
*  std. dev. = 0.25916205E-02   accum. std. dev = 0.39123916E-03*
*   max. wt. =   0.183010E-02                                   *
*                                                               *
**************   chi**2/iteration =  1.173       ****************

 Writing out intermediate results for iteration          43

************* Integration by Vegas (iteration  44) **************
*                                                               *
*  integral  =  1.3525954       accum. integral =  1.3532136    *
*  std. dev. = 0.26439141E-02   accum. std. dev = 0.38702471E-03*
*   max. wt. =   0.183010E-02                                   *
*                                                               *
**************   chi**2/iteration =  1.147       ****************

 Writing out intermediate results for iteration          44

************* Integration by Vegas (iteration  45) **************
*                                                               *
*  integral  =  1.3551992       accum. integral =  1.3532541    *
*  std. dev. = 0.26833407E-02   accum. std. dev = 0.38306082E-03*
*   max. wt. =   0.183010E-02                                   *
*                                                               *
**************   chi**2/iteration =  1.133       ****************

 Writing out intermediate results for iteration          45

************* Integration by Vegas (iteration  46) **************
*                                                               *
*  integral  =  1.3498995       accum. integral =  1.3531844    *
*  std. dev. = 0.26294438E-02   accum. std. dev = 0.37905954E-03*
*   max. wt. =   0.183010E-02                                   *
*                                                               *
**************   chi**2/iteration =  1.144       ****************

 Writing out intermediate results for iteration          46

************* Integration by Vegas (iteration  47) **************
*                                                               *
*  integral  =  1.3549111       accum. integral =  1.3532174    *
*  std. dev. = 0.27153121E-02   accum. std. dev = 0.37541904E-03*
*   max. wt. =   0.183010E-02                                   *
*                                                               *
**************   chi**2/iteration =  1.127       ****************

 Writing out intermediate results for iteration          47

************* Integration by Vegas (iteration  48) **************
*                                                               *
*  integral  =  1.3508872       accum. integral =  1.3531705    *
*  std. dev. = 0.26192704E-02   accum. std. dev = 0.37162127E-03*
*   max. wt. =   0.183010E-02                                   *
*                                                               *
**************   chi**2/iteration =  1.120       ****************

 Writing out intermediate results for iteration          48

************* Integration by Vegas (iteration  49) **************
*                                                               *
*  integral  =  1.3530683       accum. integral =  1.3531688    *
*  std. dev. = 0.28775681E-02   accum. std. dev = 0.36856051E-03*
*   max. wt. =   0.183010E-02                                   *
*                                                               *
**************   chi**2/iteration =  1.097       ****************

 Writing out intermediate results for iteration          49

************* Integration by Vegas (iteration  50) **************
*                                                               *
*  integral  =  1.3503975       accum. integral =  1.3531223    *
*  std. dev. = 0.28198688E-02   accum. std. dev = 0.36545225E-03*
*   max. wt. =   0.183010E-02                                   *
*                                                               *
**************   chi**2/iteration =  1.094       ****************


Value of final lord integral is        1.3531 +/-     0.0004 fb

 Total number of shots       :     23619600
 Total no. failing cuts      :      8561784
 Number failing jet cuts     :            0
 Number failing process cuts :            0

   Jet efficiency : 100.00%
   Cut efficiency : 100.00%
 Total efficiency : 100.00%

 Contribution from parton sub-processes:
 ---------------------------------------
       GG     |           1.35312  100.00%
       GQ     |           0.00000    0.00%
       GQB    |           0.00000    0.00%
       QG     |           0.00000    0.00%
       QBG    |           0.00000    0.00%
       QQ     |           0.00000    0.00%
       QBQB   |           0.00000    0.00%
       QQB    |           0.00000    0.00%
       QBQ    |           0.00000    0.00%
 ---------------------------------------

 ****************************************************
 output files  cluster_CMS_mT/MSTW/TOP/ggZZ4l_lord_mstw8lo_63__63__126_131_run_8
 ****************************************************
