 ************** MCFM - version 6.8 ****************
 *                                                *
 * MCFM, v6.8                   April 26th, 2014  *
 *                                                *
 * Authors: John Campbell, Keith Ellis,           *
 *          Ciaran Williams                       *
 *         (johnmc@fnal.gov, ellis@fnal.gov,      *
 *          ciaran@fnal.gov)                      *
 *                                                *
 * For details see:                               *
 *                                                *
 *  arXiv:1403.2641 (Triphoton production)        *
 *  arXiv:1312.1628 (gg->WW, Higgs interference)  *
 *  arXiv:1311.3589 (gg->ZZ, Higgs interference)  *
 *  Phys.Rev.D87:114006, arXiv:1302.3856          *
 *  (tZ, tH -- with R. Rontsch)                   *
 *  arXiv:1211.6390 (DM, P. Fox and C. Williams)  *
 *  JHEP 1211:162 (2012), arXiv:1208.0566         *
 *  (Z+gam+jet,Z+gam+gam -- with H. Hartanto)     *
 *  arXiv:1204.1513 (top production+decay)        *
 *  JHEP 1207:052 (2012), arXiv:1204.5678 (ttW)   *
 *  JHEP 1110:005 (2011), arXiv:1107.5569         *
 *         (gg->WW,Higgs intference)              *
 *  JHEP 1107:018 (2011), arXiv:1105.0020         *
 *         (diboson update)                       *
 *  JHEP 1103:027 (2011), arXiv:1011.6647         *
 *         (Wbb for mb>0, with S. Badger)         *
 *  Phys.Rev.D81:074023, arXiv:1001.4495 (H+2jet) *
 *                                                *
 *  P.R.L. 102:142001, arXiv:0903.0005 [hep-ph]   *
 *    (t-channel single top + explicit b,         *
 *      JC, R.Frederix, F.Maltoni, F.Tramontano)  *
 *  N.P.B 726:109(2005), hep-ph/0506289 (W+t)     *
 *  Phys.Rev.D70:094012, hep-ph/0408158 (Sngl Top)*
 *       (with Francesco Tramontano)              *
 *                                                *
 *  Phys.Rev.D65:113007, hep-ph/0202176 (W,Z+2j)  *
 *  Phys.Rev.D62:114012, hep-ph/0006304 (W,Z+bb)  *
 *  Phys.Rev.D60:113006, hep-ph/9905386 (diboson) *
 *                                                *
 * On the web:  http://mcfm.fnal.gov/             *
 **************************************************

 * Using input file named cluster_CMS_m4l/CTEQ2m4/TOP/input_131_8.DAT                             

 * [Flags to specify the mode in which MCFM is run]                                          
 *                   -1            [nevtrequested] 
 *                    F            [creatent] 
 *                    F            [skipnt] 
 *                    F            [dswhisto] 
 *                    F            [creategrid] 
 *                    T            [writetop] 
 *                    T            [writedat] 
 *                    T            [writegnu] 
 *                    T            [writeroot] 
 *                    F            [writepwg] 

 * [General options to specify the process and execution]                                    
 *                  131            [nproc] 
 *                 lord            [part] 
 * 131_run_8                       [runstring] 
 *            8000.0000            [sqrts] 
 *                    1            [ih1] 
 *                    1            [ih2] 
 *             126.0000            [hmass] 
 *               2.0000            [scale] 
 *               2.0000            [facscale] 
 * m(3456)                         [dynamicscale] 
 *                    F            [zerowidth] 
 *                    F            [removebr] 
 *                   20            [itmx1] 
 *               500000            [ncall1] 
 *                   50            [itmx2] 
 *               500000            [ncall2] 
 *                 2020            [ij] 
 *                    F            [dryrun] 
 *                    T            [Qflag] 
 *                    T            [Gflag] 

 * [Heavy quark masses]                                                                      
 *             173.2000            [top mass] 
 *               4.7500            [bottom mass] 
 *               1.5000            [charm mass] 

 * [Pdf selection]                                                                           
 *              cteq6_l            [pdlabel] 
 *                    4            [NGROUP] 
 *                   46            [NSET] 
 * cteq6mE.LHgrid                  [LHAPDF group] 
 *                   -1            [LHAPDF set] 

 * [Jet definition and event cuts]                                                           
 *               0.0000            [m34min] 
 *            8000.0000            [m34max] 
 *               0.0000            [m56min] 
 *            8000.0000            [m56max] 
 *                    T            [inclusive] 
 *                 ankt            [algorithm] 
 *              15.0000            [ptjetmin] 
 *               0.0000            [etajetmin] 
 *               5.0000            [etajetmax] 
 *               0.5000            [Rcut] 
 *                    T            [makecuts] 
 *               0.0000            [leptpt] 
 *              99.0000            [leptrap] 
 *    0.000,   0.000                [leptveto] 
 *               0.0000            [misspt] 
 *               0.0000            [leptpt2] 
 *              99.0000            [leptrap2] 
 *    0.000,   0.000                [leptveto2] 
 *               0.0000            [mtrans34cut] 
 *               0.0000            [Rjlmin] 
 *               0.0000            [Rllmin] 
 *               0.0000            [delyjjmin] 
 *                    F            [jetsopphem] 
 *                    0            [lbjscheme] 
 *               0.0000            [ptbjetmin] 
 *              99.0000            [etabjetmax] 

 * [Settings for photon processes]                                                           
 *                    F            [frag] 
 *             GdRG__LO            [fragset] 
 *              80.0000            [frag_scale] 
 *              20.0000            [gammpt] 
 *               2.5000            [gammrap] 
 *              20.0000            [gammpt2] 
 *              20.0000            [gammpt3] 
 *               0.0000            [Rgalmin] 
 *               0.4000            [Rgagamin] 
 *               0.4000            [Rgajetmin] 
 *               0.4000            [cone_ang] 
 *               0.5000            [epsilon_h] 

 * [Anomalous couplings of the W and Z]                                                      
 *               0.0000            [delg1_z] 
 *               0.0000            [delk_z] 
 *               0.0000            [delk_g] 
 *               0.0000            [lambda_z] 
 *               0.0000            [lambda_g] 
 *               0.0000            [h1Z] 
 *               0.0000            [h1gam] 
 *               0.0000            [h2Z] 
 *               0.0000            [h2gam] 
 *               0.0000            [h3Z] 
 *               0.0000            [h3gam] 
 *               0.0000            [h4Z] 
 *               0.0000            [h4gam] 
 *               2.0000            [tevscale] 

 * [Anomalous width of the Higgs]                                                            
 *               1.0000            [Gamma_H/Gamma_H(SM)] 

 * [How to resume/save a run]                                                                
 *                    F            [readin] 
 *                    F            [writeout] 
 *                                 [ingridfile] 
 *                                 [outgridfile] 

 * [Technical parameters that should not normally be changed]

 *                    F            [debug] 
 *                    T            [verbose] 
 *                    F            [new_pspace] 
 *                    F            [virtonly] 
 *                    F            [realonly] 
 *                    T            [spira] 
 *                    F            [noglue] 
 *                    F            [ggonly] 
 *                    F            [gqonly] 
 *                    F            [omitgg] 
 *                    F            [vanillafiles] 
 *                    1            [nmin] 
 *                    2            [nmax] 
 *                    T            [clustering] 
 *                    F            [realwt] 
 *                    0            [colourchoice] 
 *               0.0100            [rtsmin] 
 *               0.0001            [cutoff] 
 *               0.1000            [aii] 
 *               0.1000            [aif] 
 *               0.1000            [afi] 
 *               1.0000            [aff] 
 *               1.0000            [bfi] 
 *               1.0000            [bff] 

 Chooser:process chosen by nproc=         131

 *************************** f(p1)+f(p2) --> ******************************************
 * Z^0(e^-(p3)+e^+(p4)) + Z^0(mu^-(p5)+mu^+(p6) [gg only, (H + gg->ZZ) squared]       *
 **************************************************************************************

 ************** Electroweak parameters **************
 *                                                  *
 *  zmass(+)   91.1876000     wmass(+)  80.3980000  *
 * zwidth(+)    2.4952000    wwidth(+)   2.1054000  *
 *     Gf(+) 0.116639D-04   1/aemmz    132.3384323  *
 *     xw       0.2226459      mtop(+) 173.2000000  *
 *   gwsq       0.4264904       esq      0.0949563  *
 * top width    1.4743080 (LO)                      *
 *    mb        4.7500000        mc      1.5000000  *
 *                                                  *
 * Parameters marked (+) are input, others derived  *
 ****************************************************

 ****************** Higgs parameters ****************
 *                                                  *
 *   mass(H) =  126.00      width(H) =  0.43070E-02 *
 *                                                  *
 *              Br( H -> b bbar)  =   0.56954       *
 *              Br( H -> tau tau) =   0.06056       *
 *              Br( H -> W W)     =   0.00000       *
 *              Br( H -> Z Z)     =   0.00000       *
 *              Br( H -> gam gam) =   0.00235       *
 *              Br( H -> Z gam)   =   0.00164       *
 ****************************************************
 *                                                  *
 * Note: branching ratios reported here can be > 1  *
 *       since the total Higgs width is calculated  *
 *       at NLO but the BR calculation uses a       *
 *       partial width at LO only.                  *
 *                                                  *
 ****************************************************

 WARNING: Higgs decay H->ZZ is below threshold and
 may not yield sensible results - check the number
 of integration points

 ***************** CKM mixing matrix ****************
 *                                                  *
 *      Vud=.97500    Vus=.22200    Vub=0.0000      *
 *      Vcd=.22200    Vcs=.97500    Vcb=0.0000      *
 ****************************************************

 ************* Strong coupling, alpha_s  ************
 *                                                  *
 *  Dynamic scale - alpha_s changed event-by-event  *
 *       alpha_s (zmass)  0.11800000                *
 *         (using 1-loop running of alpha_s)        *
 ****************************************************

 ****************************************
 *     Cross section in femtobarns      *
 ****************************************


 input parameters for vegas:  ndim= 10  ncall= 472392.
                              it=    0  itmx=   20
                              nprn=  0  alph= 1.50
                              mds=  1   nd= 100
                              xl( 1)=   0.000     xu( 1)=   1.000    
                              xl( 2)=   0.000     xu( 2)=   1.000    
                              xl( 3)=   0.000     xu( 3)=   1.000    
                              xl( 4)=   0.000     xu( 4)=   1.000    
                              xl( 5)=   0.000     xu( 5)=   1.000    
                              xl( 6)=   0.000     xu( 6)=   1.000    
                              xl( 7)=   0.000     xu( 7)=   1.000    
                              xl( 8)=   0.000     xu( 8)=   1.000    
                              xl( 9)=   0.000     xu( 9)=   1.000    
                              xl(10)=   0.000     xu(10)=   1.000    

 ****************** Basic mass cuts *****************
 *                                                  *
 *              0.00  <   m34  <   8000.00           *
 *              0.00  <   m56  <   8000.00           *
 ****************************************************
 *********** CMS Higgs Search cuts******
 *                                     *
 *     pt(mu) >           5.00 GeV     *
 *     pt(el) >           7.00 GeV     *
 *     |eta_mu| <         2.40         *
 *     |eta_el| <         2.50         *
 *     m4lmin >         100.00 GeV     *
 *     m2lmin >           4.00 GeV     *
 *     ptleading >       20.00 GeV     *
 *     ptnexttoleading > 10.00 GeV     *
 *     mllnear >         40.00 GeV     *
 *     mllfar >          12.00 GeV     *
 *     mllmax >         120.00 GeV     *
 ***************************************

 ************** Dynamic scale choice ****************
 *                                                  *
 *                 RENORMALIZATION                  *
 *       mu_ren  =  2.00 x m(3456)                  *
 *                                                  *
 *                  FACTORIZATION                   *
 *       mu_fac  =  2.00 x m(3456)                  *
 *                                                  *
 ****************************************************
 ====================================================
   This is QCDLoop - version 1.95                    
   Authors: Keith Ellis and Giulia Zanderighi        
   (ellis@fnal.gov, g.zanderighi1@physics.ox.ac.uk)  
   For details see FERMILAB-PUB-07-633-T,OUTP-07/16P 
   arXiv:0712.1851 [hep-ph], published in            
   JHEP 0802:002,2008.                               
 ====================================================
 ====================================================
   FF 2.0, a package to evaluate one-loop integrals
 written by G. J. van Oldenborgh, NIKHEF-H, Amsterdam
 ====================================================
 for the algorithms used see preprint NIKHEF-H 89/17,
 'New Algorithms for One-loop Integrals', by G.J. van
 Oldenborgh and J.A.M. Vermaseren, published in 
 Zeitschrift fuer Physik C46(1990)425.
 ====================================================
 ffini: precx =    4.4408920985006262E-016
 ffini: precc =    4.4408920985006262E-016
 ffini: xalogm =    4.9406564584124654E-324
 ffini: xclogm =    4.9406564584124654E-324
 ****************************************************
 *                                                  *
 *  gg->ZZ box loop includes gens. 1 and 2          *
 *  gg->ZZ box loop includes bottom quark           *
 *  gg->ZZ box loop includes top quark              *
 *                                                  *
 *  Numer. stability: pt(Z) > 0.100 GeV (gens. 1,2) *
 *  Numer. stability: pt(Z) > 0.100 GeV (b,t loops) *
 *                                                  *
 ****************************************************

************* Integration by Vegas (iteration   1) **************
*                                                               *
*  integral  = 0.47720720       accum. integral = 0.47720720    *
*  std. dev. = 0.16416130E-01   accum. std. dev = 0.16416130E-01*
*   max. wt. =   0.955691E-02                                   *
*                                                               *
**************   chi**2/iteration =  0.000       ****************


************* Integration by Vegas (iteration   2) **************
*                                                               *
*  integral  = 0.57495715       accum. integral = 0.49564149    *
*  std. dev. = 0.34051568E-01   accum. std. dev = 0.14787406E-01*
*   max. wt. =   0.302459E-01                                   *
*                                                               *
**************   chi**2/iteration =  6.620       ****************


************* Integration by Vegas (iteration   3) **************
*                                                               *
*  integral  = 0.53701221       accum. integral = 0.52854879    *
*  std. dev. = 0.74992697E-02   accum. std. dev = 0.66883428E-02*
*   max. wt. =   0.302459E-01                                   *
*                                                               *
**************   chi**2/iteration =  6.424       ****************


************* Integration by Vegas (iteration   4) **************
*                                                               *
*  integral  = 0.56154158       accum. integral = 0.55855432    *
*  std. dev. = 0.21103480E-02   accum. std. dev = 0.20125433E-02*
*   max. wt. =   0.302459E-01                                   *
*                                                               *
**************   chi**2/iteration =  11.64       ****************


************* Integration by Vegas (iteration   5) **************
*                                                               *
*  integral  = 0.56176070       accum. integral = 0.56087733    *
*  std. dev. = 0.12410551E-02   accum. std. dev = 0.10563531E-02*
*   max. wt. =   0.302459E-01                                   *
*                                                               *
**************   chi**2/iteration =  9.197       ****************


************* Integration by Vegas (iteration   6) **************
*                                                               *
*  integral  = 0.56097160       accum. integral = 0.56092366    *
*  std. dev. = 0.10745812E-02   accum. std. dev = 0.75331636E-03*
*   max. wt. =   0.302459E-01                                   *
*                                                               *
**************   chi**2/iteration =  7.362       ****************


************* Integration by Vegas (iteration   7) **************
*                                                               *
*  integral  = 0.56375635       accum. integral = 0.56172857    *
*  std. dev. = 0.11956756E-02   accum. std. dev = 0.63736480E-03*
*   max. wt. =   0.302459E-01                                   *
*                                                               *
**************   chi**2/iteration =  6.806       ****************


************* Integration by Vegas (iteration   8) **************
*                                                               *
*  integral  = 0.56219995       accum. integral = 0.56184870    *
*  std. dev. = 0.10898806E-02   accum. std. dev = 0.55019015E-03*
*   max. wt. =   0.302459E-01                                   *
*                                                               *
**************   chi**2/iteration =  5.855       ****************


************* Integration by Vegas (iteration   9) **************
*                                                               *
*  integral  = 0.56211598       accum. integral = 0.56190901    *
*  std. dev. = 0.10192145E-02   accum. std. dev = 0.48415216E-03*
*   max. wt. =   0.302459E-01                                   *
*                                                               *
**************   chi**2/iteration =  5.131       ****************


************* Integration by Vegas (iteration  10) **************
*                                                               *
*  integral  = 0.56166527       accum. integral = 0.56186690    *
*  std. dev. = 0.10594882E-02   accum. std. dev = 0.44035315E-03*
*   max. wt. =   0.302459E-01                                   *
*                                                               *
**************   chi**2/iteration =  4.566       ****************


************* Integration by Vegas (iteration  11) **************
*                                                               *
*  integral  = 0.56131337       accum. integral = 0.56178201    *
*  std. dev. = 0.10346471E-02   accum. std. dev = 0.40518201E-03*
*   max. wt. =   0.302459E-01                                   *
*                                                               *
**************   chi**2/iteration =  4.134       ****************


************* Integration by Vegas (iteration  12) **************
*                                                               *
*  integral  = 0.56122861       accum. integral = 0.56170463    *
*  std. dev. = 0.10049233E-02   accum. std. dev = 0.37578636E-03*
*   max. wt. =   0.302459E-01                                   *
*                                                               *
**************   chi**2/iteration =  3.782       ****************


************* Integration by Vegas (iteration  13) **************
*                                                               *
*  integral  = 0.56123763       accum. integral = 0.56164538    *
*  std. dev. = 0.98584442E-03   accum. std. dev = 0.35114089E-03*
*   max. wt. =   0.302459E-01                                   *
*                                                               *
**************   chi**2/iteration =  3.484       ****************


************* Integration by Vegas (iteration  14) **************
*                                                               *
*  integral  = 0.56055161       accum. integral = 0.56152288    *
*  std. dev. = 0.98874394E-03   accum. std. dev = 0.33089366E-03*
*   max. wt. =   0.302459E-01                                   *
*                                                               *
**************   chi**2/iteration =  3.299       ****************


************* Integration by Vegas (iteration  15) **************
*                                                               *
*  integral  = 0.56147268       accum. integral = 0.56151808    *
*  std. dev. = 0.10169728E-02   accum. std. dev = 0.31465679E-03*
*   max. wt. =   0.302459E-01                                   *
*                                                               *
**************   chi**2/iteration =  3.064       ****************


************* Integration by Vegas (iteration  16) **************
*                                                               *
*  integral  = 0.56075434       accum. integral = 0.56144883    *
*  std. dev. = 0.99646817E-03   accum. std. dev = 0.30005276E-03*
*   max. wt. =   0.302459E-01                                   *
*                                                               *
**************   chi**2/iteration =  2.896       ****************


************* Integration by Vegas (iteration  17) **************
*                                                               *
*  integral  = 0.56057539       accum. integral = 0.56137801    *
*  std. dev. = 0.10101589E-02   accum. std. dev = 0.28763207E-03*
*   max. wt. =   0.302459E-01                                   *
*                                                               *
**************   chi**2/iteration =  2.758       ****************


************* Integration by Vegas (iteration  18) **************
*                                                               *
*  integral  = 0.56008458       accum. integral = 0.56128169    *
*  std. dev. = 0.10140305E-02   accum. std. dev = 0.27671534E-03*
*   max. wt. =   0.302459E-01                                   *
*                                                               *
**************   chi**2/iteration =  2.684       ****************


************* Integration by Vegas (iteration  19) **************
*                                                               *
*  integral  = 0.56171425       accum. integral = 0.56131105    *
*  std. dev. = 0.10254319E-02   accum. std. dev = 0.26715895E-03*
*   max. wt. =   0.302459E-01                                   *
*                                                               *
**************   chi**2/iteration =  2.544       ****************


************* Integration by Vegas (iteration  20) **************
*                                                               *
*  integral  = 0.56097245       accum. integral = 0.56128861    *
*  std. dev. = 0.10027792E-02   accum. std. dev = 0.25815425E-03*
*   max. wt. =   0.302459E-01                                   *
*                                                               *
**************   chi**2/iteration =  2.416       ****************


 input parameters for vegas:  ndim= 10  ncall= 472392.
                              it=   21  itmx=   50
                              nprn=  0  alph= 1.50
                              mds=  1   nd= 100
                              xl( 1)=   0.000     xu( 1)=   1.000    
                              xl( 2)=   0.000     xu( 2)=   1.000    
                              xl( 3)=   0.000     xu( 3)=   1.000    
                              xl( 4)=   0.000     xu( 4)=   1.000    
                              xl( 5)=   0.000     xu( 5)=   1.000    
                              xl( 6)=   0.000     xu( 6)=   1.000    
                              xl( 7)=   0.000     xu( 7)=   1.000    
                              xl( 8)=   0.000     xu( 8)=   1.000    
                              xl( 9)=   0.000     xu( 9)=   1.000    
                              xl(10)=   0.000     xu(10)=   1.000    

************* Integration by Vegas (iteration   1) **************
*                                                               *
*  integral  = 0.55965654       accum. integral = 0.55965654    *
*  std. dev. = 0.10081756E-02   accum. std. dev = 0.10081756E-02*
*   max. wt. =   0.124476E-03                                   *
*                                                               *
**************   chi**2/iteration =  0.000       ****************

 Writing out intermediate results for iteration           1

************* Integration by Vegas (iteration   2) **************
*                                                               *
*  integral  = 0.56202304       accum. integral = 0.56083323    *
*  std. dev. = 0.10137783E-02   accum. std. dev = 0.71486042E-03*
*   max. wt. =   0.124476E-03                                   *
*                                                               *
**************   chi**2/iteration =  2.713       ****************

 Writing out intermediate results for iteration           2

************* Integration by Vegas (iteration   3) **************
*                                                               *
*  integral  = 0.56140896       accum. integral = 0.56103011    *
*  std. dev. = 0.99164602E-03   accum. std. dev = 0.57989097E-03*
*   max. wt. =   0.124476E-03                                   *
*                                                               *
**************   chi**2/iteration =  1.473       ****************

 Writing out intermediate results for iteration           3

************* Integration by Vegas (iteration   4) **************
*                                                               *
*  integral  = 0.56014650       accum. integral = 0.56082356    *
*  std. dev. = 0.10498891E-02   accum. std. dev = 0.50760829E-03*
*   max. wt. =   0.266072E-03                                   *
*                                                               *
**************   chi**2/iteration =  1.164       ****************

 Writing out intermediate results for iteration           4

************* Integration by Vegas (iteration   5) **************
*                                                               *
*  integral  = 0.56103460       accum. integral = 0.56086271    *
*  std. dev. = 0.10635742E-02   accum. std. dev = 0.45810797E-03*
*   max. wt. =   0.266072E-03                                   *
*                                                               *
**************   chi**2/iteration = 0.8819       ****************

 Writing out intermediate results for iteration           5

************* Integration by Vegas (iteration   6) **************
*                                                               *
*  integral  = 0.56093233       accum. integral = 0.56087386    *
*  std. dev. = 0.10491403E-02   accum. std. dev = 0.41982979E-03*
*   max. wt. =   0.266072E-03                                   *
*                                                               *
**************   chi**2/iteration = 0.7066       ****************

 Writing out intermediate results for iteration           6

************* Integration by Vegas (iteration   7) **************
*                                                               *
*  integral  = 0.56391672       accum. integral = 0.56130047    *
*  std. dev. = 0.10396685E-02   accum. std. dev = 0.38928847E-03*
*   max. wt. =   0.266072E-03                                   *
*                                                               *
**************   chi**2/iteration =  1.814       ****************

 Writing out intermediate results for iteration           7

************* Integration by Vegas (iteration   8) **************
*                                                               *
*  integral  = 0.56050911       accum. integral = 0.56122151    *
*  std. dev. = 0.11692768E-02   accum. std. dev = 0.36935602E-03*
*   max. wt. =   0.540565E-03                                   *
*                                                               *
**************   chi**2/iteration =  1.614       ****************

 Writing out intermediate results for iteration           8

************* Integration by Vegas (iteration   9) **************
*                                                               *
*  integral  = 0.55971755       accum. integral = 0.56108091    *
*  std. dev. = 0.11501579E-02   accum. std. dev = 0.35166754E-03*
*   max. wt. =   0.540565E-03                                   *
*                                                               *
**************   chi**2/iteration =  1.606       ****************

 Writing out intermediate results for iteration           9

************* Integration by Vegas (iteration  10) **************
*                                                               *
*  integral  = 0.56016944       accum. integral = 0.56098710    *
*  std. dev. = 0.10382672E-02   accum. std. dev = 0.33308036E-03*
*   max. wt. =   0.540565E-03                                   *
*                                                               *
**************   chi**2/iteration =  1.505       ****************

 Writing out intermediate results for iteration          10

************* Integration by Vegas (iteration  11) **************
*                                                               *
*  integral  = 0.56055919       accum. integral = 0.56094664    *
*  std. dev. = 0.10306494E-02   accum. std. dev = 0.31694034E-03*
*   max. wt. =   0.540565E-03                                   *
*                                                               *
**************   chi**2/iteration =  1.370       ****************

 Writing out intermediate results for iteration          11

************* Integration by Vegas (iteration  12) **************
*                                                               *
*  integral  = 0.55985650       accum. integral = 0.56085361    *
*  std. dev. = 0.10376416E-02   accum. std. dev = 0.30311593E-03*
*   max. wt. =   0.540565E-03                                   *
*                                                               *
**************   chi**2/iteration =  1.337       ****************

 Writing out intermediate results for iteration          12

************* Integration by Vegas (iteration  13) **************
*                                                               *
*  integral  = 0.56089678       accum. integral = 0.56085697    *
*  std. dev. = 0.10437935E-02   accum. std. dev = 0.29109033E-03*
*   max. wt. =   0.540565E-03                                   *
*                                                               *
**************   chi**2/iteration =  1.226       ****************

 Writing out intermediate results for iteration          13

************* Integration by Vegas (iteration  14) **************
*                                                               *
*  integral  = 0.56229630       accum. integral = 0.56095402    *
*  std. dev. = 0.10825417E-02   accum. std. dev = 0.28110507E-03*
*   max. wt. =   0.540565E-03                                   *
*                                                               *
**************   chi**2/iteration =  1.259       ****************

 Writing out intermediate results for iteration          14

************* Integration by Vegas (iteration  15) **************
*                                                               *
*  integral  = 0.56281817       accum. integral = 0.56107608    *
*  std. dev. = 0.10620084E-02   accum. std. dev = 0.27174668E-03*
*   max. wt. =   0.540565E-03                                   *
*                                                               *
**************   chi**2/iteration =  1.374       ****************

 Writing out intermediate results for iteration          15

************* Integration by Vegas (iteration  16) **************
*                                                               *
*  integral  = 0.56173739       accum. integral = 0.56111769    *
*  std. dev. = 0.10486891E-02   accum. std. dev = 0.26305821E-03*
*   max. wt. =   0.540565E-03                                   *
*                                                               *
**************   chi**2/iteration =  1.308       ****************

 Writing out intermediate results for iteration          16

************* Integration by Vegas (iteration  17) **************
*                                                               *
*  integral  = 0.56187149       accum. integral = 0.56116116    *
*  std. dev. = 0.10633431E-02   accum. std. dev = 0.25536013E-03*
*   max. wt. =   0.540565E-03                                   *
*                                                               *
**************   chi**2/iteration =  1.255       ****************

 Writing out intermediate results for iteration          17

************* Integration by Vegas (iteration  18) **************
*                                                               *
*  integral  = 0.56194207       accum. integral = 0.56120363    *
*  std. dev. = 0.10647833E-02   accum. std. dev = 0.24831888E-03*
*   max. wt. =   0.540565E-03                                   *
*                                                               *
**************   chi**2/iteration =  1.212       ****************

 Writing out intermediate results for iteration          18

************* Integration by Vegas (iteration  19) **************
*                                                               *
*  integral  = 0.56134388       accum. integral = 0.56121093    *
*  std. dev. = 0.10598978E-02   accum. std. dev = 0.24177211E-03*
*   max. wt. =   0.540565E-03                                   *
*                                                               *
**************   chi**2/iteration =  1.145       ****************

 Writing out intermediate results for iteration          19

************* Integration by Vegas (iteration  20) **************
*                                                               *
*  integral  = 0.56249865       accum. integral = 0.56127123    *
*  std. dev. = 0.10908355E-02   accum. std. dev = 0.23604390E-03*
*   max. wt. =   0.540565E-03                                   *
*                                                               *
**************   chi**2/iteration =  1.155       ****************

 Writing out intermediate results for iteration          20

************* Integration by Vegas (iteration  21) **************
*                                                               *
*  integral  = 0.56127100       accum. integral = 0.56127122    *
*  std. dev. = 0.10688490E-02   accum. std. dev = 0.23049030E-03*
*   max. wt. =   0.540565E-03                                   *
*                                                               *
**************   chi**2/iteration =  1.097       ****************

 Writing out intermediate results for iteration          21

************* Integration by Vegas (iteration  22) **************
*                                                               *
*  integral  = 0.56366957       accum. integral = 0.56136405    *
*  std. dev. = 0.11486251E-02   accum. std. dev = 0.22598534E-03*
*   max. wt. =   0.540565E-03                                   *
*                                                               *
**************   chi**2/iteration =  1.244       ****************

 Writing out intermediate results for iteration          22

************* Integration by Vegas (iteration  23) **************
*                                                               *
*  integral  = 0.56198912       accum. integral = 0.56138873    *
*  std. dev. = 0.11146986E-02   accum. std. dev = 0.22147972E-03*
*   max. wt. =   0.540565E-03                                   *
*                                                               *
**************   chi**2/iteration =  1.202       ****************

 Writing out intermediate results for iteration          23

************* Integration by Vegas (iteration  24) **************
*                                                               *
*  integral  = 0.56035159       accum. integral = 0.56134634    *
*  std. dev. = 0.10729691E-02   accum. std. dev = 0.21690691E-03*
*   max. wt. =   0.540565E-03                                   *
*                                                               *
**************   chi**2/iteration =  1.188       ****************

 Writing out intermediate results for iteration          24

************* Integration by Vegas (iteration  25) **************
*                                                               *
*  integral  = 0.56109359       accum. integral = 0.56133620    *
*  std. dev. = 0.10609337E-02   accum. std. dev = 0.21251096E-03*
*   max. wt. =   0.540565E-03                                   *
*                                                               *
**************   chi**2/iteration =  1.141       ****************

 Writing out intermediate results for iteration          25

************* Integration by Vegas (iteration  26) **************
*                                                               *
*  integral  = 0.56041183       accum. integral = 0.56130123    *
*  std. dev. = 0.10716859E-02   accum. std. dev = 0.20845217E-03*
*   max. wt. =   0.540565E-03                                   *
*                                                               *
**************   chi**2/iteration =  1.124       ****************

 Writing out intermediate results for iteration          26

************* Integration by Vegas (iteration  27) **************
*                                                               *
*  integral  = 0.56186341       accum. integral = 0.56132125    *
*  std. dev. = 0.10848873E-02   accum. std. dev = 0.20470767E-03*
*   max. wt. =   0.540565E-03                                   *
*                                                               *
**************   chi**2/iteration =  1.091       ****************

 Writing out intermediate results for iteration          27

************* Integration by Vegas (iteration  28) **************
*                                                               *
*  integral  = 0.56361560       accum. integral = 0.56140331    *
*  std. dev. = 0.10628353E-02   accum. std. dev = 0.20101315E-03*
*   max. wt. =   0.540565E-03                                   *
*                                                               *
**************   chi**2/iteration =  1.217       ****************

 Writing out intermediate results for iteration          28

************* Integration by Vegas (iteration  29) **************
*                                                               *
*  integral  = 0.56133510       accum. integral = 0.56140111    *
*  std. dev. = 0.10997474E-02   accum. std. dev = 0.19773719E-03*
*   max. wt. =   0.540565E-03                                   *
*                                                               *
**************   chi**2/iteration =  1.173       ****************

 Writing out intermediate results for iteration          29

************* Integration by Vegas (iteration  30) **************
*                                                               *
*  integral  = 0.56057182       accum. integral = 0.56137471    *
*  std. dev. = 0.10904112E-02   accum. std. dev = 0.19456396E-03*
*   max. wt. =   0.540565E-03                                   *
*                                                               *
**************   chi**2/iteration =  1.152       ****************

 Writing out intermediate results for iteration          30

************* Integration by Vegas (iteration  31) **************
*                                                               *
*  integral  = 0.56076350       accum. integral = 0.56135512    *
*  std. dev. = 0.10692376E-02   accum. std. dev = 0.19142067E-03*
*   max. wt. =   0.540565E-03                                   *
*                                                               *
**************   chi**2/iteration =  1.124       ****************

 Writing out intermediate results for iteration          31

************* Integration by Vegas (iteration  32) **************
*                                                               *
*  integral  = 0.56105076       accum. integral = 0.56134645    *
*  std. dev. = 0.11181020E-02   accum. std. dev = 0.18867561E-03*
*   max. wt. =   0.540565E-03                                   *
*                                                               *
**************   chi**2/iteration =  1.091       ****************

 Writing out intermediate results for iteration          32

************* Integration by Vegas (iteration  33) **************
*                                                               *
*  integral  = 0.56067904       accum. integral = 0.56132708    *
*  std. dev. = 0.10914005E-02   accum. std. dev = 0.18591792E-03*
*   max. wt. =   0.540565E-03                                   *
*                                                               *
**************   chi**2/iteration =  1.068       ****************

 Writing out intermediate results for iteration          33

************* Integration by Vegas (iteration  34) **************
*                                                               *
*  integral  = 0.56172637       accum. integral = 0.56133858    *
*  std. dev. = 0.10798629E-02   accum. std. dev = 0.18322223E-03*
*   max. wt. =   0.540565E-03                                   *
*                                                               *
**************   chi**2/iteration =  1.039       ****************

 Writing out intermediate results for iteration          34

************* Integration by Vegas (iteration  35) **************
*                                                               *
*  integral  = 0.55956296       accum. integral = 0.56129106    *
*  std. dev. = 0.11049666E-02   accum. std. dev = 0.18075413E-03*
*   max. wt. =   0.540565E-03                                   *
*                                                               *
**************   chi**2/iteration =  1.083       ****************

 Writing out intermediate results for iteration          35

************* Integration by Vegas (iteration  36) **************
*                                                               *
*  integral  = 0.56259645       accum. integral = 0.56132734    *
*  std. dev. = 0.10690989E-02   accum. std. dev = 0.17822479E-03*
*   max. wt. =   0.540565E-03                                   *
*                                                               *
**************   chi**2/iteration =  1.093       ****************

 Writing out intermediate results for iteration          36

************* Integration by Vegas (iteration  37) **************
*                                                               *
*  integral  = 0.56329879       accum. integral = 0.56137894    *
*  std. dev. = 0.10871275E-02   accum. std. dev = 0.17587697E-03*
*   max. wt. =   0.540565E-03                                   *
*                                                               *
**************   chi**2/iteration =  1.152       ****************

 Writing out intermediate results for iteration          37

************* Integration by Vegas (iteration  38) **************
*                                                               *
*  integral  = 0.56156638       accum. integral = 0.56138382    *
*  std. dev. = 0.10758188E-02   accum. std. dev = 0.17357278E-03*
*   max. wt. =   0.540565E-03                                   *
*                                                               *
**************   chi**2/iteration =  1.122       ****************

 Writing out intermediate results for iteration          38

************* Integration by Vegas (iteration  39) **************
*                                                               *
*  integral  = 0.56092460       accum. integral = 0.56137214    *
*  std. dev. = 0.10742245E-02   accum. std. dev = 0.17135039E-03*
*   max. wt. =   0.540565E-03                                   *
*                                                               *
**************   chi**2/iteration =  1.097       ****************

 Writing out intermediate results for iteration          39

************* Integration by Vegas (iteration  40) **************
*                                                               *
*  integral  = 0.56001741       accum. integral = 0.56133832    *
*  std. dev. = 0.10709613E-02   accum. std. dev = 0.16919842E-03*
*   max. wt. =   0.540565E-03                                   *
*                                                               *
**************   chi**2/iteration =  1.109       ****************

 Writing out intermediate results for iteration          40

************* Integration by Vegas (iteration  41) **************
*                                                               *
*  integral  = 0.56233106       accum. integral = 0.56135461    *
*  std. dev. = 0.13100892E-02   accum. std. dev = 0.16780473E-03*
*   max. wt. =   0.670446E-03                                   *
*                                                               *
**************   chi**2/iteration =  1.095       ****************

 Writing out intermediate results for iteration          41

************* Integration by Vegas (iteration  42) **************
*                                                               *
*  integral  = 0.55869394       accum. integral = 0.56130578    *
*  std. dev. = 0.12272834E-02   accum. std. dev = 0.16625786E-03*
*   max. wt. =   0.670446E-03                                   *
*                                                               *
**************   chi**2/iteration =  1.181       ****************

 Writing out intermediate results for iteration          42

************* Integration by Vegas (iteration  43) **************
*                                                               *
*  integral  = 0.56039326       accum. integral = 0.56128740    *
*  std. dev. = 0.11596740E-02   accum. std. dev = 0.16457513E-03*
*   max. wt. =   0.670446E-03                                   *
*                                                               *
**************   chi**2/iteration =  1.167       ****************

 Writing out intermediate results for iteration          43

************* Integration by Vegas (iteration  44) **************
*                                                               *
*  integral  = 0.56163760       accum. integral = 0.56129463    *
*  std. dev. = 0.11341563E-02   accum. std. dev = 0.16286935E-03*
*   max. wt. =   0.670446E-03                                   *
*                                                               *
**************   chi**2/iteration =  1.142       ****************

 Writing out intermediate results for iteration          44

************* Integration by Vegas (iteration  45) **************
*                                                               *
*  integral  = 0.56245808       accum. integral = 0.56131911    *
*  std. dev. = 0.11107404E-02   accum. std. dev = 0.16114618E-03*
*   max. wt. =   0.670446E-03                                   *
*                                                               *
**************   chi**2/iteration =  1.141       ****************

 Writing out intermediate results for iteration          45

************* Integration by Vegas (iteration  46) **************
*                                                               *
*  integral  = 0.56018723       accum. integral = 0.56129481    *
*  std. dev. = 0.10878366E-02   accum. std. dev = 0.15940668E-03*
*   max. wt. =   0.670446E-03                                   *
*                                                               *
**************   chi**2/iteration =  1.139       ****************

 Writing out intermediate results for iteration          46

************* Integration by Vegas (iteration  47) **************
*                                                               *
*  integral  = 0.56215768       accum. integral = 0.56131343    *
*  std. dev. = 0.10733406E-02   accum. std. dev = 0.15767725E-03*
*   max. wt. =   0.670446E-03                                   *
*                                                               *
**************   chi**2/iteration =  1.128       ****************

 Writing out intermediate results for iteration          47

************* Integration by Vegas (iteration  48) **************
*                                                               *
*  integral  = 0.56160025       accum. integral = 0.56131863    *
*  std. dev. = 0.11605881E-02   accum. std. dev = 0.15624190E-03*
*   max. wt. =   0.670446E-03                                   *
*                                                               *
**************   chi**2/iteration =  1.105       ****************

 Writing out intermediate results for iteration          48

************* Integration by Vegas (iteration  49) **************
*                                                               *
*  integral  = 0.56086358       accum. integral = 0.56131063    *
*  std. dev. = 0.11680453E-02   accum. std. dev = 0.15486259E-03*
*   max. wt. =   0.670446E-03                                   *
*                                                               *
**************   chi**2/iteration =  1.085       ****************

 Writing out intermediate results for iteration          49

************* Integration by Vegas (iteration  50) **************
*                                                               *
*  integral  = 0.56301532       accum. integral = 0.56133930    *
*  std. dev. = 0.11839812E-02   accum. std. dev = 0.15355464E-03*
*   max. wt. =   0.670446E-03                                   *
*                                                               *
**************   chi**2/iteration =  1.105       ****************


Value of final lord integral is        0.5613 +/-     0.0002 fb

 Total number of shots       :     23619600
 Total no. failing cuts      :      8642435
 Number failing jet cuts     :            0
 Number failing process cuts :            0

   Jet efficiency : 100.00%
   Cut efficiency : 100.00%
 Total efficiency : 100.00%

 Contribution from parton sub-processes:
 ---------------------------------------
       GG     |           0.56134  100.00%
       GQ     |           0.00000    0.00%
       GQB    |           0.00000    0.00%
       QG     |           0.00000    0.00%
       QBG    |           0.00000    0.00%
       QQ     |           0.00000    0.00%
       QBQB   |           0.00000    0.00%
       QQB    |           0.00000    0.00%
       QBQ    |           0.00000    0.00%
 ---------------------------------------

 ****************************************************
 output files  cluster_CMS_m4l/CTEQ2m4/TOP/ggZZ4l_lord_cteq6_l_2___2___126_131_run_8
 ****************************************************
