 ************** MCFM - version 6.8 ****************
 *                                                *
 * MCFM, v6.8                   April 26th, 2014  *
 *                                                *
 * Authors: John Campbell, Keith Ellis,           *
 *          Ciaran Williams                       *
 *         (johnmc@fnal.gov, ellis@fnal.gov,      *
 *          ciaran@fnal.gov)                      *
 *                                                *
 * For details see:                               *
 *                                                *
 *  arXiv:1403.2641 (Triphoton production)        *
 *  arXiv:1312.1628 (gg->WW, Higgs interference)  *
 *  arXiv:1311.3589 (gg->ZZ, Higgs interference)  *
 *  Phys.Rev.D87:114006, arXiv:1302.3856          *
 *  (tZ, tH -- with R. Rontsch)                   *
 *  arXiv:1211.6390 (DM, P. Fox and C. Williams)  *
 *  JHEP 1211:162 (2012), arXiv:1208.0566         *
 *  (Z+gam+jet,Z+gam+gam -- with H. Hartanto)     *
 *  arXiv:1204.1513 (top production+decay)        *
 *  JHEP 1207:052 (2012), arXiv:1204.5678 (ttW)   *
 *  JHEP 1110:005 (2011), arXiv:1107.5569         *
 *         (gg->WW,Higgs intference)              *
 *  JHEP 1107:018 (2011), arXiv:1105.0020         *
 *         (diboson update)                       *
 *  JHEP 1103:027 (2011), arXiv:1011.6647         *
 *         (Wbb for mb>0, with S. Badger)         *
 *  Phys.Rev.D81:074023, arXiv:1001.4495 (H+2jet) *
 *                                                *
 *  P.R.L. 102:142001, arXiv:0903.0005 [hep-ph]   *
 *    (t-channel single top + explicit b,         *
 *      JC, R.Frederix, F.Maltoni, F.Tramontano)  *
 *  N.P.B 726:109(2005), hep-ph/0506289 (W+t)     *
 *  Phys.Rev.D70:094012, hep-ph/0408158 (Sngl Top)*
 *       (with Francesco Tramontano)              *
 *                                                *
 *  Phys.Rev.D65:113007, hep-ph/0202176 (W,Z+2j)  *
 *  Phys.Rev.D62:114012, hep-ph/0006304 (W,Z+bb)  *
 *  Phys.Rev.D60:113006, hep-ph/9905386 (diboson) *
 *                                                *
 * On the web:  http://mcfm.fnal.gov/             *
 **************************************************

 * Using input file named cluster_CMS_m4l/CTEQ2m4/TOP/input_132_8.DAT                             

 * [Flags to specify the mode in which MCFM is run]                                          
 *                   -1            [nevtrequested] 
 *                    F            [creatent] 
 *                    F            [skipnt] 
 *                    F            [dswhisto] 
 *                    F            [creategrid] 
 *                    T            [writetop] 
 *                    T            [writedat] 
 *                    T            [writegnu] 
 *                    T            [writeroot] 
 *                    F            [writepwg] 

 * [General options to specify the process and execution]                                    
 *                  132            [nproc] 
 *                 lord            [part] 
 * 132_run_8                       [runstring] 
 *            8000.0000            [sqrts] 
 *                    1            [ih1] 
 *                    1            [ih2] 
 *             126.0000            [hmass] 
 *               2.0000            [scale] 
 *               2.0000            [facscale] 
 * m(3456)                         [dynamicscale] 
 *                    F            [zerowidth] 
 *                    F            [removebr] 
 *                   20            [itmx1] 
 *               500000            [ncall1] 
 *                   50            [itmx2] 
 *               500000            [ncall2] 
 *                 2020            [ij] 
 *                    F            [dryrun] 
 *                    T            [Qflag] 
 *                    T            [Gflag] 

 * [Heavy quark masses]                                                                      
 *             173.2000            [top mass] 
 *               4.7500            [bottom mass] 
 *               1.5000            [charm mass] 

 * [Pdf selection]                                                                           
 *              cteq6_l            [pdlabel] 
 *                    4            [NGROUP] 
 *                   46            [NSET] 
 * cteq6mE.LHgrid                  [LHAPDF group] 
 *                   -1            [LHAPDF set] 

 * [Jet definition and event cuts]                                                           
 *               0.0000            [m34min] 
 *            8000.0000            [m34max] 
 *               0.0000            [m56min] 
 *            8000.0000            [m56max] 
 *                    T            [inclusive] 
 *                 ankt            [algorithm] 
 *              15.0000            [ptjetmin] 
 *               0.0000            [etajetmin] 
 *               5.0000            [etajetmax] 
 *               0.5000            [Rcut] 
 *                    T            [makecuts] 
 *               0.0000            [leptpt] 
 *              99.0000            [leptrap] 
 *    0.000,   0.000                [leptveto] 
 *               0.0000            [misspt] 
 *               0.0000            [leptpt2] 
 *              99.0000            [leptrap2] 
 *    0.000,   0.000                [leptveto2] 
 *               0.0000            [mtrans34cut] 
 *               0.0000            [Rjlmin] 
 *               0.0000            [Rllmin] 
 *               0.0000            [delyjjmin] 
 *                    F            [jetsopphem] 
 *                    0            [lbjscheme] 
 *               0.0000            [ptbjetmin] 
 *              99.0000            [etabjetmax] 

 * [Settings for photon processes]                                                           
 *                    F            [frag] 
 *             GdRG__LO            [fragset] 
 *              80.0000            [frag_scale] 
 *              20.0000            [gammpt] 
 *               2.5000            [gammrap] 
 *              20.0000            [gammpt2] 
 *              20.0000            [gammpt3] 
 *               0.0000            [Rgalmin] 
 *               0.4000            [Rgagamin] 
 *               0.4000            [Rgajetmin] 
 *               0.4000            [cone_ang] 
 *               0.5000            [epsilon_h] 

 * [Anomalous couplings of the W and Z]                                                      
 *               0.0000            [delg1_z] 
 *               0.0000            [delk_z] 
 *               0.0000            [delk_g] 
 *               0.0000            [lambda_z] 
 *               0.0000            [lambda_g] 
 *               0.0000            [h1Z] 
 *               0.0000            [h1gam] 
 *               0.0000            [h2Z] 
 *               0.0000            [h2gam] 
 *               0.0000            [h3Z] 
 *               0.0000            [h3gam] 
 *               0.0000            [h4Z] 
 *               0.0000            [h4gam] 
 *               2.0000            [tevscale] 

 * [Anomalous width of the Higgs]                                                            
 *               1.0000            [Gamma_H/Gamma_H(SM)] 

 * [How to resume/save a run]                                                                
 *                    F            [readin] 
 *                    F            [writeout] 
 *                                 [ingridfile] 
 *                                 [outgridfile] 

 * [Technical parameters that should not normally be changed]

 *                    F            [debug] 
 *                    T            [verbose] 
 *                    F            [new_pspace] 
 *                    F            [virtonly] 
 *                    F            [realonly] 
 *                    T            [spira] 
 *                    F            [noglue] 
 *                    F            [ggonly] 
 *                    F            [gqonly] 
 *                    F            [omitgg] 
 *                    F            [vanillafiles] 
 *                    1            [nmin] 
 *                    2            [nmax] 
 *                    T            [clustering] 
 *                    F            [realwt] 
 *                    0            [colourchoice] 
 *               0.0100            [rtsmin] 
 *               0.0001            [cutoff] 
 *               0.1000            [aii] 
 *               0.1000            [aif] 
 *               0.1000            [afi] 
 *               1.0000            [aff] 
 *               1.0000            [bfi] 
 *               1.0000            [bff] 

 Chooser:process chosen by nproc=         132

 *************************** f(p1)+f(p2) --> ******************************************
 * Z^0(e^-(p3)+e^+(p4)) + Z^0(mu^-(p5)+mu^+(p6) [(gg->ZZ) squared]                    *
 **************************************************************************************

 ************** Electroweak parameters **************
 *                                                  *
 *  zmass(+)   91.1876000     wmass(+)  80.3980000  *
 * zwidth(+)    2.4952000    wwidth(+)   2.1054000  *
 *     Gf(+) 0.116639D-04   1/aemmz    132.3384323  *
 *     xw       0.2226459      mtop(+) 173.2000000  *
 *   gwsq       0.4264904       esq      0.0949563  *
 * top width    1.4743080 (LO)                      *
 *    mb        4.7500000        mc      1.5000000  *
 *                                                  *
 * Parameters marked (+) are input, others derived  *
 ****************************************************

 ****************** Higgs parameters ****************
 *                                                  *
 *   mass(H) =  126.00      width(H) =  0.43070E-02 *
 *                                                  *
 *              Br( H -> b bbar)  =   0.56954       *
 *              Br( H -> tau tau) =   0.06056       *
 *              Br( H -> W W)     =   0.00000       *
 *              Br( H -> Z Z)     =   0.00000       *
 *              Br( H -> gam gam) =   0.00235       *
 *              Br( H -> Z gam)   =   0.00164       *
 ****************************************************
 *                                                  *
 * Note: branching ratios reported here can be > 1  *
 *       since the total Higgs width is calculated  *
 *       at NLO but the BR calculation uses a       *
 *       partial width at LO only.                  *
 *                                                  *
 ****************************************************

 WARNING: Higgs decay H->ZZ is below threshold and
 may not yield sensible results - check the number
 of integration points

 ***************** CKM mixing matrix ****************
 *                                                  *
 *      Vud=.97500    Vus=.22200    Vub=0.0000      *
 *      Vcd=.22200    Vcs=.97500    Vcb=0.0000      *
 ****************************************************

 ************* Strong coupling, alpha_s  ************
 *                                                  *
 *  Dynamic scale - alpha_s changed event-by-event  *
 *       alpha_s (zmass)  0.11800000                *
 *         (using 1-loop running of alpha_s)        *
 ****************************************************

 ****************************************
 *     Cross section in femtobarns      *
 ****************************************


 input parameters for vegas:  ndim= 10  ncall= 472392.
                              it=    0  itmx=   20
                              nprn=  0  alph= 1.50
                              mds=  1   nd= 100
                              xl( 1)=   0.000     xu( 1)=   1.000    
                              xl( 2)=   0.000     xu( 2)=   1.000    
                              xl( 3)=   0.000     xu( 3)=   1.000    
                              xl( 4)=   0.000     xu( 4)=   1.000    
                              xl( 5)=   0.000     xu( 5)=   1.000    
                              xl( 6)=   0.000     xu( 6)=   1.000    
                              xl( 7)=   0.000     xu( 7)=   1.000    
                              xl( 8)=   0.000     xu( 8)=   1.000    
                              xl( 9)=   0.000     xu( 9)=   1.000    
                              xl(10)=   0.000     xu(10)=   1.000    

 ****************** Basic mass cuts *****************
 *                                                  *
 *              0.00  <   m34  <   8000.00           *
 *              0.00  <   m56  <   8000.00           *
 ****************************************************
 *********** CMS Higgs Search cuts******
 *                                     *
 *     pt(mu) >           5.00 GeV     *
 *     pt(el) >           7.00 GeV     *
 *     |eta_mu| <         2.40         *
 *     |eta_el| <         2.50         *
 *     m4lmin >         100.00 GeV     *
 *     m2lmin >           4.00 GeV     *
 *     ptleading >       20.00 GeV     *
 *     ptnexttoleading > 10.00 GeV     *
 *     mllnear >         40.00 GeV     *
 *     mllfar >          12.00 GeV     *
 *     mllmax >         120.00 GeV     *
 ***************************************

 ************** Dynamic scale choice ****************
 *                                                  *
 *                 RENORMALIZATION                  *
 *       mu_ren  =  2.00 x m(3456)                  *
 *                                                  *
 *                  FACTORIZATION                   *
 *       mu_fac  =  2.00 x m(3456)                  *
 *                                                  *
 ****************************************************
 ****************************************************
 *                                                  *
 *  gg->ZZ box loop includes gens. 1 and 2          *
 *  gg->ZZ box loop includes bottom quark           *
 *  gg->ZZ box loop includes top quark              *
 *                                                  *
 *  Numer. stability: pt(Z) > 0.100 GeV (gens. 1,2) *
 *  Numer. stability: pt(Z) > 0.100 GeV (b,t loops) *
 *                                                  *
 ****************************************************
 ====================================================
   This is QCDLoop - version 1.95                    
   Authors: Keith Ellis and Giulia Zanderighi        
   (ellis@fnal.gov, g.zanderighi1@physics.ox.ac.uk)  
   For details see FERMILAB-PUB-07-633-T,OUTP-07/16P 
   arXiv:0712.1851 [hep-ph], published in            
   JHEP 0802:002,2008.                               
 ====================================================
 ====================================================
   FF 2.0, a package to evaluate one-loop integrals
 written by G. J. van Oldenborgh, NIKHEF-H, Amsterdam
 ====================================================
 for the algorithms used see preprint NIKHEF-H 89/17,
 'New Algorithms for One-loop Integrals', by G.J. van
 Oldenborgh and J.A.M. Vermaseren, published in 
 Zeitschrift fuer Physik C46(1990)425.
 ====================================================
 ffini: precx =    4.4408920985006262E-016
 ffini: precc =    4.4408920985006262E-016
 ffini: xalogm =    4.9406564584124654E-324
 ffini: xclogm =    4.9406564584124654E-324

************* Integration by Vegas (iteration   1) **************
*                                                               *
*  integral  = 0.50457530       accum. integral = 0.50457530    *
*  std. dev. = 0.51722404E-01   accum. std. dev = 0.51722404E-01*
*   max. wt. =   0.377019E-01                                   *
*                                                               *
**************   chi**2/iteration =  0.000       ****************


************* Integration by Vegas (iteration   2) **************
*                                                               *
*  integral  = 0.43606906       accum. integral = 0.43668265    *
*  std. dev. = 0.49170726E-02   accum. std. dev = 0.48950027E-02*
*   max. wt. =   0.377019E-01                                   *
*                                                               *
**************   chi**2/iteration =  1.721       ****************


************* Integration by Vegas (iteration   3) **************
*                                                               *
*  integral  = 0.44106900       accum. integral = 0.44081186    *
*  std. dev. = 0.12215257E-02   accum. std. dev = 0.11851807E-02*
*   max. wt. =   0.377019E-01                                   *
*                                                               *
**************   chi**2/iteration =  1.241       ****************


************* Integration by Vegas (iteration   4) **************
*                                                               *
*  integral  = 0.44111948       accum. integral = 0.44100593    *
*  std. dev. = 0.90657758E-03   accum. std. dev = 0.72006991E-03*
*   max. wt. =   0.377019E-01                                   *
*                                                               *
**************   chi**2/iteration = 0.8429       ****************


************* Integration by Vegas (iteration   5) **************
*                                                               *
*  integral  = 0.44222331       accum. integral = 0.44152422    *
*  std. dev. = 0.83628359E-03   accum. std. dev = 0.54566690E-03*
*   max. wt. =   0.377019E-01                                   *
*                                                               *
**************   chi**2/iteration = 0.9361       ****************


************* Integration by Vegas (iteration   6) **************
*                                                               *
*  integral  = 0.44235553       accum. integral = 0.44180606    *
*  std. dev. = 0.76190667E-03   accum. std. dev = 0.44362834E-03*
*   max. wt. =   0.377019E-01                                   *
*                                                               *
**************   chi**2/iteration = 0.9063       ****************


************* Integration by Vegas (iteration   7) **************
*                                                               *
*  integral  = 0.44433814       accum. integral = 0.44223129    *
*  std. dev. = 0.98747025E-03   accum. std. dev = 0.40466660E-03*
*   max. wt. =   0.377019E-01                                   *
*                                                               *
**************   chi**2/iteration =  1.666       ****************


************* Integration by Vegas (iteration   8) **************
*                                                               *
*  integral  = 0.44434466       accum. integral = 0.44257096    *
*  std. dev. = 0.92472242E-03   accum. std. dev = 0.37072347E-03*
*   max. wt. =   0.377019E-01                                   *
*                                                               *
**************   chi**2/iteration =  2.054       ****************


************* Integration by Vegas (iteration   9) **************
*                                                               *
*  integral  = 0.44311175       accum. integral = 0.44267873    *
*  std. dev. = 0.74310653E-03   accum. std. dev = 0.33173319E-03*
*   max. wt. =   0.377019E-01                                   *
*                                                               *
**************   chi**2/iteration =  1.850       ****************


************* Integration by Vegas (iteration  10) **************
*                                                               *
*  integral  = 0.44231325       accum. integral = 0.44262185    *
*  std. dev. = 0.77270778E-03   accum. std. dev = 0.30482905E-03*
*   max. wt. =   0.377019E-01                                   *
*                                                               *
**************   chi**2/iteration =  1.666       ****************


************* Integration by Vegas (iteration  11) **************
*                                                               *
*  integral  = 0.44097384       accum. integral = 0.44236950    *
*  std. dev. = 0.71687032E-03   accum. std. dev = 0.28052118E-03*
*   max. wt. =   0.377019E-01                                   *
*                                                               *
**************   chi**2/iteration =  1.946       ****************


************* Integration by Vegas (iteration  12) **************
*                                                               *
*  integral  = 0.44274915       accum. integral = 0.44240885    *
*  std. dev. = 0.82490176E-03   accum. std. dev = 0.26558445E-03*
*   max. wt. =   0.377019E-01                                   *
*                                                               *
**************   chi**2/iteration =  1.787       ****************


************* Integration by Vegas (iteration  13) **************
*                                                               *
*  integral  = 0.44275262       accum. integral = 0.44244337    *
*  std. dev. = 0.79496235E-03   accum. std. dev = 0.25189872E-03*
*   max. wt. =   0.377019E-01                                   *
*                                                               *
**************   chi**2/iteration =  1.652       ****************


************* Integration by Vegas (iteration  14) **************
*                                                               *
*  integral  = 0.44304304       accum. integral = 0.44249413    *
*  std. dev. = 0.82828405E-03   accum. std. dev = 0.24100014E-03*
*   max. wt. =   0.377019E-01                                   *
*                                                               *
**************   chi**2/iteration =  1.562       ****************


************* Integration by Vegas (iteration  15) **************
*                                                               *
*  integral  = 0.44368852       accum. integral = 0.44260729    *
*  std. dev. = 0.74498392E-03   accum. std. dev = 0.22930043E-03*
*   max. wt. =   0.377019E-01                                   *
*                                                               *
**************   chi**2/iteration =  1.617       ****************


************* Integration by Vegas (iteration  16) **************
*                                                               *
*  integral  = 0.44278345       accum. integral = 0.44262366    *
*  std. dev. = 0.71625016E-03   accum. std. dev = 0.21838238E-03*
*   max. wt. =   0.377019E-01                                   *
*                                                               *
**************   chi**2/iteration =  1.513       ****************


************* Integration by Vegas (iteration  17) **************
*                                                               *
*  integral  = 0.44141072       accum. integral = 0.44251965    *
*  std. dev. = 0.71305682E-03   accum. std. dev = 0.20880905E-03*
*   max. wt. =   0.377019E-01                                   *
*                                                               *
**************   chi**2/iteration =  1.583       ****************


************* Integration by Vegas (iteration  18) **************
*                                                               *
*  integral  = 0.44133879       accum. integral = 0.44242821    *
*  std. dev. = 0.72076390E-03   accum. std. dev = 0.20056211E-03*
*   max. wt. =   0.377019E-01                                   *
*                                                               *
**************   chi**2/iteration =  1.636       ****************


************* Integration by Vegas (iteration  19) **************
*                                                               *
*  integral  = 0.44245394       accum. integral = 0.44242984    *
*  std. dev. = 0.77149028E-03   accum. std. dev = 0.19411007E-03*
*   max. wt. =   0.377019E-01                                   *
*                                                               *
**************   chi**2/iteration =  1.545       ****************


************* Integration by Vegas (iteration  20) **************
*                                                               *
*  integral  = 0.44196966       accum. integral = 0.44240215    *
*  std. dev. = 0.76705831E-03   accum. std. dev = 0.18817826E-03*
*   max. wt. =   0.377019E-01                                   *
*                                                               *
**************   chi**2/iteration =  1.482       ****************


 input parameters for vegas:  ndim= 10  ncall= 472392.
                              it=   21  itmx=   50
                              nprn=  0  alph= 1.50
                              mds=  1   nd= 100
                              xl( 1)=   0.000     xu( 1)=   1.000    
                              xl( 2)=   0.000     xu( 2)=   1.000    
                              xl( 3)=   0.000     xu( 3)=   1.000    
                              xl( 4)=   0.000     xu( 4)=   1.000    
                              xl( 5)=   0.000     xu( 5)=   1.000    
                              xl( 6)=   0.000     xu( 6)=   1.000    
                              xl( 7)=   0.000     xu( 7)=   1.000    
                              xl( 8)=   0.000     xu( 8)=   1.000    
                              xl( 9)=   0.000     xu( 9)=   1.000    
                              xl(10)=   0.000     xu(10)=   1.000    

************* Integration by Vegas (iteration   1) **************
*                                                               *
*  integral  = 0.44154318       accum. integral = 0.44154318    *
*  std. dev. = 0.75127188E-03   accum. std. dev = 0.75127188E-03*
*   max. wt. =   0.145265E-03                                   *
*                                                               *
**************   chi**2/iteration =  0.000       ****************

 Writing out intermediate results for iteration           1

************* Integration by Vegas (iteration   2) **************
*                                                               *
*  integral  = 0.44302021       accum. integral = 0.44222209    *
*  std. dev. = 0.81457184E-03   accum. std. dev = 0.55225357E-03*
*   max. wt. =   0.235428E-03                                   *
*                                                               *
**************   chi**2/iteration =  1.759       ****************

 Writing out intermediate results for iteration           2

************* Integration by Vegas (iteration   3) **************
*                                                               *
*  integral  = 0.44225438       accum. integral = 0.44223276    *
*  std. dev. = 0.78589621E-03   accum. std. dev = 0.45184870E-03*
*   max. wt. =   0.235428E-03                                   *
*                                                               *
**************   chi**2/iteration = 0.8845       ****************

 Writing out intermediate results for iteration           3

************* Integration by Vegas (iteration   4) **************
*                                                               *
*  integral  = 0.44134797       accum. integral = 0.44198877    *
*  std. dev. = 0.73225960E-03   accum. std. dev = 0.38453272E-03*
*   max. wt. =   0.235428E-03                                   *
*                                                               *
**************   chi**2/iteration = 0.9419       ****************

 Writing out intermediate results for iteration           4

************* Integration by Vegas (iteration   5) **************
*                                                               *
*  integral  = 0.44136941       accum. integral = 0.44185578    *
*  std. dev. = 0.73537897E-03   accum. std. dev = 0.34075793E-03*
*   max. wt. =   0.235428E-03                                   *
*                                                               *
**************   chi**2/iteration = 0.8459       ****************

 Writing out intermediate results for iteration           5

************* Integration by Vegas (iteration   6) **************
*                                                               *
*  integral  = 0.44231265       accum. integral = 0.44193582    *
*  std. dev. = 0.73935817E-03   accum. std. dev = 0.30947145E-03*
*   max. wt. =   0.235428E-03                                   *
*                                                               *
**************   chi**2/iteration = 0.7399       ****************

 Writing out intermediate results for iteration           6

************* Integration by Vegas (iteration   7) **************
*                                                               *
*  integral  = 0.44315704       accum. integral = 0.44211395    *
*  std. dev. = 0.74887763E-03   accum. std. dev = 0.28601198E-03*
*   max. wt. =   0.235428E-03                                   *
*                                                               *
**************   chi**2/iteration = 0.9948       ****************

 Writing out intermediate results for iteration           7

************* Integration by Vegas (iteration   8) **************
*                                                               *
*  integral  = 0.44260852       accum. integral = 0.44217394    *
*  std. dev. = 0.76985043E-03   accum. std. dev = 0.26810718E-03*
*   max. wt. =   0.235428E-03                                   *
*                                                               *
**************   chi**2/iteration = 0.9046       ****************

 Writing out intermediate results for iteration           8

************* Integration by Vegas (iteration   9) **************
*                                                               *
*  integral  = 0.44223626       accum. integral = 0.44218096    *
*  std. dev. = 0.75214851E-03   accum. std. dev = 0.25254273E-03*
*   max. wt. =   0.235428E-03                                   *
*                                                               *
**************   chi**2/iteration = 0.7924       ****************

 Writing out intermediate results for iteration           9

************* Integration by Vegas (iteration  10) **************
*                                                               *
*  integral  = 0.44153051       accum. integral = 0.44212444    *
*  std. dev. = 0.81864838E-03   accum. std. dev = 0.24132105E-03*
*   max. wt. =   0.329837E-03                                   *
*                                                               *
**************   chi**2/iteration = 0.7684       ****************

 Writing out intermediate results for iteration          10

************* Integration by Vegas (iteration  11) **************
*                                                               *
*  integral  = 0.44192119       accum. integral = 0.44211184    *
*  std. dev. = 0.93859774E-03   accum. std. dev = 0.23371969E-03*
*   max. wt. =   0.422344E-03                                   *
*                                                               *
**************   chi**2/iteration = 0.6961       ****************

 Writing out intermediate results for iteration          11

************* Integration by Vegas (iteration  12) **************
*                                                               *
*  integral  = 0.44177414       accum. integral = 0.44208846    *
*  std. dev. = 0.85703136E-03   accum. std. dev = 0.22548538E-03*
*   max. wt. =   0.422344E-03                                   *
*                                                               *
**************   chi**2/iteration = 0.6460       ****************

 Writing out intermediate results for iteration          12

************* Integration by Vegas (iteration  13) **************
*                                                               *
*  integral  = 0.44229206       accum. integral = 0.44210479    *
*  std. dev. = 0.76375408E-03   accum. std. dev = 0.21625749E-03*
*   max. wt. =   0.422344E-03                                   *
*                                                               *
**************   chi**2/iteration = 0.5976       ****************

 Writing out intermediate results for iteration          13

************* Integration by Vegas (iteration  14) **************
*                                                               *
*  integral  = 0.44271524       accum. integral = 0.44215256    *
*  std. dev. = 0.74214751E-03   accum. std. dev = 0.20762239E-03*
*   max. wt. =   0.422344E-03                                   *
*                                                               *
**************   chi**2/iteration = 0.5996       ****************

 Writing out intermediate results for iteration          14

************* Integration by Vegas (iteration  15) **************
*                                                               *
*  integral  = 0.44253736       accum. integral = 0.44218126    *
*  std. dev. = 0.73146193E-03   accum. std. dev = 0.19973218E-03*
*   max. wt. =   0.422344E-03                                   *
*                                                               *
**************   chi**2/iteration = 0.5751       ****************

 Writing out intermediate results for iteration          15

************* Integration by Vegas (iteration  16) **************
*                                                               *
*  integral  = 0.44237823       accum. integral = 0.44219253    *
*  std. dev. = 0.81066182E-03   accum. std. dev = 0.19393266E-03*
*   max. wt. =   0.422344E-03                                   *
*                                                               *
**************   chi**2/iteration = 0.5405       ****************

 Writing out intermediate results for iteration          16

************* Integration by Vegas (iteration  17) **************
*                                                               *
*  integral  = 0.44412465       accum. integral = 0.44227373    *
*  std. dev. = 0.92592444E-03   accum. std. dev = 0.18981394E-03*
*   max. wt. =   0.422344E-03                                   *
*                                                               *
**************   chi**2/iteration = 0.7673       ****************

 Writing out intermediate results for iteration          17

************* Integration by Vegas (iteration  18) **************
*                                                               *
*  integral  = 0.44369891       accum. integral = 0.44234446    *
*  std. dev. = 0.83057815E-03   accum. std. dev = 0.18504331E-03*
*   max. wt. =   0.422344E-03                                   *
*                                                               *
**************   chi**2/iteration = 0.8867       ****************

 Writing out intermediate results for iteration          18

************* Integration by Vegas (iteration  19) **************
*                                                               *
*  integral  = 0.44320445       accum. integral = 0.44239433    *
*  std. dev. = 0.74586338E-03   accum. std. dev = 0.17959868E-03*
*   max. wt. =   0.422344E-03                                   *
*                                                               *
**************   chi**2/iteration = 0.9070       ****************

 Writing out intermediate results for iteration          19

************* Integration by Vegas (iteration  20) **************
*                                                               *
*  integral  = 0.44201074       accum. integral = 0.44237286    *
*  std. dev. = 0.73772250E-03   accum. std. dev = 0.17450192E-03*
*   max. wt. =   0.422344E-03                                   *
*                                                               *
**************   chi**2/iteration = 0.8727       ****************

 Writing out intermediate results for iteration          20

************* Integration by Vegas (iteration  21) **************
*                                                               *
*  integral  = 0.44262190       accum. integral = 0.44238530    *
*  std. dev. = 0.76103559E-03   accum. std. dev = 0.17008790E-03*
*   max. wt. =   0.422344E-03                                   *
*                                                               *
**************   chi**2/iteration = 0.8342       ****************

 Writing out intermediate results for iteration          21

************* Integration by Vegas (iteration  22) **************
*                                                               *
*  integral  = 0.44176399       accum. integral = 0.44235331    *
*  std. dev. = 0.73000392E-03   accum. std. dev = 0.16565097E-03*
*   max. wt. =   0.422344E-03                                   *
*                                                               *
**************   chi**2/iteration = 0.8272       ****************

 Writing out intermediate results for iteration          22

************* Integration by Vegas (iteration  23) **************
*                                                               *
*  integral  = 0.44202753       accum. integral = 0.44233838    *
*  std. dev. = 0.75579057E-03   accum. std. dev = 0.16181004E-03*
*   max. wt. =   0.422344E-03                                   *
*                                                               *
**************   chi**2/iteration = 0.7976       ****************

 Writing out intermediate results for iteration          23

************* Integration by Vegas (iteration  24) **************
*                                                               *
*  integral  = 0.44175120       accum. integral = 0.44231104    *
*  std. dev. = 0.73227426E-03   accum. std. dev = 0.15799868E-03*
*   max. wt. =   0.422344E-03                                   *
*                                                               *
**************   chi**2/iteration = 0.7896       ****************

 Writing out intermediate results for iteration          24

************* Integration by Vegas (iteration  25) **************
*                                                               *
*  integral  = 0.44284584       accum. integral = 0.44233274    *
*  std. dev. = 0.76830937E-03   accum. std. dev = 0.15476018E-03*
*   max. wt. =   0.422344E-03                                   *
*                                                               *
**************   chi**2/iteration = 0.7761       ****************

 Writing out intermediate results for iteration          25

************* Integration by Vegas (iteration  26) **************
*                                                               *
*  integral  = 0.44057405       accum. integral = 0.44225650    *
*  std. dev. = 0.72700005E-03   accum. std. dev = 0.15136849E-03*
*   max. wt. =   0.422344E-03                                   *
*                                                               *
**************   chi**2/iteration = 0.9689       ****************

 Writing out intermediate results for iteration          26

************* Integration by Vegas (iteration  27) **************
*                                                               *
*  integral  = 0.44114928       accum. integral = 0.44220969    *
*  std. dev. = 0.72041047E-03   accum. std. dev = 0.14813390E-03*
*   max. wt. =   0.422344E-03                                   *
*                                                               *
**************   chi**2/iteration =  1.019       ****************

 Writing out intermediate results for iteration          27

************* Integration by Vegas (iteration  28) **************
*                                                               *
*  integral  = 0.44452374       accum. integral = 0.44223694    *
*  std. dev. = 0.13570267E-02   accum. std. dev = 0.14725912E-03*
*   max. wt. =   0.935863E-03                                   *
*                                                               *
**************   chi**2/iteration =  1.087       ****************

 Writing out intermediate results for iteration          28

************* Integration by Vegas (iteration  29) **************
*                                                               *
*  integral  = 0.44242001       accum. integral = 0.44223952    *
*  std. dev. = 0.12301339E-02   accum. std. dev = 0.14621518E-03*
*   max. wt. =   0.935863E-03                                   *
*                                                               *
**************   chi**2/iteration =  1.049       ****************

 Writing out intermediate results for iteration          29

************* Integration by Vegas (iteration  30) **************
*                                                               *
*  integral  = 0.44271812       accum. integral = 0.44225334    *
*  std. dev. = 0.84791072E-03   accum. std. dev = 0.14408856E-03*
*   max. wt. =   0.935863E-03                                   *
*                                                               *
**************   chi**2/iteration =  1.024       ****************

 Writing out intermediate results for iteration          30

************* Integration by Vegas (iteration  31) **************
*                                                               *
*  integral  = 0.44228116       accum. integral = 0.44225434    *
*  std. dev. = 0.74603886E-03   accum. std. dev = 0.14147406E-03*
*   max. wt. =   0.935863E-03                                   *
*                                                               *
**************   chi**2/iteration = 0.9897       ****************

 Writing out intermediate results for iteration          31

************* Integration by Vegas (iteration  32) **************
*                                                               *
*  integral  = 0.44165542       accum. integral = 0.44223381    *
*  std. dev. = 0.75081065E-03   accum. std. dev = 0.13902748E-03*
*   max. wt. =   0.935863E-03                                   *
*                                                               *
**************   chi**2/iteration = 0.9776       ****************

 Writing out intermediate results for iteration          32

************* Integration by Vegas (iteration  33) **************
*                                                               *
*  integral  = 0.44163211       accum. integral = 0.44221332    *
*  std. dev. = 0.74044878E-03   accum. std. dev = 0.13663978E-03*
*   max. wt. =   0.935863E-03                                   *
*                                                               *
**************   chi**2/iteration = 0.9670       ****************

 Writing out intermediate results for iteration          33

************* Integration by Vegas (iteration  34) **************
*                                                               *
*  integral  = 0.44175323       accum. integral = 0.44219941    *
*  std. dev. = 0.77400576E-03   accum. std. dev = 0.13455910E-03*
*   max. wt. =   0.935863E-03                                   *
*                                                               *
**************   chi**2/iteration = 0.9481       ****************

 Writing out intermediate results for iteration          34

************* Integration by Vegas (iteration  35) **************
*                                                               *
*  integral  = 0.44148667       accum. integral = 0.44217945    *
*  std. dev. = 0.79277022E-03   accum. std. dev = 0.13266173E-03*
*   max. wt. =   0.935863E-03                                   *
*                                                               *
**************   chi**2/iteration = 0.9433       ****************

 Writing out intermediate results for iteration          35

************* Integration by Vegas (iteration  36) **************
*                                                               *
*  integral  = 0.44340605       accum. integral = 0.44221440    *
*  std. dev. = 0.77464824E-03   accum. std. dev = 0.13075815E-03*
*   max. wt. =   0.935863E-03                                   *
*                                                               *
**************   chi**2/iteration = 0.9859       ****************

 Writing out intermediate results for iteration          36

************* Integration by Vegas (iteration  37) **************
*                                                               *
*  integral  = 0.44224322       accum. integral = 0.44221521    *
*  std. dev. = 0.76730380E-03   accum. std. dev = 0.12889989E-03*
*   max. wt. =   0.935863E-03                                   *
*                                                               *
**************   chi**2/iteration = 0.9586       ****************

 Writing out intermediate results for iteration          37

************* Integration by Vegas (iteration  38) **************
*                                                               *
*  integral  = 0.44222238       accum. integral = 0.44221542    *
*  std. dev. = 0.75199320E-03   accum. std. dev = 0.12704698E-03*
*   max. wt. =   0.935863E-03                                   *
*                                                               *
**************   chi**2/iteration = 0.9327       ****************

 Writing out intermediate results for iteration          38

************* Integration by Vegas (iteration  39) **************
*                                                               *
*  integral  = 0.44220233       accum. integral = 0.44221502    *
*  std. dev. = 0.71609876E-03   accum. std. dev = 0.12509349E-03*
*   max. wt. =   0.935863E-03                                   *
*                                                               *
**************   chi**2/iteration = 0.9082       ****************

 Writing out intermediate results for iteration          39

************* Integration by Vegas (iteration  40) **************
*                                                               *
*  integral  = 0.44208446       accum. integral = 0.44221127    *
*  std. dev. = 0.72725539E-03   accum. std. dev = 0.12328302E-03*
*   max. wt. =   0.935863E-03                                   *
*                                                               *
**************   chi**2/iteration = 0.8857       ****************

 Writing out intermediate results for iteration          40

************* Integration by Vegas (iteration  41) **************
*                                                               *
*  integral  = 0.44391058       accum. integral = 0.44222494    *
*  std. dev. = 0.13686775E-02   accum. std. dev = 0.12278592E-03*
*   max. wt. =   0.935863E-03                                   *
*                                                               *
**************   chi**2/iteration = 0.9018       ****************

 Writing out intermediate results for iteration          41

************* Integration by Vegas (iteration  42) **************
*                                                               *
*  integral  = 0.44162896       accum. integral = 0.44221889    *
*  std. dev. = 0.12123137E-02   accum. std. dev = 0.12216095E-03*
*   max. wt. =   0.935863E-03                                   *
*                                                               *
**************   chi**2/iteration = 0.8856       ****************

 Writing out intermediate results for iteration          42

************* Integration by Vegas (iteration  43) **************
*                                                               *
*  integral  = 0.44164045       accum. integral = 0.44220634    *
*  std. dev. = 0.82028402E-03   accum. std. dev = 0.12082839E-03*
*   max. wt. =   0.935863E-03                                   *
*                                                               *
**************   chi**2/iteration = 0.8761       ****************

 Writing out intermediate results for iteration          43

************* Integration by Vegas (iteration  44) **************
*                                                               *
*  integral  = 0.44148289       accum. integral = 0.44218980    *
*  std. dev. = 0.78976533E-03   accum. std. dev = 0.11943864E-03*
*   max. wt. =   0.935863E-03                                   *
*                                                               *
**************   chi**2/iteration = 0.8748       ****************

 Writing out intermediate results for iteration          44

************* Integration by Vegas (iteration  45) **************
*                                                               *
*  integral  = 0.44221438       accum. integral = 0.44219030    *
*  std. dev. = 0.82747396E-03   accum. std. dev = 0.11821353E-03*
*   max. wt. =   0.935863E-03                                   *
*                                                               *
**************   chi**2/iteration = 0.8549       ****************

 Writing out intermediate results for iteration          45

************* Integration by Vegas (iteration  46) **************
*                                                               *
*  integral  = 0.44139717       accum. integral = 0.44217292    *
*  std. dev. = 0.78984937E-03   accum. std. dev = 0.11691138E-03*
*   max. wt. =   0.935863E-03                                   *
*                                                               *
**************   chi**2/iteration = 0.8579       ****************

 Writing out intermediate results for iteration          46

************* Integration by Vegas (iteration  47) **************
*                                                               *
*  integral  = 0.44192923       accum. integral = 0.44216672    *
*  std. dev. = 0.72358660E-03   accum. std. dev = 0.11541461E-03*
*   max. wt. =   0.935863E-03                                   *
*                                                               *
**************   chi**2/iteration = 0.8416       ****************

 Writing out intermediate results for iteration          47

************* Integration by Vegas (iteration  48) **************
*                                                               *
*  integral  = 0.44236411       accum. integral = 0.44217176    *
*  std. dev. = 0.71309429E-03   accum. std. dev = 0.11393200E-03*
*   max. wt. =   0.935863E-03                                   *
*                                                               *
**************   chi**2/iteration = 0.8253       ****************

 Writing out intermediate results for iteration          48

************* Integration by Vegas (iteration  49) **************
*                                                               *
*  integral  = 0.44194949       accum. integral = 0.44216613    *
*  std. dev. = 0.70710283E-03   accum. std. dev = 0.11248127E-03*
*   max. wt. =   0.935863E-03                                   *
*                                                               *
**************   chi**2/iteration = 0.8101       ****************

 Writing out intermediate results for iteration          49

************* Integration by Vegas (iteration  50) **************
*                                                               *
*  integral  = 0.44110393       accum. integral = 0.44213901    *
*  std. dev. = 0.69482963E-03   accum. std. dev = 0.11103577E-03*
*   max. wt. =   0.935863E-03                                   *
*                                                               *
**************   chi**2/iteration = 0.8401       ****************


Value of final lord integral is        0.4421 +/-     0.0001 fb

 Total number of shots       :     23619600
 Total no. failing cuts      :      7722390
 Number failing jet cuts     :            0
 Number failing process cuts :            0

   Jet efficiency : 100.00%
   Cut efficiency : 100.00%
 Total efficiency : 100.00%

 Contribution from parton sub-processes:
 ---------------------------------------
       GG     |           0.44214  100.00%
       GQ     |           0.00000    0.00%
       GQB    |           0.00000    0.00%
       QG     |           0.00000    0.00%
       QBG    |           0.00000    0.00%
       QQ     |           0.00000    0.00%
       QBQB   |           0.00000    0.00%
       QQB    |           0.00000    0.00%
       QBQ    |           0.00000    0.00%
 ---------------------------------------

 ****************************************************
 output files  cluster_CMS_m4l/CTEQ2m4/TOP/ggZZbx_lord_cteq6_l_2___2___132_run_8
 ****************************************************
