 ************** MCFM - version 6.8 ****************
 *                                                *
 * MCFM, v6.8                   April 26th, 2014  *
 *                                                *
 * Authors: John Campbell, Keith Ellis,           *
 *          Ciaran Williams                       *
 *         (johnmc@fnal.gov, ellis@fnal.gov,      *
 *          ciaran@fnal.gov)                      *
 *                                                *
 * For details see:                               *
 *                                                *
 *  arXiv:1403.2641 (Triphoton production)        *
 *  arXiv:1312.1628 (gg->WW, Higgs interference)  *
 *  arXiv:1311.3589 (gg->ZZ, Higgs interference)  *
 *  Phys.Rev.D87:114006, arXiv:1302.3856          *
 *  (tZ, tH -- with R. Rontsch)                   *
 *  arXiv:1211.6390 (DM, P. Fox and C. Williams)  *
 *  JHEP 1211:162 (2012), arXiv:1208.0566         *
 *  (Z+gam+jet,Z+gam+gam -- with H. Hartanto)     *
 *  arXiv:1204.1513 (top production+decay)        *
 *  JHEP 1207:052 (2012), arXiv:1204.5678 (ttW)   *
 *  JHEP 1110:005 (2011), arXiv:1107.5569         *
 *         (gg->WW,Higgs intference)              *
 *  JHEP 1107:018 (2011), arXiv:1105.0020         *
 *         (diboson update)                       *
 *  JHEP 1103:027 (2011), arXiv:1011.6647         *
 *         (Wbb for mb>0, with S. Badger)         *
 *  Phys.Rev.D81:074023, arXiv:1001.4495 (H+2jet) *
 *                                                *
 *  P.R.L. 102:142001, arXiv:0903.0005 [hep-ph]   *
 *    (t-channel single top + explicit b,         *
 *      JC, R.Frederix, F.Maltoni, F.Tramontano)  *
 *  N.P.B 726:109(2005), hep-ph/0506289 (W+t)     *
 *  Phys.Rev.D70:094012, hep-ph/0408158 (Sngl Top)*
 *       (with Francesco Tramontano)              *
 *                                                *
 *  Phys.Rev.D65:113007, hep-ph/0202176 (W,Z+2j)  *
 *  Phys.Rev.D62:114012, hep-ph/0006304 (W,Z+bb)  *
 *  Phys.Rev.D60:113006, hep-ph/9905386 (diboson) *
 *                                                *
 * On the web:  http://mcfm.fnal.gov/             *
 **************************************************

 * Using input file named E_var/E_80/CTEQ/TOP/input_131_80.DAT                                    

 * [Flags to specify the mode in which MCFM is run]                                          
 *                   -1            [nevtrequested] 
 *                    F            [creatent] 
 *                    F            [skipnt] 
 *                    F            [dswhisto] 
 *                    F            [creategrid] 
 *                    T            [writetop] 
 *                    T            [writedat] 
 *                    T            [writegnu] 
 *                    T            [writeroot] 
 *                    F            [writepwg] 

 * [General options to specify the process and execution]                                    
 *                  131            [nproc] 
 *                 lord            [part] 
 * 131_run_80                      [runstring] 
 *           80000.0000            [sqrts] 
 *                    1            [ih1] 
 *                    1            [ih2] 
 *             126.0000            [hmass] 
 *               0.5000            [scale] 
 *               0.5000            [facscale] 
 * m(3456)                         [dynamicscale] 
 *                    F            [zerowidth] 
 *                    F            [removebr] 
 *                   20            [itmx1] 
 *              1000000            [ncall1] 
 *                   50            [itmx2] 
 *              1000000            [ncall2] 
 *                 2020            [ij] 
 *                    F            [dryrun] 
 *                    T            [Qflag] 
 *                    T            [Gflag] 

 * [Heavy quark masses]                                                                      
 *             173.2000            [top mass] 
 *               4.7500            [bottom mass] 
 *               1.5000            [charm mass] 

 * [Pdf selection]                                                                           
 *              cteq6_l            [pdlabel] 
 *                    4            [NGROUP] 
 *                   46            [NSET] 
 * cteq6mE.LHgrid                  [LHAPDF group] 
 *                   -1            [LHAPDF set] 

 * [Jet definition and event cuts]                                                           
 *               0.0000            [m34min] 
 *           80000.0000            [m34max] 
 *               0.0000            [m56min] 
 *           80000.0000            [m56max] 
 *                    T            [inclusive] 
 *                 ankt            [algorithm] 
 *              15.0000            [ptjetmin] 
 *               0.0000            [etajetmin] 
 *               5.0000            [etajetmax] 
 *               0.5000            [Rcut] 
 *                    T            [makecuts] 
 *               0.0000            [leptpt] 
 *              99.0000            [leptrap] 
 *    0.000,   0.000                [leptveto] 
 *               0.0000            [misspt] 
 *               0.0000            [leptpt2] 
 *              99.0000            [leptrap2] 
 *    0.000,   0.000                [leptveto2] 
 *               0.0000            [mtrans34cut] 
 *               0.0000            [Rjlmin] 
 *               0.0000            [Rllmin] 
 *               0.0000            [delyjjmin] 
 *                    F            [jetsopphem] 
 *                    0            [lbjscheme] 
 *               0.0000            [ptbjetmin] 
 *              99.0000            [etabjetmax] 

 * [Settings for photon processes]                                                           
 *                    F            [frag] 
 *             GdRG__LO            [fragset] 
 *              80.0000            [frag_scale] 
 *              20.0000            [gammpt] 
 *               2.5000            [gammrap] 
 *              20.0000            [gammpt2] 
 *              20.0000            [gammpt3] 
 *               0.0000            [Rgalmin] 
 *               0.4000            [Rgagamin] 
 *               0.4000            [Rgajetmin] 
 *               0.4000            [cone_ang] 
 *               0.5000            [epsilon_h] 

 * [Anomalous couplings of the W and Z]                                                      
 *               0.0000            [delg1_z] 
 *               0.0000            [delk_z] 
 *               0.0000            [delk_g] 
 *               0.0000            [lambda_z] 
 *               0.0000            [lambda_g] 
 *               0.0000            [h1Z] 
 *               0.0000            [h1gam] 
 *               0.0000            [h2Z] 
 *               0.0000            [h2gam] 
 *               0.0000            [h3Z] 
 *               0.0000            [h3gam] 
 *               0.0000            [h4Z] 
 *               0.0000            [h4gam] 
 *               2.0000            [tevscale] 

 * [Anomalous width of the Higgs]                                                            
 *               1.0000            [Gamma_H/Gamma_H(SM)] 

 * [How to resume/save a run]                                                                
 *                    F            [readin] 
 *                    F            [writeout] 
 *                                 [ingridfile] 
 *                                 [outgridfile] 

 * [Technical parameters that should not normally be changed]

 *                    F            [debug] 
 *                    T            [verbose] 
 *                    F            [new_pspace] 
 *                    F            [virtonly] 
 *                    F            [realonly] 
 *                    T            [spira] 
 *                    F            [noglue] 
 *                    F            [ggonly] 
 *                    F            [gqonly] 
 *                    F            [omitgg] 
 *                    F            [vanillafiles] 
 *                    1            [nmin] 
 *                    2            [nmax] 
 *                    T            [clustering] 
 *                    F            [realwt] 
 *                    0            [colourchoice] 
 *               0.0100            [rtsmin] 
 *               0.0001            [cutoff] 
 *               0.1000            [aii] 
 *               0.1000            [aif] 
 *               0.1000            [afi] 
 *               1.0000            [aff] 
 *               1.0000            [bfi] 
 *               1.0000            [bff] 

 Chooser:process chosen by nproc=         131

 *************************** f(p1)+f(p2) --> ******************************************
 * Z^0(e^-(p3)+e^+(p4)) + Z^0(mu^-(p5)+mu^+(p6) [gg only, (H + gg->ZZ) squared]       *
 **************************************************************************************

 ************** Electroweak parameters **************
 *                                                  *
 *  zmass(+)   91.1876000     wmass(+)  80.3980000  *
 * zwidth(+)    2.4952000    wwidth(+)   2.1054000  *
 *     Gf(+) 0.116639D-04   1/aemmz    132.3384323  *
 *     xw       0.2226459      mtop(+) 173.2000000  *
 *   gwsq       0.4264904       esq      0.0949563  *
 * top width    1.4743080 (LO)                      *
 *    mb        4.7500000        mc      1.5000000  *
 *                                                  *
 * Parameters marked (+) are input, others derived  *
 ****************************************************

 ****************** Higgs parameters ****************
 *                                                  *
 *   mass(H) =  126.00      width(H) =  0.43070E-02 *
 *                                                  *
 *              Br( H -> b bbar)  =   0.56954       *
 *              Br( H -> tau tau) =   0.06056       *
 *              Br( H -> W W)     =   0.00000       *
 *              Br( H -> Z Z)     =   0.00000       *
 *              Br( H -> gam gam) =   0.00235       *
 *              Br( H -> Z gam)   =   0.00164       *
 ****************************************************
 *                                                  *
 * Note: branching ratios reported here can be > 1  *
 *       since the total Higgs width is calculated  *
 *       at NLO but the BR calculation uses a       *
 *       partial width at LO only.                  *
 *                                                  *
 ****************************************************

 WARNING: Higgs decay H->ZZ is below threshold and
 may not yield sensible results - check the number
 of integration points

 ***************** CKM mixing matrix ****************
 *                                                  *
 *      Vud=.97500    Vus=.22200    Vub=0.0000      *
 *      Vcd=.22200    Vcs=.97500    Vcb=0.0000      *
 ****************************************************

 ************* Strong coupling, alpha_s  ************
 *                                                  *
 *  Dynamic scale - alpha_s changed event-by-event  *
 *       alpha_s (zmass)  0.11800000                *
 *         (using 1-loop running of alpha_s)        *
 ****************************************************

 ****************************************
 *     Cross section in femtobarns      *
 ****************************************


 input parameters for vegas:  ndim= 10  ncall= 944784.
                              it=    0  itmx=   20
                              nprn=  0  alph= 1.50
                              mds=  1   nd= 100
                              xl( 1)=   0.000     xu( 1)=   1.000    
                              xl( 2)=   0.000     xu( 2)=   1.000    
                              xl( 3)=   0.000     xu( 3)=   1.000    
                              xl( 4)=   0.000     xu( 4)=   1.000    
                              xl( 5)=   0.000     xu( 5)=   1.000    
                              xl( 6)=   0.000     xu( 6)=   1.000    
                              xl( 7)=   0.000     xu( 7)=   1.000    
                              xl( 8)=   0.000     xu( 8)=   1.000    
                              xl( 9)=   0.000     xu( 9)=   1.000    
                              xl(10)=   0.000     xu(10)=   1.000    

 ****************** Basic mass cuts *****************
 *                                                  *
 *              0.00  <   m34  <  80000.00           *
 *              0.00  <   m56  <  80000.00           *
 ****************************************************
 *********** CMS Higgs Search cuts******
 *                                     *
 *     pt(mu) >           5.00 GeV     *
 *     pt(el) >           7.00 GeV     *
 *     |eta_mu| <         2.40         *
 *     |eta_el| <         2.50         *
 *     m4lmin >         100.00 GeV     *
 *     m2lmin >           4.00 GeV     *
 *     ptleading >       20.00 GeV     *
 *     ptnexttoleading > 10.00 GeV     *
 *     mllnear >         40.00 GeV     *
 *     mllfar >          12.00 GeV     *
 *     mllmax >         120.00 GeV     *
 ***************************************

 ************** Dynamic scale choice ****************
 *                                                  *
 *                 RENORMALIZATION                  *
 *       mu_ren  =  0.50 x m(3456)                  *
 *                                                  *
 *                  FACTORIZATION                   *
 *       mu_fac  =  0.50 x m(3456)                  *
 *                                                  *
 ****************************************************
 ====================================================
   This is QCDLoop - version 1.95                    
   Authors: Keith Ellis and Giulia Zanderighi        
   (ellis@fnal.gov, g.zanderighi1@physics.ox.ac.uk)  
   For details see FERMILAB-PUB-07-633-T,OUTP-07/16P 
   arXiv:0712.1851 [hep-ph], published in            
   JHEP 0802:002,2008.                               
 ====================================================
 ====================================================
   FF 2.0, a package to evaluate one-loop integrals
 written by G. J. van Oldenborgh, NIKHEF-H, Amsterdam
 ====================================================
 for the algorithms used see preprint NIKHEF-H 89/17,
 'New Algorithms for One-loop Integrals', by G.J. van
 Oldenborgh and J.A.M. Vermaseren, published in 
 Zeitschrift fuer Physik C46(1990)425.
 ====================================================
 ffini: precx =   4.44089209850062616E-016
 ffini: precc =   4.44089209850062616E-016
 ffini: xalogm =   4.94065645841246544E-324
 ffini: xclogm =   4.94065645841246544E-324
 ****************************************************
 *                                                  *
 *  gg->ZZ box loop includes gens. 1 and 2          *
 *  gg->ZZ box loop includes bottom quark           *
 *  gg->ZZ box loop includes top quark              *
 *                                                  *
 *  Numer. stability: pt(Z) > 0.100 GeV (gens. 1,2) *
 *  Numer. stability: pt(Z) > 0.100 GeV (b,t loops) *
 *                                                  *
 ****************************************************

************* Integration by Vegas (iteration   1) **************
*                                                               *
*  integral  =  32.303163       accum. integral =  32.303163    *
*  std. dev. =  1.0414035       accum. std. dev =  1.0414035    *
*   max. wt. =   0.567874                                       *
*                                                               *
**************   chi**2/iteration =  0.000       ****************


************* Integration by Vegas (iteration   2) **************
*                                                               *
*  integral  =  33.212677       accum. integral =  33.024171    *
*  std. dev. = 0.53248985       accum. std. dev = 0.47410740    *
*   max. wt. =   0.567874                                       *
*                                                               *
**************   chi**2/iteration = 0.5987       ****************


************* Integration by Vegas (iteration   3) **************
*                                                               *
*  integral  =  33.235722       accum. integral =  33.210084    *
*  std. dev. = 0.17606155       accum. std. dev = 0.16504858    *
*   max. wt. =   0.567874                                       *
*                                                               *
**************   chi**2/iteration = 0.3879       ****************


************* Integration by Vegas (iteration   4) **************
*                                                               *
*  integral  =  33.232547       accum. integral =  33.229494    *
*  std. dev. = 0.65453595E-01   accum. std. dev = 0.60843799E-01*
*   max. wt. =   0.567874                                       *
*                                                               *
**************   chi**2/iteration = 0.2643       ****************


************* Integration by Vegas (iteration   5) **************
*                                                               *
*  integral  =  33.263452       accum. integral =  33.250481    *
*  std. dev. = 0.47833955E-01   accum. std. dev = 0.37604274E-01*
*   max. wt. =   0.567874                                       *
*                                                               *
**************   chi**2/iteration = 0.2464       ****************


************* Integration by Vegas (iteration   6) **************
*                                                               *
*  integral  =  33.239426       accum. integral =  33.245830    *
*  std. dev. = 0.44128504E-01   accum. std. dev = 0.28621732E-01*
*   max. wt. =   0.567874                                       *
*                                                               *
**************   chi**2/iteration = 0.2045       ****************


************* Integration by Vegas (iteration   7) **************
*                                                               *
*  integral  =  33.193751       accum. integral =  33.230877    *
*  std. dev. = 0.45100288E-01   accum. std. dev = 0.24166074E-01*
*   max. wt. =   0.567874                                       *
*                                                               *
**************   chi**2/iteration = 0.3286       ****************


************* Integration by Vegas (iteration   8) **************
*                                                               *
*  integral  =  33.172454       accum. integral =  33.217448    *
*  std. dev. = 0.44234388E-01   accum. std. dev = 0.21207581E-01*
*   max. wt. =   0.567874                                       *
*                                                               *
**************   chi**2/iteration = 0.4734       ****************


************* Integration by Vegas (iteration   9) **************
*                                                               *
*  integral  =  33.263646       accum. integral =  33.225378    *
*  std. dev. = 0.46587163E-01   accum. std. dev = 0.19301736E-01*
*   max. wt. =   0.567874                                       *
*                                                               *
**************   chi**2/iteration = 0.5160       ****************


************* Integration by Vegas (iteration  10) **************
*                                                               *
*  integral  =  33.192383       accum. integral =  33.220088    *
*  std. dev. = 0.44169148E-01   accum. std. dev = 0.17686699E-01*
*   max. wt. =   0.567874                                       *
*                                                               *
**************   chi**2/iteration = 0.5107       ****************


************* Integration by Vegas (iteration  11) **************
*                                                               *
*  integral  =  33.272342       accum. integral =  33.227422    *
*  std. dev. = 0.43772972E-01   accum. std. dev = 0.16398657E-01*
*   max. wt. =   0.567874                                       *
*                                                               *
**************   chi**2/iteration = 0.5821       ****************


************* Integration by Vegas (iteration  12) **************
*                                                               *
*  integral  =  33.217540       accum. integral =  33.226236    *
*  std. dev. = 0.44411257E-01   accum. std. dev = 0.15383448E-01*
*   max. wt. =   0.567874                                       *
*                                                               *
**************   chi**2/iteration = 0.5332       ****************


************* Integration by Vegas (iteration  13) **************
*                                                               *
*  integral  =  33.200202       accum. integral =  33.223607    *
*  std. dev. = 0.45901644E-01   accum. std. dev = 0.14586098E-01*
*   max. wt. =   0.567874                                       *
*                                                               *
**************   chi**2/iteration = 0.5129       ****************


************* Integration by Vegas (iteration  14) **************
*                                                               *
*  integral  =  33.163064       accum. integral =  33.217856    *
*  std. dev. = 0.45023809E-01   accum. std. dev = 0.13876096E-01*
*   max. wt. =   0.567874                                       *
*                                                               *
**************   chi**2/iteration = 0.5992       ****************


************* Integration by Vegas (iteration  15) **************
*                                                               *
*  integral  =  33.198165       accum. integral =  33.216058    *
*  std. dev. = 0.43763246E-01   accum. std. dev = 0.13227124E-01*
*   max. wt. =   0.567874                                       *
*                                                               *
**************   chi**2/iteration = 0.5696       ****************


************* Integration by Vegas (iteration  16) **************
*                                                               *
*  integral  =  33.230191       accum. integral =  33.217257    *
*  std. dev. = 0.43440822E-01   accum. std. dev = 0.12653557E-01*
*   max. wt. =   0.567874                                       *
*                                                               *
**************   chi**2/iteration = 0.5381       ****************


************* Integration by Vegas (iteration  17) **************
*                                                               *
*  integral  =  33.200276       accum. integral =  33.215959    *
*  std. dev. = 0.43995913E-01   accum. std. dev = 0.12160598E-01*
*   max. wt. =   0.567874                                       *
*                                                               *
**************   chi**2/iteration = 0.5131       ****************


************* Integration by Vegas (iteration  18) **************
*                                                               *
*  integral  =  33.237633       accum. integral =  33.217290    *
*  std. dev. = 0.47552567E-01   accum. std. dev = 0.11781459E-01*
*   max. wt. =   0.567874                                       *
*                                                               *
**************   chi**2/iteration = 0.4944       ****************


************* Integration by Vegas (iteration  19) **************
*                                                               *
*  integral  =  33.136335       accum. integral =  33.212359    *
*  std. dev. = 0.46258752E-01   accum. std. dev = 0.11416995E-01*
*   max. wt. =   0.567874                                       *
*                                                               *
**************   chi**2/iteration = 0.6266       ****************


************* Integration by Vegas (iteration  20) **************
*                                                               *
*  integral  =  33.126152       accum. integral =  33.207038    *
*  std. dev. = 0.44517600E-01   accum. std. dev = 0.11059097E-01*
*   max. wt. =   0.567874                                       *
*                                                               *
**************   chi**2/iteration = 0.7787       ****************


 input parameters for vegas:  ndim= 10  ncall= 944784.
                              it=   21  itmx=   50
                              nprn=  0  alph= 1.50
                              mds=  1   nd= 100
                              xl( 1)=   0.000     xu( 1)=   1.000    
                              xl( 2)=   0.000     xu( 2)=   1.000    
                              xl( 3)=   0.000     xu( 3)=   1.000    
                              xl( 4)=   0.000     xu( 4)=   1.000    
                              xl( 5)=   0.000     xu( 5)=   1.000    
                              xl( 6)=   0.000     xu( 6)=   1.000    
                              xl( 7)=   0.000     xu( 7)=   1.000    
                              xl( 8)=   0.000     xu( 8)=   1.000    
                              xl( 9)=   0.000     xu( 9)=   1.000    
                              xl(10)=   0.000     xu(10)=   1.000    

************* Integration by Vegas (iteration   1) **************
*                                                               *
*  integral  =  33.254134       accum. integral =  33.254134    *
*  std. dev. = 0.44583309E-01   accum. std. dev = 0.44583309E-01*
*   max. wt. =   0.403546E-02                                   *
*                                                               *
**************   chi**2/iteration =  0.000       ****************

 Writing out intermediate results for iteration           1

************* Integration by Vegas (iteration   2) **************
*                                                               *
*  integral  =  33.222211       accum. integral =  33.238189    *
*  std. dev. = 0.44630519E-01   accum. std. dev = 0.31541838E-01*
*   max. wt. =   0.404635E-02                                   *
*                                                               *
**************   chi**2/iteration = 0.2535       ****************

 Writing out intermediate results for iteration           2

************* Integration by Vegas (iteration   3) **************
*                                                               *
*  integral  =  33.280547       accum. integral =  33.251867    *
*  std. dev. = 0.45674584E-01   accum. std. dev = 0.25954452E-01*
*   max. wt. =   0.947909E-02                                   *
*                                                               *
**************   chi**2/iteration = 0.4171       ****************

 Writing out intermediate results for iteration           3

************* Integration by Vegas (iteration   4) **************
*                                                               *
*  integral  =  33.235012       accum. integral =  33.248137    *
*  std. dev. = 0.48687498E-01   accum. std. dev = 0.22903372E-01*
*   max. wt. =   0.185657E-01                                   *
*                                                               *
**************   chi**2/iteration = 0.3095       ****************

 Writing out intermediate results for iteration           4

************* Integration by Vegas (iteration   5) **************
*                                                               *
*  integral  =  33.126285       accum. integral =  33.225539    *
*  std. dev. = 0.47999866E-01   accum. std. dev = 0.20670806E-01*
*   max. wt. =   0.185657E-01                                   *
*                                                               *
**************   chi**2/iteration =  1.541       ****************

 Writing out intermediate results for iteration           5

************* Integration by Vegas (iteration   6) **************
*                                                               *
*  integral  =  33.199557       accum. integral =  33.221216    *
*  std. dev. = 0.46267214E-01   accum. std. dev = 0.18872896E-01*
*   max. wt. =   0.185657E-01                                   *
*                                                               *
**************   chi**2/iteration =  1.286       ****************

 Writing out intermediate results for iteration           6

************* Integration by Vegas (iteration   7) **************
*                                                               *
*  integral  =  33.188241       accum. integral =  33.216364    *
*  std. dev. = 0.45436613E-01   accum. std. dev = 0.17429163E-01*
*   max. wt. =   0.185657E-01                                   *
*                                                               *
**************   chi**2/iteration =  1.147       ****************

 Writing out intermediate results for iteration           7

************* Integration by Vegas (iteration   8) **************
*                                                               *
*  integral  =  33.155293       accum. integral =  33.208692    *
*  std. dev. = 0.45984160E-01   accum. std. dev = 0.16297764E-01*
*   max. wt. =   0.185657E-01                                   *
*                                                               *
**************   chi**2/iteration =  1.203       ****************

 Writing out intermediate results for iteration           8

************* Integration by Vegas (iteration   9) **************
*                                                               *
*  integral  =  33.194007       accum. integral =  33.207059    *
*  std. dev. = 0.46071834E-01   accum. std. dev = 0.15364745E-01*
*   max. wt. =   0.185657E-01                                   *
*                                                               *
**************   chi**2/iteration =  1.064       ****************

 Writing out intermediate results for iteration           9

************* Integration by Vegas (iteration  10) **************
*                                                               *
*  integral  =  33.210324       accum. integral =  33.207396    *
*  std. dev. = 0.45304858E-01   accum. std. dev = 0.14550726E-01*
*   max. wt. =   0.185657E-01                                   *
*                                                               *
**************   chi**2/iteration = 0.9468       ****************

 Writing out intermediate results for iteration          10

************* Integration by Vegas (iteration  11) **************
*                                                               *
*  integral  =  33.279528       accum. integral =  33.214054    *
*  std. dev. = 0.45627266E-01   accum. std. dev = 0.13862865E-01*
*   max. wt. =   0.185657E-01                                   *
*                                                               *
**************   chi**2/iteration =  1.079       ****************

 Writing out intermediate results for iteration          11

************* Integration by Vegas (iteration  12) **************
*                                                               *
*  integral  =  33.287288       accum. integral =  33.220038    *
*  std. dev. = 0.46473733E-01   accum. std. dev = 0.13284436E-01*
*   max. wt. =   0.185657E-01                                   *
*                                                               *
**************   chi**2/iteration =  1.188       ****************

 Writing out intermediate results for iteration          12

************* Integration by Vegas (iteration  13) **************
*                                                               *
*  integral  =  33.195291       accum. integral =  33.218206    *
*  std. dev. = 0.46973101E-01   accum. std. dev = 0.12783066E-01*
*   max. wt. =   0.185657E-01                                   *
*                                                               *
**************   chi**2/iteration =  1.110       ****************

 Writing out intermediate results for iteration          13

************* Integration by Vegas (iteration  14) **************
*                                                               *
*  integral  =  33.226119       accum. integral =  33.218769    *
*  std. dev. = 0.46171213E-01   accum. std. dev = 0.12319617E-01*
*   max. wt. =   0.185657E-01                                   *
*                                                               *
**************   chi**2/iteration =  1.027       ****************

 Writing out intermediate results for iteration          14

************* Integration by Vegas (iteration  15) **************
*                                                               *
*  integral  =  33.261128       accum. integral =  33.221593    *
*  std. dev. = 0.46098709E-01   accum. std. dev = 0.11901931E-01*
*   max. wt. =   0.185657E-01                                   *
*                                                               *
**************   chi**2/iteration =  1.010       ****************

 Writing out intermediate results for iteration          15

************* Integration by Vegas (iteration  16) **************
*                                                               *
*  integral  =  33.186699       accum. integral =  33.219423    *
*  std. dev. = 0.46222487E-01   accum. std. dev = 0.11525964E-01*
*   max. wt. =   0.185657E-01                                   *
*                                                               *
**************   chi**2/iteration = 0.9784       ****************

 Writing out intermediate results for iteration          16

************* Integration by Vegas (iteration  17) **************
*                                                               *
*  integral  =  33.192065       accum. integral =  33.217874    *
*  std. dev. = 0.47045804E-01   accum. std. dev = 0.11194888E-01*
*   max. wt. =   0.185657E-01                                   *
*                                                               *
**************   chi**2/iteration = 0.9372       ****************

 Writing out intermediate results for iteration          17

************* Integration by Vegas (iteration  18) **************
*                                                               *
*  integral  =  33.114601       accum. integral =  33.212184    *
*  std. dev. = 0.46360089E-01   accum. std. dev = 0.10882110E-01*
*   max. wt. =   0.185657E-01                                   *
*                                                               *
**************   chi**2/iteration =  1.158       ****************

 Writing out intermediate results for iteration          18

************* Integration by Vegas (iteration  19) **************
*                                                               *
*  integral  =  33.125741       accum. integral =  33.207551    *
*  std. dev. = 0.45729909E-01   accum. std. dev = 0.10586495E-01*
*   max. wt. =   0.185657E-01                                   *
*                                                               *
**************   chi**2/iteration =  1.281       ****************

 Writing out intermediate results for iteration          19

************* Integration by Vegas (iteration  20) **************
*                                                               *
*  integral  =  33.148732       accum. integral =  33.204607    *
*  std. dev. = 0.46122164E-01   accum. std. dev = 0.10318178E-01*
*   max. wt. =   0.185657E-01                                   *
*                                                               *
**************   chi**2/iteration =  1.295       ****************

 Writing out intermediate results for iteration          20

************* Integration by Vegas (iteration  21) **************
*                                                               *
*  integral  =  33.146857       accum. integral =  33.202088    *
*  std. dev. = 0.48315177E-01   accum. std. dev = 0.10090638E-01*
*   max. wt. =   0.185657E-01                                   *
*                                                               *
**************   chi**2/iteration =  1.299       ****************

 Writing out intermediate results for iteration          21

************* Integration by Vegas (iteration  22) **************
*                                                               *
*  integral  =  33.120581       accum. integral =  33.198605    *
*  std. dev. = 0.47761121E-01   accum. std. dev = 0.98727027E-02*
*   max. wt. =   0.185657E-01                                   *
*                                                               *
**************   chi**2/iteration =  1.370       ****************

 Writing out intermediate results for iteration          22

************* Integration by Vegas (iteration  23) **************
*                                                               *
*  integral  =  33.278588       accum. integral =  33.201896    *
*  std. dev. = 0.47661379E-01   accum. std. dev = 0.96674748E-02*
*   max. wt. =   0.185657E-01                                   *
*                                                               *
**************   chi**2/iteration =  1.430       ****************

 Writing out intermediate results for iteration          23

************* Integration by Vegas (iteration  24) **************
*                                                               *
*  integral  =  33.280375       accum. integral =  33.205058    *
*  std. dev. = 0.47185401E-01   accum. std. dev = 0.94707417E-02*
*   max. wt. =   0.185657E-01                                   *
*                                                               *
**************   chi**2/iteration =  1.483       ****************

 Writing out intermediate results for iteration          24

************* Integration by Vegas (iteration  25) **************
*                                                               *
*  integral  =  33.189115       accum. integral =  33.204442    *
*  std. dev. = 0.47252987E-01   accum. std. dev = 0.92860643E-02*
*   max. wt. =   0.185657E-01                                   *
*                                                               *
**************   chi**2/iteration =  1.426       ****************

 Writing out intermediate results for iteration          25

************* Integration by Vegas (iteration  26) **************
*                                                               *
*  integral  =  33.189826       accum. integral =  33.203900    *
*  std. dev. = 0.47317028E-01   accum. std. dev = 0.91122437E-02*
*   max. wt. =   0.185657E-01                                   *
*                                                               *
**************   chi**2/iteration =  1.373       ****************

 Writing out intermediate results for iteration          26

************* Integration by Vegas (iteration  27) **************
*                                                               *
*  integral  =  33.145317       accum. integral =  33.202096    *
*  std. dev. = 0.51118079E-01   accum. std. dev = 0.89708290E-02*
*   max. wt. =   0.186474E-01                                   *
*                                                               *
**************   chi**2/iteration =  1.369       ****************

 Writing out intermediate results for iteration          27

************* Integration by Vegas (iteration  28) **************
*                                                               *
*  integral  =  33.242862       accum. integral =  33.203363    *
*  std. dev. = 0.50093035E-01   accum. std. dev = 0.88303480E-02*
*   max. wt. =   0.186474E-01                                   *
*                                                               *
**************   chi**2/iteration =  1.342       ****************

 Writing out intermediate results for iteration          28

************* Integration by Vegas (iteration  29) **************
*                                                               *
*  integral  =  33.234241       accum. integral =  33.204369    *
*  std. dev. = 0.48097765E-01   accum. std. dev = 0.86851900E-02*
*   max. wt. =   0.186474E-01                                   *
*                                                               *
**************   chi**2/iteration =  1.308       ****************

 Writing out intermediate results for iteration          29

************* Integration by Vegas (iteration  30) **************
*                                                               *
*  integral  =  33.221476       accum. integral =  33.204910    *
*  std. dev. = 0.48089029E-01   accum. std. dev = 0.85469140E-02*
*   max. wt. =   0.186474E-01                                   *
*                                                               *
**************   chi**2/iteration =  1.267       ****************

 Writing out intermediate results for iteration          30

************* Integration by Vegas (iteration  31) **************
*                                                               *
*  integral  =  33.189230       accum. integral =  33.204433    *
*  std. dev. = 0.48239156E-01   accum. std. dev = 0.84158396E-02*
*   max. wt. =   0.186474E-01                                   *
*                                                               *
**************   chi**2/iteration =  1.229       ****************

 Writing out intermediate results for iteration          31

************* Integration by Vegas (iteration  32) **************
*                                                               *
*  integral  =  33.201507       accum. integral =  33.204341    *
*  std. dev. = 0.46919940E-01   accum. std. dev = 0.82836432E-02*
*   max. wt. =   0.186474E-01                                   *
*                                                               *
**************   chi**2/iteration =  1.189       ****************

 Writing out intermediate results for iteration          32

************* Integration by Vegas (iteration  33) **************
*                                                               *
*  integral  =  33.164662       accum. integral =  33.203243    *
*  std. dev. = 0.49087130E-01   accum. std. dev = 0.81681538E-02*
*   max. wt. =   0.186474E-01                                   *
*                                                               *
**************   chi**2/iteration =  1.172       ****************

 Writing out intermediate results for iteration          33

************* Integration by Vegas (iteration  34) **************
*                                                               *
*  integral  =  33.169312       accum. integral =  33.202309    *
*  std. dev. = 0.48547682E-01   accum. std. dev = 0.80549394E-02*
*   max. wt. =   0.186474E-01                                   *
*                                                               *
**************   chi**2/iteration =  1.151       ****************

 Writing out intermediate results for iteration          34

************* Integration by Vegas (iteration  35) **************
*                                                               *
*  integral  =  33.185606       accum. integral =  33.201883    *
*  std. dev. = 0.49812007E-01   accum. std. dev = 0.79516462E-02*
*   max. wt. =   0.186474E-01                                   *
*                                                               *
**************   chi**2/iteration =  1.120       ****************

 Writing out intermediate results for iteration          35

************* Integration by Vegas (iteration  36) **************
*                                                               *
*  integral  =  33.143613       accum. integral =  33.200336    *
*  std. dev. = 0.48146077E-01   accum. std. dev = 0.78453680E-02*
*   max. wt. =   0.186474E-01                                   *
*                                                               *
**************   chi**2/iteration =  1.129       ****************

 Writing out intermediate results for iteration          36

************* Integration by Vegas (iteration  37) **************
*                                                               *
*  integral  =  33.345935       accum. integral =  33.204128    *
*  std. dev. = 0.47974253E-01   accum. std. dev = 0.77425219E-02*
*   max. wt. =   0.186474E-01                                   *
*                                                               *
**************   chi**2/iteration =  1.347       ****************

 Writing out intermediate results for iteration          37

************* Integration by Vegas (iteration  38) **************
*                                                               *
*  integral  =  33.181870       accum. integral =  33.203566    *
*  std. dev. = 0.48106648E-01   accum. std. dev = 0.76441506E-02*
*   max. wt. =   0.186474E-01                                   *
*                                                               *
**************   chi**2/iteration =  1.316       ****************

 Writing out intermediate results for iteration          38

************* Integration by Vegas (iteration  39) **************
*                                                               *
*  integral  =  33.273935       accum. integral =  33.205248    *
*  std. dev. = 0.48852809E-01   accum. std. dev = 0.75522556E-02*
*   max. wt. =   0.186474E-01                                   *
*                                                               *
**************   chi**2/iteration =  1.334       ****************

 Writing out intermediate results for iteration          39

************* Integration by Vegas (iteration  40) **************
*                                                               *
*  integral  =  33.188186       accum. integral =  33.204869    *
*  std. dev. = 0.50148282E-01   accum. std. dev = 0.74680432E-02*
*   max. wt. =   0.186474E-01                                   *
*                                                               *
**************   chi**2/iteration =  1.303       ****************

 Writing out intermediate results for iteration          40

************* Integration by Vegas (iteration  41) **************
*                                                               *
*  integral  =  33.189733       accum. integral =  33.204527    *
*  std. dev. = 0.49109192E-01   accum. std. dev = 0.73831621E-02*
*   max. wt. =   0.186474E-01                                   *
*                                                               *
**************   chi**2/iteration =  1.273       ****************

 Writing out intermediate results for iteration          41

************* Integration by Vegas (iteration  42) **************
*                                                               *
*  integral  =  33.109494       accum. integral =  33.202435    *
*  std. dev. = 0.49213776E-01   accum. std. dev = 0.73014535E-02*
*   max. wt. =   0.186474E-01                                   *
*                                                               *
**************   chi**2/iteration =  1.331       ****************

 Writing out intermediate results for iteration          42

************* Integration by Vegas (iteration  43) **************
*                                                               *
*  integral  =  33.272810       accum. integral =  33.203878    *
*  std. dev. = 0.50475325E-01   accum. std. dev = 0.72262412E-02*
*   max. wt. =   0.186474E-01                                   *
*                                                               *
**************   chi**2/iteration =  1.344       ****************

 Writing out intermediate results for iteration          43

************* Integration by Vegas (iteration  44) **************
*                                                               *
*  integral  =  33.275189       accum. integral =  33.205335    *
*  std. dev. = 0.50038428E-01   accum. std. dev = 0.71520468E-02*
*   max. wt. =   0.186474E-01                                   *
*                                                               *
**************   chi**2/iteration =  1.359       ****************

 Writing out intermediate results for iteration          44

************* Integration by Vegas (iteration  45) **************
*                                                               *
*  integral  =  33.258026       accum. integral =  33.206404    *
*  std. dev. = 0.49690994E-01   accum. std. dev = 0.70790975E-02*
*   max. wt. =   0.186474E-01                                   *
*                                                               *
**************   chi**2/iteration =  1.354       ****************

 Writing out intermediate results for iteration          45

************* Integration by Vegas (iteration  46) **************
*                                                               *
*  integral  =  33.230004       accum. integral =  33.206883    *
*  std. dev. = 0.49162507E-01   accum. std. dev = 0.70068296E-02*
*   max. wt. =   0.186474E-01                                   *
*                                                               *
**************   chi**2/iteration =  1.329       ****************

 Writing out intermediate results for iteration          46

************* Integration by Vegas (iteration  47) **************
*                                                               *
*  integral  =  33.347098       accum. integral =  33.208582    *
*  std. dev. = 0.63268428E-01   accum. std. dev = 0.69642514E-02*
*   max. wt. =   0.388463E-01                                   *
*                                                               *
**************   chi**2/iteration =  1.405       ****************

 Writing out intermediate results for iteration          47

************* Integration by Vegas (iteration  48) **************
*                                                               *
*  integral  =  33.166468       accum. integral =  33.208010    *
*  std. dev. = 0.59339449E-01   accum. std. dev = 0.69167782E-02*
*   max. wt. =   0.388463E-01                                   *
*                                                               *
**************   chi**2/iteration =  1.386       ****************

 Writing out intermediate results for iteration          48

************* Integration by Vegas (iteration  49) **************
*                                                               *
*  integral  =  33.210340       accum. integral =  33.208052    *
*  std. dev. = 0.51028978E-01   accum. std. dev = 0.68541005E-02*
*   max. wt. =   0.388463E-01                                   *
*                                                               *
**************   chi**2/iteration =  1.357       ****************

 Writing out intermediate results for iteration          49

************* Integration by Vegas (iteration  50) **************
*                                                               *
*  integral  =  33.225362       accum. integral =  33.208392    *
*  std. dev. = 0.48451940E-01   accum. std. dev = 0.67865327E-02*
*   max. wt. =   0.388463E-01                                   *
*                                                               *
**************   chi**2/iteration =  1.332       ****************


Value of final lord integral is       33.2084 +/-     0.0068 fb

 Total number of shots       :     47239200
 Total no. failing cuts      :     18259903
 Number failing jet cuts     :            0
 Number failing process cuts :            0

   Jet efficiency : 100.00%
   Cut efficiency : 100.00%
 Total efficiency : 100.00%

 Contribution from parton sub-processes:
 ---------------------------------------
       GG     |          33.20839  100.00%
       GQ     |           0.00000    0.00%
       GQB    |           0.00000    0.00%
       QG     |           0.00000    0.00%
       QBG    |           0.00000    0.00%
       QQ     |           0.00000    0.00%
       QBQB   |           0.00000    0.00%
       QQB    |           0.00000    0.00%
       QBQ    |           0.00000    0.00%
 ---------------------------------------

 ****************************************************
 output files  E_var/E_80/CTEQ/TOP/ggZZ4l_lord_cteq6_l_0___0___126_131_run_80
 ****************************************************
