 ************** MCFM - version 6.8 ****************
 *                                                *
 * MCFM, v6.8                   April 26th, 2014  *
 *                                                *
 * Authors: John Campbell, Keith Ellis,           *
 *          Ciaran Williams                       *
 *         (johnmc@fnal.gov, ellis@fnal.gov,      *
 *          ciaran@fnal.gov)                      *
 *                                                *
 * For details see:                               *
 *                                                *
 *  arXiv:1403.2641 (Triphoton production)        *
 *  arXiv:1312.1628 (gg->WW, Higgs interference)  *
 *  arXiv:1311.3589 (gg->ZZ, Higgs interference)  *
 *  Phys.Rev.D87:114006, arXiv:1302.3856          *
 *  (tZ, tH -- with R. Rontsch)                   *
 *  arXiv:1211.6390 (DM, P. Fox and C. Williams)  *
 *  JHEP 1211:162 (2012), arXiv:1208.0566         *
 *  (Z+gam+jet,Z+gam+gam -- with H. Hartanto)     *
 *  arXiv:1204.1513 (top production+decay)        *
 *  JHEP 1207:052 (2012), arXiv:1204.5678 (ttW)   *
 *  JHEP 1110:005 (2011), arXiv:1107.5569         *
 *         (gg->WW,Higgs intference)              *
 *  JHEP 1107:018 (2011), arXiv:1105.0020         *
 *         (diboson update)                       *
 *  JHEP 1103:027 (2011), arXiv:1011.6647         *
 *         (Wbb for mb>0, with S. Badger)         *
 *  Phys.Rev.D81:074023, arXiv:1001.4495 (H+2jet) *
 *                                                *
 *  P.R.L. 102:142001, arXiv:0903.0005 [hep-ph]   *
 *    (t-channel single top + explicit b,         *
 *      JC, R.Frederix, F.Maltoni, F.Tramontano)  *
 *  N.P.B 726:109(2005), hep-ph/0506289 (W+t)     *
 *  Phys.Rev.D70:094012, hep-ph/0408158 (Sngl Top)*
 *       (with Francesco Tramontano)              *
 *                                                *
 *  Phys.Rev.D65:113007, hep-ph/0202176 (W,Z+2j)  *
 *  Phys.Rev.D62:114012, hep-ph/0006304 (W,Z+bb)  *
 *  Phys.Rev.D60:113006, hep-ph/9905386 (diboson) *
 *                                                *
 * On the web:  http://mcfm.fnal.gov/             *
 **************************************************

 * Using input file named cluster_CMS_mT/CTEQ/TOP/input_131_8.DAT                                 

 * [Flags to specify the mode in which MCFM is run]                                          
 *                   -1            [nevtrequested] 
 *                    F            [creatent] 
 *                    F            [skipnt] 
 *                    F            [dswhisto] 
 *                    F            [creategrid] 
 *                    T            [writetop] 
 *                    T            [writedat] 
 *                    T            [writegnu] 
 *                    T            [writeroot] 
 *                    F            [writepwg] 

 * [General options to specify the process and execution]                                    
 *                  131            [nproc] 
 *                 lord            [part] 
 * 131_run_8                       [runstring] 
 *            8000.0000            [sqrts] 
 *                    1            [ih1] 
 *                    1            [ih2] 
 *             126.0000            [hmass] 
 *               0.5000            [scale] 
 *               0.5000            [facscale] 
 * m(3456)                         [dynamicscale] 
 *                    F            [zerowidth] 
 *                    F            [removebr] 
 *                   20            [itmx1] 
 *               500000            [ncall1] 
 *                   50            [itmx2] 
 *               500000            [ncall2] 
 *                 2020            [ij] 
 *                    F            [dryrun] 
 *                    T            [Qflag] 
 *                    T            [Gflag] 

 * [Heavy quark masses]                                                                      
 *             173.2000            [top mass] 
 *               4.7500            [bottom mass] 
 *               1.5000            [charm mass] 

 * [Pdf selection]                                                                           
 *              cteq6_l            [pdlabel] 
 *                    4            [NGROUP] 
 *                   46            [NSET] 
 * cteq6mE.LHgrid                  [LHAPDF group] 
 *                   -1            [LHAPDF set] 

 * [Jet definition and event cuts]                                                           
 *               0.0000            [m34min] 
 *            8000.0000            [m34max] 
 *               0.0000            [m56min] 
 *            8000.0000            [m56max] 
 *                    T            [inclusive] 
 *                 ankt            [algorithm] 
 *              15.0000            [ptjetmin] 
 *               0.0000            [etajetmin] 
 *               5.0000            [etajetmax] 
 *               0.5000            [Rcut] 
 *                    T            [makecuts] 
 *               0.0000            [leptpt] 
 *              99.0000            [leptrap] 
 *    0.000,   0.000                [leptveto] 
 *               0.0000            [misspt] 
 *               0.0000            [leptpt2] 
 *              99.0000            [leptrap2] 
 *    0.000,   0.000                [leptveto2] 
 *               0.0000            [mtrans34cut] 
 *               0.0000            [Rjlmin] 
 *               0.0000            [Rllmin] 
 *               0.0000            [delyjjmin] 
 *                    F            [jetsopphem] 
 *                    0            [lbjscheme] 
 *               0.0000            [ptbjetmin] 
 *              99.0000            [etabjetmax] 

 * [Settings for photon processes]                                                           
 *                    F            [frag] 
 *             GdRG__LO            [fragset] 
 *              80.0000            [frag_scale] 
 *              20.0000            [gammpt] 
 *               2.5000            [gammrap] 
 *              20.0000            [gammpt2] 
 *              20.0000            [gammpt3] 
 *               0.0000            [Rgalmin] 
 *               0.4000            [Rgagamin] 
 *               0.4000            [Rgajetmin] 
 *               0.4000            [cone_ang] 
 *               0.5000            [epsilon_h] 

 * [Anomalous couplings of the W and Z]                                                      
 *               0.0000            [delg1_z] 
 *               0.0000            [delk_z] 
 *               0.0000            [delk_g] 
 *               0.0000            [lambda_z] 
 *               0.0000            [lambda_g] 
 *               0.0000            [h1Z] 
 *               0.0000            [h1gam] 
 *               0.0000            [h2Z] 
 *               0.0000            [h2gam] 
 *               0.0000            [h3Z] 
 *               0.0000            [h3gam] 
 *               0.0000            [h4Z] 
 *               0.0000            [h4gam] 
 *               2.0000            [tevscale] 

 * [Anomalous width of the Higgs]                                                            
 *               1.0000            [Gamma_H/Gamma_H(SM)] 

 * [How to resume/save a run]                                                                
 *                    F            [readin] 
 *                    F            [writeout] 
 *                                 [ingridfile] 
 *                                 [outgridfile] 

 * [Technical parameters that should not normally be changed]

 *                    F            [debug] 
 *                    T            [verbose] 
 *                    F            [new_pspace] 
 *                    F            [virtonly] 
 *                    F            [realonly] 
 *                    T            [spira] 
 *                    F            [noglue] 
 *                    F            [ggonly] 
 *                    F            [gqonly] 
 *                    F            [omitgg] 
 *                    F            [vanillafiles] 
 *                    1            [nmin] 
 *                    2            [nmax] 
 *                    T            [clustering] 
 *                    F            [realwt] 
 *                    0            [colourchoice] 
 *               0.0100            [rtsmin] 
 *               0.0001            [cutoff] 
 *               0.1000            [aii] 
 *               0.1000            [aif] 
 *               0.1000            [afi] 
 *               1.0000            [aff] 
 *               1.0000            [bfi] 
 *               1.0000            [bff] 

 Chooser:process chosen by nproc=         131

 *************************** f(p1)+f(p2) --> ******************************************
 * Z^0(e^-(p3)+e^+(p4)) + Z^0(mu^-(p5)+mu^+(p6) [gg only, (H + gg->ZZ) squared]       *
 **************************************************************************************

 ************** Electroweak parameters **************
 *                                                  *
 *  zmass(+)   91.1876000     wmass(+)  80.3980000  *
 * zwidth(+)    2.4952000    wwidth(+)   2.1054000  *
 *     Gf(+) 0.116639D-04   1/aemmz    132.3384323  *
 *     xw       0.2226459      mtop(+) 173.2000000  *
 *   gwsq       0.4264904       esq      0.0949563  *
 * top width    1.4743080 (LO)                      *
 *    mb        4.7500000        mc      1.5000000  *
 *                                                  *
 * Parameters marked (+) are input, others derived  *
 ****************************************************

 ****************** Higgs parameters ****************
 *                                                  *
 *   mass(H) =  126.00      width(H) =  0.43070E-02 *
 *                                                  *
 *              Br( H -> b bbar)  =   0.56954       *
 *              Br( H -> tau tau) =   0.06056       *
 *              Br( H -> W W)     =   0.00000       *
 *              Br( H -> Z Z)     =   0.00000       *
 *              Br( H -> gam gam) =   0.00235       *
 *              Br( H -> Z gam)   =   0.00164       *
 ****************************************************
 *                                                  *
 * Note: branching ratios reported here can be > 1  *
 *       since the total Higgs width is calculated  *
 *       at NLO but the BR calculation uses a       *
 *       partial width at LO only.                  *
 *                                                  *
 ****************************************************

 WARNING: Higgs decay H->ZZ is below threshold and
 may not yield sensible results - check the number
 of integration points

 ***************** CKM mixing matrix ****************
 *                                                  *
 *      Vud=.97500    Vus=.22200    Vub=0.0000      *
 *      Vcd=.22200    Vcs=.97500    Vcb=0.0000      *
 ****************************************************

 ************* Strong coupling, alpha_s  ************
 *                                                  *
 *  Dynamic scale - alpha_s changed event-by-event  *
 *       alpha_s (zmass)  0.11800000                *
 *         (using 1-loop running of alpha_s)        *
 ****************************************************

 ****************************************
 *     Cross section in femtobarns      *
 ****************************************


 input parameters for vegas:  ndim= 10  ncall= 472392.
                              it=    0  itmx=   20
                              nprn=  0  alph= 1.50
                              mds=  1   nd= 100
                              xl( 1)=   0.000     xu( 1)=   1.000    
                              xl( 2)=   0.000     xu( 2)=   1.000    
                              xl( 3)=   0.000     xu( 3)=   1.000    
                              xl( 4)=   0.000     xu( 4)=   1.000    
                              xl( 5)=   0.000     xu( 5)=   1.000    
                              xl( 6)=   0.000     xu( 6)=   1.000    
                              xl( 7)=   0.000     xu( 7)=   1.000    
                              xl( 8)=   0.000     xu( 8)=   1.000    
                              xl( 9)=   0.000     xu( 9)=   1.000    
                              xl(10)=   0.000     xu(10)=   1.000    

 ****************** Basic mass cuts *****************
 *                                                  *
 *              0.00  <   m34  <   8000.00           *
 *              0.00  <   m56  <   8000.00           *
 ****************************************************
 *********** CMS Higgs Search cuts******
 *                                     *
 *     pt(mu) >           5.00 GeV     *
 *     pt(el) >           7.00 GeV     *
 *     |eta_mu| <         2.40         *
 *     |eta_el| <         2.50         *
 *     m4lmin >         100.00 GeV     *
 *     m2lmin >           4.00 GeV     *
 *     ptleading >       20.00 GeV     *
 *     ptnexttoleading > 10.00 GeV     *
 *     mllnear >         40.00 GeV     *
 *     mllfar >          12.00 GeV     *
 *     mllmax >         120.00 GeV     *
 ***************************************

 ************** Dynamic scale choice ****************
 *                                                  *
 *                 RENORMALIZATION                  *
 *       mu_ren  =  0.50 x m(3456)                  *
 *                                                  *
 *                  FACTORIZATION                   *
 *       mu_fac  =  0.50 x m(3456)                  *
 *                                                  *
 ****************************************************
 ====================================================
   This is QCDLoop - version 1.95                    
   Authors: Keith Ellis and Giulia Zanderighi        
   (ellis@fnal.gov, g.zanderighi1@physics.ox.ac.uk)  
   For details see FERMILAB-PUB-07-633-T,OUTP-07/16P 
   arXiv:0712.1851 [hep-ph], published in            
   JHEP 0802:002,2008.                               
 ====================================================
 ====================================================
   FF 2.0, a package to evaluate one-loop integrals
 written by G. J. van Oldenborgh, NIKHEF-H, Amsterdam
 ====================================================
 for the algorithms used see preprint NIKHEF-H 89/17,
 'New Algorithms for One-loop Integrals', by G.J. van
 Oldenborgh and J.A.M. Vermaseren, published in 
 Zeitschrift fuer Physik C46(1990)425.
 ====================================================
 ffini: precx =    4.4408920985006262E-016
 ffini: precc =    4.4408920985006262E-016
 ffini: xalogm =    4.9406564584124654E-324
 ffini: xclogm =    4.9406564584124654E-324
 ****************************************************
 *                                                  *
 *  gg->ZZ box loop includes gens. 1 and 2          *
 *  gg->ZZ box loop includes bottom quark           *
 *  gg->ZZ box loop includes top quark              *
 *                                                  *
 *  Numer. stability: pt(Z) > 0.100 GeV (gens. 1,2) *
 *  Numer. stability: pt(Z) > 0.100 GeV (b,t loops) *
 *                                                  *
 ****************************************************

************* Integration by Vegas (iteration   1) **************
*                                                               *
*  integral  = 0.75542041       accum. integral = 0.75542041    *
*  std. dev. = 0.25265786E-01   accum. std. dev = 0.25265786E-01*
*   max. wt. =   0.143758E-01                                   *
*                                                               *
**************   chi**2/iteration =  0.000       ****************


************* Integration by Vegas (iteration   2) **************
*                                                               *
*  integral  = 0.87082263       accum. integral = 0.81688454    *
*  std. dev. = 0.23668445E-01   accum. std. dev = 0.17273228E-01*
*   max. wt. =   0.143758E-01                                   *
*                                                               *
**************   chi**2/iteration =  11.00       ****************


************* Integration by Vegas (iteration   3) **************
*                                                               *
*  integral  = 0.89906872       accum. integral = 0.88078378    *
*  std. dev. = 0.92400085E-02   accum. std. dev = 0.81475329E-02*
*   max. wt. =   0.143758E-01                                   *
*                                                               *
**************   chi**2/iteration =  14.28       ****************


************* Integration by Vegas (iteration   4) **************
*                                                               *
*  integral  = 0.88494091       accum. integral = 0.88447282    *
*  std. dev. = 0.29022637E-02   accum. std. dev = 0.27339870E-02*
*   max. wt. =   0.143758E-01                                   *
*                                                               *
**************   chi**2/iteration =  9.616       ****************


************* Integration by Vegas (iteration   5) **************
*                                                               *
*  integral  = 0.88237167       accum. integral = 0.88300803    *
*  std. dev. = 0.18020257E-02   accum. std. dev = 0.15045960E-02*
*   max. wt. =   0.143758E-01                                   *
*                                                               *
**************   chi**2/iteration =  7.320       ****************


************* Integration by Vegas (iteration   6) **************
*                                                               *
*  integral  = 0.88354647       accum. integral = 0.88325329    *
*  std. dev. = 0.16450363E-02   accum. std. dev = 0.11102460E-02*
*   max. wt. =   0.143758E-01                                   *
*                                                               *
**************   chi**2/iteration =  5.871       ****************


************* Integration by Vegas (iteration   7) **************
*                                                               *
*  integral  = 0.88556854       accum. integral = 0.88387256    *
*  std. dev. = 0.18373436E-02   accum. std. dev = 0.95023464E-03*
*   max. wt. =   0.143758E-01                                   *
*                                                               *
**************   chi**2/iteration =  5.088       ****************


************* Integration by Vegas (iteration   8) **************
*                                                               *
*  integral  = 0.88338542       accum. integral = 0.88375542    *
*  std. dev. = 0.16888227E-02   accum. std. dev = 0.82814429E-03*
*   max. wt. =   0.143758E-01                                   *
*                                                               *
**************   chi**2/iteration =  4.371       ****************


************* Integration by Vegas (iteration   9) **************
*                                                               *
*  integral  = 0.88280396       accum. integral = 0.88354433    *
*  std. dev. = 0.15509265E-02   accum. std. dev = 0.73052311E-03*
*   max. wt. =   0.143758E-01                                   *
*                                                               *
**************   chi**2/iteration =  3.862       ****************


************* Integration by Vegas (iteration  10) **************
*                                                               *
*  integral  = 0.88334041       accum. integral = 0.88350918    *
*  std. dev. = 0.16008121E-02   accum. std. dev = 0.66459240E-03*
*   max. wt. =   0.143758E-01                                   *
*                                                               *
**************   chi**2/iteration =  3.435       ****************


************* Integration by Vegas (iteration  11) **************
*                                                               *
*  integral  = 0.88049359       accum. integral = 0.88304550    *
*  std. dev. = 0.15591132E-02   accum. std. dev = 0.61136661E-03*
*   max. wt. =   0.143758E-01                                   *
*                                                               *
**************   chi**2/iteration =  3.408       ****************


************* Integration by Vegas (iteration  12) **************
*                                                               *
*  integral  = 0.88296246       accum. integral = 0.88303497    *
*  std. dev. = 0.16041502E-02   accum. std. dev = 0.57128358E-03*
*   max. wt. =   0.143758E-01                                   *
*                                                               *
**************   chi**2/iteration =  3.098       ****************


************* Integration by Vegas (iteration  13) **************
*                                                               *
*  integral  = 0.88201745       accum. integral = 0.88291424    *
*  std. dev. = 0.15570171E-02   accum. std. dev = 0.53632260E-03*
*   max. wt. =   0.143758E-01                                   *
*                                                               *
**************   chi**2/iteration =  2.872       ****************


************* Integration by Vegas (iteration  14) **************
*                                                               *
*  integral  = 0.88063461       accum. integral = 0.88268509    *
*  std. dev. = 0.16043469E-02   accum. std. dev = 0.50865360E-03*
*   max. wt. =   0.143758E-01                                   *
*                                                               *
**************   chi**2/iteration =  2.791       ****************


************* Integration by Vegas (iteration  15) **************
*                                                               *
*  integral  = 0.88266729       accum. integral = 0.88268349    *
*  std. dev. = 0.16156958E-02   accum. std. dev = 0.48517811E-03*
*   max. wt. =   0.143758E-01                                   *
*                                                               *
**************   chi**2/iteration =  2.591       ****************


************* Integration by Vegas (iteration  16) **************
*                                                               *
*  integral  = 0.88037750       accum. integral = 0.88247657    *
*  std. dev. = 0.15453241E-02   accum. std. dev = 0.46289928E-03*
*   max. wt. =   0.143758E-01                                   *
*                                                               *
**************   chi**2/iteration =  2.554       ****************


************* Integration by Vegas (iteration  17) **************
*                                                               *
*  integral  = 0.88155975       accum. integral = 0.88240286    *
*  std. dev. = 0.15655418E-02   accum. std. dev = 0.44390141E-03*
*   max. wt. =   0.143758E-01                                   *
*                                                               *
**************   chi**2/iteration =  2.414       ****************


************* Integration by Vegas (iteration  18) **************
*                                                               *
*  integral  = 0.87938119       accum. integral = 0.88217316    *
*  std. dev. = 0.15476005E-02   accum. std. dev = 0.42669562E-03*
*   max. wt. =   0.143758E-01                                   *
*                                                               *
**************   chi**2/iteration =  2.479       ****************


************* Integration by Vegas (iteration  19) **************
*                                                               *
*  integral  = 0.88319198       accum. integral = 0.88224043    *
*  std. dev. = 0.16048052E-02   accum. std. dev = 0.41236823E-03*
*   max. wt. =   0.143758E-01                                   *
*                                                               *
**************   chi**2/iteration =  2.362       ****************


************* Integration by Vegas (iteration  20) **************
*                                                               *
*  integral  = 0.88121846       accum. integral = 0.88217559    *
*  std. dev. = 0.15843306E-02   accum. std. dev = 0.39907211E-03*
*   max. wt. =   0.143758E-01                                   *
*                                                               *
**************   chi**2/iteration =  2.259       ****************


 input parameters for vegas:  ndim= 10  ncall= 472392.
                              it=   21  itmx=   50
                              nprn=  0  alph= 1.50
                              mds=  1   nd= 100
                              xl( 1)=   0.000     xu( 1)=   1.000    
                              xl( 2)=   0.000     xu( 2)=   1.000    
                              xl( 3)=   0.000     xu( 3)=   1.000    
                              xl( 4)=   0.000     xu( 4)=   1.000    
                              xl( 5)=   0.000     xu( 5)=   1.000    
                              xl( 6)=   0.000     xu( 6)=   1.000    
                              xl( 7)=   0.000     xu( 7)=   1.000    
                              xl( 8)=   0.000     xu( 8)=   1.000    
                              xl( 9)=   0.000     xu( 9)=   1.000    
                              xl(10)=   0.000     xu(10)=   1.000    

************* Integration by Vegas (iteration   1) **************
*                                                               *
*  integral  = 0.88115724       accum. integral = 0.88115724    *
*  std. dev. = 0.16187277E-02   accum. std. dev = 0.16187277E-02*
*   max. wt. =   0.264931E-03                                   *
*                                                               *
**************   chi**2/iteration =  0.000       ****************

 Writing out intermediate results for iteration           1

************* Integration by Vegas (iteration   2) **************
*                                                               *
*  integral  = 0.88303394       accum. integral = 0.88210689    *
*  std. dev. = 0.15993517E-02   accum. std. dev = 0.11377010E-02*
*   max. wt. =   0.264931E-03                                   *
*                                                               *
**************   chi**2/iteration = 0.6734       ****************

 Writing out intermediate results for iteration           2

************* Integration by Vegas (iteration   3) **************
*                                                               *
*  integral  = 0.88315012       accum. integral = 0.88246009    *
*  std. dev. = 0.15902012E-02   accum. std. dev = 0.92527792E-03*
*   max. wt. =   0.299292E-03                                   *
*                                                               *
**************   chi**2/iteration = 0.4800       ****************

 Writing out intermediate results for iteration           3

************* Integration by Vegas (iteration   4) **************
*                                                               *
*  integral  = 0.87915810       accum. integral = 0.88162089    *
*  std. dev. = 0.15850932E-02   accum. std. dev = 0.79909503E-03*
*   max. wt. =   0.299292E-03                                   *
*                                                               *
**************   chi**2/iteration =  1.396       ****************

 Writing out intermediate results for iteration           4

************* Integration by Vegas (iteration   5) **************
*                                                               *
*  integral  = 0.88073612       accum. integral = 0.88144745    *
*  std. dev. = 0.16182900E-02   accum. std. dev = 0.71650333E-03*
*   max. wt. =   0.327593E-03                                   *
*                                                               *
**************   chi**2/iteration =  1.108       ****************

 Writing out intermediate results for iteration           5

************* Integration by Vegas (iteration   6) **************
*                                                               *
*  integral  = 0.88212125       accum. integral = 0.88155709    *
*  std. dev. = 0.16253029E-02   accum. std. dev = 0.65562238E-03*
*   max. wt. =   0.327593E-03                                   *
*                                                               *
**************   chi**2/iteration = 0.9153       ****************

 Writing out intermediate results for iteration           6

************* Integration by Vegas (iteration   7) **************
*                                                               *
*  integral  = 0.88568606       accum. integral = 0.88213175    *
*  std. dev. = 0.16305244E-02   accum. std. dev = 0.60829010E-03*
*   max. wt. =   0.327593E-03                                   *
*                                                               *
**************   chi**2/iteration =  1.681       ****************

 Writing out intermediate results for iteration           7

************* Integration by Vegas (iteration   8) **************
*                                                               *
*  integral  = 0.88045079       accum. integral = 0.88194995    *
*  std. dev. = 0.17467912E-02   accum. std. dev = 0.57445550E-03*
*   max. wt. =   0.642131E-03                                   *
*                                                               *
**************   chi**2/iteration =  1.559       ****************

 Writing out intermediate results for iteration           8

************* Integration by Vegas (iteration   9) **************
*                                                               *
*  integral  = 0.87921173       accum. integral = 0.88167354    *
*  std. dev. = 0.17143764E-02   accum. std. dev = 0.54469003E-03*
*   max. wt. =   0.642131E-03                                   *
*                                                               *
**************   chi**2/iteration =  1.651       ****************

 Writing out intermediate results for iteration           9

************* Integration by Vegas (iteration  10) **************
*                                                               *
*  integral  = 0.88022119       accum. integral = 0.88152544    *
*  std. dev. = 0.16163986E-02   accum. std. dev = 0.51617125E-03*
*   max. wt. =   0.642131E-03                                   *
*                                                               *
**************   chi**2/iteration =  1.548       ****************

 Writing out intermediate results for iteration          10

************* Integration by Vegas (iteration  11) **************
*                                                               *
*  integral  = 0.88088229       accum. integral = 0.88146672    *
*  std. dev. = 0.16285011E-02   accum. std. dev = 0.49204616E-03*
*   max. wt. =   0.642131E-03                                   *
*                                                               *
**************   chi**2/iteration =  1.408       ****************

 Writing out intermediate results for iteration          11

************* Integration by Vegas (iteration  12) **************
*                                                               *
*  integral  = 0.88006084       accum. integral = 0.88134914    *
*  std. dev. = 0.16287287E-02   accum. std. dev = 0.47102105E-03*
*   max. wt. =   0.642131E-03                                   *
*                                                               *
**************   chi**2/iteration =  1.342       ****************

 Writing out intermediate results for iteration          12

************* Integration by Vegas (iteration  13) **************
*                                                               *
*  integral  = 0.88181226       accum. integral = 0.88138422    *
*  std. dev. = 0.16454030E-02   accum. std. dev = 0.45283210E-03*
*   max. wt. =   0.642131E-03                                   *
*                                                               *
**************   chi**2/iteration =  1.236       ****************

 Writing out intermediate results for iteration          13

************* Integration by Vegas (iteration  14) **************
*                                                               *
*  integral  = 0.88312672       accum. integral = 0.88149913    *
*  std. dev. = 0.17042780E-02   accum. std. dev = 0.43764700E-03*
*   max. wt. =   0.642131E-03                                   *
*                                                               *
**************   chi**2/iteration =  1.216       ****************

 Writing out intermediate results for iteration          14

************* Integration by Vegas (iteration  15) **************
*                                                               *
*  integral  = 0.88320725       accum. integral = 0.88160687    *
*  std. dev. = 0.16867378E-02   accum. std. dev = 0.42361991E-03*
*   max. wt. =   0.642131E-03                                   *
*                                                               *
**************   chi**2/iteration =  1.198       ****************

 Writing out intermediate results for iteration          15

************* Integration by Vegas (iteration  16) **************
*                                                               *
*  integral  = 0.88107914       accum. integral = 0.88157460    *
*  std. dev. = 0.16601090E-02   accum. std. dev = 0.41046692E-03*
*   max. wt. =   0.642131E-03                                   *
*                                                               *
**************   chi**2/iteration =  1.125       ****************

 Writing out intermediate results for iteration          16

************* Integration by Vegas (iteration  17) **************
*                                                               *
*  integral  = 0.88289989       accum. integral = 0.88164481    *
*  std. dev. = 0.17354405E-02   accum. std. dev = 0.39944607E-03*
*   max. wt. =   0.642131E-03                                   *
*                                                               *
**************   chi**2/iteration =  1.089       ****************

 Writing out intermediate results for iteration          17

************* Integration by Vegas (iteration  18) **************
*                                                               *
*  integral  = 0.88334231       accum. integral = 0.88172985    *
*  std. dev. = 0.17394339E-02   accum. std. dev = 0.38931271E-03*
*   max. wt. =   0.642131E-03                                   *
*                                                               *
**************   chi**2/iteration =  1.078       ****************

 Writing out intermediate results for iteration          18

************* Integration by Vegas (iteration  19) **************
*                                                               *
*  integral  = 0.88244220       accum. integral = 0.88176537    *
*  std. dev. = 0.16993993E-02   accum. std. dev = 0.37948215E-03*
*   max. wt. =   0.642131E-03                                   *
*                                                               *
**************   chi**2/iteration =  1.027       ****************

 Writing out intermediate results for iteration          19

************* Integration by Vegas (iteration  20) **************
*                                                               *
*  integral  = 0.88493575       accum. integral = 0.88191092    *
*  std. dev. = 0.17299444E-02   accum. std. dev = 0.37066878E-03*
*   max. wt. =   0.642131E-03                                   *
*                                                               *
**************   chi**2/iteration =  1.142       ****************

 Writing out intermediate results for iteration          20

************* Integration by Vegas (iteration  21) **************
*                                                               *
*  integral  = 0.88192961       accum. integral = 0.88191178    *
*  std. dev. = 0.16884209E-02   accum. std. dev = 0.36204685E-03*
*   max. wt. =   0.642131E-03                                   *
*                                                               *
**************   chi**2/iteration =  1.085       ****************

 Writing out intermediate results for iteration          21

************* Integration by Vegas (iteration  22) **************
*                                                               *
*  integral  = 0.88649150       accum. integral = 0.88209135    *
*  std. dev. = 0.17921858E-02   accum. std. dev = 0.35487802E-03*
*   max. wt. =   0.642131E-03                                   *
*                                                               *
**************   chi**2/iteration =  1.332       ****************

 Writing out intermediate results for iteration          22

************* Integration by Vegas (iteration  23) **************
*                                                               *
*  integral  = 0.88302063       accum. integral = 0.88212909    *
*  std. dev. = 0.17247740E-02   accum. std. dev = 0.34759663E-03*
*   max. wt. =   0.642131E-03                                   *
*                                                               *
**************   chi**2/iteration =  1.284       ****************

 Writing out intermediate results for iteration          23

************* Integration by Vegas (iteration  24) **************
*                                                               *
*  integral  = 0.88063620       accum. integral = 0.88206714    *
*  std. dev. = 0.16705308E-02   accum. std. dev = 0.34030780E-03*
*   max. wt. =   0.642131E-03                                   *
*                                                               *
**************   chi**2/iteration =  1.261       ****************

 Writing out intermediate results for iteration          24

************* Integration by Vegas (iteration  25) **************
*                                                               *
*  integral  = 0.88210562       accum. integral = 0.88206869    *
*  std. dev. = 0.16614047E-02   accum. std. dev = 0.33338591E-03*
*   max. wt. =   0.642131E-03                                   *
*                                                               *
**************   chi**2/iteration =  1.209       ****************

 Writing out intermediate results for iteration          25

************* Integration by Vegas (iteration  26) **************
*                                                               *
*  integral  = 0.88239059       accum. integral = 0.88207950    *
*  std. dev. = 0.17884503E-02   accum. std. dev = 0.32774023E-03*
*   max. wt. =   0.642131E-03                                   *
*                                                               *
**************   chi**2/iteration =  1.162       ****************

 Writing out intermediate results for iteration          26

************* Integration by Vegas (iteration  27) **************
*                                                               *
*  integral  = 0.88346564       accum. integral = 0.88212722    *
*  std. dev. = 0.17356394E-02   accum. std. dev = 0.32204893E-03*
*   max. wt. =   0.642131E-03                                   *
*                                                               *
**************   chi**2/iteration =  1.141       ****************

 Writing out intermediate results for iteration          27

************* Integration by Vegas (iteration  28) **************
*                                                               *
*  integral  = 0.88418061       accum. integral = 0.88220066    *
*  std. dev. = 0.16722061E-02   accum. std. dev = 0.31623760E-03*
*   max. wt. =   0.642131E-03                                   *
*                                                               *
**************   chi**2/iteration =  1.152       ****************

 Writing out intermediate results for iteration          28

************* Integration by Vegas (iteration  29) **************
*                                                               *
*  integral  = 0.88237676       accum. integral = 0.88220639    *
*  std. dev. = 0.17250599E-02   accum. std. dev = 0.31105412E-03*
*   max. wt. =   0.642131E-03                                   *
*                                                               *
**************   chi**2/iteration =  1.112       ****************

 Writing out intermediate results for iteration          29

************* Integration by Vegas (iteration  30) **************
*                                                               *
*  integral  = 0.88126230       accum. integral = 0.88217599    *
*  std. dev. = 0.17054106E-02   accum. std. dev = 0.30600581E-03*
*   max. wt. =   0.642131E-03                                   *
*                                                               *
**************   chi**2/iteration =  1.084       ****************

 Writing out intermediate results for iteration          30

************* Integration by Vegas (iteration  31) **************
*                                                               *
*  integral  = 0.88234579       accum. integral = 0.88218134    *
*  std. dev. = 0.16971589E-02   accum. std. dev = 0.30114981E-03*
*   max. wt. =   0.642131E-03                                   *
*                                                               *
**************   chi**2/iteration =  1.048       ****************

 Writing out intermediate results for iteration          31

************* Integration by Vegas (iteration  32) **************
*                                                               *
*  integral  = 0.88191447       accum. integral = 0.88217317    *
*  std. dev. = 0.16944454E-02   accum. std. dev = 0.29650337E-03*
*   max. wt. =   0.642131E-03                                   *
*                                                               *
**************   chi**2/iteration =  1.015       ****************

 Writing out intermediate results for iteration          32

************* Integration by Vegas (iteration  33) **************
*                                                               *
*  integral  = 0.88205285       accum. integral = 0.88216945    *
*  std. dev. = 0.16611233E-02   accum. std. dev = 0.29188992E-03*
*   max. wt. =   0.642131E-03                                   *
*                                                               *
**************   chi**2/iteration = 0.9832       ****************

 Writing out intermediate results for iteration          33

************* Integration by Vegas (iteration  34) **************
*                                                               *
*  integral  = 0.88169503       accum. integral = 0.88215509    *
*  std. dev. = 0.16518705E-02   accum. std. dev = 0.28743697E-03*
*   max. wt. =   0.642131E-03                                   *
*                                                               *
**************   chi**2/iteration = 0.9559       ****************

 Writing out intermediate results for iteration          34

************* Integration by Vegas (iteration  35) **************
*                                                               *
*  integral  = 0.87813150       accum. integral = 0.88204111    *
*  std. dev. = 0.16834539E-02   accum. std. dev = 0.28333659E-03*
*   max. wt. =   0.642131E-03                                   *
*                                                               *
**************   chi**2/iteration =  1.091       ****************

 Writing out intermediate results for iteration          35

************* Integration by Vegas (iteration  36) **************
*                                                               *
*  integral  = 0.88347802       accum. integral = 0.88207900    *
*  std. dev. = 0.17216842E-02   accum. std. dev = 0.27957599E-03*
*   max. wt. =   0.642131E-03                                   *
*                                                               *
**************   chi**2/iteration =  1.079       ****************

 Writing out intermediate results for iteration          36

************* Integration by Vegas (iteration  37) **************
*                                                               *
*  integral  = 0.88654152       accum. integral = 0.88218271    *
*  std. dev. = 0.18124698E-02   accum. std. dev = 0.27630814E-03*
*   max. wt. =   0.642131E-03                                   *
*                                                               *
**************   chi**2/iteration =  1.214       ****************

 Writing out intermediate results for iteration          37

************* Integration by Vegas (iteration  38) **************
*                                                               *
*  integral  = 0.88362353       accum. integral = 0.88221653    *
*  std. dev. = 0.17820806E-02   accum. std. dev = 0.27304564E-03*
*   max. wt. =   0.642131E-03                                   *
*                                                               *
**************   chi**2/iteration =  1.198       ****************

 Writing out intermediate results for iteration          38

************* Integration by Vegas (iteration  39) **************
*                                                               *
*  integral  = 0.88157629       accum. integral = 0.88220035    *
*  std. dev. = 0.16953294E-02   accum. std. dev = 0.26957174E-03*
*   max. wt. =   0.642131E-03                                   *
*                                                               *
**************   chi**2/iteration =  1.170       ****************

 Writing out intermediate results for iteration          39

************* Integration by Vegas (iteration  40) **************
*                                                               *
*  integral  = 0.87994649       accum. integral = 0.88214299    *
*  std. dev. = 0.16681394E-02   accum. std. dev = 0.26611933E-03*
*   max. wt. =   0.642131E-03                                   *
*                                                               *
**************   chi**2/iteration =  1.186       ****************

 Writing out intermediate results for iteration          40

************* Integration by Vegas (iteration  41) **************
*                                                               *
*  integral  = 0.88164405       accum. integral = 0.88213225    *
*  std. dev. = 0.17942032E-02   accum. std. dev = 0.26323953E-03*
*   max. wt. =   0.642131E-03                                   *
*                                                               *
**************   chi**2/iteration =  1.158       ****************

 Writing out intermediate results for iteration          41

************* Integration by Vegas (iteration  42) **************
*                                                               *
*  integral  = 0.87886738       accum. integral = 0.88205914    *
*  std. dev. = 0.17394122E-02   accum. std. dev = 0.26027582E-03*
*   max. wt. =   0.642131E-03                                   *
*                                                               *
**************   chi**2/iteration =  1.214       ****************

 Writing out intermediate results for iteration          42

************* Integration by Vegas (iteration  43) **************
*                                                               *
*  integral  = 0.88218265       accum. integral = 0.88206151    *
*  std. dev. = 0.18636219E-02   accum. std. dev = 0.25777399E-03*
*   max. wt. =   0.642131E-03                                   *
*                                                               *
**************   chi**2/iteration =  1.185       ****************

 Writing out intermediate results for iteration          43

************* Integration by Vegas (iteration  44) **************
*                                                               *
*  integral  = 0.88258284       accum. integral = 0.88207155    *
*  std. dev. = 0.18389605E-02   accum. std. dev = 0.25527825E-03*
*   max. wt. =   0.642131E-03                                   *
*                                                               *
**************   chi**2/iteration =  1.159       ****************

 Writing out intermediate results for iteration          44

************* Integration by Vegas (iteration  45) **************
*                                                               *
*  integral  = 0.88202049       accum. integral = 0.88207053    *
*  std. dev. = 0.17870582E-02   accum. std. dev = 0.25271289E-03*
*   max. wt. =   0.642131E-03                                   *
*                                                               *
**************   chi**2/iteration =  1.133       ****************

 Writing out intermediate results for iteration          45

************* Integration by Vegas (iteration  46) **************
*                                                               *
*  integral  = 0.88006631       accum. integral = 0.88202867    *
*  std. dev. = 0.17302486E-02   accum. std. dev = 0.25005978E-03*
*   max. wt. =   0.642131E-03                                   *
*                                                               *
**************   chi**2/iteration =  1.137       ****************

 Writing out intermediate results for iteration          46

************* Integration by Vegas (iteration  47) **************
*                                                               *
*  integral  = 0.88403825       accum. integral = 0.88206847    *
*  std. dev. = 0.17591222E-02   accum. std. dev = 0.24757100E-03*
*   max. wt. =   0.642131E-03                                   *
*                                                               *
**************   chi**2/iteration =  1.140       ****************

 Writing out intermediate results for iteration          47

************* Integration by Vegas (iteration  48) **************
*                                                               *
*  integral  = 0.88309335       accum. integral = 0.88208776    *
*  std. dev. = 0.17878307E-02   accum. std. dev = 0.24523095E-03*
*   max. wt. =   0.642131E-03                                   *
*                                                               *
**************   chi**2/iteration =  1.123       ****************

 Writing out intermediate results for iteration          48

************* Integration by Vegas (iteration  49) **************
*                                                               *
*  integral  = 0.88250947       accum. integral = 0.88209567    *
*  std. dev. = 0.17727970E-02   accum. std. dev = 0.24291782E-03*
*   max. wt. =   0.642131E-03                                   *
*                                                               *
**************   chi**2/iteration =  1.100       ****************

 Writing out intermediate results for iteration          49

************* Integration by Vegas (iteration  50) **************
*                                                               *
*  integral  = 0.88273292       accum. integral = 0.88210752    *
*  std. dev. = 0.17650323E-02   accum. std. dev = 0.24064939E-03*
*   max. wt. =   0.642131E-03                                   *
*                                                               *
**************   chi**2/iteration =  1.081       ****************


Value of final lord integral is        0.8821 +/-     0.0002 fb

 Total number of shots       :     23619600
 Total no. failing cuts      :      8591069
 Number failing jet cuts     :            0
 Number failing process cuts :            0

   Jet efficiency : 100.00%
   Cut efficiency : 100.00%
 Total efficiency : 100.00%

 Contribution from parton sub-processes:
 ---------------------------------------
       GG     |           0.88211  100.00%
       GQ     |           0.00000    0.00%
       GQB    |           0.00000    0.00%
       QG     |           0.00000    0.00%
       QBG    |           0.00000    0.00%
       QQ     |           0.00000    0.00%
       QBQB   |           0.00000    0.00%
       QQB    |           0.00000    0.00%
       QBQ    |           0.00000    0.00%
 ---------------------------------------

 ****************************************************
 output files  cluster_CMS_mT/CTEQ/TOP/ggZZ4l_lord_cteq6_l_0___0___126_131_run_8
 ****************************************************
