 ************** MCFM - version 6.8 ****************
 *                                                *
 * MCFM, v6.8                   April 26th, 2014  *
 *                                                *
 * Authors: John Campbell, Keith Ellis,           *
 *          Ciaran Williams                       *
 *         (johnmc@fnal.gov, ellis@fnal.gov,      *
 *          ciaran@fnal.gov)                      *
 *                                                *
 * For details see:                               *
 *                                                *
 *  arXiv:1403.2641 (Triphoton production)        *
 *  arXiv:1312.1628 (gg->WW, Higgs interference)  *
 *  arXiv:1311.3589 (gg->ZZ, Higgs interference)  *
 *  Phys.Rev.D87:114006, arXiv:1302.3856          *
 *  (tZ, tH -- with R. Rontsch)                   *
 *  arXiv:1211.6390 (DM, P. Fox and C. Williams)  *
 *  JHEP 1211:162 (2012), arXiv:1208.0566         *
 *  (Z+gam+jet,Z+gam+gam -- with H. Hartanto)     *
 *  arXiv:1204.1513 (top production+decay)        *
 *  JHEP 1207:052 (2012), arXiv:1204.5678 (ttW)   *
 *  JHEP 1110:005 (2011), arXiv:1107.5569         *
 *         (gg->WW,Higgs intference)              *
 *  JHEP 1107:018 (2011), arXiv:1105.0020         *
 *         (diboson update)                       *
 *  JHEP 1103:027 (2011), arXiv:1011.6647         *
 *         (Wbb for mb>0, with S. Badger)         *
 *  Phys.Rev.D81:074023, arXiv:1001.4495 (H+2jet) *
 *                                                *
 *  P.R.L. 102:142001, arXiv:0903.0005 [hep-ph]   *
 *    (t-channel single top + explicit b,         *
 *      JC, R.Frederix, F.Maltoni, F.Tramontano)  *
 *  N.P.B 726:109(2005), hep-ph/0506289 (W+t)     *
 *  Phys.Rev.D70:094012, hep-ph/0408158 (Sngl Top)*
 *       (with Francesco Tramontano)              *
 *                                                *
 *  Phys.Rev.D65:113007, hep-ph/0202176 (W,Z+2j)  *
 *  Phys.Rev.D62:114012, hep-ph/0006304 (W,Z+bb)  *
 *  Phys.Rev.D60:113006, hep-ph/9905386 (diboson) *
 *                                                *
 * On the web:  http://mcfm.fnal.gov/             *
 **************************************************

 * Using input file named cluster_CMS_m4l/MSTWm4/HHTOP/input_129_14.DAT                           

 * [Flags to specify the mode in which MCFM is run]                                          
 *                   -1            [nevtrequested] 
 *                    F            [creatent] 
 *                    F            [skipnt] 
 *                    F            [dswhisto] 
 *                    F            [creategrid] 
 *                    T            [writetop] 
 *                    T            [writedat] 
 *                    T            [writegnu] 
 *                    T            [writeroot] 
 *                    F            [writepwg] 

 * [General options to specify the process and execution]                                    
 *                  129            [nproc] 
 *                 lord            [part] 
 * 129_run_14                      [runstring] 
 *           14000.0000            [sqrts] 
 *                    1            [ih1] 
 *                    1            [ih2] 
 *             126.0000            [hmass] 
 *               1.0000            [scale] 
 *               1.0000            [facscale] 
 * m(3456)                         [dynamicscale] 
 *                    F            [zerowidth] 
 *                    F            [removebr] 
 *                   20            [itmx1] 
 *              1000000            [ncall1] 
 *                   50            [itmx2] 
 *              1000000            [ncall2] 
 *                 2020            [ij] 
 *                    F            [dryrun] 
 *                    T            [Qflag] 
 *                    T            [Gflag] 

 * [Heavy quark masses]                                                                      
 *             173.2000            [top mass] 
 *               4.7500            [bottom mass] 
 *               1.5000            [charm mass] 

 * [Pdf selection]                                                                           
 *              mstw8lo            [pdlabel] 
 *                    4            [NGROUP] 
 *                   46            [NSET] 
 * cteq6mE.LHgrid                  [LHAPDF group] 
 *                   -1            [LHAPDF set] 

 * [Jet definition and event cuts]                                                           
 *               0.0000            [m34min] 
 *           14000.0000            [m34max] 
 *               0.0000            [m56min] 
 *           14000.0000            [m56max] 
 *                    T            [inclusive] 
 *                 ankt            [algorithm] 
 *              15.0000            [ptjetmin] 
 *               0.0000            [etajetmin] 
 *               5.0000            [etajetmax] 
 *               0.5000            [Rcut] 
 *                    T            [makecuts] 
 *               0.0000            [leptpt] 
 *              99.0000            [leptrap] 
 *    0.000,   0.000                [leptveto] 
 *               0.0000            [misspt] 
 *               0.0000            [leptpt2] 
 *              99.0000            [leptrap2] 
 *    0.000,   0.000                [leptveto2] 
 *               0.0000            [mtrans34cut] 
 *               0.0000            [Rjlmin] 
 *               0.0000            [Rllmin] 
 *               0.0000            [delyjjmin] 
 *                    F            [jetsopphem] 
 *                    0            [lbjscheme] 
 *               0.0000            [ptbjetmin] 
 *              99.0000            [etabjetmax] 

 * [Settings for photon processes]                                                           
 *                    F            [frag] 
 *             GdRG__LO            [fragset] 
 *              80.0000            [frag_scale] 
 *              20.0000            [gammpt] 
 *               2.5000            [gammrap] 
 *              20.0000            [gammpt2] 
 *              20.0000            [gammpt3] 
 *               0.0000            [Rgalmin] 
 *               0.4000            [Rgagamin] 
 *               0.4000            [Rgajetmin] 
 *               0.4000            [cone_ang] 
 *               0.5000            [epsilon_h] 

 * [Anomalous couplings of the W and Z]                                                      
 *               0.0000            [delg1_z] 
 *               0.0000            [delk_z] 
 *               0.0000            [delk_g] 
 *               0.0000            [lambda_z] 
 *               0.0000            [lambda_g] 
 *               0.0000            [h1Z] 
 *               0.0000            [h1gam] 
 *               0.0000            [h2Z] 
 *               0.0000            [h2gam] 
 *               0.0000            [h3Z] 
 *               0.0000            [h3gam] 
 *               0.0000            [h4Z] 
 *               0.0000            [h4gam] 
 *               2.0000            [tevscale] 

 * [Anomalous width of the Higgs]                                                            
 *               1.0000            [Gamma_H/Gamma_H(SM)] 

 * [How to resume/save a run]                                                                
 *                    F            [readin] 
 *                    F            [writeout] 
 *                                 [ingridfile] 
 *                                 [outgridfile] 

 * [Technical parameters that should not normally be changed]

 *                    F            [debug] 
 *                    T            [verbose] 
 *                    F            [new_pspace] 
 *                    F            [virtonly] 
 *                    F            [realonly] 
 *                    T            [spira] 
 *                    F            [noglue] 
 *                    F            [ggonly] 
 *                    F            [gqonly] 
 *                    F            [omitgg] 
 *                    F            [vanillafiles] 
 *                    1            [nmin] 
 *                    2            [nmax] 
 *                    T            [clustering] 
 *                    F            [realwt] 
 *                    0            [colourchoice] 
 *               0.0100            [rtsmin] 
 *               0.0001            [cutoff] 
 *               0.1000            [aii] 
 *               0.1000            [aif] 
 *               0.1000            [afi] 
 *               1.0000            [aff] 
 *               1.0000            [bfi] 
 *               1.0000            [bff] 

 Chooser:process chosen by nproc=         129

 *************************** f(p1)+f(p2) --> ******************************************
 * H(--> Z^0(e^-(p3)+e^+(p4)) + Z^0(mu^-(p5)+mu^+(p6)) [only H, gg->ZZ intf.]         *
 **************************************************************************************

 ************** Electroweak parameters **************
 *                                                  *
 *  zmass(+)   91.1876000     wmass(+)  80.3980000  *
 * zwidth(+)    2.4952000    wwidth(+)   2.1054000  *
 *     Gf(+) 0.116639D-04   1/aemmz    132.3384323  *
 *     xw       0.2226459      mtop(+) 173.2000000  *
 *   gwsq       0.4264904       esq      0.0949563  *
 * top width    1.4743080 (LO)                      *
 *    mb        4.7500000        mc      1.5000000  *
 *                                                  *
 * Parameters marked (+) are input, others derived  *
 ****************************************************

 ****************** Higgs parameters ****************
 *                                                  *
 *   mass(H) =  126.00      width(H) =  0.43070E-02 *
 *                                                  *
 *              Br( H -> b bbar)  =   0.48164       *
 *              Br( H -> tau tau) =   0.06056       *
 *              Br( H -> W W)     =   0.00000       *
 *              Br( H -> Z Z)     =   0.00000       *
 *              Br( H -> gam gam) =   0.00235       *
 *              Br( H -> Z gam)   =   0.00164       *
 ****************************************************
 *                                                  *
 * Note: branching ratios reported here can be > 1  *
 *       since the total Higgs width is calculated  *
 *       at NLO but the BR calculation uses a       *
 *       partial width at LO only.                  *
 *                                                  *
 ****************************************************

 WARNING: Higgs decay H->ZZ is below threshold and
 may not yield sensible results - check the number
 of integration points

 ***************** CKM mixing matrix ****************
 *                                                  *
 *      Vud=.97500    Vus=.22200    Vub=0.0000      *
 *      Vcd=.22200    Vcs=.97500    Vcb=0.0000      *
 ****************************************************

 ************* Strong coupling, alpha_s  ************
 *                                                  *
 *  Dynamic scale - alpha_s changed event-by-event  *
 *       alpha_s (zmass)  0.13939000                *
 *         (using 1-loop running of alpha_s)        *
 ****************************************************

 ****************************************
 *     Cross section in femtobarns      *
 ****************************************


 input parameters for vegas:  ndim= 10  ncall= 944784.
                              it=    0  itmx=   20
                              nprn=  0  alph= 1.50
                              mds=  1   nd= 100
                              xl( 1)=   0.000     xu( 1)=   1.000    
                              xl( 2)=   0.000     xu( 2)=   1.000    
                              xl( 3)=   0.000     xu( 3)=   1.000    
                              xl( 4)=   0.000     xu( 4)=   1.000    
                              xl( 5)=   0.000     xu( 5)=   1.000    
                              xl( 6)=   0.000     xu( 6)=   1.000    
                              xl( 7)=   0.000     xu( 7)=   1.000    
                              xl( 8)=   0.000     xu( 8)=   1.000    
                              xl( 9)=   0.000     xu( 9)=   1.000    
                              xl(10)=   0.000     xu(10)=   1.000    

 ****************** Basic mass cuts *****************
 *                                                  *
 *              0.00  <   m34  <  14000.00           *
 *              0.00  <   m56  <  14000.00           *
 ****************************************************
 *********** CMS Higgs Search cuts******
 *                                     *
 *     pt(mu) >           5.00 GeV     *
 *     pt(el) >           7.00 GeV     *
 *     |eta_mu| <         2.40         *
 *     |eta_el| <         2.50         *
 *     m4lmin >         100.00 GeV     *
 *     m2lmin >           4.00 GeV     *
 *     ptleading >       20.00 GeV     *
 *     ptnexttoleading > 10.00 GeV     *
 *     mllnear >         40.00 GeV     *
 *     mllfar >          12.00 GeV     *
 *     mllmax >         120.00 GeV     *
 ***************************************

 ************** Dynamic scale choice ****************
 *                                                  *
 *                 RENORMALIZATION                  *
 *       mu_ren  =  1.00 x m(3456)                  *
 *                                                  *
 *                  FACTORIZATION                   *
 *       mu_fac  =  1.00 x m(3456)                  *
 *                                                  *
 ****************************************************
 ====================================================
   This is QCDLoop - version 1.95                    
   Authors: Keith Ellis and Giulia Zanderighi        
   (ellis@fnal.gov, g.zanderighi1@physics.ox.ac.uk)  
   For details see FERMILAB-PUB-07-633-T,OUTP-07/16P 
   arXiv:0712.1851 [hep-ph], published in            
   JHEP 0802:002,2008.                               
 ====================================================
 ====================================================
   FF 2.0, a package to evaluate one-loop integrals
 written by G. J. van Oldenborgh, NIKHEF-H, Amsterdam
 ====================================================
 for the algorithms used see preprint NIKHEF-H 89/17,
 'New Algorithms for One-loop Integrals', by G.J. van
 Oldenborgh and J.A.M. Vermaseren, published in 
 Zeitschrift fuer Physik C46(1990)425.
 ====================================================
 ffini: precx =    4.4408920985006262E-016
 ffini: precc =    4.4408920985006262E-016
 ffini: xalogm =    4.9406564584124654E-324
 ffini: xclogm =    4.9406564584124654E-324
 ****************************************************
 *                                                  *
 *  gg->ZZ box loop includes gens. 1 and 2          *
 *  gg->ZZ box loop includes bottom quark           *
 *  gg->ZZ box loop includes top quark              *
 *                                                  *
 *  Numer. stability: pt(Z) > 0.100 GeV (gens. 1,2) *
 *  Numer. stability: pt(Z) > 0.100 GeV (b,t loops) *
 *                                                  *
 ****************************************************
 Reading PDF grid from Pdfdata/mstw2008lo.00.dat

************* Integration by Vegas (iteration   1) **************
*                                                               *
*  integral  = -.11892631       accum. integral = -.11892631    *
*  std. dev. = 0.17402953E-02   accum. std. dev = 0.17402953E-02*
*   max. wt. =   0.112023E-03                                   *
*                                                               *
**************   chi**2/iteration =  0.000       ****************


************* Integration by Vegas (iteration   2) **************
*                                                               *
*  integral  = -.11797630       accum. integral = -.11801924    *
*  std. dev. = 0.37861831E-03   accum. std. dev = 0.36996392E-03*
*   max. wt. =   0.254857E-03                                   *
*                                                               *
**************   chi**2/iteration = 0.2817       ****************


************* Integration by Vegas (iteration   3) **************
*                                                               *
*  integral  = -.11790659       accum. integral = -.11793959    *
*  std. dev. = 0.23816979E-03   accum. std. dev = 0.20026057E-03*
*   max. wt. =   0.254857E-03                                   *
*                                                               *
**************   chi**2/iteration = 0.1742       ****************


************* Integration by Vegas (iteration   4) **************
*                                                               *
*  integral  = -.11799741       accum. integral = -.11797330    *
*  std. dev. = 0.16934693E-03   accum. std. dev = 0.12931033E-03*
*   max. wt. =   0.254857E-03                                   *
*                                                               *
**************   chi**2/iteration = 0.1324       ****************


************* Integration by Vegas (iteration   5) **************
*                                                               *
*  integral  = -.11797059       accum. integral = -.11797226    *
*  std. dev. = 0.16406122E-03   accum. std. dev = 0.10155715E-03*
*   max. wt. =   0.254857E-03                                   *
*                                                               *
**************   chi**2/iteration = 0.9946E-01   ****************


************* Integration by Vegas (iteration   6) **************
*                                                               *
*  integral  = -.11777277       accum. integral = -.11791535    *
*  std. dev. = 0.16074786E-03   accum. std. dev = 0.85857679E-04*
*   max. wt. =   0.254857E-03                                   *
*                                                               *
**************   chi**2/iteration = 0.2993       ****************


************* Integration by Vegas (iteration   7) **************
*                                                               *
*  integral  = -.11801509       accum. integral = -.11793950    *
*  std. dev. = 0.15191718E-03   accum. std. dev = 0.74746307E-04*
*   max. wt. =   0.254857E-03                                   *
*                                                               *
**************   chi**2/iteration = 0.3039       ****************


************* Integration by Vegas (iteration   8) **************
*                                                               *
*  integral  = -.11815276       accum. integral = -.11797979    *
*  std. dev. = 0.15486950E-03   accum. std. dev = 0.67316020E-04*
*   max. wt. =   0.254857E-03                                   *
*                                                               *
**************   chi**2/iteration = 0.4799       ****************


************* Integration by Vegas (iteration   9) **************
*                                                               *
*  integral  = -.11788173       accum. integral = -.11796353    *
*  std. dev. = 0.15099761E-03   accum. std. dev = 0.61482991E-04*
*   max. wt. =   0.254857E-03                                   *
*                                                               *
**************   chi**2/iteration = 0.4639       ****************


************* Integration by Vegas (iteration  10) **************
*                                                               *
*  integral  = -.11786507       accum. integral = -.11794989    *
*  std. dev. = 0.15327726E-03   accum. std. dev = 0.57063406E-04*
*   max. wt. =   0.254857E-03                                   *
*                                                               *
**************   chi**2/iteration = 0.4519       ****************


************* Integration by Vegas (iteration  11) **************
*                                                               *
*  integral  = -.11786250       accum. integral = -.11793966    *
*  std. dev. = 0.15676868E-03   accum. std. dev = 0.53621592E-04*
*   max. wt. =   0.254857E-03                                   *
*                                                               *
**************   chi**2/iteration = 0.4342       ****************


************* Integration by Vegas (iteration  12) **************
*                                                               *
*  integral  = -.11776679       accum. integral = -.11792066    *
*  std. dev. = 0.15258302E-03   accum. std. dev = 0.50588658E-04*
*   max. wt. =   0.254857E-03                                   *
*                                                               *
**************   chi**2/iteration = 0.4985       ****************


************* Integration by Vegas (iteration  13) **************
*                                                               *
*  integral  = -.11775047       accum. integral = -.11790409    *
*  std. dev. = 0.15402246E-03   accum. std. dev = 0.48062564E-04*
*   max. wt. =   0.254857E-03                                   *
*                                                               *
**************   chi**2/iteration = 0.5488       ****************


************* Integration by Vegas (iteration  14) **************
*                                                               *
*  integral  = -.11757592       accum. integral = -.11787648    *
*  std. dev. = 0.15859275E-03   accum. std. dev = 0.45996712E-04*
*   max. wt. =   0.254857E-03                                   *
*                                                               *
**************   chi**2/iteration = 0.8080       ****************


************* Integration by Vegas (iteration  15) **************
*                                                               *
*  integral  = -.11786585       accum. integral = -.11787562    *
*  std. dev. = 0.15508479E-03   accum. std. dev = 0.44098022E-04*
*   max. wt. =   0.254857E-03                                   *
*                                                               *
**************   chi**2/iteration = 0.7506       ****************


************* Integration by Vegas (iteration  16) **************
*                                                               *
*  integral  = -.11782765       accum. integral = -.11787199    *
*  std. dev. = 0.15398051E-03   accum. std. dev = 0.42393763E-04*
*   max. wt. =   0.254857E-03                                   *
*                                                               *
**************   chi**2/iteration = 0.7066       ****************


************* Integration by Vegas (iteration  17) **************
*                                                               *
*  integral  = -.11771863       accum. integral = -.11786102    *
*  std. dev. = 0.15276618E-03   accum. std. dev = 0.40849995E-04*
*   max. wt. =   0.254857E-03                                   *
*                                                               *
**************   chi**2/iteration = 0.7209       ****************


************* Integration by Vegas (iteration  18) **************
*                                                               *
*  integral  = -.11805868       accum. integral = -.11787385    *
*  std. dev. = 0.15505395E-03   accum. std. dev = 0.39502084E-04*
*   max. wt. =   0.254857E-03                                   *
*                                                               *
**************   chi**2/iteration = 0.7679       ****************


************* Integration by Vegas (iteration  19) **************
*                                                               *
*  integral  = -.11764259       accum. integral = -.11785943    *
*  std. dev. = 0.15319426E-03   accum. std. dev = 0.38250900E-04*
*   max. wt. =   0.254857E-03                                   *
*                                                               *
**************   chi**2/iteration = 0.8439       ****************


************* Integration by Vegas (iteration  20) **************
*                                                               *
*  integral  = -.11804909       accum. integral = -.11787006    *
*  std. dev. = 0.15698048E-03   accum. std. dev = 0.37163544E-04*
*   max. wt. =   0.254857E-03                                   *
*                                                               *
**************   chi**2/iteration = 0.8720       ****************


 input parameters for vegas:  ndim= 10  ncall= 944784.
                              it=   21  itmx=   50
                              nprn=  0  alph= 1.50
                              mds=  1   nd= 100
                              xl( 1)=   0.000     xu( 1)=   1.000    
                              xl( 2)=   0.000     xu( 2)=   1.000    
                              xl( 3)=   0.000     xu( 3)=   1.000    
                              xl( 4)=   0.000     xu( 4)=   1.000    
                              xl( 5)=   0.000     xu( 5)=   1.000    
                              xl( 6)=   0.000     xu( 6)=   1.000    
                              xl( 7)=   0.000     xu( 7)=   1.000    
                              xl( 8)=   0.000     xu( 8)=   1.000    
                              xl( 9)=   0.000     xu( 9)=   1.000    
                              xl(10)=   0.000     xu(10)=   1.000    

************* Integration by Vegas (iteration   1) **************
*                                                               *
*  integral  = -.11819134       accum. integral = -.11819134    *
*  std. dev. = 0.15785750E-03   accum. std. dev = 0.15785750E-03*
*   max. wt. =   0.154028E-04                                   *
*                                                               *
**************   chi**2/iteration =  0.000       ****************

 Writing out intermediate results for iteration           1

************* Integration by Vegas (iteration   2) **************
*                                                               *
*  integral  = -.11820889       accum. integral = -.11820012    *
*  std. dev. = 0.15785283E-03   accum. std. dev = 0.11162046E-03*
*   max. wt. =   0.154028E-04                                   *
*                                                               *
**************   chi**2/iteration = 0.6121E-02   ****************

 Writing out intermediate results for iteration           2

************* Integration by Vegas (iteration   3) **************
*                                                               *
*  integral  = -.11794905       accum. integral = -.11811659    *
*  std. dev. = 0.15808624E-03   accum. std. dev = 0.91182128E-04*
*   max. wt. =   0.173431E-04                                   *
*                                                               *
**************   chi**2/iteration = 0.8404       ****************

 Writing out intermediate results for iteration           3

************* Integration by Vegas (iteration   4) **************
*                                                               *
*  integral  = -.11765878       accum. integral = -.11800269    *
*  std. dev. = 0.15843983E-03   accum. std. dev = 0.79029280E-04*
*   max. wt. =   0.173431E-04                                   *
*                                                               *
**************   chi**2/iteration =  2.645       ****************

 Writing out intermediate results for iteration           4

************* Integration by Vegas (iteration   5) **************
*                                                               *
*  integral  = -.11793145       accum. integral = -.11798973    *
*  std. dev. = 0.16759026E-03   accum. std. dev = 0.71480318E-04*
*   max. wt. =   0.455385E-04                                   *
*                                                               *
**************   chi**2/iteration =  2.022       ****************

 Writing out intermediate results for iteration           5

************* Integration by Vegas (iteration   6) **************
*                                                               *
*  integral  = -.11788738       accum. integral = -.11797314    *
*  std. dev. = 0.16249078E-03   accum. std. dev = 0.65429328E-04*
*   max. wt. =   0.455385E-04                                   *
*                                                               *
**************   chi**2/iteration =  1.685       ****************

 Writing out intermediate results for iteration           6

************* Integration by Vegas (iteration   7) **************
*                                                               *
*  integral  = -.11777767       accum. integral = -.11794582    *
*  std. dev. = 0.16232500E-03   accum. std. dev = 0.60685023E-04*
*   max. wt. =   0.455385E-04                                   *
*                                                               *
**************   chi**2/iteration =  1.612       ****************

 Writing out intermediate results for iteration           7

************* Integration by Vegas (iteration   8) **************
*                                                               *
*  integral  = -.11789752       accum. integral = -.11793978    *
*  std. dev. = 0.16056749E-03   accum. std. dev = 0.56766083E-04*
*   max. wt. =   0.455385E-04                                   *
*                                                               *
**************   chi**2/iteration =  1.393       ****************

 Writing out intermediate results for iteration           8

************* Integration by Vegas (iteration   9) **************
*                                                               *
*  integral  = -.11806422       accum. integral = -.11795297    *
*  std. dev. = 0.16483559E-03   accum. std. dev = 0.53672520E-04*
*   max. wt. =   0.455385E-04                                   *
*                                                               *
**************   chi**2/iteration =  1.283       ****************

 Writing out intermediate results for iteration           9

************* Integration by Vegas (iteration  10) **************
*                                                               *
*  integral  = -.11769831       accum. integral = -.11792789    *
*  std. dev. = 0.16237444E-03   accum. std. dev = 0.50960649E-04*
*   max. wt. =   0.455385E-04                                   *
*                                                               *
**************   chi**2/iteration =  1.387       ****************

 Writing out intermediate results for iteration          10

************* Integration by Vegas (iteration  11) **************
*                                                               *
*  integral  = -.11778829       accum. integral = -.11791518    *
*  std. dev. = 0.16101010E-03   accum. std. dev = 0.48585186E-04*
*   max. wt. =   0.455385E-04                                   *
*                                                               *
**************   chi**2/iteration =  1.317       ****************

 Writing out intermediate results for iteration          11

************* Integration by Vegas (iteration  12) **************
*                                                               *
*  integral  = -.11774571       accum. integral = -.11790120    *
*  std. dev. = 0.16201896E-03   accum. std. dev = 0.46537788E-04*
*   max. wt. =   0.455385E-04                                   *
*                                                               *
**************   chi**2/iteration =  1.288       ****************

 Writing out intermediate results for iteration          12

************* Integration by Vegas (iteration  13) **************
*                                                               *
*  integral  = -.11783582       accum. integral = -.11789622    *
*  std. dev. = 0.16211006E-03   accum. std. dev = 0.44731081E-04*
*   max. wt. =   0.455385E-04                                   *
*                                                               *
**************   chi**2/iteration =  1.193       ****************

 Writing out intermediate results for iteration          13

************* Integration by Vegas (iteration  14) **************
*                                                               *
*  integral  = -.11785502       accum. integral = -.11789333    *
*  std. dev. = 0.16286464E-03   accum. std. dev = 0.43133787E-04*
*   max. wt. =   0.455385E-04                                   *
*                                                               *
**************   chi**2/iteration =  1.106       ****************

 Writing out intermediate results for iteration          14

************* Integration by Vegas (iteration  15) **************
*                                                               *
*  integral  = -.11785274       accum. integral = -.11789115    *
*  std. dev. = 0.18094939E-03   accum. std. dev = 0.41958171E-04*
*   max. wt. =   0.785236E-04                                   *
*                                                               *
**************   chi**2/iteration =  1.031       ****************

 Writing out intermediate results for iteration          15

************* Integration by Vegas (iteration  16) **************
*                                                               *
*  integral  = -.11806417       accum. integral = -.11790037    *
*  std. dev. = 0.17684088E-03   accum. std. dev = 0.40824793E-04*
*   max. wt. =   0.785236E-04                                   *
*                                                               *
**************   chi**2/iteration =  1.022       ****************

 Writing out intermediate results for iteration          16

************* Integration by Vegas (iteration  17) **************
*                                                               *
*  integral  = -.11777477       accum. integral = -.11789345    *
*  std. dev. = 0.16915317E-03   accum. std. dev = 0.39685337E-04*
*   max. wt. =   0.785236E-04                                   *
*                                                               *
**************   chi**2/iteration = 0.9910       ****************

 Writing out intermediate results for iteration          17

************* Integration by Vegas (iteration  18) **************
*                                                               *
*  integral  = -.11787399       accum. integral = -.11789236    *
*  std. dev. = 0.16276701E-03   accum. std. dev = 0.38555872E-04*
*   max. wt. =   0.785236E-04                                   *
*                                                               *
**************   chi**2/iteration = 0.9336       ****************

 Writing out intermediate results for iteration          18

************* Integration by Vegas (iteration  19) **************
*                                                               *
*  integral  = -.11775095       accum. integral = -.11788510    *
*  std. dev. = 0.16570259E-03   accum. std. dev = 0.37552709E-04*
*   max. wt. =   0.785236E-04                                   *
*                                                               *
**************   chi**2/iteration = 0.9201       ****************

 Writing out intermediate results for iteration          19

************* Integration by Vegas (iteration  20) **************
*                                                               *
*  integral  = -.11756956       accum. integral = -.11786877    *
*  std. dev. = 0.16073470E-03   accum. std. dev = 0.36567960E-04*
*   max. wt. =   0.785236E-04                                   *
*                                                               *
**************   chi**2/iteration =  1.064       ****************

 Writing out intermediate results for iteration          20

************* Integration by Vegas (iteration  21) **************
*                                                               *
*  integral  = -.11741276       accum. integral = -.11784774    *
*  std. dev. = 0.16630595E-03   accum. std. dev = 0.35714768E-04*
*   max. wt. =   0.785236E-04                                   *
*                                                               *
**************   chi**2/iteration =  1.369       ****************

 Writing out intermediate results for iteration          21

************* Integration by Vegas (iteration  22) **************
*                                                               *
*  integral  = -.11806492       accum. integral = -.11785671    *
*  std. dev. = 0.17203964E-03   accum. std. dev = 0.34969197E-04*
*   max. wt. =   0.785236E-04                                   *
*                                                               *
**************   chi**2/iteration =  1.377       ****************

 Writing out intermediate results for iteration          22

************* Integration by Vegas (iteration  23) **************
*                                                               *
*  integral  = -.11796374       accum. integral = -.11786113    *
*  std. dev. = 0.16854123E-03   accum. std. dev = 0.34239971E-04*
*   max. wt. =   0.785236E-04                                   *
*                                                               *
**************   chi**2/iteration =  1.332       ****************

 Writing out intermediate results for iteration          23

************* Integration by Vegas (iteration  24) **************
*                                                               *
*  integral  = -.11817151       accum. integral = -.11787367    *
*  std. dev. = 0.16687821E-03   accum. std. dev = 0.33541230E-04*
*   max. wt. =   0.785236E-04                                   *
*                                                               *
**************   chi**2/iteration =  1.418       ****************

 Writing out intermediate results for iteration          24

************* Integration by Vegas (iteration  25) **************
*                                                               *
*  integral  = -.11767972       accum. integral = -.11786612    *
*  std. dev. = 0.16665741E-03   accum. std. dev = 0.32881899E-04*
*   max. wt. =   0.785236E-04                                   *
*                                                               *
**************   chi**2/iteration =  1.413       ****************

 Writing out intermediate results for iteration          25

************* Integration by Vegas (iteration  26) **************
*                                                               *
*  integral  = -.11777279       accum. integral = -.11786258    *
*  std. dev. = 0.16556670E-03   accum. std. dev = 0.32251996E-04*
*   max. wt. =   0.785236E-04                                   *
*                                                               *
**************   chi**2/iteration =  1.369       ****************

 Writing out intermediate results for iteration          26

************* Integration by Vegas (iteration  27) **************
*                                                               *
*  integral  = -.11781613       accum. integral = -.11786088    *
*  std. dev. = 0.16555716E-03   accum. std. dev = 0.31656892E-04*
*   max. wt. =   0.785236E-04                                   *
*                                                               *
**************   chi**2/iteration =  1.319       ****************

 Writing out intermediate results for iteration          27

************* Integration by Vegas (iteration  28) **************
*                                                               *
*  integral  = -.11817801       accum. integral = -.11787172    *
*  std. dev. = 0.16828157E-03   accum. std. dev = 0.31111188E-04*
*   max. wt. =   0.785236E-04                                   *
*                                                               *
**************   chi**2/iteration =  1.397       ****************

 Writing out intermediate results for iteration          28

************* Integration by Vegas (iteration  29) **************
*                                                               *
*  integral  = -.11788734       accum. integral = -.11787223    *
*  std. dev. = 0.16798332E-03   accum. std. dev = 0.30590968E-04*
*   max. wt. =   0.785236E-04                                   *
*                                                               *
**************   chi**2/iteration =  1.348       ****************

 Writing out intermediate results for iteration          29

************* Integration by Vegas (iteration  30) **************
*                                                               *
*  integral  = -.11748594       accum. integral = -.11785996    *
*  std. dev. = 0.16886375E-03   accum. std. dev = 0.30101026E-04*
*   max. wt. =   0.785236E-04                                   *
*                                                               *
**************   chi**2/iteration =  1.476       ****************

 Writing out intermediate results for iteration          30

************* Integration by Vegas (iteration  31) **************
*                                                               *
*  integral  = -.11795519       accum. integral = -.11786299    *
*  std. dev. = 0.16610417E-03   accum. std. dev = 0.29618618E-04*
*   max. wt. =   0.785236E-04                                   *
*                                                               *
**************   chi**2/iteration =  1.437       ****************

 Writing out intermediate results for iteration          31

************* Integration by Vegas (iteration  32) **************
*                                                               *
*  integral  = -.11765758       accum. integral = -.11785715    *
*  std. dev. = 0.17311686E-03   accum. std. dev = 0.29194412E-04*
*   max. wt. =   0.785236E-04                                   *
*                                                               *
**************   chi**2/iteration =  1.435       ****************

 Writing out intermediate results for iteration          32

************* Integration by Vegas (iteration  33) **************
*                                                               *
*  integral  = -.11774686       accum. integral = -.11785400    *
*  std. dev. = 0.17047407E-03   accum. std. dev = 0.28775497E-04*
*   max. wt. =   0.785236E-04                                   *
*                                                               *
**************   chi**2/iteration =  1.403       ****************

 Writing out intermediate results for iteration          33

************* Integration by Vegas (iteration  34) **************
*                                                               *
*  integral  = -.11790742       accum. integral = -.11785544    *
*  std. dev. = 0.17329617E-03   accum. std. dev = 0.28386818E-04*
*   max. wt. =   0.785236E-04                                   *
*                                                               *
**************   chi**2/iteration =  1.363       ****************

 Writing out intermediate results for iteration          34

************* Integration by Vegas (iteration  35) **************
*                                                               *
*  integral  = -.11754800       accum. integral = -.11784714    *
*  std. dev. = 0.17048571E-03   accum. std. dev = 0.28001316E-04*
*   max. wt. =   0.785236E-04                                   *
*                                                               *
**************   chi**2/iteration =  1.416       ****************

 Writing out intermediate results for iteration          35

************* Integration by Vegas (iteration  36) **************
*                                                               *
*  integral  = -.11782873       accum. integral = -.11784665    *
*  std. dev. = 0.16919753E-03   accum. std. dev = 0.27625560E-04*
*   max. wt. =   0.785236E-04                                   *
*                                                               *
**************   chi**2/iteration =  1.376       ****************

 Writing out intermediate results for iteration          36

************* Integration by Vegas (iteration  37) **************
*                                                               *
*  integral  = -.11829435       accum. integral = -.11785672    *
*  std. dev. = 0.18213590E-03   accum. std. dev = 0.27313170E-04*
*   max. wt. =   0.785236E-04                                   *
*                                                               *
**************   chi**2/iteration =  1.502       ****************

 Writing out intermediate results for iteration          37

************* Integration by Vegas (iteration  38) **************
*                                                               *
*  integral  = -.11782364       accum. integral = -.11785592    *
*  std. dev. = 0.17304433E-03   accum. std. dev = 0.26979169E-04*
*   max. wt. =   0.785236E-04                                   *
*                                                               *
**************   chi**2/iteration =  1.462       ****************

 Writing out intermediate results for iteration          38

************* Integration by Vegas (iteration  39) **************
*                                                               *
*  integral  = -.11800876       accum. integral = -.11785978    *
*  std. dev. = 0.16761466E-03   accum. std. dev = 0.26636329E-04*
*   max. wt. =   0.785236E-04                                   *
*                                                               *
**************   chi**2/iteration =  1.445       ****************

 Writing out intermediate results for iteration          39

************* Integration by Vegas (iteration  40) **************
*                                                               *
*  integral  = -.11776055       accum. integral = -.11785740    *
*  std. dev. = 0.16990083E-03   accum. std. dev = 0.26314900E-04*
*   max. wt. =   0.785236E-04                                   *
*                                                               *
**************   chi**2/iteration =  1.417       ****************

 Writing out intermediate results for iteration          40

************* Integration by Vegas (iteration  41) **************
*                                                               *
*  integral  = -.11772788       accum. integral = -.11785428    *
*  std. dev. = 0.16749041E-03   accum. std. dev = 0.25996007E-04*
*   max. wt. =   0.785236E-04                                   *
*                                                               *
**************   chi**2/iteration =  1.396       ****************

 Writing out intermediate results for iteration          41

************* Integration by Vegas (iteration  42) **************
*                                                               *
*  integral  = -.11802777       accum. integral = -.11785809    *
*  std. dev. = 0.17347270E-03   accum. std. dev = 0.25708937E-04*
*   max. wt. =   0.785236E-04                                   *
*                                                               *
**************   chi**2/iteration =  1.386       ****************

 Writing out intermediate results for iteration          42

************* Integration by Vegas (iteration  43) **************
*                                                               *
*  integral  = -.11792530       accum. integral = -.11785956    *
*  std. dev. = 0.17182920E-03   accum. std. dev = 0.25425922E-04*
*   max. wt. =   0.785236E-04                                   *
*                                                               *
**************   chi**2/iteration =  1.356       ****************

 Writing out intermediate results for iteration          43

************* Integration by Vegas (iteration  44) **************
*                                                               *
*  integral  = -.11759055       accum. integral = -.11785384    *
*  std. dev. = 0.17253336E-03   accum. std. dev = 0.25154247E-04*
*   max. wt. =   0.785236E-04                                   *
*                                                               *
**************   chi**2/iteration =  1.380       ****************

 Writing out intermediate results for iteration          44

************* Integration by Vegas (iteration  45) **************
*                                                               *
*  integral  = -.11813196       accum. integral = -.11785938    *
*  std. dev. = 0.17644090E-03   accum. std. dev = 0.24902452E-04*
*   max. wt. =   0.785236E-04                                   *
*                                                               *
**************   chi**2/iteration =  1.404       ****************

 Writing out intermediate results for iteration          45

************* Integration by Vegas (iteration  46) **************
*                                                               *
*  integral  = -.11793423       accum. integral = -.11786081    *
*  std. dev. = 0.17870360E-03   accum. std. dev = 0.24664132E-04*
*   max. wt. =   0.785236E-04                                   *
*                                                               *
**************   chi**2/iteration =  1.377       ****************

 Writing out intermediate results for iteration          46

************* Integration by Vegas (iteration  47) **************
*                                                               *
*  integral  = -.11816198       accum. integral = -.11786658    *
*  std. dev. = 0.17647098E-03   accum. std. dev = 0.24426714E-04*
*   max. wt. =   0.785236E-04                                   *
*                                                               *
**************   chi**2/iteration =  1.409       ****************

 Writing out intermediate results for iteration          47

************* Integration by Vegas (iteration  48) **************
*                                                               *
*  integral  = -.11807988       accum. integral = -.11787071    *
*  std. dev. = 0.17369357E-03   accum. std. dev = 0.24188694E-04*
*   max. wt. =   0.785236E-04                                   *
*                                                               *
**************   chi**2/iteration =  1.410       ****************

 Writing out intermediate results for iteration          48

************* Integration by Vegas (iteration  49) **************
*                                                               *
*  integral  = -.11775174       accum. integral = -.11786869    *
*  std. dev. = 0.18379044E-03   accum. std. dev = 0.23981887E-04*
*   max. wt. =   0.785236E-04                                   *
*                                                               *
**************   chi**2/iteration =  1.390       ****************

 Writing out intermediate results for iteration          49

************* Integration by Vegas (iteration  50) **************
*                                                               *
*  integral  = -.11784423       accum. integral = -.11786826    *
*  std. dev. = 0.18074928E-03   accum. std. dev = 0.23773545E-04*
*   max. wt. =   0.785236E-04                                   *
*                                                               *
**************   chi**2/iteration =  1.362       ****************


Value of final lord integral is       -0.1179 +/-     0.0000 fb

 Total number of shots       :     47239200
 Total no. failing cuts      :     14215498
 Number failing jet cuts     :            0
 Number failing process cuts :            0

   Jet efficiency : 100.00%
   Cut efficiency : 100.00%
 Total efficiency : 100.00%

 Contribution from parton sub-processes:
 ---------------------------------------
       GG     |          -0.11787  100.00%
       GQ     |           0.00000   -0.00%
       GQB    |           0.00000   -0.00%
       QG     |           0.00000   -0.00%
       QBG    |           0.00000   -0.00%
       QQ     |           0.00000   -0.00%
       QBQB   |           0.00000   -0.00%
       QQB    |           0.00000   -0.00%
       QBQ    |           0.00000   -0.00%
 ---------------------------------------

 ****************************************************
 output files  cluster_CMS_m4l/MSTWm4/HHTOP/HZZint_lord_mstw8lo_1___1___126_129_run_14
 ****************************************************
