 ************** MCFM - version 6.8 ****************
 *                                                *
 * MCFM, v6.8                   April 26th, 2014  *
 *                                                *
 * Authors: John Campbell, Keith Ellis,           *
 *          Ciaran Williams                       *
 *         (johnmc@fnal.gov, ellis@fnal.gov,      *
 *          ciaran@fnal.gov)                      *
 *                                                *
 * For details see:                               *
 *                                                *
 *  arXiv:1403.2641 (Triphoton production)        *
 *  arXiv:1312.1628 (gg->WW, Higgs interference)  *
 *  arXiv:1311.3589 (gg->ZZ, Higgs interference)  *
 *  Phys.Rev.D87:114006, arXiv:1302.3856          *
 *  (tZ, tH -- with R. Rontsch)                   *
 *  arXiv:1211.6390 (DM, P. Fox and C. Williams)  *
 *  JHEP 1211:162 (2012), arXiv:1208.0566         *
 *  (Z+gam+jet,Z+gam+gam -- with H. Hartanto)     *
 *  arXiv:1204.1513 (top production+decay)        *
 *  JHEP 1207:052 (2012), arXiv:1204.5678 (ttW)   *
 *  JHEP 1110:005 (2011), arXiv:1107.5569         *
 *         (gg->WW,Higgs intference)              *
 *  JHEP 1107:018 (2011), arXiv:1105.0020         *
 *         (diboson update)                       *
 *  JHEP 1103:027 (2011), arXiv:1011.6647         *
 *         (Wbb for mb>0, with S. Badger)         *
 *  Phys.Rev.D81:074023, arXiv:1001.4495 (H+2jet) *
 *                                                *
 *  P.R.L. 102:142001, arXiv:0903.0005 [hep-ph]   *
 *    (t-channel single top + explicit b,         *
 *      JC, R.Frederix, F.Maltoni, F.Tramontano)  *
 *  N.P.B 726:109(2005), hep-ph/0506289 (W+t)     *
 *  Phys.Rev.D70:094012, hep-ph/0408158 (Sngl Top)*
 *       (with Francesco Tramontano)              *
 *                                                *
 *  Phys.Rev.D65:113007, hep-ph/0202176 (W,Z+2j)  *
 *  Phys.Rev.D62:114012, hep-ph/0006304 (W,Z+bb)  *
 *  Phys.Rev.D60:113006, hep-ph/9905386 (diboson) *
 *                                                *
 * On the web:  http://mcfm.fnal.gov/             *
 **************************************************

 * Using input file named cluster_CMS_mT/CTEQ/TOP/input_131_14.DAT                                

 * [Flags to specify the mode in which MCFM is run]                                          
 *                   -1            [nevtrequested] 
 *                    F            [creatent] 
 *                    F            [skipnt] 
 *                    F            [dswhisto] 
 *                    F            [creategrid] 
 *                    T            [writetop] 
 *                    T            [writedat] 
 *                    T            [writegnu] 
 *                    T            [writeroot] 
 *                    F            [writepwg] 

 * [General options to specify the process and execution]                                    
 *                  131            [nproc] 
 *                 lord            [part] 
 * 131_run_14                      [runstring] 
 *           14000.0000            [sqrts] 
 *                    1            [ih1] 
 *                    1            [ih2] 
 *             126.0000            [hmass] 
 *               0.5000            [scale] 
 *               0.5000            [facscale] 
 * m(3456)                         [dynamicscale] 
 *                    F            [zerowidth] 
 *                    F            [removebr] 
 *                   20            [itmx1] 
 *               500000            [ncall1] 
 *                   50            [itmx2] 
 *               500000            [ncall2] 
 *                 2020            [ij] 
 *                    F            [dryrun] 
 *                    T            [Qflag] 
 *                    T            [Gflag] 

 * [Heavy quark masses]                                                                      
 *             173.2000            [top mass] 
 *               4.7500            [bottom mass] 
 *               1.5000            [charm mass] 

 * [Pdf selection]                                                                           
 *              cteq6_l            [pdlabel] 
 *                    4            [NGROUP] 
 *                   46            [NSET] 
 * cteq6mE.LHgrid                  [LHAPDF group] 
 *                   -1            [LHAPDF set] 

 * [Jet definition and event cuts]                                                           
 *               0.0000            [m34min] 
 *           14000.0000            [m34max] 
 *               0.0000            [m56min] 
 *           14000.0000            [m56max] 
 *                    T            [inclusive] 
 *                 ankt            [algorithm] 
 *              15.0000            [ptjetmin] 
 *               0.0000            [etajetmin] 
 *               5.0000            [etajetmax] 
 *               0.5000            [Rcut] 
 *                    T            [makecuts] 
 *               0.0000            [leptpt] 
 *              99.0000            [leptrap] 
 *    0.000,   0.000                [leptveto] 
 *               0.0000            [misspt] 
 *               0.0000            [leptpt2] 
 *              99.0000            [leptrap2] 
 *    0.000,   0.000                [leptveto2] 
 *               0.0000            [mtrans34cut] 
 *               0.0000            [Rjlmin] 
 *               0.0000            [Rllmin] 
 *               0.0000            [delyjjmin] 
 *                    F            [jetsopphem] 
 *                    0            [lbjscheme] 
 *               0.0000            [ptbjetmin] 
 *              99.0000            [etabjetmax] 

 * [Settings for photon processes]                                                           
 *                    F            [frag] 
 *             GdRG__LO            [fragset] 
 *              80.0000            [frag_scale] 
 *              20.0000            [gammpt] 
 *               2.5000            [gammrap] 
 *              20.0000            [gammpt2] 
 *              20.0000            [gammpt3] 
 *               0.0000            [Rgalmin] 
 *               0.4000            [Rgagamin] 
 *               0.4000            [Rgajetmin] 
 *               0.4000            [cone_ang] 
 *               0.5000            [epsilon_h] 

 * [Anomalous couplings of the W and Z]                                                      
 *               0.0000            [delg1_z] 
 *               0.0000            [delk_z] 
 *               0.0000            [delk_g] 
 *               0.0000            [lambda_z] 
 *               0.0000            [lambda_g] 
 *               0.0000            [h1Z] 
 *               0.0000            [h1gam] 
 *               0.0000            [h2Z] 
 *               0.0000            [h2gam] 
 *               0.0000            [h3Z] 
 *               0.0000            [h3gam] 
 *               0.0000            [h4Z] 
 *               0.0000            [h4gam] 
 *               2.0000            [tevscale] 

 * [Anomalous width of the Higgs]                                                            
 *               1.0000            [Gamma_H/Gamma_H(SM)] 

 * [How to resume/save a run]                                                                
 *                    F            [readin] 
 *                    F            [writeout] 
 *                                 [ingridfile] 
 *                                 [outgridfile] 

 * [Technical parameters that should not normally be changed]

 *                    F            [debug] 
 *                    T            [verbose] 
 *                    F            [new_pspace] 
 *                    F            [virtonly] 
 *                    F            [realonly] 
 *                    T            [spira] 
 *                    F            [noglue] 
 *                    F            [ggonly] 
 *                    F            [gqonly] 
 *                    F            [omitgg] 
 *                    F            [vanillafiles] 
 *                    1            [nmin] 
 *                    2            [nmax] 
 *                    T            [clustering] 
 *                    F            [realwt] 
 *                    0            [colourchoice] 
 *               0.0100            [rtsmin] 
 *               0.0001            [cutoff] 
 *               0.1000            [aii] 
 *               0.1000            [aif] 
 *               0.1000            [afi] 
 *               1.0000            [aff] 
 *               1.0000            [bfi] 
 *               1.0000            [bff] 

 Chooser:process chosen by nproc=         131

 *************************** f(p1)+f(p2) --> ******************************************
 * Z^0(e^-(p3)+e^+(p4)) + Z^0(mu^-(p5)+mu^+(p6) [gg only, (H + gg->ZZ) squared]       *
 **************************************************************************************

 ************** Electroweak parameters **************
 *                                                  *
 *  zmass(+)   91.1876000     wmass(+)  80.3980000  *
 * zwidth(+)    2.4952000    wwidth(+)   2.1054000  *
 *     Gf(+) 0.116639D-04   1/aemmz    132.3384323  *
 *     xw       0.2226459      mtop(+) 173.2000000  *
 *   gwsq       0.4264904       esq      0.0949563  *
 * top width    1.4743080 (LO)                      *
 *    mb        4.7500000        mc      1.5000000  *
 *                                                  *
 * Parameters marked (+) are input, others derived  *
 ****************************************************

 ****************** Higgs parameters ****************
 *                                                  *
 *   mass(H) =  126.00      width(H) =  0.43070E-02 *
 *                                                  *
 *              Br( H -> b bbar)  =   0.56954       *
 *              Br( H -> tau tau) =   0.06056       *
 *              Br( H -> W W)     =   0.00000       *
 *              Br( H -> Z Z)     =   0.00000       *
 *              Br( H -> gam gam) =   0.00235       *
 *              Br( H -> Z gam)   =   0.00164       *
 ****************************************************
 *                                                  *
 * Note: branching ratios reported here can be > 1  *
 *       since the total Higgs width is calculated  *
 *       at NLO but the BR calculation uses a       *
 *       partial width at LO only.                  *
 *                                                  *
 ****************************************************

 WARNING: Higgs decay H->ZZ is below threshold and
 may not yield sensible results - check the number
 of integration points

 ***************** CKM mixing matrix ****************
 *                                                  *
 *      Vud=.97500    Vus=.22200    Vub=0.0000      *
 *      Vcd=.22200    Vcs=.97500    Vcb=0.0000      *
 ****************************************************

 ************* Strong coupling, alpha_s  ************
 *                                                  *
 *  Dynamic scale - alpha_s changed event-by-event  *
 *       alpha_s (zmass)  0.11800000                *
 *         (using 1-loop running of alpha_s)        *
 ****************************************************

 ****************************************
 *     Cross section in femtobarns      *
 ****************************************


 input parameters for vegas:  ndim= 10  ncall= 472392.
                              it=    0  itmx=   20
                              nprn=  0  alph= 1.50
                              mds=  1   nd= 100
                              xl( 1)=   0.000     xu( 1)=   1.000    
                              xl( 2)=   0.000     xu( 2)=   1.000    
                              xl( 3)=   0.000     xu( 3)=   1.000    
                              xl( 4)=   0.000     xu( 4)=   1.000    
                              xl( 5)=   0.000     xu( 5)=   1.000    
                              xl( 6)=   0.000     xu( 6)=   1.000    
                              xl( 7)=   0.000     xu( 7)=   1.000    
                              xl( 8)=   0.000     xu( 8)=   1.000    
                              xl( 9)=   0.000     xu( 9)=   1.000    
                              xl(10)=   0.000     xu(10)=   1.000    

 ****************** Basic mass cuts *****************
 *                                                  *
 *              0.00  <   m34  <  14000.00           *
 *              0.00  <   m56  <  14000.00           *
 ****************************************************
 *********** CMS Higgs Search cuts******
 *                                     *
 *     pt(mu) >           5.00 GeV     *
 *     pt(el) >           7.00 GeV     *
 *     |eta_mu| <         2.40         *
 *     |eta_el| <         2.50         *
 *     m4lmin >         100.00 GeV     *
 *     m2lmin >           4.00 GeV     *
 *     ptleading >       20.00 GeV     *
 *     ptnexttoleading > 10.00 GeV     *
 *     mllnear >         40.00 GeV     *
 *     mllfar >          12.00 GeV     *
 *     mllmax >         120.00 GeV     *
 ***************************************

 ************** Dynamic scale choice ****************
 *                                                  *
 *                 RENORMALIZATION                  *
 *       mu_ren  =  0.50 x m(3456)                  *
 *                                                  *
 *                  FACTORIZATION                   *
 *       mu_fac  =  0.50 x m(3456)                  *
 *                                                  *
 ****************************************************
 ====================================================
   This is QCDLoop - version 1.95                    
   Authors: Keith Ellis and Giulia Zanderighi        
   (ellis@fnal.gov, g.zanderighi1@physics.ox.ac.uk)  
   For details see FERMILAB-PUB-07-633-T,OUTP-07/16P 
   arXiv:0712.1851 [hep-ph], published in            
   JHEP 0802:002,2008.                               
 ====================================================
 ====================================================
   FF 2.0, a package to evaluate one-loop integrals
 written by G. J. van Oldenborgh, NIKHEF-H, Amsterdam
 ====================================================
 for the algorithms used see preprint NIKHEF-H 89/17,
 'New Algorithms for One-loop Integrals', by G.J. van
 Oldenborgh and J.A.M. Vermaseren, published in 
 Zeitschrift fuer Physik C46(1990)425.
 ====================================================
 ffini: precx =    4.4408920985006262E-016
 ffini: precc =    4.4408920985006262E-016
 ffini: xalogm =    4.9406564584124654E-324
 ffini: xclogm =    4.9406564584124654E-324
 ****************************************************
 *                                                  *
 *  gg->ZZ box loop includes gens. 1 and 2          *
 *  gg->ZZ box loop includes bottom quark           *
 *  gg->ZZ box loop includes top quark              *
 *                                                  *
 *  Numer. stability: pt(Z) > 0.100 GeV (gens. 1,2) *
 *  Numer. stability: pt(Z) > 0.100 GeV (b,t loops) *
 *                                                  *
 ****************************************************

************* Integration by Vegas (iteration   1) **************
*                                                               *
*  integral  =  2.1750165       accum. integral =  2.1750165    *
*  std. dev. = 0.71406828E-01   accum. std. dev = 0.71406828E-01*
*   max. wt. =   0.383587E-01                                   *
*                                                               *
**************   chi**2/iteration =  0.000       ****************


************* Integration by Vegas (iteration   2) **************
*                                                               *
*  integral  =  2.5234120       accum. integral =  2.2881133    *
*  std. dev. = 0.10299695       accum. std. dev = 0.58683126E-01*
*   max. wt. =   0.745782E-01                                   *
*                                                               *
**************   chi**2/iteration =  7.651       ****************


************* Integration by Vegas (iteration   3) **************
*                                                               *
*  integral  =  2.5232441       accum. integral =  2.4689460    *
*  std. dev. = 0.32156378E-01   accum. std. dev = 0.28200112E-01*
*   max. wt. =   0.745782E-01                                   *
*                                                               *
**************   chi**2/iteration =  9.987       ****************


************* Integration by Vegas (iteration   4) **************
*                                                               *
*  integral  =  2.5168630       accum. integral =  2.5121757    *
*  std. dev. = 0.92858702E-02   accum. std. dev = 0.88200036E-02*
*   max. wt. =   0.745782E-01                                   *
*                                                               *
**************   chi**2/iteration =  7.535       ****************


************* Integration by Vegas (iteration   5) **************
*                                                               *
*  integral  =  2.5197338       accum. integral =  2.5176445    *
*  std. dev. = 0.54515851E-02   accum. std. dev = 0.46372723E-02*
*   max. wt. =   0.745782E-01                                   *
*                                                               *
**************   chi**2/iteration =  5.788       ****************


************* Integration by Vegas (iteration   6) **************
*                                                               *
*  integral  =  2.5152402       accum. integral =  2.5165261    *
*  std. dev. = 0.49725275E-02   accum. std. dev = 0.33913790E-02*
*   max. wt. =   0.745782E-01                                   *
*                                                               *
**************   chi**2/iteration =  4.658       ****************


************* Integration by Vegas (iteration   7) **************
*                                                               *
*  integral  =  2.5251590       accum. integral =  2.5191140    *
*  std. dev. = 0.51832094E-02   accum. std. dev = 0.28378898E-02*
*   max. wt. =   0.745782E-01                                   *
*                                                               *
**************   chi**2/iteration =  4.206       ****************


************* Integration by Vegas (iteration   8) **************
*                                                               *
*  integral  =  2.5189512       accum. integral =  2.5190776    *
*  std. dev. = 0.52837540E-02   accum. std. dev = 0.25001023E-02*
*   max. wt. =   0.745782E-01                                   *
*                                                               *
**************   chi**2/iteration =  3.606       ****************


************* Integration by Vegas (iteration   9) **************
*                                                               *
*  integral  =  2.5230914       accum. integral =  2.5199380    *
*  std. dev. = 0.47862472E-02   accum. std. dev = 0.22159963E-02*
*   max. wt. =   0.745782E-01                                   *
*                                                               *
**************   chi**2/iteration =  3.225       ****************


************* Integration by Vegas (iteration  10) **************
*                                                               *
*  integral  =  2.5150030       accum. integral =  2.5190038    *
*  std. dev. = 0.45860740E-02   accum. std. dev = 0.19952732E-02*
*   max. wt. =   0.745782E-01                                   *
*                                                               *
**************   chi**2/iteration =  2.971       ****************


************* Integration by Vegas (iteration  11) **************
*                                                               *
*  integral  =  2.5150897       accum. integral =  2.5183636    *
*  std. dev. = 0.45121493E-02   accum. std. dev = 0.18248205E-02*
*   max. wt. =   0.745782E-01                                   *
*                                                               *
**************   chi**2/iteration =  2.737       ****************


************* Integration by Vegas (iteration  12) **************
*                                                               *
*  integral  =  2.5138609       accum. integral =  2.5177091    *
*  std. dev. = 0.44247075E-02   accum. std. dev = 0.16869844E-02*
*   max. wt. =   0.745782E-01                                   *
*                                                               *
**************   chi**2/iteration =  2.569       ****************


************* Integration by Vegas (iteration  13) **************
*                                                               *
*  integral  =  2.5189920       accum. integral =  2.5178695    *
*  std. dev. = 0.44627347E-02   accum. std. dev = 0.15780026E-02*
*   max. wt. =   0.745782E-01                                   *
*                                                               *
**************   chi**2/iteration =  2.361       ****************


************* Integration by Vegas (iteration  14) **************
*                                                               *
*  integral  =  2.5188835       accum. integral =  2.5179768    *
*  std. dev. = 0.45879133E-02   accum. std. dev = 0.14922052E-02*
*   max. wt. =   0.745782E-01                                   *
*                                                               *
**************   chi**2/iteration =  2.183       ****************


************* Integration by Vegas (iteration  15) **************
*                                                               *
*  integral  =  2.5203871       accum. integral =  2.5182067    *
*  std. dev. = 0.45956557E-02   accum. std. dev = 0.14192634E-02*
*   max. wt. =   0.745782E-01                                   *
*                                                               *
**************   chi**2/iteration =  2.045       ****************


************* Integration by Vegas (iteration  16) **************
*                                                               *
*  integral  =  2.5137167       accum. integral =  2.5177981    *
*  std. dev. = 0.44856538E-02   accum. std. dev = 0.13531473E-02*
*   max. wt. =   0.745782E-01                                   *
*                                                               *
**************   chi**2/iteration =  1.969       ****************


************* Integration by Vegas (iteration  17) **************
*                                                               *
*  integral  =  2.5146699       accum. integral =  2.5175303    *
*  std. dev. = 0.44228451E-02   accum. std. dev = 0.12939437E-02*
*   max. wt. =   0.745782E-01                                   *
*                                                               *
**************   chi**2/iteration =  1.875       ****************


************* Integration by Vegas (iteration  18) **************
*                                                               *
*  integral  =  2.5080966       accum. integral =  2.5167807    *
*  std. dev. = 0.44038928E-02   accum. std. dev = 0.12414655E-02*
*   max. wt. =   0.745782E-01                                   *
*                                                               *
**************   chi**2/iteration =  2.013       ****************


************* Integration by Vegas (iteration  19) **************
*                                                               *
*  integral  =  2.5139556       accum. integral =  2.5165859    *
*  std. dev. = 0.45627164E-02   accum. std. dev = 0.11979149E-02*
*   max. wt. =   0.745782E-01                                   *
*                                                               *
**************   chi**2/iteration =  1.921       ****************


************* Integration by Vegas (iteration  20) **************
*                                                               *
*  integral  =  2.5121934       accum. integral =  2.5163074    *
*  std. dev. = 0.46042087E-02   accum. std. dev = 0.11593186E-02*
*   max. wt. =   0.745782E-01                                   *
*                                                               *
**************   chi**2/iteration =  1.865       ****************


 input parameters for vegas:  ndim= 10  ncall= 472392.
                              it=   21  itmx=   50
                              nprn=  0  alph= 1.50
                              mds=  1   nd= 100
                              xl( 1)=   0.000     xu( 1)=   1.000    
                              xl( 2)=   0.000     xu( 2)=   1.000    
                              xl( 3)=   0.000     xu( 3)=   1.000    
                              xl( 4)=   0.000     xu( 4)=   1.000    
                              xl( 5)=   0.000     xu( 5)=   1.000    
                              xl( 6)=   0.000     xu( 6)=   1.000    
                              xl( 7)=   0.000     xu( 7)=   1.000    
                              xl( 8)=   0.000     xu( 8)=   1.000    
                              xl( 9)=   0.000     xu( 9)=   1.000    
                              xl(10)=   0.000     xu(10)=   1.000    

************* Integration by Vegas (iteration   1) **************
*                                                               *
*  integral  =  2.5196559       accum. integral =  2.5196559    *
*  std. dev. = 0.53297531E-02   accum. std. dev = 0.53297531E-02*
*   max. wt. =   0.238993E-02                                   *
*                                                               *
**************   chi**2/iteration =  0.000       ****************

 Writing out intermediate results for iteration           1

************* Integration by Vegas (iteration   2) **************
*                                                               *
*  integral  =  2.5170829       accum. integral =  2.5182974    *
*  std. dev. = 0.50393529E-02   accum. std. dev = 0.36617214E-02*
*   max. wt. =   0.238993E-02                                   *
*                                                               *
**************   chi**2/iteration = 0.1218       ****************

 Writing out intermediate results for iteration           2

************* Integration by Vegas (iteration   3) **************
*                                                               *
*  integral  =  2.5183243       accum. integral =  2.5183078    *
*  std. dev. = 0.45891878E-02   accum. std. dev = 0.28622512E-02*
*   max. wt. =   0.238993E-02                                   *
*                                                               *
**************   chi**2/iteration = 0.6123E-01   ****************

 Writing out intermediate results for iteration           3

************* Integration by Vegas (iteration   4) **************
*                                                               *
*  integral  =  2.5101460       accum. integral =  2.5160063    *
*  std. dev. = 0.45673125E-02   accum. std. dev = 0.24253492E-02*
*   max. wt. =   0.238993E-02                                   *
*                                                               *
**************   chi**2/iteration = 0.8027       ****************

 Writing out intermediate results for iteration           4

************* Integration by Vegas (iteration   5) **************
*                                                               *
*  integral  =  2.5216963       accum. integral =  2.5171863    *
*  std. dev. = 0.47416170E-02   accum. std. dev = 0.21592724E-02*
*   max. wt. =   0.238993E-02                                   *
*                                                               *
**************   chi**2/iteration = 0.8871       ****************

 Writing out intermediate results for iteration           5

************* Integration by Vegas (iteration   6) **************
*                                                               *
*  integral  =  2.5252357       accum. integral =  2.5186131    *
*  std. dev. = 0.46519777E-02   accum. std. dev = 0.19585718E-02*
*   max. wt. =   0.238993E-02                                   *
*                                                               *
**************   chi**2/iteration =  1.202       ****************

 Writing out intermediate results for iteration           6

************* Integration by Vegas (iteration   7) **************
*                                                               *
*  integral  =  2.5276190       accum. integral =  2.5199713    *
*  std. dev. = 0.46476366E-02   accum. std. dev = 0.18048567E-02*
*   max. wt. =   0.238993E-02                                   *
*                                                               *
**************   chi**2/iteration =  1.532       ****************

 Writing out intermediate results for iteration           7

************* Integration by Vegas (iteration   8) **************
*                                                               *
*  integral  =  2.5143934       accum. integral =  2.5192439    *
*  std. dev. = 0.46606488E-02   accum. std. dev = 0.16830625E-02*
*   max. wt. =   0.238993E-02                                   *
*                                                               *
**************   chi**2/iteration =  1.491       ****************

 Writing out intermediate results for iteration           8

************* Integration by Vegas (iteration   9) **************
*                                                               *
*  integral  =  2.5104295       accum. integral =  2.5182166    *
*  std. dev. = 0.46338691E-02   accum. std. dev = 0.15819481E-02*
*   max. wt. =   0.238993E-02                                   *
*                                                               *
**************   chi**2/iteration =  1.704       ****************

 Writing out intermediate results for iteration           9

************* Integration by Vegas (iteration  10) **************
*                                                               *
*  integral  =  2.5073909       accum. integral =  2.5171175    *
*  std. dev. = 0.47060123E-02   accum. std. dev = 0.14994937E-02*
*   max. wt. =   0.238993E-02                                   *
*                                                               *
**************   chi**2/iteration =  2.043       ****************

 Writing out intermediate results for iteration          10

************* Integration by Vegas (iteration  11) **************
*                                                               *
*  integral  =  2.5180073       accum. integral =  2.5171989    *
*  std. dev. = 0.47245269E-02   accum. std. dev = 0.14292349E-02*
*   max. wt. =   0.238993E-02                                   *
*                                                               *
**************   chi**2/iteration =  1.842       ****************

 Writing out intermediate results for iteration          11

************* Integration by Vegas (iteration  12) **************
*                                                               *
*  integral  =  2.5094262       accum. integral =  2.5165639    *
*  std. dev. = 0.47917289E-02   accum. std. dev = 0.13696087E-02*
*   max. wt. =   0.238993E-02                                   *
*                                                               *
**************   chi**2/iteration =  1.894       ****************

 Writing out intermediate results for iteration          12

************* Integration by Vegas (iteration  13) **************
*                                                               *
*  integral  =  2.5200374       accum. integral =  2.5168372    *
*  std. dev. = 0.46865610E-02   accum. std. dev = 0.13146210E-02*
*   max. wt. =   0.238993E-02                                   *
*                                                               *
**************   chi**2/iteration =  1.779       ****************

 Writing out intermediate results for iteration          13

************* Integration by Vegas (iteration  14) **************
*                                                               *
*  integral  =  2.5201336       accum. integral =  2.5170788    *
*  std. dev. = 0.46747228E-02   accum. std. dev = 0.12655313E-02*
*   max. wt. =   0.238993E-02                                   *
*                                                               *
**************   chi**2/iteration =  1.677       ****************

 Writing out intermediate results for iteration          14

************* Integration by Vegas (iteration  15) **************
*                                                               *
*  integral  =  2.5192032       accum. integral =  2.5172215    *
*  std. dev. = 0.47168723E-02   accum. std. dev = 0.12223025E-02*
*   max. wt. =   0.238993E-02                                   *
*                                                               *
**************   chi**2/iteration =  1.571       ****************

 Writing out intermediate results for iteration          15

************* Integration by Vegas (iteration  16) **************
*                                                               *
*  integral  =  2.5181280       accum. integral =  2.5172661    *
*  std. dev. = 0.53698933E-02   accum. std. dev = 0.11918175E-02*
*   max. wt. =   0.250086E-02                                   *
*                                                               *
**************   chi**2/iteration =  1.468       ****************

 Writing out intermediate results for iteration          16

************* Integration by Vegas (iteration  17) **************
*                                                               *
*  integral  =  2.5155173       accum. integral =  2.5171776    *
*  std. dev. = 0.51627039E-02   accum. std. dev = 0.11612755E-02*
*   max. wt. =   0.250086E-02                                   *
*                                                               *
**************   chi**2/iteration =  1.383       ****************

 Writing out intermediate results for iteration          17

************* Integration by Vegas (iteration  18) **************
*                                                               *
*  integral  =  2.5219314       accum. integral =  2.5174396    *
*  std. dev. = 0.48082759E-02   accum. std. dev = 0.11288201E-02*
*   max. wt. =   0.250086E-02                                   *
*                                                               *
**************   chi**2/iteration =  1.356       ****************

 Writing out intermediate results for iteration          18

************* Integration by Vegas (iteration  19) **************
*                                                               *
*  integral  =  2.5163069       accum. integral =  2.5173782    *
*  std. dev. = 0.47138736E-02   accum. std. dev = 0.10977828E-02*
*   max. wt. =   0.250086E-02                                   *
*                                                               *
**************   chi**2/iteration =  1.284       ****************

 Writing out intermediate results for iteration          19

************* Integration by Vegas (iteration  20) **************
*                                                               *
*  integral  =  2.5200247       accum. integral =  2.5175104    *
*  std. dev. = 0.47871785E-02   accum. std. dev = 0.10700093E-02*
*   max. wt. =   0.250086E-02                                   *
*                                                               *
**************   chi**2/iteration =  1.232       ****************

 Writing out intermediate results for iteration          20

************* Integration by Vegas (iteration  21) **************
*                                                               *
*  integral  =  2.5137322       accum. integral =  2.5173273    *
*  std. dev. = 0.47408991E-02   accum. std. dev = 0.10437553E-02*
*   max. wt. =   0.250086E-02                                   *
*                                                               *
**************   chi**2/iteration =  1.200       ****************

 Writing out intermediate results for iteration          21

************* Integration by Vegas (iteration  22) **************
*                                                               *
*  integral  =  2.5210627       accum. integral =  2.5174948    *
*  std. dev. = 0.48177136E-02   accum. std. dev = 0.10200899E-02*
*   max. wt. =   0.250086E-02                                   *
*                                                               *
**************   chi**2/iteration =  1.171       ****************

 Writing out intermediate results for iteration          22

************* Integration by Vegas (iteration  23) **************
*                                                               *
*  integral  =  2.5175388       accum. integral =  2.5174966    *
*  std. dev. = 0.48478216E-02   accum. std. dev = 0.99822964E-03*
*   max. wt. =   0.250086E-02                                   *
*                                                               *
**************   chi**2/iteration =  1.117       ****************

 Writing out intermediate results for iteration          23

************* Integration by Vegas (iteration  24) **************
*                                                               *
*  integral  =  2.5194025       accum. integral =  2.5175737    *
*  std. dev. = 0.48616363E-02   accum. std. dev = 0.97782999E-03*
*   max. wt. =   0.250086E-02                                   *
*                                                               *
**************   chi**2/iteration =  1.075       ****************

 Writing out intermediate results for iteration          24

************* Integration by Vegas (iteration  25) **************
*                                                               *
*  integral  =  2.5174834       accum. integral =  2.5175700    *
*  std. dev. = 0.47429036E-02   accum. std. dev = 0.95768860E-03*
*   max. wt. =   0.250086E-02                                   *
*                                                               *
**************   chi**2/iteration =  1.030       ****************

 Writing out intermediate results for iteration          25

************* Integration by Vegas (iteration  26) **************
*                                                               *
*  integral  =  2.5096783       accum. integral =  2.5172548    *
*  std. dev. = 0.46947393E-02   accum. std. dev = 0.93836368E-03*
*   max. wt. =   0.250086E-02                                   *
*                                                               *
**************   chi**2/iteration =  1.098       ****************

 Writing out intermediate results for iteration          26

************* Integration by Vegas (iteration  27) **************
*                                                               *
*  integral  =  2.5191874       accum. integral =  2.5173271    *
*  std. dev. = 0.47580948E-02   accum. std. dev = 0.92063121E-03*
*   max. wt. =   0.250086E-02                                   *
*                                                               *
**************   chi**2/iteration =  1.062       ****************

 Writing out intermediate results for iteration          27

************* Integration by Vegas (iteration  28) **************
*                                                               *
*  integral  =  2.5202524       accum. integral =  2.5174292    *
*  std. dev. = 0.48416729E-02   accum. std. dev = 0.90442616E-03*
*   max. wt. =   0.250086E-02                                   *
*                                                               *
**************   chi**2/iteration =  1.035       ****************

 Writing out intermediate results for iteration          28

************* Integration by Vegas (iteration  29) **************
*                                                               *
*  integral  =  2.5216425       accum. integral =  2.5175696    *
*  std. dev. = 0.48708920E-02   accum. std. dev = 0.88922712E-03*
*   max. wt. =   0.250086E-02                                   *
*                                                               *
**************   chi**2/iteration =  1.024       ****************

 Writing out intermediate results for iteration          29

************* Integration by Vegas (iteration  30) **************
*                                                               *
*  integral  =  2.5177403       accum. integral =  2.5175753    *
*  std. dev. = 0.47824656E-02   accum. std. dev = 0.87424345E-03*
*   max. wt. =   0.250086E-02                                   *
*                                                               *
**************   chi**2/iteration = 0.9890       ****************

 Writing out intermediate results for iteration          30

************* Integration by Vegas (iteration  31) **************
*                                                               *
*  integral  =  2.5173988       accum. integral =  2.5175697    *
*  std. dev. = 0.48331222E-02   accum. std. dev = 0.86028264E-03*
*   max. wt. =   0.250086E-02                                   *
*                                                               *
**************   chi**2/iteration = 0.9561       ****************

 Writing out intermediate results for iteration          31

************* Integration by Vegas (iteration  32) **************
*                                                               *
*  integral  =  2.5150188       accum. integral =  2.5174946    *
*  std. dev. = 0.49395460E-02   accum. std. dev = 0.84752488E-03*
*   max. wt. =   0.250086E-02                                   *
*                                                               *
**************   chi**2/iteration = 0.9336       ****************

 Writing out intermediate results for iteration          32

************* Integration by Vegas (iteration  33) **************
*                                                               *
*  integral  =  2.5174966       accum. integral =  2.5174947    *
*  std. dev. = 0.51093883E-02   accum. std. dev = 0.83610035E-03*
*   max. wt. =   0.250086E-02                                   *
*                                                               *
**************   chi**2/iteration = 0.9044       ****************

 Writing out intermediate results for iteration          33

************* Integration by Vegas (iteration  34) **************
*                                                               *
*  integral  =  2.5127490       accum. integral =  2.5173597    *
*  std. dev. = 0.48865227E-02   accum. std. dev = 0.82412371E-03*
*   max. wt. =   0.250086E-02                                   *
*                                                               *
**************   chi**2/iteration = 0.9048       ****************

 Writing out intermediate results for iteration          34

************* Integration by Vegas (iteration  35) **************
*                                                               *
*  integral  =  2.5090441       accum. integral =  2.5171239    *
*  std. dev. = 0.48242902E-02   accum. std. dev = 0.81235578E-03*
*   max. wt. =   0.250086E-02                                   *
*                                                               *
**************   chi**2/iteration = 0.9631       ****************

 Writing out intermediate results for iteration          35

************* Integration by Vegas (iteration  36) **************
*                                                               *
*  integral  =  2.5198690       accum. integral =  2.5171967    *
*  std. dev. = 0.49219296E-02   accum. std. dev = 0.80151217E-03*
*   max. wt. =   0.250086E-02                                   *
*                                                               *
**************   chi**2/iteration = 0.9442       ****************

 Writing out intermediate results for iteration          36

************* Integration by Vegas (iteration  37) **************
*                                                               *
*  integral  =  2.5226508       accum. integral =  2.5173374    *
*  std. dev. = 0.49250297E-02   accum. std. dev = 0.79110437E-03*
*   max. wt. =   0.250086E-02                                   *
*                                                               *
**************   chi**2/iteration = 0.9511       ****************

 Writing out intermediate results for iteration          37

************* Integration by Vegas (iteration  38) **************
*                                                               *
*  integral  =  2.5199453       accum. integral =  2.5174030    *
*  std. dev. = 0.49254231E-02   accum. std. dev = 0.78109333E-03*
*   max. wt. =   0.250086E-02                                   *
*                                                               *
**************   chi**2/iteration = 0.9328       ****************

 Writing out intermediate results for iteration          38

************* Integration by Vegas (iteration  39) **************
*                                                               *
*  integral  =  2.5233276       accum. integral =  2.5175369    *
*  std. dev. = 0.51367811E-02   accum. std. dev = 0.77221678E-03*
*   max. wt. =   0.250086E-02                                   *
*                                                               *
**************   chi**2/iteration = 0.9425       ****************

 Writing out intermediate results for iteration          39

************* Integration by Vegas (iteration  40) **************
*                                                               *
*  integral  =  2.5157804       accum. integral =  2.5174968    *
*  std. dev. = 0.50528587E-02   accum. std. dev = 0.76335368E-03*
*   max. wt. =   0.250086E-02                                   *
*                                                               *
**************   chi**2/iteration = 0.9214       ****************

 Writing out intermediate results for iteration          40

************* Integration by Vegas (iteration  41) **************
*                                                               *
*  integral  =  2.5226591       accum. integral =  2.5176108    *
*  std. dev. = 0.50811064E-02   accum. std. dev = 0.75488229E-03*
*   max. wt. =   0.250086E-02                                   *
*                                                               *
**************   chi**2/iteration = 0.9236       ****************

 Writing out intermediate results for iteration          41

************* Integration by Vegas (iteration  42) **************
*                                                               *
*  integral  =  2.5060713       accum. integral =  2.5173434    *
*  std. dev. = 0.49016907E-02   accum. std. dev = 0.74608653E-03*
*   max. wt. =   0.250086E-02                                   *
*                                                               *
**************   chi**2/iteration =  1.033       ****************

 Writing out intermediate results for iteration          42

************* Integration by Vegas (iteration  43) **************
*                                                               *
*  integral  =  2.5117856       accum. integral =  2.5172189    *
*  std. dev. = 0.49274793E-02   accum. std. dev = 0.73767843E-03*
*   max. wt. =   0.250086E-02                                   *
*                                                               *
**************   chi**2/iteration =  1.038       ****************

 Writing out intermediate results for iteration          43

************* Integration by Vegas (iteration  44) **************
*                                                               *
*  integral  =  2.5193602       accum. integral =  2.5172629    *
*  std. dev. = 0.50921451E-02   accum. std. dev = 0.73005766E-03*
*   max. wt. =   0.250086E-02                                   *
*                                                               *
**************   chi**2/iteration =  1.018       ****************

 Writing out intermediate results for iteration          44

************* Integration by Vegas (iteration  45) **************
*                                                               *
*  integral  =  2.5185189       accum. integral =  2.5172881    *
*  std. dev. = 0.51013240E-02   accum. std. dev = 0.72269446E-03*
*   max. wt. =   0.250086E-02                                   *
*                                                               *
**************   chi**2/iteration = 0.9962       ****************

 Writing out intermediate results for iteration          45

************* Integration by Vegas (iteration  46) **************
*                                                               *
*  integral  =  2.5118358       accum. integral =  2.5171749    *
*  std. dev. = 0.49634579E-02   accum. std. dev = 0.71515351E-03*
*   max. wt. =   0.250086E-02                                   *
*                                                               *
**************   chi**2/iteration =  1.000       ****************

 Writing out intermediate results for iteration          46

************* Integration by Vegas (iteration  47) **************
*                                                               *
*  integral  =  2.5235236       accum. integral =  2.5172991    *
*  std. dev. = 0.50619368E-02   accum. std. dev = 0.70812130E-03*
*   max. wt. =   0.250086E-02                                   *
*                                                               *
**************   chi**2/iteration =  1.012       ****************

 Writing out intermediate results for iteration          47

************* Integration by Vegas (iteration  48) **************
*                                                               *
*  integral  =  2.5122916       accum. integral =  2.5171998    *
*  std. dev. = 0.49770392E-02   accum. std. dev = 0.70106109E-03*
*   max. wt. =   0.250086E-02                                   *
*                                                               *
**************   chi**2/iteration =  1.012       ****************

 Writing out intermediate results for iteration          48

************* Integration by Vegas (iteration  49) **************
*                                                               *
*  integral  =  2.5150547       accum. integral =  2.5171702    *
*  std. dev. = 0.59253846E-02   accum. std. dev = 0.69620514E-03*
*   max. wt. =   0.327650E-02                                   *
*                                                               *
**************   chi**2/iteration = 0.9933       ****************

 Writing out intermediate results for iteration          49

************* Integration by Vegas (iteration  50) **************
*                                                               *
*  integral  =  2.5141407       accum. integral =  2.5171272    *
*  std. dev. = 0.58033804E-02   accum. std. dev = 0.69124879E-03*
*   max. wt. =   0.327650E-02                                   *
*                                                               *
**************   chi**2/iteration = 0.9785       ****************


Value of final lord integral is        2.5171 +/-     0.0007 fb

 Total number of shots       :     23619600
 Total no. failing cuts      :      8777052
 Number failing jet cuts     :            0
 Number failing process cuts :            0

   Jet efficiency : 100.00%
   Cut efficiency : 100.00%
 Total efficiency : 100.00%

 Contribution from parton sub-processes:
 ---------------------------------------
       GG     |           2.51713  100.00%
       GQ     |           0.00000    0.00%
       GQB    |           0.00000    0.00%
       QG     |           0.00000    0.00%
       QBG    |           0.00000    0.00%
       QQ     |           0.00000    0.00%
       QBQB   |           0.00000    0.00%
       QQB    |           0.00000    0.00%
       QBQ    |           0.00000    0.00%
 ---------------------------------------

 ****************************************************
 output files  cluster_CMS_mT/CTEQ/TOP/ggZZ4l_lord_cteq6_l_0___0___126_131_run_14
 ****************************************************
