 ************** MCFM - version 6.8 ****************
 *                                                *
 * MCFM, v6.8                   April 26th, 2014  *
 *                                                *
 * Authors: John Campbell, Keith Ellis,           *
 *          Ciaran Williams                       *
 *         (johnmc@fnal.gov, ellis@fnal.gov,      *
 *          ciaran@fnal.gov)                      *
 *                                                *
 * For details see:                               *
 *                                                *
 *  arXiv:1403.2641 (Triphoton production)        *
 *  arXiv:1312.1628 (gg->WW, Higgs interference)  *
 *  arXiv:1311.3589 (gg->ZZ, Higgs interference)  *
 *  Phys.Rev.D87:114006, arXiv:1302.3856          *
 *  (tZ, tH -- with R. Rontsch)                   *
 *  arXiv:1211.6390 (DM, P. Fox and C. Williams)  *
 *  JHEP 1211:162 (2012), arXiv:1208.0566         *
 *  (Z+gam+jet,Z+gam+gam -- with H. Hartanto)     *
 *  arXiv:1204.1513 (top production+decay)        *
 *  JHEP 1207:052 (2012), arXiv:1204.5678 (ttW)   *
 *  JHEP 1110:005 (2011), arXiv:1107.5569         *
 *         (gg->WW,Higgs intference)              *
 *  JHEP 1107:018 (2011), arXiv:1105.0020         *
 *         (diboson update)                       *
 *  JHEP 1103:027 (2011), arXiv:1011.6647         *
 *         (Wbb for mb>0, with S. Badger)         *
 *  Phys.Rev.D81:074023, arXiv:1001.4495 (H+2jet) *
 *                                                *
 *  P.R.L. 102:142001, arXiv:0903.0005 [hep-ph]   *
 *    (t-channel single top + explicit b,         *
 *      JC, R.Frederix, F.Maltoni, F.Tramontano)  *
 *  N.P.B 726:109(2005), hep-ph/0506289 (W+t)     *
 *  Phys.Rev.D70:094012, hep-ph/0408158 (Sngl Top)*
 *       (with Francesco Tramontano)              *
 *                                                *
 *  Phys.Rev.D65:113007, hep-ph/0202176 (W,Z+2j)  *
 *  Phys.Rev.D62:114012, hep-ph/0006304 (W,Z+bb)  *
 *  Phys.Rev.D60:113006, hep-ph/9905386 (diboson) *
 *                                                *
 * On the web:  http://mcfm.fnal.gov/             *
 **************************************************

 * Using input file named E_var/E_80/MSTW/TOP/input_130_80.DAT                                    

 * [Flags to specify the mode in which MCFM is run]                                          
 *                   -1            [nevtrequested] 
 *                    F            [creatent] 
 *                    F            [skipnt] 
 *                    F            [dswhisto] 
 *                    F            [creategrid] 
 *                    T            [writetop] 
 *                    T            [writedat] 
 *                    T            [writegnu] 
 *                    T            [writeroot] 
 *                    F            [writepwg] 

 * [General options to specify the process and execution]                                    
 *                  130            [nproc] 
 *                 lord            [part] 
 * 130_run_80                      [runstring] 
 *           80000.0000            [sqrts] 
 *                    1            [ih1] 
 *                    1            [ih2] 
 *             126.0000            [hmass] 
 *               0.5000            [scale] 
 *               0.5000            [facscale] 
 * m(3456)                         [dynamicscale] 
 *                    F            [zerowidth] 
 *                    F            [removebr] 
 *                   20            [itmx1] 
 *               500000            [ncall1] 
 *                   50            [itmx2] 
 *               500000            [ncall2] 
 *                 2020            [ij] 
 *                    F            [dryrun] 
 *                    T            [Qflag] 
 *                    T            [Gflag] 

 * [Heavy quark masses]                                                                      
 *             173.2000            [top mass] 
 *               4.7500            [bottom mass] 
 *               1.5000            [charm mass] 

 * [Pdf selection]                                                                           
 *              mstw8lo            [pdlabel] 
 *                    4            [NGROUP] 
 *                   46            [NSET] 
 * cteq6mE.LHgrid                  [LHAPDF group] 
 *                   -1            [LHAPDF set] 

 * [Jet definition and event cuts]                                                           
 *               0.0000            [m34min] 
 *           80000.0000            [m34max] 
 *               0.0000            [m56min] 
 *           80000.0000            [m56max] 
 *                    T            [inclusive] 
 *                 ankt            [algorithm] 
 *              15.0000            [ptjetmin] 
 *               0.0000            [etajetmin] 
 *               5.0000            [etajetmax] 
 *               0.5000            [Rcut] 
 *                    T            [makecuts] 
 *               0.0000            [leptpt] 
 *              99.0000            [leptrap] 
 *    0.000,   0.000                [leptveto] 
 *               0.0000            [misspt] 
 *               0.0000            [leptpt2] 
 *              99.0000            [leptrap2] 
 *    0.000,   0.000                [leptveto2] 
 *               0.0000            [mtrans34cut] 
 *               0.0000            [Rjlmin] 
 *               0.0000            [Rllmin] 
 *               0.0000            [delyjjmin] 
 *                    F            [jetsopphem] 
 *                    0            [lbjscheme] 
 *               0.0000            [ptbjetmin] 
 *              99.0000            [etabjetmax] 

 * [Settings for photon processes]                                                           
 *                    F            [frag] 
 *             GdRG__LO            [fragset] 
 *              80.0000            [frag_scale] 
 *              20.0000            [gammpt] 
 *               2.5000            [gammrap] 
 *              20.0000            [gammpt2] 
 *              20.0000            [gammpt3] 
 *               0.0000            [Rgalmin] 
 *               0.4000            [Rgagamin] 
 *               0.4000            [Rgajetmin] 
 *               0.4000            [cone_ang] 
 *               0.5000            [epsilon_h] 

 * [Anomalous couplings of the W and Z]                                                      
 *               0.0000            [delg1_z] 
 *               0.0000            [delk_z] 
 *               0.0000            [delk_g] 
 *               0.0000            [lambda_z] 
 *               0.0000            [lambda_g] 
 *               0.0000            [h1Z] 
 *               0.0000            [h1gam] 
 *               0.0000            [h2Z] 
 *               0.0000            [h2gam] 
 *               0.0000            [h3Z] 
 *               0.0000            [h3gam] 
 *               0.0000            [h4Z] 
 *               0.0000            [h4gam] 
 *               2.0000            [tevscale] 

 * [Anomalous width of the Higgs]                                                            
 *               1.0000            [Gamma_H/Gamma_H(SM)] 

 * [How to resume/save a run]                                                                
 *                    F            [readin] 
 *                    F            [writeout] 
 *                                 [ingridfile] 
 *                                 [outgridfile] 

 * [Technical parameters that should not normally be changed]

 *                    F            [debug] 
 *                    T            [verbose] 
 *                    F            [new_pspace] 
 *                    F            [virtonly] 
 *                    F            [realonly] 
 *                    T            [spira] 
 *                    F            [noglue] 
 *                    F            [ggonly] 
 *                    F            [gqonly] 
 *                    F            [omitgg] 
 *                    F            [vanillafiles] 
 *                    1            [nmin] 
 *                    2            [nmax] 
 *                    T            [clustering] 
 *                    F            [realwt] 
 *                    0            [colourchoice] 
 *               0.0100            [rtsmin] 
 *               0.0001            [cutoff] 
 *               0.1000            [aii] 
 *               0.1000            [aif] 
 *               0.1000            [afi] 
 *               1.0000            [aff] 
 *               1.0000            [bfi] 
 *               1.0000            [bff] 

 Chooser:process chosen by nproc=         130

 *************************** f(p1)+f(p2) --> ******************************************
 * H(--> Z^0(e^-(p3)+e^+(p4)) + Z^0(mu^-(p5)+mu^+(p6)) [H squared and H, gg->ZZ intf. *
 **************************************************************************************

 ************** Electroweak parameters **************
 *                                                  *
 *  zmass(+)   91.1876000     wmass(+)  80.3980000  *
 * zwidth(+)    2.4952000    wwidth(+)   2.1054000  *
 *     Gf(+) 0.116639D-04   1/aemmz    132.3384323  *
 *     xw       0.2226459      mtop(+) 173.2000000  *
 *   gwsq       0.4264904       esq      0.0949563  *
 * top width    1.4743080 (LO)                      *
 *    mb        4.7500000        mc      1.5000000  *
 *                                                  *
 * Parameters marked (+) are input, others derived  *
 ****************************************************

 ****************** Higgs parameters ****************
 *                                                  *
 *   mass(H) =  126.00      width(H) =  0.43070E-02 *
 *                                                  *
 *              Br( H -> b bbar)  =   0.48164       *
 *              Br( H -> tau tau) =   0.06056       *
 *              Br( H -> W W)     =   0.00000       *
 *              Br( H -> Z Z)     =   0.00000       *
 *              Br( H -> gam gam) =   0.00235       *
 *              Br( H -> Z gam)   =   0.00164       *
 ****************************************************
 *                                                  *
 * Note: branching ratios reported here can be > 1  *
 *       since the total Higgs width is calculated  *
 *       at NLO but the BR calculation uses a       *
 *       partial width at LO only.                  *
 *                                                  *
 ****************************************************

 WARNING: Higgs decay H->ZZ is below threshold and
 may not yield sensible results - check the number
 of integration points

 ***************** CKM mixing matrix ****************
 *                                                  *
 *      Vud=.97500    Vus=.22200    Vub=0.0000      *
 *      Vcd=.22200    Vcs=.97500    Vcb=0.0000      *
 ****************************************************

 ************* Strong coupling, alpha_s  ************
 *                                                  *
 *  Dynamic scale - alpha_s changed event-by-event  *
 *       alpha_s (zmass)  0.13939000                *
 *         (using 1-loop running of alpha_s)        *
 ****************************************************

 ****************************************
 *     Cross section in femtobarns      *
 ****************************************


 input parameters for vegas:  ndim= 10  ncall= 472392.
                              it=    0  itmx=   20
                              nprn=  0  alph= 1.50
                              mds=  1   nd= 100
                              xl( 1)=   0.000     xu( 1)=   1.000    
                              xl( 2)=   0.000     xu( 2)=   1.000    
                              xl( 3)=   0.000     xu( 3)=   1.000    
                              xl( 4)=   0.000     xu( 4)=   1.000    
                              xl( 5)=   0.000     xu( 5)=   1.000    
                              xl( 6)=   0.000     xu( 6)=   1.000    
                              xl( 7)=   0.000     xu( 7)=   1.000    
                              xl( 8)=   0.000     xu( 8)=   1.000    
                              xl( 9)=   0.000     xu( 9)=   1.000    
                              xl(10)=   0.000     xu(10)=   1.000    

 ****************** Basic mass cuts *****************
 *                                                  *
 *              0.00  <   m34  <  80000.00           *
 *              0.00  <   m56  <  80000.00           *
 ****************************************************
 *********** CMS Higgs Search cuts******
 *                                     *
 *     pt(mu) >           5.00 GeV     *
 *     pt(el) >           7.00 GeV     *
 *     |eta_mu| <         2.40         *
 *     |eta_el| <         2.50         *
 *     m4lmin >         100.00 GeV     *
 *     m2lmin >           4.00 GeV     *
 *     ptleading >       20.00 GeV     *
 *     ptnexttoleading > 10.00 GeV     *
 *     mllnear >         40.00 GeV     *
 *     mllfar >          12.00 GeV     *
 *     mllmax >         120.00 GeV     *
 ***************************************

 ************** Dynamic scale choice ****************
 *                                                  *
 *                 RENORMALIZATION                  *
 *       mu_ren  =  0.50 x m(3456)                  *
 *                                                  *
 *                  FACTORIZATION                   *
 *       mu_fac  =  0.50 x m(3456)                  *
 *                                                  *
 ****************************************************
 ====================================================
   This is QCDLoop - version 1.95                    
   Authors: Keith Ellis and Giulia Zanderighi        
   (ellis@fnal.gov, g.zanderighi1@physics.ox.ac.uk)  
   For details see FERMILAB-PUB-07-633-T,OUTP-07/16P 
   arXiv:0712.1851 [hep-ph], published in            
   JHEP 0802:002,2008.                               
 ====================================================
 ====================================================
   FF 2.0, a package to evaluate one-loop integrals
 written by G. J. van Oldenborgh, NIKHEF-H, Amsterdam
 ====================================================
 for the algorithms used see preprint NIKHEF-H 89/17,
 'New Algorithms for One-loop Integrals', by G.J. van
 Oldenborgh and J.A.M. Vermaseren, published in 
 Zeitschrift fuer Physik C46(1990)425.
 ====================================================
 ffini: precx =    4.4408920985006262E-016
 ffini: precc =    4.4408920985006262E-016
 ffini: xalogm =    4.9406564584124654E-324
 ffini: xclogm =    4.9406564584124654E-324
 ****************************************************
 *                                                  *
 *  gg->ZZ box loop includes gens. 1 and 2          *
 *  gg->ZZ box loop includes bottom quark           *
 *  gg->ZZ box loop includes top quark              *
 *                                                  *
 *  Numer. stability: pt(Z) > 0.100 GeV (gens. 1,2) *
 *  Numer. stability: pt(Z) > 0.100 GeV (b,t loops) *
 *                                                  *
 ****************************************************
 Reading PDF grid from Pdfdata/mstw2008lo.00.dat

************* Integration by Vegas (iteration   1) **************
*                                                               *
*  integral  = -.20530206E-01   accum. integral = -.20530206E-01*
*  std. dev. = 0.71666135       accum. std. dev = 0.71666135    *
*   max. wt. =   0.642132                                       *
*                                                               *
**************   chi**2/iteration =  0.000       ****************


************* Integration by Vegas (iteration   2) **************
*                                                               *
*  integral  =  5.2020832       accum. integral =  1.5153900    *
*  std. dev. =  1.1103200       accum. std. dev = 0.60212761    *
*   max. wt. =   0.642132                                       *
*                                                               *
**************   chi**2/iteration =  15.46       ****************


************* Integration by Vegas (iteration   3) **************
*                                                               *
*  integral  =  4.4581167       accum. integral =  3.8235719    *
*  std. dev. = 0.31570735       accum. std. dev = 0.27960487    *
*   max. wt. =   0.642132                                       *
*                                                               *
**************   chi**2/iteration =  17.09       ****************


************* Integration by Vegas (iteration   4) **************
*                                                               *
*  integral  =  4.0554287       accum. integral =  4.0393265    *
*  std. dev. = 0.76384858E-01   accum. std. dev = 0.73684712E-01*
*   max. wt. =   0.642132                                       *
*                                                               *
**************   chi**2/iteration =  11.63       ****************


************* Integration by Vegas (iteration   5) **************
*                                                               *
*  integral  =  4.0103075       accum. integral =  4.0150214    *
*  std. dev. = 0.32450264E-01   accum. std. dev = 0.29697906E-01*
*   max. wt. =   0.642132                                       *
*                                                               *
**************   chi**2/iteration =  8.759       ****************


************* Integration by Vegas (iteration   6) **************
*                                                               *
*  integral  =  4.0003245       accum. integral =  4.0056334    *
*  std. dev. = 0.22332768E-01   accum. std. dev = 0.17849081E-01*
*   max. wt. =   0.642132                                       *
*                                                               *
**************   chi**2/iteration =  7.042       ****************


************* Integration by Vegas (iteration   7) **************
*                                                               *
*  integral  =  4.0013416       accum. integral =  4.0037454    *
*  std. dev. = 0.20140586E-01   accum. std. dev = 0.13358228E-01*
*   max. wt. =   0.642132                                       *
*                                                               *
**************   chi**2/iteration =  5.874       ****************


************* Integration by Vegas (iteration   8) **************
*                                                               *
*  integral  =  4.0236138       accum. integral =  4.0102970    *
*  std. dev. = 0.19044715E-01   accum. std. dev = 0.10936217E-01*
*   max. wt. =   0.642132                                       *
*                                                               *
**************   chi**2/iteration =  5.140       ****************


************* Integration by Vegas (iteration   9) **************
*                                                               *
*  integral  =  4.0226995       accum. integral =  4.0133805    *
*  std. dev. = 0.19012337E-01   accum. std. dev = 0.94797870E-02*
*   max. wt. =   0.642132                                       *
*                                                               *
**************   chi**2/iteration =  4.539       ****************


************* Integration by Vegas (iteration  10) **************
*                                                               *
*  integral  =  4.0313762       accum. integral =  4.0169529    *
*  std. dev. = 0.19047836E-01   accum. std. dev = 0.84868298E-02*
*   max. wt. =   0.642132                                       *
*                                                               *
**************   chi**2/iteration =  4.114       ****************


************* Integration by Vegas (iteration  11) **************
*                                                               *
*  integral  =  3.9775425       accum. integral =  4.0103830    *
*  std. dev. = 0.18974393E-01   accum. std. dev = 0.77471941E-02*
*   max. wt. =   0.642132                                       *
*                                                               *
**************   chi**2/iteration =  4.062       ****************


************* Integration by Vegas (iteration  12) **************
*                                                               *
*  integral  =  3.9934672       accum. integral =  4.0080883    *
*  std. dev. = 0.19556076E-01   accum. std. dev = 0.72026046E-02*
*   max. wt. =   0.642132                                       *
*                                                               *
**************   chi**2/iteration =  3.752       ****************


************* Integration by Vegas (iteration  13) **************
*                                                               *
*  integral  =  3.9942462       accum. integral =  4.0064027    *
*  std. dev. = 0.19342473E-01   accum. std. dev = 0.67498217E-02*
*   max. wt. =   0.642132                                       *
*                                                               *
**************   chi**2/iteration =  3.477       ****************


************* Integration by Vegas (iteration  14) **************
*                                                               *
*  integral  =  3.9794016       accum. integral =  4.0035170    *
*  std. dev. = 0.19512403E-01   accum. std. dev = 0.63789393E-02*
*   max. wt. =   0.642132                                       *
*                                                               *
**************   chi**2/iteration =  3.341       ****************


************* Integration by Vegas (iteration  15) **************
*                                                               *
*  integral  =  3.9712236       accum. integral =  4.0002795    *
*  std. dev. = 0.19110062E-01   accum. std. dev = 0.60507455E-02*
*   max. wt. =   0.642132                                       *
*                                                               *
**************   chi**2/iteration =  3.286       ****************


************* Integration by Vegas (iteration  16) **************
*                                                               *
*  integral  =  3.9981563       accum. integral =  4.0000837    *
*  std. dev. = 0.18985164E-01   accum. std. dev = 0.57650323E-02*
*   max. wt. =   0.642132                                       *
*                                                               *
**************   chi**2/iteration =  3.068       ****************


************* Integration by Vegas (iteration  17) **************
*                                                               *
*  integral  =  4.0105682       accum. integral =  4.0009651    *
*  std. dev. = 0.19028990E-01   accum. std. dev = 0.55173835E-02*
*   max. wt. =   0.642132                                       *
*                                                               *
**************   chi**2/iteration =  2.894       ****************


************* Integration by Vegas (iteration  18) **************
*                                                               *
*  integral  =  4.0106254       accum. integral =  4.0017218    *
*  std. dev. = 0.18926535E-01   accum. std. dev = 0.52969030E-02*
*   max. wt. =   0.642132                                       *
*                                                               *
**************   chi**2/iteration =  2.738       ****************


************* Integration by Vegas (iteration  19) **************
*                                                               *
*  integral  =  3.9715038       accum. integral =  3.9995331    *
*  std. dev. = 0.18955787E-01   accum. std. dev = 0.51014752E-02*
*   max. wt. =   0.642132                                       *
*                                                               *
**************   chi**2/iteration =  2.717       ****************


************* Integration by Vegas (iteration  20) **************
*                                                               *
*  integral  =  3.9818904       accum. integral =  3.9983824    *
*  std. dev. = 0.19312982E-01   accum. std. dev = 0.49323034E-02*
*   max. wt. =   0.642132                                       *
*                                                               *
**************   chi**2/iteration =  2.615       ****************


 input parameters for vegas:  ndim= 10  ncall= 472392.
                              it=   21  itmx=   50
                              nprn=  0  alph= 1.50
                              mds=  1   nd= 100
                              xl( 1)=   0.000     xu( 1)=   1.000    
                              xl( 2)=   0.000     xu( 2)=   1.000    
                              xl( 3)=   0.000     xu( 3)=   1.000    
                              xl( 4)=   0.000     xu( 4)=   1.000    
                              xl( 5)=   0.000     xu( 5)=   1.000    
                              xl( 6)=   0.000     xu( 6)=   1.000    
                              xl( 7)=   0.000     xu( 7)=   1.000    
                              xl( 8)=   0.000     xu( 8)=   1.000    
                              xl( 9)=   0.000     xu( 9)=   1.000    
                              xl(10)=   0.000     xu(10)=   1.000    

************* Integration by Vegas (iteration   1) **************
*                                                               *
*  integral  =  3.9630818       accum. integral =  3.9630818    *
*  std. dev. = 0.18998068E-01   accum. std. dev = 0.18998068E-01*
*   max. wt. =   0.117715E-02                                   *
*                                                               *
**************   chi**2/iteration =  0.000       ****************

 Writing out intermediate results for iteration           1

************* Integration by Vegas (iteration   2) **************
*                                                               *
*  integral  =  4.0008195       accum. integral =  3.9818860    *
*  std. dev. = 0.19063278E-01   accum. std. dev = 0.13456659E-01*
*   max. wt. =   0.144433E-02                                   *
*                                                               *
**************   chi**2/iteration =  1.947       ****************

 Writing out intermediate results for iteration           2

************* Integration by Vegas (iteration   3) **************
*                                                               *
*  integral  =  3.9957149       accum. integral =  3.9863797    *
*  std. dev. = 0.19395477E-01   accum. std. dev = 0.11056212E-01*
*   max. wt. =   0.160846E-02                                   *
*                                                               *
**************   chi**2/iteration =  1.149       ****************

 Writing out intermediate results for iteration           3

************* Integration by Vegas (iteration   4) **************
*                                                               *
*  integral  =  3.9824934       accum. integral =  3.9854162    *
*  std. dev. = 0.19256641E-01   accum. std. dev = 0.95882171E-02*
*   max. wt. =   0.190820E-02                                   *
*                                                               *
**************   chi**2/iteration = 0.7774       ****************

 Writing out intermediate results for iteration           4

************* Integration by Vegas (iteration   5) **************
*                                                               *
*  integral  =  4.0136162       accum. integral =  3.9910636    *
*  std. dev. = 0.19160660E-01   accum. std. dev = 0.85745498E-02*
*   max. wt. =   0.190820E-02                                   *
*                                                               *
**************   chi**2/iteration =  1.016       ****************

 Writing out intermediate results for iteration           5

************* Integration by Vegas (iteration   6) **************
*                                                               *
*  integral  =  4.0183617       accum. integral =  3.9956721    *
*  std. dev. = 0.19025864E-01   accum. std. dev = 0.78173299E-02*
*   max. wt. =   0.190820E-02                                   *
*                                                               *
**************   chi**2/iteration =  1.154       ****************

 Writing out intermediate results for iteration           6

************* Integration by Vegas (iteration   7) **************
*                                                               *
*  integral  =  4.0060039       accum. integral =  3.9971176    *
*  std. dev. = 0.19382732E-01   accum. std. dev = 0.72498938E-02*
*   max. wt. =   0.191623E-02                                   *
*                                                               *
**************   chi**2/iteration =  1.003       ****************

 Writing out intermediate results for iteration           7

************* Integration by Vegas (iteration   8) **************
*                                                               *
*  integral  =  4.0287270       accum. integral =  4.0009659    *
*  std. dev. = 0.19472136E-01   accum. std. dev = 0.67942515E-02*
*   max. wt. =   0.191623E-02                                   *
*                                                               *
**************   chi**2/iteration =  1.190       ****************

 Writing out intermediate results for iteration           8

************* Integration by Vegas (iteration   9) **************
*                                                               *
*  integral  =  4.0253529       accum. integral =  4.0036765    *
*  std. dev. = 0.19213401E-01   accum. std. dev = 0.64055468E-02*
*   max. wt. =   0.191623E-02                                   *
*                                                               *
**************   chi**2/iteration =  1.220       ****************

 Writing out intermediate results for iteration           9

************* Integration by Vegas (iteration  10) **************
*                                                               *
*  integral  =  3.9979679       accum. integral =  4.0031137    *
*  std. dev. = 0.19369895E-01   accum. std. dev = 0.60816299E-02*
*   max. wt. =   0.191623E-02                                   *
*                                                               *
**************   chi**2/iteration =  1.093       ****************

 Writing out intermediate results for iteration          10

************* Integration by Vegas (iteration  11) **************
*                                                               *
*  integral  =  3.9982984       accum. integral =  4.0026875    *
*  std. dev. = 0.19516581E-01   accum. std. dev = 0.58062575E-02*
*   max. wt. =   0.191623E-02                                   *
*                                                               *
**************   chi**2/iteration = 0.9898       ****************

 Writing out intermediate results for iteration          11

************* Integration by Vegas (iteration  12) **************
*                                                               *
*  integral  =  4.0113752       accum. integral =  4.0034034    *
*  std. dev. = 0.19376208E-01   accum. std. dev = 0.55619076E-02*
*   max. wt. =   0.191623E-02                                   *
*                                                               *
**************   chi**2/iteration = 0.9166       ****************

 Writing out intermediate results for iteration          12

************* Integration by Vegas (iteration  13) **************
*                                                               *
*  integral  =  3.9939507       accum. integral =  4.0026882    *
*  std. dev. = 0.19440841E-01   accum. std. dev = 0.53473706E-02*
*   max. wt. =   0.191623E-02                                   *
*                                                               *
**************   chi**2/iteration = 0.8585       ****************

 Writing out intermediate results for iteration          13

************* Integration by Vegas (iteration  14) **************
*                                                               *
*  integral  =  4.0063649       accum. integral =  4.0029443    *
*  std. dev. = 0.19543849E-01   accum. std. dev = 0.51577937E-02*
*   max. wt. =   0.191623E-02                                   *
*                                                               *
**************   chi**2/iteration = 0.7951       ****************

 Writing out intermediate results for iteration          14

************* Integration by Vegas (iteration  15) **************
*                                                               *
*  integral  =  4.0080114       accum. integral =  4.0032612    *
*  std. dev. = 0.19968881E-01   accum. std. dev = 0.49939002E-02*
*   max. wt. =   0.191623E-02                                   *
*                                                               *
**************   chi**2/iteration = 0.7426       ****************

 Writing out intermediate results for iteration          15

************* Integration by Vegas (iteration  16) **************
*                                                               *
*  integral  =  4.0402775       accum. integral =  4.0053974    *
*  std. dev. = 0.20179326E-01   accum. std. dev = 0.48476600E-02*
*   max. wt. =   0.191623E-02                                   *
*                                                               *
**************   chi**2/iteration = 0.9044       ****************

 Writing out intermediate results for iteration          16

************* Integration by Vegas (iteration  17) **************
*                                                               *
*  integral  =  4.0153819       accum. integral =  4.0059636    *
*  std. dev. = 0.19770885E-01   accum. std. dev = 0.47081993E-02*
*   max. wt. =   0.191623E-02                                   *
*                                                               *
**************   chi**2/iteration = 0.8629       ****************

 Writing out intermediate results for iteration          17

************* Integration by Vegas (iteration  18) **************
*                                                               *
*  integral  =  4.0039195       accum. integral =  4.0058554    *
*  std. dev. = 0.19908428E-01   accum. std. dev = 0.45818146E-02*
*   max. wt. =   0.191623E-02                                   *
*                                                               *
**************   chi**2/iteration = 0.8128       ****************

 Writing out intermediate results for iteration          18

************* Integration by Vegas (iteration  19) **************
*                                                               *
*  integral  =  3.9940630       accum. integral =  4.0052758    *
*  std. dev. = 0.20152702E-01   accum. std. dev = 0.44677987E-02*
*   max. wt. =   0.191623E-02                                   *
*                                                               *
**************   chi**2/iteration = 0.7857       ****************

 Writing out intermediate results for iteration          19

************* Integration by Vegas (iteration  20) **************
*                                                               *
*  integral  =  3.9943763       accum. integral =  4.0047638    *
*  std. dev. = 0.20125100E-01   accum. std. dev = 0.43616112E-02*
*   max. wt. =   0.191623E-02                                   *
*                                                               *
**************   chi**2/iteration = 0.7591       ****************

 Writing out intermediate results for iteration          20

************* Integration by Vegas (iteration  21) **************
*                                                               *
*  integral  =  4.0154781       accum. integral =  4.0052388    *
*  std. dev. = 0.20251779E-01   accum. std. dev = 0.42638451E-02*
*   max. wt. =   0.191623E-02                                   *
*                                                               *
**************   chi**2/iteration = 0.7345       ****************

 Writing out intermediate results for iteration          21

************* Integration by Vegas (iteration  22) **************
*                                                               *
*  integral  =  4.0131999       accum. integral =  4.0055758    *
*  std. dev. = 0.20280030E-01   accum. std. dev = 0.41726183E-02*
*   max. wt. =   0.191623E-02                                   *
*                                                               *
**************   chi**2/iteration = 0.7066       ****************

 Writing out intermediate results for iteration          22

************* Integration by Vegas (iteration  23) **************
*                                                               *
*  integral  =  3.9709689       accum. integral =  4.0042558    *
*  std. dev. = 0.20953512E-01   accum. std. dev = 0.40922666E-02*
*   max. wt. =   0.191623E-02                                   *
*                                                               *
**************   chi**2/iteration = 0.7937       ****************

 Writing out intermediate results for iteration          23

************* Integration by Vegas (iteration  24) **************
*                                                               *
*  integral  =  4.0175788       accum. integral =  4.0047676    *
*  std. dev. = 0.20474510E-01   accum. std. dev = 0.40128969E-02*
*   max. wt. =   0.191623E-02                                   *
*                                                               *
**************   chi**2/iteration = 0.7769       ****************

 Writing out intermediate results for iteration          24

************* Integration by Vegas (iteration  25) **************
*                                                               *
*  integral  =  4.0187530       accum. integral =  4.0052887    *
*  std. dev. = 0.20398227E-01   accum. std. dev = 0.39374274E-02*
*   max. wt. =   0.191623E-02                                   *
*                                                               *
**************   chi**2/iteration = 0.7634       ****************

 Writing out intermediate results for iteration          25

************* Integration by Vegas (iteration  26) **************
*                                                               *
*  integral  =  3.9892924       accum. integral =  4.0047255    *
*  std. dev. = 0.20612910E-01   accum. std. dev = 0.38675014E-02*
*   max. wt. =   0.191623E-02                                   *
*                                                               *
**************   chi**2/iteration = 0.7561       ****************

 Writing out intermediate results for iteration          26

************* Integration by Vegas (iteration  27) **************
*                                                               *
*  integral  =  3.9922165       accum. integral =  4.0043139    *
*  std. dev. = 0.20965233E-01   accum. std. dev = 0.38033292E-02*
*   max. wt. =   0.191623E-02                                   *
*                                                               *
**************   chi**2/iteration = 0.7403       ****************

 Writing out intermediate results for iteration          27

************* Integration by Vegas (iteration  28) **************
*                                                               *
*  integral  =  4.0169611       accum. integral =  4.0047256    *
*  std. dev. = 0.20732305E-01   accum. std. dev = 0.37409025E-02*
*   max. wt. =   0.191623E-02                                   *
*                                                               *
**************   chi**2/iteration = 0.7262       ****************

 Writing out intermediate results for iteration          28

************* Integration by Vegas (iteration  29) **************
*                                                               *
*  integral  =  4.0101833       accum. integral =  4.0048993    *
*  std. dev. = 0.20635644E-01   accum. std. dev = 0.36809073E-02*
*   max. wt. =   0.191623E-02                                   *
*                                                               *
**************   chi**2/iteration = 0.7027       ****************

 Writing out intermediate results for iteration          29

************* Integration by Vegas (iteration  30) **************
*                                                               *
*  integral  =  3.9807764       accum. integral =  4.0041668    *
*  std. dev. = 0.20800400E-01   accum. std. dev = 0.36245909E-02*
*   max. wt. =   0.191623E-02                                   *
*                                                               *
**************   chi**2/iteration = 0.7234       ****************

 Writing out intermediate results for iteration          30

************* Integration by Vegas (iteration  31) **************
*                                                               *
*  integral  =  4.0219143       accum. integral =  4.0046869    *
*  std. dev. = 0.20860074E-01   accum. std. dev = 0.35710834E-02*
*   max. wt. =   0.191623E-02                                   *
*                                                               *
**************   chi**2/iteration = 0.7227       ****************

 Writing out intermediate results for iteration          31

************* Integration by Vegas (iteration  32) **************
*                                                               *
*  integral  =  4.0339987       accum. integral =  4.0054998    *
*  std. dev. = 0.21145315E-01   accum. std. dev = 0.35212213E-02*
*   max. wt. =   0.191623E-02                                   *
*                                                               *
**************   chi**2/iteration = 0.7597       ****************

 Writing out intermediate results for iteration          32

************* Integration by Vegas (iteration  33) **************
*                                                               *
*  integral  =  3.9845333       accum. integral =  4.0049517    *
*  std. dev. = 0.21493038E-01   accum. std. dev = 0.34748960E-02*
*   max. wt. =   0.191623E-02                                   *
*                                                               *
**************   chi**2/iteration = 0.7649       ****************

 Writing out intermediate results for iteration          33

************* Integration by Vegas (iteration  34) **************
*                                                               *
*  integral  =  4.0001739       accum. integral =  4.0048264    *
*  std. dev. = 0.21175652E-01   accum. std. dev = 0.34290336E-02*
*   max. wt. =   0.204717E-02                                   *
*                                                               *
**************   chi**2/iteration = 0.7432       ****************

 Writing out intermediate results for iteration          34

************* Integration by Vegas (iteration  35) **************
*                                                               *
*  integral  =  4.0157573       accum. integral =  4.0051065    *
*  std. dev. = 0.21146620E-01   accum. std. dev = 0.33848216E-02*
*   max. wt. =   0.204717E-02                                   *
*                                                               *
**************   chi**2/iteration = 0.7290       ****************

 Writing out intermediate results for iteration          35

************* Integration by Vegas (iteration  36) **************
*                                                               *
*  integral  =  3.9902227       accum. integral =  4.0047376    *
*  std. dev. = 0.21232137E-01   accum. std. dev = 0.33426124E-02*
*   max. wt. =   0.204717E-02                                   *
*                                                               *
**************   chi**2/iteration = 0.7219       ****************

 Writing out intermediate results for iteration          36

************* Integration by Vegas (iteration  37) **************
*                                                               *
*  integral  =  3.9857439       accum. integral =  4.0042737    *
*  std. dev. = 0.21124846E-01   accum. std. dev = 0.33015374E-02*
*   max. wt. =   0.204717E-02                                   *
*                                                               *
**************   chi**2/iteration = 0.7237       ****************

 Writing out intermediate results for iteration          37

************* Integration by Vegas (iteration  38) **************
*                                                               *
*  integral  =  4.0171260       accum. integral =  4.0045713    *
*  std. dev. = 0.21444287E-01   accum. std. dev = 0.32630908E-02*
*   max. wt. =   0.204717E-02                                   *
*                                                               *
**************   chi**2/iteration = 0.7137       ****************

 Writing out intermediate results for iteration          38

************* Integration by Vegas (iteration  39) **************
*                                                               *
*  integral  =  3.9833387       accum. integral =  4.0040859    *
*  std. dev. = 0.21335388E-01   accum. std. dev = 0.32255834E-02*
*   max. wt. =   0.204717E-02                                   *
*                                                               *
**************   chi**2/iteration = 0.7203       ****************

 Writing out intermediate results for iteration          39

************* Integration by Vegas (iteration  40) **************
*                                                               *
*  integral  =  3.9826303       accum. integral =  4.0036149    *
*  std. dev. = 0.21528128E-01   accum. std. dev = 0.31899756E-02*
*   max. wt. =   0.204717E-02                                   *
*                                                               *
**************   chi**2/iteration = 0.7268       ****************

 Writing out intermediate results for iteration          40

************* Integration by Vegas (iteration  41) **************
*                                                               *
*  integral  =  3.9651640       accum. integral =  4.0028346    *
*  std. dev. = 0.22165761E-01   accum. std. dev = 0.31574456E-02*
*   max. wt. =   0.211399E-02                                   *
*                                                               *
**************   chi**2/iteration = 0.7823       ****************

 Writing out intermediate results for iteration          41

************* Integration by Vegas (iteration  42) **************
*                                                               *
*  integral  =  3.9769559       accum. integral =  4.0022933    *
*  std. dev. = 0.21600996E-01   accum. std. dev = 0.31242457E-02*
*   max. wt. =   0.211399E-02                                   *
*                                                               *
**************   chi**2/iteration = 0.7975       ****************

 Writing out intermediate results for iteration          42

************* Integration by Vegas (iteration  43) **************
*                                                               *
*  integral  =  4.0020472       accum. integral =  4.0022883    *
*  std. dev. = 0.21786418E-01   accum. std. dev = 0.30926085E-02*
*   max. wt. =   0.248576E-02                                   *
*                                                               *
**************   chi**2/iteration = 0.7785       ****************

 Writing out intermediate results for iteration          43

************* Integration by Vegas (iteration  44) **************
*                                                               *
*  integral  =  4.0011157       accum. integral =  4.0022646    *
*  std. dev. = 0.21519112E-01   accum. std. dev = 0.30611577E-02*
*   max. wt. =   0.248576E-02                                   *
*                                                               *
**************   chi**2/iteration = 0.7605       ****************

 Writing out intermediate results for iteration          44

************* Integration by Vegas (iteration  45) **************
*                                                               *
*  integral  =  4.0167953       accum. integral =  4.0025540    *
*  std. dev. = 0.21471929E-01   accum. std. dev = 0.30305151E-02*
*   max. wt. =   0.248576E-02                                   *
*                                                               *
**************   chi**2/iteration = 0.7534       ****************

 Writing out intermediate results for iteration          45

************* Integration by Vegas (iteration  46) **************
*                                                               *
*  integral  =  3.9592281       accum. integral =  4.0017042    *
*  std. dev. = 0.21425023E-01   accum. std. dev = 0.30006462E-02*
*   max. wt. =   0.248576E-02                                   *
*                                                               *
**************   chi**2/iteration = 0.8257       ****************

 Writing out intermediate results for iteration          46

************* Integration by Vegas (iteration  47) **************
*                                                               *
*  integral  =  4.0321097       accum. integral =  4.0022839    *
*  std. dev. = 0.21522863E-01   accum. std. dev = 0.29719027E-02*
*   max. wt. =   0.248576E-02                                   *
*                                                               *
**************   chi**2/iteration = 0.8503       ****************

 Writing out intermediate results for iteration          47

************* Integration by Vegas (iteration  48) **************
*                                                               *
*  integral  =  4.0284494       accum. integral =  4.0027703    *
*  std. dev. = 0.21595464E-01   accum. std. dev = 0.29441547E-02*
*   max. wt. =   0.248576E-02                                   *
*                                                               *
**************   chi**2/iteration = 0.8629       ****************

 Writing out intermediate results for iteration          48

************* Integration by Vegas (iteration  49) **************
*                                                               *
*  integral  =  4.0082171       accum. integral =  4.0028691    *
*  std. dev. = 0.21661409E-01   accum. std. dev = 0.29173314E-02*
*   max. wt. =   0.248576E-02                                   *
*                                                               *
**************   chi**2/iteration = 0.8462       ****************

 Writing out intermediate results for iteration          49

************* Integration by Vegas (iteration  50) **************
*                                                               *
*  integral  =  4.0185223       accum. integral =  4.0031470    *
*  std. dev. = 0.21696424E-01   accum. std. dev = 0.28913112E-02*
*   max. wt. =   0.248576E-02                                   *
*                                                               *
**************   chi**2/iteration = 0.8394       ****************


Value of final lord integral is        4.0031 +/-     0.0029 fb

 Total number of shots       :     23619600
 Total no. failing cuts      :     10366975
 Number failing jet cuts     :            0
 Number failing process cuts :            0

   Jet efficiency : 100.00%
   Cut efficiency : 100.00%
 Total efficiency : 100.00%

 Contribution from parton sub-processes:
 ---------------------------------------
       GG     |           4.00315  100.00%
       GQ     |           0.00000    0.00%
       GQB    |           0.00000    0.00%
       QG     |           0.00000    0.00%
       QBG    |           0.00000    0.00%
       QQ     |           0.00000    0.00%
       QBQB   |           0.00000    0.00%
       QQB    |           0.00000    0.00%
       QBQ    |           0.00000    0.00%
 ---------------------------------------

 ****************************************************
 output files  E_var/E_80/MSTW/TOP/HZZH+i_lord_mstw8lo_0___0___126_130_run_80
 ****************************************************
