 ************** MCFM - version 6.8 ****************
 *                                                *
 * MCFM, v6.8                   April 26th, 2014  *
 *                                                *
 * Authors: John Campbell, Keith Ellis,           *
 *          Ciaran Williams                       *
 *         (johnmc@fnal.gov, ellis@fnal.gov,      *
 *          ciaran@fnal.gov)                      *
 *                                                *
 * For details see:                               *
 *                                                *
 *  arXiv:1403.2641 (Triphoton production)        *
 *  arXiv:1312.1628 (gg->WW, Higgs interference)  *
 *  arXiv:1311.3589 (gg->ZZ, Higgs interference)  *
 *  Phys.Rev.D87:114006, arXiv:1302.3856          *
 *  (tZ, tH -- with R. Rontsch)                   *
 *  arXiv:1211.6390 (DM, P. Fox and C. Williams)  *
 *  JHEP 1211:162 (2012), arXiv:1208.0566         *
 *  (Z+gam+jet,Z+gam+gam -- with H. Hartanto)     *
 *  arXiv:1204.1513 (top production+decay)        *
 *  JHEP 1207:052 (2012), arXiv:1204.5678 (ttW)   *
 *  JHEP 1110:005 (2011), arXiv:1107.5569         *
 *         (gg->WW,Higgs intference)              *
 *  JHEP 1107:018 (2011), arXiv:1105.0020         *
 *         (diboson update)                       *
 *  JHEP 1103:027 (2011), arXiv:1011.6647         *
 *         (Wbb for mb>0, with S. Badger)         *
 *  Phys.Rev.D81:074023, arXiv:1001.4495 (H+2jet) *
 *                                                *
 *  P.R.L. 102:142001, arXiv:0903.0005 [hep-ph]   *
 *    (t-channel single top + explicit b,         *
 *      JC, R.Frederix, F.Maltoni, F.Tramontano)  *
 *  N.P.B 726:109(2005), hep-ph/0506289 (W+t)     *
 *  Phys.Rev.D70:094012, hep-ph/0408158 (Sngl Top)*
 *       (with Francesco Tramontano)              *
 *                                                *
 *  Phys.Rev.D65:113007, hep-ph/0202176 (W,Z+2j)  *
 *  Phys.Rev.D62:114012, hep-ph/0006304 (W,Z+bb)  *
 *  Phys.Rev.D60:113006, hep-ph/9905386 (diboson) *
 *                                                *
 * On the web:  http://mcfm.fnal.gov/             *
 **************************************************

 * Using input file named E_var/E_80/MSTW/TOP/input_132_80.DAT                                    

 * [Flags to specify the mode in which MCFM is run]                                          
 *                   -1            [nevtrequested] 
 *                    F            [creatent] 
 *                    F            [skipnt] 
 *                    F            [dswhisto] 
 *                    F            [creategrid] 
 *                    T            [writetop] 
 *                    T            [writedat] 
 *                    T            [writegnu] 
 *                    T            [writeroot] 
 *                    F            [writepwg] 

 * [General options to specify the process and execution]                                    
 *                  132            [nproc] 
 *                 lord            [part] 
 * 132_run_80                      [runstring] 
 *           80000.0000            [sqrts] 
 *                    1            [ih1] 
 *                    1            [ih2] 
 *             126.0000            [hmass] 
 *               0.5000            [scale] 
 *               0.5000            [facscale] 
 * m(3456)                         [dynamicscale] 
 *                    F            [zerowidth] 
 *                    F            [removebr] 
 *                   20            [itmx1] 
 *               500000            [ncall1] 
 *                   50            [itmx2] 
 *               500000            [ncall2] 
 *                 2020            [ij] 
 *                    F            [dryrun] 
 *                    T            [Qflag] 
 *                    T            [Gflag] 

 * [Heavy quark masses]                                                                      
 *             173.2000            [top mass] 
 *               4.7500            [bottom mass] 
 *               1.5000            [charm mass] 

 * [Pdf selection]                                                                           
 *              mstw8lo            [pdlabel] 
 *                    4            [NGROUP] 
 *                   46            [NSET] 
 * cteq6mE.LHgrid                  [LHAPDF group] 
 *                   -1            [LHAPDF set] 

 * [Jet definition and event cuts]                                                           
 *               0.0000            [m34min] 
 *           80000.0000            [m34max] 
 *               0.0000            [m56min] 
 *           80000.0000            [m56max] 
 *                    T            [inclusive] 
 *                 ankt            [algorithm] 
 *              15.0000            [ptjetmin] 
 *               0.0000            [etajetmin] 
 *               5.0000            [etajetmax] 
 *               0.5000            [Rcut] 
 *                    T            [makecuts] 
 *               0.0000            [leptpt] 
 *              99.0000            [leptrap] 
 *    0.000,   0.000                [leptveto] 
 *               0.0000            [misspt] 
 *               0.0000            [leptpt2] 
 *              99.0000            [leptrap2] 
 *    0.000,   0.000                [leptveto2] 
 *               0.0000            [mtrans34cut] 
 *               0.0000            [Rjlmin] 
 *               0.0000            [Rllmin] 
 *               0.0000            [delyjjmin] 
 *                    F            [jetsopphem] 
 *                    0            [lbjscheme] 
 *               0.0000            [ptbjetmin] 
 *              99.0000            [etabjetmax] 

 * [Settings for photon processes]                                                           
 *                    F            [frag] 
 *             GdRG__LO            [fragset] 
 *              80.0000            [frag_scale] 
 *              20.0000            [gammpt] 
 *               2.5000            [gammrap] 
 *              20.0000            [gammpt2] 
 *              20.0000            [gammpt3] 
 *               0.0000            [Rgalmin] 
 *               0.4000            [Rgagamin] 
 *               0.4000            [Rgajetmin] 
 *               0.4000            [cone_ang] 
 *               0.5000            [epsilon_h] 

 * [Anomalous couplings of the W and Z]                                                      
 *               0.0000            [delg1_z] 
 *               0.0000            [delk_z] 
 *               0.0000            [delk_g] 
 *               0.0000            [lambda_z] 
 *               0.0000            [lambda_g] 
 *               0.0000            [h1Z] 
 *               0.0000            [h1gam] 
 *               0.0000            [h2Z] 
 *               0.0000            [h2gam] 
 *               0.0000            [h3Z] 
 *               0.0000            [h3gam] 
 *               0.0000            [h4Z] 
 *               0.0000            [h4gam] 
 *               2.0000            [tevscale] 

 * [Anomalous width of the Higgs]                                                            
 *               1.0000            [Gamma_H/Gamma_H(SM)] 

 * [How to resume/save a run]                                                                
 *                    F            [readin] 
 *                    F            [writeout] 
 *                                 [ingridfile] 
 *                                 [outgridfile] 

 * [Technical parameters that should not normally be changed]

 *                    F            [debug] 
 *                    T            [verbose] 
 *                    F            [new_pspace] 
 *                    F            [virtonly] 
 *                    F            [realonly] 
 *                    T            [spira] 
 *                    F            [noglue] 
 *                    F            [ggonly] 
 *                    F            [gqonly] 
 *                    F            [omitgg] 
 *                    F            [vanillafiles] 
 *                    1            [nmin] 
 *                    2            [nmax] 
 *                    T            [clustering] 
 *                    F            [realwt] 
 *                    0            [colourchoice] 
 *               0.0100            [rtsmin] 
 *               0.0001            [cutoff] 
 *               0.1000            [aii] 
 *               0.1000            [aif] 
 *               0.1000            [afi] 
 *               1.0000            [aff] 
 *               1.0000            [bfi] 
 *               1.0000            [bff] 

 Chooser:process chosen by nproc=         132

 *************************** f(p1)+f(p2) --> ******************************************
 * Z^0(e^-(p3)+e^+(p4)) + Z^0(mu^-(p5)+mu^+(p6) [(gg->ZZ) squared]                    *
 **************************************************************************************

 ************** Electroweak parameters **************
 *                                                  *
 *  zmass(+)   91.1876000     wmass(+)  80.3980000  *
 * zwidth(+)    2.4952000    wwidth(+)   2.1054000  *
 *     Gf(+) 0.116639D-04   1/aemmz    132.3384323  *
 *     xw       0.2226459      mtop(+) 173.2000000  *
 *   gwsq       0.4264904       esq      0.0949563  *
 * top width    1.4743080 (LO)                      *
 *    mb        4.7500000        mc      1.5000000  *
 *                                                  *
 * Parameters marked (+) are input, others derived  *
 ****************************************************

 ****************** Higgs parameters ****************
 *                                                  *
 *   mass(H) =  126.00      width(H) =  0.43070E-02 *
 *                                                  *
 *              Br( H -> b bbar)  =   0.48164       *
 *              Br( H -> tau tau) =   0.06056       *
 *              Br( H -> W W)     =   0.00000       *
 *              Br( H -> Z Z)     =   0.00000       *
 *              Br( H -> gam gam) =   0.00235       *
 *              Br( H -> Z gam)   =   0.00164       *
 ****************************************************
 *                                                  *
 * Note: branching ratios reported here can be > 1  *
 *       since the total Higgs width is calculated  *
 *       at NLO but the BR calculation uses a       *
 *       partial width at LO only.                  *
 *                                                  *
 ****************************************************

 WARNING: Higgs decay H->ZZ is below threshold and
 may not yield sensible results - check the number
 of integration points

 ***************** CKM mixing matrix ****************
 *                                                  *
 *      Vud=.97500    Vus=.22200    Vub=0.0000      *
 *      Vcd=.22200    Vcs=.97500    Vcb=0.0000      *
 ****************************************************

 ************* Strong coupling, alpha_s  ************
 *                                                  *
 *  Dynamic scale - alpha_s changed event-by-event  *
 *       alpha_s (zmass)  0.13939000                *
 *         (using 1-loop running of alpha_s)        *
 ****************************************************

 ****************************************
 *     Cross section in femtobarns      *
 ****************************************


 input parameters for vegas:  ndim= 10  ncall= 472392.
                              it=    0  itmx=   20
                              nprn=  0  alph= 1.50
                              mds=  1   nd= 100
                              xl( 1)=   0.000     xu( 1)=   1.000    
                              xl( 2)=   0.000     xu( 2)=   1.000    
                              xl( 3)=   0.000     xu( 3)=   1.000    
                              xl( 4)=   0.000     xu( 4)=   1.000    
                              xl( 5)=   0.000     xu( 5)=   1.000    
                              xl( 6)=   0.000     xu( 6)=   1.000    
                              xl( 7)=   0.000     xu( 7)=   1.000    
                              xl( 8)=   0.000     xu( 8)=   1.000    
                              xl( 9)=   0.000     xu( 9)=   1.000    
                              xl(10)=   0.000     xu(10)=   1.000    

 ****************** Basic mass cuts *****************
 *                                                  *
 *              0.00  <   m34  <  80000.00           *
 *              0.00  <   m56  <  80000.00           *
 ****************************************************
 *********** CMS Higgs Search cuts******
 *                                     *
 *     pt(mu) >           5.00 GeV     *
 *     pt(el) >           7.00 GeV     *
 *     |eta_mu| <         2.40         *
 *     |eta_el| <         2.50         *
 *     m4lmin >         100.00 GeV     *
 *     m2lmin >           4.00 GeV     *
 *     ptleading >       20.00 GeV     *
 *     ptnexttoleading > 10.00 GeV     *
 *     mllnear >         40.00 GeV     *
 *     mllfar >          12.00 GeV     *
 *     mllmax >         120.00 GeV     *
 ***************************************

 ************** Dynamic scale choice ****************
 *                                                  *
 *                 RENORMALIZATION                  *
 *       mu_ren  =  0.50 x m(3456)                  *
 *                                                  *
 *                  FACTORIZATION                   *
 *       mu_fac  =  0.50 x m(3456)                  *
 *                                                  *
 ****************************************************
 ****************************************************
 *                                                  *
 *  gg->ZZ box loop includes gens. 1 and 2          *
 *  gg->ZZ box loop includes bottom quark           *
 *  gg->ZZ box loop includes top quark              *
 *                                                  *
 *  Numer. stability: pt(Z) > 0.100 GeV (gens. 1,2) *
 *  Numer. stability: pt(Z) > 0.100 GeV (b,t loops) *
 *                                                  *
 ****************************************************
 ====================================================
   This is QCDLoop - version 1.95                    
   Authors: Keith Ellis and Giulia Zanderighi        
   (ellis@fnal.gov, g.zanderighi1@physics.ox.ac.uk)  
   For details see FERMILAB-PUB-07-633-T,OUTP-07/16P 
   arXiv:0712.1851 [hep-ph], published in            
   JHEP 0802:002,2008.                               
 ====================================================
 ====================================================
   FF 2.0, a package to evaluate one-loop integrals
 written by G. J. van Oldenborgh, NIKHEF-H, Amsterdam
 ====================================================
 for the algorithms used see preprint NIKHEF-H 89/17,
 'New Algorithms for One-loop Integrals', by G.J. van
 Oldenborgh and J.A.M. Vermaseren, published in 
 Zeitschrift fuer Physik C46(1990)425.
 ====================================================
 ffini: precx =    4.4408920985006262E-016
 ffini: precc =    4.4408920985006262E-016
 ffini: xalogm =    4.9406564584124654E-324
 ffini: xclogm =    4.9406564584124654E-324
 Reading PDF grid from Pdfdata/mstw2008lo.00.dat

************* Integration by Vegas (iteration   1) **************
*                                                               *
*  integral  =  33.336264       accum. integral =  33.336264    *
*  std. dev. =  2.2957353       accum. std. dev =  2.2957353    *
*   max. wt. =   0.604134                                       *
*                                                               *
**************   chi**2/iteration =  0.000       ****************


************* Integration by Vegas (iteration   2) **************
*                                                               *
*  integral  =  37.781124       accum. integral =  37.749443    *
*  std. dev. = 0.19451257       accum. std. dev = 0.19381812    *
*   max. wt. =   0.604134                                       *
*                                                               *
**************   chi**2/iteration =  3.685       ****************


************* Integration by Vegas (iteration   3) **************
*                                                               *
*  integral  =  38.266842       accum. integral =  38.146715    *
*  std. dev. = 0.10657839       accum. std. dev = 0.93390069E-01*
*   max. wt. =   0.604134                                       *
*                                                               *
**************   chi**2/iteration =  4.574       ****************


************* Integration by Vegas (iteration   4) **************
*                                                               *
*  integral  =  38.370232       accum. integral =  38.256609    *
*  std. dev. = 0.94961211E-01   accum. std. dev = 0.66585284E-01*
*   max. wt. =   0.604134                                       *
*                                                               *
**************   chi**2/iteration =  3.990       ****************


************* Integration by Vegas (iteration   5) **************
*                                                               *
*  integral  =  38.360561       accum. integral =  38.297890    *
*  std. dev. = 0.82042962E-01   accum. std. dev = 0.51700778E-01*
*   max. wt. =   0.604134                                       *
*                                                               *
**************   chi**2/iteration =  3.236       ****************


************* Integration by Vegas (iteration   6) **************
*                                                               *
*  integral  =  38.410296       accum. integral =  38.333453    *
*  std. dev. = 0.75996989E-01   accum. std. dev = 0.42746772E-01*
*   max. wt. =   0.604134                                       *
*                                                               *
**************   chi**2/iteration =  2.889       ****************


************* Integration by Vegas (iteration   7) **************
*                                                               *
*  integral  =  38.603008       accum. integral =  38.392978    *
*  std. dev. = 0.80295960E-01   accum. std. dev = 0.37732898E-01*
*   max. wt. =   0.604134                                       *
*                                                               *
**************   chi**2/iteration =  3.869       ****************


************* Integration by Vegas (iteration   8) **************
*                                                               *
*  integral  =  38.446560       accum. integral =  38.403316    *
*  std. dev. = 0.77174588E-01   accum. std. dev = 0.33898109E-01*
*   max. wt. =   0.604134                                       *
*                                                               *
**************   chi**2/iteration =  3.373       ****************


************* Integration by Vegas (iteration   9) **************
*                                                               *
*  integral  =  38.321429       accum. integral =  38.387856    *
*  std. dev. = 0.70265226E-01   accum. std. dev = 0.30530915E-01*
*   max. wt. =   0.604134                                       *
*                                                               *
**************   chi**2/iteration =  3.089       ****************


************* Integration by Vegas (iteration  10) **************
*                                                               *
*  integral  =  38.421747       accum. integral =  38.393141    *
*  std. dev. = 0.71029397E-01   accum. std. dev = 0.28049491E-01*
*   max. wt. =   0.604134                                       *
*                                                               *
**************   chi**2/iteration =  2.768       ****************


************* Integration by Vegas (iteration  11) **************
*                                                               *
*  integral  =  38.338827       accum. integral =  38.385874    *
*  std. dev. = 0.71373123E-01   accum. std. dev = 0.26105854E-01*
*   max. wt. =   0.604134                                       *
*                                                               *
**************   chi**2/iteration =  2.541       ****************


************* Integration by Vegas (iteration  12) **************
*                                                               *
*  integral  =  38.393743       accum. integral =  38.386668    *
*  std. dev. = 0.77940007E-01   accum. std. dev = 0.24754170E-01*
*   max. wt. =   0.604134                                       *
*                                                               *
**************   chi**2/iteration =  2.311       ****************


************* Integration by Vegas (iteration  13) **************
*                                                               *
*  integral  =  38.485265       accum. integral =  38.395991    *
*  std. dev. = 0.76599550E-01   accum. std. dev = 0.23554743E-01*
*   max. wt. =   0.604134                                       *
*                                                               *
**************   chi**2/iteration =  2.244       ****************


************* Integration by Vegas (iteration  14) **************
*                                                               *
*  integral  =  38.374341       accum. integral =  38.393912    *
*  std. dev. = 0.72264920E-01   accum. std. dev = 0.22395102E-01*
*   max. wt. =   0.604134                                       *
*                                                               *
**************   chi**2/iteration =  2.078       ****************


************* Integration by Vegas (iteration  15) **************
*                                                               *
*  integral  =  38.401984       accum. integral =  38.394645    *
*  std. dev. = 0.70863845E-01   accum. std. dev = 0.21354106E-01*
*   max. wt. =   0.604134                                       *
*                                                               *
**************   chi**2/iteration =  1.930       ****************


************* Integration by Vegas (iteration  16) **************
*                                                               *
*  integral  =  38.451162       accum. integral =  38.399104    *
*  std. dev. = 0.72966737E-01   accum. std. dev = 0.20494486E-01*
*   max. wt. =   0.604134                                       *
*                                                               *
**************   chi**2/iteration =  1.838       ****************


************* Integration by Vegas (iteration  17) **************
*                                                               *
*  integral  =  38.365099       accum. integral =  38.397451    *
*  std. dev. = 0.90667942E-01   accum. std. dev = 0.19990163E-01*
*   max. wt. =   0.604134                                       *
*                                                               *
**************   chi**2/iteration =  1.732       ****************


************* Integration by Vegas (iteration  18) **************
*                                                               *
*  integral  =  38.461842       accum. integral =  38.400391    *
*  std. dev. = 0.91384960E-01   accum. std. dev = 0.19528404E-01*
*   max. wt. =   0.604134                                       *
*                                                               *
**************   chi**2/iteration =  1.658       ****************


************* Integration by Vegas (iteration  19) **************
*                                                               *
*  integral  =  38.400451       accum. integral =  38.400395    *
*  std. dev. = 0.77434048E-01   accum. std. dev = 0.18935519E-01*
*   max. wt. =   0.604134                                       *
*                                                               *
**************   chi**2/iteration =  1.566       ****************


************* Integration by Vegas (iteration  20) **************
*                                                               *
*  integral  =  38.344121       accum. integral =  38.397084    *
*  std. dev. = 0.75730470E-01   accum. std. dev = 0.18369986E-01*
*   max. wt. =   0.604134                                       *
*                                                               *
**************   chi**2/iteration =  1.511       ****************


 input parameters for vegas:  ndim= 10  ncall= 472392.
                              it=   21  itmx=   50
                              nprn=  0  alph= 1.50
                              mds=  1   nd= 100
                              xl( 1)=   0.000     xu( 1)=   1.000    
                              xl( 2)=   0.000     xu( 2)=   1.000    
                              xl( 3)=   0.000     xu( 3)=   1.000    
                              xl( 4)=   0.000     xu( 4)=   1.000    
                              xl( 5)=   0.000     xu( 5)=   1.000    
                              xl( 6)=   0.000     xu( 6)=   1.000    
                              xl( 7)=   0.000     xu( 7)=   1.000    
                              xl( 8)=   0.000     xu( 8)=   1.000    
                              xl( 9)=   0.000     xu( 9)=   1.000    
                              xl(10)=   0.000     xu(10)=   1.000    

************* Integration by Vegas (iteration   1) **************
*                                                               *
*  integral  =  38.334586       accum. integral =  38.334586    *
*  std. dev. = 0.72363566E-01   accum. std. dev = 0.72363566E-01*
*   max. wt. =   0.787280E-02                                   *
*                                                               *
**************   chi**2/iteration =  0.000       ****************

 Writing out intermediate results for iteration           1

************* Integration by Vegas (iteration   2) **************
*                                                               *
*  integral  =  38.427268       accum. integral =  38.378430    *
*  std. dev. = 0.76373411E-01   accum. std. dev = 0.52529157E-01*
*   max. wt. =   0.172981E-01                                   *
*                                                               *
**************   chi**2/iteration = 0.7683       ****************

 Writing out intermediate results for iteration           2

************* Integration by Vegas (iteration   3) **************
*                                                               *
*  integral  =  38.421764       accum. integral =  38.391955    *
*  std. dev. = 0.77985088E-01   accum. std. dev = 0.43567400E-01*
*   max. wt. =   0.192372E-01                                   *
*                                                               *
**************   chi**2/iteration = 0.4917       ****************

 Writing out intermediate results for iteration           3

************* Integration by Vegas (iteration   4) **************
*                                                               *
*  integral  =  38.319842       accum. integral =  38.372988    *
*  std. dev. = 0.72929132E-01   accum. std. dev = 0.37401675E-01*
*   max. wt. =   0.192372E-01                                   *
*                                                               *
**************   chi**2/iteration = 0.5678       ****************

 Writing out intermediate results for iteration           4

************* Integration by Vegas (iteration   5) **************
*                                                               *
*  integral  =  38.292001       accum. integral =  38.355636    *
*  std. dev. = 0.71623509E-01   accum. std. dev = 0.33153513E-01*
*   max. wt. =   0.192372E-01                                   *
*                                                               *
**************   chi**2/iteration = 0.6767       ****************

 Writing out intermediate results for iteration           5

************* Integration by Vegas (iteration   6) **************
*                                                               *
*  integral  =  38.345472       accum. integral =  38.353993    *
*  std. dev. = 0.75517675E-01   accum. std. dev = 0.30356903E-01*
*   max. wt. =   0.275559E-01                                   *
*                                                               *
**************   chi**2/iteration = 0.5447       ****************

 Writing out intermediate results for iteration           6

************* Integration by Vegas (iteration   7) **************
*                                                               *
*  integral  =  38.382122       accum. integral =  38.357920    *
*  std. dev. = 0.75369577E-01   accum. std. dev = 0.28158662E-01*
*   max. wt. =   0.275559E-01                                   *
*                                                               *
**************   chi**2/iteration = 0.4740       ****************

 Writing out intermediate results for iteration           7

************* Integration by Vegas (iteration   8) **************
*                                                               *
*  integral  =  38.421453       accum. integral =  38.366048    *
*  std. dev. = 0.73517909E-01   accum. std. dev = 0.26295814E-01*
*   max. wt. =   0.275559E-01                                   *
*                                                               *
**************   chi**2/iteration = 0.4993       ****************

 Writing out intermediate results for iteration           8

************* Integration by Vegas (iteration   9) **************
*                                                               *
*  integral  =  38.374301       accum. integral =  38.366778    *
*  std. dev. = 0.84367818E-01   accum. std. dev = 0.25104677E-01*
*   max. wt. =   0.347257E-01                                   *
*                                                               *
**************   chi**2/iteration = 0.4380       ****************

 Writing out intermediate results for iteration           9

************* Integration by Vegas (iteration  10) **************
*                                                               *
*  integral  =  38.392496       accum. integral =  38.369072    *
*  std. dev. = 0.80219266E-01   accum. std. dev = 0.23958835E-01*
*   max. wt. =   0.347257E-01                                   *
*                                                               *
**************   chi**2/iteration = 0.3998       ****************

 Writing out intermediate results for iteration          10

************* Integration by Vegas (iteration  11) **************
*                                                               *
*  integral  =  38.364443       accum. integral =  38.368624    *
*  std. dev. = 0.73168309E-01   accum. std. dev = 0.22769227E-01*
*   max. wt. =   0.347257E-01                                   *
*                                                               *
**************   chi**2/iteration = 0.3602       ****************

 Writing out intermediate results for iteration          11

************* Integration by Vegas (iteration  12) **************
*                                                               *
*  integral  =  38.297429       accum. integral =  38.362123    *
*  std. dev. = 0.71827932E-01   accum. std. dev = 0.21704802E-01*
*   max. wt. =   0.347257E-01                                   *
*                                                               *
**************   chi**2/iteration = 0.4086       ****************

 Writing out intermediate results for iteration          12

************* Integration by Vegas (iteration  13) **************
*                                                               *
*  integral  =  38.375293       accum. integral =  38.363219    *
*  std. dev. = 0.72051355E-01   accum. std. dev = 0.20782319E-01*
*   max. wt. =   0.347257E-01                                   *
*                                                               *
**************   chi**2/iteration = 0.3771       ****************

 Writing out intermediate results for iteration          13

************* Integration by Vegas (iteration  14) **************
*                                                               *
*  integral  =  38.343443       accum. integral =  38.361708    *
*  std. dev. = 0.72260542E-01   accum. std. dev = 0.19972705E-01*
*   max. wt. =   0.347257E-01                                   *
*                                                               *
**************   chi**2/iteration = 0.3535       ****************

 Writing out intermediate results for iteration          14

************* Integration by Vegas (iteration  15) **************
*                                                               *
*  integral  =  38.447152       accum. integral =  38.366953    *
*  std. dev. = 0.78099948E-01   accum. std. dev = 0.19349988E-01*
*   max. wt. =   0.347257E-01                                   *
*                                                               *
**************   chi**2/iteration = 0.4084       ****************

 Writing out intermediate results for iteration          15

************* Integration by Vegas (iteration  16) **************
*                                                               *
*  integral  =  38.378043       accum. integral =  38.367566    *
*  std. dev. = 0.79998183E-01   accum. std. dev = 0.18807628E-01*
*   max. wt. =   0.347257E-01                                   *
*                                                               *
**************   chi**2/iteration = 0.3824       ****************

 Writing out intermediate results for iteration          16

************* Integration by Vegas (iteration  17) **************
*                                                               *
*  integral  =  38.351797       accum. integral =  38.366665    *
*  std. dev. = 0.76407015E-01   accum. std. dev = 0.18262501E-01*
*   max. wt. =   0.347257E-01                                   *
*                                                               *
**************   chi**2/iteration = 0.3610       ****************

 Writing out intermediate results for iteration          17

************* Integration by Vegas (iteration  18) **************
*                                                               *
*  integral  =  38.494460       accum. integral =  38.373987    *
*  std. dev. = 0.74077093E-01   accum. std. dev = 0.17731595E-01*
*   max. wt. =   0.347257E-01                                   *
*                                                               *
**************   chi**2/iteration = 0.5048       ****************

 Writing out intermediate results for iteration          18

************* Integration by Vegas (iteration  19) **************
*                                                               *
*  integral  =  38.479227       accum. integral =  38.379899    *
*  std. dev. = 0.72680971E-01   accum. std. dev = 0.17226358E-01*
*   max. wt. =   0.347257E-01                                   *
*                                                               *
**************   chi**2/iteration = 0.5866       ****************

 Writing out intermediate results for iteration          19

************* Integration by Vegas (iteration  20) **************
*                                                               *
*  integral  =  38.472461       accum. integral =  38.384510    *
*  std. dev. = 0.75232202E-01   accum. std. dev = 0.16791786E-01*
*   max. wt. =   0.347257E-01                                   *
*                                                               *
**************   chi**2/iteration = 0.6314       ****************

 Writing out intermediate results for iteration          20

************* Integration by Vegas (iteration  21) **************
*                                                               *
*  integral  =  38.444136       accum. integral =  38.387400    *
*  std. dev. = 0.74411491E-01   accum. std. dev = 0.16379907E-01*
*   max. wt. =   0.347257E-01                                   *
*                                                               *
**************   chi**2/iteration = 0.6304       ****************

 Writing out intermediate results for iteration          21

************* Integration by Vegas (iteration  22) **************
*                                                               *
*  integral  =  38.368053       accum. integral =  38.386482    *
*  std. dev. = 0.73402126E-01   accum. std. dev = 0.15986696E-01*
*   max. wt. =   0.347257E-01                                   *
*                                                               *
**************   chi**2/iteration = 0.6035       ****************

 Writing out intermediate results for iteration          22

************* Integration by Vegas (iteration  23) **************
*                                                               *
*  integral  =  38.331362       accum. integral =  38.384144    *
*  std. dev. = 0.75955419E-01   accum. std. dev = 0.15643941E-01*
*   max. wt. =   0.347257E-01                                   *
*                                                               *
**************   chi**2/iteration = 0.5990       ****************

 Writing out intermediate results for iteration          23

************* Integration by Vegas (iteration  24) **************
*                                                               *
*  integral  =  38.430457       accum. integral =  38.386093    *
*  std. dev. = 0.74634956E-01   accum. std. dev = 0.15311209E-01*
*   max. wt. =   0.347257E-01                                   *
*                                                               *
**************   chi**2/iteration = 0.5890       ****************

 Writing out intermediate results for iteration          24

************* Integration by Vegas (iteration  25) **************
*                                                               *
*  integral  =  38.413611       accum. integral =  38.387089    *
*  std. dev. = 0.78984555E-01   accum. std. dev = 0.15031388E-01*
*   max. wt. =   0.347257E-01                                   *
*                                                               *
**************   chi**2/iteration = 0.5694       ****************

 Writing out intermediate results for iteration          25

************* Integration by Vegas (iteration  26) **************
*                                                               *
*  integral  =  38.318243       accum. integral =  38.384446    *
*  std. dev. = 0.75224111E-01   accum. std. dev = 0.14739995E-01*
*   max. wt. =   0.347257E-01                                   *
*                                                               *
**************   chi**2/iteration = 0.5788       ****************

 Writing out intermediate results for iteration          26

************* Integration by Vegas (iteration  27) **************
*                                                               *
*  integral  =  38.333240       accum. integral =  38.382437    *
*  std. dev. = 0.72937364E-01   accum. std. dev = 0.14447915E-01*
*   max. wt. =   0.347257E-01                                   *
*                                                               *
**************   chi**2/iteration = 0.5747       ****************

 Writing out intermediate results for iteration          27

************* Integration by Vegas (iteration  28) **************
*                                                               *
*  integral  =  38.331754       accum. integral =  38.380495    *
*  std. dev. = 0.72388139E-01   accum. std. dev = 0.14168463E-01*
*   max. wt. =   0.347257E-01                                   *
*                                                               *
**************   chi**2/iteration = 0.5709       ****************

 Writing out intermediate results for iteration          28

************* Integration by Vegas (iteration  29) **************
*                                                               *
*  integral  =  38.406171       accum. integral =  38.381302    *
*  std. dev. = 0.78645203E-01   accum. std. dev = 0.13943984E-01*
*   max. wt. =   0.347257E-01                                   *
*                                                               *
**************   chi**2/iteration = 0.5542       ****************

 Writing out intermediate results for iteration          29

************* Integration by Vegas (iteration  30) **************
*                                                               *
*  integral  =  38.318789       accum. integral =  38.379267    *
*  std. dev. = 0.76004235E-01   accum. std. dev = 0.13715078E-01*
*   max. wt. =   0.347257E-01                                   *
*                                                               *
**************   chi**2/iteration = 0.5577       ****************

 Writing out intermediate results for iteration          30

************* Integration by Vegas (iteration  31) **************
*                                                               *
*  integral  =  38.385015       accum. integral =  38.379451    *
*  std. dev. = 0.75375005E-01   accum. std. dev = 0.13493521E-01*
*   max. wt. =   0.347257E-01                                   *
*                                                               *
**************   chi**2/iteration = 0.5393       ****************

 Writing out intermediate results for iteration          31

************* Integration by Vegas (iteration  32) **************
*                                                               *
*  integral  =  38.239591       accum. integral =  38.374862    *
*  std. dev. = 0.73259835E-01   accum. std. dev = 0.13270301E-01*
*   max. wt. =   0.347257E-01                                   *
*                                                               *
**************   chi**2/iteration = 0.6356       ****************

 Writing out intermediate results for iteration          32

************* Integration by Vegas (iteration  33) **************
*                                                               *
*  integral  =  38.388303       accum. integral =  38.375193    *
*  std. dev. = 0.83480155E-01   accum. std. dev = 0.13105747E-01*
*   max. wt. =   0.413207E-01                                   *
*                                                               *
**************   chi**2/iteration = 0.6165       ****************

 Writing out intermediate results for iteration          33

************* Integration by Vegas (iteration  34) **************
*                                                               *
*  integral  =  38.354544       accum. integral =  38.374786    *
*  std. dev. = 0.92353263E-01   accum. std. dev = 0.12975745E-01*
*   max. wt. =   0.413207E-01                                   *
*                                                               *
**************   chi**2/iteration = 0.5993       ****************

 Writing out intermediate results for iteration          34

************* Integration by Vegas (iteration  35) **************
*                                                               *
*  integral  =  38.294031       accum. integral =  38.372918    *
*  std. dev. = 0.84344590E-01   accum. std. dev = 0.12824867E-01*
*   max. wt. =   0.413207E-01                                   *
*                                                               *
**************   chi**2/iteration = 0.6080       ****************

 Writing out intermediate results for iteration          35

************* Integration by Vegas (iteration  36) **************
*                                                               *
*  integral  =  38.457066       accum. integral =  38.374875    *
*  std. dev. = 0.83129744E-01   accum. std. dev = 0.12674917E-01*
*   max. wt. =   0.413207E-01                                   *
*                                                               *
**************   chi**2/iteration = 0.6192       ****************

 Writing out intermediate results for iteration          36

************* Integration by Vegas (iteration  37) **************
*                                                               *
*  integral  =  38.380208       accum. integral =  38.375018    *
*  std. dev. = 0.76199177E-01   accum. std. dev = 0.12503124E-01*
*   max. wt. =   0.413207E-01                                   *
*                                                               *
**************   chi**2/iteration = 0.6022       ****************

 Writing out intermediate results for iteration          37

************* Integration by Vegas (iteration  38) **************
*                                                               *
*  integral  =  38.469028       accum. integral =  38.377489    *
*  std. dev. = 0.76098624E-01   accum. std. dev = 0.12337705E-01*
*   max. wt. =   0.413207E-01                                   *
*                                                               *
**************   chi**2/iteration = 0.6261       ****************

 Writing out intermediate results for iteration          38

************* Integration by Vegas (iteration  39) **************
*                                                               *
*  integral  =  38.380991       accum. integral =  38.377581    *
*  std. dev. = 0.75057421E-01   accum. std. dev = 0.12174327E-01*
*   max. wt. =   0.413207E-01                                   *
*                                                               *
**************   chi**2/iteration = 0.6096       ****************

 Writing out intermediate results for iteration          39

************* Integration by Vegas (iteration  40) **************
*                                                               *
*  integral  =  38.363924       accum. integral =  38.377392    *
*  std. dev. = 0.10271559       accum. std. dev = 0.12089705E-01*
*   max. wt. =   0.712130E-01                                   *
*                                                               *
**************   chi**2/iteration = 0.5945       ****************

 Writing out intermediate results for iteration          40

************* Integration by Vegas (iteration  41) **************
*                                                               *
*  integral  =  38.193743       accum. integral =  38.374704    *
*  std. dev. = 0.99182037E-01   accum. std. dev = 0.12000878E-01*
*   max. wt. =   0.712130E-01                                   *
*                                                               *
**************   chi**2/iteration = 0.6640       ****************

 Writing out intermediate results for iteration          41

************* Integration by Vegas (iteration  42) **************
*                                                               *
*  integral  =  38.472364       accum. integral =  38.376754    *
*  std. dev. = 0.81940017E-01   accum. std. dev = 0.11874201E-01*
*   max. wt. =   0.712130E-01                                   *
*                                                               *
**************   chi**2/iteration = 0.6818       ****************

 Writing out intermediate results for iteration          42

************* Integration by Vegas (iteration  43) **************
*                                                               *
*  integral  =  38.290299       accum. integral =  38.374733    *
*  std. dev. = 0.76751520E-01   accum. std. dev = 0.11734597E-01*
*   max. wt. =   0.712130E-01                                   *
*                                                               *
**************   chi**2/iteration = 0.6950       ****************

 Writing out intermediate results for iteration          43

************* Integration by Vegas (iteration  44) **************
*                                                               *
*  integral  =  38.425810       accum. integral =  38.375910    *
*  std. dev. = 0.76405555E-01   accum. std. dev = 0.11598602E-01*
*   max. wt. =   0.712130E-01                                   *
*                                                               *
**************   chi**2/iteration = 0.6890       ****************

 Writing out intermediate results for iteration          44

************* Integration by Vegas (iteration  45) **************
*                                                               *
*  integral  =  38.476184       accum. integral =  38.378116    *
*  std. dev. = 0.77341185E-01   accum. std. dev = 0.11470335E-01*
*   max. wt. =   0.712130E-01                                   *
*                                                               *
**************   chi**2/iteration = 0.7107       ****************

 Writing out intermediate results for iteration          45

************* Integration by Vegas (iteration  46) **************
*                                                               *
*  integral  =  38.260686       accum. integral =  38.375485    *
*  std. dev. = 0.75762747E-01   accum. std. dev = 0.11341095E-01*
*   max. wt. =   0.712130E-01                                   *
*                                                               *
**************   chi**2/iteration = 0.7471       ****************

 Writing out intermediate results for iteration          46

************* Integration by Vegas (iteration  47) **************
*                                                               *
*  integral  =  38.448861       accum. integral =  38.376888    *
*  std. dev. = 0.81205291E-01   accum. std. dev = 0.11232084E-01*
*   max. wt. =   0.712130E-01                                   *
*                                                               *
**************   chi**2/iteration = 0.7483       ****************

 Writing out intermediate results for iteration          47

************* Integration by Vegas (iteration  48) **************
*                                                               *
*  integral  =  38.476847       accum. integral =  38.378784    *
*  std. dev. = 0.80781554E-01   accum. std. dev = 0.11125059E-01*
*   max. wt. =   0.712130E-01                                   *
*                                                               *
**************   chi**2/iteration = 0.7643       ****************

 Writing out intermediate results for iteration          48

************* Integration by Vegas (iteration  49) **************
*                                                               *
*  integral  =  38.356836       accum. integral =  38.378286    *
*  std. dev. = 0.72985779E-01   accum. std. dev = 0.10998028E-01*
*   max. wt. =   0.712130E-01                                   *
*                                                               *
**************   chi**2/iteration = 0.7502       ****************

 Writing out intermediate results for iteration          49

************* Integration by Vegas (iteration  50) **************
*                                                               *
*  integral  =  38.463382       accum. integral =  38.379398    *
*  std. dev. = 0.95555913E-01   accum. std. dev = 0.10925898E-01*
*   max. wt. =   0.712130E-01                                   *
*                                                               *
**************   chi**2/iteration = 0.7509       ****************


Value of final lord integral is       38.3794 +/-     0.0109 fb

 Total number of shots       :     23619600
 Total no. failing cuts      :      9174443
 Number failing jet cuts     :            0
 Number failing process cuts :            0

   Jet efficiency : 100.00%
   Cut efficiency : 100.00%
 Total efficiency : 100.00%

 Contribution from parton sub-processes:
 ---------------------------------------
       GG     |          38.37940  100.00%
       GQ     |           0.00000    0.00%
       GQB    |           0.00000    0.00%
       QG     |           0.00000    0.00%
       QBG    |           0.00000    0.00%
       QQ     |           0.00000    0.00%
       QBQB   |           0.00000    0.00%
       QQB    |           0.00000    0.00%
       QBQ    |           0.00000    0.00%
 ---------------------------------------

 ****************************************************
 output files  E_var/E_80/MSTW/TOP/ggZZbx_lord_mstw8lo_0___0___132_run_80
 ****************************************************
