 ************** MCFM - version 6.8 ****************
 *                                                *
 * MCFM, v6.8                   April 26th, 2014  *
 *                                                *
 * Authors: John Campbell, Keith Ellis,           *
 *          Ciaran Williams                       *
 *         (johnmc@fnal.gov, ellis@fnal.gov,      *
 *          ciaran@fnal.gov)                      *
 *                                                *
 * For details see:                               *
 *                                                *
 *  arXiv:1403.2641 (Triphoton production)        *
 *  arXiv:1312.1628 (gg->WW, Higgs interference)  *
 *  arXiv:1311.3589 (gg->ZZ, Higgs interference)  *
 *  Phys.Rev.D87:114006, arXiv:1302.3856          *
 *  (tZ, tH -- with R. Rontsch)                   *
 *  arXiv:1211.6390 (DM, P. Fox and C. Williams)  *
 *  JHEP 1211:162 (2012), arXiv:1208.0566         *
 *  (Z+gam+jet,Z+gam+gam -- with H. Hartanto)     *
 *  arXiv:1204.1513 (top production+decay)        *
 *  JHEP 1207:052 (2012), arXiv:1204.5678 (ttW)   *
 *  JHEP 1110:005 (2011), arXiv:1107.5569         *
 *         (gg->WW,Higgs intference)              *
 *  JHEP 1107:018 (2011), arXiv:1105.0020         *
 *         (diboson update)                       *
 *  JHEP 1103:027 (2011), arXiv:1011.6647         *
 *         (Wbb for mb>0, with S. Badger)         *
 *  Phys.Rev.D81:074023, arXiv:1001.4495 (H+2jet) *
 *                                                *
 *  P.R.L. 102:142001, arXiv:0903.0005 [hep-ph]   *
 *    (t-channel single top + explicit b,         *
 *      JC, R.Frederix, F.Maltoni, F.Tramontano)  *
 *  N.P.B 726:109(2005), hep-ph/0506289 (W+t)     *
 *  Phys.Rev.D70:094012, hep-ph/0408158 (Sngl Top)*
 *       (with Francesco Tramontano)              *
 *                                                *
 *  Phys.Rev.D65:113007, hep-ph/0202176 (W,Z+2j)  *
 *  Phys.Rev.D62:114012, hep-ph/0006304 (W,Z+bb)  *
 *  Phys.Rev.D60:113006, hep-ph/9905386 (diboson) *
 *                                                *
 * On the web:  http://mcfm.fnal.gov/             *
 **************************************************

 * Using input file named E_var/E_80/CTEQ/HHTOP/input_129_80.DAT                                  

 * [Flags to specify the mode in which MCFM is run]                                          
 *                   -1            [nevtrequested] 
 *                    F            [creatent] 
 *                    F            [skipnt] 
 *                    F            [dswhisto] 
 *                    F            [creategrid] 
 *                    T            [writetop] 
 *                    T            [writedat] 
 *                    T            [writegnu] 
 *                    T            [writeroot] 
 *                    F            [writepwg] 

 * [General options to specify the process and execution]                                    
 *                  129            [nproc] 
 *                 lord            [part] 
 * 129_run_80                      [runstring] 
 *           80000.0000            [sqrts] 
 *                    1            [ih1] 
 *                    1            [ih2] 
 *             126.0000            [hmass] 
 *               0.5000            [scale] 
 *               0.5000            [facscale] 
 * m(3456)                         [dynamicscale] 
 *                    F            [zerowidth] 
 *                    F            [removebr] 
 *                   20            [itmx1] 
 *              1000000            [ncall1] 
 *                   50            [itmx2] 
 *              1000000            [ncall2] 
 *                 2020            [ij] 
 *                    F            [dryrun] 
 *                    T            [Qflag] 
 *                    T            [Gflag] 

 * [Heavy quark masses]                                                                      
 *             173.2000            [top mass] 
 *               4.7500            [bottom mass] 
 *               1.5000            [charm mass] 

 * [Pdf selection]                                                                           
 *              cteq6_l            [pdlabel] 
 *                    4            [NGROUP] 
 *                   46            [NSET] 
 * cteq6mE.LHgrid                  [LHAPDF group] 
 *                   -1            [LHAPDF set] 

 * [Jet definition and event cuts]                                                           
 *               0.0000            [m34min] 
 *           80000.0000            [m34max] 
 *               0.0000            [m56min] 
 *           80000.0000            [m56max] 
 *                    T            [inclusive] 
 *                 ankt            [algorithm] 
 *              15.0000            [ptjetmin] 
 *               0.0000            [etajetmin] 
 *               5.0000            [etajetmax] 
 *               0.5000            [Rcut] 
 *                    T            [makecuts] 
 *               0.0000            [leptpt] 
 *              99.0000            [leptrap] 
 *    0.000,   0.000                [leptveto] 
 *               0.0000            [misspt] 
 *               0.0000            [leptpt2] 
 *              99.0000            [leptrap2] 
 *    0.000,   0.000                [leptveto2] 
 *               0.0000            [mtrans34cut] 
 *               0.0000            [Rjlmin] 
 *               0.0000            [Rllmin] 
 *               0.0000            [delyjjmin] 
 *                    F            [jetsopphem] 
 *                    0            [lbjscheme] 
 *               0.0000            [ptbjetmin] 
 *              99.0000            [etabjetmax] 

 * [Settings for photon processes]                                                           
 *                    F            [frag] 
 *             GdRG__LO            [fragset] 
 *              80.0000            [frag_scale] 
 *              20.0000            [gammpt] 
 *               2.5000            [gammrap] 
 *              20.0000            [gammpt2] 
 *              20.0000            [gammpt3] 
 *               0.0000            [Rgalmin] 
 *               0.4000            [Rgagamin] 
 *               0.4000            [Rgajetmin] 
 *               0.4000            [cone_ang] 
 *               0.5000            [epsilon_h] 

 * [Anomalous couplings of the W and Z]                                                      
 *               0.0000            [delg1_z] 
 *               0.0000            [delk_z] 
 *               0.0000            [delk_g] 
 *               0.0000            [lambda_z] 
 *               0.0000            [lambda_g] 
 *               0.0000            [h1Z] 
 *               0.0000            [h1gam] 
 *               0.0000            [h2Z] 
 *               0.0000            [h2gam] 
 *               0.0000            [h3Z] 
 *               0.0000            [h3gam] 
 *               0.0000            [h4Z] 
 *               0.0000            [h4gam] 
 *               2.0000            [tevscale] 

 * [Anomalous width of the Higgs]                                                            
 *               1.0000            [Gamma_H/Gamma_H(SM)] 

 * [How to resume/save a run]                                                                
 *                    F            [readin] 
 *                    F            [writeout] 
 *                                 [ingridfile] 
 *                                 [outgridfile] 

 * [Technical parameters that should not normally be changed]

 *                    F            [debug] 
 *                    T            [verbose] 
 *                    F            [new_pspace] 
 *                    F            [virtonly] 
 *                    F            [realonly] 
 *                    T            [spira] 
 *                    F            [noglue] 
 *                    F            [ggonly] 
 *                    F            [gqonly] 
 *                    F            [omitgg] 
 *                    F            [vanillafiles] 
 *                    1            [nmin] 
 *                    2            [nmax] 
 *                    T            [clustering] 
 *                    F            [realwt] 
 *                    0            [colourchoice] 
 *               0.0100            [rtsmin] 
 *               0.0001            [cutoff] 
 *               0.1000            [aii] 
 *               0.1000            [aif] 
 *               0.1000            [afi] 
 *               1.0000            [aff] 
 *               1.0000            [bfi] 
 *               1.0000            [bff] 

 Chooser:process chosen by nproc=         129

 *************************** f(p1)+f(p2) --> ******************************************
 * H(--> Z^0(e^-(p3)+e^+(p4)) + Z^0(mu^-(p5)+mu^+(p6)) [only H, gg->ZZ intf.]         *
 **************************************************************************************

 ************** Electroweak parameters **************
 *                                                  *
 *  zmass(+)   91.1876000     wmass(+)  80.3980000  *
 * zwidth(+)    2.4952000    wwidth(+)   2.1054000  *
 *     Gf(+) 0.116639D-04   1/aemmz    132.3384323  *
 *     xw       0.2226459      mtop(+) 173.2000000  *
 *   gwsq       0.4264904       esq      0.0949563  *
 * top width    1.4743080 (LO)                      *
 *    mb        4.7500000        mc      1.5000000  *
 *                                                  *
 * Parameters marked (+) are input, others derived  *
 ****************************************************

 ****************** Higgs parameters ****************
 *                                                  *
 *   mass(H) =  126.00      width(H) =  0.43070E-02 *
 *                                                  *
 *              Br( H -> b bbar)  =   0.56954       *
 *              Br( H -> tau tau) =   0.06056       *
 *              Br( H -> W W)     =   0.00000       *
 *              Br( H -> Z Z)     =   0.00000       *
 *              Br( H -> gam gam) =   0.00235       *
 *              Br( H -> Z gam)   =   0.00164       *
 ****************************************************
 *                                                  *
 * Note: branching ratios reported here can be > 1  *
 *       since the total Higgs width is calculated  *
 *       at NLO but the BR calculation uses a       *
 *       partial width at LO only.                  *
 *                                                  *
 ****************************************************

 WARNING: Higgs decay H->ZZ is below threshold and
 may not yield sensible results - check the number
 of integration points

 ***************** CKM mixing matrix ****************
 *                                                  *
 *      Vud=.97500    Vus=.22200    Vub=0.0000      *
 *      Vcd=.22200    Vcs=.97500    Vcb=0.0000      *
 ****************************************************

 ************* Strong coupling, alpha_s  ************
 *                                                  *
 *  Dynamic scale - alpha_s changed event-by-event  *
 *       alpha_s (zmass)  0.11800000                *
 *         (using 1-loop running of alpha_s)        *
 ****************************************************

 ****************************************
 *     Cross section in femtobarns      *
 ****************************************


 input parameters for vegas:  ndim= 10  ncall= 944784.
                              it=    0  itmx=   20
                              nprn=  0  alph= 1.50
                              mds=  1   nd= 100
                              xl( 1)=   0.000     xu( 1)=   1.000    
                              xl( 2)=   0.000     xu( 2)=   1.000    
                              xl( 3)=   0.000     xu( 3)=   1.000    
                              xl( 4)=   0.000     xu( 4)=   1.000    
                              xl( 5)=   0.000     xu( 5)=   1.000    
                              xl( 6)=   0.000     xu( 6)=   1.000    
                              xl( 7)=   0.000     xu( 7)=   1.000    
                              xl( 8)=   0.000     xu( 8)=   1.000    
                              xl( 9)=   0.000     xu( 9)=   1.000    
                              xl(10)=   0.000     xu(10)=   1.000    

 ****************** Basic mass cuts *****************
 *                                                  *
 *              0.00  <   m34  <  80000.00           *
 *              0.00  <   m56  <  80000.00           *
 ****************************************************
 *********** CMS Higgs Search cuts******
 *                                     *
 *     pt(mu) >           5.00 GeV     *
 *     pt(el) >           7.00 GeV     *
 *     |eta_mu| <         2.40         *
 *     |eta_el| <         2.50         *
 *     m4lmin >         100.00 GeV     *
 *     m2lmin >           4.00 GeV     *
 *     ptleading >       20.00 GeV     *
 *     ptnexttoleading > 10.00 GeV     *
 *     mllnear >         40.00 GeV     *
 *     mllfar >          12.00 GeV     *
 *     mllmax >         120.00 GeV     *
 ***************************************

 ************** Dynamic scale choice ****************
 *                                                  *
 *                 RENORMALIZATION                  *
 *       mu_ren  =  0.50 x m(3456)                  *
 *                                                  *
 *                  FACTORIZATION                   *
 *       mu_fac  =  0.50 x m(3456)                  *
 *                                                  *
 ****************************************************
 ====================================================
   This is QCDLoop - version 1.95                    
   Authors: Keith Ellis and Giulia Zanderighi        
   (ellis@fnal.gov, g.zanderighi1@physics.ox.ac.uk)  
   For details see FERMILAB-PUB-07-633-T,OUTP-07/16P 
   arXiv:0712.1851 [hep-ph], published in            
   JHEP 0802:002,2008.                               
 ====================================================
 ====================================================
   FF 2.0, a package to evaluate one-loop integrals
 written by G. J. van Oldenborgh, NIKHEF-H, Amsterdam
 ====================================================
 for the algorithms used see preprint NIKHEF-H 89/17,
 'New Algorithms for One-loop Integrals', by G.J. van
 Oldenborgh and J.A.M. Vermaseren, published in 
 Zeitschrift fuer Physik C46(1990)425.
 ====================================================
 ffini: precx =   4.44089209850062616E-016
 ffini: precc =   4.44089209850062616E-016
 ffini: xalogm =   4.94065645841246544E-324
 ffini: xclogm =   4.94065645841246544E-324
 ****************************************************
 *                                                  *
 *  gg->ZZ box loop includes gens. 1 and 2          *
 *  gg->ZZ box loop includes bottom quark           *
 *  gg->ZZ box loop includes top quark              *
 *                                                  *
 *  Numer. stability: pt(Z) > 0.100 GeV (gens. 1,2) *
 *  Numer. stability: pt(Z) > 0.100 GeV (b,t loops) *
 *                                                  *
 ****************************************************

************* Integration by Vegas (iteration   1) **************
*                                                               *
*  integral  = -1.7323657       accum. integral = -1.7323657    *
*  std. dev. = 0.53673639E-01   accum. std. dev = 0.53673639E-01*
*   max. wt. =   0.104507E-01                                   *
*                                                               *
**************   chi**2/iteration =  0.000       ****************


************* Integration by Vegas (iteration   2) **************
*                                                               *
*  integral  = -1.7208957       accum. integral = -1.7211844    *
*  std. dev. = 0.86248207E-02   accum. std. dev = 0.85155797E-02*
*   max. wt. =   0.104507E-01                                   *
*                                                               *
**************   chi**2/iteration = 0.4408E-01   ****************


************* Integration by Vegas (iteration   3) **************
*                                                               *
*  integral  = -1.7265694       accum. integral = -1.7236443    *
*  std. dev. = 0.92861473E-02   accum. std. dev = 0.62761911E-02*
*   max. wt. =   0.104507E-01                                   *
*                                                               *
**************   chi**2/iteration = 0.1130       ****************


************* Integration by Vegas (iteration   4) **************
*                                                               *
*  integral  = -1.7240524       accum. integral = -1.7238385    *
*  std. dev. = 0.65862980E-02   accum. std. dev = 0.45436130E-02*
*   max. wt. =   0.104507E-01                                   *
*                                                               *
**************   chi**2/iteration = 0.7615E-01   ****************


************* Integration by Vegas (iteration   5) **************
*                                                               *
*  integral  = -1.7126505       accum. integral = -1.7192180    *
*  std. dev. = 0.54169894E-02   accum. std. dev = 0.34811729E-02*
*   max. wt. =   0.104507E-01                                   *
*                                                               *
**************   chi**2/iteration = 0.6816       ****************


************* Integration by Vegas (iteration   6) **************
*                                                               *
*  integral  = -1.7153548       accum. integral = -1.7178049    *
*  std. dev. = 0.45838878E-02   accum. std. dev = 0.27723303E-02*
*   max. wt. =   0.104507E-01                                   *
*                                                               *
**************   chi**2/iteration = 0.6355       ****************


************* Integration by Vegas (iteration   7) **************
*                                                               *
*  integral  = -1.7128866       accum. integral = -1.7159095    *
*  std. dev. = 0.35010593E-02   accum. std. dev = 0.21734351E-02*
*   max. wt. =   0.104507E-01                                   *
*                                                               *
**************   chi**2/iteration = 0.7315       ****************


************* Integration by Vegas (iteration   8) **************
*                                                               *
*  integral  = -1.7187615       accum. integral = -1.7167386    *
*  std. dev. = 0.33950348E-02   accum. std. dev = 0.18304722E-02*
*   max. wt. =   0.104507E-01                                   *
*                                                               *
**************   chi**2/iteration = 0.6986       ****************


************* Integration by Vegas (iteration   9) **************
*                                                               *
*  integral  = -1.7118542       accum. integral = -1.7156181    *
*  std. dev. = 0.33550124E-02   accum. std. dev = 0.16068697E-02*
*   max. wt. =   0.104507E-01                                   *
*                                                               *
**************   chi**2/iteration = 0.8153       ****************


************* Integration by Vegas (iteration  10) **************
*                                                               *
*  integral  = -1.7142730       accum. integral = -1.7153683    *
*  std. dev. = 0.33647121E-02   accum. std. dev = 0.14500045E-02*
*   max. wt. =   0.104507E-01                                   *
*                                                               *
**************   chi**2/iteration = 0.7392       ****************


************* Integration by Vegas (iteration  11) **************
*                                                               *
*  integral  = -1.7110966       accum. integral = -1.7147242    *
*  std. dev. = 0.34409914E-02   accum. std. dev = 0.13362135E-02*
*   max. wt. =   0.104507E-01                                   *
*                                                               *
**************   chi**2/iteration = 0.7961       ****************


************* Integration by Vegas (iteration  12) **************
*                                                               *
*  integral  = -1.7187713       accum. integral = -1.7152672    *
*  std. dev. = 0.33942014E-02   accum. std. dev = 0.12433361E-02*
*   max. wt. =   0.104507E-01                                   *
*                                                               *
**************   chi**2/iteration = 0.8356       ****************


************* Integration by Vegas (iteration  13) **************
*                                                               *
*  integral  = -1.7130407       accum. integral = -1.7150055    *
*  std. dev. = 0.34070017E-02   accum. std. dev = 0.11679910E-02*
*   max. wt. =   0.104507E-01                                   *
*                                                               *
**************   chi**2/iteration = 0.7974       ****************


************* Integration by Vegas (iteration  14) **************
*                                                               *
*  integral  = -1.7099617       accum. integral = -1.7144828    *
*  std. dev. = 0.34348923E-02   accum. std. dev = 0.11058095E-02*
*   max. wt. =   0.104507E-01                                   *
*                                                               *
**************   chi**2/iteration = 0.8847       ****************


************* Integration by Vegas (iteration  15) **************
*                                                               *
*  integral  = -1.7126200       accum. integral = -1.7143104    *
*  std. dev. = 0.34629072E-02   accum. std. dev = 0.10534044E-02*
*   max. wt. =   0.104507E-01                                   *
*                                                               *
**************   chi**2/iteration = 0.8403       ****************


************* Integration by Vegas (iteration  16) **************
*                                                               *
*  integral  = -1.7077709       accum. integral = -1.7137403    *
*  std. dev. = 0.34085261E-02   accum. std. dev = 0.10064370E-02*
*   max. wt. =   0.104507E-01                                   *
*                                                               *
**************   chi**2/iteration =  1.008       ****************


************* Integration by Vegas (iteration  17) **************
*                                                               *
*  integral  = -1.7114018       accum. integral = -1.7135527    *
*  std. dev. = 0.34083022E-02   accum. std. dev = 0.96523412E-03*
*   max. wt. =   0.104507E-01                                   *
*                                                               *
**************   chi**2/iteration = 0.9722       ****************


************* Integration by Vegas (iteration  18) **************
*                                                               *
*  integral  = -1.7127238       accum. integral = -1.7134892    *
*  std. dev. = 0.33490329E-02   accum. std. dev = 0.92748113E-03*
*   max. wt. =   0.104507E-01                                   *
*                                                               *
**************   chi**2/iteration = 0.9184       ****************


************* Integration by Vegas (iteration  19) **************
*                                                               *
*  integral  = -1.7086400       accum. integral = -1.7131578    *
*  std. dev. = 0.34247504E-02   accum. std. dev = 0.89523290E-03*
*   max. wt. =   0.104507E-01                                   *
*                                                               *
**************   chi**2/iteration = 0.9711       ****************


************* Integration by Vegas (iteration  20) **************
*                                                               *
*  integral  = -1.7194160       accum. integral = -1.7135666    *
*  std. dev. = 0.33863320E-02   accum. std. dev = 0.86549893E-03*
*   max. wt. =   0.104507E-01                                   *
*                                                               *
**************   chi**2/iteration =  1.088       ****************


 input parameters for vegas:  ndim= 10  ncall= 944784.
                              it=   21  itmx=   50
                              nprn=  0  alph= 1.50
                              mds=  1   nd= 100
                              xl( 1)=   0.000     xu( 1)=   1.000    
                              xl( 2)=   0.000     xu( 2)=   1.000    
                              xl( 3)=   0.000     xu( 3)=   1.000    
                              xl( 4)=   0.000     xu( 4)=   1.000    
                              xl( 5)=   0.000     xu( 5)=   1.000    
                              xl( 6)=   0.000     xu( 6)=   1.000    
                              xl( 7)=   0.000     xu( 7)=   1.000    
                              xl( 8)=   0.000     xu( 8)=   1.000    
                              xl( 9)=   0.000     xu( 9)=   1.000    
                              xl(10)=   0.000     xu(10)=   1.000    

************* Integration by Vegas (iteration   1) **************
*                                                               *
*  integral  = -1.7206872       accum. integral = -1.7206872    *
*  std. dev. = 0.34994778E-02   accum. std. dev = 0.34994778E-02*
*   max. wt. =   0.754901E-03                                   *
*                                                               *
**************   chi**2/iteration =  0.000       ****************

 Writing out intermediate results for iteration           1

************* Integration by Vegas (iteration   2) **************
*                                                               *
*  integral  = -1.7142857       accum. integral = -1.7175732    *
*  std. dev. = 0.35956094E-02   accum. std. dev = 0.25078014E-02*
*   max. wt. =   0.817743E-03                                   *
*                                                               *
**************   chi**2/iteration =  1.612       ****************

 Writing out intermediate results for iteration           2

************* Integration by Vegas (iteration   3) **************
*                                                               *
*  integral  = -1.7158037       accum. integral = -1.7169803    *
*  std. dev. = 0.35329185E-02   accum. std. dev = 0.20449745E-02*
*   max. wt. =   0.817743E-03                                   *
*                                                               *
**************   chi**2/iteration = 0.8928       ****************

 Writing out intermediate results for iteration           3

************* Integration by Vegas (iteration   4) **************
*                                                               *
*  integral  = -1.7128667       accum. integral = -1.7158996    *
*  std. dev. = 0.34257943E-02   accum. std. dev = 0.17559216E-02*
*   max. wt. =   0.817743E-03                                   *
*                                                               *
**************   chi**2/iteration = 0.9494       ****************

 Writing out intermediate results for iteration           4

************* Integration by Vegas (iteration   5) **************
*                                                               *
*  integral  = -1.7099995       accum. integral = -1.7146704    *
*  std. dev. = 0.34228536E-02   accum. std. dev = 0.15623362E-02*
*   max. wt. =   0.817743E-03                                   *
*                                                               *
**************   chi**2/iteration =  1.299       ****************

 Writing out intermediate results for iteration           5

************* Integration by Vegas (iteration   6) **************
*                                                               *
*  integral  = -1.7147116       accum. integral = -1.7146777    *
*  std. dev. = 0.33564176E-02   accum. std. dev = 0.14164076E-02*
*   max. wt. =   0.817743E-03                                   *
*                                                               *
**************   chi**2/iteration =  1.040       ****************

 Writing out intermediate results for iteration           6

************* Integration by Vegas (iteration   7) **************
*                                                               *
*  integral  = -1.7131244       accum. integral = -1.7144459    *
*  std. dev. = 0.33816898E-02   accum. std. dev = 0.13064401E-02*
*   max. wt. =   0.817743E-03                                   *
*                                                               *
**************   chi**2/iteration = 0.8968       ****************

 Writing out intermediate results for iteration           7

************* Integration by Vegas (iteration   8) **************
*                                                               *
*  integral  = -1.7140663       accum. integral = -1.7144011    *
*  std. dev. = 0.35703326E-02   accum. std. dev = 0.12268832E-02*
*   max. wt. =   0.821849E-03                                   *
*                                                               *
**************   chi**2/iteration = 0.7703       ****************

 Writing out intermediate results for iteration           8

************* Integration by Vegas (iteration   9) **************
*                                                               *
*  integral  = -1.7178174       accum. integral = -1.7147772    *
*  std. dev. = 0.34878305E-02   accum. std. dev = 0.11573670E-02*
*   max. wt. =   0.821849E-03                                   *
*                                                               *
**************   chi**2/iteration = 0.7807       ****************

 Writing out intermediate results for iteration           9

************* Integration by Vegas (iteration  10) **************
*                                                               *
*  integral  = -1.7152924       accum. integral = -1.7148271    *
*  std. dev. = 0.35357372E-02   accum. std. dev = 0.10999384E-02*
*   max. wt. =   0.926218E-03                                   *
*                                                               *
**************   chi**2/iteration = 0.6962       ****************

 Writing out intermediate results for iteration          10

************* Integration by Vegas (iteration  11) **************
*                                                               *
*  integral  = -1.7128670       accum. integral = -1.7146782    *
*  std. dev. = 0.38365614E-02   accum. std. dev = 0.10573416E-02*
*   max. wt. =   0.113357E-02                                   *
*                                                               *
**************   chi**2/iteration = 0.6507       ****************

 Writing out intermediate results for iteration          11

************* Integration by Vegas (iteration  12) **************
*                                                               *
*  integral  = -1.7153063       accum. integral = -1.7147263    *
*  std. dev. = 0.36726740E-02   accum. std. dev = 0.10160721E-02*
*   max. wt. =   0.113357E-02                                   *
*                                                               *
**************   chi**2/iteration = 0.5941       ****************

 Writing out intermediate results for iteration          12

************* Integration by Vegas (iteration  13) **************
*                                                               *
*  integral  = -1.7148168       accum. integral = -1.7147336    *
*  std. dev. = 0.34199562E-02   accum. std. dev = 0.97399431E-03*
*   max. wt. =   0.113357E-02                                   *
*                                                               *
**************   chi**2/iteration = 0.5447       ****************

 Writing out intermediate results for iteration          13

************* Integration by Vegas (iteration  14) **************
*                                                               *
*  integral  = -1.7154581       accum. integral = -1.7147856    *
*  std. dev. = 0.35055184E-02   accum. std. dev = 0.93844445E-03*
*   max. wt. =   0.113357E-02                                   *
*                                                               *
**************   chi**2/iteration = 0.5058       ****************

 Writing out intermediate results for iteration          14

************* Integration by Vegas (iteration  15) **************
*                                                               *
*  integral  = -1.7181687       accum. integral = -1.7150125    *
*  std. dev. = 0.34997654E-02   accum. std. dev = 0.90642335E-03*
*   max. wt. =   0.113357E-02                                   *
*                                                               *
**************   chi**2/iteration = 0.5320       ****************

 Writing out intermediate results for iteration          15

************* Integration by Vegas (iteration  16) **************
*                                                               *
*  integral  = -1.7189354       accum. integral = -1.7152654    *
*  std. dev. = 0.34525408E-02   accum. std. dev = 0.87671254E-03*
*   max. wt. =   0.113357E-02                                   *
*                                                               *
**************   chi**2/iteration = 0.5770       ****************

 Writing out intermediate results for iteration          16

************* Integration by Vegas (iteration  17) **************
*                                                               *
*  integral  = -1.7161539       accum. integral = -1.7153119    *
*  std. dev. = 0.37324629E-02   accum. std. dev = 0.85348416E-03*
*   max. wt. =   0.113357E-02                                   *
*                                                               *
**************   chi**2/iteration = 0.5443       ****************

 Writing out intermediate results for iteration          17

************* Integration by Vegas (iteration  18) **************
*                                                               *
*  integral  = -1.7103806       accum. integral = -1.7150565    *
*  std. dev. = 0.36515317E-02   accum. std. dev = 0.83108445E-03*
*   max. wt. =   0.113357E-02                                   *
*                                                               *
**************   chi**2/iteration = 0.6140       ****************

 Writing out intermediate results for iteration          18

************* Integration by Vegas (iteration  19) **************
*                                                               *
*  integral  = -1.7079560       accum. integral = -1.7146902    *
*  std. dev. = 0.35638586E-02   accum. std. dev = 0.80936853E-03*
*   max. wt. =   0.113357E-02                                   *
*                                                               *
**************   chi**2/iteration = 0.7889       ****************

 Writing out intermediate results for iteration          19

************* Integration by Vegas (iteration  20) **************
*                                                               *
*  integral  = -1.7124569       accum. integral = -1.7145791    *
*  std. dev. = 0.35364361E-02   accum. std. dev = 0.78896935E-03*
*   max. wt. =   0.113357E-02                                   *
*                                                               *
**************   chi**2/iteration = 0.7673       ****************

 Writing out intermediate results for iteration          20

************* Integration by Vegas (iteration  21) **************
*                                                               *
*  integral  = -1.7146608       accum. integral = -1.7145831    *
*  std. dev. = 0.34505815E-02   accum. std. dev = 0.76912065E-03*
*   max. wt. =   0.113357E-02                                   *
*                                                               *
**************   chi**2/iteration = 0.7290       ****************

 Writing out intermediate results for iteration          21

************* Integration by Vegas (iteration  22) **************
*                                                               *
*  integral  = -1.7216931       accum. integral = -1.7149184    *
*  std. dev. = 0.34574137E-02   accum. std. dev = 0.75076852E-03*
*   max. wt. =   0.113357E-02                                   *
*                                                               *
**************   chi**2/iteration = 0.8861       ****************

 Writing out intermediate results for iteration          22

************* Integration by Vegas (iteration  23) **************
*                                                               *
*  integral  = -1.7111131       accum. integral = -1.7147616    *
*  std. dev. = 0.36214644E-02   accum. std. dev = 0.73513743E-03*
*   max. wt. =   0.113357E-02                                   *
*                                                               *
**************   chi**2/iteration = 0.8939       ****************

 Writing out intermediate results for iteration          23

************* Integration by Vegas (iteration  24) **************
*                                                               *
*  integral  = -1.7199165       accum. integral = -1.7149776    *
*  std. dev. = 0.35149990E-02   accum. std. dev = 0.71956860E-03*
*   max. wt. =   0.113357E-02                                   *
*                                                               *
**************   chi**2/iteration = 0.9447       ****************

 Writing out intermediate results for iteration          24

************* Integration by Vegas (iteration  25) **************
*                                                               *
*  integral  = -1.7151619       accum. integral = -1.7149846    *
*  std. dev. = 0.36290188E-02   accum. std. dev = 0.70582732E-03*
*   max. wt. =   0.113357E-02                                   *
*                                                               *
**************   chi**2/iteration = 0.9054       ****************

 Writing out intermediate results for iteration          25

************* Integration by Vegas (iteration  26) **************
*                                                               *
*  integral  = -1.7083223       accum. integral = -1.7147382    *
*  std. dev. = 0.36013357E-02   accum. std. dev = 0.69264956E-03*
*   max. wt. =   0.113357E-02                                   *
*                                                               *
**************   chi**2/iteration =  1.001       ****************

 Writing out intermediate results for iteration          26

************* Integration by Vegas (iteration  27) **************
*                                                               *
*  integral  = -1.7113886       accum. integral = -1.7146140    *
*  std. dev. = 0.35303005E-02   accum. std. dev = 0.67969076E-03*
*   max. wt. =   0.113357E-02                                   *
*                                                               *
**************   chi**2/iteration = 0.9958       ****************

 Writing out intermediate results for iteration          27

************* Integration by Vegas (iteration  28) **************
*                                                               *
*  integral  = -1.7215464       accum. integral = -1.7148606    *
*  std. dev. = 0.35392696E-02   accum. std. dev = 0.66749349E-03*
*   max. wt. =   0.113357E-02                                   *
*                                                               *
**************   chi**2/iteration =  1.096       ****************

 Writing out intermediate results for iteration          28

************* Integration by Vegas (iteration  29) **************
*                                                               *
*  integral  = -1.7167113       accum. integral = -1.7149257    *
*  std. dev. = 0.34939515E-02   accum. std. dev = 0.65563625E-03*
*   max. wt. =   0.113357E-02                                   *
*                                                               *
**************   chi**2/iteration =  1.066       ****************

 Writing out intermediate results for iteration          29

************* Integration by Vegas (iteration  30) **************
*                                                               *
*  integral  = -1.7090235       accum. integral = -1.7147361    *
*  std. dev. = 0.35989338E-02   accum. std. dev = 0.64502022E-03*
*   max. wt. =   0.113357E-02                                   *
*                                                               *
**************   chi**2/iteration =  1.119       ****************

 Writing out intermediate results for iteration          30

************* Integration by Vegas (iteration  31) **************
*                                                               *
*  integral  = -1.7195378       accum. integral = -1.7148882    *
*  std. dev. = 0.35672299E-02   accum. std. dev = 0.63472739E-03*
*   max. wt. =   0.113357E-02                                   *
*                                                               *
**************   chi**2/iteration =  1.141       ****************

 Writing out intermediate results for iteration          31

************* Integration by Vegas (iteration  32) **************
*                                                               *
*  integral  = -1.7124421       accum. integral = -1.7148099    *
*  std. dev. = 0.34913129E-02   accum. std. dev = 0.62449097E-03*
*   max. wt. =   0.113357E-02                                   *
*                                                               *
**************   chi**2/iteration =  1.119       ****************

 Writing out intermediate results for iteration          32

************* Integration by Vegas (iteration  33) **************
*                                                               *
*  integral  = -1.7104807       accum. integral = -1.7147028    *
*  std. dev. = 0.39214253E-02   accum. std. dev = 0.61671965E-03*
*   max. wt. =   0.127463E-02                                   *
*                                                               *
**************   chi**2/iteration =  1.121       ****************

 Writing out intermediate results for iteration          33

************* Integration by Vegas (iteration  34) **************
*                                                               *
*  integral  = -1.7152950       accum. integral = -1.7147181    *
*  std. dev. = 0.37940163E-02   accum. std. dev = 0.60872994E-03*
*   max. wt. =   0.127463E-02                                   *
*                                                               *
**************   chi**2/iteration =  1.088       ****************

 Writing out intermediate results for iteration          34

************* Integration by Vegas (iteration  35) **************
*                                                               *
*  integral  = -1.7062591       accum. integral = -1.7144830    *
*  std. dev. = 0.36004957E-02   accum. std. dev = 0.60021212E-03*
*   max. wt. =   0.127463E-02                                   *
*                                                               *
**************   chi**2/iteration =  1.214       ****************

 Writing out intermediate results for iteration          35

************* Integration by Vegas (iteration  36) **************
*                                                               *
*  integral  = -1.7153732       accum. integral = -1.7145073    *
*  std. dev. = 0.35796667E-02   accum. std. dev = 0.59194874E-03*
*   max. wt. =   0.127463E-02                                   *
*                                                               *
**************   chi**2/iteration =  1.181       ****************

 Writing out intermediate results for iteration          36

************* Integration by Vegas (iteration  37) **************
*                                                               *
*  integral  = -1.7222856       accum. integral = -1.7147195    *
*  std. dev. = 0.35352459E-02   accum. std. dev = 0.58382106E-03*
*   max. wt. =   0.127463E-02                                   *
*                                                               *
**************   chi**2/iteration =  1.279       ****************

 Writing out intermediate results for iteration          37

************* Integration by Vegas (iteration  38) **************
*                                                               *
*  integral  = -1.7111386       accum. integral = -1.7146250    *
*  std. dev. = 0.35464298E-02   accum. std. dev = 0.57606740E-03*
*   max. wt. =   0.127463E-02                                   *
*                                                               *
**************   chi**2/iteration =  1.271       ****************

 Writing out intermediate results for iteration          38

************* Integration by Vegas (iteration  39) **************
*                                                               *
*  integral  = -1.7149075       accum. integral = -1.7146324    *
*  std. dev. = 0.35099748E-02   accum. std. dev = 0.56846213E-03*
*   max. wt. =   0.127463E-02                                   *
*                                                               *
**************   chi**2/iteration =  1.238       ****************

 Writing out intermediate results for iteration          39

************* Integration by Vegas (iteration  40) **************
*                                                               *
*  integral  = -1.7130246       accum. integral = -1.7145928    *
*  std. dev. = 0.35771322E-02   accum. std. dev = 0.56141726E-03*
*   max. wt. =   0.127463E-02                                   *
*                                                               *
**************   chi**2/iteration =  1.211       ****************

 Writing out intermediate results for iteration          40

************* Integration by Vegas (iteration  41) **************
*                                                               *
*  integral  = -1.7175507       accum. integral = -1.7146633    *
*  std. dev. = 0.35932956E-02   accum. std. dev = 0.55468784E-03*
*   max. wt. =   0.127463E-02                                   *
*                                                               *
**************   chi**2/iteration =  1.197       ****************

 Writing out intermediate results for iteration          41

************* Integration by Vegas (iteration  42) **************
*                                                               *
*  integral  = -1.7154620       accum. integral = -1.7146816    *
*  std. dev. = 0.36188193E-02   accum. std. dev = 0.54828444E-03*
*   max. wt. =   0.127463E-02                                   *
*                                                               *
**************   chi**2/iteration =  1.169       ****************

 Writing out intermediate results for iteration          42

************* Integration by Vegas (iteration  43) **************
*                                                               *
*  integral  = -1.7188905       accum. integral = -1.7147746    *
*  std. dev. = 0.36484767E-02   accum. std. dev = 0.54219631E-03*
*   max. wt. =   0.127463E-02                                   *
*                                                               *
**************   chi**2/iteration =  1.173       ****************

 Writing out intermediate results for iteration          43

************* Integration by Vegas (iteration  44) **************
*                                                               *
*  integral  = -1.7082227       accum. integral = -1.7146309    *
*  std. dev. = 0.36204797E-02   accum. std. dev = 0.53621665E-03*
*   max. wt. =   0.127463E-02                                   *
*                                                               *
**************   chi**2/iteration =  1.220       ****************

 Writing out intermediate results for iteration          44

************* Integration by Vegas (iteration  45) **************
*                                                               *
*  integral  = -1.7199935       accum. integral = -1.7147389    *
*  std. dev. = 0.37392418E-02   accum. std. dev = 0.53078680E-03*
*   max. wt. =   0.127463E-02                                   *
*                                                               *
**************   chi**2/iteration =  1.238       ****************

 Writing out intermediate results for iteration          45

************* Integration by Vegas (iteration  46) **************
*                                                               *
*  integral  = -1.7141687       accum. integral = -1.7147287    *
*  std. dev. = 0.39213907E-02   accum. std. dev = 0.52599022E-03*
*   max. wt. =   0.127463E-02                                   *
*                                                               *
**************   chi**2/iteration =  1.211       ****************

 Writing out intermediate results for iteration          46

************* Integration by Vegas (iteration  47) **************
*                                                               *
*  integral  = -1.7186070       accum. integral = -1.7147979    *
*  std. dev. = 0.39012845E-02   accum. std. dev = 0.52127376E-03*
*   max. wt. =   0.127463E-02                                   *
*                                                               *
**************   chi**2/iteration =  1.206       ****************

 Writing out intermediate results for iteration          47

************* Integration by Vegas (iteration  48) **************
*                                                               *
*  integral  = -1.7145165       accum. integral = -1.7147925    *
*  std. dev. = 0.37424637E-02   accum. std. dev = 0.51628964E-03*
*   max. wt. =   0.127463E-02                                   *
*                                                               *
**************   chi**2/iteration =  1.180       ****************

 Writing out intermediate results for iteration          48

************* Integration by Vegas (iteration  49) **************
*                                                               *
*  integral  = -1.7084322       accum. integral = -1.7146677    *
*  std. dev. = 0.36495412E-02   accum. std. dev = 0.51119968E-03*
*   max. wt. =   0.127463E-02                                   *
*                                                               *
**************   chi**2/iteration =  1.218       ****************

 Writing out intermediate results for iteration          49

************* Integration by Vegas (iteration  50) **************
*                                                               *
*  integral  = -1.7077043       accum. integral = -1.7145505    *
*  std. dev. = 0.39062043E-02   accum. std. dev = 0.50687757E-03*
*   max. wt. =   0.127463E-02                                   *
*                                                               *
**************   chi**2/iteration =  1.256       ****************


Value of final lord integral is       -1.7146 +/-     0.0005 fb

 Total number of shots       :     47239200
 Total no. failing cuts      :     15033765
 Number failing jet cuts     :            0
 Number failing process cuts :            0

   Jet efficiency : 100.00%
   Cut efficiency : 100.00%
 Total efficiency : 100.00%

 Contribution from parton sub-processes:
 ---------------------------------------
       GG     |          -1.71455  100.00%
       GQ     |           0.00000   -0.00%
       GQB    |           0.00000   -0.00%
       QG     |           0.00000   -0.00%
       QBG    |           0.00000   -0.00%
       QQ     |           0.00000   -0.00%
       QBQB   |           0.00000   -0.00%
       QQB    |           0.00000   -0.00%
       QBQ    |           0.00000   -0.00%
 ---------------------------------------

 ****************************************************
 output files  E_var/E_80/CTEQ/HHTOP/HZZint_lord_cteq6_l_0___0___126_129_run_80
 ****************************************************
