 ************** MCFM - version 6.8 ****************
 *                                                *
 * MCFM, v6.8                   April 26th, 2014  *
 *                                                *
 * Authors: John Campbell, Keith Ellis,           *
 *          Ciaran Williams                       *
 *         (johnmc@fnal.gov, ellis@fnal.gov,      *
 *          ciaran@fnal.gov)                      *
 *                                                *
 * For details see:                               *
 *                                                *
 *  arXiv:1403.2641 (Triphoton production)        *
 *  arXiv:1312.1628 (gg->WW, Higgs interference)  *
 *  arXiv:1311.3589 (gg->ZZ, Higgs interference)  *
 *  Phys.Rev.D87:114006, arXiv:1302.3856          *
 *  (tZ, tH -- with R. Rontsch)                   *
 *  arXiv:1211.6390 (DM, P. Fox and C. Williams)  *
 *  JHEP 1211:162 (2012), arXiv:1208.0566         *
 *  (Z+gam+jet,Z+gam+gam -- with H. Hartanto)     *
 *  arXiv:1204.1513 (top production+decay)        *
 *  JHEP 1207:052 (2012), arXiv:1204.5678 (ttW)   *
 *  JHEP 1110:005 (2011), arXiv:1107.5569         *
 *         (gg->WW,Higgs intference)              *
 *  JHEP 1107:018 (2011), arXiv:1105.0020         *
 *         (diboson update)                       *
 *  JHEP 1103:027 (2011), arXiv:1011.6647         *
 *         (Wbb for mb>0, with S. Badger)         *
 *  Phys.Rev.D81:074023, arXiv:1001.4495 (H+2jet) *
 *                                                *
 *  P.R.L. 102:142001, arXiv:0903.0005 [hep-ph]   *
 *    (t-channel single top + explicit b,         *
 *      JC, R.Frederix, F.Maltoni, F.Tramontano)  *
 *  N.P.B 726:109(2005), hep-ph/0506289 (W+t)     *
 *  Phys.Rev.D70:094012, hep-ph/0408158 (Sngl Top)*
 *       (with Francesco Tramontano)              *
 *                                                *
 *  Phys.Rev.D65:113007, hep-ph/0202176 (W,Z+2j)  *
 *  Phys.Rev.D62:114012, hep-ph/0006304 (W,Z+bb)  *
 *  Phys.Rev.D60:113006, hep-ph/9905386 (diboson) *
 *                                                *
 * On the web:  http://mcfm.fnal.gov/             *
 **************************************************

 * Using input file named E_var/E_33/MSTW/HHTOP/input_129_33.DAT                                  

 * [Flags to specify the mode in which MCFM is run]                                          
 *                   -1            [nevtrequested] 
 *                    F            [creatent] 
 *                    F            [skipnt] 
 *                    F            [dswhisto] 
 *                    F            [creategrid] 
 *                    T            [writetop] 
 *                    T            [writedat] 
 *                    T            [writegnu] 
 *                    T            [writeroot] 
 *                    F            [writepwg] 

 * [General options to specify the process and execution]                                    
 *                  129            [nproc] 
 *                 lord            [part] 
 * 129_run_33                      [runstring] 
 *           33000.0000            [sqrts] 
 *                    1            [ih1] 
 *                    1            [ih2] 
 *             126.0000            [hmass] 
 *               0.5000            [scale] 
 *               0.5000            [facscale] 
 * m(3456)                         [dynamicscale] 
 *                    F            [zerowidth] 
 *                    F            [removebr] 
 *                   20            [itmx1] 
 *              1000000            [ncall1] 
 *                   50            [itmx2] 
 *              1000000            [ncall2] 
 *                 2020            [ij] 
 *                    F            [dryrun] 
 *                    T            [Qflag] 
 *                    T            [Gflag] 

 * [Heavy quark masses]                                                                      
 *             173.2000            [top mass] 
 *               4.7500            [bottom mass] 
 *               1.5000            [charm mass] 

 * [Pdf selection]                                                                           
 *              mstw8lo            [pdlabel] 
 *                    4            [NGROUP] 
 *                   46            [NSET] 
 * cteq6mE.LHgrid                  [LHAPDF group] 
 *                   -1            [LHAPDF set] 

 * [Jet definition and event cuts]                                                           
 *               0.0000            [m34min] 
 *           33000.0000            [m34max] 
 *               0.0000            [m56min] 
 *           33000.0000            [m56max] 
 *                    T            [inclusive] 
 *                 ankt            [algorithm] 
 *              15.0000            [ptjetmin] 
 *               0.0000            [etajetmin] 
 *               5.0000            [etajetmax] 
 *               0.5000            [Rcut] 
 *                    T            [makecuts] 
 *               0.0000            [leptpt] 
 *              99.0000            [leptrap] 
 *    0.000,   0.000                [leptveto] 
 *               0.0000            [misspt] 
 *               0.0000            [leptpt2] 
 *              99.0000            [leptrap2] 
 *    0.000,   0.000                [leptveto2] 
 *               0.0000            [mtrans34cut] 
 *               0.0000            [Rjlmin] 
 *               0.0000            [Rllmin] 
 *               0.0000            [delyjjmin] 
 *                    F            [jetsopphem] 
 *                    0            [lbjscheme] 
 *               0.0000            [ptbjetmin] 
 *              99.0000            [etabjetmax] 

 * [Settings for photon processes]                                                           
 *                    F            [frag] 
 *             GdRG__LO            [fragset] 
 *              80.0000            [frag_scale] 
 *              20.0000            [gammpt] 
 *               2.5000            [gammrap] 
 *              20.0000            [gammpt2] 
 *              20.0000            [gammpt3] 
 *               0.0000            [Rgalmin] 
 *               0.4000            [Rgagamin] 
 *               0.4000            [Rgajetmin] 
 *               0.4000            [cone_ang] 
 *               0.5000            [epsilon_h] 

 * [Anomalous couplings of the W and Z]                                                      
 *               0.0000            [delg1_z] 
 *               0.0000            [delk_z] 
 *               0.0000            [delk_g] 
 *               0.0000            [lambda_z] 
 *               0.0000            [lambda_g] 
 *               0.0000            [h1Z] 
 *               0.0000            [h1gam] 
 *               0.0000            [h2Z] 
 *               0.0000            [h2gam] 
 *               0.0000            [h3Z] 
 *               0.0000            [h3gam] 
 *               0.0000            [h4Z] 
 *               0.0000            [h4gam] 
 *               2.0000            [tevscale] 

 * [Anomalous width of the Higgs]                                                            
 *               1.0000            [Gamma_H/Gamma_H(SM)] 

 * [How to resume/save a run]                                                                
 *                    F            [readin] 
 *                    F            [writeout] 
 *                                 [ingridfile] 
 *                                 [outgridfile] 

 * [Technical parameters that should not normally be changed]

 *                    F            [debug] 
 *                    T            [verbose] 
 *                    F            [new_pspace] 
 *                    F            [virtonly] 
 *                    F            [realonly] 
 *                    T            [spira] 
 *                    F            [noglue] 
 *                    F            [ggonly] 
 *                    F            [gqonly] 
 *                    F            [omitgg] 
 *                    F            [vanillafiles] 
 *                    1            [nmin] 
 *                    2            [nmax] 
 *                    T            [clustering] 
 *                    F            [realwt] 
 *                    0            [colourchoice] 
 *               0.0100            [rtsmin] 
 *               0.0001            [cutoff] 
 *               0.1000            [aii] 
 *               0.1000            [aif] 
 *               0.1000            [afi] 
 *               1.0000            [aff] 
 *               1.0000            [bfi] 
 *               1.0000            [bff] 

 Chooser:process chosen by nproc=         129

 *************************** f(p1)+f(p2) --> ******************************************
 * H(--> Z^0(e^-(p3)+e^+(p4)) + Z^0(mu^-(p5)+mu^+(p6)) [only H, gg->ZZ intf.]         *
 **************************************************************************************

 ************** Electroweak parameters **************
 *                                                  *
 *  zmass(+)   91.1876000     wmass(+)  80.3980000  *
 * zwidth(+)    2.4952000    wwidth(+)   2.1054000  *
 *     Gf(+) 0.116639D-04   1/aemmz    132.3384323  *
 *     xw       0.2226459      mtop(+) 173.2000000  *
 *   gwsq       0.4264904       esq      0.0949563  *
 * top width    1.4743080 (LO)                      *
 *    mb        4.7500000        mc      1.5000000  *
 *                                                  *
 * Parameters marked (+) are input, others derived  *
 ****************************************************

 ****************** Higgs parameters ****************
 *                                                  *
 *   mass(H) =  126.00      width(H) =  0.43070E-02 *
 *                                                  *
 *              Br( H -> b bbar)  =   0.48164       *
 *              Br( H -> tau tau) =   0.06056       *
 *              Br( H -> W W)     =   0.00000       *
 *              Br( H -> Z Z)     =   0.00000       *
 *              Br( H -> gam gam) =   0.00235       *
 *              Br( H -> Z gam)   =   0.00164       *
 ****************************************************
 *                                                  *
 * Note: branching ratios reported here can be > 1  *
 *       since the total Higgs width is calculated  *
 *       at NLO but the BR calculation uses a       *
 *       partial width at LO only.                  *
 *                                                  *
 ****************************************************

 WARNING: Higgs decay H->ZZ is below threshold and
 may not yield sensible results - check the number
 of integration points

 ***************** CKM mixing matrix ****************
 *                                                  *
 *      Vud=.97500    Vus=.22200    Vub=0.0000      *
 *      Vcd=.22200    Vcs=.97500    Vcb=0.0000      *
 ****************************************************

 ************* Strong coupling, alpha_s  ************
 *                                                  *
 *  Dynamic scale - alpha_s changed event-by-event  *
 *       alpha_s (zmass)  0.13939000                *
 *         (using 1-loop running of alpha_s)        *
 ****************************************************

 ****************************************
 *     Cross section in femtobarns      *
 ****************************************


 input parameters for vegas:  ndim= 10  ncall= 944784.
                              it=    0  itmx=   20
                              nprn=  0  alph= 1.50
                              mds=  1   nd= 100
                              xl( 1)=   0.000     xu( 1)=   1.000    
                              xl( 2)=   0.000     xu( 2)=   1.000    
                              xl( 3)=   0.000     xu( 3)=   1.000    
                              xl( 4)=   0.000     xu( 4)=   1.000    
                              xl( 5)=   0.000     xu( 5)=   1.000    
                              xl( 6)=   0.000     xu( 6)=   1.000    
                              xl( 7)=   0.000     xu( 7)=   1.000    
                              xl( 8)=   0.000     xu( 8)=   1.000    
                              xl( 9)=   0.000     xu( 9)=   1.000    
                              xl(10)=   0.000     xu(10)=   1.000    

 ****************** Basic mass cuts *****************
 *                                                  *
 *              0.00  <   m34  <  33000.00           *
 *              0.00  <   m56  <  33000.00           *
 ****************************************************
 *********** CMS Higgs Search cuts******
 *                                     *
 *     pt(mu) >           5.00 GeV     *
 *     pt(el) >           7.00 GeV     *
 *     |eta_mu| <         2.40         *
 *     |eta_el| <         2.50         *
 *     m4lmin >         100.00 GeV     *
 *     m2lmin >           4.00 GeV     *
 *     ptleading >       20.00 GeV     *
 *     ptnexttoleading > 10.00 GeV     *
 *     mllnear >         40.00 GeV     *
 *     mllfar >          12.00 GeV     *
 *     mllmax >         120.00 GeV     *
 ***************************************

 ************** Dynamic scale choice ****************
 *                                                  *
 *                 RENORMALIZATION                  *
 *       mu_ren  =  0.50 x m(3456)                  *
 *                                                  *
 *                  FACTORIZATION                   *
 *       mu_fac  =  0.50 x m(3456)                  *
 *                                                  *
 ****************************************************
 ====================================================
   This is QCDLoop - version 1.95                    
   Authors: Keith Ellis and Giulia Zanderighi        
   (ellis@fnal.gov, g.zanderighi1@physics.ox.ac.uk)  
   For details see FERMILAB-PUB-07-633-T,OUTP-07/16P 
   arXiv:0712.1851 [hep-ph], published in            
   JHEP 0802:002,2008.                               
 ====================================================
 ====================================================
   FF 2.0, a package to evaluate one-loop integrals
 written by G. J. van Oldenborgh, NIKHEF-H, Amsterdam
 ====================================================
 for the algorithms used see preprint NIKHEF-H 89/17,
 'New Algorithms for One-loop Integrals', by G.J. van
 Oldenborgh and J.A.M. Vermaseren, published in 
 Zeitschrift fuer Physik C46(1990)425.
 ====================================================
 ffini: precx =   4.44089209850062616E-016
 ffini: precc =   4.44089209850062616E-016
 ffini: xalogm =   4.94065645841246544E-324
 ffini: xclogm =   4.94065645841246544E-324
 ****************************************************
 *                                                  *
 *  gg->ZZ box loop includes gens. 1 and 2          *
 *  gg->ZZ box loop includes bottom quark           *
 *  gg->ZZ box loop includes top quark              *
 *                                                  *
 *  Numer. stability: pt(Z) > 0.100 GeV (gens. 1,2) *
 *  Numer. stability: pt(Z) > 0.100 GeV (b,t loops) *
 *                                                  *
 ****************************************************
 Reading PDF grid from Pdfdata/mstw2008lo.00.dat

************* Integration by Vegas (iteration   1) **************
*                                                               *
*  integral  = -.63332003       accum. integral = -.63332003    *
*  std. dev. = 0.11950901E-01   accum. std. dev = 0.11950901E-01*
*   max. wt. =   0.969871E-03                                   *
*                                                               *
**************   chi**2/iteration = 0.4547E-10   ****************


************* Integration by Vegas (iteration   2) **************
*                                                               *
*  integral  = -.62597137       accum. integral = -.62613222    *
*  std. dev. = 0.17878003E-02   accum. std. dev = 0.17681255E-02*
*   max. wt. =   0.969871E-03                                   *
*                                                               *
**************   chi**2/iteration = 0.3662       ****************


************* Integration by Vegas (iteration   3) **************
*                                                               *
*  integral  = -.62745695       accum. integral = -.62706054    *
*  std. dev. = 0.11554151E-02   accum. std. dev = 0.96721443E-03*
*   max. wt. =   0.969871E-03                                   *
*                                                               *
**************   chi**2/iteration = 0.3797       ****************


************* Integration by Vegas (iteration   4) **************
*                                                               *
*  integral  = -.62799111       accum. integral = -.62748041    *
*  std. dev. = 0.10667024E-02   accum. std. dev = 0.71652099E-03*
*   max. wt. =   0.969871E-03                                   *
*                                                               *
**************   chi**2/iteration = 0.3923       ****************


************* Integration by Vegas (iteration   5) **************
*                                                               *
*  integral  = -.62721984       accum. integral = -.62739789    *
*  std. dev. = 0.10524828E-02   accum. std. dev = 0.59229222E-03*
*   max. wt. =   0.969871E-03                                   *
*                                                               *
**************   chi**2/iteration = 0.3049       ****************


************* Integration by Vegas (iteration   6) **************
*                                                               *
*  integral  = -.62610144       accum. integral = -.62707306    *
*  std. dev. = 0.10243752E-02   accum. std. dev = 0.51275167E-03*
*   max. wt. =   0.969871E-03                                   *
*                                                               *
**************   chi**2/iteration = 0.4837       ****************


************* Integration by Vegas (iteration   7) **************
*                                                               *
*  integral  = -.62703962       accum. integral = -.62706587    *
*  std. dev. = 0.97928695E-03   accum. std. dev = 0.45425128E-03*
*   max. wt. =   0.969871E-03                                   *
*                                                               *
**************   chi**2/iteration = 0.4033       ****************


************* Integration by Vegas (iteration   8) **************
*                                                               *
*  integral  = -.62782047       accum. integral = -.62720124    *
*  std. dev. = 0.97153013E-03   accum. std. dev = 0.41149344E-03*
*   max. wt. =   0.969871E-03                                   *
*                                                               *
**************   chi**2/iteration = 0.4164       ****************


************* Integration by Vegas (iteration   9) **************
*                                                               *
*  integral  = -.62622349       accum. integral = -.62704396    *
*  std. dev. = 0.93985758E-03   accum. std. dev = 0.37694769E-03*
*   max. wt. =   0.969871E-03                                   *
*                                                               *
**************   chi**2/iteration = 0.4778       ****************


************* Integration by Vegas (iteration  10) **************
*                                                               *
*  integral  = -.62590114       accum. integral = -.62688546    *
*  std. dev. = 0.93936826E-03   accum. std. dev = 0.34983278E-03*
*   max. wt. =   0.969871E-03                                   *
*                                                               *
**************   chi**2/iteration = 0.5663       ****************


************* Integration by Vegas (iteration  11) **************
*                                                               *
*  integral  = -.62717290       accum. integral = -.62692050    *
*  std. dev. = 0.93891994E-03   accum. std. dev = 0.32781758E-03*
*   max. wt. =   0.969871E-03                                   *
*                                                               *
**************   chi**2/iteration = 0.5179       ****************


************* Integration by Vegas (iteration  12) **************
*                                                               *
*  integral  = -.62642502       accum. integral = -.62687120    *
*  std. dev. = 0.98620999E-03   accum. std. dev = 0.31108192E-03*
*   max. wt. =   0.969871E-03                                   *
*                                                               *
**************   chi**2/iteration = 0.4915       ****************


************* Integration by Vegas (iteration  13) **************
*                                                               *
*  integral  = -.62538591       accum. integral = -.62672970    *
*  std. dev. = 0.95865315E-03   accum. std. dev = 0.29589306E-03*
*   max. wt. =   0.969871E-03                                   *
*                                                               *
**************   chi**2/iteration = 0.6314       ****************


************* Integration by Vegas (iteration  14) **************
*                                                               *
*  integral  = -.62582974       accum. integral = -.62665233    *
*  std. dev. = 0.96482479E-03   accum. std. dev = 0.28288870E-03*
*   max. wt. =   0.969871E-03                                   *
*                                                               *
**************   chi**2/iteration = 0.6440       ****************


************* Integration by Vegas (iteration  15) **************
*                                                               *
*  integral  = -.62649518       accum. integral = -.62663969    *
*  std. dev. = 0.95621796E-03   accum. std. dev = 0.27126675E-03*
*   max. wt. =   0.969871E-03                                   *
*                                                               *
**************   chi**2/iteration = 0.5998       ****************


************* Integration by Vegas (iteration  16) **************
*                                                               *
*  integral  = -.62526171       accum. integral = -.62653590    *
*  std. dev. = 0.95047642E-03   accum. std. dev = 0.26085106E-03*
*   max. wt. =   0.969871E-03                                   *
*                                                               *
**************   chi**2/iteration = 0.6894       ****************


************* Integration by Vegas (iteration  17) **************
*                                                               *
*  integral  = -.62578415       accum. integral = -.62648680    *
*  std. dev. = 0.98678017E-03   accum. std. dev = 0.25218855E-03*
*   max. wt. =   0.969871E-03                                   *
*                                                               *
**************   chi**2/iteration = 0.6802       ****************


************* Integration by Vegas (iteration  18) **************
*                                                               *
*  integral  = -.62698523       accum. integral = -.62651763    *
*  std. dev. = 0.98215780E-03   accum. std. dev = 0.24426478E-03*
*   max. wt. =   0.969871E-03                                   *
*                                                               *
**************   chi**2/iteration = 0.6544       ****************


************* Integration by Vegas (iteration  19) **************
*                                                               *
*  integral  = -.62553379       accum. integral = -.62645583    *
*  std. dev. = 0.94349086E-03   accum. std. dev = 0.23646848E-03*
*   max. wt. =   0.969871E-03                                   *
*                                                               *
**************   chi**2/iteration = 0.6746       ****************


************* Integration by Vegas (iteration  20) **************
*                                                               *
*  integral  = -.62781430       accum. integral = -.62653434    *
*  std. dev. = 0.95476963E-03   accum. std. dev = 0.22953337E-03*
*   max. wt. =   0.969871E-03                                   *
*                                                               *
**************   chi**2/iteration = 0.7395       ****************


 input parameters for vegas:  ndim= 10  ncall= 944784.
                              it=   21  itmx=   50
                              nprn=  0  alph= 1.50
                              mds=  1   nd= 100
                              xl( 1)=   0.000     xu( 1)=   1.000    
                              xl( 2)=   0.000     xu( 2)=   1.000    
                              xl( 3)=   0.000     xu( 3)=   1.000    
                              xl( 4)=   0.000     xu( 4)=   1.000    
                              xl( 5)=   0.000     xu( 5)=   1.000    
                              xl( 6)=   0.000     xu( 6)=   1.000    
                              xl( 7)=   0.000     xu( 7)=   1.000    
                              xl( 8)=   0.000     xu( 8)=   1.000    
                              xl( 9)=   0.000     xu( 9)=   1.000    
                              xl(10)=   0.000     xu(10)=   1.000    

************* Integration by Vegas (iteration   1) **************
*                                                               *
*  integral  = -.62777559       accum. integral = -.62777559    *
*  std. dev. = 0.96783405E-03   accum. std. dev = 0.96783405E-03*
*   max. wt. =   0.866790E-04                                   *
*                                                               *
**************   chi**2/iteration =  0.000       ****************

 Writing out intermediate results for iteration           1

************* Integration by Vegas (iteration   2) **************
*                                                               *
*  integral  = -.62646725       accum. integral = -.62712358    *
*  std. dev. = 0.97104068E-03   accum. std. dev = 0.68549292E-03*
*   max. wt. =   0.165165E-03                                   *
*                                                               *
**************   chi**2/iteration = 0.9017       ****************

 Writing out intermediate results for iteration           2

************* Integration by Vegas (iteration   3) **************
*                                                               *
*  integral  = -.62680003       accum. integral = -.62701663    *
*  std. dev. = 0.97547591E-03   accum. std. dev = 0.56085830E-03*
*   max. wt. =   0.165165E-03                                   *
*                                                               *
**************   chi**2/iteration = 0.4897       ****************

 Writing out intermediate results for iteration           3

************* Integration by Vegas (iteration   4) **************
*                                                               *
*  integral  = -.62566556       accum. integral = -.62667952    *
*  std. dev. = 0.97270963E-03   accum. std. dev = 0.48587662E-03*
*   max. wt. =   0.165165E-03                                   *
*                                                               *
**************   chi**2/iteration = 0.8080       ****************

 Writing out intermediate results for iteration           4

************* Integration by Vegas (iteration   5) **************
*                                                               *
*  integral  = -.62607133       accum. integral = -.62657099    *
*  std. dev. = 0.10425069E-02   accum. std. dev = 0.44039458E-03*
*   max. wt. =   0.253778E-03                                   *
*                                                               *
**************   chi**2/iteration = 0.6763       ****************

 Writing out intermediate results for iteration           5

************* Integration by Vegas (iteration   6) **************
*                                                               *
*  integral  = -.62715013       accum. integral = -.62666349    *
*  std. dev. = 0.10101603E-02   accum. std. dev = 0.40369793E-03*
*   max. wt. =   0.253778E-03                                   *
*                                                               *
**************   chi**2/iteration = 0.5964       ****************

 Writing out intermediate results for iteration           6

************* Integration by Vegas (iteration   7) **************
*                                                               *
*  integral  = -.62674570       accum. integral = -.62667516    *
*  std. dev. = 0.99218465E-03   accum. std. dev = 0.37393073E-03*
*   max. wt. =   0.253778E-03                                   *
*                                                               *
**************   chi**2/iteration = 0.4982       ****************

 Writing out intermediate results for iteration           7

************* Integration by Vegas (iteration   8) **************
*                                                               *
*  integral  = -.62649667       accum. integral = -.62665297    *
*  std. dev. = 0.99247855E-03   accum. std. dev = 0.34991884E-03*
*   max. wt. =   0.253778E-03                                   *
*                                                               *
**************   chi**2/iteration = 0.4311       ****************

 Writing out intermediate results for iteration           8

************* Integration by Vegas (iteration   9) **************
*                                                               *
*  integral  = -.62798011       accum. integral = -.62679277    *
*  std. dev. = 0.10197909E-02   accum. std. dev = 0.33097679E-03*
*   max. wt. =   0.253778E-03                                   *
*                                                               *
**************   chi**2/iteration = 0.5665       ****************

 Writing out intermediate results for iteration           9

************* Integration by Vegas (iteration  10) **************
*                                                               *
*  integral  = -.62506967       accum. integral = -.62662083    *
*  std. dev. = 0.99412733E-03   accum. std. dev = 0.31402994E-03*
*   max. wt. =   0.253778E-03                                   *
*                                                               *
**************   chi**2/iteration = 0.8038       ****************

 Writing out intermediate results for iteration          10

************* Integration by Vegas (iteration  11) **************
*                                                               *
*  integral  = -.62631567       accum. integral = -.62659356    *
*  std. dev. = 0.10025100E-02   accum. std. dev = 0.29967177E-03*
*   max. wt. =   0.253778E-03                                   *
*                                                               *
**************   chi**2/iteration = 0.7319       ****************

 Writing out intermediate results for iteration          11

************* Integration by Vegas (iteration  12) **************
*                                                               *
*  integral  = -.62506934       accum. integral = -.62646951    *
*  std. dev. = 0.10067809E-02   accum. std. dev = 0.28721833E-03*
*   max. wt. =   0.253778E-03                                   *
*                                                               *
**************   chi**2/iteration = 0.8567       ****************

 Writing out intermediate results for iteration          12

************* Integration by Vegas (iteration  13) **************
*                                                               *
*  integral  = -.62676261       accum. integral = -.62649248    *
*  std. dev. = 0.98511335E-03   accum. std. dev = 0.27573760E-03*
*   max. wt. =   0.253778E-03                                   *
*                                                               *
**************   chi**2/iteration = 0.7921       ****************

 Writing out intermediate results for iteration          13

************* Integration by Vegas (iteration  14) **************
*                                                               *
*  integral  = -.62603328       accum. integral = -.62645951    *
*  std. dev. = 0.99155394E-03   accum. std. dev = 0.26565697E-03*
*   max. wt. =   0.253778E-03                                   *
*                                                               *
**************   chi**2/iteration = 0.7465       ****************

 Writing out intermediate results for iteration          14

************* Integration by Vegas (iteration  15) **************
*                                                               *
*  integral  = -.62688326       accum. integral = -.62648728    *
*  std. dev. = 0.10032358E-02   accum. std. dev = 0.25680599E-03*
*   max. wt. =   0.253778E-03                                   *
*                                                               *
**************   chi**2/iteration = 0.7052       ****************

 Writing out intermediate results for iteration          15

************* Integration by Vegas (iteration  16) **************
*                                                               *
*  integral  = -.62680543       accum. integral = -.62650744    *
*  std. dev. = 0.98736329E-03   accum. std. dev = 0.24853701E-03*
*   max. wt. =   0.253778E-03                                   *
*                                                               *
**************   chi**2/iteration = 0.6647       ****************

 Writing out intermediate results for iteration          16

************* Integration by Vegas (iteration  17) **************
*                                                               *
*  integral  = -.62603009       accum. integral = -.62648162    *
*  std. dev. = 0.10392930E-02   accum. std. dev = 0.24172130E-03*
*   max. wt. =   0.265468E-03                                   *
*                                                               *
**************   chi**2/iteration = 0.6356       ****************

 Writing out intermediate results for iteration          17

************* Integration by Vegas (iteration  18) **************
*                                                               *
*  integral  = -.62655041       accum. integral = -.62648528    *
*  std. dev. = 0.10195324E-02   accum. std. dev = 0.23520113E-03*
*   max. wt. =   0.265468E-03                                   *
*                                                               *
**************   chi**2/iteration = 0.5985       ****************

 Writing out intermediate results for iteration          18

************* Integration by Vegas (iteration  19) **************
*                                                               *
*  integral  = -.62477514       accum. integral = -.62639361    *
*  std. dev. = 0.98825825E-03   accum. std. dev = 0.22881026E-03*
*   max. wt. =   0.265468E-03                                   *
*                                                               *
**************   chi**2/iteration = 0.7226       ****************

 Writing out intermediate results for iteration          19

************* Integration by Vegas (iteration  20) **************
*                                                               *
*  integral  = -.62573371       accum. integral = -.62636070    *
*  std. dev. = 0.99875991E-03   accum. std. dev = 0.22303226E-03*
*   max. wt. =   0.265468E-03                                   *
*                                                               *
**************   chi**2/iteration = 0.7064       ****************

 Writing out intermediate results for iteration          20

************* Integration by Vegas (iteration  21) **************
*                                                               *
*  integral  = -.62440528       accum. integral = -.62626436    *
*  std. dev. = 0.97977926E-03   accum. std. dev = 0.21746904E-03*
*   max. wt. =   0.265468E-03                                   *
*                                                               *
**************   chi**2/iteration = 0.8604       ****************

 Writing out intermediate results for iteration          21

************* Integration by Vegas (iteration  22) **************
*                                                               *
*  integral  = -.62789108       accum. integral = -.62633950    *
*  std. dev. = 0.98820541E-03   accum. std. dev = 0.21238705E-03*
*   max. wt. =   0.265468E-03                                   *
*                                                               *
**************   chi**2/iteration = 0.9424       ****************

 Writing out intermediate results for iteration          22

************* Integration by Vegas (iteration  23) **************
*                                                               *
*  integral  = -.62674395       accum. integral = -.62635610    *
*  std. dev. = 0.10267074E-02   accum. std. dev = 0.20798365E-03*
*   max. wt. =   0.265468E-03                                   *
*                                                               *
**************   chi**2/iteration = 0.9064       ****************

 Writing out intermediate results for iteration          23

************* Integration by Vegas (iteration  24) **************
*                                                               *
*  integral  = -.62896951       accum. integral = -.62646352    *
*  std. dev. = 0.10045929E-02   accum. std. dev = 0.20366465E-03*
*   max. wt. =   0.265468E-03                                   *
*                                                               *
**************   chi**2/iteration =  1.149       ****************

 Writing out intermediate results for iteration          24

************* Integration by Vegas (iteration  25) **************
*                                                               *
*  integral  = -.62524109       accum. integral = -.62642095    *
*  std. dev. = 0.10722913E-02   accum. std. dev = 0.20008755E-03*
*   max. wt. =   0.288205E-03                                   *
*                                                               *
**************   chi**2/iteration =  1.153       ****************

 Writing out intermediate results for iteration          25

************* Integration by Vegas (iteration  26) **************
*                                                               *
*  integral  = -.62470913       accum. integral = -.62636221    *
*  std. dev. = 0.10614460E-02   accum. std. dev = 0.19662461E-03*
*   max. wt. =   0.288205E-03                                   *
*                                                               *
**************   chi**2/iteration =  1.208       ****************

 Writing out intermediate results for iteration          26

************* Integration by Vegas (iteration  27) **************
*                                                               *
*  integral  = -.62577964       accum. integral = -.62634084    *
*  std. dev. = 0.10076006E-02   accum. std. dev = 0.19298450E-03*
*   max. wt. =   0.288205E-03                                   *
*                                                               *
**************   chi**2/iteration =  1.174       ****************

 Writing out intermediate results for iteration          27

************* Integration by Vegas (iteration  28) **************
*                                                               *
*  integral  = -.62798234       accum. integral = -.62640092    *
*  std. dev. = 0.99012735E-03   accum. std. dev = 0.18942006E-03*
*   max. wt. =   0.288205E-03                                   *
*                                                               *
**************   chi**2/iteration =  1.228       ****************

 Writing out intermediate results for iteration          28

************* Integration by Vegas (iteration  29) **************
*                                                               *
*  integral  = -.62667552       accum. integral = -.62641036    *
*  std. dev. = 0.10036424E-02   accum. std. dev = 0.18613402E-03*
*   max. wt. =   0.288205E-03                                   *
*                                                               *
**************   chi**2/iteration =  1.187       ****************

 Writing out intermediate results for iteration          29

************* Integration by Vegas (iteration  30) **************
*                                                               *
*  integral  = -.62469551       accum. integral = -.62635113    *
*  std. dev. = 0.98403672E-03   accum. std. dev = 0.18289094E-03*
*   max. wt. =   0.288205E-03                                   *
*                                                               *
**************   chi**2/iteration =  1.247       ****************

 Writing out intermediate results for iteration          30

************* Integration by Vegas (iteration  31) **************
*                                                               *
*  integral  = -.62653604       accum. integral = -.62635706    *
*  std. dev. = 0.10044569E-02   accum. std. dev = 0.17993261E-03*
*   max. wt. =   0.288205E-03                                   *
*                                                               *
**************   chi**2/iteration =  1.207       ****************

 Writing out intermediate results for iteration          31

************* Integration by Vegas (iteration  32) **************
*                                                               *
*  integral  = -.62576004       accum. integral = -.62634094    *
*  std. dev. = 0.10800909E-02   accum. std. dev = 0.17748663E-03*
*   max. wt. =   0.288205E-03                                   *
*                                                               *
**************   chi**2/iteration =  1.177       ****************

 Writing out intermediate results for iteration          32

************* Integration by Vegas (iteration  33) **************
*                                                               *
*  integral  = -.62587894       accum. integral = -.62632810    *
*  std. dev. = 0.10498183E-02   accum. std. dev = 0.17500322E-03*
*   max. wt. =   0.288205E-03                                   *
*                                                               *
**************   chi**2/iteration =  1.146       ****************

 Writing out intermediate results for iteration          33

************* Integration by Vegas (iteration  34) **************
*                                                               *
*  integral  = -.62696064       accum. integral = -.62634652    *
*  std. dev. = 0.10105741E-02   accum. std. dev = 0.17243676E-03*
*   max. wt. =   0.288205E-03                                   *
*                                                               *
**************   chi**2/iteration =  1.123       ****************

 Writing out intermediate results for iteration          34

************* Integration by Vegas (iteration  35) **************
*                                                               *
*  integral  = -.62484743       accum. integral = -.62630388    *
*  std. dev. = 0.10077924E-02   accum. std. dev = 0.16996670E-03*
*   max. wt. =   0.288205E-03                                   *
*                                                               *
**************   chi**2/iteration =  1.153       ****************

 Writing out intermediate results for iteration          35

************* Integration by Vegas (iteration  36) **************
*                                                               *
*  integral  = -.62648541       accum. integral = -.62630899    *
*  std. dev. = 0.99888034E-03   accum. std. dev = 0.16755831E-03*
*   max. wt. =   0.288205E-03                                   *
*                                                               *
**************   chi**2/iteration =  1.121       ****************

 Writing out intermediate results for iteration          36

************* Integration by Vegas (iteration  37) **************
*                                                               *
*  integral  = -.62801839       accum. integral = -.62635433    *
*  std. dev. = 0.10150592E-02   accum. std. dev = 0.16532104E-03*
*   max. wt. =   0.288205E-03                                   *
*                                                               *
**************   chi**2/iteration =  1.167       ****************

 Writing out intermediate results for iteration          37

************* Integration by Vegas (iteration  38) **************
*                                                               *
*  integral  = -.62561172       accum. integral = -.62633465    *
*  std. dev. = 0.10019777E-02   accum. std. dev = 0.16311568E-03*
*   max. wt. =   0.288205E-03                                   *
*                                                               *
**************   chi**2/iteration =  1.150       ****************

 Writing out intermediate results for iteration          38

************* Integration by Vegas (iteration  39) **************
*                                                               *
*  integral  = -.62618931       accum. integral = -.62633100    *
*  std. dev. = 0.10159347E-02   accum. std. dev = 0.16105302E-03*
*   max. wt. =   0.288205E-03                                   *
*                                                               *
**************   chi**2/iteration =  1.120       ****************

 Writing out intermediate results for iteration          39

************* Integration by Vegas (iteration  40) **************
*                                                               *
*  integral  = -.62580144       accum. integral = -.62631865    *
*  std. dev. = 0.10425759E-02   accum. std. dev = 0.15916515E-03*
*   max. wt. =   0.288205E-03                                   *
*                                                               *
**************   chi**2/iteration =  1.098       ****************

 Writing out intermediate results for iteration          40

************* Integration by Vegas (iteration  41) **************
*                                                               *
*  integral  = -.62779583       accum. integral = -.62635334    *
*  std. dev. = 0.10263674E-02   accum. std. dev = 0.15728514E-03*
*   max. wt. =   0.288205E-03                                   *
*                                                               *
**************   chi**2/iteration =  1.121       ****************

 Writing out intermediate results for iteration          41

************* Integration by Vegas (iteration  42) **************
*                                                               *
*  integral  = -.62625274       accum. integral = -.62635104    *
*  std. dev. = 0.10271936E-02   accum. std. dev = 0.15547308E-03*
*   max. wt. =   0.288205E-03                                   *
*                                                               *
**************   chi**2/iteration =  1.094       ****************

 Writing out intermediate results for iteration          42

************* Integration by Vegas (iteration  43) **************
*                                                               *
*  integral  = -.62661236       accum. integral = -.62635663    *
*  std. dev. = 0.10512055E-02   accum. std. dev = 0.15380004E-03*
*   max. wt. =   0.288205E-03                                   *
*                                                               *
**************   chi**2/iteration =  1.069       ****************

 Writing out intermediate results for iteration          43

************* Integration by Vegas (iteration  44) **************
*                                                               *
*  integral  = -.62519393       accum. integral = -.62633199    *
*  std. dev. = 0.10452180E-02   accum. std. dev = 0.15216156E-03*
*   max. wt. =   0.288205E-03                                   *
*                                                               *
**************   chi**2/iteration =  1.073       ****************

 Writing out intermediate results for iteration          44

************* Integration by Vegas (iteration  45) **************
*                                                               *
*  integral  = -.62795020       accum. integral = -.62636603    *
*  std. dev. = 0.10380533E-02   accum. std. dev = 0.15055271E-03*
*   max. wt. =   0.288205E-03                                   *
*                                                               *
**************   chi**2/iteration =  1.102       ****************

 Writing out intermediate results for iteration          45

************* Integration by Vegas (iteration  46) **************
*                                                               *
*  integral  = -.62784397       accum. integral = -.62639505    *
*  std. dev. = 0.10638821E-02   accum. std. dev = 0.14906751E-03*
*   max. wt. =   0.288205E-03                                   *
*                                                               *
**************   chi**2/iteration =  1.120       ****************

 Writing out intermediate results for iteration          46

************* Integration by Vegas (iteration  47) **************
*                                                               *
*  integral  = -.62749246       accum. integral = -.62641593    *
*  std. dev. = 0.10701473E-02   accum. std. dev = 0.14764201E-03*
*   max. wt. =   0.288205E-03                                   *
*                                                               *
**************   chi**2/iteration =  1.118       ****************

 Writing out intermediate results for iteration          47

************* Integration by Vegas (iteration  48) **************
*                                                               *
*  integral  = -.62714671       accum. integral = -.62642934    *
*  std. dev. = 0.10800580E-02   accum. std. dev = 0.14628160E-03*
*   max. wt. =   0.288205E-03                                   *
*                                                               *
**************   chi**2/iteration =  1.104       ****************

 Writing out intermediate results for iteration          48

************* Integration by Vegas (iteration  49) **************
*                                                               *
*  integral  = -.62517480       accum. integral = -.62640632    *
*  std. dev. = 0.10698542E-02   accum. std. dev = 0.14493310E-03*
*   max. wt. =   0.288205E-03                                   *
*                                                               *
**************   chi**2/iteration =  1.109       ****************

 Writing out intermediate results for iteration          49

************* Integration by Vegas (iteration  50) **************
*                                                               *
*  integral  = -.62535591       accum. integral = -.62638772    *
*  std. dev. = 0.10796610E-02   accum. std. dev = 0.14364462E-03*
*   max. wt. =   0.288205E-03                                   *
*                                                               *
**************   chi**2/iteration =  1.105       ****************


Value of final lord integral is       -0.6264 +/-     0.0001 fb

 Total number of shots       :     47239200
 Total no. failing cuts      :     14894699
 Number failing jet cuts     :            0
 Number failing process cuts :            0

   Jet efficiency : 100.00%
   Cut efficiency : 100.00%
 Total efficiency : 100.00%

 Contribution from parton sub-processes:
 ---------------------------------------
       GG     |          -0.62639  100.00%
       GQ     |           0.00000   -0.00%
       GQB    |           0.00000   -0.00%
       QG     |           0.00000   -0.00%
       QBG    |           0.00000   -0.00%
       QQ     |           0.00000   -0.00%
       QBQB   |           0.00000   -0.00%
       QQB    |           0.00000   -0.00%
       QBQ    |           0.00000   -0.00%
 ---------------------------------------

 ****************************************************
 output files  E_var/E_33/MSTW/HHTOP/HZZint_lord_mstw8lo_0___0___126_129_run_33
 ****************************************************
