 ************** MCFM - version 6.8 ****************
 *                                                *
 * MCFM, v6.8                   April 26th, 2014  *
 *                                                *
 * Authors: John Campbell, Keith Ellis,           *
 *          Ciaran Williams                       *
 *         (johnmc@fnal.gov, ellis@fnal.gov,      *
 *          ciaran@fnal.gov)                      *
 *                                                *
 * For details see:                               *
 *                                                *
 *  arXiv:1403.2641 (Triphoton production)        *
 *  arXiv:1312.1628 (gg->WW, Higgs interference)  *
 *  arXiv:1311.3589 (gg->ZZ, Higgs interference)  *
 *  Phys.Rev.D87:114006, arXiv:1302.3856          *
 *  (tZ, tH -- with R. Rontsch)                   *
 *  arXiv:1211.6390 (DM, P. Fox and C. Williams)  *
 *  JHEP 1211:162 (2012), arXiv:1208.0566         *
 *  (Z+gam+jet,Z+gam+gam -- with H. Hartanto)     *
 *  arXiv:1204.1513 (top production+decay)        *
 *  JHEP 1207:052 (2012), arXiv:1204.5678 (ttW)   *
 *  JHEP 1110:005 (2011), arXiv:1107.5569         *
 *         (gg->WW,Higgs intference)              *
 *  JHEP 1107:018 (2011), arXiv:1105.0020         *
 *         (diboson update)                       *
 *  JHEP 1103:027 (2011), arXiv:1011.6647         *
 *         (Wbb for mb>0, with S. Badger)         *
 *  Phys.Rev.D81:074023, arXiv:1001.4495 (H+2jet) *
 *                                                *
 *  P.R.L. 102:142001, arXiv:0903.0005 [hep-ph]   *
 *    (t-channel single top + explicit b,         *
 *      JC, R.Frederix, F.Maltoni, F.Tramontano)  *
 *  N.P.B 726:109(2005), hep-ph/0506289 (W+t)     *
 *  Phys.Rev.D70:094012, hep-ph/0408158 (Sngl Top)*
 *       (with Francesco Tramontano)              *
 *                                                *
 *  Phys.Rev.D65:113007, hep-ph/0202176 (W,Z+2j)  *
 *  Phys.Rev.D62:114012, hep-ph/0006304 (W,Z+bb)  *
 *  Phys.Rev.D60:113006, hep-ph/9905386 (diboson) *
 *                                                *
 * On the web:  http://mcfm.fnal.gov/             *
 **************************************************

 * Using input file named E_var/E_33/MSTW/HHTOP/input_130_33.DAT                                  

 * [Flags to specify the mode in which MCFM is run]                                          
 *                   -1            [nevtrequested] 
 *                    F            [creatent] 
 *                    F            [skipnt] 
 *                    F            [dswhisto] 
 *                    F            [creategrid] 
 *                    T            [writetop] 
 *                    T            [writedat] 
 *                    T            [writegnu] 
 *                    T            [writeroot] 
 *                    F            [writepwg] 

 * [General options to specify the process and execution]                                    
 *                  130            [nproc] 
 *                 lord            [part] 
 * 130_run_33                      [runstring] 
 *           33000.0000            [sqrts] 
 *                    1            [ih1] 
 *                    1            [ih2] 
 *             126.0000            [hmass] 
 *               0.5000            [scale] 
 *               0.5000            [facscale] 
 * m(3456)                         [dynamicscale] 
 *                    F            [zerowidth] 
 *                    F            [removebr] 
 *                   20            [itmx1] 
 *              1000000            [ncall1] 
 *                   50            [itmx2] 
 *              1000000            [ncall2] 
 *                 2020            [ij] 
 *                    F            [dryrun] 
 *                    T            [Qflag] 
 *                    T            [Gflag] 

 * [Heavy quark masses]                                                                      
 *             173.2000            [top mass] 
 *               4.7500            [bottom mass] 
 *               1.5000            [charm mass] 

 * [Pdf selection]                                                                           
 *              mstw8lo            [pdlabel] 
 *                    4            [NGROUP] 
 *                   46            [NSET] 
 * cteq6mE.LHgrid                  [LHAPDF group] 
 *                   -1            [LHAPDF set] 

 * [Jet definition and event cuts]                                                           
 *               0.0000            [m34min] 
 *           33000.0000            [m34max] 
 *               0.0000            [m56min] 
 *           33000.0000            [m56max] 
 *                    T            [inclusive] 
 *                 ankt            [algorithm] 
 *              15.0000            [ptjetmin] 
 *               0.0000            [etajetmin] 
 *               5.0000            [etajetmax] 
 *               0.5000            [Rcut] 
 *                    T            [makecuts] 
 *               0.0000            [leptpt] 
 *              99.0000            [leptrap] 
 *    0.000,   0.000                [leptveto] 
 *               0.0000            [misspt] 
 *               0.0000            [leptpt2] 
 *              99.0000            [leptrap2] 
 *    0.000,   0.000                [leptveto2] 
 *               0.0000            [mtrans34cut] 
 *               0.0000            [Rjlmin] 
 *               0.0000            [Rllmin] 
 *               0.0000            [delyjjmin] 
 *                    F            [jetsopphem] 
 *                    0            [lbjscheme] 
 *               0.0000            [ptbjetmin] 
 *              99.0000            [etabjetmax] 

 * [Settings for photon processes]                                                           
 *                    F            [frag] 
 *             GdRG__LO            [fragset] 
 *              80.0000            [frag_scale] 
 *              20.0000            [gammpt] 
 *               2.5000            [gammrap] 
 *              20.0000            [gammpt2] 
 *              20.0000            [gammpt3] 
 *               0.0000            [Rgalmin] 
 *               0.4000            [Rgagamin] 
 *               0.4000            [Rgajetmin] 
 *               0.4000            [cone_ang] 
 *               0.5000            [epsilon_h] 

 * [Anomalous couplings of the W and Z]                                                      
 *               0.0000            [delg1_z] 
 *               0.0000            [delk_z] 
 *               0.0000            [delk_g] 
 *               0.0000            [lambda_z] 
 *               0.0000            [lambda_g] 
 *               0.0000            [h1Z] 
 *               0.0000            [h1gam] 
 *               0.0000            [h2Z] 
 *               0.0000            [h2gam] 
 *               0.0000            [h3Z] 
 *               0.0000            [h3gam] 
 *               0.0000            [h4Z] 
 *               0.0000            [h4gam] 
 *               2.0000            [tevscale] 

 * [Anomalous width of the Higgs]                                                            
 *               1.0000            [Gamma_H/Gamma_H(SM)] 

 * [How to resume/save a run]                                                                
 *                    F            [readin] 
 *                    F            [writeout] 
 *                                 [ingridfile] 
 *                                 [outgridfile] 

 * [Technical parameters that should not normally be changed]

 *                    F            [debug] 
 *                    T            [verbose] 
 *                    F            [new_pspace] 
 *                    F            [virtonly] 
 *                    F            [realonly] 
 *                    T            [spira] 
 *                    F            [noglue] 
 *                    F            [ggonly] 
 *                    F            [gqonly] 
 *                    F            [omitgg] 
 *                    F            [vanillafiles] 
 *                    1            [nmin] 
 *                    2            [nmax] 
 *                    T            [clustering] 
 *                    F            [realwt] 
 *                    0            [colourchoice] 
 *               0.0100            [rtsmin] 
 *               0.0001            [cutoff] 
 *               0.1000            [aii] 
 *               0.1000            [aif] 
 *               0.1000            [afi] 
 *               1.0000            [aff] 
 *               1.0000            [bfi] 
 *               1.0000            [bff] 

 Chooser:process chosen by nproc=         130

 *************************** f(p1)+f(p2) --> ******************************************
 * H(--> Z^0(e^-(p3)+e^+(p4)) + Z^0(mu^-(p5)+mu^+(p6)) [H squared and H, gg->ZZ intf. *
 **************************************************************************************

 ************** Electroweak parameters **************
 *                                                  *
 *  zmass(+)   91.1876000     wmass(+)  80.3980000  *
 * zwidth(+)    2.4952000    wwidth(+)   2.1054000  *
 *     Gf(+) 0.116639D-04   1/aemmz    132.3384323  *
 *     xw       0.2226459      mtop(+) 173.2000000  *
 *   gwsq       0.4264904       esq      0.0949563  *
 * top width    1.4743080 (LO)                      *
 *    mb        4.7500000        mc      1.5000000  *
 *                                                  *
 * Parameters marked (+) are input, others derived  *
 ****************************************************

 ****************** Higgs parameters ****************
 *                                                  *
 *   mass(H) =  126.00      width(H) =  0.43070E-02 *
 *                                                  *
 *              Br( H -> b bbar)  =   0.48164       *
 *              Br( H -> tau tau) =   0.06056       *
 *              Br( H -> W W)     =   0.00000       *
 *              Br( H -> Z Z)     =   0.00000       *
 *              Br( H -> gam gam) =   0.00235       *
 *              Br( H -> Z gam)   =   0.00164       *
 ****************************************************
 *                                                  *
 * Note: branching ratios reported here can be > 1  *
 *       since the total Higgs width is calculated  *
 *       at NLO but the BR calculation uses a       *
 *       partial width at LO only.                  *
 *                                                  *
 ****************************************************

 WARNING: Higgs decay H->ZZ is below threshold and
 may not yield sensible results - check the number
 of integration points

 ***************** CKM mixing matrix ****************
 *                                                  *
 *      Vud=.97500    Vus=.22200    Vub=0.0000      *
 *      Vcd=.22200    Vcs=.97500    Vcb=0.0000      *
 ****************************************************

 ************* Strong coupling, alpha_s  ************
 *                                                  *
 *  Dynamic scale - alpha_s changed event-by-event  *
 *       alpha_s (zmass)  0.13939000                *
 *         (using 1-loop running of alpha_s)        *
 ****************************************************

 ****************************************
 *     Cross section in femtobarns      *
 ****************************************


 input parameters for vegas:  ndim= 10  ncall= 944784.
                              it=    0  itmx=   20
                              nprn=  0  alph= 1.50
                              mds=  1   nd= 100
                              xl( 1)=   0.000     xu( 1)=   1.000    
                              xl( 2)=   0.000     xu( 2)=   1.000    
                              xl( 3)=   0.000     xu( 3)=   1.000    
                              xl( 4)=   0.000     xu( 4)=   1.000    
                              xl( 5)=   0.000     xu( 5)=   1.000    
                              xl( 6)=   0.000     xu( 6)=   1.000    
                              xl( 7)=   0.000     xu( 7)=   1.000    
                              xl( 8)=   0.000     xu( 8)=   1.000    
                              xl( 9)=   0.000     xu( 9)=   1.000    
                              xl(10)=   0.000     xu(10)=   1.000    

 ****************** Basic mass cuts *****************
 *                                                  *
 *              0.00  <   m34  <  33000.00           *
 *              0.00  <   m56  <  33000.00           *
 ****************************************************
 *********** CMS Higgs Search cuts******
 *                                     *
 *     pt(mu) >           5.00 GeV     *
 *     pt(el) >           7.00 GeV     *
 *     |eta_mu| <         2.40         *
 *     |eta_el| <         2.50         *
 *     m4lmin >         100.00 GeV     *
 *     m2lmin >           4.00 GeV     *
 *     ptleading >       20.00 GeV     *
 *     ptnexttoleading > 10.00 GeV     *
 *     mllnear >         40.00 GeV     *
 *     mllfar >          12.00 GeV     *
 *     mllmax >         120.00 GeV     *
 ***************************************

 ************** Dynamic scale choice ****************
 *                                                  *
 *                 RENORMALIZATION                  *
 *       mu_ren  =  0.50 x m(3456)                  *
 *                                                  *
 *                  FACTORIZATION                   *
 *       mu_fac  =  0.50 x m(3456)                  *
 *                                                  *
 ****************************************************
 ====================================================
   This is QCDLoop - version 1.95                    
   Authors: Keith Ellis and Giulia Zanderighi        
   (ellis@fnal.gov, g.zanderighi1@physics.ox.ac.uk)  
   For details see FERMILAB-PUB-07-633-T,OUTP-07/16P 
   arXiv:0712.1851 [hep-ph], published in            
   JHEP 0802:002,2008.                               
 ====================================================
 ====================================================
   FF 2.0, a package to evaluate one-loop integrals
 written by G. J. van Oldenborgh, NIKHEF-H, Amsterdam
 ====================================================
 for the algorithms used see preprint NIKHEF-H 89/17,
 'New Algorithms for One-loop Integrals', by G.J. van
 Oldenborgh and J.A.M. Vermaseren, published in 
 Zeitschrift fuer Physik C46(1990)425.
 ====================================================
 ffini: precx =   4.44089209850062616E-016
 ffini: precc =   4.44089209850062616E-016
 ffini: xalogm =   4.94065645841246544E-324
 ffini: xclogm =   4.94065645841246544E-324
 ****************************************************
 *                                                  *
 *  gg->ZZ box loop includes gens. 1 and 2          *
 *  gg->ZZ box loop includes bottom quark           *
 *  gg->ZZ box loop includes top quark              *
 *                                                  *
 *  Numer. stability: pt(Z) > 0.100 GeV (gens. 1,2) *
 *  Numer. stability: pt(Z) > 0.100 GeV (b,t loops) *
 *                                                  *
 ****************************************************
 Reading PDF grid from Pdfdata/mstw2008lo.00.dat

************* Integration by Vegas (iteration   1) **************
*                                                               *
*  integral  =  1.4612520       accum. integral =  1.4612520    *
*  std. dev. = 0.32347260       accum. std. dev = 0.32347260    *
*   max. wt. =   0.202133                                       *
*                                                               *
**************   chi**2/iteration =  0.000       ****************


************* Integration by Vegas (iteration   2) **************
*                                                               *
*  integral  =  1.4760779       accum. integral =  1.4746067    *
*  std. dev. = 0.10736463       accum. std. dev = 0.10189838    *
*   max. wt. =   0.202133                                       *
*                                                               *
**************   chi**2/iteration = 0.1874E-02   ****************


************* Integration by Vegas (iteration   3) **************
*                                                               *
*  integral  =  1.8289561       accum. integral =  1.8027847    *
*  std. dev. = 0.28775727E-01   accum. std. dev = 0.27692692E-01*
*   max. wt. =   0.202133                                       *
*                                                               *
**************   chi**2/iteration =  5.573       ****************


************* Integration by Vegas (iteration   4) **************
*                                                               *
*  integral  =  1.8250227       accum. integral =  1.8235283    *
*  std. dev. = 0.74330118E-02   accum. std. dev = 0.71789093E-02*
*   max. wt. =   0.202133                                       *
*                                                               *
**************   chi**2/iteration =  3.921       ****************


************* Integration by Vegas (iteration   5) **************
*                                                               *
*  integral  =  1.8211024       accum. integral =  1.8218160    *
*  std. dev. = 0.46344588E-02   accum. std. dev = 0.38936024E-02*
*   max. wt. =   0.202133                                       *
*                                                               *
**************   chi**2/iteration =  2.964       ****************


************* Integration by Vegas (iteration   6) **************
*                                                               *
*  integral  =  1.8248523       accum. integral =  1.8232016    *
*  std. dev. = 0.42497736E-02   accum. std. dev = 0.28708659E-02*
*   max. wt. =   0.202133                                       *
*                                                               *
**************   chi**2/iteration =  2.427       ****************


************* Integration by Vegas (iteration   7) **************
*                                                               *
*  integral  =  1.8330420       accum. integral =  1.8263188    *
*  std. dev. = 0.42161687E-02   accum. std. dev = 0.23729815E-02*
*   max. wt. =   0.202133                                       *
*                                                               *
**************   chi**2/iteration =  2.643       ****************


************* Integration by Vegas (iteration   8) **************
*                                                               *
*  integral  =  1.8285824       accum. integral =  1.8268817    *
*  std. dev. = 0.41245839E-02   accum. std. dev = 0.20568626E-02*
*   max. wt. =   0.202133                                       *
*                                                               *
**************   chi**2/iteration =  2.298       ****************


************* Integration by Vegas (iteration   9) **************
*                                                               *
*  integral  =  1.8276211       accum. integral =  1.8270240    *
*  std. dev. = 0.42143544E-02   accum. std. dev = 0.18484565E-02*
*   max. wt. =   0.202133                                       *
*                                                               *
**************   chi**2/iteration =  2.014       ****************


************* Integration by Vegas (iteration  10) **************
*                                                               *
*  integral  =  1.8248358       accum. integral =  1.8266655    *
*  std. dev. = 0.41763574E-02   accum. std. dev = 0.16902958E-02*
*   max. wt. =   0.202133                                       *
*                                                               *
**************   chi**2/iteration =  1.816       ****************


************* Integration by Vegas (iteration  11) **************
*                                                               *
*  integral  =  1.8297600       accum. integral =  1.8271117    *
*  std. dev. = 0.41182386E-02   accum. std. dev = 0.15637070E-02*
*   max. wt. =   0.202133                                       *
*                                                               *
**************   chi**2/iteration =  1.683       ****************


************* Integration by Vegas (iteration  12) **************
*                                                               *
*  integral  =  1.8240431       accum. integral =  1.8267206    *
*  std. dev. = 0.40914461E-02   accum. std. dev = 0.14606631E-02*
*   max. wt. =   0.202133                                       *
*                                                               *
**************   chi**2/iteration =  1.575       ****************


************* Integration by Vegas (iteration  13) **************
*                                                               *
*  integral  =  1.8281755       accum. integral =  1.8268828    *
*  std. dev. = 0.41231391E-02   accum. std. dev = 0.13768204E-02*
*   max. wt. =   0.202133                                       *
*                                                               *
**************   chi**2/iteration =  1.453       ****************


************* Integration by Vegas (iteration  14) **************
*                                                               *
*  integral  =  1.8225782       accum. integral =  1.8264461    *
*  std. dev. = 0.40976427E-02   accum. std. dev = 0.13051175E-02*
*   max. wt. =   0.202133                                       *
*                                                               *
**************   chi**2/iteration =  1.417       ****************


************* Integration by Vegas (iteration  15) **************
*                                                               *
*  integral  =  1.8267332       accum. integral =  1.8264721    *
*  std. dev. = 0.41421341E-02   accum. std. dev = 0.12447895E-02*
*   max. wt. =   0.202133                                       *
*                                                               *
**************   chi**2/iteration =  1.317       ****************


************* Integration by Vegas (iteration  16) **************
*                                                               *
*  integral  =  1.8290989       accum. integral =  1.8266864    *
*  std. dev. = 0.41758934E-02   accum. std. dev = 0.11929176E-02*
*   max. wt. =   0.202133                                       *
*                                                               *
**************   chi**2/iteration =  1.253       ****************


************* Integration by Vegas (iteration  17) **************
*                                                               *
*  integral  =  1.8193281       accum. integral =  1.8261366    *
*  std. dev. = 0.41979722E-02   accum. std. dev = 0.11474872E-02*
*   max. wt. =   0.202133                                       *
*                                                               *
**************   chi**2/iteration =  1.352       ****************


************* Integration by Vegas (iteration  18) **************
*                                                               *
*  integral  =  1.8307307       accum. integral =  1.8264601    *
*  std. dev. = 0.41693709E-02   accum. std. dev = 0.11063516E-02*
*   max. wt. =   0.202133                                       *
*                                                               *
**************   chi**2/iteration =  1.339       ****************


************* Integration by Vegas (iteration  19) **************
*                                                               *
*  integral  =  1.8313722       accum. integral =  1.8267835    *
*  std. dev. = 0.41673955E-02   accum. std. dev = 0.10693114E-02*
*   max. wt. =   0.202133                                       *
*                                                               *
**************   chi**2/iteration =  1.337       ****************


************* Integration by Vegas (iteration  20) **************
*                                                               *
*  integral  =  1.8368921       accum. integral =  1.8274011    *
*  std. dev. = 0.41920283E-02   accum. std. dev = 0.10361336E-02*
*   max. wt. =   0.202133                                       *
*                                                               *
**************   chi**2/iteration =  1.554       ****************


 input parameters for vegas:  ndim= 10  ncall= 944784.
                              it=   21  itmx=   50
                              nprn=  0  alph= 1.50
                              mds=  1   nd= 100
                              xl( 1)=   0.000     xu( 1)=   1.000    
                              xl( 2)=   0.000     xu( 2)=   1.000    
                              xl( 3)=   0.000     xu( 3)=   1.000    
                              xl( 4)=   0.000     xu( 4)=   1.000    
                              xl( 5)=   0.000     xu( 5)=   1.000    
                              xl( 6)=   0.000     xu( 6)=   1.000    
                              xl( 7)=   0.000     xu( 7)=   1.000    
                              xl( 8)=   0.000     xu( 8)=   1.000    
                              xl( 9)=   0.000     xu( 9)=   1.000    
                              xl(10)=   0.000     xu(10)=   1.000    

************* Integration by Vegas (iteration   1) **************
*                                                               *
*  integral  =  1.8246560       accum. integral =  1.8246560    *
*  std. dev. = 0.41933439E-02   accum. std. dev = 0.41933439E-02*
*   max. wt. =   0.171216E-03                                   *
*                                                               *
**************   chi**2/iteration =  0.000       ****************

 Writing out intermediate results for iteration           1

************* Integration by Vegas (iteration   2) **************
*                                                               *
*  integral  =  1.8244004       accum. integral =  1.8245289    *
*  std. dev. = 0.42188561E-02   accum. std. dev = 0.29741208E-02*
*   max. wt. =   0.171216E-03                                   *
*                                                               *
**************   chi**2/iteration = 0.1828E-02   ****************

 Writing out intermediate results for iteration           2

************* Integration by Vegas (iteration   3) **************
*                                                               *
*  integral  =  1.8353225       accum. integral =  1.8280931    *
*  std. dev. = 0.42357841E-02   accum. std. dev = 0.24340431E-02*
*   max. wt. =   0.183867E-03                                   *
*                                                               *
**************   chi**2/iteration =  2.165       ****************

 Writing out intermediate results for iteration           3

************* Integration by Vegas (iteration   4) **************
*                                                               *
*  integral  =  1.8279039       accum. integral =  1.8280464    *
*  std. dev. = 0.42547860E-02   accum. std. dev = 0.21127556E-02*
*   max. wt. =   0.210531E-03                                   *
*                                                               *
**************   chi**2/iteration =  1.446       ****************

 Writing out intermediate results for iteration           4

************* Integration by Vegas (iteration   5) **************
*                                                               *
*  integral  =  1.8333309       accum. integral =  1.8290654    *
*  std. dev. = 0.43225473E-02   accum. std. dev = 0.18981514E-02*
*   max. wt. =   0.210531E-03                                   *
*                                                               *
**************   chi**2/iteration =  1.386       ****************

 Writing out intermediate results for iteration           5

************* Integration by Vegas (iteration   6) **************
*                                                               *
*  integral  =  1.8245683       accum. integral =  1.8283363    *
*  std. dev. = 0.43150930E-02   accum. std. dev = 0.17374792E-02*
*   max. wt. =   0.231042E-03                                   *
*                                                               *
**************   chi**2/iteration =  1.291       ****************

 Writing out intermediate results for iteration           6

************* Integration by Vegas (iteration   7) **************
*                                                               *
*  integral  =  1.8279125       accum. integral =  1.8282768    *
*  std. dev. = 0.43001360E-02   accum. std. dev = 0.16109481E-02*
*   max. wt. =   0.231042E-03                                   *
*                                                               *
**************   chi**2/iteration =  1.078       ****************

 Writing out intermediate results for iteration           7

************* Integration by Vegas (iteration   8) **************
*                                                               *
*  integral  =  1.8222448       accum. integral =  1.8275450    *
*  std. dev. = 0.43351355E-02   accum. std. dev = 0.15100576E-02*
*   max. wt. =   0.241476E-03                                   *
*                                                               *
**************   chi**2/iteration =  1.167       ****************

 Writing out intermediate results for iteration           8

************* Integration by Vegas (iteration   9) **************
*                                                               *
*  integral  =  1.8254630       accum. integral =  1.8273238    *
*  std. dev. = 0.43797044E-02   accum. std. dev = 0.14275863E-02*
*   max. wt. =   0.242323E-03                                   *
*                                                               *
**************   chi**2/iteration =  1.046       ****************

 Writing out intermediate results for iteration           9

************* Integration by Vegas (iteration  10) **************
*                                                               *
*  integral  =  1.8293373       accum. integral =  1.8275139    *
*  std. dev. = 0.44204190E-02   accum. std. dev = 0.13584984E-02*
*   max. wt. =   0.295775E-03                                   *
*                                                               *
**************   chi**2/iteration = 0.9510       ****************

 Writing out intermediate results for iteration          10

************* Integration by Vegas (iteration  11) **************
*                                                               *
*  integral  =  1.8388359       accum. integral =  1.8284628    *
*  std. dev. = 0.44917127E-02   accum. std. dev = 0.13003270E-02*
*   max. wt. =   0.295775E-03                                   *
*                                                               *
**************   chi**2/iteration =  1.438       ****************

 Writing out intermediate results for iteration          11

************* Integration by Vegas (iteration  12) **************
*                                                               *
*  integral  =  1.8244813       accum. integral =  1.8281561    *
*  std. dev. = 0.45011954E-02   accum. std. dev = 0.12492440E-02*
*   max. wt. =   0.295775E-03                                   *
*                                                               *
**************   chi**2/iteration =  1.373       ****************

 Writing out intermediate results for iteration          12

************* Integration by Vegas (iteration  13) **************
*                                                               *
*  integral  =  1.8238483       accum. integral =  1.8278479    *
*  std. dev. = 0.44999159E-02   accum. std. dev = 0.12037195E-02*
*   max. wt. =   0.295775E-03                                   *
*                                                               *
**************   chi**2/iteration =  1.329       ****************

 Writing out intermediate results for iteration          13

************* Integration by Vegas (iteration  14) **************
*                                                               *
*  integral  =  1.8335155       accum. integral =  1.8282242    *
*  std. dev. = 0.45134512E-02   accum. std. dev = 0.11630673E-02*
*   max. wt. =   0.295775E-03                                   *
*                                                               *
**************   chi**2/iteration =  1.340       ****************

 Writing out intermediate results for iteration          14

************* Integration by Vegas (iteration  15) **************
*                                                               *
*  integral  =  1.8300744       accum. integral =  1.8283405    *
*  std. dev. = 0.44912072E-02   accum. std. dev = 0.11259259E-02*
*   max. wt. =   0.295775E-03                                   *
*                                                               *
**************   chi**2/iteration =  1.256       ****************

 Writing out intermediate results for iteration          15

************* Integration by Vegas (iteration  16) **************
*                                                               *
*  integral  =  1.8321989       accum. integral =  1.8285631    *
*  std. dev. = 0.45505313E-02   accum. std. dev = 0.10929669E-02*
*   max. wt. =   0.295775E-03                                   *
*                                                               *
**************   chi**2/iteration =  1.217       ****************

 Writing out intermediate results for iteration          16

************* Integration by Vegas (iteration  17) **************
*                                                               *
*  integral  =  1.8217370       accum. integral =  1.8281820    *
*  std. dev. = 0.44949701E-02   accum. std. dev = 0.10620225E-02*
*   max. wt. =   0.295775E-03                                   *
*                                                               *
**************   chi**2/iteration =  1.277       ****************

 Writing out intermediate results for iteration          17

************* Integration by Vegas (iteration  18) **************
*                                                               *
*  integral  =  1.8241849       accum. integral =  1.8279758    *
*  std. dev. = 0.45528827E-02   accum. std. dev = 0.10342572E-02*
*   max. wt. =   0.302318E-03                                   *
*                                                               *
**************   chi**2/iteration =  1.245       ****************

 Writing out intermediate results for iteration          18

************* Integration by Vegas (iteration  19) **************
*                                                               *
*  integral  =  1.8329903       accum. integral =  1.8282201    *
*  std. dev. = 0.45702620E-02   accum. std. dev = 0.10087495E-02*
*   max. wt. =   0.302318E-03                                   *
*                                                               *
**************   chi**2/iteration =  1.240       ****************

 Writing out intermediate results for iteration          19

************* Integration by Vegas (iteration  20) **************
*                                                               *
*  integral  =  1.8325330       accum. integral =  1.8284192    *
*  std. dev. = 0.45848925E-02   accum. std. dev = 0.98518628E-03*
*   max. wt. =   0.302318E-03                                   *
*                                                               *
**************   chi**2/iteration =  1.219       ****************

 Writing out intermediate results for iteration          20

************* Integration by Vegas (iteration  21) **************
*                                                               *
*  integral  =  1.8273638       accum. integral =  1.8283725    *
*  std. dev. = 0.45785013E-02   accum. std. dev = 0.96314138E-03*
*   max. wt. =   0.306222E-03                                   *
*                                                               *
**************   chi**2/iteration =  1.160       ****************

 Writing out intermediate results for iteration          21

************* Integration by Vegas (iteration  22) **************
*                                                               *
*  integral  =  1.8298379       accum. integral =  1.8284331    *
*  std. dev. = 0.46370024E-02   accum. std. dev = 0.94301418E-03*
*   max. wt. =   0.306222E-03                                   *
*                                                               *
**************   chi**2/iteration =  1.110       ****************

 Writing out intermediate results for iteration          22

************* Integration by Vegas (iteration  23) **************
*                                                               *
*  integral  =  1.8305053       accum. integral =  1.8285129    *
*  std. dev. = 0.47127151E-02   accum. std. dev = 0.92468370E-03*
*   max. wt. =   0.344972E-03                                   *
*                                                               *
**************   chi**2/iteration =  1.068       ****************

 Writing out intermediate results for iteration          23

************* Integration by Vegas (iteration  24) **************
*                                                               *
*  integral  =  1.8312003       accum. integral =  1.8286126    *
*  std. dev. = 0.47110053E-02   accum. std. dev = 0.90737000E-03*
*   max. wt. =   0.344972E-03                                   *
*                                                               *
**************   chi**2/iteration =  1.035       ****************

 Writing out intermediate results for iteration          24

************* Integration by Vegas (iteration  25) **************
*                                                               *
*  integral  =  1.8295102       accum. integral =  1.8286452    *
*  std. dev. = 0.46745998E-02   accum. std. dev = 0.89074471E-03*
*   max. wt. =   0.344972E-03                                   *
*                                                               *
**************   chi**2/iteration = 0.9933       ****************

 Writing out intermediate results for iteration          25

************* Integration by Vegas (iteration  26) **************
*                                                               *
*  integral  =  1.8218700       accum. integral =  1.8284145    *
*  std. dev. = 0.47443620E-02   accum. std. dev = 0.87544885E-03*
*   max. wt. =   0.344972E-03                                   *
*                                                               *
**************   chi**2/iteration =  1.032       ****************

 Writing out intermediate results for iteration          26

************* Integration by Vegas (iteration  27) **************
*                                                               *
*  integral  =  1.8304192       accum. integral =  1.8284798    *
*  std. dev. = 0.47685064E-02   accum. std. dev = 0.86105804E-03*
*   max. wt. =   0.388652E-03                                   *
*                                                               *
**************   chi**2/iteration = 0.9993       ****************

 Writing out intermediate results for iteration          27

************* Integration by Vegas (iteration  28) **************
*                                                               *
*  integral  =  1.8267812       accum. integral =  1.8284244    *
*  std. dev. = 0.46887572E-02   accum. std. dev = 0.84689576E-03*
*   max. wt. =   0.388652E-03                                   *
*                                                               *
**************   chi**2/iteration = 0.9670       ****************

 Writing out intermediate results for iteration          28

************* Integration by Vegas (iteration  29) **************
*                                                               *
*  integral  =  1.8225499       accum. integral =  1.8282435    *
*  std. dev. = 0.47511571E-02   accum. std. dev = 0.83375381E-03*
*   max. wt. =   0.388652E-03                                   *
*                                                               *
**************   chi**2/iteration = 0.9853       ****************

 Writing out intermediate results for iteration          29

************* Integration by Vegas (iteration  30) **************
*                                                               *
*  integral  =  1.8313488       accum. integral =  1.8283368    *
*  std. dev. = 0.47372834E-02   accum. std. dev = 0.82113333E-03*
*   max. wt. =   0.388652E-03                                   *
*                                                               *
**************   chi**2/iteration = 0.9657       ****************

 Writing out intermediate results for iteration          30

************* Integration by Vegas (iteration  31) **************
*                                                               *
*  integral  =  1.8236590       accum. integral =  1.8281997    *
*  std. dev. = 0.47251302E-02   accum. std. dev = 0.80900837E-03*
*   max. wt. =   0.388652E-03                                   *
*                                                               *
**************   chi**2/iteration = 0.9653       ****************

 Writing out intermediate results for iteration          31

************* Integration by Vegas (iteration  32) **************
*                                                               *
*  integral  =  1.8199722       accum. integral =  1.8279705    *
*  std. dev. = 0.47795159E-02   accum. std. dev = 0.79766220E-03*
*   max. wt. =   0.388652E-03                                   *
*                                                               *
**************   chi**2/iteration =  1.027       ****************

 Writing out intermediate results for iteration          32

************* Integration by Vegas (iteration  33) **************
*                                                               *
*  integral  =  1.8339087       accum. integral =  1.8281285    *
*  std. dev. = 0.48251095E-02   accum. std. dev = 0.78698098E-03*
*   max. wt. =   0.388652E-03                                   *
*                                                               *
**************   chi**2/iteration =  1.041       ****************

 Writing out intermediate results for iteration          33

************* Integration by Vegas (iteration  34) **************
*                                                               *
*  integral  =  1.8233231       accum. integral =  1.8280034    *
*  std. dev. = 0.48132853E-02   accum. std. dev = 0.77666817E-03*
*   max. wt. =   0.388652E-03                                   *
*                                                               *
**************   chi**2/iteration =  1.039       ****************

 Writing out intermediate results for iteration          34

************* Integration by Vegas (iteration  35) **************
*                                                               *
*  integral  =  1.8272358       accum. integral =  1.8279840    *
*  std. dev. = 0.48224399E-02   accum. std. dev = 0.76678735E-03*
*   max. wt. =   0.388652E-03                                   *
*                                                               *
**************   chi**2/iteration =  1.009       ****************

 Writing out intermediate results for iteration          35

************* Integration by Vegas (iteration  36) **************
*                                                               *
*  integral  =  1.8301521       accum. integral =  1.8280369    *
*  std. dev. = 0.48485355E-02   accum. std. dev = 0.75737454E-03*
*   max. wt. =   0.388652E-03                                   *
*                                                               *
**************   chi**2/iteration = 0.9858       ****************

 Writing out intermediate results for iteration          36

************* Integration by Vegas (iteration  37) **************
*                                                               *
*  integral  =  1.8328711       accum. integral =  1.8281479    *
*  std. dev. = 0.49396922E-02   accum. std. dev = 0.74862619E-03*
*   max. wt. =   0.388652E-03                                   *
*                                                               *
**************   chi**2/iteration = 0.9844       ****************

 Writing out intermediate results for iteration          37

************* Integration by Vegas (iteration  38) **************
*                                                               *
*  integral  =  1.8233693       accum. integral =  1.8280380    *
*  std. dev. = 0.48790930E-02   accum. std. dev = 0.73996654E-03*
*   max. wt. =   0.388652E-03                                   *
*                                                               *
**************   chi**2/iteration = 0.9831       ****************

 Writing out intermediate results for iteration          38

************* Integration by Vegas (iteration  39) **************
*                                                               *
*  integral  =  1.8217804       accum. integral =  1.8278994    *
*  std. dev. = 0.49161279E-02   accum. std. dev = 0.73172410E-03*
*   max. wt. =   0.479952E-03                                   *
*                                                               *
**************   chi**2/iteration = 0.9990       ****************

 Writing out intermediate results for iteration          39

************* Integration by Vegas (iteration  40) **************
*                                                               *
*  integral  =  1.8274637       accum. integral =  1.8278896    *
*  std. dev. = 0.48287019E-02   accum. std. dev = 0.72346468E-03*
*   max. wt. =   0.479952E-03                                   *
*                                                               *
**************   chi**2/iteration = 0.9736       ****************

 Writing out intermediate results for iteration          40

************* Integration by Vegas (iteration  41) **************
*                                                               *
*  integral  =  1.8185076       accum. integral =  1.8276803    *
*  std. dev. = 0.47890486E-02   accum. std. dev = 0.71534822E-03*
*   max. wt. =   0.479952E-03                                   *
*                                                               *
**************   chi**2/iteration =  1.043       ****************

 Writing out intermediate results for iteration          41

************* Integration by Vegas (iteration  42) **************
*                                                               *
*  integral  =  1.8292703       accum. integral =  1.8277140    *
*  std. dev. = 0.48617124E-02   accum. std. dev = 0.70772811E-03*
*   max. wt. =   0.479952E-03                                   *
*                                                               *
**************   chi**2/iteration =  1.020       ****************

 Writing out intermediate results for iteration          42

************* Integration by Vegas (iteration  43) **************
*                                                               *
*  integral  =  1.8283497       accum. integral =  1.8277269    *
*  std. dev. = 0.49162471E-02   accum. std. dev = 0.70050682E-03*
*   max. wt. =   0.479952E-03                                   *
*                                                               *
**************   chi**2/iteration = 0.9962       ****************

 Writing out intermediate results for iteration          43

************* Integration by Vegas (iteration  44) **************
*                                                               *
*  integral  =  1.8339301       accum. integral =  1.8278499    *
*  std. dev. = 0.49234917E-02   accum. std. dev = 0.69352244E-03*
*   max. wt. =   0.479952E-03                                   *
*                                                               *
**************   chi**2/iteration =  1.009       ****************

 Writing out intermediate results for iteration          44

************* Integration by Vegas (iteration  45) **************
*                                                               *
*  integral  =  1.8292454       accum. integral =  1.8278775    *
*  std. dev. = 0.48842907E-02   accum. std. dev = 0.68663526E-03*
*   max. wt. =   0.479952E-03                                   *
*                                                               *
**************   chi**2/iteration = 0.9881       ****************

 Writing out intermediate results for iteration          45

************* Integration by Vegas (iteration  46) **************
*                                                               *
*  integral  =  1.8262917       accum. integral =  1.8278474    *
*  std. dev. = 0.49336691E-02   accum. std. dev = 0.68008053E-03*
*   max. wt. =   0.479952E-03                                   *
*                                                               *
**************   chi**2/iteration = 0.9684       ****************

 Writing out intermediate results for iteration          46

************* Integration by Vegas (iteration  47) **************
*                                                               *
*  integral  =  1.8305261       accum. integral =  1.8278970    *
*  std. dev. = 0.49518589E-02   accum. std. dev = 0.67375608E-03*
*   max. wt. =   0.479952E-03                                   *
*                                                               *
**************   chi**2/iteration = 0.9536       ****************

 Writing out intermediate results for iteration          47

************* Integration by Vegas (iteration  48) **************
*                                                               *
*  integral  =  1.8288433       accum. integral =  1.8279137    *
*  std. dev. = 0.50270927E-02   accum. std. dev = 0.66778516E-03*
*   max. wt. =   0.479952E-03                                   *
*                                                               *
**************   chi**2/iteration = 0.9341       ****************

 Writing out intermediate results for iteration          48

************* Integration by Vegas (iteration  49) **************
*                                                               *
*  integral  =  1.8379594       accum. integral =  1.8280915    *
*  std. dev. = 0.49740063E-02   accum. std. dev = 0.66184710E-03*
*   max. wt. =   0.479952E-03                                   *
*                                                               *
**************   chi**2/iteration = 0.9981       ****************

 Writing out intermediate results for iteration          49

************* Integration by Vegas (iteration  50) **************
*                                                               *
*  integral  =  1.8297383       accum. integral =  1.8281196    *
*  std. dev. = 0.50302397E-02   accum. std. dev = 0.65619160E-03*
*   max. wt. =   0.479952E-03                                   *
*                                                               *
**************   chi**2/iteration = 0.9799       ****************


Value of final lord integral is        1.8281 +/-     0.0007 fb

 Total number of shots       :     47239200
 Total no. failing cuts      :     20516720
 Number failing jet cuts     :            0
 Number failing process cuts :            0

   Jet efficiency : 100.00%
   Cut efficiency : 100.00%
 Total efficiency : 100.00%

 Contribution from parton sub-processes:
 ---------------------------------------
       GG     |           1.82812  100.00%
       GQ     |           0.00000    0.00%
       GQB    |           0.00000    0.00%
       QG     |           0.00000    0.00%
       QBG    |           0.00000    0.00%
       QQ     |           0.00000    0.00%
       QBQB   |           0.00000    0.00%
       QQB    |           0.00000    0.00%
       QBQ    |           0.00000    0.00%
 ---------------------------------------

 ****************************************************
 output files  E_var/E_33/MSTW/HHTOP/HZZH+i_lord_mstw8lo_0___0___126_130_run_33
 ****************************************************
