 ************** MCFM - version 6.8 ****************
 *                                                *
 * MCFM, v6.8                   April 26th, 2014  *
 *                                                *
 * Authors: John Campbell, Keith Ellis,           *
 *          Ciaran Williams                       *
 *         (johnmc@fnal.gov, ellis@fnal.gov,      *
 *          ciaran@fnal.gov)                      *
 *                                                *
 * For details see:                               *
 *                                                *
 *  arXiv:1403.2641 (Triphoton production)        *
 *  arXiv:1312.1628 (gg->WW, Higgs interference)  *
 *  arXiv:1311.3589 (gg->ZZ, Higgs interference)  *
 *  Phys.Rev.D87:114006, arXiv:1302.3856          *
 *  (tZ, tH -- with R. Rontsch)                   *
 *  arXiv:1211.6390 (DM, P. Fox and C. Williams)  *
 *  JHEP 1211:162 (2012), arXiv:1208.0566         *
 *  (Z+gam+jet,Z+gam+gam -- with H. Hartanto)     *
 *  arXiv:1204.1513 (top production+decay)        *
 *  JHEP 1207:052 (2012), arXiv:1204.5678 (ttW)   *
 *  JHEP 1110:005 (2011), arXiv:1107.5569         *
 *         (gg->WW,Higgs intference)              *
 *  JHEP 1107:018 (2011), arXiv:1105.0020         *
 *         (diboson update)                       *
 *  JHEP 1103:027 (2011), arXiv:1011.6647         *
 *         (Wbb for mb>0, with S. Badger)         *
 *  Phys.Rev.D81:074023, arXiv:1001.4495 (H+2jet) *
 *                                                *
 *  P.R.L. 102:142001, arXiv:0903.0005 [hep-ph]   *
 *    (t-channel single top + explicit b,         *
 *      JC, R.Frederix, F.Maltoni, F.Tramontano)  *
 *  N.P.B 726:109(2005), hep-ph/0506289 (W+t)     *
 *  Phys.Rev.D70:094012, hep-ph/0408158 (Sngl Top)*
 *       (with Francesco Tramontano)              *
 *                                                *
 *  Phys.Rev.D65:113007, hep-ph/0202176 (W,Z+2j)  *
 *  Phys.Rev.D62:114012, hep-ph/0006304 (W,Z+bb)  *
 *  Phys.Rev.D60:113006, hep-ph/9905386 (diboson) *
 *                                                *
 * On the web:  http://mcfm.fnal.gov/             *
 **************************************************

 * Using input file named cluster_CMS_m4l/CTEQm4/TOP/input_131_8.DAT                              

 * [Flags to specify the mode in which MCFM is run]                                          
 *                   -1            [nevtrequested] 
 *                    F            [creatent] 
 *                    F            [skipnt] 
 *                    F            [dswhisto] 
 *                    F            [creategrid] 
 *                    T            [writetop] 
 *                    T            [writedat] 
 *                    T            [writegnu] 
 *                    T            [writeroot] 
 *                    F            [writepwg] 

 * [General options to specify the process and execution]                                    
 *                  131            [nproc] 
 *                 lord            [part] 
 * 131_run_8                       [runstring] 
 *            8000.0000            [sqrts] 
 *                    1            [ih1] 
 *                    1            [ih2] 
 *             126.0000            [hmass] 
 *               1.0000            [scale] 
 *               1.0000            [facscale] 
 * m(3456)                         [dynamicscale] 
 *                    F            [zerowidth] 
 *                    F            [removebr] 
 *                   20            [itmx1] 
 *               500000            [ncall1] 
 *                   50            [itmx2] 
 *               500000            [ncall2] 
 *                 2020            [ij] 
 *                    F            [dryrun] 
 *                    T            [Qflag] 
 *                    T            [Gflag] 

 * [Heavy quark masses]                                                                      
 *             173.2000            [top mass] 
 *               4.7500            [bottom mass] 
 *               1.5000            [charm mass] 

 * [Pdf selection]                                                                           
 *              cteq6_l            [pdlabel] 
 *                    4            [NGROUP] 
 *                   46            [NSET] 
 * cteq6mE.LHgrid                  [LHAPDF group] 
 *                   -1            [LHAPDF set] 

 * [Jet definition and event cuts]                                                           
 *               0.0000            [m34min] 
 *            8000.0000            [m34max] 
 *               0.0000            [m56min] 
 *            8000.0000            [m56max] 
 *                    T            [inclusive] 
 *                 ankt            [algorithm] 
 *              15.0000            [ptjetmin] 
 *               0.0000            [etajetmin] 
 *               5.0000            [etajetmax] 
 *               0.5000            [Rcut] 
 *                    T            [makecuts] 
 *               0.0000            [leptpt] 
 *              99.0000            [leptrap] 
 *    0.000,   0.000                [leptveto] 
 *               0.0000            [misspt] 
 *               0.0000            [leptpt2] 
 *              99.0000            [leptrap2] 
 *    0.000,   0.000                [leptveto2] 
 *               0.0000            [mtrans34cut] 
 *               0.0000            [Rjlmin] 
 *               0.0000            [Rllmin] 
 *               0.0000            [delyjjmin] 
 *                    F            [jetsopphem] 
 *                    0            [lbjscheme] 
 *               0.0000            [ptbjetmin] 
 *              99.0000            [etabjetmax] 

 * [Settings for photon processes]                                                           
 *                    F            [frag] 
 *             GdRG__LO            [fragset] 
 *              80.0000            [frag_scale] 
 *              20.0000            [gammpt] 
 *               2.5000            [gammrap] 
 *              20.0000            [gammpt2] 
 *              20.0000            [gammpt3] 
 *               0.0000            [Rgalmin] 
 *               0.4000            [Rgagamin] 
 *               0.4000            [Rgajetmin] 
 *               0.4000            [cone_ang] 
 *               0.5000            [epsilon_h] 

 * [Anomalous couplings of the W and Z]                                                      
 *               0.0000            [delg1_z] 
 *               0.0000            [delk_z] 
 *               0.0000            [delk_g] 
 *               0.0000            [lambda_z] 
 *               0.0000            [lambda_g] 
 *               0.0000            [h1Z] 
 *               0.0000            [h1gam] 
 *               0.0000            [h2Z] 
 *               0.0000            [h2gam] 
 *               0.0000            [h3Z] 
 *               0.0000            [h3gam] 
 *               0.0000            [h4Z] 
 *               0.0000            [h4gam] 
 *               2.0000            [tevscale] 

 * [Anomalous width of the Higgs]                                                            
 *               1.0000            [Gamma_H/Gamma_H(SM)] 

 * [How to resume/save a run]                                                                
 *                    F            [readin] 
 *                    F            [writeout] 
 *                                 [ingridfile] 
 *                                 [outgridfile] 

 * [Technical parameters that should not normally be changed]

 *                    F            [debug] 
 *                    T            [verbose] 
 *                    F            [new_pspace] 
 *                    F            [virtonly] 
 *                    F            [realonly] 
 *                    T            [spira] 
 *                    F            [noglue] 
 *                    F            [ggonly] 
 *                    F            [gqonly] 
 *                    F            [omitgg] 
 *                    F            [vanillafiles] 
 *                    1            [nmin] 
 *                    2            [nmax] 
 *                    T            [clustering] 
 *                    F            [realwt] 
 *                    0            [colourchoice] 
 *               0.0100            [rtsmin] 
 *               0.0001            [cutoff] 
 *               0.1000            [aii] 
 *               0.1000            [aif] 
 *               0.1000            [afi] 
 *               1.0000            [aff] 
 *               1.0000            [bfi] 
 *               1.0000            [bff] 

 Chooser:process chosen by nproc=         131

 *************************** f(p1)+f(p2) --> ******************************************
 * Z^0(e^-(p3)+e^+(p4)) + Z^0(mu^-(p5)+mu^+(p6) [gg only, (H + gg->ZZ) squared]       *
 **************************************************************************************

 ************** Electroweak parameters **************
 *                                                  *
 *  zmass(+)   91.1876000     wmass(+)  80.3980000  *
 * zwidth(+)    2.4952000    wwidth(+)   2.1054000  *
 *     Gf(+) 0.116639D-04   1/aemmz    132.3384323  *
 *     xw       0.2226459      mtop(+) 173.2000000  *
 *   gwsq       0.4264904       esq      0.0949563  *
 * top width    1.4743080 (LO)                      *
 *    mb        4.7500000        mc      1.5000000  *
 *                                                  *
 * Parameters marked (+) are input, others derived  *
 ****************************************************

 ****************** Higgs parameters ****************
 *                                                  *
 *   mass(H) =  126.00      width(H) =  0.43070E-02 *
 *                                                  *
 *              Br( H -> b bbar)  =   0.56954       *
 *              Br( H -> tau tau) =   0.06056       *
 *              Br( H -> W W)     =   0.00000       *
 *              Br( H -> Z Z)     =   0.00000       *
 *              Br( H -> gam gam) =   0.00235       *
 *              Br( H -> Z gam)   =   0.00164       *
 ****************************************************
 *                                                  *
 * Note: branching ratios reported here can be > 1  *
 *       since the total Higgs width is calculated  *
 *       at NLO but the BR calculation uses a       *
 *       partial width at LO only.                  *
 *                                                  *
 ****************************************************

 WARNING: Higgs decay H->ZZ is below threshold and
 may not yield sensible results - check the number
 of integration points

 ***************** CKM mixing matrix ****************
 *                                                  *
 *      Vud=.97500    Vus=.22200    Vub=0.0000      *
 *      Vcd=.22200    Vcs=.97500    Vcb=0.0000      *
 ****************************************************

 ************* Strong coupling, alpha_s  ************
 *                                                  *
 *  Dynamic scale - alpha_s changed event-by-event  *
 *       alpha_s (zmass)  0.11800000                *
 *         (using 1-loop running of alpha_s)        *
 ****************************************************

 ****************************************
 *     Cross section in femtobarns      *
 ****************************************


 input parameters for vegas:  ndim= 10  ncall= 472392.
                              it=    0  itmx=   20
                              nprn=  0  alph= 1.50
                              mds=  1   nd= 100
                              xl( 1)=   0.000     xu( 1)=   1.000    
                              xl( 2)=   0.000     xu( 2)=   1.000    
                              xl( 3)=   0.000     xu( 3)=   1.000    
                              xl( 4)=   0.000     xu( 4)=   1.000    
                              xl( 5)=   0.000     xu( 5)=   1.000    
                              xl( 6)=   0.000     xu( 6)=   1.000    
                              xl( 7)=   0.000     xu( 7)=   1.000    
                              xl( 8)=   0.000     xu( 8)=   1.000    
                              xl( 9)=   0.000     xu( 9)=   1.000    
                              xl(10)=   0.000     xu(10)=   1.000    

 ****************** Basic mass cuts *****************
 *                                                  *
 *              0.00  <   m34  <   8000.00           *
 *              0.00  <   m56  <   8000.00           *
 ****************************************************
 *********** CMS Higgs Search cuts******
 *                                     *
 *     pt(mu) >           5.00 GeV     *
 *     pt(el) >           7.00 GeV     *
 *     |eta_mu| <         2.40         *
 *     |eta_el| <         2.50         *
 *     m4lmin >         100.00 GeV     *
 *     m2lmin >           4.00 GeV     *
 *     ptleading >       20.00 GeV     *
 *     ptnexttoleading > 10.00 GeV     *
 *     mllnear >         40.00 GeV     *
 *     mllfar >          12.00 GeV     *
 *     mllmax >         120.00 GeV     *
 ***************************************

 ************** Dynamic scale choice ****************
 *                                                  *
 *                 RENORMALIZATION                  *
 *       mu_ren  =  1.00 x m(3456)                  *
 *                                                  *
 *                  FACTORIZATION                   *
 *       mu_fac  =  1.00 x m(3456)                  *
 *                                                  *
 ****************************************************
 ====================================================
   This is QCDLoop - version 1.95                    
   Authors: Keith Ellis and Giulia Zanderighi        
   (ellis@fnal.gov, g.zanderighi1@physics.ox.ac.uk)  
   For details see FERMILAB-PUB-07-633-T,OUTP-07/16P 
   arXiv:0712.1851 [hep-ph], published in            
   JHEP 0802:002,2008.                               
 ====================================================
 ====================================================
   FF 2.0, a package to evaluate one-loop integrals
 written by G. J. van Oldenborgh, NIKHEF-H, Amsterdam
 ====================================================
 for the algorithms used see preprint NIKHEF-H 89/17,
 'New Algorithms for One-loop Integrals', by G.J. van
 Oldenborgh and J.A.M. Vermaseren, published in 
 Zeitschrift fuer Physik C46(1990)425.
 ====================================================
 ffini: precx =    4.4408920985006262E-016
 ffini: precc =    4.4408920985006262E-016
 ffini: xalogm =    4.9406564584124654E-324
 ffini: xclogm =    4.9406564584124654E-324
 ****************************************************
 *                                                  *
 *  gg->ZZ box loop includes gens. 1 and 2          *
 *  gg->ZZ box loop includes bottom quark           *
 *  gg->ZZ box loop includes top quark              *
 *                                                  *
 *  Numer. stability: pt(Z) > 0.100 GeV (gens. 1,2) *
 *  Numer. stability: pt(Z) > 0.100 GeV (b,t loops) *
 *                                                  *
 ****************************************************

************* Integration by Vegas (iteration   1) **************
*                                                               *
*  integral  = 0.59586988       accum. integral = 0.59586988    *
*  std. dev. = 0.20234457E-01   accum. std. dev = 0.20234457E-01*
*   max. wt. =   0.116599E-01                                   *
*                                                               *
**************   chi**2/iteration =  0.000       ****************


************* Integration by Vegas (iteration   2) **************
*                                                               *
*  integral  = 0.70664630       accum. integral = 0.63766346    *
*  std. dev. = 0.25996049E-01   accum. std. dev = 0.15967556E-01*
*   max. wt. =   0.141099E-01                                   *
*                                                               *
**************   chi**2/iteration =  11.20       ****************


************* Integration by Vegas (iteration   3) **************
*                                                               *
*  integral  = 0.69049984       accum. integral = 0.67988740    *
*  std. dev. = 0.80051003E-02   accum. std. dev = 0.71561529E-02*
*   max. wt. =   0.141099E-01                                   *
*                                                               *
**************   chi**2/iteration =  9.979       ****************


************* Integration by Vegas (iteration   4) **************
*                                                               *
*  integral  = 0.70165460       accum. integral = 0.69935797    *
*  std. dev. = 0.24577368E-02   accum. std. dev = 0.23244674E-02*
*   max. wt. =   0.141099E-01                                   *
*                                                               *
**************   chi**2/iteration =  9.413       ****************


************* Integration by Vegas (iteration   5) **************
*                                                               *
*  integral  = 0.69846029       accum. integral = 0.69872458    *
*  std. dev. = 0.15014965E-02   accum. std. dev = 0.12612474E-02*
*   max. wt. =   0.141099E-01                                   *
*                                                               *
**************   chi**2/iteration =  7.092       ****************


************* Integration by Vegas (iteration   6) **************
*                                                               *
*  integral  = 0.69955007       accum. integral = 0.69910161    *
*  std. dev. = 0.13755359E-02   accum. std. dev = 0.92961947E-03*
*   max. wt. =   0.141099E-01                                   *
*                                                               *
**************   chi**2/iteration =  5.716       ****************


************* Integration by Vegas (iteration   7) **************
*                                                               *
*  integral  = 0.70094521       accum. integral = 0.69958645    *
*  std. dev. = 0.15562375E-02   accum. std. dev = 0.79807342E-03*
*   max. wt. =   0.141099E-01                                   *
*                                                               *
**************   chi**2/iteration =  4.937       ****************


************* Integration by Vegas (iteration   8) **************
*                                                               *
*  integral  = 0.70043134       accum. integral = 0.69978829    *
*  std. dev. = 0.14245264E-02   accum. std. dev = 0.69625329E-03*
*   max. wt. =   0.141099E-01                                   *
*                                                               *
**************   chi**2/iteration =  4.271       ****************


************* Integration by Vegas (iteration   9) **************
*                                                               *
*  integral  = 0.69962169       accum. integral = 0.69974902    *
*  std. dev. = 0.12537154E-02   accum. std. dev = 0.60868749E-03*
*   max. wt. =   0.141099E-01                                   *
*                                                               *
**************   chi**2/iteration =  3.739       ****************


************* Integration by Vegas (iteration  10) **************
*                                                               *
*  integral  = 0.69868457       accum. integral = 0.69955134    *
*  std. dev. = 0.12745697E-02   accum. std. dev = 0.54926690E-03*
*   max. wt. =   0.141099E-01                                   *
*                                                               *
**************   chi**2/iteration =  3.387       ****************


************* Integration by Vegas (iteration  11) **************
*                                                               *
*  integral  = 0.69720008       accum. integral = 0.69916037    *
*  std. dev. = 0.12299166E-02   accum. std. dev = 0.50152651E-03*
*   max. wt. =   0.141099E-01                                   *
*                                                               *
**************   chi**2/iteration =  3.353       ****************


************* Integration by Vegas (iteration  12) **************
*                                                               *
*  integral  = 0.69946233       accum. integral = 0.69920167    *
*  std. dev. = 0.12599416E-02   accum. std. dev = 0.46596748E-03*
*   max. wt. =   0.141099E-01                                   *
*                                                               *
**************   chi**2/iteration =  3.053       ****************


************* Integration by Vegas (iteration  13) **************
*                                                               *
*  integral  = 0.69812326       accum. integral = 0.69906717    *
*  std. dev. = 0.12344129E-02   accum. std. dev = 0.43594232E-03*
*   max. wt. =   0.141099E-01                                   *
*                                                               *
**************   chi**2/iteration =  2.855       ****************


************* Integration by Vegas (iteration  14) **************
*                                                               *
*  integral  = 0.69758029       accum. integral = 0.69890241    *
*  std. dev. = 0.12348847E-02   accum. std. dev = 0.41107888E-03*
*   max. wt. =   0.141099E-01                                   *
*                                                               *
**************   chi**2/iteration =  2.734       ****************


************* Integration by Vegas (iteration  15) **************
*                                                               *
*  integral  = 0.69847127       accum. integral = 0.69886065    *
*  std. dev. = 0.12553157E-02   accum. std. dev = 0.39066533E-03*
*   max. wt. =   0.141099E-01                                   *
*                                                               *
**************   chi**2/iteration =  2.547       ****************


************* Integration by Vegas (iteration  16) **************
*                                                               *
*  integral  = 0.69686651       accum. integral = 0.69867409    *
*  std. dev. = 0.12160455E-02   accum. std. dev = 0.37194295E-03*
*   max. wt. =   0.141099E-01                                   *
*                                                               *
**************   chi**2/iteration =  2.539       ****************


************* Integration by Vegas (iteration  17) **************
*                                                               *
*  integral  = 0.69827369       accum. integral = 0.69864180    *
*  std. dev. = 0.12558116E-02   accum. std. dev = 0.35662975E-03*
*   max. wt. =   0.141099E-01                                   *
*                                                               *
**************   chi**2/iteration =  2.387       ****************


************* Integration by Vegas (iteration  18) **************
*                                                               *
*  integral  = 0.69692194       accum. integral = 0.69851041    *
*  std. dev. = 0.12400089E-02   accum. std. dev = 0.34273656E-03*
*   max. wt. =   0.141099E-01                                   *
*                                                               *
**************   chi**2/iteration =  2.351       ****************


************* Integration by Vegas (iteration  19) **************
*                                                               *
*  integral  = 0.69885947       accum. integral = 0.69853472    *
*  std. dev. = 0.12528179E-02   accum. std. dev = 0.33058880E-03*
*   max. wt. =   0.141099E-01                                   *
*                                                               *
**************   chi**2/iteration =  2.224       ****************


************* Integration by Vegas (iteration  20) **************
*                                                               *
*  integral  = 0.69751941       accum. integral = 0.69846560    *
*  std. dev. = 0.12231187E-02   accum. std. dev = 0.31913726E-03*
*   max. wt. =   0.141099E-01                                   *
*                                                               *
**************   chi**2/iteration =  2.141       ****************


 input parameters for vegas:  ndim= 10  ncall= 472392.
                              it=   21  itmx=   50
                              nprn=  0  alph= 1.50
                              mds=  1   nd= 100
                              xl( 1)=   0.000     xu( 1)=   1.000    
                              xl( 2)=   0.000     xu( 2)=   1.000    
                              xl( 3)=   0.000     xu( 3)=   1.000    
                              xl( 4)=   0.000     xu( 4)=   1.000    
                              xl( 5)=   0.000     xu( 5)=   1.000    
                              xl( 6)=   0.000     xu( 6)=   1.000    
                              xl( 7)=   0.000     xu( 7)=   1.000    
                              xl( 8)=   0.000     xu( 8)=   1.000    
                              xl( 9)=   0.000     xu( 9)=   1.000    
                              xl(10)=   0.000     xu(10)=   1.000    

************* Integration by Vegas (iteration   1) **************
*                                                               *
*  integral  = 0.69746369       accum. integral = 0.69746369    *
*  std. dev. = 0.12471788E-02   accum. std. dev = 0.12471788E-02*
*   max. wt. =   0.193144E-03                                   *
*                                                               *
**************   chi**2/iteration =  0.000       ****************

 Writing out intermediate results for iteration           1

************* Integration by Vegas (iteration   2) **************
*                                                               *
*  integral  = 0.69911687       accum. integral = 0.69829910    *
*  std. dev. = 0.12339390E-02   accum. std. dev = 0.87717013E-03*
*   max. wt. =   0.193144E-03                                   *
*                                                               *
**************   chi**2/iteration = 0.8791       ****************

 Writing out intermediate results for iteration           2

************* Integration by Vegas (iteration   3) **************
*                                                               *
*  integral  = 0.69985396       accum. integral = 0.69874026    *
*  std. dev. = 0.13937038E-02   accum. std. dev = 0.74237352E-03*
*   max. wt. =   0.590626E-03                                   *
*                                                               *
**************   chi**2/iteration = 0.8853       ****************

 Writing out intermediate results for iteration           3

************* Integration by Vegas (iteration   4) **************
*                                                               *
*  integral  = 0.69573739       accum. integral = 0.69802053    *
*  std. dev. = 0.13222151E-02   accum. std. dev = 0.64732151E-03*
*   max. wt. =   0.590626E-03                                   *
*                                                               *
**************   chi**2/iteration =  1.894       ****************

 Writing out intermediate results for iteration           4

************* Integration by Vegas (iteration   5) **************
*                                                               *
*  integral  = 0.69768346       accum. integral = 0.69795142    *
*  std. dev. = 0.12746120E-02   accum. std. dev = 0.57715654E-03*
*   max. wt. =   0.590626E-03                                   *
*                                                               *
**************   chi**2/iteration =  1.436       ****************

 Writing out intermediate results for iteration           5

************* Integration by Vegas (iteration   6) **************
*                                                               *
*  integral  = 0.69820364       accum. integral = 0.69799265    *
*  std. dev. = 0.13055938E-02   accum. std. dev = 0.52787755E-03*
*   max. wt. =   0.590626E-03                                   *
*                                                               *
**************   chi**2/iteration =  1.155       ****************

 Writing out intermediate results for iteration           6

************* Integration by Vegas (iteration   7) **************
*                                                               *
*  integral  = 0.70140008       accum. integral = 0.69846900    *
*  std. dev. = 0.13094370E-02   accum. std. dev = 0.48959126E-03*
*   max. wt. =   0.590626E-03                                   *
*                                                               *
**************   chi**2/iteration =  1.932       ****************

 Writing out intermediate results for iteration           7

************* Integration by Vegas (iteration   8) **************
*                                                               *
*  integral  = 0.69786973       accum. integral = 0.69842498    *
*  std. dev. = 0.17389231E-02   accum. std. dev = 0.47126880E-03*
*   max. wt. =   0.117159E-02                                   *
*                                                               *
**************   chi**2/iteration =  1.672       ****************

 Writing out intermediate results for iteration           8

************* Integration by Vegas (iteration   9) **************
*                                                               *
*  integral  = 0.69952043       accum. integral = 0.69850467    *
*  std. dev. = 0.16824979E-02   accum. std. dev = 0.45380303E-03*
*   max. wt. =   0.117159E-02                                   *
*                                                               *
**************   chi**2/iteration =  1.513       ****************

 Writing out intermediate results for iteration           9

************* Integration by Vegas (iteration  10) **************
*                                                               *
*  integral  = 0.69726810       accum. integral = 0.69837639    *
*  std. dev. = 0.13338319E-02   accum. std. dev = 0.42961886E-03*
*   max. wt. =   0.117159E-02                                   *
*                                                               *
**************   chi**2/iteration =  1.430       ****************

 Writing out intermediate results for iteration          10

************* Integration by Vegas (iteration  11) **************
*                                                               *
*  integral  = 0.69805353       accum. integral = 0.69834420    *
*  std. dev. = 0.12909482E-02   accum. std. dev = 0.40763824E-03*
*   max. wt. =   0.117159E-02                                   *
*                                                               *
**************   chi**2/iteration =  1.293       ****************

 Writing out intermediate results for iteration          11

************* Integration by Vegas (iteration  12) **************
*                                                               *
*  integral  = 0.69680280       accum. integral = 0.69820147    *
*  std. dev. = 0.12760780E-02   accum. std. dev = 0.38830688E-03*
*   max. wt. =   0.117159E-02                                   *
*                                                               *
**************   chi**2/iteration =  1.296       ****************

 Writing out intermediate results for iteration          12

************* Integration by Vegas (iteration  13) **************
*                                                               *
*  integral  = 0.69818417       accum. integral = 0.69820008    *
*  std. dev. = 0.13170297E-02   accum. std. dev = 0.37245578E-03*
*   max. wt. =   0.117159E-02                                   *
*                                                               *
**************   chi**2/iteration =  1.188       ****************

 Writing out intermediate results for iteration          13

************* Integration by Vegas (iteration  14) **************
*                                                               *
*  integral  = 0.69952572       accum. integral = 0.69829023    *
*  std. dev. = 0.13788410E-02   accum. std. dev = 0.35956857E-03*
*   max. wt. =   0.117159E-02                                   *
*                                                               *
**************   chi**2/iteration =  1.163       ****************

 Writing out intermediate results for iteration          14

************* Integration by Vegas (iteration  15) **************
*                                                               *
*  integral  = 0.69946736       accum. integral = 0.69836972    *
*  std. dev. = 0.13361701E-02   accum. std. dev = 0.34721613E-03*
*   max. wt. =   0.117159E-02                                   *
*                                                               *
**************   chi**2/iteration =  1.131       ****************

 Writing out intermediate results for iteration          15

************* Integration by Vegas (iteration  16) **************
*                                                               *
*  integral  = 0.69813960       accum. integral = 0.69835406    *
*  std. dev. = 0.12848693E-02   accum. std. dev = 0.33519276E-03*
*   max. wt. =   0.117159E-02                                   *
*                                                               *
**************   chi**2/iteration =  1.058       ****************

 Writing out intermediate results for iteration          16

************* Integration by Vegas (iteration  17) **************
*                                                               *
*  integral  = 0.69915578       accum. integral = 0.69840280    *
*  std. dev. = 0.13174656E-02   accum. std. dev = 0.32484391E-03*
*   max. wt. =   0.117159E-02                                   *
*                                                               *
**************   chi**2/iteration =  1.014       ****************

 Writing out intermediate results for iteration          17

************* Integration by Vegas (iteration  18) **************
*                                                               *
*  integral  = 0.69853822       accum. integral = 0.69841082    *
*  std. dev. = 0.12944162E-02   accum. std. dev = 0.31507374E-03*
*   max. wt. =   0.117159E-02                                   *
*                                                               *
**************   chi**2/iteration = 0.9547       ****************

 Writing out intermediate results for iteration          18

************* Integration by Vegas (iteration  19) **************
*                                                               *
*  integral  = 0.69868524       accum. integral = 0.69842617    *
*  std. dev. = 0.12945285E-02   accum. std. dev = 0.30613671E-03*
*   max. wt. =   0.117159E-02                                   *
*                                                               *
**************   chi**2/iteration = 0.9041       ****************

 Writing out intermediate results for iteration          19

************* Integration by Vegas (iteration  20) **************
*                                                               *
*  integral  = 0.70058107       accum. integral = 0.69853275    *
*  std. dev. = 0.13420588E-02   accum. std. dev = 0.29846988E-03*
*   max. wt. =   0.117159E-02                                   *
*                                                               *
**************   chi**2/iteration = 0.9854       ****************

 Writing out intermediate results for iteration          20

************* Integration by Vegas (iteration  21) **************
*                                                               *
*  integral  = 0.69852434       accum. integral = 0.69853234    *
*  std. dev. = 0.13225848E-02   accum. std. dev = 0.29114819E-03*
*   max. wt. =   0.117159E-02                                   *
*                                                               *
**************   chi**2/iteration = 0.9362       ****************

 Writing out intermediate results for iteration          21

************* Integration by Vegas (iteration  22) **************
*                                                               *
*  integral  = 0.70123706       accum. integral = 0.69864975    *
*  std. dev. = 0.13667557E-02   accum. std. dev = 0.28475896E-03*
*   max. wt. =   0.117159E-02                                   *
*                                                               *
**************   chi**2/iteration =  1.070       ****************

 Writing out intermediate results for iteration          22

************* Integration by Vegas (iteration  23) **************
*                                                               *
*  integral  = 0.69946001       accum. integral = 0.69868561    *
*  std. dev. = 0.13233104E-02   accum. std. dev = 0.27838650E-03*
*   max. wt. =   0.117159E-02                                   *
*                                                               *
**************   chi**2/iteration =  1.038       ****************

 Writing out intermediate results for iteration          23

************* Integration by Vegas (iteration  24) **************
*                                                               *
*  integral  = 0.69815108       accum. integral = 0.69866286    *
*  std. dev. = 0.13202567E-02   accum. std. dev = 0.27239683E-03*
*   max. wt. =   0.117159E-02                                   *
*                                                               *
**************   chi**2/iteration = 0.9993       ****************

 Writing out intermediate results for iteration          24

************* Integration by Vegas (iteration  25) **************
*                                                               *
*  integral  = 0.69846902       accum. integral = 0.69865486    *
*  std. dev. = 0.13130135E-02   accum. std. dev = 0.26671761E-03*
*   max. wt. =   0.117159E-02                                   *
*                                                               *
**************   chi**2/iteration = 0.9586       ****************

 Writing out intermediate results for iteration          25

************* Integration by Vegas (iteration  26) **************
*                                                               *
*  integral  = 0.69759762       accum. integral = 0.69861332    *
*  std. dev. = 0.13189118E-02   accum. std. dev = 0.26142565E-03*
*   max. wt. =   0.117159E-02                                   *
*                                                               *
**************   chi**2/iteration = 0.9449       ****************

 Writing out intermediate results for iteration          26

************* Integration by Vegas (iteration  27) **************
*                                                               *
*  integral  = 0.69953843       accum. integral = 0.69864642    *
*  std. dev. = 0.13572170E-02   accum. std. dev = 0.25670685E-03*
*   max. wt. =   0.117159E-02                                   *
*                                                               *
**************   chi**2/iteration = 0.9258       ****************

 Writing out intermediate results for iteration          27

************* Integration by Vegas (iteration  28) **************
*                                                               *
*  integral  = 0.70199464       accum. integral = 0.69876333    *
*  std. dev. = 0.13495434E-02   accum. std. dev = 0.25218502E-03*
*   max. wt. =   0.117159E-02                                   *
*                                                               *
**************   chi**2/iteration =  1.111       ****************

 Writing out intermediate results for iteration          28

************* Integration by Vegas (iteration  29) **************
*                                                               *
*  integral  = 0.69853626       accum. integral = 0.69875622    *
*  std. dev. = 0.14026211E-02   accum. std. dev = 0.24820513E-03*
*   max. wt. =   0.117159E-02                                   *
*                                                               *
**************   chi**2/iteration =  1.073       ****************

 Writing out intermediate results for iteration          29

************* Integration by Vegas (iteration  30) **************
*                                                               *
*  integral  = 0.69775450       accum. integral = 0.69872519    *
*  std. dev. = 0.13881186E-02   accum. std. dev = 0.24433002E-03*
*   max. wt. =   0.117159E-02                                   *
*                                                               *
**************   chi**2/iteration =  1.053       ****************

 Writing out intermediate results for iteration          30

************* Integration by Vegas (iteration  31) **************
*                                                               *
*  integral  = 0.69922227       accum. integral = 0.69874094    *
*  std. dev. = 0.13506192E-02   accum. std. dev = 0.24042762E-03*
*   max. wt. =   0.117159E-02                                   *
*                                                               *
**************   chi**2/iteration =  1.022       ****************

 Writing out intermediate results for iteration          31

************* Integration by Vegas (iteration  32) **************
*                                                               *
*  integral  = 0.69848617       accum. integral = 0.69873363    *
*  std. dev. = 0.13985607E-02   accum. std. dev = 0.23695176E-03*
*   max. wt. =   0.117159E-02                                   *
*                                                               *
**************   chi**2/iteration = 0.9905       ****************

 Writing out intermediate results for iteration          32

************* Integration by Vegas (iteration  33) **************
*                                                               *
*  integral  = 0.69824912       accum. integral = 0.69871968    *
*  std. dev. = 0.13763423E-02   accum. std. dev = 0.23351640E-03*
*   max. wt. =   0.117159E-02                                   *
*                                                               *
**************   chi**2/iteration = 0.9633       ****************

 Writing out intermediate results for iteration          33

************* Integration by Vegas (iteration  34) **************
*                                                               *
*  integral  = 0.69899076       accum. integral = 0.69872741    *
*  std. dev. = 0.13632201E-02   accum. std. dev = 0.23016398E-03*
*   max. wt. =   0.117159E-02                                   *
*                                                               *
**************   chi**2/iteration = 0.9353       ****************

 Writing out intermediate results for iteration          34

************* Integration by Vegas (iteration  35) **************
*                                                               *
*  integral  = 0.69604260       accum. integral = 0.69865359    *
*  std. dev. = 0.13688651E-02   accum. std. dev = 0.22697781E-03*
*   max. wt. =   0.117159E-02                                   *
*                                                               *
**************   chi**2/iteration =  1.018       ****************

 Writing out intermediate results for iteration          35

************* Integration by Vegas (iteration  36) **************
*                                                               *
*  integral  = 0.70026745       accum. integral = 0.69869866    *
*  std. dev. = 0.13391729E-02   accum. std. dev = 0.22378619E-03*
*   max. wt. =   0.117159E-02                                   *
*                                                               *
**************   chi**2/iteration =  1.029       ****************

 Writing out intermediate results for iteration          36

************* Integration by Vegas (iteration  37) **************
*                                                               *
*  integral  = 0.70007742       accum. integral = 0.69873745    *
*  std. dev. = 0.13152561E-02   accum. std. dev = 0.22061558E-03*
*   max. wt. =   0.117159E-02                                   *
*                                                               *
**************   chi**2/iteration =  1.030       ****************

 Writing out intermediate results for iteration          37

************* Integration by Vegas (iteration  38) **************
*                                                               *
*  integral  = 0.69950128       accum. integral = 0.69875668    *
*  std. dev. = 0.13726011E-02   accum. std. dev = 0.21781999E-03*
*   max. wt. =   0.117159E-02                                   *
*                                                               *
**************   chi**2/iteration =  1.010       ****************

 Writing out intermediate results for iteration          38

************* Integration by Vegas (iteration  39) **************
*                                                               *
*  integral  = 0.69850824       accum. integral = 0.69875036    *
*  std. dev. = 0.13473285E-02   accum. std. dev = 0.21502807E-03*
*   max. wt. =   0.117159E-02                                   *
*                                                               *
**************   chi**2/iteration = 0.9847       ****************

 Writing out intermediate results for iteration          39

************* Integration by Vegas (iteration  40) **************
*                                                               *
*  integral  = 0.69687609       accum. integral = 0.69870773    *
*  std. dev. = 0.14095635E-02   accum. std. dev = 0.21256892E-03*
*   max. wt. =   0.117159E-02                                   *
*                                                               *
**************   chi**2/iteration =  1.004       ****************

 Writing out intermediate results for iteration          40

************* Integration by Vegas (iteration  41) **************
*                                                               *
*  integral  = 0.69917542       accum. integral = 0.69871875    *
*  std. dev. = 0.13685210E-02   accum. std. dev = 0.21005012E-03*
*   max. wt. =   0.117159E-02                                   *
*                                                               *
**************   chi**2/iteration = 0.9815       ****************

 Writing out intermediate results for iteration          41

************* Integration by Vegas (iteration  42) **************
*                                                               *
*  integral  = 0.69690018       accum. integral = 0.69867621    *
*  std. dev. = 0.13572666E-02   accum. std. dev = 0.20757901E-03*
*   max. wt. =   0.117159E-02                                   *
*                                                               *
**************   chi**2/iteration =  1.000       ****************

 Writing out intermediate results for iteration          42

************* Integration by Vegas (iteration  43) **************
*                                                               *
*  integral  = 0.69721360       accum. integral = 0.69864638    *
*  std. dev. = 0.14384525E-02   accum. std. dev = 0.20545082E-03*
*   max. wt. =   0.117159E-02                                   *
*                                                               *
**************   chi**2/iteration =  1.001       ****************

 Writing out intermediate results for iteration          43

************* Integration by Vegas (iteration  44) **************
*                                                               *
*  integral  = 0.69904221       accum. integral = 0.69865422    *
*  std. dev. = 0.14453462E-02   accum. std. dev = 0.20340613E-03*
*   max. wt. =   0.117159E-02                                   *
*                                                               *
**************   chi**2/iteration = 0.9791       ****************

 Writing out intermediate results for iteration          44

************* Integration by Vegas (iteration  45) **************
*                                                               *
*  integral  = 0.69866661       accum. integral = 0.69865447    *
*  std. dev. = 0.13991045E-02   accum. std. dev = 0.20128999E-03*
*   max. wt. =   0.117159E-02                                   *
*                                                               *
**************   chi**2/iteration = 0.9568       ****************

 Writing out intermediate results for iteration          45

************* Integration by Vegas (iteration  46) **************
*                                                               *
*  integral  = 0.69682409       accum. integral = 0.69861619    *
*  std. dev. = 0.13772872E-02   accum. std. dev = 0.19917408E-03*
*   max. wt. =   0.117159E-02                                   *
*                                                               *
**************   chi**2/iteration = 0.9740       ****************

 Writing out intermediate results for iteration          46

************* Integration by Vegas (iteration  47) **************
*                                                               *
*  integral  = 0.69943855       accum. integral = 0.69863393    *
*  std. dev. = 0.13413761E-02   accum. std. dev = 0.19701406E-03*
*   max. wt. =   0.117159E-02                                   *
*                                                               *
**************   chi**2/iteration = 0.9608       ****************

 Writing out intermediate results for iteration          47

************* Integration by Vegas (iteration  48) **************
*                                                               *
*  integral  = 0.69946875       accum. integral = 0.69864908    *
*  std. dev. = 0.14492834E-02   accum. std. dev = 0.19521856E-03*
*   max. wt. =   0.117159E-02                                   *
*                                                               *
**************   chi**2/iteration = 0.9473       ****************

 Writing out intermediate results for iteration          48

************* Integration by Vegas (iteration  49) **************
*                                                               *
*  integral  = 0.69811477       accum. integral = 0.69863946    *
*  std. dev. = 0.14419107E-02   accum. std. dev = 0.19345360E-03*
*   max. wt. =   0.117159E-02                                   *
*                                                               *
**************   chi**2/iteration = 0.9304       ****************

 Writing out intermediate results for iteration          49

************* Integration by Vegas (iteration  50) **************
*                                                               *
*  integral  = 0.69944318       accum. integral = 0.69865435    *
*  std. dev. = 0.14080636E-02   accum. std. dev = 0.19165323E-03*
*   max. wt. =   0.117159E-02                                   *
*                                                               *
**************   chi**2/iteration = 0.9179       ****************


Value of final lord integral is        0.6987 +/-     0.0002 fb

 Total number of shots       :     23619600
 Total no. failing cuts      :      8646632
 Number failing jet cuts     :            0
 Number failing process cuts :            0

   Jet efficiency : 100.00%
   Cut efficiency : 100.00%
 Total efficiency : 100.00%

 Contribution from parton sub-processes:
 ---------------------------------------
       GG     |           0.69865  100.00%
       GQ     |           0.00000    0.00%
       GQB    |           0.00000    0.00%
       QG     |           0.00000    0.00%
       QBG    |           0.00000    0.00%
       QQ     |           0.00000    0.00%
       QBQB   |           0.00000    0.00%
       QQB    |           0.00000    0.00%
       QBQ    |           0.00000    0.00%
 ---------------------------------------

 ****************************************************
 output files  cluster_CMS_m4l/CTEQm4/TOP/ggZZ4l_lord_cteq6_l_1___1___126_131_run_8
 ****************************************************
