 ************** MCFM - version 6.8 ****************
 *                                                *
 * MCFM, v6.8                   April 26th, 2014  *
 *                                                *
 * Authors: John Campbell, Keith Ellis,           *
 *          Ciaran Williams                       *
 *         (johnmc@fnal.gov, ellis@fnal.gov,      *
 *          ciaran@fnal.gov)                      *
 *                                                *
 * For details see:                               *
 *                                                *
 *  arXiv:1403.2641 (Triphoton production)        *
 *  arXiv:1312.1628 (gg->WW, Higgs interference)  *
 *  arXiv:1311.3589 (gg->ZZ, Higgs interference)  *
 *  Phys.Rev.D87:114006, arXiv:1302.3856          *
 *  (tZ, tH -- with R. Rontsch)                   *
 *  arXiv:1211.6390 (DM, P. Fox and C. Williams)  *
 *  JHEP 1211:162 (2012), arXiv:1208.0566         *
 *  (Z+gam+jet,Z+gam+gam -- with H. Hartanto)     *
 *  arXiv:1204.1513 (top production+decay)        *
 *  JHEP 1207:052 (2012), arXiv:1204.5678 (ttW)   *
 *  JHEP 1110:005 (2011), arXiv:1107.5569         *
 *         (gg->WW,Higgs intference)              *
 *  JHEP 1107:018 (2011), arXiv:1105.0020         *
 *         (diboson update)                       *
 *  JHEP 1103:027 (2011), arXiv:1011.6647         *
 *         (Wbb for mb>0, with S. Badger)         *
 *  Phys.Rev.D81:074023, arXiv:1001.4495 (H+2jet) *
 *                                                *
 *  P.R.L. 102:142001, arXiv:0903.0005 [hep-ph]   *
 *    (t-channel single top + explicit b,         *
 *      JC, R.Frederix, F.Maltoni, F.Tramontano)  *
 *  N.P.B 726:109(2005), hep-ph/0506289 (W+t)     *
 *  Phys.Rev.D70:094012, hep-ph/0408158 (Sngl Top)*
 *       (with Francesco Tramontano)              *
 *                                                *
 *  Phys.Rev.D65:113007, hep-ph/0202176 (W,Z+2j)  *
 *  Phys.Rev.D62:114012, hep-ph/0006304 (W,Z+bb)  *
 *  Phys.Rev.D60:113006, hep-ph/9905386 (diboson) *
 *                                                *
 * On the web:  http://mcfm.fnal.gov/             *
 **************************************************

 * Using input file named cluster_CMS_m4l/CTEQm4/TOP/input_132_14.DAT                             

 * [Flags to specify the mode in which MCFM is run]                                          
 *                   -1            [nevtrequested] 
 *                    F            [creatent] 
 *                    F            [skipnt] 
 *                    F            [dswhisto] 
 *                    F            [creategrid] 
 *                    T            [writetop] 
 *                    T            [writedat] 
 *                    T            [writegnu] 
 *                    T            [writeroot] 
 *                    F            [writepwg] 

 * [General options to specify the process and execution]                                    
 *                  132            [nproc] 
 *                 lord            [part] 
 * 132_run_14                      [runstring] 
 *           14000.0000            [sqrts] 
 *                    1            [ih1] 
 *                    1            [ih2] 
 *             126.0000            [hmass] 
 *               1.0000            [scale] 
 *               1.0000            [facscale] 
 * m(3456)                         [dynamicscale] 
 *                    F            [zerowidth] 
 *                    F            [removebr] 
 *                   20            [itmx1] 
 *               500000            [ncall1] 
 *                   50            [itmx2] 
 *               500000            [ncall2] 
 *                 2020            [ij] 
 *                    F            [dryrun] 
 *                    T            [Qflag] 
 *                    T            [Gflag] 

 * [Heavy quark masses]                                                                      
 *             173.2000            [top mass] 
 *               4.7500            [bottom mass] 
 *               1.5000            [charm mass] 

 * [Pdf selection]                                                                           
 *              cteq6_l            [pdlabel] 
 *                    4            [NGROUP] 
 *                   46            [NSET] 
 * cteq6mE.LHgrid                  [LHAPDF group] 
 *                   -1            [LHAPDF set] 

 * [Jet definition and event cuts]                                                           
 *               0.0000            [m34min] 
 *           14000.0000            [m34max] 
 *               0.0000            [m56min] 
 *           14000.0000            [m56max] 
 *                    T            [inclusive] 
 *                 ankt            [algorithm] 
 *              15.0000            [ptjetmin] 
 *               0.0000            [etajetmin] 
 *               5.0000            [etajetmax] 
 *               0.5000            [Rcut] 
 *                    T            [makecuts] 
 *               0.0000            [leptpt] 
 *              99.0000            [leptrap] 
 *    0.000,   0.000                [leptveto] 
 *               0.0000            [misspt] 
 *               0.0000            [leptpt2] 
 *              99.0000            [leptrap2] 
 *    0.000,   0.000                [leptveto2] 
 *               0.0000            [mtrans34cut] 
 *               0.0000            [Rjlmin] 
 *               0.0000            [Rllmin] 
 *               0.0000            [delyjjmin] 
 *                    F            [jetsopphem] 
 *                    0            [lbjscheme] 
 *               0.0000            [ptbjetmin] 
 *              99.0000            [etabjetmax] 

 * [Settings for photon processes]                                                           
 *                    F            [frag] 
 *             GdRG__LO            [fragset] 
 *              80.0000            [frag_scale] 
 *              20.0000            [gammpt] 
 *               2.5000            [gammrap] 
 *              20.0000            [gammpt2] 
 *              20.0000            [gammpt3] 
 *               0.0000            [Rgalmin] 
 *               0.4000            [Rgagamin] 
 *               0.4000            [Rgajetmin] 
 *               0.4000            [cone_ang] 
 *               0.5000            [epsilon_h] 

 * [Anomalous couplings of the W and Z]                                                      
 *               0.0000            [delg1_z] 
 *               0.0000            [delk_z] 
 *               0.0000            [delk_g] 
 *               0.0000            [lambda_z] 
 *               0.0000            [lambda_g] 
 *               0.0000            [h1Z] 
 *               0.0000            [h1gam] 
 *               0.0000            [h2Z] 
 *               0.0000            [h2gam] 
 *               0.0000            [h3Z] 
 *               0.0000            [h3gam] 
 *               0.0000            [h4Z] 
 *               0.0000            [h4gam] 
 *               2.0000            [tevscale] 

 * [Anomalous width of the Higgs]                                                            
 *               1.0000            [Gamma_H/Gamma_H(SM)] 

 * [How to resume/save a run]                                                                
 *                    F            [readin] 
 *                    F            [writeout] 
 *                                 [ingridfile] 
 *                                 [outgridfile] 

 * [Technical parameters that should not normally be changed]

 *                    F            [debug] 
 *                    T            [verbose] 
 *                    F            [new_pspace] 
 *                    F            [virtonly] 
 *                    F            [realonly] 
 *                    T            [spira] 
 *                    F            [noglue] 
 *                    F            [ggonly] 
 *                    F            [gqonly] 
 *                    F            [omitgg] 
 *                    F            [vanillafiles] 
 *                    1            [nmin] 
 *                    2            [nmax] 
 *                    T            [clustering] 
 *                    F            [realwt] 
 *                    0            [colourchoice] 
 *               0.0100            [rtsmin] 
 *               0.0001            [cutoff] 
 *               0.1000            [aii] 
 *               0.1000            [aif] 
 *               0.1000            [afi] 
 *               1.0000            [aff] 
 *               1.0000            [bfi] 
 *               1.0000            [bff] 

 Chooser:process chosen by nproc=         132

 *************************** f(p1)+f(p2) --> ******************************************
 * Z^0(e^-(p3)+e^+(p4)) + Z^0(mu^-(p5)+mu^+(p6) [(gg->ZZ) squared]                    *
 **************************************************************************************

 ************** Electroweak parameters **************
 *                                                  *
 *  zmass(+)   91.1876000     wmass(+)  80.3980000  *
 * zwidth(+)    2.4952000    wwidth(+)   2.1054000  *
 *     Gf(+) 0.116639D-04   1/aemmz    132.3384323  *
 *     xw       0.2226459      mtop(+) 173.2000000  *
 *   gwsq       0.4264904       esq      0.0949563  *
 * top width    1.4743080 (LO)                      *
 *    mb        4.7500000        mc      1.5000000  *
 *                                                  *
 * Parameters marked (+) are input, others derived  *
 ****************************************************

 ****************** Higgs parameters ****************
 *                                                  *
 *   mass(H) =  126.00      width(H) =  0.43070E-02 *
 *                                                  *
 *              Br( H -> b bbar)  =   0.56954       *
 *              Br( H -> tau tau) =   0.06056       *
 *              Br( H -> W W)     =   0.00000       *
 *              Br( H -> Z Z)     =   0.00000       *
 *              Br( H -> gam gam) =   0.00235       *
 *              Br( H -> Z gam)   =   0.00164       *
 ****************************************************
 *                                                  *
 * Note: branching ratios reported here can be > 1  *
 *       since the total Higgs width is calculated  *
 *       at NLO but the BR calculation uses a       *
 *       partial width at LO only.                  *
 *                                                  *
 ****************************************************

 WARNING: Higgs decay H->ZZ is below threshold and
 may not yield sensible results - check the number
 of integration points

 ***************** CKM mixing matrix ****************
 *                                                  *
 *      Vud=.97500    Vus=.22200    Vub=0.0000      *
 *      Vcd=.22200    Vcs=.97500    Vcb=0.0000      *
 ****************************************************

 ************* Strong coupling, alpha_s  ************
 *                                                  *
 *  Dynamic scale - alpha_s changed event-by-event  *
 *       alpha_s (zmass)  0.11800000                *
 *         (using 1-loop running of alpha_s)        *
 ****************************************************

 ****************************************
 *     Cross section in femtobarns      *
 ****************************************


 input parameters for vegas:  ndim= 10  ncall= 472392.
                              it=    0  itmx=   20
                              nprn=  0  alph= 1.50
                              mds=  1   nd= 100
                              xl( 1)=   0.000     xu( 1)=   1.000    
                              xl( 2)=   0.000     xu( 2)=   1.000    
                              xl( 3)=   0.000     xu( 3)=   1.000    
                              xl( 4)=   0.000     xu( 4)=   1.000    
                              xl( 5)=   0.000     xu( 5)=   1.000    
                              xl( 6)=   0.000     xu( 6)=   1.000    
                              xl( 7)=   0.000     xu( 7)=   1.000    
                              xl( 8)=   0.000     xu( 8)=   1.000    
                              xl( 9)=   0.000     xu( 9)=   1.000    
                              xl(10)=   0.000     xu(10)=   1.000    

 ****************** Basic mass cuts *****************
 *                                                  *
 *              0.00  <   m34  <  14000.00           *
 *              0.00  <   m56  <  14000.00           *
 ****************************************************
 *********** CMS Higgs Search cuts******
 *                                     *
 *     pt(mu) >           5.00 GeV     *
 *     pt(el) >           7.00 GeV     *
 *     |eta_mu| <         2.40         *
 *     |eta_el| <         2.50         *
 *     m4lmin >         100.00 GeV     *
 *     m2lmin >           4.00 GeV     *
 *     ptleading >       20.00 GeV     *
 *     ptnexttoleading > 10.00 GeV     *
 *     mllnear >         40.00 GeV     *
 *     mllfar >          12.00 GeV     *
 *     mllmax >         120.00 GeV     *
 ***************************************

 ************** Dynamic scale choice ****************
 *                                                  *
 *                 RENORMALIZATION                  *
 *       mu_ren  =  1.00 x m(3456)                  *
 *                                                  *
 *                  FACTORIZATION                   *
 *       mu_fac  =  1.00 x m(3456)                  *
 *                                                  *
 ****************************************************
 ****************************************************
 *                                                  *
 *  gg->ZZ box loop includes gens. 1 and 2          *
 *  gg->ZZ box loop includes bottom quark           *
 *  gg->ZZ box loop includes top quark              *
 *                                                  *
 *  Numer. stability: pt(Z) > 0.100 GeV (gens. 1,2) *
 *  Numer. stability: pt(Z) > 0.100 GeV (b,t loops) *
 *                                                  *
 ****************************************************
 ====================================================
   This is QCDLoop - version 1.95                    
   Authors: Keith Ellis and Giulia Zanderighi        
   (ellis@fnal.gov, g.zanderighi1@physics.ox.ac.uk)  
   For details see FERMILAB-PUB-07-633-T,OUTP-07/16P 
   arXiv:0712.1851 [hep-ph], published in            
   JHEP 0802:002,2008.                               
 ====================================================
 ====================================================
   FF 2.0, a package to evaluate one-loop integrals
 written by G. J. van Oldenborgh, NIKHEF-H, Amsterdam
 ====================================================
 for the algorithms used see preprint NIKHEF-H 89/17,
 'New Algorithms for One-loop Integrals', by G.J. van
 Oldenborgh and J.A.M. Vermaseren, published in 
 Zeitschrift fuer Physik C46(1990)425.
 ====================================================
 ffini: precx =    4.4408920985006262E-016
 ffini: precc =    4.4408920985006262E-016
 ffini: xalogm =    4.9406564584124654E-324
 ffini: xclogm =    4.9406564584124654E-324

************* Integration by Vegas (iteration   1) **************
*                                                               *
*  integral  =  1.6101234       accum. integral =  1.6101234    *
*  std. dev. = 0.79720249E-01   accum. std. dev = 0.79720249E-01*
*   max. wt. =   0.445972E-01                                   *
*                                                               *
**************   chi**2/iteration =  0.000       ****************


************* Integration by Vegas (iteration   2) **************
*                                                               *
*  integral  =  1.7119281       accum. integral =  1.7110381    *
*  std. dev. = 0.74866893E-02   accum. std. dev = 0.74538918E-02*
*   max. wt. =   0.445972E-01                                   *
*                                                               *
**************   chi**2/iteration =  1.601       ****************


************* Integration by Vegas (iteration   3) **************
*                                                               *
*  integral  =  1.7170053       accum. integral =  1.7157467    *
*  std. dev. = 0.38535806E-02   accum. std. dev = 0.34231707E-02*
*   max. wt. =   0.445972E-01                                   *
*                                                               *
**************   chi**2/iteration =  1.056       ****************


************* Integration by Vegas (iteration   4) **************
*                                                               *
*  integral  =  1.7193624       accum. integral =  1.7177623    *
*  std. dev. = 0.30500216E-02   accum. std. dev = 0.22772336E-02*
*   max. wt. =   0.445972E-01                                   *
*                                                               *
**************   chi**2/iteration = 0.9117       ****************


************* Integration by Vegas (iteration   5) **************
*                                                               *
*  integral  =  1.7223127       accum. integral =  1.7187139    *
*  std. dev. = 0.44285696E-02   accum. std. dev = 0.20251749E-02*
*   max. wt. =   0.445972E-01                                   *
*                                                               *
**************   chi**2/iteration = 0.8926       ****************


************* Integration by Vegas (iteration   6) **************
*                                                               *
*  integral  =  1.7303985       accum. integral =  1.7209582    *
*  std. dev. = 0.41535264E-02   accum. std. dev = 0.18203248E-02*
*   max. wt. =   0.445972E-01                                   *
*                                                               *
**************   chi**2/iteration =  1.991       ****************


************* Integration by Vegas (iteration   7) **************
*                                                               *
*  integral  =  1.7283837       accum. integral =  1.7227466    *
*  std. dev. = 0.32318181E-02   accum. std. dev = 0.15860414E-02*
*   max. wt. =   0.445972E-01                                   *
*                                                               *
**************   chi**2/iteration =  2.326       ****************


************* Integration by Vegas (iteration   8) **************
*                                                               *
*  integral  =  1.7243328       accum. integral =  1.7231041    *
*  std. dev. = 0.29400305E-02   accum. std. dev = 0.13958789E-02*
*   max. wt. =   0.445972E-01                                   *
*                                                               *
**************   chi**2/iteration =  2.027       ****************


************* Integration by Vegas (iteration   9) **************
*                                                               *
*  integral  =  1.7260004       accum. integral =  1.7234845    *
*  std. dev. = 0.35898258E-02   accum. std. dev = 0.13009858E-02*
*   max. wt. =   0.445972E-01                                   *
*                                                               *
**************   chi**2/iteration =  1.844       ****************


************* Integration by Vegas (iteration  10) **************
*                                                               *
*  integral  =  1.7222934       accum. integral =  1.7233354    *
*  std. dev. = 0.34395685E-02   accum. std. dev = 0.12168495E-02*
*   max. wt. =   0.445972E-01                                   *
*                                                               *
**************   chi**2/iteration =  1.651       ****************


************* Integration by Vegas (iteration  11) **************
*                                                               *
*  integral  =  1.7218397       accum. integral =  1.7231288    *
*  std. dev. = 0.30394328E-02   accum. std. dev = 0.11296784E-02*
*   max. wt. =   0.445972E-01                                   *
*                                                               *
**************   chi**2/iteration =  1.507       ****************


************* Integration by Vegas (iteration  12) **************
*                                                               *
*  integral  =  1.7194654       accum. integral =  1.7226467    *
*  std. dev. = 0.29018784E-02   accum. std. dev = 0.10527221E-02*
*   max. wt. =   0.445972E-01                                   *
*                                                               *
**************   chi**2/iteration =  1.496       ****************


************* Integration by Vegas (iteration  13) **************
*                                                               *
*  integral  =  1.7282667       accum. integral =  1.7230115    *
*  std. dev. = 0.39954497E-02   accum. std. dev = 0.10179799E-02*
*   max. wt. =   0.445972E-01                                   *
*                                                               *
**************   chi**2/iteration =  1.525       ****************


************* Integration by Vegas (iteration  14) **************
*                                                               *
*  integral  =  1.7169263       accum. integral =  1.7225851    *
*  std. dev. = 0.37083587E-02   accum. std. dev = 0.98166468E-03*
*   max. wt. =   0.445972E-01                                   *
*                                                               *
**************   chi**2/iteration =  1.601       ****************


************* Integration by Vegas (iteration  15) **************
*                                                               *
*  integral  =  1.7248573       accum. integral =  1.7228059    *
*  std. dev. = 0.29922920E-02   accum. std. dev = 0.93275275E-03*
*   max. wt. =   0.445972E-01                                   *
*                                                               *
**************   chi**2/iteration =  1.523       ****************


************* Integration by Vegas (iteration  16) **************
*                                                               *
*  integral  =  1.7237576       accum. integral =  1.7228942    *
*  std. dev. = 0.29157856E-02   accum. std. dev = 0.88840265E-03*
*   max. wt. =   0.445972E-01                                   *
*                                                               *
**************   chi**2/iteration =  1.428       ****************


************* Integration by Vegas (iteration  17) **************
*                                                               *
*  integral  =  1.7191534       accum. integral =  1.7225656    *
*  std. dev. = 0.28625695E-02   accum. std. dev = 0.84847992E-03*
*   max. wt. =   0.445972E-01                                   *
*                                                               *
**************   chi**2/iteration =  1.437       ****************


************* Integration by Vegas (iteration  18) **************
*                                                               *
*  integral  =  1.7186332       accum. integral =  1.7222782    *
*  std. dev. = 0.30218856E-02   accum. std. dev = 0.81689034E-03*
*   max. wt. =   0.445972E-01                                   *
*                                                               *
**************   chi**2/iteration =  1.444       ****************


************* Integration by Vegas (iteration  19) **************
*                                                               *
*  integral  =  1.7197477       accum. integral =  1.7221076    *
*  std. dev. = 0.30384899E-02   accum. std. dev = 0.78887804E-03*
*   max. wt. =   0.445972E-01                                   *
*                                                               *
**************   chi**2/iteration =  1.400       ****************


************* Integration by Vegas (iteration  20) **************
*                                                               *
*  integral  =  1.7156640       accum. integral =  1.7216600    *
*  std. dev. = 0.28872785E-02   accum. std. dev = 0.76098467E-03*
*   max. wt. =   0.445972E-01                                   *
*                                                               *
**************   chi**2/iteration =  1.570       ****************


 input parameters for vegas:  ndim= 10  ncall= 472392.
                              it=   21  itmx=   50
                              nprn=  0  alph= 1.50
                              mds=  1   nd= 100
                              xl( 1)=   0.000     xu( 1)=   1.000    
                              xl( 2)=   0.000     xu( 2)=   1.000    
                              xl( 3)=   0.000     xu( 3)=   1.000    
                              xl( 4)=   0.000     xu( 4)=   1.000    
                              xl( 5)=   0.000     xu( 5)=   1.000    
                              xl( 6)=   0.000     xu( 6)=   1.000    
                              xl( 7)=   0.000     xu( 7)=   1.000    
                              xl( 8)=   0.000     xu( 8)=   1.000    
                              xl( 9)=   0.000     xu( 9)=   1.000    
                              xl(10)=   0.000     xu(10)=   1.000    

************* Integration by Vegas (iteration   1) **************
*                                                               *
*  integral  =  1.7180692       accum. integral =  1.7180692    *
*  std. dev. = 0.29648950E-02   accum. std. dev = 0.29648950E-02*
*   max. wt. =   0.659606E-03                                   *
*                                                               *
**************   chi**2/iteration = 0.5821E-08   ****************

 Writing out intermediate results for iteration           1

************* Integration by Vegas (iteration   2) **************
*                                                               *
*  integral  =  1.7220497       accum. integral =  1.7199746    *
*  std. dev. = 0.30940836E-02   accum. std. dev = 0.21407120E-02*
*   max. wt. =   0.733011E-03                                   *
*                                                               *
**************   chi**2/iteration = 0.8542       ****************

 Writing out intermediate results for iteration           2

************* Integration by Vegas (iteration   3) **************
*                                                               *
*  integral  =  1.7226241       accum. integral =  1.7208500    *
*  std. dev. = 0.30474825E-02   accum. std. dev = 0.17517188E-02*
*   max. wt. =   0.733011E-03                                   *
*                                                               *
**************   chi**2/iteration = 0.6811       ****************

 Writing out intermediate results for iteration           3

************* Integration by Vegas (iteration   4) **************
*                                                               *
*  integral  =  1.7199632       accum. integral =  1.7206149    *
*  std. dev. = 0.29164822E-02   accum. std. dev = 0.15016708E-02*
*   max. wt. =   0.733011E-03                                   *
*                                                               *
**************   chi**2/iteration = 0.4774       ****************

 Writing out intermediate results for iteration           4

************* Integration by Vegas (iteration   5) **************
*                                                               *
*  integral  =  1.7189596       accum. integral =  1.7202704    *
*  std. dev. = 0.29292285E-02   accum. std. dev = 0.13363050E-02*
*   max. wt. =   0.733011E-03                                   *
*                                                               *
**************   chi**2/iteration = 0.4214       ****************

 Writing out intermediate results for iteration           5

************* Integration by Vegas (iteration   6) **************
*                                                               *
*  integral  =  1.7197494       accum. integral =  1.7201871    *
*  std. dev. = 0.30619011E-02   accum. std. dev = 0.12247465E-02*
*   max. wt. =   0.733011E-03                                   *
*                                                               *
**************   chi**2/iteration = 0.3421       ****************

 Writing out intermediate results for iteration           6

************* Integration by Vegas (iteration   7) **************
*                                                               *
*  integral  =  1.7235451       accum. integral =  1.7206951    *
*  std. dev. = 0.29008262E-02   accum. std. dev = 0.11283037E-02*
*   max. wt. =   0.733011E-03                                   *
*                                                               *
**************   chi**2/iteration = 0.4744       ****************

 Writing out intermediate results for iteration           7

************* Integration by Vegas (iteration   8) **************
*                                                               *
*  integral  =  1.7255906       accum. integral =  1.7212958    *
*  std. dev. = 0.30170012E-02   accum. std. dev = 0.10568170E-02*
*   max. wt. =   0.733011E-03                                   *
*                                                               *
**************   chi**2/iteration = 0.7363       ****************

 Writing out intermediate results for iteration           8

************* Integration by Vegas (iteration   9) **************
*                                                               *
*  integral  =  1.7219118       accum. integral =  1.7213627    *
*  std. dev. = 0.30271361E-02   accum. std. dev = 0.99776073E-03*
*   max. wt. =   0.733011E-03                                   *
*                                                               *
**************   chi**2/iteration = 0.6490       ****************

 Writing out intermediate results for iteration           9

************* Integration by Vegas (iteration  10) **************
*                                                               *
*  integral  =  1.7186555       accum. integral =  1.7210743    *
*  std. dev. = 0.28893716E-02   accum. std. dev = 0.94311253E-03*
*   max. wt. =   0.733011E-03                                   *
*                                                               *
**************   chi**2/iteration = 0.6640       ****************

 Writing out intermediate results for iteration          10

************* Integration by Vegas (iteration  11) **************
*                                                               *
*  integral  =  1.7209070       accum. integral =  1.7210582    *
*  std. dev. = 0.28918384E-02   accum. std. dev = 0.89663410E-03*
*   max. wt. =   0.733011E-03                                   *
*                                                               *
**************   chi**2/iteration = 0.5980       ****************

 Writing out intermediate results for iteration          11

************* Integration by Vegas (iteration  12) **************
*                                                               *
*  integral  =  1.7164812       accum. integral =  1.7206821    *
*  std. dev. = 0.29965733E-02   accum. std. dev = 0.85900394E-03*
*   max. wt. =   0.808520E-03                                   *
*                                                               *
**************   chi**2/iteration = 0.7381       ****************

 Writing out intermediate results for iteration          12

************* Integration by Vegas (iteration  13) **************
*                                                               *
*  integral  =  1.7211610       accum. integral =  1.7207180    *
*  std. dev. = 0.30187572E-02   accum. std. dev = 0.82620528E-03*
*   max. wt. =   0.808520E-03                                   *
*                                                               *
**************   chi**2/iteration = 0.6786       ****************

 Writing out intermediate results for iteration          13

************* Integration by Vegas (iteration  14) **************
*                                                               *
*  integral  =  1.7221241       accum. integral =  1.7208219    *
*  std. dev. = 0.29247136E-02   accum. std. dev = 0.79508960E-03*
*   max. wt. =   0.808520E-03                                   *
*                                                               *
**************   chi**2/iteration = 0.6429       ****************

 Writing out intermediate results for iteration          14

************* Integration by Vegas (iteration  15) **************
*                                                               *
*  integral  =  1.7238910       accum. integral =  1.7210244    *
*  std. dev. = 0.29915412E-02   accum. std. dev = 0.76841285E-03*
*   max. wt. =   0.808520E-03                                   *
*                                                               *
**************   chi**2/iteration = 0.6672       ****************

 Writing out intermediate results for iteration          15

************* Integration by Vegas (iteration  16) **************
*                                                               *
*  integral  =  1.7214514       accum. integral =  1.7210452    *
*  std. dev. = 0.33900816E-02   accum. std. dev = 0.74940292E-03*
*   max. wt. =   0.951841E-03                                   *
*                                                               *
**************   chi**2/iteration = 0.6237       ****************

 Writing out intermediate results for iteration          16

************* Integration by Vegas (iteration  17) **************
*                                                               *
*  integral  =  1.7205007       accum. integral =  1.7210178    *
*  std. dev. = 0.32534210E-02   accum. std. dev = 0.73027973E-03*
*   max. wt. =   0.951841E-03                                   *
*                                                               *
**************   chi**2/iteration = 0.5864       ****************

 Writing out intermediate results for iteration          17

************* Integration by Vegas (iteration  18) **************
*                                                               *
*  integral  =  1.7218577       accum. integral =  1.7210664    *
*  std. dev. = 0.29477879E-02   accum. std. dev = 0.70885104E-03*
*   max. wt. =   0.951841E-03                                   *
*                                                               *
**************   chi**2/iteration = 0.5565       ****************

 Writing out intermediate results for iteration          18

************* Integration by Vegas (iteration  19) **************
*                                                               *
*  integral  =  1.7238252       accum. integral =  1.7212190    *
*  std. dev. = 0.29290094E-02   accum. std. dev = 0.68896217E-03*
*   max. wt. =   0.951841E-03                                   *
*                                                               *
**************   chi**2/iteration = 0.5721       ****************

 Writing out intermediate results for iteration          19

************* Integration by Vegas (iteration  20) **************
*                                                               *
*  integral  =  1.7250512       accum. integral =  1.7213827    *
*  std. dev. = 0.32612523E-02   accum. std. dev = 0.67408434E-03*
*   max. wt. =   0.951841E-03                                   *
*                                                               *
**************   chi**2/iteration = 0.6115       ****************

 Writing out intermediate results for iteration          20

************* Integration by Vegas (iteration  21) **************
*                                                               *
*  integral  =  1.7211352       accum. integral =  1.7213716    *
*  std. dev. = 0.31058289E-02   accum. std. dev = 0.65874749E-03*
*   max. wt. =   0.951841E-03                                   *
*                                                               *
**************   chi**2/iteration = 0.5813       ****************

 Writing out intermediate results for iteration          21

************* Integration by Vegas (iteration  22) **************
*                                                               *
*  integral  =  1.7188264       accum. integral =  1.7212496    *
*  std. dev. = 0.29364894E-02   accum. std. dev = 0.64277235E-03*
*   max. wt. =   0.951841E-03                                   *
*                                                               *
**************   chi**2/iteration = 0.5877       ****************

 Writing out intermediate results for iteration          22

************* Integration by Vegas (iteration  23) **************
*                                                               *
*  integral  =  1.7194930       accum. integral =  1.7211736    *
*  std. dev. = 0.30210567E-02   accum. std. dev = 0.62869969E-03*
*   max. wt. =   0.951841E-03                                   *
*                                                               *
**************   chi**2/iteration = 0.5757       ****************

 Writing out intermediate results for iteration          23

************* Integration by Vegas (iteration  24) **************
*                                                               *
*  integral  =  1.7188402       accum. integral =  1.7210722    *
*  std. dev. = 0.29506272E-02   accum. std. dev = 0.61489641E-03*
*   max. wt. =   0.951841E-03                                   *
*                                                               *
**************   chi**2/iteration = 0.5766       ****************

 Writing out intermediate results for iteration          24

************* Integration by Vegas (iteration  25) **************
*                                                               *
*  integral  =  1.7205807       accum. integral =  1.7210539    *
*  std. dev. = 0.31252584E-02   accum. std. dev = 0.60332960E-03*
*   max. wt. =   0.951841E-03                                   *
*                                                               *
**************   chi**2/iteration = 0.5536       ****************

 Writing out intermediate results for iteration          25

************* Integration by Vegas (iteration  26) **************
*                                                               *
*  integral  =  1.7186449       accum. integral =  1.7209698    *
*  std. dev. = 0.31724353E-02   accum. std. dev = 0.59270632E-03*
*   max. wt. =   0.101106E-02                                   *
*                                                               *
**************   chi**2/iteration = 0.5537       ****************

 Writing out intermediate results for iteration          26

************* Integration by Vegas (iteration  27) **************
*                                                               *
*  integral  =  1.7196427       accum. integral =  1.7209205    *
*  std. dev. = 0.30163871E-02   accum. std. dev = 0.58158502E-03*
*   max. wt. =   0.101106E-02                                   *
*                                                               *
**************   chi**2/iteration = 0.5396       ****************

 Writing out intermediate results for iteration          27

************* Integration by Vegas (iteration  28) **************
*                                                               *
*  integral  =  1.7254667       accum. integral =  1.7210795    *
*  std. dev. = 0.30550563E-02   accum. std. dev = 0.57132475E-03*
*   max. wt. =   0.101106E-02                                   *
*                                                               *
**************   chi**2/iteration = 0.5987       ****************

 Writing out intermediate results for iteration          28

************* Integration by Vegas (iteration  29) **************
*                                                               *
*  integral  =  1.7179568       accum. integral =  1.7209686    *
*  std. dev. = 0.29780327E-02   accum. std. dev = 0.56109254E-03*
*   max. wt. =   0.101106E-02                                   *
*                                                               *
**************   chi**2/iteration = 0.6152       ****************

 Writing out intermediate results for iteration          29

************* Integration by Vegas (iteration  30) **************
*                                                               *
*  integral  =  1.7232433       accum. integral =  1.7210409    *
*  std. dev. = 0.30979880E-02   accum. std. dev = 0.55211025E-03*
*   max. wt. =   0.101106E-02                                   *
*                                                               *
**************   chi**2/iteration = 0.6120       ****************

 Writing out intermediate results for iteration          30

************* Integration by Vegas (iteration  31) **************
*                                                               *
*  integral  =  1.7230009       accum. integral =  1.7211039    *
*  std. dev. = 0.30297531E-02   accum. std. dev = 0.54316530E-03*
*   max. wt. =   0.101106E-02                                   *
*                                                               *
**************   chi**2/iteration = 0.6051       ****************

 Writing out intermediate results for iteration          31

************* Integration by Vegas (iteration  32) **************
*                                                               *
*  integral  =  1.7161728       accum. integral =  1.7209439    *
*  std. dev. = 0.29663651E-02   accum. std. dev = 0.53428229E-03*
*   max. wt. =   0.101106E-02                                   *
*                                                               *
**************   chi**2/iteration = 0.6718       ****************

 Writing out intermediate results for iteration          32

************* Integration by Vegas (iteration  33) **************
*                                                               *
*  integral  =  1.7217466       accum. integral =  1.7209615    *
*  std. dev. = 0.35671131E-02   accum. std. dev = 0.52838822E-03*
*   max. wt. =   0.150635E-02                                   *
*                                                               *
**************   chi**2/iteration = 0.6524       ****************

 Writing out intermediate results for iteration          33

************* Integration by Vegas (iteration  34) **************
*                                                               *
*  integral  =  1.7153786       accum. integral =  1.7208359    *
*  std. dev. = 0.34830945E-02   accum. std. dev = 0.52241125E-03*
*   max. wt. =   0.150635E-02                                   *
*                                                               *
**************   chi**2/iteration = 0.7087       ****************

 Writing out intermediate results for iteration          34

************* Integration by Vegas (iteration  35) **************
*                                                               *
*  integral  =  1.7179641       accum. integral =  1.7207561    *
*  std. dev. = 0.30885550E-02   accum. std. dev = 0.51509484E-03*
*   max. wt. =   0.150635E-02                                   *
*                                                               *
**************   chi**2/iteration = 0.7126       ****************

 Writing out intermediate results for iteration          35

************* Integration by Vegas (iteration  36) **************
*                                                               *
*  integral  =  1.7266058       accum. integral =  1.7208944    *
*  std. dev. = 0.33096814E-02   accum. std. dev = 0.50896773E-03*
*   max. wt. =   0.150635E-02                                   *
*                                                               *
**************   chi**2/iteration = 0.7793       ****************

 Writing out intermediate results for iteration          36

************* Integration by Vegas (iteration  37) **************
*                                                               *
*  integral  =  1.7209289       accum. integral =  1.7208953    *
*  std. dev. = 0.31858376E-02   accum. std. dev = 0.50259426E-03*
*   max. wt. =   0.150635E-02                                   *
*                                                               *
**************   chi**2/iteration = 0.7577       ****************

 Writing out intermediate results for iteration          37

************* Integration by Vegas (iteration  38) **************
*                                                               *
*  integral  =  1.7234726       accum. integral =  1.7209615    *
*  std. dev. = 0.30932305E-02   accum. std. dev = 0.49608845E-03*
*   max. wt. =   0.150635E-02                                   *
*                                                               *
**************   chi**2/iteration = 0.7555       ****************

 Writing out intermediate results for iteration          38

************* Integration by Vegas (iteration  39) **************
*                                                               *
*  integral  =  1.7216765       accum. integral =  1.7209806    *
*  std. dev. = 0.29972152E-02   accum. std. dev = 0.48942962E-03*
*   max. wt. =   0.150635E-02                                   *
*                                                               *
**************   chi**2/iteration = 0.7371       ****************

 Writing out intermediate results for iteration          39

************* Integration by Vegas (iteration  40) **************
*                                                               *
*  integral  =  1.7210563       accum. integral =  1.7209824    *
*  std. dev. = 0.31775636E-02   accum. std. dev = 0.48372525E-03*
*   max. wt. =   0.150635E-02                                   *
*                                                               *
**************   chi**2/iteration = 0.7182       ****************

 Writing out intermediate results for iteration          40

************* Integration by Vegas (iteration  41) **************
*                                                               *
*  integral  =  1.7194345       accum. integral =  1.7209466    *
*  std. dev. = 0.31471130E-02   accum. std. dev = 0.47811052E-03*
*   max. wt. =   0.150635E-02                                   *
*                                                               *
**************   chi**2/iteration = 0.7062       ****************

 Writing out intermediate results for iteration          41

************* Integration by Vegas (iteration  42) **************
*                                                               *
*  integral  =  1.7207883       accum. integral =  1.7209429    *
*  std. dev. = 0.30612434E-02   accum. std. dev = 0.47238386E-03*
*   max. wt. =   0.150635E-02                                   *
*                                                               *
**************   chi**2/iteration = 0.6890       ****************

 Writing out intermediate results for iteration          42

************* Integration by Vegas (iteration  43) **************
*                                                               *
*  integral  =  1.7189907       accum. integral =  1.7208936    *
*  std. dev. = 0.29344021E-02   accum. std. dev = 0.46637941E-03*
*   max. wt. =   0.150635E-02                                   *
*                                                               *
**************   chi**2/iteration = 0.6829       ****************

 Writing out intermediate results for iteration          43

************* Integration by Vegas (iteration  44) **************
*                                                               *
*  integral  =  1.7174465       accum. integral =  1.7208118    *
*  std. dev. = 0.29921599E-02   accum. std. dev = 0.46081535E-03*
*   max. wt. =   0.150635E-02                                   *
*                                                               *
**************   chi**2/iteration = 0.6971       ****************

 Writing out intermediate results for iteration          44

************* Integration by Vegas (iteration  45) **************
*                                                               *
*  integral  =  1.7216914       accum. integral =  1.7208315    *
*  std. dev. = 0.30412345E-02   accum. std. dev = 0.45561478E-03*
*   max. wt. =   0.150635E-02                                   *
*                                                               *
**************   chi**2/iteration = 0.6831       ****************

 Writing out intermediate results for iteration          45

************* Integration by Vegas (iteration  46) **************
*                                                               *
*  integral  =  1.7170019       accum. integral =  1.7207465    *
*  std. dev. = 0.30230476E-02   accum. std. dev = 0.45052674E-03*
*   max. wt. =   0.150635E-02                                   *
*                                                               *
**************   chi**2/iteration = 0.7028       ****************

 Writing out intermediate results for iteration          46

************* Integration by Vegas (iteration  47) **************
*                                                               *
*  integral  =  1.7203247       accum. integral =  1.7207374    *
*  std. dev. = 0.30321606E-02   accum. std. dev = 0.44563450E-03*
*   max. wt. =   0.150635E-02                                   *
*                                                               *
**************   chi**2/iteration = 0.6880       ****************

 Writing out intermediate results for iteration          47

************* Integration by Vegas (iteration  48) **************
*                                                               *
*  integral  =  1.7199858       accum. integral =  1.7207209    *
*  std. dev. = 0.29787826E-02   accum. std. dev = 0.44072979E-03*
*   max. wt. =   0.150635E-02                                   *
*                                                               *
**************   chi**2/iteration = 0.6747       ****************

 Writing out intermediate results for iteration          48

************* Integration by Vegas (iteration  49) **************
*                                                               *
*  integral  =  1.7196079       accum. integral =  1.7206976    *
*  std. dev. = 0.30098610E-02   accum. std. dev = 0.43607952E-03*
*   max. wt. =   0.150635E-02                                   *
*                                                               *
**************   chi**2/iteration = 0.6634       ****************

 Writing out intermediate results for iteration          49

************* Integration by Vegas (iteration  50) **************
*                                                               *
*  integral  =  1.7200231       accum. integral =  1.7206855    *
*  std. dev. = 0.32334140E-02   accum. std. dev = 0.43216689E-03*
*   max. wt. =   0.150635E-02                                   *
*                                                               *
**************   chi**2/iteration = 0.6507       ****************


Value of final lord integral is        1.7207 +/-     0.0004 fb

 Total number of shots       :     23619600
 Total no. failing cuts      :      8133848
 Number failing jet cuts     :            0
 Number failing process cuts :            0

   Jet efficiency : 100.00%
   Cut efficiency : 100.00%
 Total efficiency : 100.00%

 Contribution from parton sub-processes:
 ---------------------------------------
       GG     |           1.72069  100.00%
       GQ     |           0.00000    0.00%
       GQB    |           0.00000    0.00%
       QG     |           0.00000    0.00%
       QBG    |           0.00000    0.00%
       QQ     |           0.00000    0.00%
       QBQB   |           0.00000    0.00%
       QQB    |           0.00000    0.00%
       QBQ    |           0.00000    0.00%
 ---------------------------------------

 ****************************************************
 output files  cluster_CMS_m4l/CTEQm4/TOP/ggZZbx_lord_cteq6_l_1___1___132_run_14
 ****************************************************
