 ************** MCFM - version 6.8 ****************
 *                                                *
 * MCFM, v6.8                   April 26th, 2014  *
 *                                                *
 * Authors: John Campbell, Keith Ellis,           *
 *          Ciaran Williams                       *
 *         (johnmc@fnal.gov, ellis@fnal.gov,      *
 *          ciaran@fnal.gov)                      *
 *                                                *
 * For details see:                               *
 *                                                *
 *  arXiv:1403.2641 (Triphoton production)        *
 *  arXiv:1312.1628 (gg->WW, Higgs interference)  *
 *  arXiv:1311.3589 (gg->ZZ, Higgs interference)  *
 *  Phys.Rev.D87:114006, arXiv:1302.3856          *
 *  (tZ, tH -- with R. Rontsch)                   *
 *  arXiv:1211.6390 (DM, P. Fox and C. Williams)  *
 *  JHEP 1211:162 (2012), arXiv:1208.0566         *
 *  (Z+gam+jet,Z+gam+gam -- with H. Hartanto)     *
 *  arXiv:1204.1513 (top production+decay)        *
 *  JHEP 1207:052 (2012), arXiv:1204.5678 (ttW)   *
 *  JHEP 1110:005 (2011), arXiv:1107.5569         *
 *         (gg->WW,Higgs intference)              *
 *  JHEP 1107:018 (2011), arXiv:1105.0020         *
 *         (diboson update)                       *
 *  JHEP 1103:027 (2011), arXiv:1011.6647         *
 *         (Wbb for mb>0, with S. Badger)         *
 *  Phys.Rev.D81:074023, arXiv:1001.4495 (H+2jet) *
 *                                                *
 *  P.R.L. 102:142001, arXiv:0903.0005 [hep-ph]   *
 *    (t-channel single top + explicit b,         *
 *      JC, R.Frederix, F.Maltoni, F.Tramontano)  *
 *  N.P.B 726:109(2005), hep-ph/0506289 (W+t)     *
 *  Phys.Rev.D70:094012, hep-ph/0408158 (Sngl Top)*
 *       (with Francesco Tramontano)              *
 *                                                *
 *  Phys.Rev.D65:113007, hep-ph/0202176 (W,Z+2j)  *
 *  Phys.Rev.D62:114012, hep-ph/0006304 (W,Z+bb)  *
 *  Phys.Rev.D60:113006, hep-ph/9905386 (diboson) *
 *                                                *
 * On the web:  http://mcfm.fnal.gov/             *
 **************************************************

 * Using input file named E_var/E_33/MSTW/TOP/input_129_33.DAT                                    

 * [Flags to specify the mode in which MCFM is run]                                          
 *                   -1            [nevtrequested] 
 *                    F            [creatent] 
 *                    F            [skipnt] 
 *                    F            [dswhisto] 
 *                    F            [creategrid] 
 *                    T            [writetop] 
 *                    T            [writedat] 
 *                    T            [writegnu] 
 *                    T            [writeroot] 
 *                    F            [writepwg] 

 * [General options to specify the process and execution]                                    
 *                  129            [nproc] 
 *                 lord            [part] 
 * 129_run_33                      [runstring] 
 *           33000.0000            [sqrts] 
 *                    1            [ih1] 
 *                    1            [ih2] 
 *             126.0000            [hmass] 
 *               0.5000            [scale] 
 *               0.5000            [facscale] 
 * m(3456)                         [dynamicscale] 
 *                    F            [zerowidth] 
 *                    F            [removebr] 
 *                   20            [itmx1] 
 *              1000000            [ncall1] 
 *                   50            [itmx2] 
 *              1000000            [ncall2] 
 *                 2020            [ij] 
 *                    F            [dryrun] 
 *                    T            [Qflag] 
 *                    T            [Gflag] 

 * [Heavy quark masses]                                                                      
 *             173.2000            [top mass] 
 *               4.7500            [bottom mass] 
 *               1.5000            [charm mass] 

 * [Pdf selection]                                                                           
 *              mstw8lo            [pdlabel] 
 *                    4            [NGROUP] 
 *                   46            [NSET] 
 * cteq6mE.LHgrid                  [LHAPDF group] 
 *                   -1            [LHAPDF set] 

 * [Jet definition and event cuts]                                                           
 *               0.0000            [m34min] 
 *           33000.0000            [m34max] 
 *               0.0000            [m56min] 
 *           33000.0000            [m56max] 
 *                    T            [inclusive] 
 *                 ankt            [algorithm] 
 *              15.0000            [ptjetmin] 
 *               0.0000            [etajetmin] 
 *               5.0000            [etajetmax] 
 *               0.5000            [Rcut] 
 *                    T            [makecuts] 
 *               0.0000            [leptpt] 
 *              99.0000            [leptrap] 
 *    0.000,   0.000                [leptveto] 
 *               0.0000            [misspt] 
 *               0.0000            [leptpt2] 
 *              99.0000            [leptrap2] 
 *    0.000,   0.000                [leptveto2] 
 *               0.0000            [mtrans34cut] 
 *               0.0000            [Rjlmin] 
 *               0.0000            [Rllmin] 
 *               0.0000            [delyjjmin] 
 *                    F            [jetsopphem] 
 *                    0            [lbjscheme] 
 *               0.0000            [ptbjetmin] 
 *              99.0000            [etabjetmax] 

 * [Settings for photon processes]                                                           
 *                    F            [frag] 
 *             GdRG__LO            [fragset] 
 *              80.0000            [frag_scale] 
 *              20.0000            [gammpt] 
 *               2.5000            [gammrap] 
 *              20.0000            [gammpt2] 
 *              20.0000            [gammpt3] 
 *               0.0000            [Rgalmin] 
 *               0.4000            [Rgagamin] 
 *               0.4000            [Rgajetmin] 
 *               0.4000            [cone_ang] 
 *               0.5000            [epsilon_h] 

 * [Anomalous couplings of the W and Z]                                                      
 *               0.0000            [delg1_z] 
 *               0.0000            [delk_z] 
 *               0.0000            [delk_g] 
 *               0.0000            [lambda_z] 
 *               0.0000            [lambda_g] 
 *               0.0000            [h1Z] 
 *               0.0000            [h1gam] 
 *               0.0000            [h2Z] 
 *               0.0000            [h2gam] 
 *               0.0000            [h3Z] 
 *               0.0000            [h3gam] 
 *               0.0000            [h4Z] 
 *               0.0000            [h4gam] 
 *               2.0000            [tevscale] 

 * [Anomalous width of the Higgs]                                                            
 *               1.0000            [Gamma_H/Gamma_H(SM)] 

 * [How to resume/save a run]                                                                
 *                    F            [readin] 
 *                    F            [writeout] 
 *                                 [ingridfile] 
 *                                 [outgridfile] 

 * [Technical parameters that should not normally be changed]

 *                    F            [debug] 
 *                    T            [verbose] 
 *                    F            [new_pspace] 
 *                    F            [virtonly] 
 *                    F            [realonly] 
 *                    T            [spira] 
 *                    F            [noglue] 
 *                    F            [ggonly] 
 *                    F            [gqonly] 
 *                    F            [omitgg] 
 *                    F            [vanillafiles] 
 *                    1            [nmin] 
 *                    2            [nmax] 
 *                    T            [clustering] 
 *                    F            [realwt] 
 *                    0            [colourchoice] 
 *               0.0100            [rtsmin] 
 *               0.0001            [cutoff] 
 *               0.1000            [aii] 
 *               0.1000            [aif] 
 *               0.1000            [afi] 
 *               1.0000            [aff] 
 *               1.0000            [bfi] 
 *               1.0000            [bff] 

 Chooser:process chosen by nproc=         129

 *************************** f(p1)+f(p2) --> ******************************************
 * H(--> Z^0(e^-(p3)+e^+(p4)) + Z^0(mu^-(p5)+mu^+(p6)) [only H, gg->ZZ intf.]         *
 **************************************************************************************

 ************** Electroweak parameters **************
 *                                                  *
 *  zmass(+)   91.1876000     wmass(+)  80.3980000  *
 * zwidth(+)    2.4952000    wwidth(+)   2.1054000  *
 *     Gf(+) 0.116639D-04   1/aemmz    132.3384323  *
 *     xw       0.2226459      mtop(+) 173.2000000  *
 *   gwsq       0.4264904       esq      0.0949563  *
 * top width    1.4743080 (LO)                      *
 *    mb        4.7500000        mc      1.5000000  *
 *                                                  *
 * Parameters marked (+) are input, others derived  *
 ****************************************************

 ****************** Higgs parameters ****************
 *                                                  *
 *   mass(H) =  126.00      width(H) =  0.43070E-02 *
 *                                                  *
 *              Br( H -> b bbar)  =   0.48164       *
 *              Br( H -> tau tau) =   0.06056       *
 *              Br( H -> W W)     =   0.00000       *
 *              Br( H -> Z Z)     =   0.00000       *
 *              Br( H -> gam gam) =   0.00235       *
 *              Br( H -> Z gam)   =   0.00164       *
 ****************************************************
 *                                                  *
 * Note: branching ratios reported here can be > 1  *
 *       since the total Higgs width is calculated  *
 *       at NLO but the BR calculation uses a       *
 *       partial width at LO only.                  *
 *                                                  *
 ****************************************************

 WARNING: Higgs decay H->ZZ is below threshold and
 may not yield sensible results - check the number
 of integration points

 ***************** CKM mixing matrix ****************
 *                                                  *
 *      Vud=.97500    Vus=.22200    Vub=0.0000      *
 *      Vcd=.22200    Vcs=.97500    Vcb=0.0000      *
 ****************************************************

 ************* Strong coupling, alpha_s  ************
 *                                                  *
 *  Dynamic scale - alpha_s changed event-by-event  *
 *       alpha_s (zmass)  0.13939000                *
 *         (using 1-loop running of alpha_s)        *
 ****************************************************

 ****************************************
 *     Cross section in femtobarns      *
 ****************************************


 input parameters for vegas:  ndim= 10  ncall= 944784.
                              it=    0  itmx=   20
                              nprn=  0  alph= 1.50
                              mds=  1   nd= 100
                              xl( 1)=   0.000     xu( 1)=   1.000    
                              xl( 2)=   0.000     xu( 2)=   1.000    
                              xl( 3)=   0.000     xu( 3)=   1.000    
                              xl( 4)=   0.000     xu( 4)=   1.000    
                              xl( 5)=   0.000     xu( 5)=   1.000    
                              xl( 6)=   0.000     xu( 6)=   1.000    
                              xl( 7)=   0.000     xu( 7)=   1.000    
                              xl( 8)=   0.000     xu( 8)=   1.000    
                              xl( 9)=   0.000     xu( 9)=   1.000    
                              xl(10)=   0.000     xu(10)=   1.000    

 ****************** Basic mass cuts *****************
 *                                                  *
 *              0.00  <   m34  <  33000.00           *
 *              0.00  <   m56  <  33000.00           *
 ****************************************************
 *********** CMS Higgs Search cuts******
 *                                     *
 *     pt(mu) >           5.00 GeV     *
 *     pt(el) >           7.00 GeV     *
 *     |eta_mu| <         2.40         *
 *     |eta_el| <         2.50         *
 *     m4lmin >         100.00 GeV     *
 *     m2lmin >           4.00 GeV     *
 *     ptleading >       20.00 GeV     *
 *     ptnexttoleading > 10.00 GeV     *
 *     mllnear >         40.00 GeV     *
 *     mllfar >          12.00 GeV     *
 *     mllmax >         120.00 GeV     *
 ***************************************

 ************** Dynamic scale choice ****************
 *                                                  *
 *                 RENORMALIZATION                  *
 *       mu_ren  =  0.50 x m(3456)                  *
 *                                                  *
 *                  FACTORIZATION                   *
 *       mu_fac  =  0.50 x m(3456)                  *
 *                                                  *
 ****************************************************
 ====================================================
   This is QCDLoop - version 1.95                    
   Authors: Keith Ellis and Giulia Zanderighi        
   (ellis@fnal.gov, g.zanderighi1@physics.ox.ac.uk)  
   For details see FERMILAB-PUB-07-633-T,OUTP-07/16P 
   arXiv:0712.1851 [hep-ph], published in            
   JHEP 0802:002,2008.                               
 ====================================================
 ====================================================
   FF 2.0, a package to evaluate one-loop integrals
 written by G. J. van Oldenborgh, NIKHEF-H, Amsterdam
 ====================================================
 for the algorithms used see preprint NIKHEF-H 89/17,
 'New Algorithms for One-loop Integrals', by G.J. van
 Oldenborgh and J.A.M. Vermaseren, published in 
 Zeitschrift fuer Physik C46(1990)425.
 ====================================================
 ffini: precx =   4.44089209850062616E-016
 ffini: precc =   4.44089209850062616E-016
 ffini: xalogm =   4.94065645841246544E-324
 ffini: xclogm =   4.94065645841246544E-324
 ****************************************************
 *                                                  *
 *  gg->ZZ box loop includes gens. 1 and 2          *
 *  gg->ZZ box loop includes bottom quark           *
 *  gg->ZZ box loop includes top quark              *
 *                                                  *
 *  Numer. stability: pt(Z) > 0.100 GeV (gens. 1,2) *
 *  Numer. stability: pt(Z) > 0.100 GeV (b,t loops) *
 *                                                  *
 ****************************************************
 Reading PDF grid from Pdfdata/mstw2008lo.00.dat

************* Integration by Vegas (iteration   1) **************
*                                                               *
*  integral  = -1.2813430       accum. integral = -1.2813430    *
*  std. dev. = 0.28300224E-01   accum. std. dev = 0.28300224E-01*
*   max. wt. =   0.228099E-02                                   *
*                                                               *
**************   chi**2/iteration =  0.000       ****************


************* Integration by Vegas (iteration   2) **************
*                                                               *
*  integral  = -1.2781993       accum. integral = -1.2782599    *
*  std. dev. = 0.39649558E-02   accum. std. dev = 0.39266055E-02*
*   max. wt. =   0.228099E-02                                   *
*                                                               *
**************   chi**2/iteration = 0.1198E-01   ****************


************* Integration by Vegas (iteration   3) **************
*                                                               *
*  integral  = -1.2847293       accum. integral = -1.2828715    *
*  std. dev. = 0.24922185E-02   accum. std. dev = 0.21041723E-02*
*   max. wt. =   0.228099E-02                                   *
*                                                               *
**************   chi**2/iteration = 0.9687       ****************


************* Integration by Vegas (iteration   4) **************
*                                                               *
*  integral  = -1.2879864       accum. integral = -1.2853134    *
*  std. dev. = 0.22015307E-02   accum. std. dev = 0.15211288E-02*
*   max. wt. =   0.228099E-02                                   *
*                                                               *
**************   chi**2/iteration =  1.584       ****************


************* Integration by Vegas (iteration   5) **************
*                                                               *
*  integral  = -1.2872273       accum. integral = -1.2861693    *
*  std. dev. = 0.16911573E-02   accum. std. dev = 0.11309496E-02*
*   max. wt. =   0.228099E-02                                   *
*                                                               *
**************   chi**2/iteration =  1.366       ****************


************* Integration by Vegas (iteration   6) **************
*                                                               *
*  integral  = -1.2862705       accum. integral = -1.2862047    *
*  std. dev. = 0.15423389E-02   accum. std. dev = 0.91203130E-03*
*   max. wt. =   0.228099E-02                                   *
*                                                               *
**************   chi**2/iteration =  1.094       ****************


************* Integration by Vegas (iteration   7) **************
*                                                               *
*  integral  = -1.2877948       accum. integral = -1.2866214    *
*  std. dev. = 0.15303388E-02   accum. std. dev = 0.78345093E-03*
*   max. wt. =   0.228099E-02                                   *
*                                                               *
**************   chi**2/iteration =  1.044       ****************


************* Integration by Vegas (iteration   8) **************
*                                                               *
*  integral  = -1.2892583       accum. integral = -1.2871847    *
*  std. dev. = 0.15031178E-02   accum. std. dev = 0.69474435E-03*
*   max. wt. =   0.228099E-02                                   *
*                                                               *
**************   chi**2/iteration =  1.240       ****************


************* Integration by Vegas (iteration   9) **************
*                                                               *
*  integral  = -1.2868178       accum. integral = -1.2871160    *
*  std. dev. = 0.14467820E-02   accum. std. dev = 0.62627924E-03*
*   max. wt. =   0.228099E-02                                   *
*                                                               *
**************   chi**2/iteration =  1.092       ****************


************* Integration by Vegas (iteration  10) **************
*                                                               *
*  integral  = -1.2881705       accum. integral = -1.2872657    *
*  std. dev. = 0.15396579E-02   accum. std. dev = 0.58012251E-03*
*   max. wt. =   0.228099E-02                                   *
*                                                               *
**************   chi**2/iteration =  1.016       ****************


************* Integration by Vegas (iteration  11) **************
*                                                               *
*  integral  = -1.2867049       accum. integral = -1.2871995    *
*  std. dev. = 0.15861283E-02   accum. std. dev = 0.54482496E-03*
*   max. wt. =   0.228099E-02                                   *
*                                                               *
**************   chi**2/iteration = 0.9251       ****************


************* Integration by Vegas (iteration  12) **************
*                                                               *
*  integral  = -1.2863026       accum. integral = -1.2870963    *
*  std. dev. = 0.15105435E-02   accum. std. dev = 0.51250756E-03*
*   max. wt. =   0.228099E-02                                   *
*                                                               *
**************   chi**2/iteration = 0.8694       ****************


************* Integration by Vegas (iteration  13) **************
*                                                               *
*  integral  = -1.2861739       accum. integral = -1.2869945    *
*  std. dev. = 0.14551345E-02   accum. std. dev = 0.48340106E-03*
*   max. wt. =   0.228099E-02                                   *
*                                                               *
**************   chi**2/iteration = 0.8268       ****************


************* Integration by Vegas (iteration  14) **************
*                                                               *
*  integral  = -1.2832050       accum. integral = -1.2867057    *
*  std. dev. = 0.16830495E-02   accum. std. dev = 0.46461677E-03*
*   max. wt. =   0.228099E-02                                   *
*                                                               *
**************   chi**2/iteration =  1.123       ****************


************* Integration by Vegas (iteration  15) **************
*                                                               *
*  integral  = -1.2871666       accum. integral = -1.2867405    *
*  std. dev. = 0.16247917E-02   accum. std. dev = 0.44671178E-03*
*   max. wt. =   0.228099E-02                                   *
*                                                               *
**************   chi**2/iteration =  1.048       ****************


************* Integration by Vegas (iteration  16) **************
*                                                               *
*  integral  = -1.2866062       accum. integral = -1.2867306    *
*  std. dev. = 0.15777655E-02   accum. std. dev = 0.42981632E-03*
*   max. wt. =   0.228099E-02                                   *
*                                                               *
**************   chi**2/iteration = 0.9790       ****************


************* Integration by Vegas (iteration  17) **************
*                                                               *
*  integral  = -1.2843262       accum. integral = -1.2865553    *
*  std. dev. = 0.15326971E-02   accum. std. dev = 0.41385127E-03*
*   max. wt. =   0.228099E-02                                   *
*                                                               *
**************   chi**2/iteration =  1.060       ****************


************* Integration by Vegas (iteration  18) **************
*                                                               *
*  integral  = -1.2876708       accum. integral = -1.2866367    *
*  std. dev. = 0.14745672E-02   accum. std. dev = 0.39845558E-03*
*   max. wt. =   0.228099E-02                                   *
*                                                               *
**************   chi**2/iteration =  1.029       ****************


************* Integration by Vegas (iteration  19) **************
*                                                               *
*  integral  = -1.2844439       accum. integral = -1.2865157    *
*  std. dev. = 0.16482703E-02   accum. std. dev = 0.38729955E-03*
*   max. wt. =   0.228099E-02                                   *
*                                                               *
**************   chi**2/iteration =  1.065       ****************


************* Integration by Vegas (iteration  20) **************
*                                                               *
*  integral  = -1.2899835       accum. integral = -1.2867118    *
*  std. dev. = 0.15818753E-02   accum. std. dev = 0.37618842E-03*
*   max. wt. =   0.228099E-02                                   *
*                                                               *
**************   chi**2/iteration =  1.247       ****************


 input parameters for vegas:  ndim= 10  ncall= 944784.
                              it=   21  itmx=   50
                              nprn=  0  alph= 1.50
                              mds=  1   nd= 100
                              xl( 1)=   0.000     xu( 1)=   1.000    
                              xl( 2)=   0.000     xu( 2)=   1.000    
                              xl( 3)=   0.000     xu( 3)=   1.000    
                              xl( 4)=   0.000     xu( 4)=   1.000    
                              xl( 5)=   0.000     xu( 5)=   1.000    
                              xl( 6)=   0.000     xu( 6)=   1.000    
                              xl( 7)=   0.000     xu( 7)=   1.000    
                              xl( 8)=   0.000     xu( 8)=   1.000    
                              xl( 9)=   0.000     xu( 9)=   1.000    
                              xl(10)=   0.000     xu(10)=   1.000    

************* Integration by Vegas (iteration   1) **************
*                                                               *
*  integral  = -1.2880335       accum. integral = -1.2880335    *
*  std. dev. = 0.15637933E-02   accum. std. dev = 0.15637933E-02*
*   max. wt. =   0.330346E-03                                   *
*                                                               *
**************   chi**2/iteration = 0.1164E-07   ****************

 Writing out intermediate results for iteration           1

************* Integration by Vegas (iteration   2) **************
*                                                               *
*  integral  = -1.2897812       accum. integral = -1.2888775    *
*  std. dev. = 0.16181661E-02   accum. std. dev = 0.11244999E-02*
*   max. wt. =   0.499319E-03                                   *
*                                                               *
**************   chi**2/iteration = 0.5972       ****************

 Writing out intermediate results for iteration           2

************* Integration by Vegas (iteration   3) **************
*                                                               *
*  integral  = -1.2880110       accum. integral = -1.2886047    *
*  std. dev. = 0.16587423E-02   accum. std. dev = 0.93077665E-03*
*   max. wt. =   0.499319E-03                                   *
*                                                               *
**************   chi**2/iteration = 0.3931       ****************

 Writing out intermediate results for iteration           3

************* Integration by Vegas (iteration   4) **************
*                                                               *
*  integral  = -1.2852659       accum. integral = -1.2877404    *
*  std. dev. = 0.15749864E-02   accum. std. dev = 0.80130739E-03*
*   max. wt. =   0.499319E-03                                   *
*                                                               *
**************   chi**2/iteration =  1.369       ****************

 Writing out intermediate results for iteration           4

************* Integration by Vegas (iteration   5) **************
*                                                               *
*  integral  = -1.2866284       accum. integral = -1.2875103    *
*  std. dev. = 0.15686487E-02   accum. std. dev = 0.71359416E-03*
*   max. wt. =   0.499319E-03                                   *
*                                                               *
**************   chi**2/iteration =  1.127       ****************

 Writing out intermediate results for iteration           5

************* Integration by Vegas (iteration   6) **************
*                                                               *
*  integral  = -1.2891167       accum. integral = -1.2876495    *
*  std. dev. = 0.23168122E-02   accum. std. dev = 0.68197799E-03*
*   max. wt. =   0.173273E-02                                   *
*                                                               *
**************   chi**2/iteration = 0.9897       ****************

 Writing out intermediate results for iteration           6

************* Integration by Vegas (iteration   7) **************
*                                                               *
*  integral  = -1.2873858       accum. integral = -1.2876259    *
*  std. dev. = 0.21762713E-02   accum. std. dev = 0.65077296E-03*
*   max. wt. =   0.173273E-02                                   *
*                                                               *
**************   chi**2/iteration = 0.8273       ****************

 Writing out intermediate results for iteration           7

************* Integration by Vegas (iteration   8) **************
*                                                               *
*  integral  = -1.2872871       accum. integral = -1.2875825    *
*  std. dev. = 0.16974508E-02   accum. std. dev = 0.60764673E-03*
*   max. wt. =   0.173273E-02                                   *
*                                                               *
**************   chi**2/iteration = 0.7142       ****************

 Writing out intermediate results for iteration           8

************* Integration by Vegas (iteration   9) **************
*                                                               *
*  integral  = -1.2888927       accum. integral = -1.2877378    *
*  std. dev. = 0.16572558E-02   accum. std. dev = 0.57050665E-03*
*   max. wt. =   0.173273E-02                                   *
*                                                               *
**************   chi**2/iteration = 0.6938       ****************

 Writing out intermediate results for iteration           9

************* Integration by Vegas (iteration  10) **************
*                                                               *
*  integral  = -1.2876540       accum. integral = -1.2877299    *
*  std. dev. = 0.17751026E-02   accum. std. dev = 0.54314416E-03*
*   max. wt. =   0.173273E-02                                   *
*                                                               *
**************   chi**2/iteration = 0.6171       ****************

 Writing out intermediate results for iteration          10

************* Integration by Vegas (iteration  11) **************
*                                                               *
*  integral  = -1.2866775       accum. integral = -1.2876264    *
*  std. dev. = 0.16442174E-02   accum. std. dev = 0.51573366E-03*
*   max. wt. =   0.173273E-02                                   *
*                                                               *
**************   chi**2/iteration = 0.5923       ****************

 Writing out intermediate results for iteration          11

************* Integration by Vegas (iteration  12) **************
*                                                               *
*  integral  = -1.2877054       accum. integral = -1.2876342    *
*  std. dev. = 0.15590501E-02   accum. std. dev = 0.48963877E-03*
*   max. wt. =   0.173273E-02                                   *
*                                                               *
**************   chi**2/iteration = 0.5387       ****************

 Writing out intermediate results for iteration          12

************* Integration by Vegas (iteration  13) **************
*                                                               *
*  integral  = -1.2870113       accum. integral = -1.2875799    *
*  std. dev. = 0.15848146E-02   accum. std. dev = 0.46781992E-03*
*   max. wt. =   0.173273E-02                                   *
*                                                               *
**************   chi**2/iteration = 0.5056       ****************

 Writing out intermediate results for iteration          13

************* Integration by Vegas (iteration  14) **************
*                                                               *
*  integral  = -1.2874595       accum. integral = -1.2875716    *
*  std. dev. = 0.17217857E-02   accum. std. dev = 0.45145254E-03*
*   max. wt. =   0.173273E-02                                   *
*                                                               *
**************   chi**2/iteration = 0.4671       ****************

 Writing out intermediate results for iteration          14

************* Integration by Vegas (iteration  15) **************
*                                                               *
*  integral  = -1.2877414       accum. integral = -1.2875832    *
*  std. dev. = 0.16720940E-02   accum. std. dev = 0.43584625E-03*
*   max. wt. =   0.173273E-02                                   *
*                                                               *
**************   chi**2/iteration = 0.4344       ****************

 Writing out intermediate results for iteration          15

************* Integration by Vegas (iteration  16) **************
*                                                               *
*  integral  = -1.2880986       accum. integral = -1.2876197    *
*  std. dev. = 0.15777942E-02   accum. std. dev = 0.42011209E-03*
*   max. wt. =   0.173273E-02                                   *
*                                                               *
**************   chi**2/iteration = 0.4121       ****************

 Writing out intermediate results for iteration          16

************* Integration by Vegas (iteration  17) **************
*                                                               *
*  integral  = -1.2900556       accum. integral = -1.2877541    *
*  std. dev. = 0.17387600E-02   accum. std. dev = 0.40836144E-03*
*   max. wt. =   0.173273E-02                                   *
*                                                               *
**************   chi**2/iteration = 0.5022       ****************

 Writing out intermediate results for iteration          17

************* Integration by Vegas (iteration  18) **************
*                                                               *
*  integral  = -1.2846755       accum. integral = -1.2875829    *
*  std. dev. = 0.16829484E-02   accum. std. dev = 0.39684591E-03*
*   max. wt. =   0.173273E-02                                   *
*                                                               *
**************   chi**2/iteration = 0.6585       ****************

 Writing out intermediate results for iteration          18

************* Integration by Vegas (iteration  19) **************
*                                                               *
*  integral  = -1.2868087       accum. integral = -1.2875363    *
*  std. dev. = 0.15689087E-02   accum. std. dev = 0.38472911E-03*
*   max. wt. =   0.173273E-02                                   *
*                                                               *
**************   chi**2/iteration = 0.6346       ****************

 Writing out intermediate results for iteration          19

************* Integration by Vegas (iteration  20) **************
*                                                               *
*  integral  = -1.2861882       accum. integral = -1.2874640    *
*  std. dev. = 0.16155292E-02   accum. std. dev = 0.37426273E-03*
*   max. wt. =   0.173273E-02                                   *
*                                                               *
**************   chi**2/iteration = 0.6359       ****************

 Writing out intermediate results for iteration          20

************* Integration by Vegas (iteration  21) **************
*                                                               *
*  integral  = -1.2872214       accum. integral = -1.2874523    *
*  std. dev. = 0.16641378E-02   accum. std. dev = 0.36514227E-03*
*   max. wt. =   0.173273E-02                                   *
*                                                               *
**************   chi**2/iteration = 0.6051       ****************

 Writing out intermediate results for iteration          21

************* Integration by Vegas (iteration  22) **************
*                                                               *
*  integral  = -1.2903132       accum. integral = -1.2875911    *
*  std. dev. = 0.16168783E-02   accum. std. dev = 0.35617282E-03*
*   max. wt. =   0.173273E-02                                   *
*                                                               *
**************   chi**2/iteration = 0.7181       ****************

 Writing out intermediate results for iteration          22

************* Integration by Vegas (iteration  23) **************
*                                                               *
*  integral  = -1.2870360       accum. integral = -1.2875640    *
*  std. dev. = 0.15717458E-02   accum. std. dev = 0.34736552E-03*
*   max. wt. =   0.173273E-02                                   *
*                                                               *
**************   chi**2/iteration = 0.6909       ****************

 Writing out intermediate results for iteration          23

************* Integration by Vegas (iteration  24) **************
*                                                               *
*  integral  = -1.2899667       accum. integral = -1.2876687    *
*  std. dev. = 0.16275926E-02   accum. std. dev = 0.33971478E-03*
*   max. wt. =   0.173273E-02                                   *
*                                                               *
**************   chi**2/iteration = 0.7514       ****************

 Writing out intermediate results for iteration          24

************* Integration by Vegas (iteration  25) **************
*                                                               *
*  integral  = -1.2878208       accum. integral = -1.2876745    *
*  std. dev. = 0.17023941E-02   accum. std. dev = 0.33314647E-03*
*   max. wt. =   0.173273E-02                                   *
*                                                               *
**************   chi**2/iteration = 0.7205       ****************

 Writing out intermediate results for iteration          25

************* Integration by Vegas (iteration  26) **************
*                                                               *
*  integral  = -1.2844035       accum. integral = -1.2875473    *
*  std. dev. = 0.16561415E-02   accum. std. dev = 0.32660405E-03*
*   max. wt. =   0.173273E-02                                   *
*                                                               *
**************   chi**2/iteration = 0.8416       ****************

 Writing out intermediate results for iteration          26

************* Integration by Vegas (iteration  27) **************
*                                                               *
*  integral  = -1.2865074       accum. integral = -1.2875051    *
*  std. dev. = 0.15882094E-02   accum. std. dev = 0.31990975E-03*
*   max. wt. =   0.173273E-02                                   *
*                                                               *
**************   chi**2/iteration = 0.8250       ****************

 Writing out intermediate results for iteration          27

************* Integration by Vegas (iteration  28) **************
*                                                               *
*  integral  = -1.2891988       accum. integral = -1.2875670    *
*  std. dev. = 0.16427343E-02   accum. std. dev = 0.31401080E-03*
*   max. wt. =   0.173273E-02                                   *
*                                                               *
**************   chi**2/iteration = 0.8324       ****************

 Writing out intermediate results for iteration          28

************* Integration by Vegas (iteration  29) **************
*                                                               *
*  integral  = -1.2865392       accum. integral = -1.2875289    *
*  std. dev. = 0.16011390E-02   accum. std. dev = 0.30814087E-03*
*   max. wt. =   0.173273E-02                                   *
*                                                               *
**************   chi**2/iteration = 0.8168       ****************

 Writing out intermediate results for iteration          29

************* Integration by Vegas (iteration  30) **************
*                                                               *
*  integral  = -1.2857149       accum. integral = -1.2874773    *
*  std. dev. = 0.18007573E-02   accum. std. dev = 0.30372622E-03*
*   max. wt. =   0.173273E-02                                   *
*                                                               *
**************   chi**2/iteration = 0.8227       ****************

 Writing out intermediate results for iteration          30

************* Integration by Vegas (iteration  31) **************
*                                                               *
*  integral  = -1.2880820       accum. integral = -1.2874946    *
*  std. dev. = 0.17710710E-02   accum. std. dev = 0.29935611E-03*
*   max. wt. =   0.173273E-02                                   *
*                                                               *
**************   chi**2/iteration = 0.7990       ****************

 Writing out intermediate results for iteration          31

************* Integration by Vegas (iteration  32) **************
*                                                               *
*  integral  = -1.2852534       accum. integral = -1.2874191    *
*  std. dev. = 0.16036730E-02   accum. std. dev = 0.29427299E-03*
*   max. wt. =   0.173273E-02                                   *
*                                                               *
**************   chi**2/iteration = 0.8341       ****************

 Writing out intermediate results for iteration          32

************* Integration by Vegas (iteration  33) **************
*                                                               *
*  integral  = -1.2881247       accum. integral = -1.2874399    *
*  std. dev. = 0.16878706E-02   accum. std. dev = 0.28990001E-03*
*   max. wt. =   0.173273E-02                                   *
*                                                               *
**************   chi**2/iteration = 0.8134       ****************

 Writing out intermediate results for iteration          33

************* Integration by Vegas (iteration  34) **************
*                                                               *
*  integral  = -1.2878076       accum. integral = -1.2874511    *
*  std. dev. = 0.16412007E-02   accum. std. dev = 0.28548054E-03*
*   max. wt. =   0.173273E-02                                   *
*                                                               *
**************   chi**2/iteration = 0.7902       ****************

 Writing out intermediate results for iteration          34

************* Integration by Vegas (iteration  35) **************
*                                                               *
*  integral  = -1.2849931       accum. integral = -1.2873929    *
*  std. dev. = 0.18331836E-02   accum. std. dev = 0.28208057E-03*
*   max. wt. =   0.173273E-02                                   *
*                                                               *
**************   chi**2/iteration = 0.8186       ****************

 Writing out intermediate results for iteration          35

************* Integration by Vegas (iteration  36) **************
*                                                               *
*  integral  = -1.2840082       accum. integral = -1.2873122    *
*  std. dev. = 0.18049966E-02   accum. std. dev = 0.27869782E-03*
*   max. wt. =   0.173273E-02                                   *
*                                                               *
**************   chi**2/iteration = 0.8932       ****************

 Writing out intermediate results for iteration          36

************* Integration by Vegas (iteration  37) **************
*                                                               *
*  integral  = -1.2894323       accum. integral = -1.2873720    *
*  std. dev. = 0.16359090E-02   accum. std. dev = 0.27473940E-03*
*   max. wt. =   0.173273E-02                                   *
*                                                               *
**************   chi**2/iteration = 0.9137       ****************

 Writing out intermediate results for iteration          37

************* Integration by Vegas (iteration  38) **************
*                                                               *
*  integral  = -1.2884252       accum. integral = -1.2874027    *
*  std. dev. = 0.15836884E-02   accum. std. dev = 0.27069622E-03*
*   max. wt. =   0.173273E-02                                   *
*                                                               *
**************   chi**2/iteration = 0.9007       ****************

 Writing out intermediate results for iteration          38

************* Integration by Vegas (iteration  39) **************
*                                                               *
*  integral  = -1.2868647       accum. integral = -1.2873874    *
*  std. dev. = 0.15799583E-02   accum. std. dev = 0.26680854E-03*
*   max. wt. =   0.173273E-02                                   *
*                                                               *
**************   chi**2/iteration = 0.8799       ****************

 Writing out intermediate results for iteration          39

************* Integration by Vegas (iteration  40) **************
*                                                               *
*  integral  = -1.2848660       accum. integral = -1.2873157    *
*  std. dev. = 0.15596731E-02   accum. std. dev = 0.26298825E-03*
*   max. wt. =   0.173273E-02                                   *
*                                                               *
**************   chi**2/iteration = 0.9225       ****************

 Writing out intermediate results for iteration          40

************* Integration by Vegas (iteration  41) **************
*                                                               *
*  integral  = -1.2846469       accum. integral = -1.2872685    *
*  std. dev. = 0.19598896E-02   accum. std. dev = 0.26065211E-03*
*   max. wt. =   0.173273E-02                                   *
*                                                               *
**************   chi**2/iteration = 0.9449       ****************

 Writing out intermediate results for iteration          41

************* Integration by Vegas (iteration  42) **************
*                                                               *
*  integral  = -1.2866268       accum. integral = -1.2872567    *
*  std. dev. = 0.19074535E-02   accum. std. dev = 0.25825209E-03*
*   max. wt. =   0.173273E-02                                   *
*                                                               *
**************   chi**2/iteration = 0.9246       ****************

 Writing out intermediate results for iteration          42

************* Integration by Vegas (iteration  43) **************
*                                                               *
*  integral  = -1.2886544       accum. integral = -1.2872897    *
*  std. dev. = 0.16628622E-02   accum. std. dev = 0.25519282E-03*
*   max. wt. =   0.173273E-02                                   *
*                                                               *
**************   chi**2/iteration = 0.9190       ****************

 Writing out intermediate results for iteration          43

************* Integration by Vegas (iteration  44) **************
*                                                               *
*  integral  = -1.2857871       accum. integral = -1.2872576    *
*  std. dev. = 0.17274998E-02   accum. std. dev = 0.25245313E-03*
*   max. wt. =   0.173273E-02                                   *
*                                                               *
**************   chi**2/iteration = 0.9149       ****************

 Writing out intermediate results for iteration          44

************* Integration by Vegas (iteration  45) **************
*                                                               *
*  integral  = -1.2897327       accum. integral = -1.2873132    *
*  std. dev. = 0.16649798E-02   accum. std. dev = 0.24960025E-03*
*   max. wt. =   0.173273E-02                                   *
*                                                               *
**************   chi**2/iteration = 0.9432       ****************

 Writing out intermediate results for iteration          45

************* Integration by Vegas (iteration  46) **************
*                                                               *
*  integral  = -1.2860082       accum. integral = -1.2872830    *
*  std. dev. = 0.16209104E-02   accum. std. dev = 0.24669257E-03*
*   max. wt. =   0.173273E-02                                   *
*                                                               *
**************   chi**2/iteration = 0.9363       ****************

 Writing out intermediate results for iteration          46

************* Integration by Vegas (iteration  47) **************
*                                                               *
*  integral  = -1.2877035       accum. integral = -1.2872913    *
*  std. dev. = 0.17357901E-02   accum. std. dev = 0.24423829E-03*
*   max. wt. =   0.173273E-02                                   *
*                                                               *
**************   chi**2/iteration = 0.9172       ****************

 Writing out intermediate results for iteration          47

************* Integration by Vegas (iteration  48) **************
*                                                               *
*  integral  = -1.2873438       accum. integral = -1.2872924    *
*  std. dev. = 0.16874331E-02   accum. std. dev = 0.24171946E-03*
*   max. wt. =   0.173273E-02                                   *
*                                                               *
**************   chi**2/iteration = 0.8977       ****************

 Writing out intermediate results for iteration          48

************* Integration by Vegas (iteration  49) **************
*                                                               *
*  integral  = -1.2872581       accum. integral = -1.2872917    *
*  std. dev. = 0.16853437E-02   accum. std. dev = 0.23927101E-03*
*   max. wt. =   0.173273E-02                                   *
*                                                               *
**************   chi**2/iteration = 0.8790       ****************

 Writing out intermediate results for iteration          49

************* Integration by Vegas (iteration  50) **************
*                                                               *
*  integral  = -1.2871299       accum. integral = -1.2872884    *
*  std. dev. = 0.16592715E-02   accum. std. dev = 0.23682141E-03*
*   max. wt. =   0.173273E-02                                   *
*                                                               *
**************   chi**2/iteration = 0.8612       ****************


Value of final lord integral is       -1.2873 +/-     0.0002 fb

 Total number of shots       :     47239200
 Total no. failing cuts      :     14315640
 Number failing jet cuts     :            0
 Number failing process cuts :            0

   Jet efficiency : 100.00%
   Cut efficiency : 100.00%
 Total efficiency : 100.00%

 Contribution from parton sub-processes:
 ---------------------------------------
       GG     |          -1.28729  100.00%
       GQ     |           0.00000   -0.00%
       GQB    |           0.00000   -0.00%
       QG     |           0.00000   -0.00%
       QBG    |           0.00000   -0.00%
       QQ     |           0.00000   -0.00%
       QBQB   |           0.00000   -0.00%
       QQB    |           0.00000   -0.00%
       QBQ    |           0.00000   -0.00%
 ---------------------------------------

 ****************************************************
 output files  E_var/E_33/MSTW/TOP/HZZint_lord_mstw8lo_0___0___126_129_run_33
 ****************************************************
