 ************** MCFM - version 6.8 ****************
 *                                                *
 * MCFM, v6.8                   April 26th, 2014  *
 *                                                *
 * Authors: John Campbell, Keith Ellis,           *
 *          Ciaran Williams                       *
 *         (johnmc@fnal.gov, ellis@fnal.gov,      *
 *          ciaran@fnal.gov)                      *
 *                                                *
 * For details see:                               *
 *                                                *
 *  arXiv:1403.2641 (Triphoton production)        *
 *  arXiv:1312.1628 (gg->WW, Higgs interference)  *
 *  arXiv:1311.3589 (gg->ZZ, Higgs interference)  *
 *  Phys.Rev.D87:114006, arXiv:1302.3856          *
 *  (tZ, tH -- with R. Rontsch)                   *
 *  arXiv:1211.6390 (DM, P. Fox and C. Williams)  *
 *  JHEP 1211:162 (2012), arXiv:1208.0566         *
 *  (Z+gam+jet,Z+gam+gam -- with H. Hartanto)     *
 *  arXiv:1204.1513 (top production+decay)        *
 *  JHEP 1207:052 (2012), arXiv:1204.5678 (ttW)   *
 *  JHEP 1110:005 (2011), arXiv:1107.5569         *
 *         (gg->WW,Higgs intference)              *
 *  JHEP 1107:018 (2011), arXiv:1105.0020         *
 *         (diboson update)                       *
 *  JHEP 1103:027 (2011), arXiv:1011.6647         *
 *         (Wbb for mb>0, with S. Badger)         *
 *  Phys.Rev.D81:074023, arXiv:1001.4495 (H+2jet) *
 *                                                *
 *  P.R.L. 102:142001, arXiv:0903.0005 [hep-ph]   *
 *    (t-channel single top + explicit b,         *
 *      JC, R.Frederix, F.Maltoni, F.Tramontano)  *
 *  N.P.B 726:109(2005), hep-ph/0506289 (W+t)     *
 *  Phys.Rev.D70:094012, hep-ph/0408158 (Sngl Top)*
 *       (with Francesco Tramontano)              *
 *                                                *
 *  Phys.Rev.D65:113007, hep-ph/0202176 (W,Z+2j)  *
 *  Phys.Rev.D62:114012, hep-ph/0006304 (W,Z+bb)  *
 *  Phys.Rev.D60:113006, hep-ph/9905386 (diboson) *
 *                                                *
 * On the web:  http://mcfm.fnal.gov/             *
 **************************************************

 * Using input file named E_var/E_50/MSTW/TOP/input_129_50.DAT                                    

 * [Flags to specify the mode in which MCFM is run]                                          
 *                   -1            [nevtrequested] 
 *                    F            [creatent] 
 *                    F            [skipnt] 
 *                    F            [dswhisto] 
 *                    F            [creategrid] 
 *                    T            [writetop] 
 *                    T            [writedat] 
 *                    T            [writegnu] 
 *                    T            [writeroot] 
 *                    F            [writepwg] 

 * [General options to specify the process and execution]                                    
 *                  129            [nproc] 
 *                 lord            [part] 
 * 129_run_50                      [runstring] 
 *           50000.0000            [sqrts] 
 *                    1            [ih1] 
 *                    1            [ih2] 
 *             126.0000            [hmass] 
 *               0.5000            [scale] 
 *               0.5000            [facscale] 
 * m(3456)                         [dynamicscale] 
 *                    F            [zerowidth] 
 *                    F            [removebr] 
 *                   20            [itmx1] 
 *               500000            [ncall1] 
 *                   50            [itmx2] 
 *               500000            [ncall2] 
 *                 2020            [ij] 
 *                    F            [dryrun] 
 *                    T            [Qflag] 
 *                    T            [Gflag] 

 * [Heavy quark masses]                                                                      
 *             173.2000            [top mass] 
 *               4.7500            [bottom mass] 
 *               1.5000            [charm mass] 

 * [Pdf selection]                                                                           
 *              mstw8lo            [pdlabel] 
 *                    4            [NGROUP] 
 *                   46            [NSET] 
 * cteq6mE.LHgrid                  [LHAPDF group] 
 *                   -1            [LHAPDF set] 

 * [Jet definition and event cuts]                                                           
 *               0.0000            [m34min] 
 *           50000.0000            [m34max] 
 *               0.0000            [m56min] 
 *           50000.0000            [m56max] 
 *                    T            [inclusive] 
 *                 ankt            [algorithm] 
 *              15.0000            [ptjetmin] 
 *               0.0000            [etajetmin] 
 *               5.0000            [etajetmax] 
 *               0.5000            [Rcut] 
 *                    T            [makecuts] 
 *               0.0000            [leptpt] 
 *              99.0000            [leptrap] 
 *    0.000,   0.000                [leptveto] 
 *               0.0000            [misspt] 
 *               0.0000            [leptpt2] 
 *              99.0000            [leptrap2] 
 *    0.000,   0.000                [leptveto2] 
 *               0.0000            [mtrans34cut] 
 *               0.0000            [Rjlmin] 
 *               0.0000            [Rllmin] 
 *               0.0000            [delyjjmin] 
 *                    F            [jetsopphem] 
 *                    0            [lbjscheme] 
 *               0.0000            [ptbjetmin] 
 *              99.0000            [etabjetmax] 

 * [Settings for photon processes]                                                           
 *                    F            [frag] 
 *             GdRG__LO            [fragset] 
 *              80.0000            [frag_scale] 
 *              20.0000            [gammpt] 
 *               2.5000            [gammrap] 
 *              20.0000            [gammpt2] 
 *              20.0000            [gammpt3] 
 *               0.0000            [Rgalmin] 
 *               0.4000            [Rgagamin] 
 *               0.4000            [Rgajetmin] 
 *               0.4000            [cone_ang] 
 *               0.5000            [epsilon_h] 

 * [Anomalous couplings of the W and Z]                                                      
 *               0.0000            [delg1_z] 
 *               0.0000            [delk_z] 
 *               0.0000            [delk_g] 
 *               0.0000            [lambda_z] 
 *               0.0000            [lambda_g] 
 *               0.0000            [h1Z] 
 *               0.0000            [h1gam] 
 *               0.0000            [h2Z] 
 *               0.0000            [h2gam] 
 *               0.0000            [h3Z] 
 *               0.0000            [h3gam] 
 *               0.0000            [h4Z] 
 *               0.0000            [h4gam] 
 *               2.0000            [tevscale] 

 * [Anomalous width of the Higgs]                                                            
 *               1.0000            [Gamma_H/Gamma_H(SM)] 

 * [How to resume/save a run]                                                                
 *                    F            [readin] 
 *                    F            [writeout] 
 *                                 [ingridfile] 
 *                                 [outgridfile] 

 * [Technical parameters that should not normally be changed]

 *                    F            [debug] 
 *                    T            [verbose] 
 *                    F            [new_pspace] 
 *                    F            [virtonly] 
 *                    F            [realonly] 
 *                    T            [spira] 
 *                    F            [noglue] 
 *                    F            [ggonly] 
 *                    F            [gqonly] 
 *                    F            [omitgg] 
 *                    F            [vanillafiles] 
 *                    1            [nmin] 
 *                    2            [nmax] 
 *                    T            [clustering] 
 *                    F            [realwt] 
 *                    0            [colourchoice] 
 *               0.0100            [rtsmin] 
 *               0.0001            [cutoff] 
 *               0.1000            [aii] 
 *               0.1000            [aif] 
 *               0.1000            [afi] 
 *               1.0000            [aff] 
 *               1.0000            [bfi] 
 *               1.0000            [bff] 

 Chooser:process chosen by nproc=         129

 *************************** f(p1)+f(p2) --> ******************************************
 * H(--> Z^0(e^-(p3)+e^+(p4)) + Z^0(mu^-(p5)+mu^+(p6)) [only H, gg->ZZ intf.]         *
 **************************************************************************************

 ************** Electroweak parameters **************
 *                                                  *
 *  zmass(+)   91.1876000     wmass(+)  80.3980000  *
 * zwidth(+)    2.4952000    wwidth(+)   2.1054000  *
 *     Gf(+) 0.116639D-04   1/aemmz    132.3384323  *
 *     xw       0.2226459      mtop(+) 173.2000000  *
 *   gwsq       0.4264904       esq      0.0949563  *
 * top width    1.4743080 (LO)                      *
 *    mb        4.7500000        mc      1.5000000  *
 *                                                  *
 * Parameters marked (+) are input, others derived  *
 ****************************************************

 ****************** Higgs parameters ****************
 *                                                  *
 *   mass(H) =  126.00      width(H) =  0.43070E-02 *
 *                                                  *
 *              Br( H -> b bbar)  =   0.48164       *
 *              Br( H -> tau tau) =   0.06056       *
 *              Br( H -> W W)     =   0.00000       *
 *              Br( H -> Z Z)     =   0.00000       *
 *              Br( H -> gam gam) =   0.00235       *
 *              Br( H -> Z gam)   =   0.00164       *
 ****************************************************
 *                                                  *
 * Note: branching ratios reported here can be > 1  *
 *       since the total Higgs width is calculated  *
 *       at NLO but the BR calculation uses a       *
 *       partial width at LO only.                  *
 *                                                  *
 ****************************************************

 WARNING: Higgs decay H->ZZ is below threshold and
 may not yield sensible results - check the number
 of integration points

 ***************** CKM mixing matrix ****************
 *                                                  *
 *      Vud=.97500    Vus=.22200    Vub=0.0000      *
 *      Vcd=.22200    Vcs=.97500    Vcb=0.0000      *
 ****************************************************

 ************* Strong coupling, alpha_s  ************
 *                                                  *
 *  Dynamic scale - alpha_s changed event-by-event  *
 *       alpha_s (zmass)  0.13939000                *
 *         (using 1-loop running of alpha_s)        *
 ****************************************************

 ****************************************
 *     Cross section in femtobarns      *
 ****************************************


 input parameters for vegas:  ndim= 10  ncall= 472392.
                              it=    0  itmx=   20
                              nprn=  0  alph= 1.50
                              mds=  1   nd= 100
                              xl( 1)=   0.000     xu( 1)=   1.000    
                              xl( 2)=   0.000     xu( 2)=   1.000    
                              xl( 3)=   0.000     xu( 3)=   1.000    
                              xl( 4)=   0.000     xu( 4)=   1.000    
                              xl( 5)=   0.000     xu( 5)=   1.000    
                              xl( 6)=   0.000     xu( 6)=   1.000    
                              xl( 7)=   0.000     xu( 7)=   1.000    
                              xl( 8)=   0.000     xu( 8)=   1.000    
                              xl( 9)=   0.000     xu( 9)=   1.000    
                              xl(10)=   0.000     xu(10)=   1.000    

 ****************** Basic mass cuts *****************
 *                                                  *
 *              0.00  <   m34  <  50000.00           *
 *              0.00  <   m56  <  50000.00           *
 ****************************************************
 *********** CMS Higgs Search cuts******
 *                                     *
 *     pt(mu) >           5.00 GeV     *
 *     pt(el) >           7.00 GeV     *
 *     |eta_mu| <         2.40         *
 *     |eta_el| <         2.50         *
 *     m4lmin >         100.00 GeV     *
 *     m2lmin >           4.00 GeV     *
 *     ptleading >       20.00 GeV     *
 *     ptnexttoleading > 10.00 GeV     *
 *     mllnear >         40.00 GeV     *
 *     mllfar >          12.00 GeV     *
 *     mllmax >         120.00 GeV     *
 ***************************************

 ************** Dynamic scale choice ****************
 *                                                  *
 *                 RENORMALIZATION                  *
 *       mu_ren  =  0.50 x m(3456)                  *
 *                                                  *
 *                  FACTORIZATION                   *
 *       mu_fac  =  0.50 x m(3456)                  *
 *                                                  *
 ****************************************************
 ====================================================
   This is QCDLoop - version 1.95                    
   Authors: Keith Ellis and Giulia Zanderighi        
   (ellis@fnal.gov, g.zanderighi1@physics.ox.ac.uk)  
   For details see FERMILAB-PUB-07-633-T,OUTP-07/16P 
   arXiv:0712.1851 [hep-ph], published in            
   JHEP 0802:002,2008.                               
 ====================================================
 ====================================================
   FF 2.0, a package to evaluate one-loop integrals
 written by G. J. van Oldenborgh, NIKHEF-H, Amsterdam
 ====================================================
 for the algorithms used see preprint NIKHEF-H 89/17,
 'New Algorithms for One-loop Integrals', by G.J. van
 Oldenborgh and J.A.M. Vermaseren, published in 
 Zeitschrift fuer Physik C46(1990)425.
 ====================================================
 ffini: precx =    4.4408920985006262E-016
 ffini: precc =    4.4408920985006262E-016
 ffini: xalogm =    4.9406564584124654E-324
 ffini: xclogm =    4.9406564584124654E-324
 ****************************************************
 *                                                  *
 *  gg->ZZ box loop includes gens. 1 and 2          *
 *  gg->ZZ box loop includes bottom quark           *
 *  gg->ZZ box loop includes top quark              *
 *                                                  *
 *  Numer. stability: pt(Z) > 0.100 GeV (gens. 1,2) *
 *  Numer. stability: pt(Z) > 0.100 GeV (b,t loops) *
 *                                                  *
 ****************************************************
 Reading PDF grid from Pdfdata/mstw2008lo.00.dat

************* Integration by Vegas (iteration   1) **************
*                                                               *
*  integral  = -2.5891795       accum. integral = -2.5891795    *
*  std. dev. = 0.89276423E-01   accum. std. dev = 0.89276423E-01*
*   max. wt. =   0.972630E-02                                   *
*                                                               *
**************   chi**2/iteration =  0.000       ****************


************* Integration by Vegas (iteration   2) **************
*                                                               *
*  integral  = -2.6410603       accum. integral = -2.6400358    *
*  std. dev. = 0.12670733E-01   accum. std. dev = 0.12545014E-01*
*   max. wt. =   0.972630E-02                                   *
*                                                               *
**************   chi**2/iteration = 0.3278       ****************


************* Integration by Vegas (iteration   3) **************
*                                                               *
*  integral  = -2.6159335       accum. integral = -2.6191378    *
*  std. dev. = 0.49122762E-02   accum. std. dev = 0.45741062E-02*
*   max. wt. =   0.972630E-02                                   *
*                                                               *
**************   chi**2/iteration =  1.757       ****************


************* Integration by Vegas (iteration   4) **************
*                                                               *
*  integral  = -2.6087930       accum. integral = -2.6148421    *
*  std. dev. = 0.54279226E-02   accum. std. dev = 0.34977612E-02*
*   max. wt. =   0.972630E-02                                   *
*                                                               *
**************   chi**2/iteration =  1.879       ****************


************* Integration by Vegas (iteration   5) **************
*                                                               *
*  integral  = -2.6142155       accum. integral = -2.6146638    *
*  std. dev. = 0.55467739E-02   accum. std. dev = 0.29586335E-02*
*   max. wt. =   0.972630E-02                                   *
*                                                               *
**************   chi**2/iteration =  1.413       ****************


************* Integration by Vegas (iteration   6) **************
*                                                               *
*  integral  = -2.6201965       accum. integral = -2.6162448    *
*  std. dev. = 0.46775034E-02   accum. std. dev = 0.25004243E-02*
*   max. wt. =   0.972630E-02                                   *
*                                                               *
**************   chi**2/iteration =  1.330       ****************


************* Integration by Vegas (iteration   7) **************
*                                                               *
*  integral  = -2.6208004       accum. integral = -2.6172947    *
*  std. dev. = 0.45690904E-02   accum. std. dev = 0.21934558E-02*
*   max. wt. =   0.972630E-02                                   *
*                                                               *
**************   chi**2/iteration =  1.236       ****************


************* Integration by Vegas (iteration   8) **************
*                                                               *
*  integral  = -2.6182117       accum. integral = -2.6174526    *
*  std. dev. = 0.48098679E-02   accum. std. dev = 0.19957292E-02*
*   max. wt. =   0.972630E-02                                   *
*                                                               *
**************   chi**2/iteration =  1.064       ****************


************* Integration by Vegas (iteration   9) **************
*                                                               *
*  integral  = -2.6275181       accum. integral = -2.6190111    *
*  std. dev. = 0.46626576E-02   accum. std. dev = 0.18347281E-02*
*   max. wt. =   0.972630E-02                                   *
*                                                               *
**************   chi**2/iteration =  1.423       ****************


************* Integration by Vegas (iteration  10) **************
*                                                               *
*  integral  = -2.6272068       accum. integral = -2.6196386    *
*  std. dev. = 0.63717616E-02   accum. std. dev = 0.17630915E-02*
*   max. wt. =   0.972630E-02                                   *
*                                                               *
**************   chi**2/iteration =  1.435       ****************


************* Integration by Vegas (iteration  11) **************
*                                                               *
*  integral  = -2.6186057       accum. integral = -2.6195577    *
*  std. dev. = 0.60485280E-02   accum. std. dev = 0.16926477E-02*
*   max. wt. =   0.972630E-02                                   *
*                                                               *
**************   chi**2/iteration =  1.294       ****************


************* Integration by Vegas (iteration  12) **************
*                                                               *
*  integral  = -2.6197024       accum. integral = -2.6195730    *
*  std. dev. = 0.49211749E-02   accum. std. dev = 0.16006149E-02*
*   max. wt. =   0.972630E-02                                   *
*                                                               *
**************   chi**2/iteration =  1.176       ****************


************* Integration by Vegas (iteration  13) **************
*                                                               *
*  integral  = -2.6202376       accum. integral = -2.6196481    *
*  std. dev. = 0.44841341E-02   accum. std. dev = 0.15074578E-02*
*   max. wt. =   0.972630E-02                                   *
*                                                               *
**************   chi**2/iteration =  1.080       ****************


************* Integration by Vegas (iteration  14) **************
*                                                               *
*  integral  = -2.6147141       accum. integral = -2.6191171    *
*  std. dev. = 0.43408910E-02   accum. std. dev = 0.14240350E-02*
*   max. wt. =   0.972630E-02                                   *
*                                                               *
**************   chi**2/iteration =  1.086       ****************


************* Integration by Vegas (iteration  15) **************
*                                                               *
*  integral  = -2.6156799       accum. integral = -2.6188005    *
*  std. dev. = 0.44702609E-02   accum. std. dev = 0.13568523E-02*
*   max. wt. =   0.972630E-02                                   *
*                                                               *
**************   chi**2/iteration =  1.047       ****************


************* Integration by Vegas (iteration  16) **************
*                                                               *
*  integral  = -2.6225979       accum. integral = -2.6190891    *
*  std. dev. = 0.47306454E-02   accum. std. dev = 0.13042637E-02*
*   max. wt. =   0.972630E-02                                   *
*                                                               *
**************   chi**2/iteration =  1.016       ****************


************* Integration by Vegas (iteration  17) **************
*                                                               *
*  integral  = -2.6283493       accum. integral = -2.6197790    *
*  std. dev. = 0.45968482E-02   accum. std. dev = 0.12547364E-02*
*   max. wt. =   0.972630E-02                                   *
*                                                               *
**************   chi**2/iteration =  1.188       ****************


************* Integration by Vegas (iteration  18) **************
*                                                               *
*  integral  = -2.6189078       accum. integral = -2.6197364    *
*  std. dev. = 0.55335480E-02   accum. std. dev = 0.12236725E-02*
*   max. wt. =   0.972630E-02                                   *
*                                                               *
**************   chi**2/iteration =  1.119       ****************


************* Integration by Vegas (iteration  19) **************
*                                                               *
*  integral  = -2.6250978       accum. integral = -2.6199924    *
*  std. dev. = 0.54655137E-02   accum. std. dev = 0.11941101E-02*
*   max. wt. =   0.972630E-02                                   *
*                                                               *
**************   chi**2/iteration =  1.108       ****************


************* Integration by Vegas (iteration  20) **************
*                                                               *
*  integral  = -2.6210955       accum. integral = -2.6200613    *
*  std. dev. = 0.46245304E-02   accum. std. dev = 0.11561884E-02*
*   max. wt. =   0.972630E-02                                   *
*                                                               *
**************   chi**2/iteration =  1.052       ****************


 input parameters for vegas:  ndim= 10  ncall= 472392.
                              it=   21  itmx=   50
                              nprn=  0  alph= 1.50
                              mds=  1   nd= 100
                              xl( 1)=   0.000     xu( 1)=   1.000    
                              xl( 2)=   0.000     xu( 2)=   1.000    
                              xl( 3)=   0.000     xu( 3)=   1.000    
                              xl( 4)=   0.000     xu( 4)=   1.000    
                              xl( 5)=   0.000     xu( 5)=   1.000    
                              xl( 6)=   0.000     xu( 6)=   1.000    
                              xl( 7)=   0.000     xu( 7)=   1.000    
                              xl( 8)=   0.000     xu( 8)=   1.000    
                              xl( 9)=   0.000     xu( 9)=   1.000    
                              xl(10)=   0.000     xu(10)=   1.000    

************* Integration by Vegas (iteration   1) **************
*                                                               *
*  integral  = -2.6089637       accum. integral = -2.6089637    *
*  std. dev. = 0.43943870E-02   accum. std. dev = 0.43943870E-02*
*   max. wt. =   0.432189E-03                                   *
*                                                               *
**************   chi**2/iteration = 0.1164E-07   ****************

 Writing out intermediate results for iteration           1

************* Integration by Vegas (iteration   2) **************
*                                                               *
*  integral  = -2.6276893       accum. integral = -2.6172607    *
*  std. dev. = 0.49266445E-02   accum. std. dev = 0.32793943E-02*
*   max. wt. =   0.154135E-02                                   *
*                                                               *
**************   chi**2/iteration =  7.966       ****************

 Writing out intermediate results for iteration           2

************* Integration by Vegas (iteration   3) **************
*                                                               *
*  integral  = -2.6242864       accum. integral = -2.6195187    *
*  std. dev. = 0.47652931E-02   accum. std. dev = 0.27014966E-02*
*   max. wt. =   0.154135E-02                                   *
*                                                               *
**************   chi**2/iteration =  4.737       ****************

 Writing out intermediate results for iteration           3

************* Integration by Vegas (iteration   4) **************
*                                                               *
*  integral  = -2.6120139       accum. integral = -2.6181615    *
*  std. dev. = 0.57494685E-02   accum. std. dev = 0.24450418E-02*
*   max. wt. =   0.364689E-02                                   *
*                                                               *
**************   chi**2/iteration =  3.627       ****************

 Writing out intermediate results for iteration           4

************* Integration by Vegas (iteration   5) **************
*                                                               *
*  integral  = -2.6132438       accum. integral = -2.6173440    *
*  std. dev. = 0.54761042E-02   accum. std. dev = 0.22326068E-02*
*   max. wt. =   0.364689E-02                                   *
*                                                               *
**************   chi**2/iteration =  2.890       ****************

 Writing out intermediate results for iteration           5

************* Integration by Vegas (iteration   6) **************
*                                                               *
*  integral  = -2.6245314       accum. integral = -2.6187405    *
*  std. dev. = 0.45463576E-02   accum. std. dev = 0.20040065E-02*
*   max. wt. =   0.364689E-02                                   *
*                                                               *
**************   chi**2/iteration =  2.715       ****************

 Writing out intermediate results for iteration           6

************* Integration by Vegas (iteration   7) **************
*                                                               *
*  integral  = -2.6248735       accum. integral = -2.6198211    *
*  std. dev. = 0.43333587E-02   accum. std. dev = 0.18189180E-02*
*   max. wt. =   0.364689E-02                                   *
*                                                               *
**************   chi**2/iteration =  2.538       ****************

 Writing out intermediate results for iteration           7

************* Integration by Vegas (iteration   8) **************
*                                                               *
*  integral  = -2.6224041       accum. integral = -2.6202261    *
*  std. dev. = 0.42180155E-02   accum. std. dev = 0.16702399E-02*
*   max. wt. =   0.364689E-02                                   *
*                                                               *
**************   chi**2/iteration =  2.221       ****************

 Writing out intermediate results for iteration           8

************* Integration by Vegas (iteration   9) **************
*                                                               *
*  integral  = -2.6128628       accum. integral = -2.6192927    *
*  std. dev. = 0.43836428E-02   accum. std. dev = 0.15607855E-02*
*   max. wt. =   0.364689E-02                                   *
*                                                               *
**************   chi**2/iteration =  2.251       ****************

 Writing out intermediate results for iteration           9

************* Integration by Vegas (iteration  10) **************
*                                                               *
*  integral  = -2.6191619       accum. integral = -2.6192801    *
*  std. dev. = 0.47872141E-02   accum. std. dev = 0.14839093E-02*
*   max. wt. =   0.364689E-02                                   *
*                                                               *
**************   chi**2/iteration =  2.001       ****************

 Writing out intermediate results for iteration          10

************* Integration by Vegas (iteration  11) **************
*                                                               *
*  integral  = -2.6238244       accum. integral = -2.6196309    *
*  std. dev. = 0.51306464E-02   accum. std. dev = 0.14254850E-02*
*   max. wt. =   0.364689E-02                                   *
*                                                               *
**************   chi**2/iteration =  1.874       ****************

 Writing out intermediate results for iteration          11

************* Integration by Vegas (iteration  12) **************
*                                                               *
*  integral  = -2.6152576       accum. integral = -2.6192985    *
*  std. dev. = 0.49698493E-02   accum. std. dev = 0.13702347E-02*
*   max. wt. =   0.364689E-02                                   *
*                                                               *
**************   chi**2/iteration =  1.769       ****************

 Writing out intermediate results for iteration          12

************* Integration by Vegas (iteration  13) **************
*                                                               *
*  integral  = -2.6167748       accum. integral = -2.6190844    *
*  std. dev. = 0.45009203E-02   accum. std. dev = 0.13108361E-02*
*   max. wt. =   0.364689E-02                                   *
*                                                               *
**************   chi**2/iteration =  1.645       ****************

 Writing out intermediate results for iteration          13

************* Integration by Vegas (iteration  14) **************
*                                                               *
*  integral  = -2.6149846       accum. integral = -2.6187482    *
*  std. dev. = 0.43855238E-02   accum. std. dev = 0.12559327E-02*
*   max. wt. =   0.364689E-02                                   *
*                                                               *
**************   chi**2/iteration =  1.581       ****************

 Writing out intermediate results for iteration          14

************* Integration by Vegas (iteration  15) **************
*                                                               *
*  integral  = -2.6192981       accum. integral = -2.6187849    *
*  std. dev. = 0.46953788E-02   accum. std. dev = 0.12132792E-02*
*   max. wt. =   0.364689E-02                                   *
*                                                               *
**************   chi**2/iteration =  1.469       ****************

 Writing out intermediate results for iteration          15

************* Integration by Vegas (iteration  16) **************
*                                                               *
*  integral  = -2.6182085       accum. integral = -2.6187501    *
*  std. dev. = 0.47913702E-02   accum. std. dev = 0.11761567E-02*
*   max. wt. =   0.364689E-02                                   *
*                                                               *
**************   chi**2/iteration =  1.372       ****************

 Writing out intermediate results for iteration          16

************* Integration by Vegas (iteration  17) **************
*                                                               *
*  integral  = -2.6207300       accum. integral = -2.6188624    *
*  std. dev. = 0.47963997E-02   accum. std. dev = 0.11423137E-02*
*   max. wt. =   0.364689E-02                                   *
*                                                               *
**************   chi**2/iteration =  1.296       ****************

 Writing out intermediate results for iteration          17

************* Integration by Vegas (iteration  18) **************
*                                                               *
*  integral  = -2.6220976       accum. integral = -2.6190438    *
*  std. dev. = 0.46877962E-02   accum. std. dev = 0.11098382E-02*
*   max. wt. =   0.364689E-02                                   *
*                                                               *
**************   chi**2/iteration =  1.246       ****************

 Writing out intermediate results for iteration          18

************* Integration by Vegas (iteration  19) **************
*                                                               *
*  integral  = -2.6199125       accum. integral = -2.6190954    *
*  std. dev. = 0.44144858E-02   accum. std. dev = 0.10763436E-02*
*   max. wt. =   0.364689E-02                                   *
*                                                               *
**************   chi**2/iteration =  1.179       ****************

 Writing out intermediate results for iteration          19

************* Integration by Vegas (iteration  20) **************
*                                                               *
*  integral  = -2.6205812       accum. integral = -2.6191684    *
*  std. dev. = 0.47362445E-02   accum. std. dev = 0.10495817E-02*
*   max. wt. =   0.364689E-02                                   *
*                                                               *
**************   chi**2/iteration =  1.122       ****************

 Writing out intermediate results for iteration          20

************* Integration by Vegas (iteration  21) **************
*                                                               *
*  integral  = -2.6128388       accum. integral = -2.6188492    *
*  std. dev. = 0.45545267E-02   accum. std. dev = 0.10227751E-02*
*   max. wt. =   0.364689E-02                                   *
*                                                               *
**************   chi**2/iteration =  1.158       ****************

 Writing out intermediate results for iteration          21

************* Integration by Vegas (iteration  22) **************
*                                                               *
*  integral  = -2.6152508       accum. integral = -2.6187251    *
*  std. dev. = 0.54119309E-02   accum. std. dev = 0.10049858E-02*
*   max. wt. =   0.364689E-02                                   *
*                                                               *
**************   chi**2/iteration =  1.123       ****************

 Writing out intermediate results for iteration          22

************* Integration by Vegas (iteration  23) **************
*                                                               *
*  integral  = -2.6264073       accum. integral = -2.6189676    *
*  std. dev. = 0.55661403E-02   accum. std. dev = 0.98899467E-03*
*   max. wt. =   0.364689E-02                                   *
*                                                               *
**************   chi**2/iteration =  1.156       ****************

 Writing out intermediate results for iteration          23

************* Integration by Vegas (iteration  24) **************
*                                                               *
*  integral  = -2.6250683       accum. integral = -2.6192074    *
*  std. dev. = 0.48892350E-02   accum. std. dev = 0.96936169E-03*
*   max. wt. =   0.364689E-02                                   *
*                                                               *
**************   chi**2/iteration =  1.170       ****************

 Writing out intermediate results for iteration          24

************* Integration by Vegas (iteration  25) **************
*                                                               *
*  integral  = -2.6214087       accum. integral = -2.6193032    *
*  std. dev. = 0.45448068E-02   accum. std. dev = 0.94803718E-03*
*   max. wt. =   0.364689E-02                                   *
*                                                               *
**************   chi**2/iteration =  1.131       ****************

 Writing out intermediate results for iteration          25

************* Integration by Vegas (iteration  26) **************
*                                                               *
*  integral  = -2.6178184       accum. integral = -2.6192392    *
*  std. dev. = 0.44651144E-02   accum. std. dev = 0.92736471E-03*
*   max. wt. =   0.364689E-02                                   *
*                                                               *
**************   chi**2/iteration =  1.090       ****************

 Writing out intermediate results for iteration          26

************* Integration by Vegas (iteration  27) **************
*                                                               *
*  integral  = -2.6252835       accum. integral = -2.6194779    *
*  std. dev. = 0.45733682E-02   accum. std. dev = 0.90886766E-03*
*   max. wt. =   0.364689E-02                                   *
*                                                               *
**************   chi**2/iteration =  1.113       ****************

 Writing out intermediate results for iteration          27

************* Integration by Vegas (iteration  28) **************
*                                                               *
*  integral  = -2.6137472       accum. integral = -2.6192838    *
*  std. dev. = 0.48545757E-02   accum. std. dev = 0.89334622E-03*
*   max. wt. =   0.364689E-02                                   *
*                                                               *
**************   chi**2/iteration =  1.121       ****************

 Writing out intermediate results for iteration          28

************* Integration by Vegas (iteration  29) **************
*                                                               *
*  integral  = -2.6214262       accum. integral = -2.6193581    *
*  std. dev. = 0.47127088E-02   accum. std. dev = 0.87771574E-03*
*   max. wt. =   0.364689E-02                                   *
*                                                               *
**************   chi**2/iteration =  1.088       ****************

 Writing out intermediate results for iteration          29

************* Integration by Vegas (iteration  30) **************
*                                                               *
*  integral  = -2.6148074       accum. integral = -2.6192002    *
*  std. dev. = 0.46286915E-02   accum. std. dev = 0.86234864E-03*
*   max. wt. =   0.364689E-02                                   *
*                                                               *
**************   chi**2/iteration =  1.083       ****************

 Writing out intermediate results for iteration          30

************* Integration by Vegas (iteration  31) **************
*                                                               *
*  integral  = -2.6303044       accum. integral = -2.6195650    *
*  std. dev. = 0.46789639E-02   accum. std. dev = 0.84806550E-03*
*   max. wt. =   0.364689E-02                                   *
*                                                               *
**************   chi**2/iteration =  1.228       ****************

 Writing out intermediate results for iteration          31

************* Integration by Vegas (iteration  32) **************
*                                                               *
*  integral  = -2.6196517       accum. integral = -2.6195674    *
*  std. dev. = 0.50102045E-02   accum. std. dev = 0.83617130E-03*
*   max. wt. =   0.364689E-02                                   *
*                                                               *
**************   chi**2/iteration =  1.189       ****************

 Writing out intermediate results for iteration          32

************* Integration by Vegas (iteration  33) **************
*                                                               *
*  integral  = -2.6135249       accum. integral = -2.6194024    *
*  std. dev. = 0.49903571E-02   accum. std. dev = 0.82467486E-03*
*   max. wt. =   0.364689E-02                                   *
*                                                               *
**************   chi**2/iteration =  1.196       ****************

 Writing out intermediate results for iteration          33

************* Integration by Vegas (iteration  34) **************
*                                                               *
*  integral  = -2.6139136       accum. integral = -2.6192364    *
*  std. dev. = 0.46704434E-02   accum. std. dev = 0.81211198E-03*
*   max. wt. =   0.364689E-02                                   *
*                                                               *
**************   chi**2/iteration =  1.201       ****************

 Writing out intermediate results for iteration          34

************* Integration by Vegas (iteration  35) **************
*                                                               *
*  integral  = -2.6121883       accum. integral = -2.6190520    *
*  std. dev. = 0.49539107E-02   accum. std. dev = 0.80141469E-03*
*   max. wt. =   0.364689E-02                                   *
*                                                               *
**************   chi**2/iteration =  1.223       ****************

 Writing out intermediate results for iteration          35

************* Integration by Vegas (iteration  36) **************
*                                                               *
*  integral  = -2.6236239       accum. integral = -2.6191783    *
*  std. dev. = 0.47545124E-02   accum. std. dev = 0.79026677E-03*
*   max. wt. =   0.364689E-02                                   *
*                                                               *
**************   chi**2/iteration =  1.214       ****************

 Writing out intermediate results for iteration          36

************* Integration by Vegas (iteration  37) **************
*                                                               *
*  integral  = -2.6093921       accum. integral = -2.6190453    *
*  std. dev. = 0.67319922E-02   accum. std. dev = 0.78487733E-03*
*   max. wt. =   0.480454E-02                                   *
*                                                               *
**************   chi**2/iteration =  1.238       ****************

 Writing out intermediate results for iteration          37

************* Integration by Vegas (iteration  38) **************
*                                                               *
*  integral  = -2.6274715       accum. integral = -2.6191771    *
*  std. dev. = 0.62252333E-02   accum. std. dev = 0.77871246E-03*
*   max. wt. =   0.480454E-02                                   *
*                                                               *
**************   chi**2/iteration =  1.253       ****************

 Writing out intermediate results for iteration          38

************* Integration by Vegas (iteration  39) **************
*                                                               *
*  integral  = -2.6225337       accum. integral = -2.6192583    *
*  std. dev. = 0.49472158E-02   accum. std. dev = 0.76924138E-03*
*   max. wt. =   0.480454E-02                                   *
*                                                               *
**************   chi**2/iteration =  1.232       ****************

 Writing out intermediate results for iteration          39

************* Integration by Vegas (iteration  40) **************
*                                                               *
*  integral  = -2.6146155       accum. integral = -2.6191296    *
*  std. dev. = 0.45559354E-02   accum. std. dev = 0.75850553E-03*
*   max. wt. =   0.480454E-02                                   *
*                                                               *
**************   chi**2/iteration =  1.227       ****************

 Writing out intermediate results for iteration          40

************* Integration by Vegas (iteration  41) **************
*                                                               *
*  integral  = -2.6162055       accum. integral = -2.6190496    *
*  std. dev. = 0.45219003E-02   accum. std. dev = 0.74805458E-03*
*   max. wt. =   0.480454E-02                                   *
*                                                               *
**************   chi**2/iteration =  1.206       ****************

 Writing out intermediate results for iteration          41

************* Integration by Vegas (iteration  42) **************
*                                                               *
*  integral  = -2.6153656       accum. integral = -2.6189603    *
*  std. dev. = 0.47482845E-02   accum. std. dev = 0.73894072E-03*
*   max. wt. =   0.480454E-02                                   *
*                                                               *
**************   chi**2/iteration =  1.191       ****************

 Writing out intermediate results for iteration          42

************* Integration by Vegas (iteration  43) **************
*                                                               *
*  integral  = -2.6128878       accum. integral = -2.6188319    *
*  std. dev. = 0.50271078E-02   accum. std. dev = 0.73108486E-03*
*   max. wt. =   0.480454E-02                                   *
*                                                               *
**************   chi**2/iteration =  1.197       ****************

 Writing out intermediate results for iteration          43

************* Integration by Vegas (iteration  44) **************
*                                                               *
*  integral  = -2.6223172       accum. integral = -2.6189088    *
*  std. dev. = 0.48661751E-02   accum. std. dev = 0.72297112E-03*
*   max. wt. =   0.480454E-02                                   *
*                                                               *
**************   chi**2/iteration =  1.180       ****************

 Writing out intermediate results for iteration          44

************* Integration by Vegas (iteration  45) **************
*                                                               *
*  integral  = -2.6155672       accum. integral = -2.6188360    *
*  std. dev. = 0.48445932E-02   accum. std. dev = 0.71505273E-03*
*   max. wt. =   0.480454E-02                                   *
*                                                               *
**************   chi**2/iteration =  1.164       ****************

 Writing out intermediate results for iteration          45

************* Integration by Vegas (iteration  46) **************
*                                                               *
*  integral  = -2.6169817       accum. integral = -2.6187935    *
*  std. dev. = 0.46657021E-02   accum. std. dev = 0.70680031E-03*
*   max. wt. =   0.480454E-02                                   *
*                                                               *
**************   chi**2/iteration =  1.142       ****************

 Writing out intermediate results for iteration          46

************* Integration by Vegas (iteration  47) **************
*                                                               *
*  integral  = -2.6303292       accum. integral = -2.6189989    *
*  std. dev. = 0.52496179E-02   accum. std. dev = 0.70047985E-03*
*   max. wt. =   0.480454E-02                                   *
*                                                               *
**************   chi**2/iteration =  1.220       ****************

 Writing out intermediate results for iteration          47

************* Integration by Vegas (iteration  48) **************
*                                                               *
*  integral  = -2.6281780       accum. integral = -2.6191403    *
*  std. dev. = 0.55997554E-02   accum. std. dev = 0.69506286E-03*
*   max. wt. =   0.480454E-02                                   *
*                                                               *
**************   chi**2/iteration =  1.250       ****************

 Writing out intermediate results for iteration          48

************* Integration by Vegas (iteration  49) **************
*                                                               *
*  integral  = -2.6220808       accum. integral = -2.6191934    *
*  std. dev. = 0.51254844E-02   accum. std. dev = 0.68875863E-03*
*   max. wt. =   0.480454E-02                                   *
*                                                               *
**************   chi**2/iteration =  1.231       ****************

 Writing out intermediate results for iteration          49

************* Integration by Vegas (iteration  50) **************
*                                                               *
*  integral  = -2.6225305       accum. integral = -2.6192555    *
*  std. dev. = 0.50000734E-02   accum. std. dev = 0.68231558E-03*
*   max. wt. =   0.480454E-02                                   *
*                                                               *
**************   chi**2/iteration =  1.215       ****************


Value of final lord integral is       -2.6193 +/-     0.0007 fb

 Total number of shots       :     23619600
 Total no. failing cuts      :      7228659
 Number failing jet cuts     :            0
 Number failing process cuts :            0

   Jet efficiency : 100.00%
   Cut efficiency : 100.00%
 Total efficiency : 100.00%

 Contribution from parton sub-processes:
 ---------------------------------------
       GG     |          -2.61926  100.00%
       GQ     |           0.00000   -0.00%
       GQB    |           0.00000   -0.00%
       QG     |           0.00000   -0.00%
       QBG    |           0.00000   -0.00%
       QQ     |           0.00000   -0.00%
       QBQB   |           0.00000   -0.00%
       QQB    |           0.00000   -0.00%
       QBQ    |           0.00000   -0.00%
 ---------------------------------------

 ****************************************************
 output files  E_var/E_50/MSTW/TOP/HZZint_lord_mstw8lo_0___0___126_129_run_50
 ****************************************************
