 ************** MCFM - version 6.8 ****************
 *                                                *
 * MCFM, v6.8                   April 26th, 2014  *
 *                                                *
 * Authors: John Campbell, Keith Ellis,           *
 *          Ciaran Williams                       *
 *         (johnmc@fnal.gov, ellis@fnal.gov,      *
 *          ciaran@fnal.gov)                      *
 *                                                *
 * For details see:                               *
 *                                                *
 *  arXiv:1403.2641 (Triphoton production)        *
 *  arXiv:1312.1628 (gg->WW, Higgs interference)  *
 *  arXiv:1311.3589 (gg->ZZ, Higgs interference)  *
 *  Phys.Rev.D87:114006, arXiv:1302.3856          *
 *  (tZ, tH -- with R. Rontsch)                   *
 *  arXiv:1211.6390 (DM, P. Fox and C. Williams)  *
 *  JHEP 1211:162 (2012), arXiv:1208.0566         *
 *  (Z+gam+jet,Z+gam+gam -- with H. Hartanto)     *
 *  arXiv:1204.1513 (top production+decay)        *
 *  JHEP 1207:052 (2012), arXiv:1204.5678 (ttW)   *
 *  JHEP 1110:005 (2011), arXiv:1107.5569         *
 *         (gg->WW,Higgs intference)              *
 *  JHEP 1107:018 (2011), arXiv:1105.0020         *
 *         (diboson update)                       *
 *  JHEP 1103:027 (2011), arXiv:1011.6647         *
 *         (Wbb for mb>0, with S. Badger)         *
 *  Phys.Rev.D81:074023, arXiv:1001.4495 (H+2jet) *
 *                                                *
 *  P.R.L. 102:142001, arXiv:0903.0005 [hep-ph]   *
 *    (t-channel single top + explicit b,         *
 *      JC, R.Frederix, F.Maltoni, F.Tramontano)  *
 *  N.P.B 726:109(2005), hep-ph/0506289 (W+t)     *
 *  Phys.Rev.D70:094012, hep-ph/0408158 (Sngl Top)*
 *       (with Francesco Tramontano)              *
 *                                                *
 *  Phys.Rev.D65:113007, hep-ph/0202176 (W,Z+2j)  *
 *  Phys.Rev.D62:114012, hep-ph/0006304 (W,Z+bb)  *
 *  Phys.Rev.D60:113006, hep-ph/9905386 (diboson) *
 *                                                *
 * On the web:  http://mcfm.fnal.gov/             *
 **************************************************

 * Using input file named E_var/E_33/MSTW/HTOP/input_131_33.DAT                                   

 * [Flags to specify the mode in which MCFM is run]                                          
 *                   -1            [nevtrequested] 
 *                    F            [creatent] 
 *                    F            [skipnt] 
 *                    F            [dswhisto] 
 *                    F            [creategrid] 
 *                    T            [writetop] 
 *                    T            [writedat] 
 *                    T            [writegnu] 
 *                    T            [writeroot] 
 *                    F            [writepwg] 

 * [General options to specify the process and execution]                                    
 *                  131            [nproc] 
 *                 lord            [part] 
 * 131_run_33                      [runstring] 
 *           33000.0000            [sqrts] 
 *                    1            [ih1] 
 *                    1            [ih2] 
 *             126.0000            [hmass] 
 *               0.5000            [scale] 
 *               0.5000            [facscale] 
 * m(3456)                         [dynamicscale] 
 *                    F            [zerowidth] 
 *                    F            [removebr] 
 *                   20            [itmx1] 
 *              1000000            [ncall1] 
 *                   50            [itmx2] 
 *              1000000            [ncall2] 
 *                 2020            [ij] 
 *                    F            [dryrun] 
 *                    T            [Qflag] 
 *                    T            [Gflag] 

 * [Heavy quark masses]                                                                      
 *             173.2000            [top mass] 
 *               4.7500            [bottom mass] 
 *               1.5000            [charm mass] 

 * [Pdf selection]                                                                           
 *              mstw8lo            [pdlabel] 
 *                    4            [NGROUP] 
 *                   46            [NSET] 
 * cteq6mE.LHgrid                  [LHAPDF group] 
 *                   -1            [LHAPDF set] 

 * [Jet definition and event cuts]                                                           
 *               0.0000            [m34min] 
 *           33000.0000            [m34max] 
 *               0.0000            [m56min] 
 *           33000.0000            [m56max] 
 *                    T            [inclusive] 
 *                 ankt            [algorithm] 
 *              15.0000            [ptjetmin] 
 *               0.0000            [etajetmin] 
 *               5.0000            [etajetmax] 
 *               0.5000            [Rcut] 
 *                    T            [makecuts] 
 *               0.0000            [leptpt] 
 *              99.0000            [leptrap] 
 *    0.000,   0.000                [leptveto] 
 *               0.0000            [misspt] 
 *               0.0000            [leptpt2] 
 *              99.0000            [leptrap2] 
 *    0.000,   0.000                [leptveto2] 
 *               0.0000            [mtrans34cut] 
 *               0.0000            [Rjlmin] 
 *               0.0000            [Rllmin] 
 *               0.0000            [delyjjmin] 
 *                    F            [jetsopphem] 
 *                    0            [lbjscheme] 
 *               0.0000            [ptbjetmin] 
 *              99.0000            [etabjetmax] 

 * [Settings for photon processes]                                                           
 *                    F            [frag] 
 *             GdRG__LO            [fragset] 
 *              80.0000            [frag_scale] 
 *              20.0000            [gammpt] 
 *               2.5000            [gammrap] 
 *              20.0000            [gammpt2] 
 *              20.0000            [gammpt3] 
 *               0.0000            [Rgalmin] 
 *               0.4000            [Rgagamin] 
 *               0.4000            [Rgajetmin] 
 *               0.4000            [cone_ang] 
 *               0.5000            [epsilon_h] 

 * [Anomalous couplings of the W and Z]                                                      
 *               0.0000            [delg1_z] 
 *               0.0000            [delk_z] 
 *               0.0000            [delk_g] 
 *               0.0000            [lambda_z] 
 *               0.0000            [lambda_g] 
 *               0.0000            [h1Z] 
 *               0.0000            [h1gam] 
 *               0.0000            [h2Z] 
 *               0.0000            [h2gam] 
 *               0.0000            [h3Z] 
 *               0.0000            [h3gam] 
 *               0.0000            [h4Z] 
 *               0.0000            [h4gam] 
 *               2.0000            [tevscale] 

 * [Anomalous width of the Higgs]                                                            
 *               1.0000            [Gamma_H/Gamma_H(SM)] 

 * [How to resume/save a run]                                                                
 *                    F            [readin] 
 *                    F            [writeout] 
 *                                 [ingridfile] 
 *                                 [outgridfile] 

 * [Technical parameters that should not normally be changed]

 *                    F            [debug] 
 *                    T            [verbose] 
 *                    F            [new_pspace] 
 *                    F            [virtonly] 
 *                    F            [realonly] 
 *                    T            [spira] 
 *                    F            [noglue] 
 *                    F            [ggonly] 
 *                    F            [gqonly] 
 *                    F            [omitgg] 
 *                    F            [vanillafiles] 
 *                    1            [nmin] 
 *                    2            [nmax] 
 *                    T            [clustering] 
 *                    F            [realwt] 
 *                    0            [colourchoice] 
 *               0.0100            [rtsmin] 
 *               0.0001            [cutoff] 
 *               0.1000            [aii] 
 *               0.1000            [aif] 
 *               0.1000            [afi] 
 *               1.0000            [aff] 
 *               1.0000            [bfi] 
 *               1.0000            [bff] 

 Chooser:process chosen by nproc=         131

 *************************** f(p1)+f(p2) --> ******************************************
 * Z^0(e^-(p3)+e^+(p4)) + Z^0(mu^-(p5)+mu^+(p6) [gg only, (H + gg->ZZ) squared]       *
 **************************************************************************************

 ************** Electroweak parameters **************
 *                                                  *
 *  zmass(+)   91.1876000     wmass(+)  80.3980000  *
 * zwidth(+)    2.4952000    wwidth(+)   2.1054000  *
 *     Gf(+) 0.116639D-04   1/aemmz    132.3384323  *
 *     xw       0.2226459      mtop(+) 173.2000000  *
 *   gwsq       0.4264904       esq      0.0949563  *
 * top width    1.4743080 (LO)                      *
 *    mb        4.7500000        mc      1.5000000  *
 *                                                  *
 * Parameters marked (+) are input, others derived  *
 ****************************************************

 ****************** Higgs parameters ****************
 *                                                  *
 *   mass(H) =  126.00      width(H) =  0.43070E-02 *
 *                                                  *
 *              Br( H -> b bbar)  =   0.48164       *
 *              Br( H -> tau tau) =   0.06056       *
 *              Br( H -> W W)     =   0.00000       *
 *              Br( H -> Z Z)     =   0.00000       *
 *              Br( H -> gam gam) =   0.00235       *
 *              Br( H -> Z gam)   =   0.00164       *
 ****************************************************
 *                                                  *
 * Note: branching ratios reported here can be > 1  *
 *       since the total Higgs width is calculated  *
 *       at NLO but the BR calculation uses a       *
 *       partial width at LO only.                  *
 *                                                  *
 ****************************************************

 WARNING: Higgs decay H->ZZ is below threshold and
 may not yield sensible results - check the number
 of integration points

 ***************** CKM mixing matrix ****************
 *                                                  *
 *      Vud=.97500    Vus=.22200    Vub=0.0000      *
 *      Vcd=.22200    Vcs=.97500    Vcb=0.0000      *
 ****************************************************

 ************* Strong coupling, alpha_s  ************
 *                                                  *
 *  Dynamic scale - alpha_s changed event-by-event  *
 *       alpha_s (zmass)  0.13939000                *
 *         (using 1-loop running of alpha_s)        *
 ****************************************************

 ****************************************
 *     Cross section in femtobarns      *
 ****************************************


 input parameters for vegas:  ndim= 10  ncall= 944784.
                              it=    0  itmx=   20
                              nprn=  0  alph= 1.50
                              mds=  1   nd= 100
                              xl( 1)=   0.000     xu( 1)=   1.000    
                              xl( 2)=   0.000     xu( 2)=   1.000    
                              xl( 3)=   0.000     xu( 3)=   1.000    
                              xl( 4)=   0.000     xu( 4)=   1.000    
                              xl( 5)=   0.000     xu( 5)=   1.000    
                              xl( 6)=   0.000     xu( 6)=   1.000    
                              xl( 7)=   0.000     xu( 7)=   1.000    
                              xl( 8)=   0.000     xu( 8)=   1.000    
                              xl( 9)=   0.000     xu( 9)=   1.000    
                              xl(10)=   0.000     xu(10)=   1.000    

 ****************** Basic mass cuts *****************
 *                                                  *
 *              0.00  <   m34  <  33000.00           *
 *              0.00  <   m56  <  33000.00           *
 ****************************************************
 *********** CMS Higgs Search cuts******
 *                                     *
 *     pt(mu) >           5.00 GeV     *
 *     pt(el) >           7.00 GeV     *
 *     |eta_mu| <         2.40         *
 *     |eta_el| <         2.50         *
 *     m4lmin >         100.00 GeV     *
 *     m2lmin >           4.00 GeV     *
 *     ptleading >       20.00 GeV     *
 *     ptnexttoleading > 10.00 GeV     *
 *     mllnear >         40.00 GeV     *
 *     mllfar >          12.00 GeV     *
 *     mllmax >         120.00 GeV     *
 ***************************************

 ************** Dynamic scale choice ****************
 *                                                  *
 *                 RENORMALIZATION                  *
 *       mu_ren  =  0.50 x m(3456)                  *
 *                                                  *
 *                  FACTORIZATION                   *
 *       mu_fac  =  0.50 x m(3456)                  *
 *                                                  *
 ****************************************************
 ====================================================
   This is QCDLoop - version 1.95                    
   Authors: Keith Ellis and Giulia Zanderighi        
   (ellis@fnal.gov, g.zanderighi1@physics.ox.ac.uk)  
   For details see FERMILAB-PUB-07-633-T,OUTP-07/16P 
   arXiv:0712.1851 [hep-ph], published in            
   JHEP 0802:002,2008.                               
 ====================================================
 ====================================================
   FF 2.0, a package to evaluate one-loop integrals
 written by G. J. van Oldenborgh, NIKHEF-H, Amsterdam
 ====================================================
 for the algorithms used see preprint NIKHEF-H 89/17,
 'New Algorithms for One-loop Integrals', by G.J. van
 Oldenborgh and J.A.M. Vermaseren, published in 
 Zeitschrift fuer Physik C46(1990)425.
 ====================================================
 ffini: precx =   4.44089209850062616E-016
 ffini: precc =   4.44089209850062616E-016
 ffini: xalogm =   4.94065645841246544E-324
 ffini: xclogm =   4.94065645841246544E-324
 ****************************************************
 *                                                  *
 *  gg->ZZ box loop includes gens. 1 and 2          *
 *  gg->ZZ box loop includes bottom quark           *
 *  gg->ZZ box loop includes top quark              *
 *                                                  *
 *  Numer. stability: pt(Z) > 0.100 GeV (gens. 1,2) *
 *  Numer. stability: pt(Z) > 0.100 GeV (b,t loops) *
 *                                                  *
 ****************************************************
 Reading PDF grid from Pdfdata/mstw2008lo.00.dat

************* Integration by Vegas (iteration   1) **************
*                                                               *
*  integral  =  12.091675       accum. integral =  12.091675    *
*  std. dev. = 0.36779708       accum. std. dev = 0.36779708    *
*   max. wt. =   0.202273                                       *
*                                                               *
**************   chi**2/iteration =  0.000       ****************


************* Integration by Vegas (iteration   2) **************
*                                                               *
*  integral  =  12.964691       accum. integral =  12.561777    *
*  std. dev. = 0.34050127       accum. std. dev = 0.24986391    *
*   max. wt. =   0.202273                                       *
*                                                               *
**************   chi**2/iteration =  3.004       ****************


************* Integration by Vegas (iteration   3) **************
*                                                               *
*  integral  =  12.520997       accum. integral =  12.526066    *
*  std. dev. = 0.94137150E-01   accum. std. dev = 0.88092466E-01*
*   max. wt. =   0.202273                                       *
*                                                               *
**************   chi**2/iteration =  1.521       ****************


************* Integration by Vegas (iteration   4) **************
*                                                               *
*  integral  =  12.435706       accum. integral =  12.443950    *
*  std. dev. = 0.27912099E-01   accum. std. dev = 0.26608378E-01*
*   max. wt. =   0.202273                                       *
*                                                               *
**************   chi**2/iteration =  1.333       ****************


************* Integration by Vegas (iteration   5) **************
*                                                               *
*  integral  =  12.455848       accum. integral =  12.451787    *
*  std. dev. = 0.19151818E-01   accum. std. dev = 0.15544079E-01*
*   max. wt. =   0.202273                                       *
*                                                               *
**************   chi**2/iteration =  1.034       ****************


************* Integration by Vegas (iteration   6) **************
*                                                               *
*  integral  =  12.464832       accum. integral =  12.457626    *
*  std. dev. = 0.17267974E-01   accum. std. dev = 0.11552857E-01*
*   max. wt. =   0.202273                                       *
*                                                               *
**************   chi**2/iteration = 0.8903       ****************


************* Integration by Vegas (iteration   7) **************
*                                                               *
*  integral  =  12.428204       accum. integral =  12.448501    *
*  std. dev. = 0.17229905E-01   accum. std. dev = 0.95954947E-02*
*   max. wt. =   0.202273                                       *
*                                                               *
**************   chi**2/iteration =  1.077       ****************


************* Integration by Vegas (iteration   8) **************
*                                                               *
*  integral  =  12.424412       accum. integral =  12.442517    *
*  std. dev. = 0.16691499E-01   accum. std. dev = 0.83188508E-02*
*   max. wt. =   0.202273                                       *
*                                                               *
**************   chi**2/iteration =  1.147       ****************


************* Integration by Vegas (iteration   9) **************
*                                                               *
*  integral  =  12.466941       accum. integral =  12.447238    *
*  std. dev. = 0.16995053E-01   accum. std. dev = 0.74717625E-02*
*   max. wt. =   0.202273                                       *
*                                                               *
**************   chi**2/iteration =  1.211       ****************


************* Integration by Vegas (iteration  10) **************
*                                                               *
*  integral  =  12.428856       accum. integral =  12.444115    *
*  std. dev. = 0.16516539E-01   accum. std. dev = 0.68075828E-02*
*   max. wt. =   0.202273                                       *
*                                                               *
**************   chi**2/iteration =  1.191       ****************


************* Integration by Vegas (iteration  11) **************
*                                                               *
*  integral  =  12.465224       accum. integral =  12.447144    *
*  std. dev. = 0.16631957E-01   accum. std. dev = 0.63002595E-02*
*   max. wt. =   0.202273                                       *
*                                                               *
**************   chi**2/iteration =  1.210       ****************


************* Integration by Vegas (iteration  12) **************
*                                                               *
*  integral  =  12.445837       accum. integral =  12.446982    *
*  std. dev. = 0.16713754E-01   accum. std. dev = 0.58953275E-02*
*   max. wt. =   0.202273                                       *
*                                                               *
**************   chi**2/iteration =  1.101       ****************


************* Integration by Vegas (iteration  13) **************
*                                                               *
*  integral  =  12.424290       accum. integral =  12.444483    *
*  std. dev. = 0.16759458E-01   accum. std. dev = 0.55612933E-02*
*   max. wt. =   0.202273                                       *
*                                                               *
**************   chi**2/iteration =  1.145       ****************


************* Integration by Vegas (iteration  14) **************
*                                                               *
*  integral  =  12.430887       accum. integral =  12.443139    *
*  std. dev. = 0.16791983E-01   accum. std. dev = 0.52792949E-02*
*   max. wt. =   0.202273                                       *
*                                                               *
**************   chi**2/iteration =  1.102       ****************


************* Integration by Vegas (iteration  15) **************
*                                                               *
*  integral  =  12.440151       accum. integral =  12.442873    *
*  std. dev. = 0.16876272E-01   accum. std. dev = 0.50385170E-02*
*   max. wt. =   0.202273                                       *
*                                                               *
**************   chi**2/iteration =  1.025       ****************


************* Integration by Vegas (iteration  16) **************
*                                                               *
*  integral  =  12.464484       accum. integral =  12.444682    *
*  std. dev. = 0.16669697E-01   accum. std. dev = 0.48230189E-02*
*   max. wt. =   0.202273                                       *
*                                                               *
**************   chi**2/iteration =  1.060       ****************


************* Integration by Vegas (iteration  17) **************
*                                                               *
*  integral  =  12.433234       accum. integral =  12.443783    *
*  std. dev. = 0.16518448E-01   accum. std. dev = 0.46297109E-02*
*   max. wt. =   0.202273                                       *
*                                                               *
**************   chi**2/iteration =  1.021       ****************


************* Integration by Vegas (iteration  18) **************
*                                                               *
*  integral  =  12.447127       accum. integral =  12.444012    *
*  std. dev. = 0.17076215E-01   accum. std. dev = 0.44683952E-02*
*   max. wt. =   0.202273                                       *
*                                                               *
**************   chi**2/iteration = 0.9633       ****************


************* Integration by Vegas (iteration  19) **************
*                                                               *
*  integral  =  12.435414       accum. integral =  12.443479    *
*  std. dev. = 0.17391929E-01   accum. std. dev = 0.43278380E-02*
*   max. wt. =   0.202273                                       *
*                                                               *
**************   chi**2/iteration = 0.9225       ****************


************* Integration by Vegas (iteration  20) **************
*                                                               *
*  integral  =  12.426935       accum. integral =  12.442510    *
*  std. dev. = 0.17345680E-01   accum. std. dev = 0.41991080E-02*
*   max. wt. =   0.202273                                       *
*                                                               *
**************   chi**2/iteration = 0.9191       ****************


 input parameters for vegas:  ndim= 10  ncall= 944784.
                              it=   21  itmx=   50
                              nprn=  0  alph= 1.50
                              mds=  1   nd= 100
                              xl( 1)=   0.000     xu( 1)=   1.000    
                              xl( 2)=   0.000     xu( 2)=   1.000    
                              xl( 3)=   0.000     xu( 3)=   1.000    
                              xl( 4)=   0.000     xu( 4)=   1.000    
                              xl( 5)=   0.000     xu( 5)=   1.000    
                              xl( 6)=   0.000     xu( 6)=   1.000    
                              xl( 7)=   0.000     xu( 7)=   1.000    
                              xl( 8)=   0.000     xu( 8)=   1.000    
                              xl( 9)=   0.000     xu( 9)=   1.000    
                              xl(10)=   0.000     xu(10)=   1.000    

************* Integration by Vegas (iteration   1) **************
*                                                               *
*  integral  =  12.456462       accum. integral =  12.456462    *
*  std. dev. = 0.17163192E-01   accum. std. dev = 0.17163192E-01*
*   max. wt. =   0.187304E-02                                   *
*                                                               *
**************   chi**2/iteration =  0.000       ****************

 Writing out intermediate results for iteration           1

************* Integration by Vegas (iteration   2) **************
*                                                               *
*  integral  =  12.433169       accum. integral =  12.444841    *
*  std. dev. = 0.17201716E-01   accum. std. dev = 0.12149807E-01*
*   max. wt. =   0.261437E-02                                   *
*                                                               *
**************   chi**2/iteration = 0.9098       ****************

 Writing out intermediate results for iteration           2

************* Integration by Vegas (iteration   3) **************
*                                                               *
*  integral  =  12.457190       accum. integral =  12.448949    *
*  std. dev. = 0.17209976E-01   accum. std. dev = 0.99255701E-02*
*   max. wt. =   0.261437E-02                                   *
*                                                               *
**************   chi**2/iteration = 0.6281       ****************

 Writing out intermediate results for iteration           3

************* Integration by Vegas (iteration   4) **************
*                                                               *
*  integral  =  12.451449       accum. integral =  12.449548    *
*  std. dev. = 0.17682904E-01   accum. std. dev = 0.86552860E-02*
*   max. wt. =   0.445571E-02                                   *
*                                                               *
**************   chi**2/iteration = 0.4245       ****************

 Writing out intermediate results for iteration           4

************* Integration by Vegas (iteration   5) **************
*                                                               *
*  integral  =  12.420707       accum. integral =  12.443845    *
*  std. dev. = 0.17434589E-01   accum. std. dev = 0.77525209E-02*
*   max. wt. =   0.445571E-02                                   *
*                                                               *
**************   chi**2/iteration = 0.8661       ****************

 Writing out intermediate results for iteration           5

************* Integration by Vegas (iteration   6) **************
*                                                               *
*  integral  =  12.431303       accum. integral =  12.441848    *
*  std. dev. = 0.17811355E-01   accum. std. dev = 0.71083705E-02*
*   max. wt. =   0.445571E-02                                   *
*                                                               *
**************   chi**2/iteration = 0.7764       ****************

 Writing out intermediate results for iteration           6

************* Integration by Vegas (iteration   7) **************
*                                                               *
*  integral  =  12.443867       accum. integral =  12.442097    *
*  std. dev. = 0.18946541E-01   accum. std. dev = 0.66553800E-02*
*   max. wt. =   0.682156E-02                                   *
*                                                               *
**************   chi**2/iteration = 0.6489       ****************

 Writing out intermediate results for iteration           7

************* Integration by Vegas (iteration   8) **************
*                                                               *
*  integral  =  12.407056       accum. integral =  12.437904    *
*  std. dev. = 0.18051585E-01   accum. std. dev = 0.62444916E-02*
*   max. wt. =   0.682156E-02                                   *
*                                                               *
**************   chi**2/iteration =  1.030       ****************

 Writing out intermediate results for iteration           8

************* Integration by Vegas (iteration   9) **************
*                                                               *
*  integral  =  12.431419       accum. integral =  12.437182    *
*  std. dev. = 0.17639980E-01   accum. std. dev = 0.58865429E-02*
*   max. wt. =   0.682156E-02                                   *
*                                                               *
**************   chi**2/iteration = 0.9160       ****************

 Writing out intermediate results for iteration           9

************* Integration by Vegas (iteration  10) **************
*                                                               *
*  integral  =  12.438539       accum. integral =  12.437315    *
*  std. dev. = 0.17794529E-01   accum. std. dev = 0.55886873E-02*
*   max. wt. =   0.682156E-02                                   *
*                                                               *
**************   chi**2/iteration = 0.8149       ****************

 Writing out intermediate results for iteration          10

************* Integration by Vegas (iteration  11) **************
*                                                               *
*  integral  =  12.462829       accum. integral =  12.439654    *
*  std. dev. = 0.17592888E-01   accum. std. dev = 0.53263952E-02*
*   max. wt. =   0.682156E-02                                   *
*                                                               *
**************   chi**2/iteration = 0.9243       ****************

 Writing out intermediate results for iteration          11

************* Integration by Vegas (iteration  12) **************
*                                                               *
*  integral  =  12.455374       accum. integral =  12.441007    *
*  std. dev. = 0.17355077E-01   accum. std. dev = 0.50919794E-02*
*   max. wt. =   0.682156E-02                                   *
*                                                               *
**************   chi**2/iteration = 0.9085       ****************

 Writing out intermediate results for iteration          12

************* Integration by Vegas (iteration  13) **************
*                                                               *
*  integral  =  12.428926       accum. integral =  12.440052    *
*  std. dev. = 0.17377526E-01   accum. std. dev = 0.48865176E-02*
*   max. wt. =   0.682156E-02                                   *
*                                                               *
**************   chi**2/iteration = 0.8699       ****************

 Writing out intermediate results for iteration          13

************* Integration by Vegas (iteration  14) **************
*                                                               *
*  integral  =  12.443773       accum. integral =  12.440318    *
*  std. dev. = 0.17599722E-01   accum. std. dev = 0.47084054E-02*
*   max. wt. =   0.682156E-02                                   *
*                                                               *
**************   chi**2/iteration = 0.8062       ****************

 Writing out intermediate results for iteration          14

************* Integration by Vegas (iteration  15) **************
*                                                               *
*  integral  =  12.464116       accum. integral =  12.441913    *
*  std. dev. = 0.17569906E-01   accum. std. dev = 0.45479340E-02*
*   max. wt. =   0.682156E-02                                   *
*                                                               *
**************   chi**2/iteration = 0.8709       ****************

 Writing out intermediate results for iteration          15

************* Integration by Vegas (iteration  16) **************
*                                                               *
*  integral  =  12.445347       accum. integral =  12.442101    *
*  std. dev. = 0.18880390E-01   accum. std. dev = 0.44214674E-02*
*   max. wt. =   0.682156E-02                                   *
*                                                               *
**************   chi**2/iteration = 0.8149       ****************

 Writing out intermediate results for iteration          16

************* Integration by Vegas (iteration  17) **************
*                                                               *
*  integral  =  12.455707       accum. integral =  12.442845    *
*  std. dev. = 0.18386841E-01   accum. std. dev = 0.42989207E-02*
*   max. wt. =   0.682156E-02                                   *
*                                                               *
**************   chi**2/iteration = 0.7963       ****************

 Writing out intermediate results for iteration          17

************* Integration by Vegas (iteration  18) **************
*                                                               *
*  integral  =  12.418025       accum. integral =  12.441460    *
*  std. dev. = 0.17683170E-01   accum. std. dev = 0.41772516E-02*
*   max. wt. =   0.682156E-02                                   *
*                                                               *
**************   chi**2/iteration = 0.8589       ****************

 Writing out intermediate results for iteration          18

************* Integration by Vegas (iteration  19) **************
*                                                               *
*  integral  =  12.421776       accum. integral =  12.440444    *
*  std. dev. = 0.17902610E-01   accum. std. dev = 0.40679810E-02*
*   max. wt. =   0.682156E-02                                   *
*                                                               *
**************   chi**2/iteration = 0.8749       ****************

 Writing out intermediate results for iteration          19

************* Integration by Vegas (iteration  20) **************
*                                                               *
*  integral  =  12.430158       accum. integral =  12.439954    *
*  std. dev. = 0.18200180E-01   accum. std. dev = 0.39700220E-02*
*   max. wt. =   0.682156E-02                                   *
*                                                               *
**************   chi**2/iteration = 0.8448       ****************

 Writing out intermediate results for iteration          20

************* Integration by Vegas (iteration  21) **************
*                                                               *
*  integral  =  12.421163       accum. integral =  12.439113    *
*  std. dev. = 0.18344527E-01   accum. std. dev = 0.38801968E-02*
*   max. wt. =   0.682156E-02                                   *
*                                                               *
**************   chi**2/iteration = 0.8527       ****************

 Writing out intermediate results for iteration          21

************* Integration by Vegas (iteration  22) **************
*                                                               *
*  integral  =  12.410169       accum. integral =  12.438066    *
*  std. dev. = 0.20024777E-01   accum. std. dev = 0.38093416E-02*
*   max. wt. =   0.755116E-02                                   *
*                                                               *
**************   chi**2/iteration = 0.9080       ****************

 Writing out intermediate results for iteration          22

************* Integration by Vegas (iteration  23) **************
*                                                               *
*  integral  =  12.453267       accum. integral =  12.438613    *
*  std. dev. = 0.19711254E-01   accum. std. dev = 0.37401378E-02*
*   max. wt. =   0.755116E-02                                   *
*                                                               *
**************   chi**2/iteration = 0.8928       ****************

 Writing out intermediate results for iteration          23

************* Integration by Vegas (iteration  24) **************
*                                                               *
*  integral  =  12.456825       accum. integral =  12.439331    *
*  std. dev. = 0.18470581E-01   accum. std. dev = 0.36657399E-02*
*   max. wt. =   0.755116E-02                                   *
*                                                               *
**************   chi**2/iteration = 0.8945       ****************

 Writing out intermediate results for iteration          24

************* Integration by Vegas (iteration  25) **************
*                                                               *
*  integral  =  12.438078       accum. integral =  12.439279    *
*  std. dev. = 0.17781260E-01   accum. std. dev = 0.35902395E-02*
*   max. wt. =   0.755116E-02                                   *
*                                                               *
**************   chi**2/iteration = 0.8575       ****************

 Writing out intermediate results for iteration          25

************* Integration by Vegas (iteration  26) **************
*                                                               *
*  integral  =  12.438097       accum. integral =  12.439235    *
*  std. dev. = 0.18136512E-01   accum. std. dev = 0.35218968E-02*
*   max. wt. =   0.755116E-02                                   *
*                                                               *
**************   chi**2/iteration = 0.8234       ****************

 Writing out intermediate results for iteration          26

************* Integration by Vegas (iteration  27) **************
*                                                               *
*  integral  =  12.414339       accum. integral =  12.438307    *
*  std. dev. = 0.17899404E-01   accum. std. dev = 0.34556399E-02*
*   max. wt. =   0.755116E-02                                   *
*                                                               *
**************   chi**2/iteration = 0.8633       ****************

 Writing out intermediate results for iteration          27

************* Integration by Vegas (iteration  28) **************
*                                                               *
*  integral  =  12.437275       accum. integral =  12.438270    *
*  std. dev. = 0.17886967E-01   accum. std. dev = 0.33929023E-02*
*   max. wt. =   0.755116E-02                                   *
*                                                               *
**************   chi**2/iteration = 0.8315       ****************

 Writing out intermediate results for iteration          28

************* Integration by Vegas (iteration  29) **************
*                                                               *
*  integral  =  12.450161       accum. integral =  12.438687    *
*  std. dev. = 0.17793449E-01   accum. std. dev = 0.33328522E-02*
*   max. wt. =   0.755116E-02                                   *
*                                                               *
**************   chi**2/iteration = 0.8172       ****************

 Writing out intermediate results for iteration          29

************* Integration by Vegas (iteration  30) **************
*                                                               *
*  integral  =  12.446690       accum. integral =  12.438949    *
*  std. dev. = 0.18121769E-01   accum. std. dev = 0.32778770E-02*
*   max. wt. =   0.755116E-02                                   *
*                                                               *
**************   chi**2/iteration = 0.7955       ****************

 Writing out intermediate results for iteration          30

************* Integration by Vegas (iteration  31) **************
*                                                               *
*  integral  =  12.452886       accum. integral =  12.439375    *
*  std. dev. = 0.18454301E-01   accum. std. dev = 0.32273618E-02*
*   max. wt. =   0.755116E-02                                   *
*                                                               *
**************   chi**2/iteration = 0.7874       ****************

 Writing out intermediate results for iteration          31

************* Integration by Vegas (iteration  32) **************
*                                                               *
*  integral  =  12.441717       accum. integral =  12.439449    *
*  std. dev. = 0.17826770E-01   accum. std. dev = 0.31757381E-02*
*   max. wt. =   0.755116E-02                                   *
*                                                               *
**************   chi**2/iteration = 0.7626       ****************

 Writing out intermediate results for iteration          32

************* Integration by Vegas (iteration  33) **************
*                                                               *
*  integral  =  12.437383       accum. integral =  12.439386    *
*  std. dev. = 0.17850022E-01   accum. std. dev = 0.31266402E-02*
*   max. wt. =   0.755116E-02                                   *
*                                                               *
**************   chi**2/iteration = 0.7391       ****************

 Writing out intermediate results for iteration          33

************* Integration by Vegas (iteration  34) **************
*                                                               *
*  integral  =  12.424152       accum. integral =  12.438952    *
*  std. dev. = 0.18262474E-01   accum. std. dev = 0.30818004E-02*
*   max. wt. =   0.755116E-02                                   *
*                                                               *
**************   chi**2/iteration = 0.7372       ****************

 Writing out intermediate results for iteration          34

************* Integration by Vegas (iteration  35) **************
*                                                               *
*  integral  =  12.420193       accum. integral =  12.438465    *
*  std. dev. = 0.18874909E-01   accum. std. dev = 0.30415255E-02*
*   max. wt. =   0.755116E-02                                   *
*                                                               *
**************   chi**2/iteration = 0.7439       ****************

 Writing out intermediate results for iteration          35

************* Integration by Vegas (iteration  36) **************
*                                                               *
*  integral  =  12.430346       accum. integral =  12.438260    *
*  std. dev. = 0.18880698E-01   accum. std. dev = 0.30028127E-02*
*   max. wt. =   0.755116E-02                                   *
*                                                               *
**************   chi**2/iteration = 0.7278       ****************

 Writing out intermediate results for iteration          36

************* Integration by Vegas (iteration  37) **************
*                                                               *
*  integral  =  12.488197       accum. integral =  12.439549    *
*  std. dev. = 0.18445410E-01   accum. std. dev = 0.29637961E-02*
*   max. wt. =   0.755116E-02                                   *
*                                                               *
**************   chi**2/iteration = 0.9058       ****************

 Writing out intermediate results for iteration          37

************* Integration by Vegas (iteration  38) **************
*                                                               *
*  integral  =  12.448739       accum. integral =  12.439783    *
*  std. dev. = 0.18335077E-01   accum. std. dev = 0.29258176E-02*
*   max. wt. =   0.755116E-02                                   *
*                                                               *
**************   chi**2/iteration = 0.8880       ****************

 Writing out intermediate results for iteration          38

************* Integration by Vegas (iteration  39) **************
*                                                               *
*  integral  =  12.461254       accum. integral =  12.440294    *
*  std. dev. = 0.18735425E-01   accum. std. dev = 0.28907804E-02*
*   max. wt. =   0.755116E-02                                   *
*                                                               *
**************   chi**2/iteration = 0.8983       ****************

 Writing out intermediate results for iteration          39

************* Integration by Vegas (iteration  40) **************
*                                                               *
*  integral  =  12.437927       accum. integral =  12.440238    *
*  std. dev. = 0.18543534E-01   accum. std. dev = 0.28562818E-02*
*   max. wt. =   0.755116E-02                                   *
*                                                               *
**************   chi**2/iteration = 0.8757       ****************

 Writing out intermediate results for iteration          40

************* Integration by Vegas (iteration  41) **************
*                                                               *
*  integral  =  12.429365       accum. integral =  12.439981    *
*  std. dev. = 0.18346806E-01   accum. std. dev = 0.28222846E-02*
*   max. wt. =   0.755116E-02                                   *
*                                                               *
**************   chi**2/iteration = 0.8624       ****************

 Writing out intermediate results for iteration          41

************* Integration by Vegas (iteration  42) **************
*                                                               *
*  integral  =  12.405290       accum. integral =  12.439174    *
*  std. dev. = 0.18288360E-01   accum. std. dev = 0.27892667E-02*
*   max. wt. =   0.755116E-02                                   *
*                                                               *
**************   chi**2/iteration = 0.9271       ****************

 Writing out intermediate results for iteration          42

************* Integration by Vegas (iteration  43) **************
*                                                               *
*  integral  =  12.448461       accum. integral =  12.439378    *
*  std. dev. = 0.18609111E-01   accum. std. dev = 0.27584529E-02*
*   max. wt. =   0.755116E-02                                   *
*                                                               *
**************   chi**2/iteration = 0.9108       ****************

 Writing out intermediate results for iteration          43

************* Integration by Vegas (iteration  44) **************
*                                                               *
*  integral  =  12.453126       accum. integral =  12.439678    *
*  std. dev. = 0.18455427E-01   accum. std. dev = 0.27281478E-02*
*   max. wt. =   0.755116E-02                                   *
*                                                               *
**************   chi**2/iteration = 0.9022       ****************

 Writing out intermediate results for iteration          44

************* Integration by Vegas (iteration  45) **************
*                                                               *
*  integral  =  12.468309       accum. integral =  12.440276    *
*  std. dev. = 0.18688964E-01   accum. std. dev = 0.26995370E-02*
*   max. wt. =   0.755116E-02                                   *
*                                                               *
**************   chi**2/iteration = 0.9340       ****************

 Writing out intermediate results for iteration          45

************* Integration by Vegas (iteration  46) **************
*                                                               *
*  integral  =  12.465630       accum. integral =  12.440769    *
*  std. dev. = 0.19156694E-01   accum. std. dev = 0.26731259E-02*
*   max. wt. =   0.755116E-02                                   *
*                                                               *
**************   chi**2/iteration = 0.9514       ****************

 Writing out intermediate results for iteration          46

************* Integration by Vegas (iteration  47) **************
*                                                               *
*  integral  =  12.462788       accum. integral =  12.441166    *
*  std. dev. = 0.19725507E-01   accum. std. dev = 0.26489134E-02*
*   max. wt. =   0.755116E-02                                   *
*                                                               *
**************   chi**2/iteration = 0.9573       ****************

 Writing out intermediate results for iteration          47

************* Integration by Vegas (iteration  48) **************
*                                                               *
*  integral  =  12.433630       accum. integral =  12.441030    *
*  std. dev. = 0.19513312E-01   accum. std. dev = 0.26248388E-02*
*   max. wt. =   0.755116E-02                                   *
*                                                               *
**************   chi**2/iteration = 0.9400       ****************

 Writing out intermediate results for iteration          48

************* Integration by Vegas (iteration  49) **************
*                                                               *
*  integral  =  12.448432       accum. integral =  12.441170    *
*  std. dev. = 0.18928570E-01   accum. std. dev = 0.25999598E-02*
*   max. wt. =   0.755116E-02                                   *
*                                                               *
**************   chi**2/iteration = 0.9236       ****************

 Writing out intermediate results for iteration          49

************* Integration by Vegas (iteration  50) **************
*                                                               *
*  integral  =  12.426256       accum. integral =  12.440901    *
*  std. dev. = 0.19197949E-01   accum. std. dev = 0.25764399E-02*
*   max. wt. =   0.755116E-02                                   *
*                                                               *
**************   chi**2/iteration = 0.9168       ****************


Value of final lord integral is       12.4409 +/-     0.0026 fb

 Total number of shots       :     47239200
 Total no. failing cuts      :     18289652
 Number failing jet cuts     :            0
 Number failing process cuts :            0

   Jet efficiency : 100.00%
   Cut efficiency : 100.00%
 Total efficiency : 100.00%

 Contribution from parton sub-processes:
 ---------------------------------------
       GG     |          12.44090  100.00%
       GQ     |           0.00000    0.00%
       GQB    |           0.00000    0.00%
       QG     |           0.00000    0.00%
       QBG    |           0.00000    0.00%
       QQ     |           0.00000    0.00%
       QBQB   |           0.00000    0.00%
       QQB    |           0.00000    0.00%
       QBQ    |           0.00000    0.00%
 ---------------------------------------

 ****************************************************
 output files  E_var/E_33/MSTW/HTOP/ggZZ4l_lord_mstw8lo_0___0___126_131_run_33
 ****************************************************
