 ************** MCFM - version 6.8 ****************
 *                                                *
 * MCFM, v6.8                   April 26th, 2014  *
 *                                                *
 * Authors: John Campbell, Keith Ellis,           *
 *          Ciaran Williams                       *
 *         (johnmc@fnal.gov, ellis@fnal.gov,      *
 *          ciaran@fnal.gov)                      *
 *                                                *
 * For details see:                               *
 *                                                *
 *  arXiv:1403.2641 (Triphoton production)        *
 *  arXiv:1312.1628 (gg->WW, Higgs interference)  *
 *  arXiv:1311.3589 (gg->ZZ, Higgs interference)  *
 *  Phys.Rev.D87:114006, arXiv:1302.3856          *
 *  (tZ, tH -- with R. Rontsch)                   *
 *  arXiv:1211.6390 (DM, P. Fox and C. Williams)  *
 *  JHEP 1211:162 (2012), arXiv:1208.0566         *
 *  (Z+gam+jet,Z+gam+gam -- with H. Hartanto)     *
 *  arXiv:1204.1513 (top production+decay)        *
 *  JHEP 1207:052 (2012), arXiv:1204.5678 (ttW)   *
 *  JHEP 1110:005 (2011), arXiv:1107.5569         *
 *         (gg->WW,Higgs intference)              *
 *  JHEP 1107:018 (2011), arXiv:1105.0020         *
 *         (diboson update)                       *
 *  JHEP 1103:027 (2011), arXiv:1011.6647         *
 *         (Wbb for mb>0, with S. Badger)         *
 *  Phys.Rev.D81:074023, arXiv:1001.4495 (H+2jet) *
 *                                                *
 *  P.R.L. 102:142001, arXiv:0903.0005 [hep-ph]   *
 *    (t-channel single top + explicit b,         *
 *      JC, R.Frederix, F.Maltoni, F.Tramontano)  *
 *  N.P.B 726:109(2005), hep-ph/0506289 (W+t)     *
 *  Phys.Rev.D70:094012, hep-ph/0408158 (Sngl Top)*
 *       (with Francesco Tramontano)              *
 *                                                *
 *  Phys.Rev.D65:113007, hep-ph/0202176 (W,Z+2j)  *
 *  Phys.Rev.D62:114012, hep-ph/0006304 (W,Z+bb)  *
 *  Phys.Rev.D60:113006, hep-ph/9905386 (diboson) *
 *                                                *
 * On the web:  http://mcfm.fnal.gov/             *
 **************************************************

 * Using input file named E_var/E_33/CTEQ/HTOP/input_130_33.DAT                                   

 * [Flags to specify the mode in which MCFM is run]                                          
 *                   -1            [nevtrequested] 
 *                    F            [creatent] 
 *                    F            [skipnt] 
 *                    F            [dswhisto] 
 *                    F            [creategrid] 
 *                    T            [writetop] 
 *                    T            [writedat] 
 *                    T            [writegnu] 
 *                    T            [writeroot] 
 *                    F            [writepwg] 

 * [General options to specify the process and execution]                                    
 *                  130            [nproc] 
 *                 lord            [part] 
 * 130_run_33                      [runstring] 
 *           33000.0000            [sqrts] 
 *                    1            [ih1] 
 *                    1            [ih2] 
 *             126.0000            [hmass] 
 *               0.5000            [scale] 
 *               0.5000            [facscale] 
 * m(3456)                         [dynamicscale] 
 *                    F            [zerowidth] 
 *                    F            [removebr] 
 *                   20            [itmx1] 
 *               500000            [ncall1] 
 *                   50            [itmx2] 
 *               500000            [ncall2] 
 *                 2020            [ij] 
 *                    F            [dryrun] 
 *                    T            [Qflag] 
 *                    T            [Gflag] 

 * [Heavy quark masses]                                                                      
 *             173.2000            [top mass] 
 *               4.7500            [bottom mass] 
 *               1.5000            [charm mass] 

 * [Pdf selection]                                                                           
 *              cteq6_l            [pdlabel] 
 *                    4            [NGROUP] 
 *                   46            [NSET] 
 * cteq6mE.LHgrid                  [LHAPDF group] 
 *                   -1            [LHAPDF set] 

 * [Jet definition and event cuts]                                                           
 *               0.0000            [m34min] 
 *           33000.0000            [m34max] 
 *               0.0000            [m56min] 
 *           33000.0000            [m56max] 
 *                    T            [inclusive] 
 *                 ankt            [algorithm] 
 *              15.0000            [ptjetmin] 
 *               0.0000            [etajetmin] 
 *               5.0000            [etajetmax] 
 *               0.5000            [Rcut] 
 *                    T            [makecuts] 
 *               0.0000            [leptpt] 
 *              99.0000            [leptrap] 
 *    0.000,   0.000                [leptveto] 
 *               0.0000            [misspt] 
 *               0.0000            [leptpt2] 
 *              99.0000            [leptrap2] 
 *    0.000,   0.000                [leptveto2] 
 *               0.0000            [mtrans34cut] 
 *               0.0000            [Rjlmin] 
 *               0.0000            [Rllmin] 
 *               0.0000            [delyjjmin] 
 *                    F            [jetsopphem] 
 *                    0            [lbjscheme] 
 *               0.0000            [ptbjetmin] 
 *              99.0000            [etabjetmax] 

 * [Settings for photon processes]                                                           
 *                    F            [frag] 
 *             GdRG__LO            [fragset] 
 *              80.0000            [frag_scale] 
 *              20.0000            [gammpt] 
 *               2.5000            [gammrap] 
 *              20.0000            [gammpt2] 
 *              20.0000            [gammpt3] 
 *               0.0000            [Rgalmin] 
 *               0.4000            [Rgagamin] 
 *               0.4000            [Rgajetmin] 
 *               0.4000            [cone_ang] 
 *               0.5000            [epsilon_h] 

 * [Anomalous couplings of the W and Z]                                                      
 *               0.0000            [delg1_z] 
 *               0.0000            [delk_z] 
 *               0.0000            [delk_g] 
 *               0.0000            [lambda_z] 
 *               0.0000            [lambda_g] 
 *               0.0000            [h1Z] 
 *               0.0000            [h1gam] 
 *               0.0000            [h2Z] 
 *               0.0000            [h2gam] 
 *               0.0000            [h3Z] 
 *               0.0000            [h3gam] 
 *               0.0000            [h4Z] 
 *               0.0000            [h4gam] 
 *               2.0000            [tevscale] 

 * [Anomalous width of the Higgs]                                                            
 *               1.0000            [Gamma_H/Gamma_H(SM)] 

 * [How to resume/save a run]                                                                
 *                    F            [readin] 
 *                    F            [writeout] 
 *                                 [ingridfile] 
 *                                 [outgridfile] 

 * [Technical parameters that should not normally be changed]

 *                    F            [debug] 
 *                    T            [verbose] 
 *                    F            [new_pspace] 
 *                    F            [virtonly] 
 *                    F            [realonly] 
 *                    T            [spira] 
 *                    F            [noglue] 
 *                    F            [ggonly] 
 *                    F            [gqonly] 
 *                    F            [omitgg] 
 *                    F            [vanillafiles] 
 *                    1            [nmin] 
 *                    2            [nmax] 
 *                    T            [clustering] 
 *                    F            [realwt] 
 *                    0            [colourchoice] 
 *               0.0100            [rtsmin] 
 *               0.0001            [cutoff] 
 *               0.1000            [aii] 
 *               0.1000            [aif] 
 *               0.1000            [afi] 
 *               1.0000            [aff] 
 *               1.0000            [bfi] 
 *               1.0000            [bff] 

 Chooser:process chosen by nproc=         130

 *************************** f(p1)+f(p2) --> ******************************************
 * H(--> Z^0(e^-(p3)+e^+(p4)) + Z^0(mu^-(p5)+mu^+(p6)) [H squared and H, gg->ZZ intf. *
 **************************************************************************************

 ************** Electroweak parameters **************
 *                                                  *
 *  zmass(+)   91.1876000     wmass(+)  80.3980000  *
 * zwidth(+)    2.4952000    wwidth(+)   2.1054000  *
 *     Gf(+) 0.116639D-04   1/aemmz    132.3384323  *
 *     xw       0.2226459      mtop(+) 173.2000000  *
 *   gwsq       0.4264904       esq      0.0949563  *
 * top width    1.4743080 (LO)                      *
 *    mb        4.7500000        mc      1.5000000  *
 *                                                  *
 * Parameters marked (+) are input, others derived  *
 ****************************************************

 ****************** Higgs parameters ****************
 *                                                  *
 *   mass(H) =  126.00      width(H) =  0.43070E-02 *
 *                                                  *
 *              Br( H -> b bbar)  =   0.56954       *
 *              Br( H -> tau tau) =   0.06056       *
 *              Br( H -> W W)     =   0.00000       *
 *              Br( H -> Z Z)     =   0.00000       *
 *              Br( H -> gam gam) =   0.00235       *
 *              Br( H -> Z gam)   =   0.00164       *
 ****************************************************
 *                                                  *
 * Note: branching ratios reported here can be > 1  *
 *       since the total Higgs width is calculated  *
 *       at NLO but the BR calculation uses a       *
 *       partial width at LO only.                  *
 *                                                  *
 ****************************************************

 WARNING: Higgs decay H->ZZ is below threshold and
 may not yield sensible results - check the number
 of integration points

 ***************** CKM mixing matrix ****************
 *                                                  *
 *      Vud=.97500    Vus=.22200    Vub=0.0000      *
 *      Vcd=.22200    Vcs=.97500    Vcb=0.0000      *
 ****************************************************

 ************* Strong coupling, alpha_s  ************
 *                                                  *
 *  Dynamic scale - alpha_s changed event-by-event  *
 *       alpha_s (zmass)  0.11800000                *
 *         (using 1-loop running of alpha_s)        *
 ****************************************************

 ****************************************
 *     Cross section in femtobarns      *
 ****************************************


 input parameters for vegas:  ndim= 10  ncall= 472392.
                              it=    0  itmx=   20
                              nprn=  0  alph= 1.50
                              mds=  1   nd= 100
                              xl( 1)=   0.000     xu( 1)=   1.000    
                              xl( 2)=   0.000     xu( 2)=   1.000    
                              xl( 3)=   0.000     xu( 3)=   1.000    
                              xl( 4)=   0.000     xu( 4)=   1.000    
                              xl( 5)=   0.000     xu( 5)=   1.000    
                              xl( 6)=   0.000     xu( 6)=   1.000    
                              xl( 7)=   0.000     xu( 7)=   1.000    
                              xl( 8)=   0.000     xu( 8)=   1.000    
                              xl( 9)=   0.000     xu( 9)=   1.000    
                              xl(10)=   0.000     xu(10)=   1.000    

 ****************** Basic mass cuts *****************
 *                                                  *
 *              0.00  <   m34  <  33000.00           *
 *              0.00  <   m56  <  33000.00           *
 ****************************************************
 *********** CMS Higgs Search cuts******
 *                                     *
 *     pt(mu) >           5.00 GeV     *
 *     pt(el) >           7.00 GeV     *
 *     |eta_mu| <         2.40         *
 *     |eta_el| <         2.50         *
 *     m4lmin >         100.00 GeV     *
 *     m2lmin >           4.00 GeV     *
 *     ptleading >       20.00 GeV     *
 *     ptnexttoleading > 10.00 GeV     *
 *     mllnear >         40.00 GeV     *
 *     mllfar >          12.00 GeV     *
 *     mllmax >         120.00 GeV     *
 ***************************************

 ************** Dynamic scale choice ****************
 *                                                  *
 *                 RENORMALIZATION                  *
 *       mu_ren  =  0.50 x m(3456)                  *
 *                                                  *
 *                  FACTORIZATION                   *
 *       mu_fac  =  0.50 x m(3456)                  *
 *                                                  *
 ****************************************************
 ====================================================
   This is QCDLoop - version 1.95                    
   Authors: Keith Ellis and Giulia Zanderighi        
   (ellis@fnal.gov, g.zanderighi1@physics.ox.ac.uk)  
   For details see FERMILAB-PUB-07-633-T,OUTP-07/16P 
   arXiv:0712.1851 [hep-ph], published in            
   JHEP 0802:002,2008.                               
 ====================================================
 ====================================================
   FF 2.0, a package to evaluate one-loop integrals
 written by G. J. van Oldenborgh, NIKHEF-H, Amsterdam
 ====================================================
 for the algorithms used see preprint NIKHEF-H 89/17,
 'New Algorithms for One-loop Integrals', by G.J. van
 Oldenborgh and J.A.M. Vermaseren, published in 
 Zeitschrift fuer Physik C46(1990)425.
 ====================================================
 ffini: precx =    4.4408920985006262E-016
 ffini: precc =    4.4408920985006262E-016
 ffini: xalogm =    4.9406564584124654E-324
 ffini: xclogm =    4.9406564584124654E-324
 ****************************************************
 *                                                  *
 *  gg->ZZ box loop includes gens. 1 and 2          *
 *  gg->ZZ box loop includes bottom quark           *
 *  gg->ZZ box loop includes top quark              *
 *                                                  *
 *  Numer. stability: pt(Z) > 0.100 GeV (gens. 1,2) *
 *  Numer. stability: pt(Z) > 0.100 GeV (b,t loops) *
 *                                                  *
 ****************************************************

************* Integration by Vegas (iteration   1) **************
*                                                               *
*  integral  = 0.48738011       accum. integral = 0.48738011    *
*  std. dev. = 0.15301445       accum. std. dev = 0.15301445    *
*   max. wt. =   0.134531                                       *
*                                                               *
**************   chi**2/iteration =  0.000       ****************


************* Integration by Vegas (iteration   2) **************
*                                                               *
*  integral  =  1.3603313       accum. integral = 0.84880515    *
*  std. dev. = 0.18203598       accum. std. dev = 0.11713087    *
*   max. wt. =   0.134531                                       *
*                                                               *
**************   chi**2/iteration =  13.34       ****************


************* Integration by Vegas (iteration   3) **************
*                                                               *
*  integral  =  1.4843931       accum. integral =  1.4192123    *
*  std. dev. = 0.39594847E-01   accum. std. dev = 0.37509677E-01*
*   max. wt. =   0.134531                                       *
*                                                               *
**************   chi**2/iteration =  19.85       ****************


************* Integration by Vegas (iteration   4) **************
*                                                               *
*  integral  =  1.5283977       accum. integral =  1.5183000    *
*  std. dev. = 0.11974192E-01   accum. std. dev = 0.11407059E-01*
*   max. wt. =   0.134531                                       *
*                                                               *
**************   chi**2/iteration =  15.81       ****************


************* Integration by Vegas (iteration   5) **************
*                                                               *
*  integral  =  1.5282957       accum. integral =  1.5259731    *
*  std. dev. = 0.62758589E-02   accum. std. dev = 0.54986050E-02*
*   max. wt. =   0.134531                                       *
*                                                               *
**************   chi**2/iteration =  12.01       ****************


************* Integration by Vegas (iteration   6) **************
*                                                               *
*  integral  =  1.5323381       accum. integral =  1.5293030    *
*  std. dev. = 0.52495453E-02   accum. std. dev = 0.37969853E-02*
*   max. wt. =   0.134531                                       *
*                                                               *
**************   chi**2/iteration =  9.757       ****************


************* Integration by Vegas (iteration   7) **************
*                                                               *
*  integral  =  1.5436592       accum. integral =  1.5343977    *
*  std. dev. = 0.51193791E-02   accum. std. dev = 0.30497116E-02*
*   max. wt. =   0.134531                                       *
*                                                               *
**************   chi**2/iteration =  8.977       ****************


************* Integration by Vegas (iteration   8) **************
*                                                               *
*  integral  =  1.5442820       accum. integral =  1.5370318    *
*  std. dev. = 0.50596087E-02   accum. std. dev = 0.26119245E-02*
*   max. wt. =   0.134531                                       *
*                                                               *
**************   chi**2/iteration =  8.096       ****************


************* Integration by Vegas (iteration   9) **************
*                                                               *
*  integral  =  1.5429855       accum. integral =  1.5382697    *
*  std. dev. = 0.50978918E-02   accum. std. dev = 0.23245763E-02*
*   max. wt. =   0.134531                                       *
*                                                               *
**************   chi**2/iteration =  7.220       ****************


************* Integration by Vegas (iteration  10) **************
*                                                               *
*  integral  =  1.5384980       accum. integral =  1.5383098    *
*  std. dev. = 0.50427776E-02   accum. std. dev = 0.21110761E-02*
*   max. wt. =   0.134531                                       *
*                                                               *
**************   chi**2/iteration =  6.419       ****************


************* Integration by Vegas (iteration  11) **************
*                                                               *
*  integral  =  1.5240332       accum. integral =  1.5361767    *
*  std. dev. = 0.50370325E-02   accum. std. dev = 0.19469918E-02*
*   max. wt. =   0.134531                                       *
*                                                               *
**************   chi**2/iteration =  6.460       ****************


************* Integration by Vegas (iteration  12) **************
*                                                               *
*  integral  =  1.5356177       accum. integral =  1.5361051    *
*  std. dev. = 0.50797584E-02   accum. std. dev = 0.18180258E-02*
*   max. wt. =   0.134531                                       *
*                                                               *
**************   chi**2/iteration =  5.875       ****************


************* Integration by Vegas (iteration  13) **************
*                                                               *
*  integral  =  1.5364068       accum. integral =  1.5361396    *
*  std. dev. = 0.50572007E-02   accum. std. dev = 0.17108341E-02*
*   max. wt. =   0.134531                                       *
*                                                               *
**************   chi**2/iteration =  5.386       ****************


************* Integration by Vegas (iteration  14) **************
*                                                               *
*  integral  =  1.5316515       accum. integral =  1.5356825    *
*  std. dev. = 0.50801007E-02   accum. std. dev = 0.16213595E-02*
*   max. wt. =   0.134531                                       *
*                                                               *
**************   chi**2/iteration =  5.026       ****************


************* Integration by Vegas (iteration  15) **************
*                                                               *
*  integral  =  1.5303618       accum. integral =  1.5351883    *
*  std. dev. = 0.50672840E-02   accum. std. dev = 0.15442371E-02*
*   max. wt. =   0.134531                                       *
*                                                               *
**************   chi**2/iteration =  4.738       ****************


************* Integration by Vegas (iteration  16) **************
*                                                               *
*  integral  =  1.5437098       accum. integral =  1.5359061    *
*  std. dev. = 0.50917065E-02   accum. std. dev = 0.14777682E-02*
*   max. wt. =   0.134531                                       *
*                                                               *
**************   chi**2/iteration =  4.593       ****************


************* Integration by Vegas (iteration  17) **************
*                                                               *
*  integral  =  1.5399225       accum. integral =  1.5362129    *
*  std. dev. = 0.51389784E-02   accum. std. dev = 0.14202148E-02*
*   max. wt. =   0.134531                                       *
*                                                               *
**************   chi**2/iteration =  4.342       ****************


************* Integration by Vegas (iteration  18) **************
*                                                               *
*  integral  =  1.5372274       accum. integral =  1.5362851    *
*  std. dev. = 0.51310233E-02   accum. std. dev = 0.13687505E-02*
*   max. wt. =   0.134531                                       *
*                                                               *
**************   chi**2/iteration =  4.089       ****************


************* Integration by Vegas (iteration  19) **************
*                                                               *
*  integral  =  1.5301407       accum. integral =  1.5358799    *
*  std. dev. = 0.51514611E-02   accum. std. dev = 0.13228519E-02*
*   max. wt. =   0.134531                                       *
*                                                               *
**************   chi**2/iteration =  3.935       ****************


************* Integration by Vegas (iteration  20) **************
*                                                               *
*  integral  =  1.5355993       accum. integral =  1.5358627    *
*  std. dev. = 0.51742911E-02   accum. std. dev = 0.12816303E-02*
*   max. wt. =   0.134531                                       *
*                                                               *
**************   chi**2/iteration =  3.729       ****************


 input parameters for vegas:  ndim= 10  ncall= 472392.
                              it=   21  itmx=   50
                              nprn=  0  alph= 1.50
                              mds=  1   nd= 100
                              xl( 1)=   0.000     xu( 1)=   1.000    
                              xl( 2)=   0.000     xu( 2)=   1.000    
                              xl( 3)=   0.000     xu( 3)=   1.000    
                              xl( 4)=   0.000     xu( 4)=   1.000    
                              xl( 5)=   0.000     xu( 5)=   1.000    
                              xl( 6)=   0.000     xu( 6)=   1.000    
                              xl( 7)=   0.000     xu( 7)=   1.000    
                              xl( 8)=   0.000     xu( 8)=   1.000    
                              xl( 9)=   0.000     xu( 9)=   1.000    
                              xl(10)=   0.000     xu(10)=   1.000    

************* Integration by Vegas (iteration   1) **************
*                                                               *
*  integral  =  1.5295540       accum. integral =  1.5295540    *
*  std. dev. = 0.51433025E-02   accum. std. dev = 0.51433025E-02*
*   max. wt. =   0.215493E-03                                   *
*                                                               *
**************   chi**2/iteration =  0.000       ****************

 Writing out intermediate results for iteration           1

************* Integration by Vegas (iteration   2) **************
*                                                               *
*  integral  =  1.5328773       accum. integral =  1.5312049    *
*  std. dev. = 0.51766510E-02   accum. std. dev = 0.36485974E-02*
*   max. wt. =   0.253677E-03                                   *
*                                                               *
**************   chi**2/iteration = 0.2054       ****************

 Writing out intermediate results for iteration           2

************* Integration by Vegas (iteration   3) **************
*                                                               *
*  integral  =  1.5423237       accum. integral =  1.5348049    *
*  std. dev. = 0.52729158E-02   accum. std. dev = 0.30003496E-02*
*   max. wt. =   0.378941E-03                                   *
*                                                               *
**************   chi**2/iteration =  1.599       ****************

 Writing out intermediate results for iteration           3

************* Integration by Vegas (iteration   4) **************
*                                                               *
*  integral  =  1.5366724       accum. integral =  1.5352629    *
*  std. dev. = 0.52629911E-02   accum. std. dev = 0.26065408E-02*
*   max. wt. =   0.378941E-03                                   *
*                                                               *
**************   chi**2/iteration =  1.099       ****************

 Writing out intermediate results for iteration           4

************* Integration by Vegas (iteration   5) **************
*                                                               *
*  integral  =  1.5433974       accum. integral =  1.5368548    *
*  std. dev. = 0.52843487E-02   accum. std. dev = 0.23376321E-02*
*   max. wt. =   0.378941E-03                                   *
*                                                               *
**************   chi**2/iteration =  1.301       ****************

 Writing out intermediate results for iteration           5

************* Integration by Vegas (iteration   6) **************
*                                                               *
*  integral  =  1.5458360       accum. integral =  1.5383169    *
*  std. dev. = 0.53011127E-02   accum. std. dev = 0.21389042E-02*
*   max. wt. =   0.378941E-03                                   *
*                                                               *
**************   chi**2/iteration =  1.521       ****************

 Writing out intermediate results for iteration           6

************* Integration by Vegas (iteration   7) **************
*                                                               *
*  integral  =  1.5367815       accum. integral =  1.5380982    *
*  std. dev. = 0.52483327E-02   accum. std. dev = 0.19807312E-02*
*   max. wt. =   0.378941E-03                                   *
*                                                               *
**************   chi**2/iteration =  1.280       ****************

 Writing out intermediate results for iteration           7

************* Integration by Vegas (iteration   8) **************
*                                                               *
*  integral  =  1.5417720       accum. integral =  1.5385451    *
*  std. dev. = 0.53225677E-02   accum. std. dev = 0.18563571E-02*
*   max. wt. =   0.378941E-03                                   *
*                                                               *
**************   chi**2/iteration =  1.157       ****************

 Writing out intermediate results for iteration           8

************* Integration by Vegas (iteration   9) **************
*                                                               *
*  integral  =  1.5409545       accum. integral =  1.5388010    *
*  std. dev. = 0.53855782E-02   accum. std. dev = 0.17550241E-02*
*   max. wt. =   0.378941E-03                                   *
*                                                               *
**************   chi**2/iteration =  1.035       ****************

 Writing out intermediate results for iteration           9

************* Integration by Vegas (iteration  10) **************
*                                                               *
*  integral  =  1.5431570       accum. integral =  1.5392187    *
*  std. dev. = 0.53889188E-02   accum. std. dev = 0.16687574E-02*
*   max. wt. =   0.378941E-03                                   *
*                                                               *
**************   chi**2/iteration = 0.9855       ****************

 Writing out intermediate results for iteration          10

************* Integration by Vegas (iteration  11) **************
*                                                               *
*  integral  =  1.5397613       accum. integral =  1.5392655    *
*  std. dev. = 0.54287737E-02   accum. std. dev = 0.15950982E-02*
*   max. wt. =   0.378941E-03                                   *
*                                                               *
**************   chi**2/iteration = 0.8880       ****************

 Writing out intermediate results for iteration          11

************* Integration by Vegas (iteration  12) **************
*                                                               *
*  integral  =  1.5365670       accum. integral =  1.5390497    *
*  std. dev. = 0.54096847E-02   accum. std. dev = 0.15299745E-02*
*   max. wt. =   0.378941E-03                                   *
*                                                               *
**************   chi**2/iteration = 0.8281       ****************

 Writing out intermediate results for iteration          12

************* Integration by Vegas (iteration  13) **************
*                                                               *
*  integral  =  1.5304773       accum. integral =  1.5384229    *
*  std. dev. = 0.54476626E-02   accum. std. dev = 0.14729849E-02*
*   max. wt. =   0.433131E-03                                   *
*                                                               *
**************   chi**2/iteration = 0.9503       ****************

 Writing out intermediate results for iteration          13

************* Integration by Vegas (iteration  14) **************
*                                                               *
*  integral  =  1.5453240       accum. integral =  1.5388840    *
*  std. dev. = 0.55048113E-02   accum. std. dev = 0.14229250E-02*
*   max. wt. =   0.439051E-03                                   *
*                                                               *
**************   chi**2/iteration = 0.9900       ****************

 Writing out intermediate results for iteration          14

************* Integration by Vegas (iteration  15) **************
*                                                               *
*  integral  =  1.5484607       accum. integral =  1.5394750    *
*  std. dev. = 0.55485117E-02   accum. std. dev = 0.13783223E-02*
*   max. wt. =   0.439051E-03                                   *
*                                                               *
**************   chi**2/iteration =  1.119       ****************

 Writing out intermediate results for iteration          15

************* Integration by Vegas (iteration  16) **************
*                                                               *
*  integral  =  1.5433944       accum. integral =  1.5397008    *
*  std. dev. = 0.55748341E-02   accum. std. dev = 0.13380334E-02*
*   max. wt. =   0.439051E-03                                   *
*                                                               *
**************   chi**2/iteration =  1.075       ****************

 Writing out intermediate results for iteration          16

************* Integration by Vegas (iteration  17) **************
*                                                               *
*  integral  =  1.5293321       accum. integral =  1.5391366    *
*  std. dev. = 0.55776083E-02   accum. std. dev = 0.13011181E-02*
*   max. wt. =   0.439051E-03                                   *
*                                                               *
**************   chi**2/iteration =  1.212       ****************

 Writing out intermediate results for iteration          17

************* Integration by Vegas (iteration  18) **************
*                                                               *
*  integral  =  1.5353588       accum. integral =  1.5389365    *
*  std. dev. = 0.55025073E-02   accum. std. dev = 0.12662010E-02*
*   max. wt. =   0.439051E-03                                   *
*                                                               *
**************   chi**2/iteration =  1.167       ****************

 Writing out intermediate results for iteration          18

************* Integration by Vegas (iteration  19) **************
*                                                               *
*  integral  =  1.5348289       accum. integral =  1.5387352    *
*  std. dev. = 0.55783091E-02   accum. std. dev = 0.12347905E-02*
*   max. wt. =   0.439051E-03                                   *
*                                                               *
**************   chi**2/iteration =  1.131       ****************

 Writing out intermediate results for iteration          19

************* Integration by Vegas (iteration  20) **************
*                                                               *
*  integral  =  1.5377845       accum. integral =  1.5386908    *
*  std. dev. = 0.55764612E-02   accum. std. dev = 0.12055887E-02*
*   max. wt. =   0.439051E-03                                   *
*                                                               *
**************   chi**2/iteration =  1.073       ****************

 Writing out intermediate results for iteration          20

************* Integration by Vegas (iteration  21) **************
*                                                               *
*  integral  =  1.5347961       accum. integral =  1.5385159    *
*  std. dev. = 0.55602807E-02   accum. std. dev = 0.11782119E-02*
*   max. wt. =   0.439051E-03                                   *
*                                                               *
**************   chi**2/iteration =  1.043       ****************

 Writing out intermediate results for iteration          21

************* Integration by Vegas (iteration  22) **************
*                                                               *
*  integral  =  1.5442737       accum. integral =  1.5387594    *
*  std. dev. = 0.56070515E-02   accum. std. dev = 0.11530310E-02*
*   max. wt. =   0.439051E-03                                   *
*                                                               *
**************   chi**2/iteration =  1.041       ****************

 Writing out intermediate results for iteration          22

************* Integration by Vegas (iteration  23) **************
*                                                               *
*  integral  =  1.5454453       accum. integral =  1.5390238    *
*  std. dev. = 0.56823092E-02   accum. std. dev = 0.11300018E-02*
*   max. wt. =   0.439051E-03                                   *
*                                                               *
**************   chi**2/iteration =  1.054       ****************

 Writing out intermediate results for iteration          23

************* Integration by Vegas (iteration  24) **************
*                                                               *
*  integral  =  1.5388436       accum. integral =  1.5390170    *
*  std. dev. = 0.56939685E-02   accum. std. dev = 0.11083858E-02*
*   max. wt. =   0.439051E-03                                   *
*                                                               *
**************   chi**2/iteration =  1.009       ****************

 Writing out intermediate results for iteration          24

************* Integration by Vegas (iteration  25) **************
*                                                               *
*  integral  =  1.5417663       accum. integral =  1.5391158    *
*  std. dev. = 0.57396886E-02   accum. std. dev = 0.10882800E-02*
*   max. wt. =   0.439051E-03                                   *
*                                                               *
**************   chi**2/iteration = 0.9758       ****************

 Writing out intermediate results for iteration          25

************* Integration by Vegas (iteration  26) **************
*                                                               *
*  integral  =  1.5311556       accum. integral =  1.5388376    *
*  std. dev. = 0.57186807E-02   accum. std. dev = 0.10690935E-02*
*   max. wt. =   0.439051E-03                                   *
*                                                               *
**************   chi**2/iteration =  1.012       ****************

 Writing out intermediate results for iteration          26

************* Integration by Vegas (iteration  27) **************
*                                                               *
*  integral  =  1.5345447       accum. integral =  1.5386921    *
*  std. dev. = 0.57067171E-02   accum. std. dev = 0.10508128E-02*
*   max. wt. =   0.439051E-03                                   *
*                                                               *
**************   chi**2/iteration = 0.9937       ****************

 Writing out intermediate results for iteration          27

************* Integration by Vegas (iteration  28) **************
*                                                               *
*  integral  =  1.5456495       accum. integral =  1.5389131    *
*  std. dev. = 0.58016388E-02   accum. std. dev = 0.10339893E-02*
*   max. wt. =   0.561080E-03                                   *
*                                                               *
**************   chi**2/iteration =  1.008       ****************

 Writing out intermediate results for iteration          28

************* Integration by Vegas (iteration  29) **************
*                                                               *
*  integral  =  1.5407364       accum. integral =  1.5389732    *
*  std. dev. = 0.55984711E-02   accum. std. dev = 0.10167928E-02*
*   max. wt. =   0.561080E-03                                   *
*                                                               *
**************   chi**2/iteration = 0.9761       ****************

 Writing out intermediate results for iteration          29

************* Integration by Vegas (iteration  30) **************
*                                                               *
*  integral  =  1.5433557       accum. integral =  1.5391122    *
*  std. dev. = 0.56186981E-02   accum. std. dev = 0.10005416E-02*
*   max. wt. =   0.561080E-03                                   *
*                                                               *
**************   chi**2/iteration = 0.9627       ****************

 Writing out intermediate results for iteration          30

************* Integration by Vegas (iteration  31) **************
*                                                               *
*  integral  =  1.5355315       accum. integral =  1.5390030    *
*  std. dev. = 0.56410594E-02   accum. std. dev = 0.98516532E-03*
*   max. wt. =   0.561080E-03                                   *
*                                                               *
**************   chi**2/iteration = 0.9437       ****************

 Writing out intermediate results for iteration          31

************* Integration by Vegas (iteration  32) **************
*                                                               *
*  integral  =  1.5295633       accum. integral =  1.5387218    *
*  std. dev. = 0.56229117E-02   accum. std. dev = 0.97038396E-03*
*   max. wt. =   0.561080E-03                                   *
*                                                               *
**************   chi**2/iteration =  1.001       ****************

 Writing out intermediate results for iteration          32

************* Integration by Vegas (iteration  33) **************
*                                                               *
*  integral  =  1.5340558       accum. integral =  1.5385899    *
*  std. dev. = 0.56892352E-02   accum. std. dev = 0.95656927E-03*
*   max. wt. =   0.561080E-03                                   *
*                                                               *
**************   chi**2/iteration = 0.9906       ****************

 Writing out intermediate results for iteration          33

************* Integration by Vegas (iteration  34) **************
*                                                               *
*  integral  =  1.5328916       accum. integral =  1.5384347    *
*  std. dev. = 0.57166130E-02   accum. std. dev = 0.94345221E-03*
*   max. wt. =   0.561080E-03                                   *
*                                                               *
**************   chi**2/iteration = 0.9898       ****************

 Writing out intermediate results for iteration          34

************* Integration by Vegas (iteration  35) **************
*                                                               *
*  integral  =  1.5350563       accum. integral =  1.5383456    *
*  std. dev. = 0.57306957E-02   accum. std. dev = 0.93092095E-03*
*   max. wt. =   0.561080E-03                                   *
*                                                               *
**************   chi**2/iteration = 0.9707       ****************

 Writing out intermediate results for iteration          35

************* Integration by Vegas (iteration  36) **************
*                                                               *
*  integral  =  1.5497870       accum. integral =  1.5386354    *
*  std. dev. = 0.57739799E-02   accum. std. dev = 0.91905261E-03*
*   max. wt. =   0.561080E-03                                   *
*                                                               *
**************   chi**2/iteration =  1.052       ****************

 Writing out intermediate results for iteration          36

************* Integration by Vegas (iteration  37) **************
*                                                               *
*  integral  =  1.5375170       accum. integral =  1.5386072    *
*  std. dev. = 0.57152976E-02   accum. std. dev = 0.90739555E-03*
*   max. wt. =   0.561080E-03                                   *
*                                                               *
**************   chi**2/iteration =  1.024       ****************

 Writing out intermediate results for iteration          37

************* Integration by Vegas (iteration  38) **************
*                                                               *
*  integral  =  1.5493952       accum. integral =  1.5388784    *
*  std. dev. = 0.56511040E-02   accum. std. dev = 0.89591948E-03*
*   max. wt. =   0.561080E-03                                   *
*                                                               *
**************   chi**2/iteration =  1.092       ****************

 Writing out intermediate results for iteration          38

************* Integration by Vegas (iteration  39) **************
*                                                               *
*  integral  =  1.5390495       accum. integral =  1.5388825    *
*  std. dev. = 0.57377520E-02   accum. std. dev = 0.88519344E-03*
*   max. wt. =   0.561080E-03                                   *
*                                                               *
**************   chi**2/iteration =  1.064       ****************

 Writing out intermediate results for iteration          39

************* Integration by Vegas (iteration  40) **************
*                                                               *
*  integral  =  1.5319849       accum. integral =  1.5387199    *
*  std. dev. = 0.56981513E-02   accum. std. dev = 0.87470184E-03*
*   max. wt. =   0.561080E-03                                   *
*                                                               *
**************   chi**2/iteration =  1.073       ****************

 Writing out intermediate results for iteration          40

************* Integration by Vegas (iteration  41) **************
*                                                               *
*  integral  =  1.5366723       accum. integral =  1.5386735    *
*  std. dev. = 0.57437618E-02   accum. std. dev = 0.86473213E-03*
*   max. wt. =   0.561080E-03                                   *
*                                                               *
**************   chi**2/iteration =  1.049       ****************

 Writing out intermediate results for iteration          41

************* Integration by Vegas (iteration  42) **************
*                                                               *
*  integral  =  1.5347200       accum. integral =  1.5385832    *
*  std. dev. = 0.56557265E-02   accum. std. dev = 0.85479859E-03*
*   max. wt. =   0.561080E-03                                   *
*                                                               *
**************   chi**2/iteration =  1.035       ****************

 Writing out intermediate results for iteration          42

************* Integration by Vegas (iteration  43) **************
*                                                               *
*  integral  =  1.5437018       accum. integral =  1.5386957    *
*  std. dev. = 0.57017513E-02   accum. std. dev = 0.84535150E-03*
*   max. wt. =   0.561080E-03                                   *
*                                                               *
**************   chi**2/iteration =  1.030       ****************

 Writing out intermediate results for iteration          43

************* Integration by Vegas (iteration  44) **************
*                                                               *
*  integral  =  1.5386574       accum. integral =  1.5386949    *
*  std. dev. = 0.57441375E-02   accum. std. dev = 0.83634311E-03*
*   max. wt. =   0.561080E-03                                   *
*                                                               *
**************   chi**2/iteration =  1.006       ****************

 Writing out intermediate results for iteration          44

************* Integration by Vegas (iteration  45) **************
*                                                               *
*  integral  =  1.5408587       accum. integral =  1.5387391    *
*  std. dev. = 0.57925340E-02   accum. std. dev = 0.82775970E-03*
*   max. wt. =   0.561080E-03                                   *
*                                                               *
**************   chi**2/iteration = 0.9859       ****************

 Writing out intermediate results for iteration          45

************* Integration by Vegas (iteration  46) **************
*                                                               *
*  integral  =  1.5295387       accum. integral =  1.5385592    *
*  std. dev. = 0.58613937E-02   accum. std. dev = 0.81962683E-03*
*   max. wt. =   0.575437E-03                                   *
*                                                               *
**************   chi**2/iteration =  1.018       ****************

 Writing out intermediate results for iteration          46

************* Integration by Vegas (iteration  47) **************
*                                                               *
*  integral  =  1.5402116       accum. integral =  1.5385908    *
*  std. dev. = 0.58689843E-02   accum. std. dev = 0.81174919E-03*
*   max. wt. =   0.575437E-03                                   *
*                                                               *
**************   chi**2/iteration = 0.9972       ****************

 Writing out intermediate results for iteration          47

************* Integration by Vegas (iteration  48) **************
*                                                               *
*  integral  =  1.5465523       accum. integral =  1.5387461    *
*  std. dev. = 0.57558545E-02   accum. std. dev = 0.80379500E-03*
*   max. wt. =   0.575437E-03                                   *
*                                                               *
**************   chi**2/iteration =  1.016       ****************

 Writing out intermediate results for iteration          48

************* Integration by Vegas (iteration  49) **************
*                                                               *
*  integral  =  1.5317631       accum. integral =  1.5386131    *
*  std. dev. = 0.57699733E-02   accum. std. dev = 0.79610737E-03*
*   max. wt. =   0.575437E-03                                   *
*                                                               *
**************   chi**2/iteration =  1.025       ****************

 Writing out intermediate results for iteration          49

************* Integration by Vegas (iteration  50) **************
*                                                               *
*  integral  =  1.5443018       accum. integral =  1.5387194    *
*  std. dev. = 0.57687153E-02   accum. std. dev = 0.78863296E-03*
*   max. wt. =   0.575437E-03                                   *
*                                                               *
**************   chi**2/iteration =  1.023       ****************


Value of final lord integral is        1.5387 +/-     0.0008 fb

 Total number of shots       :     23619600
 Total no. failing cuts      :      9971451
 Number failing jet cuts     :            0
 Number failing process cuts :            0

   Jet efficiency : 100.00%
   Cut efficiency : 100.00%
 Total efficiency : 100.00%

 Contribution from parton sub-processes:
 ---------------------------------------
       GG     |           1.53872  100.00%
       GQ     |           0.00000    0.00%
       GQB    |           0.00000    0.00%
       QG     |           0.00000    0.00%
       QBG    |           0.00000    0.00%
       QQ     |           0.00000    0.00%
       QBQB   |           0.00000    0.00%
       QQB    |           0.00000    0.00%
       QBQ    |           0.00000    0.00%
 ---------------------------------------

 ****************************************************
 output files  E_var/E_33/CTEQ/HTOP/HZZH+i_lord_cteq6_l_0___0___126_130_run_33
 ****************************************************
