 ************** MCFM - version 6.8 ****************
 *                                                *
 * MCFM, v6.8                   April 26th, 2014  *
 *                                                *
 * Authors: John Campbell, Keith Ellis,           *
 *          Ciaran Williams                       *
 *         (johnmc@fnal.gov, ellis@fnal.gov,      *
 *          ciaran@fnal.gov)                      *
 *                                                *
 * For details see:                               *
 *                                                *
 *  arXiv:1403.2641 (Triphoton production)        *
 *  arXiv:1312.1628 (gg->WW, Higgs interference)  *
 *  arXiv:1311.3589 (gg->ZZ, Higgs interference)  *
 *  Phys.Rev.D87:114006, arXiv:1302.3856          *
 *  (tZ, tH -- with R. Rontsch)                   *
 *  arXiv:1211.6390 (DM, P. Fox and C. Williams)  *
 *  JHEP 1211:162 (2012), arXiv:1208.0566         *
 *  (Z+gam+jet,Z+gam+gam -- with H. Hartanto)     *
 *  arXiv:1204.1513 (top production+decay)        *
 *  JHEP 1207:052 (2012), arXiv:1204.5678 (ttW)   *
 *  JHEP 1110:005 (2011), arXiv:1107.5569         *
 *         (gg->WW,Higgs intference)              *
 *  JHEP 1107:018 (2011), arXiv:1105.0020         *
 *         (diboson update)                       *
 *  JHEP 1103:027 (2011), arXiv:1011.6647         *
 *         (Wbb for mb>0, with S. Badger)         *
 *  Phys.Rev.D81:074023, arXiv:1001.4495 (H+2jet) *
 *                                                *
 *  P.R.L. 102:142001, arXiv:0903.0005 [hep-ph]   *
 *    (t-channel single top + explicit b,         *
 *      JC, R.Frederix, F.Maltoni, F.Tramontano)  *
 *  N.P.B 726:109(2005), hep-ph/0506289 (W+t)     *
 *  Phys.Rev.D70:094012, hep-ph/0408158 (Sngl Top)*
 *       (with Francesco Tramontano)              *
 *                                                *
 *  Phys.Rev.D65:113007, hep-ph/0202176 (W,Z+2j)  *
 *  Phys.Rev.D62:114012, hep-ph/0006304 (W,Z+bb)  *
 *  Phys.Rev.D60:113006, hep-ph/9905386 (diboson) *
 *                                                *
 * On the web:  http://mcfm.fnal.gov/             *
 **************************************************

 * Using input file named cluster_CMS_25/CTEQ/HHTOP/input_131_14.DAT                              

 * [Flags to specify the mode in which MCFM is run]                                          
 *                   -1            [nevtrequested] 
 *                    F            [creatent] 
 *                    F            [skipnt] 
 *                    F            [dswhisto] 
 *                    F            [creategrid] 
 *                    T            [writetop] 
 *                    T            [writedat] 
 *                    T            [writegnu] 
 *                    T            [writeroot] 
 *                    F            [writepwg] 

 * [General options to specify the process and execution]                                    
 *                  131            [nproc] 
 *                 lord            [part] 
 * 131_run_14                      [runstring] 
 *           14000.0000            [sqrts] 
 *                    1            [ih1] 
 *                    1            [ih2] 
 *             126.0000            [hmass] 
 *               0.5000            [scale] 
 *               0.5000            [facscale] 
 * m(3456)                         [dynamicscale] 
 *                    F            [zerowidth] 
 *                    F            [removebr] 
 *                   20            [itmx1] 
 *               500000            [ncall1] 
 *                   50            [itmx2] 
 *               500000            [ncall2] 
 *                 2020            [ij] 
 *                    F            [dryrun] 
 *                    T            [Qflag] 
 *                    T            [Gflag] 

 * [Heavy quark masses]                                                                      
 *            1000.0000            [top mass] 
 *               4.7500            [bottom mass] 
 *               1.5000            [charm mass] 

 * [Pdf selection]                                                                           
 *              cteq6_l            [pdlabel] 
 *                    4            [NGROUP] 
 *                   46            [NSET] 
 * cteq6mE.LHgrid                  [LHAPDF group] 
 *                   -1            [LHAPDF set] 

 * [Jet definition and event cuts]                                                           
 *               0.0000            [m34min] 
 *           14000.0000            [m34max] 
 *               0.0000            [m56min] 
 *           14000.0000            [m56max] 
 *                    T            [inclusive] 
 *                 ankt            [algorithm] 
 *              15.0000            [ptjetmin] 
 *               0.0000            [etajetmin] 
 *               5.0000            [etajetmax] 
 *               0.5000            [Rcut] 
 *                    T            [makecuts] 
 *               0.0000            [leptpt] 
 *              99.0000            [leptrap] 
 *    0.000,   0.000                [leptveto] 
 *               0.0000            [misspt] 
 *               0.0000            [leptpt2] 
 *              99.0000            [leptrap2] 
 *    0.000,   0.000                [leptveto2] 
 *               0.0000            [mtrans34cut] 
 *               0.0000            [Rjlmin] 
 *               0.0000            [Rllmin] 
 *               0.0000            [delyjjmin] 
 *                    F            [jetsopphem] 
 *                    0            [lbjscheme] 
 *               0.0000            [ptbjetmin] 
 *              99.0000            [etabjetmax] 

 * [Settings for photon processes]                                                           
 *                    F            [frag] 
 *             GdRG__LO            [fragset] 
 *              80.0000            [frag_scale] 
 *              20.0000            [gammpt] 
 *               2.5000            [gammrap] 
 *              20.0000            [gammpt2] 
 *              20.0000            [gammpt3] 
 *               0.0000            [Rgalmin] 
 *               0.4000            [Rgagamin] 
 *               0.4000            [Rgajetmin] 
 *               0.4000            [cone_ang] 
 *               0.5000            [epsilon_h] 

 * [Anomalous couplings of the W and Z]                                                      
 *               0.0000            [delg1_z] 
 *               0.0000            [delk_z] 
 *               0.0000            [delk_g] 
 *               0.0000            [lambda_z] 
 *               0.0000            [lambda_g] 
 *               0.0000            [h1Z] 
 *               0.0000            [h1gam] 
 *               0.0000            [h2Z] 
 *               0.0000            [h2gam] 
 *               0.0000            [h3Z] 
 *               0.0000            [h3gam] 
 *               0.0000            [h4Z] 
 *               0.0000            [h4gam] 
 *               2.0000            [tevscale] 

 * [Anomalous width of the Higgs]                                                            
 *              25.0000            [Gamma_H/Gamma_H(SM)] 

 * [How to resume/save a run]                                                                
 *                    F            [readin] 
 *                    F            [writeout] 
 *                                 [ingridfile] 
 *                                 [outgridfile] 

 * [Technical parameters that should not normally be changed]

 *                    F            [debug] 
 *                    T            [verbose] 
 *                    F            [new_pspace] 
 *                    F            [virtonly] 
 *                    F            [realonly] 
 *                    T            [spira] 
 *                    F            [noglue] 
 *                    F            [ggonly] 
 *                    F            [gqonly] 
 *                    F            [omitgg] 
 *                    F            [vanillafiles] 
 *                    1            [nmin] 
 *                    2            [nmax] 
 *                    T            [clustering] 
 *                    F            [realwt] 
 *                    0            [colourchoice] 
 *               0.0100            [rtsmin] 
 *               0.0001            [cutoff] 
 *               0.1000            [aii] 
 *               0.1000            [aif] 
 *               0.1000            [afi] 
 *               1.0000            [aff] 
 *               1.0000            [bfi] 
 *               1.0000            [bff] 

 Chooser:process chosen by nproc=         131

 *************************** f(p1)+f(p2) --> ******************************************
 * Z^0(e^-(p3)+e^+(p4)) + Z^0(mu^-(p5)+mu^+(p6) [gg only, (H + gg->ZZ) squared]       *
 **************************************************************************************

 ************** Electroweak parameters **************
 *                                                  *
 *  zmass(+)   91.1876000     wmass(+)  80.3980000  *
 * zwidth(+)    2.4952000    wwidth(+)   2.1054000  *
 *     Gf(+) 0.116639D-04   1/aemmz    132.3384323  *
 *     xw       0.2226459      mtop(+)1000.0000000  *
 *   gwsq       0.4264904       esq      0.0949563  *
 * top width  325.3089159 (LO)                      *
 *    mb        4.7500000        mc      1.5000000  *
 *                                                  *
 * Parameters marked (+) are input, others derived  *
 ****************************************************

 ****************** Higgs parameters ****************
 *                                                  *
 *   mass(H) =  126.00      width(H) =  0.10768E+00 *
 *                                                  *
 *              Br( H -> b bbar)  =   0.11391       *
 *              Br( H -> tau tau) =   0.01211       *
 *              Br( H -> W W)     =   0.00000       *
 *              Br( H -> Z Z)     =   0.00000       *
 *              Br( H -> gam gam) =   0.00047       *
 *              Br( H -> Z gam)   =   0.00037       *
 ****************************************************
 *                                                  *
 * Note: branching ratios reported here can be > 1  *
 *       since the total Higgs width is calculated  *
 *       at NLO but the BR calculation uses a       *
 *       partial width at LO only.                  *
 *                                                  *
 ****************************************************

 WARNING: Higgs decay H->ZZ is below threshold and
 may not yield sensible results - check the number
 of integration points

 ***************** CKM mixing matrix ****************
 *                                                  *
 *      Vud=.97500    Vus=.22200    Vub=0.0000      *
 *      Vcd=.22200    Vcs=.97500    Vcb=0.0000      *
 ****************************************************

 ************* Strong coupling, alpha_s  ************
 *                                                  *
 *  Dynamic scale - alpha_s changed event-by-event  *
 *       alpha_s (zmass)  0.11800000                *
 *         (using 1-loop running of alpha_s)        *
 ****************************************************

 ****************************************
 *     Cross section in femtobarns      *
 ****************************************


 input parameters for vegas:  ndim= 10  ncall= 472392.
                              it=    0  itmx=   20
                              nprn=  0  alph= 1.50
                              mds=  1   nd= 100
                              xl( 1)=   0.000     xu( 1)=   1.000    
                              xl( 2)=   0.000     xu( 2)=   1.000    
                              xl( 3)=   0.000     xu( 3)=   1.000    
                              xl( 4)=   0.000     xu( 4)=   1.000    
                              xl( 5)=   0.000     xu( 5)=   1.000    
                              xl( 6)=   0.000     xu( 6)=   1.000    
                              xl( 7)=   0.000     xu( 7)=   1.000    
                              xl( 8)=   0.000     xu( 8)=   1.000    
                              xl( 9)=   0.000     xu( 9)=   1.000    
                              xl(10)=   0.000     xu(10)=   1.000    

 ****************** Basic mass cuts *****************
 *                                                  *
 *              0.00  <   m34  < 14000.00           *
 *              0.00  <   m56  < 14000.00           *
 ****************************************************
 *********** CMS Higgs Search cuts******
 *                                     *
 *     pt(mu) >           5.00 GeV     *
 *     pt(el) >           7.00 GeV     *
 *     |eta_mu| <         2.40         *
 *     |eta_el| <         2.50         *
 *     m4lmin >         100.00 GeV     *
 *     m2lmin >           4.00 GeV     *
 *     ptleading >       20.00 GeV     *
 *     ptnexttoleading > 10.00 GeV     *
 *     mllnear >         40.00 GeV     *
 *     mllfar >          12.00 GeV     *
 *     mllmax >         120.00 GeV     *
 ***************************************

 ************** Dynamic scale choice ****************
 *                                                  *
 *                 RENORMALIZATION                  *
 *       mu_ren  =  0.50 x m(3456)                  *
 *                                                  *
 *                  FACTORIZATION                   *
 *       mu_fac  =  0.50 x m(3456)                  *
 *                                                  *
 ****************************************************
 ====================================================
   This is QCDLoop - version 1.95                    
   Authors: Keith Ellis and Giulia Zanderighi        
   (ellis@fnal.gov, g.zanderighi1@physics.ox.ac.uk)  
   For details see FERMILAB-PUB-07-633-T,OUTP-07/16P 
   arXiv:0712.1851 [hep-ph], published in            
   JHEP 0802:002,2008.                               
 ====================================================
 ====================================================
   FF 2.0, a package to evaluate one-loop integrals
 written by G. J. van Oldenborgh, NIKHEF-H, Amsterdam
 ====================================================
 for the algorithms used see preprint NIKHEF-H 89/17,
 'New Algorithms for One-loop Integrals', by G.J. van
 Oldenborgh and J.A.M. Vermaseren, published in 
 Zeitschrift fuer Physik C46(1990)425.
 ====================================================
 ffini: precx =    4.4408920985006262E-016
 ffini: precc =    4.4408920985006262E-016
 ffini: xalogm =    4.9406564584124654E-324
 ffini: xclogm =    4.9406564584124654E-324
 ****************************************************
 *                                                  *
 *  gg->ZZ box loop includes gens. 1 and 2          *
 *  gg->ZZ box loop includes bottom quark           *
 *  gg->ZZ box loop includes top quark              *
 *                                                  *
 *  Numer. stability: pt(Z) > 0.100 GeV (gens. 1,2) *
 *  Numer. stability: pt(Z) > 0.100 GeV (b,t loops) *
 *                                                  *
 ****************************************************

************* Integration by Vegas (iteration   1) **************
*                                                               *
*  integral  =  3.4387563       accum. integral =  3.4387563    *
*  std. dev. = 0.77624635E-01   accum. std. dev = 0.77624635E-01*
*   max. wt. =   0.254554E-01                                   *
*                                                               *
**************   chi**2/iteration =  0.000       ****************


************* Integration by Vegas (iteration   2) **************
*                                                               *
*  integral  =  3.7205044       accum. integral =  3.6749372    *
*  std. dev. = 0.34095995E-01   accum. std. dev = 0.31217294E-01*
*   max. wt. =   0.254554E-01                                   *
*                                                               *
**************   chi**2/iteration =  10.93       ****************


************* Integration by Vegas (iteration   3) **************
*                                                               *
*  integral  =  3.6790237       accum. integral =  3.6783854    *
*  std. dev. = 0.13431075E-01   accum. std. dev = 0.12337619E-01*
*   max. wt. =   0.254554E-01                                   *
*                                                               *
**************   chi**2/iteration =  5.501       ****************


************* Integration by Vegas (iteration   4) **************
*                                                               *
*  integral  =  3.6676267       accum. integral =  3.6708428    *
*  std. dev. = 0.80563668E-02   accum. std. dev = 0.67455721E-02*
*   max. wt. =   0.254554E-01                                   *
*                                                               *
**************   chi**2/iteration =  3.851       ****************


************* Integration by Vegas (iteration   5) **************
*                                                               *
*  integral  =  3.6636313       accum. integral =  3.6672504    *
*  std. dev. = 0.67705278E-02   accum. std. dev = 0.47786385E-02*
*   max. wt. =   0.254554E-01                                   *
*                                                               *
**************   chi**2/iteration =  3.033       ****************


************* Integration by Vegas (iteration   6) **************
*                                                               *
*  integral  =  3.6679124       accum. integral =  3.6674840    *
*  std. dev. = 0.64720043E-02   accum. std. dev = 0.38442910E-02*
*   max. wt. =   0.254554E-01                                   *
*                                                               *
**************   chi**2/iteration =  2.429       ****************


************* Integration by Vegas (iteration   7) **************
*                                                               *
*  integral  =  3.6768210       accum. integral =  3.6699362    *
*  std. dev. = 0.64413219E-02   accum. std. dev = 0.33010787E-02*
*   max. wt. =   0.254554E-01                                   *
*                                                               *
**************   chi**2/iteration =  2.282       ****************


************* Integration by Vegas (iteration   8) **************
*                                                               *
*  integral  =  3.6708037       accum. integral =  3.6701168    *
*  std. dev. = 0.64381984E-02   accum. std. dev = 0.29374615E-02*
*   max. wt. =   0.254554E-01                                   *
*                                                               *
**************   chi**2/iteration =  1.959       ****************


************* Integration by Vegas (iteration   9) **************
*                                                               *
*  integral  =  3.6749465       accum. integral =  3.6709283    *
*  std. dev. = 0.65364404E-02   accum. std. dev = 0.26793379E-02*
*   max. wt. =   0.254554E-01                                   *
*                                                               *
**************   chi**2/iteration =  1.771       ****************


************* Integration by Vegas (iteration  10) **************
*                                                               *
*  integral  =  3.6761146       accum. integral =  3.6716314    *
*  std. dev. = 0.67656162E-02   accum. std. dev = 0.24911046E-02*
*   max. wt. =   0.254554E-01                                   *
*                                                               *
**************   chi**2/iteration =  1.631       ****************


************* Integration by Vegas (iteration  11) **************
*                                                               *
*  integral  =  3.6537473       accum. integral =  3.6693236    *
*  std. dev. = 0.64718142E-02   accum. std. dev = 0.23248273E-02*
*   max. wt. =   0.254554E-01                                   *
*                                                               *
**************   chi**2/iteration =  2.132       ****************


************* Integration by Vegas (iteration  12) **************
*                                                               *
*  integral  =  3.6562921       accum. integral =  3.6677477    *
*  std. dev. = 0.62679552E-02   accum. std. dev = 0.21797228E-02*
*   max. wt. =   0.254554E-01                                   *
*                                                               *
**************   chi**2/iteration =  2.284       ****************


************* Integration by Vegas (iteration  13) **************
*                                                               *
*  integral  =  3.6726666       accum. integral =  3.6682042    *
*  std. dev. = 0.68145615E-02   accum. std. dev = 0.20761035E-02*
*   max. wt. =   0.254554E-01                                   *
*                                                               *
**************   chi**2/iteration =  2.133       ****************


************* Integration by Vegas (iteration  14) **************
*                                                               *
*  integral  =  3.6632142       accum. integral =  3.6677541    *
*  std. dev. = 0.65933549E-02   accum. std. dev = 0.19802538E-02*
*   max. wt. =   0.254554E-01                                   *
*                                                               *
**************   chi**2/iteration =  2.009       ****************


************* Integration by Vegas (iteration  15) **************
*                                                               *
*  integral  =  3.6794954       accum. integral =  3.6681981    *
*  std. dev. = 0.99888060E-02   accum. std. dev = 0.19424506E-02*
*   max. wt. =   0.254554E-01                                   *
*                                                               *
**************   chi**2/iteration =  1.961       ****************


************* Integration by Vegas (iteration  16) **************
*                                                               *
*  integral  =  3.6585684       accum. integral =  3.6677696    *
*  std. dev. = 0.90014391E-02   accum. std. dev = 0.18987444E-02*
*   max. wt. =   0.254554E-01                                   *
*                                                               *
**************   chi**2/iteration =  1.903       ****************


************* Integration by Vegas (iteration  17) **************
*                                                               *
*  integral  =  3.6639979       accum. integral =  3.6675102    *
*  std. dev. = 0.69859617E-02   accum. std. dev = 0.18322732E-02*
*   max. wt. =   0.254554E-01                                   *
*                                                               *
**************   chi**2/iteration =  1.801       ****************


************* Integration by Vegas (iteration  18) **************
*                                                               *
*  integral  =  3.6628005       accum. integral =  3.6671685    *
*  std. dev. = 0.65517553E-02   accum. std. dev = 0.17645682E-02*
*   max. wt. =   0.254554E-01                                   *
*                                                               *
**************   chi**2/iteration =  1.723       ****************


************* Integration by Vegas (iteration  19) **************
*                                                               *
*  integral  =  3.6729200       accum. integral =  3.6675667    *
*  std. dev. = 0.64703636E-02   accum. std. dev = 0.17023967E-02*
*   max. wt. =   0.254554E-01                                   *
*                                                               *
**************   chi**2/iteration =  1.668       ****************


************* Integration by Vegas (iteration  20) **************
*                                                               *
*  integral  =  3.6665121       accum. integral =  3.6674954    *
*  std. dev. = 0.63223993E-02   accum. std. dev = 0.16438472E-02*
*   max. wt. =   0.254554E-01                                   *
*                                                               *
**************   chi**2/iteration =  1.582       ****************


 input parameters for vegas:  ndim= 10  ncall= 472392.
                              it=   21  itmx=   50
                              nprn=  0  alph= 1.50
                              mds=  1   nd= 100
                              xl( 1)=   0.000     xu( 1)=   1.000    
                              xl( 2)=   0.000     xu( 2)=   1.000    
                              xl( 3)=   0.000     xu( 3)=   1.000    
                              xl( 4)=   0.000     xu( 4)=   1.000    
                              xl( 5)=   0.000     xu( 5)=   1.000    
                              xl( 6)=   0.000     xu( 6)=   1.000    
                              xl( 7)=   0.000     xu( 7)=   1.000    
                              xl( 8)=   0.000     xu( 8)=   1.000    
                              xl( 9)=   0.000     xu( 9)=   1.000    
                              xl(10)=   0.000     xu(10)=   1.000    

************* Integration by Vegas (iteration   1) **************
*                                                               *
*  integral  =  3.6639410       accum. integral =  3.6639410    *
*  std. dev. = 0.64185692E-02   accum. std. dev = 0.64185692E-02*
*   max. wt. =   0.985939E-03                                   *
*                                                               *
**************   chi**2/iteration =  0.000       ****************

 Writing out intermediate results for iteration           1

************* Integration by Vegas (iteration   2) **************
*                                                               *
*  integral  =  3.6775966       accum. integral =  3.6707020    *
*  std. dev. = 0.64817322E-02   accum. std. dev = 0.45607813E-02*
*   max. wt. =   0.985939E-03                                   *
*                                                               *
**************   chi**2/iteration =  2.219       ****************

 Writing out intermediate results for iteration           2

************* Integration by Vegas (iteration   3) **************
*                                                               *
*  integral  =  3.6763961       accum. integral =  3.6725230    *
*  std. dev. = 0.66512206E-02   accum. std. dev = 0.37614226E-02*
*   max. wt. =   0.132211E-02                                   *
*                                                               *
**************   chi**2/iteration =  1.363       ****************

 Writing out intermediate results for iteration           3

************* Integration by Vegas (iteration   4) **************
*                                                               *
*  integral  =  3.6690118       accum. integral =  3.6716277    *
*  std. dev. = 0.64295037E-02   accum. std. dev = 0.32466440E-02*
*   max. wt. =   0.132211E-02                                   *
*                                                               *
**************   chi**2/iteration = 0.9839       ****************

 Writing out intermediate results for iteration           4

************* Integration by Vegas (iteration   5) **************
*                                                               *
*  integral  =  3.6613204       accum. integral =  3.6695345    *
*  std. dev. = 0.64314356E-02   accum. std. dev = 0.28982906E-02*
*   max. wt. =   0.132211E-02                                   *
*                                                               *
**************   chi**2/iteration =  1.249       ****************

 Writing out intermediate results for iteration           5

************* Integration by Vegas (iteration   6) **************
*                                                               *
*  integral  =  3.6768164       accum. integral =  3.6707566    *
*  std. dev. = 0.64539568E-02   accum. std. dev = 0.26439310E-02*
*   max. wt. =   0.132211E-02                                   *
*                                                               *
**************   chi**2/iteration =  1.211       ****************

 Writing out intermediate results for iteration           6

************* Integration by Vegas (iteration   7) **************
*                                                               *
*  integral  =  3.6717490       accum. integral =  3.6708965    *
*  std. dev. = 0.65264553E-02   accum. std. dev = 0.24504868E-02*
*   max. wt. =   0.132211E-02                                   *
*                                                               *
**************   chi**2/iteration =  1.013       ****************

 Writing out intermediate results for iteration           7

************* Integration by Vegas (iteration   8) **************
*                                                               *
*  integral  =  3.6605477       accum. integral =  3.6696250    *
*  std. dev. = 0.65475636E-02   accum. std. dev = 0.22950207E-02*
*   max. wt. =   0.132211E-02                                   *
*                                                               *
**************   chi**2/iteration =  1.181       ****************

 Writing out intermediate results for iteration           8

************* Integration by Vegas (iteration   9) **************
*                                                               *
*  integral  =  3.6498650       accum. integral =  3.6674977    *
*  std. dev. = 0.66073748E-02   accum. std. dev = 0.21679649E-02*
*   max. wt. =   0.132211E-02                                   *
*                                                               *
**************   chi**2/iteration =  2.030       ****************

 Writing out intermediate results for iteration           9

************* Integration by Vegas (iteration  10) **************
*                                                               *
*  integral  =  3.6614328       accum. integral =  3.6669084    *
*  std. dev. = 0.66085538E-02   accum. std. dev = 0.20599512E-02*
*   max. wt. =   0.132211E-02                                   *
*                                                               *
**************   chi**2/iteration =  1.889       ****************

 Writing out intermediate results for iteration          10

************* Integration by Vegas (iteration  11) **************
*                                                               *
*  integral  =  3.6782640       accum. integral =  3.6678870    *
*  std. dev. = 0.67081266E-02   accum. std. dev = 0.19691951E-02*
*   max. wt. =   0.132211E-02                                   *
*                                                               *
**************   chi**2/iteration =  1.962       ****************

 Writing out intermediate results for iteration          11

************* Integration by Vegas (iteration  12) **************
*                                                               *
*  integral  =  3.6606492       accum. integral =  3.6673279    *
*  std. dev. = 0.68062908E-02   accum. std. dev = 0.18916161E-02*
*   max. wt. =   0.132211E-02                                   *
*                                                               *
**************   chi**2/iteration =  1.879       ****************

 Writing out intermediate results for iteration          12

************* Integration by Vegas (iteration  13) **************
*                                                               *
*  integral  =  3.6664416       accum. integral =  3.6672666    *
*  std. dev. = 0.69412951E-02   accum. std. dev = 0.18250605E-02*
*   max. wt. =   0.183841E-02                                   *
*                                                               *
**************   chi**2/iteration =  1.723       ****************

 Writing out intermediate results for iteration          13

************* Integration by Vegas (iteration  14) **************
*                                                               *
*  integral  =  3.6675792       accum. integral =  3.6672875    *
*  std. dev. = 0.68279791E-02   accum. std. dev = 0.17631626E-02*
*   max. wt. =   0.183841E-02                                   *
*                                                               *
**************   chi**2/iteration =  1.591       ****************

 Writing out intermediate results for iteration          14

************* Integration by Vegas (iteration  15) **************
*                                                               *
*  integral  =  3.6758142       accum. integral =  3.6678273    *
*  std. dev. = 0.67821141E-02   accum. std. dev = 0.17064400E-02*
*   max. wt. =   0.183841E-02                                   *
*                                                               *
**************   chi**2/iteration =  1.583       ****************

 Writing out intermediate results for iteration          15

************* Integration by Vegas (iteration  16) **************
*                                                               *
*  integral  =  3.6689126       accum. integral =  3.6678934    *
*  std. dev. = 0.66994343E-02   accum. std. dev = 0.16536395E-02*
*   max. wt. =   0.183841E-02                                   *
*                                                               *
**************   chi**2/iteration =  1.479       ****************

 Writing out intermediate results for iteration          16

************* Integration by Vegas (iteration  17) **************
*                                                               *
*  integral  =  3.6788560       accum. integral =  3.6685072    *
*  std. dev. = 0.67903112E-02   accum. std. dev = 0.16066823E-02*
*   max. wt. =   0.183841E-02                                   *
*                                                               *
**************   chi**2/iteration =  1.541       ****************

 Writing out intermediate results for iteration          17

************* Integration by Vegas (iteration  18) **************
*                                                               *
*  integral  =  3.6677632       accum. integral =  3.6684665    *
*  std. dev. = 0.66797992E-02   accum. std. dev = 0.15621299E-02*
*   max. wt. =   0.183841E-02                                   *
*                                                               *
**************   chi**2/iteration =  1.451       ****************

 Writing out intermediate results for iteration          18

************* Integration by Vegas (iteration  19) **************
*                                                               *
*  integral  =  3.6657639       accum. integral =  3.6683313    *
*  std. dev. = 0.68087776E-02   accum. std. dev = 0.15225716E-02*
*   max. wt. =   0.183841E-02                                   *
*                                                               *
**************   chi**2/iteration =  1.378       ****************

 Writing out intermediate results for iteration          19

************* Integration by Vegas (iteration  20) **************
*                                                               *
*  integral  =  3.6727970       accum. integral =  3.6685174    *
*  std. dev. = 0.73020580E-02   accum. std. dev = 0.14905144E-02*
*   max. wt. =   0.278975E-02                                   *
*                                                               *
**************   chi**2/iteration =  1.325       ****************

 Writing out intermediate results for iteration          20

************* Integration by Vegas (iteration  21) **************
*                                                               *
*  integral  =  3.6528409       accum. integral =  3.6678515    *
*  std. dev. = 0.70769740E-02   accum. std. dev = 0.14585165E-02*
*   max. wt. =   0.278975E-02                                   *
*                                                               *
**************   chi**2/iteration =  1.493       ****************

 Writing out intermediate results for iteration          21

************* Integration by Vegas (iteration  22) **************
*                                                               *
*  integral  =  3.6779171       accum. integral =  3.6682755    *
*  std. dev. = 0.69558107E-02   accum. std. dev = 0.14274732E-02*
*   max. wt. =   0.278975E-02                                   *
*                                                               *
**************   chi**2/iteration =  1.518       ****************

 Writing out intermediate results for iteration          22

************* Integration by Vegas (iteration  23) **************
*                                                               *
*  integral  =  3.6665146       accum. integral =  3.6682007    *
*  std. dev. = 0.67775820E-02   accum. std. dev = 0.13968281E-02*
*   max. wt. =   0.278975E-02                                   *
*                                                               *
**************   chi**2/iteration =  1.452       ****************

 Writing out intermediate results for iteration          23

************* Integration by Vegas (iteration  24) **************
*                                                               *
*  integral  =  3.6840584       accum. integral =  3.6688021    *
*  std. dev. = 0.70350728E-02   accum. std. dev = 0.13700828E-02*
*   max. wt. =   0.278975E-02                                   *
*                                                               *
**************   chi**2/iteration =  1.601       ****************

 Writing out intermediate results for iteration          24

************* Integration by Vegas (iteration  25) **************
*                                                               *
*  integral  =  3.6577149       accum. integral =  3.6683963    *
*  std. dev. = 0.70290921E-02   accum. std. dev = 0.13447754E-02*
*   max. wt. =   0.278975E-02                                   *
*                                                               *
**************   chi**2/iteration =  1.634       ****************

 Writing out intermediate results for iteration          25

************* Integration by Vegas (iteration  26) **************
*                                                               *
*  integral  =  3.6636545       accum. integral =  3.6682243    *
*  std. dev. = 0.69309900E-02   accum. std. dev = 0.13201562E-02*
*   max. wt. =   0.278975E-02                                   *
*                                                               *
**************   chi**2/iteration =  1.587       ****************

 Writing out intermediate results for iteration          26

************* Integration by Vegas (iteration  27) **************
*                                                               *
*  integral  =  3.6687005       accum. integral =  3.6682409    *
*  std. dev. = 0.69433771E-02   accum. std. dev = 0.12969224E-02*
*   max. wt. =   0.278975E-02                                   *
*                                                               *
**************   chi**2/iteration =  1.526       ****************

 Writing out intermediate results for iteration          27

************* Integration by Vegas (iteration  28) **************
*                                                               *
*  integral  =  3.6598777       accum. integral =  3.6679541    *
*  std. dev. = 0.68820216E-02   accum. std. dev = 0.12744889E-02*
*   max. wt. =   0.278975E-02                                   *
*                                                               *
**************   chi**2/iteration =  1.522       ****************

 Writing out intermediate results for iteration          28

************* Integration by Vegas (iteration  29) **************
*                                                               *
*  integral  =  3.6745461       accum. integral =  3.6681672    *
*  std. dev. = 0.69717947E-02   accum. std. dev = 0.12537127E-02*
*   max. wt. =   0.278975E-02                                   *
*                                                               *
**************   chi**2/iteration =  1.499       ****************

 Writing out intermediate results for iteration          29

************* Integration by Vegas (iteration  30) **************
*                                                               *
*  integral  =  3.6762749       accum. integral =  3.6683570    *
*  std. dev. = 0.80975582E-02   accum. std. dev = 0.12389511E-02*
*   max. wt. =   0.371090E-02                                   *
*                                                               *
**************   chi**2/iteration =  1.481       ****************

 Writing out intermediate results for iteration          30

************* Integration by Vegas (iteration  31) **************
*                                                               *
*  integral  =  3.6693375       accum. integral =  3.6683817    *
*  std. dev. = 0.77098971E-02   accum. std. dev = 0.12232575E-02*
*   max. wt. =   0.371090E-02                                   *
*                                                               *
**************   chi**2/iteration =  1.432       ****************

 Writing out intermediate results for iteration          31

************* Integration by Vegas (iteration  32) **************
*                                                               *
*  integral  =  3.6664327       accum. integral =  3.6683236    *
*  std. dev. = 0.69777188E-02   accum. std. dev = 0.12048826E-02*
*   max. wt. =   0.371090E-02                                   *
*                                                               *
**************   chi**2/iteration =  1.388       ****************

 Writing out intermediate results for iteration          32

************* Integration by Vegas (iteration  33) **************
*                                                               *
*  integral  =  3.6641016       accum. integral =  3.6681971    *
*  std. dev. = 0.68560407E-02   accum. std. dev = 0.11866966E-02*
*   max. wt. =   0.371090E-02                                   *
*                                                               *
**************   chi**2/iteration =  1.357       ****************

 Writing out intermediate results for iteration          33

************* Integration by Vegas (iteration  34) **************
*                                                               *
*  integral  =  3.6718350       accum. integral =  3.6683008    *
*  std. dev. = 0.69284609E-02   accum. std. dev = 0.11696638E-02*
*   max. wt. =   0.371090E-02                                   *
*                                                               *
**************   chi**2/iteration =  1.324       ****************

 Writing out intermediate results for iteration          34

************* Integration by Vegas (iteration  35) **************
*                                                               *
*  integral  =  3.6579602       accum. integral =  3.6680166    *
*  std. dev. = 0.69577285E-02   accum. std. dev = 0.11534782E-02*
*   max. wt. =   0.371090E-02                                   *
*                                                               *
**************   chi**2/iteration =  1.348       ****************

 Writing out intermediate results for iteration          35

************* Integration by Vegas (iteration  36) **************
*                                                               *
*  integral  =  3.6632543       accum. integral =  3.6678879    *
*  std. dev. = 0.69227093E-02   accum. std. dev = 0.11377920E-02*
*   max. wt. =   0.371090E-02                                   *
*                                                               *
**************   chi**2/iteration =  1.322       ****************

 Writing out intermediate results for iteration          36

************* Integration by Vegas (iteration  37) **************
*                                                               *
*  integral  =  3.6614396       accum. integral =  3.6677233    *
*  std. dev. = 0.70285213E-02   accum. std. dev = 0.11231704E-02*
*   max. wt. =   0.371090E-02                                   *
*                                                               *
**************   chi**2/iteration =  1.309       ****************

 Writing out intermediate results for iteration          37

************* Integration by Vegas (iteration  38) **************
*                                                               *
*  integral  =  3.6725546       accum. integral =  3.6678397    *
*  std. dev. = 0.71481252E-02   accum. std. dev = 0.11095569E-02*
*   max. wt. =   0.371090E-02                                   *
*                                                               *
**************   chi**2/iteration =  1.285       ****************

 Writing out intermediate results for iteration          38

************* Integration by Vegas (iteration  39) **************
*                                                               *
*  integral  =  3.6750029       accum. integral =  3.6680130    *
*  std. dev. = 0.70454945E-02   accum. std. dev = 0.10960484E-02*
*   max. wt. =   0.371090E-02                                   *
*                                                               *
**************   chi**2/iteration =  1.278       ****************

 Writing out intermediate results for iteration          39

************* Integration by Vegas (iteration  40) **************
*                                                               *
*  integral  =  3.6664469       accum. integral =  3.6679768    *
*  std. dev. = 0.71188669E-02   accum. std. dev = 0.10832840E-02*
*   max. wt. =   0.371090E-02                                   *
*                                                               *
**************   chi**2/iteration =  1.246       ****************

 Writing out intermediate results for iteration          40

************* Integration by Vegas (iteration  41) **************
*                                                               *
*  integral  =  3.6527688       accum. integral =  3.6676352    *
*  std. dev. = 0.71469429E-02   accum. std. dev = 0.10710505E-02*
*   max. wt. =   0.371090E-02                                   *
*                                                               *
**************   chi**2/iteration =  1.326       ****************

 Writing out intermediate results for iteration          41

************* Integration by Vegas (iteration  42) **************
*                                                               *
*  integral  =  3.6657663       accum. integral =  3.6675956    *
*  std. dev. = 0.72784267E-02   accum. std. dev = 0.10596391E-02*
*   max. wt. =   0.371090E-02                                   *
*                                                               *
**************   chi**2/iteration =  1.295       ****************

 Writing out intermediate results for iteration          42

************* Integration by Vegas (iteration  43) **************
*                                                               *
*  integral  =  3.6682461       accum. integral =  3.6676063    *
*  std. dev. = 0.81943637E-02   accum. std. dev = 0.10508891E-02*
*   max. wt. =   0.371090E-02                                   *
*                                                               *
**************   chi**2/iteration =  1.264       ****************

 Writing out intermediate results for iteration          43

************* Integration by Vegas (iteration  44) **************
*                                                               *
*  integral  =  3.6602416       accum. integral =  3.6674716    *
*  std. dev. = 0.76992685E-02   accum. std. dev = 0.10412347E-02*
*   max. wt. =   0.371090E-02                                   *
*                                                               *
**************   chi**2/iteration =  1.256       ****************

 Writing out intermediate results for iteration          44

************* Integration by Vegas (iteration  45) **************
*                                                               *
*  integral  =  3.6700680       accum. integral =  3.6675181    *
*  std. dev. = 0.77112987E-02   accum. std. dev = 0.10318705E-02*
*   max. wt. =   0.371090E-02                                   *
*                                                               *
**************   chi**2/iteration =  1.230       ****************

 Writing out intermediate results for iteration          45

************* Integration by Vegas (iteration  46) **************
*                                                               *
*  integral  =  3.6655945       accum. integral =  3.6674820    *
*  std. dev. = 0.74571035E-02   accum. std. dev = 0.10221313E-02*
*   max. wt. =   0.371090E-02                                   *
*                                                               *
**************   chi**2/iteration =  1.204       ****************

 Writing out intermediate results for iteration          46

************* Integration by Vegas (iteration  47) **************
*                                                               *
*  integral  =  3.6651740       accum. integral =  3.6674356    *
*  std. dev. = 0.71415001E-02   accum. std. dev = 0.10118203E-02*
*   max. wt. =   0.371090E-02                                   *
*                                                               *
**************   chi**2/iteration =  1.180       ****************

 Writing out intermediate results for iteration          47

************* Integration by Vegas (iteration  48) **************
*                                                               *
*  integral  =  3.6579012       accum. integral =  3.6672429    *
*  std. dev. = 0.70450381E-02   accum. std. dev = 0.10015435E-02*
*   max. wt. =   0.371090E-02                                   *
*                                                               *
**************   chi**2/iteration =  1.193       ****************

 Writing out intermediate results for iteration          48

************* Integration by Vegas (iteration  49) **************
*                                                               *
*  integral  =  3.6651062       accum. integral =  3.6672069    *
*  std. dev. = 0.76420590E-02   accum. std. dev = 0.99305154E-03*
*   max. wt. =   0.371090E-02                                   *
*                                                               *
**************   chi**2/iteration =  1.170       ****************

 Writing out intermediate results for iteration          49

************* Integration by Vegas (iteration  50) **************
*                                                               *
*  integral  =  3.6754291       accum. integral =  3.6673483    *
*  std. dev. = 0.75050611E-02   accum. std. dev = 0.98447090E-03*
*   max. wt. =   0.371090E-02                                   *
*                                                               *
**************   chi**2/iteration =  1.170       ****************


Value of final lord integral is        3.6673 +/-     0.0010 fb

 Total number of shots       :     23619600
 Total no. failing cuts      :      8102957
 Number failing jet cuts     :            0
 Number failing process cuts :            0

   Jet efficiency : 100.00%
   Cut efficiency : 100.00%
 Total efficiency : 100.00%

 Contribution from parton sub-processes:
 ---------------------------------------
       GG     |           3.66735  100.00%
       GQ     |           0.00000    0.00%
       GQB    |           0.00000    0.00%
       QG     |           0.00000    0.00%
       QBG    |           0.00000    0.00%
       QQ     |           0.00000    0.00%
       QBQB   |           0.00000    0.00%
       QQB    |           0.00000    0.00%
       QBQ    |           0.00000    0.00%
 ---------------------------------------

 ****************************************************
 output files  cluster_CMS_25/CTEQ/HHTOP/ggZZ4l_lord_cteq6_l_0___0___126_131_run_14
 ****************************************************
