 ************** MCFM - version 6.8 ****************
 *                                                *
 * MCFM, v6.8                   April 26th, 2014  *
 *                                                *
 * Authors: John Campbell, Keith Ellis,           *
 *          Ciaran Williams                       *
 *         (johnmc@fnal.gov, ellis@fnal.gov,      *
 *          ciaran@fnal.gov)                      *
 *                                                *
 * For details see:                               *
 *                                                *
 *  arXiv:1403.2641 (Triphoton production)        *
 *  arXiv:1312.1628 (gg->WW, Higgs interference)  *
 *  arXiv:1311.3589 (gg->ZZ, Higgs interference)  *
 *  Phys.Rev.D87:114006, arXiv:1302.3856          *
 *  (tZ, tH -- with R. Rontsch)                   *
 *  arXiv:1211.6390 (DM, P. Fox and C. Williams)  *
 *  JHEP 1211:162 (2012), arXiv:1208.0566         *
 *  (Z+gam+jet,Z+gam+gam -- with H. Hartanto)     *
 *  arXiv:1204.1513 (top production+decay)        *
 *  JHEP 1207:052 (2012), arXiv:1204.5678 (ttW)   *
 *  JHEP 1110:005 (2011), arXiv:1107.5569         *
 *         (gg->WW,Higgs intference)              *
 *  JHEP 1107:018 (2011), arXiv:1105.0020         *
 *         (diboson update)                       *
 *  JHEP 1103:027 (2011), arXiv:1011.6647         *
 *         (Wbb for mb>0, with S. Badger)         *
 *  Phys.Rev.D81:074023, arXiv:1001.4495 (H+2jet) *
 *                                                *
 *  P.R.L. 102:142001, arXiv:0903.0005 [hep-ph]   *
 *    (t-channel single top + explicit b,         *
 *      JC, R.Frederix, F.Maltoni, F.Tramontano)  *
 *  N.P.B 726:109(2005), hep-ph/0506289 (W+t)     *
 *  Phys.Rev.D70:094012, hep-ph/0408158 (Sngl Top)*
 *       (with Francesco Tramontano)              *
 *                                                *
 *  Phys.Rev.D65:113007, hep-ph/0202176 (W,Z+2j)  *
 *  Phys.Rev.D62:114012, hep-ph/0006304 (W,Z+bb)  *
 *  Phys.Rev.D60:113006, hep-ph/9905386 (diboson) *
 *                                                *
 * On the web:  http://mcfm.fnal.gov/             *
 **************************************************

 * Using input file named cluster_CMS_m4l/CTEQm4/HHTOP/input_128_14.DAT                           

 * [Flags to specify the mode in which MCFM is run]                                          
 *                   -1            [nevtrequested] 
 *                    F            [creatent] 
 *                    F            [skipnt] 
 *                    F            [dswhisto] 
 *                    F            [creategrid] 
 *                    T            [writetop] 
 *                    T            [writedat] 
 *                    T            [writegnu] 
 *                    T            [writeroot] 
 *                    F            [writepwg] 

 * [General options to specify the process and execution]                                    
 *                  128            [nproc] 
 *                 lord            [part] 
 * 128_run_14                      [runstring] 
 *           14000.0000            [sqrts] 
 *                    1            [ih1] 
 *                    1            [ih2] 
 *             126.0000            [hmass] 
 *               1.0000            [scale] 
 *               1.0000            [facscale] 
 * m(3456)                         [dynamicscale] 
 *                    F            [zerowidth] 
 *                    F            [removebr] 
 *                   40            [itmx1] 
 *               500000            [ncall1] 
 *                  100            [itmx2] 
 *               500000            [ncall2] 
 *                 2020            [ij] 
 *                    F            [dryrun] 
 *                    T            [Qflag] 
 *                    T            [Gflag] 

 * [Heavy quark masses]                                                                      
 *             173.2000            [top mass] 
 *               4.7500            [bottom mass] 
 *               1.5000            [charm mass] 

 * [Pdf selection]                                                                           
 *              cteq6_l            [pdlabel] 
 *                    4            [NGROUP] 
 *                   46            [NSET] 
 * cteq6mE.LHgrid                  [LHAPDF group] 
 *                   -1            [LHAPDF set] 

 * [Jet definition and event cuts]                                                           
 *               0.0000            [m34min] 
 *           14000.0000            [m34max] 
 *               0.0000            [m56min] 
 *           14000.0000            [m56max] 
 *                    T            [inclusive] 
 *                 ankt            [algorithm] 
 *              15.0000            [ptjetmin] 
 *               0.0000            [etajetmin] 
 *               5.0000            [etajetmax] 
 *               0.5000            [Rcut] 
 *                    T            [makecuts] 
 *               0.0000            [leptpt] 
 *              99.0000            [leptrap] 
 *    0.000,   0.000                [leptveto] 
 *               0.0000            [misspt] 
 *               0.0000            [leptpt2] 
 *              99.0000            [leptrap2] 
 *    0.000,   0.000                [leptveto2] 
 *               0.0000            [mtrans34cut] 
 *               0.0000            [Rjlmin] 
 *               0.0000            [Rllmin] 
 *               0.0000            [delyjjmin] 
 *                    F            [jetsopphem] 
 *                    0            [lbjscheme] 
 *               0.0000            [ptbjetmin] 
 *              99.0000            [etabjetmax] 

 * [Settings for photon processes]                                                           
 *                    F            [frag] 
 *             GdRG__LO            [fragset] 
 *              80.0000            [frag_scale] 
 *              20.0000            [gammpt] 
 *               2.5000            [gammrap] 
 *              20.0000            [gammpt2] 
 *              20.0000            [gammpt3] 
 *               0.0000            [Rgalmin] 
 *               0.4000            [Rgagamin] 
 *               0.4000            [Rgajetmin] 
 *               0.4000            [cone_ang] 
 *               0.5000            [epsilon_h] 

 * [Anomalous couplings of the W and Z]                                                      
 *               0.0000            [delg1_z] 
 *               0.0000            [delk_z] 
 *               0.0000            [delk_g] 
 *               0.0000            [lambda_z] 
 *               0.0000            [lambda_g] 
 *               0.0000            [h1Z] 
 *               0.0000            [h1gam] 
 *               0.0000            [h2Z] 
 *               0.0000            [h2gam] 
 *               0.0000            [h3Z] 
 *               0.0000            [h3gam] 
 *               0.0000            [h4Z] 
 *               0.0000            [h4gam] 
 *               2.0000            [tevscale] 

 * [Anomalous width of the Higgs]                                                            
 *               1.0000            [Gamma_H/Gamma_H(SM)] 

 * [How to resume/save a run]                                                                
 *                    F            [readin] 
 *                    F            [writeout] 
 *                                 [ingridfile] 
 *                                 [outgridfile] 

 * [Technical parameters that should not normally be changed]

 *                    F            [debug] 
 *                    T            [verbose] 
 *                    F            [new_pspace] 
 *                    F            [virtonly] 
 *                    F            [realonly] 
 *                    T            [spira] 
 *                    F            [noglue] 
 *                    F            [ggonly] 
 *                    F            [gqonly] 
 *                    F            [omitgg] 
 *                    F            [vanillafiles] 
 *                    1            [nmin] 
 *                    2            [nmax] 
 *                    T            [clustering] 
 *                    F            [realwt] 
 *                    0            [colourchoice] 
 *               0.0100            [rtsmin] 
 *               0.0001            [cutoff] 
 *               0.1000            [aii] 
 *               0.1000            [aif] 
 *               0.1000            [afi] 
 *               1.0000            [aff] 
 *               1.0000            [bfi] 
 *               1.0000            [bff] 

 Chooser:process chosen by nproc=         128

 *************************** f(p1)+f(p2) --> ******************************************
 * H(--> Z^0(e^-(p3)+e^+(p4)) + Z^0(mu^-(p5)+mu^+(p6)) [top, bottom loops, exact]     *
 **************************************************************************************

 ************** Electroweak parameters **************
 *                                                  *
 *  zmass(+)   91.1876000     wmass(+)  80.3980000  *
 * zwidth(+)    2.4952000    wwidth(+)   2.1054000  *
 *     Gf(+) 0.116639D-04   1/aemmz    132.3384323  *
 *     xw       0.2226459      mtop(+) 173.2000000  *
 *   gwsq       0.4264904       esq      0.0949563  *
 * top width    1.4743080 (LO)                      *
 *    mb        4.7500000        mc      1.5000000  *
 *                                                  *
 * Parameters marked (+) are input, others derived  *
 ****************************************************

 ****************** Higgs parameters ****************
 *                                                  *
 *   mass(H) =  126.00      width(H) =  0.43070E-02 *
 *                                                  *
 *              Br( H -> b bbar)  =   0.56954       *
 *              Br( H -> tau tau) =   0.06056       *
 *              Br( H -> W W)     =   0.00000       *
 *              Br( H -> Z Z)     =   0.00000       *
 *              Br( H -> gam gam) =   0.00235       *
 *              Br( H -> Z gam)   =   0.00164       *
 ****************************************************
 *                                                  *
 * Note: branching ratios reported here can be > 1  *
 *       since the total Higgs width is calculated  *
 *       at NLO but the BR calculation uses a       *
 *       partial width at LO only.                  *
 *                                                  *
 ****************************************************

 WARNING: Higgs decay H->ZZ is below threshold and
 may not yield sensible results - check the number
 of integration points

 ***************** CKM mixing matrix ****************
 *                                                  *
 *      Vud=.97500    Vus=.22200    Vub=0.0000      *
 *      Vcd=.22200    Vcs=.97500    Vcb=0.0000      *
 ****************************************************

 ************* Strong coupling, alpha_s  ************
 *                                                  *
 *  Dynamic scale - alpha_s changed event-by-event  *
 *       alpha_s (zmass)  0.11800000                *
 *         (using 1-loop running of alpha_s)        *
 ****************************************************

 ****************************************
 *     Cross section in femtobarns      *
 ****************************************


 input parameters for vegas:  ndim= 10  ncall= 472392.
                              it=    0  itmx=   40
                              nprn=  0  alph= 1.50
                              mds=  1   nd= 100
                              xl( 1)=   0.000     xu( 1)=   1.000    
                              xl( 2)=   0.000     xu( 2)=   1.000    
                              xl( 3)=   0.000     xu( 3)=   1.000    
                              xl( 4)=   0.000     xu( 4)=   1.000    
                              xl( 5)=   0.000     xu( 5)=   1.000    
                              xl( 6)=   0.000     xu( 6)=   1.000    
                              xl( 7)=   0.000     xu( 7)=   1.000    
                              xl( 8)=   0.000     xu( 8)=   1.000    
                              xl( 9)=   0.000     xu( 9)=   1.000    
                              xl(10)=   0.000     xu(10)=   1.000    

 ****************** Basic mass cuts *****************
 *                                                  *
 *              0.00  <   m34  <  14000.00           *
 *              0.00  <   m56  <  14000.00           *
 ****************************************************
 *********** CMS Higgs Search cuts******
 *                                     *
 *     pt(mu) >           5.00 GeV     *
 *     pt(el) >           7.00 GeV     *
 *     |eta_mu| <         2.40         *
 *     |eta_el| <         2.50         *
 *     m4lmin >         100.00 GeV     *
 *     m2lmin >           4.00 GeV     *
 *     ptleading >       20.00 GeV     *
 *     ptnexttoleading > 10.00 GeV     *
 *     mllnear >         40.00 GeV     *
 *     mllfar >          12.00 GeV     *
 *     mllmax >         120.00 GeV     *
 ***************************************

 ************** Dynamic scale choice ****************
 *                                                  *
 *                 RENORMALIZATION                  *
 *       mu_ren  =  1.00 x m(3456)                  *
 *                                                  *
 *                  FACTORIZATION                   *
 *       mu_fac  =  1.00 x m(3456)                  *
 *                                                  *
 ****************************************************
 ====================================================
   This is QCDLoop - version 1.95                    
   Authors: Keith Ellis and Giulia Zanderighi        
   (ellis@fnal.gov, g.zanderighi1@physics.ox.ac.uk)  
   For details see FERMILAB-PUB-07-633-T,OUTP-07/16P 
   arXiv:0712.1851 [hep-ph], published in            
   JHEP 0802:002,2008.                               
 ====================================================
 ====================================================
   FF 2.0, a package to evaluate one-loop integrals
 written by G. J. van Oldenborgh, NIKHEF-H, Amsterdam
 ====================================================
 for the algorithms used see preprint NIKHEF-H 89/17,
 'New Algorithms for One-loop Integrals', by G.J. van
 Oldenborgh and J.A.M. Vermaseren, published in 
 Zeitschrift fuer Physik C46(1990)425.
 ====================================================
 ffini: precx =    4.4408920985006262E-016
 ffini: precc =    4.4408920985006262E-016
 ffini: xalogm =    4.9406564584124654E-324
 ffini: xclogm =    4.9406564584124654E-324

************* Integration by Vegas (iteration   1) **************
*                                                               *
*  integral  = 0.41532566       accum. integral = 0.41532566    *
*  std. dev. = 0.19398470E-01   accum. std. dev = 0.19398470E-01*
*   max. wt. =   0.776222E-02                                   *
*                                                               *
**************   chi**2/iteration =  0.000       ****************


************* Integration by Vegas (iteration   2) **************
*                                                               *
*  integral  = 0.40420752       accum. integral = 0.40510748    *
*  std. dev. = 0.57569510E-02   accum. std. dev = 0.55190359E-02*
*   max. wt. =   0.776222E-02                                   *
*                                                               *
**************   chi**2/iteration = 0.2989       ****************


************* Integration by Vegas (iteration   3) **************
*                                                               *
*  integral  = 0.43266190       accum. integral = 0.40832115    *
*  std. dev. = 0.15188998E-01   accum. std. dev = 0.51872181E-02*
*   max. wt. =   0.123806E-01                                   *
*                                                               *
**************   chi**2/iteration =  1.597       ****************


************* Integration by Vegas (iteration   4) **************
*                                                               *
*  integral  = 0.43769245       accum. integral = 0.41293674    *
*  std. dev. = 0.12013210E-01   accum. std. dev = 0.47622336E-02*
*   max. wt. =   0.123806E-01                                   *
*                                                               *
**************   chi**2/iteration =  2.740       ****************


************* Integration by Vegas (iteration   5) **************
*                                                               *
*  integral  = 0.44235813       accum. integral = 0.42921042    *
*  std. dev. = 0.42804843E-02   accum. std. dev = 0.31834951E-02*
*   max. wt. =   0.123806E-01                                   *
*                                                               *
**************   chi**2/iteration =  7.322       ****************


************* Integration by Vegas (iteration   6) **************
*                                                               *
*  integral  = 0.44696033       accum. integral = 0.43870623    *
*  std. dev. = 0.29680621E-02   accum. std. dev = 0.21709056E-02*
*   max. wt. =   0.123806E-01                                   *
*                                                               *
**************   chi**2/iteration =  9.180       ****************


************* Integration by Vegas (iteration   7) **************
*                                                               *
*  integral  = 0.45066118       accum. integral = 0.44658550    *
*  std. dev. = 0.15613419E-02   accum. std. dev = 0.12675559E-02*
*   max. wt. =   0.123806E-01                                   *
*                                                               *
**************   chi**2/iteration =  10.98       ****************


************* Integration by Vegas (iteration   8) **************
*                                                               *
*  integral  = 0.44848665       accum. integral = 0.44779991    *
*  std. dev. = 0.95319161E-03   accum. std. dev = 0.76182433E-03*
*   max. wt. =   0.123806E-01                                   *
*                                                               *
**************   chi**2/iteration =  9.617       ****************


************* Integration by Vegas (iteration   9) **************
*                                                               *
*  integral  = 0.45071982       accum. integral = 0.44912744    *
*  std. dev. = 0.83436135E-03   accum. std. dev = 0.56259080E-03*
*   max. wt. =   0.123806E-01                                   *
*                                                               *
**************   chi**2/iteration =  9.250       ****************


************* Integration by Vegas (iteration  10) **************
*                                                               *
*  integral  = 0.44924263       accum. integral = 0.44916134    *
*  std. dev. = 0.87119867E-03   accum. std. dev = 0.47261285E-03*
*   max. wt. =   0.123806E-01                                   *
*                                                               *
**************   chi**2/iteration =  8.225       ****************


************* Integration by Vegas (iteration  11) **************
*                                                               *
*  integral  = 0.44733842       accum. integral = 0.44870034    *
*  std. dev. = 0.81233109E-03   accum. std. dev = 0.40850566E-03*
*   max. wt. =   0.123806E-01                                   *
*                                                               *
**************   chi**2/iteration =  7.779       ****************


************* Integration by Vegas (iteration  12) **************
*                                                               *
*  integral  = 0.44694057       accum. integral = 0.44833017    *
*  std. dev. = 0.79148347E-03   accum. std. dev = 0.36300693E-03*
*   max. wt. =   0.123806E-01                                   *
*                                                               *
**************   chi**2/iteration =  7.427       ****************


************* Integration by Vegas (iteration  13) **************
*                                                               *
*  integral  = 0.44917501       accum. integral = 0.44847675    *
*  std. dev. = 0.79229046E-03   accum. std. dev = 0.33001674E-03*
*   max. wt. =   0.123806E-01                                   *
*                                                               *
**************   chi**2/iteration =  6.887       ****************


************* Integration by Vegas (iteration  14) **************
*                                                               *
*  integral  = 0.44702573       accum. integral = 0.44826081    *
*  std. dev. = 0.78924114E-03   accum. std. dev = 0.30447086E-03*
*   max. wt. =   0.123806E-01                                   *
*                                                               *
**************   chi**2/iteration =  6.579       ****************


************* Integration by Vegas (iteration  15) **************
*                                                               *
*  integral  = 0.44838930       accum. integral = 0.44827763    *
*  std. dev. = 0.78452309E-03   accum. std. dev = 0.28384415E-03*
*   max. wt. =   0.123806E-01                                   *
*                                                               *
**************   chi**2/iteration =  6.111       ****************


************* Integration by Vegas (iteration  16) **************
*                                                               *
*  integral  = 0.44771254       accum. integral = 0.44821434    *
*  std. dev. = 0.79923391E-03   accum. std. dev = 0.26747675E-03*
*   max. wt. =   0.123806E-01                                   *
*                                                               *
**************   chi**2/iteration =  5.733       ****************


************* Integration by Vegas (iteration  17) **************
*                                                               *
*  integral  = 0.44849715       accum. integral = 0.44824287    *
*  std. dev. = 0.79848527E-03   accum. std. dev = 0.25362514E-03*
*   max. wt. =   0.123806E-01                                   *
*                                                               *
**************   chi**2/iteration =  5.382       ****************


************* Integration by Vegas (iteration  18) **************
*                                                               *
*  integral  = 0.44897330       accum. integral = 0.44830711    *
*  std. dev. = 0.81676759E-03   accum. std. dev = 0.24221605E-03*
*   max. wt. =   0.123806E-01                                   *
*                                                               *
**************   chi**2/iteration =  5.109       ****************


************* Integration by Vegas (iteration  19) **************
*                                                               *
*  integral  = 0.44822775       accum. integral = 0.44830053    *
*  std. dev. = 0.80591521E-03   accum. std. dev = 0.23196590E-03*
*   max. wt. =   0.123806E-01                                   *
*                                                               *
**************   chi**2/iteration =  4.825       ****************


************* Integration by Vegas (iteration  20) **************
*                                                               *
*  integral  = 0.44882874       accum. integral = 0.44834158    *
*  std. dev. = 0.79915544E-03   accum. std. dev = 0.22277108E-03*
*   max. wt. =   0.123806E-01                                   *
*                                                               *
**************   chi**2/iteration =  4.593       ****************


************* Integration by Vegas (iteration  21) **************
*                                                               *
*  integral  = 0.44632927       accum. integral = 0.44819359    *
*  std. dev. = 0.79067935E-03   accum. std. dev = 0.21442303E-03*
*   max. wt. =   0.123806E-01                                   *
*                                                               *
**************   chi**2/iteration =  4.663       ****************


************* Integration by Vegas (iteration  22) **************
*                                                               *
*  integral  = 0.44873088       accum. integral = 0.44822987    *
*  std. dev. = 0.79683254E-03   accum. std. dev = 0.20705735E-03*
*   max. wt. =   0.123806E-01                                   *
*                                                               *
**************   chi**2/iteration =  4.461       ****************


************* Integration by Vegas (iteration  23) **************
*                                                               *
*  integral  = 0.44878245       accum. integral = 0.44826486    *
*  std. dev. = 0.79634356E-03   accum. std. dev = 0.20039427E-03*
*   max. wt. =   0.123806E-01                                   *
*                                                               *
**************   chi**2/iteration =  4.279       ****************


************* Integration by Vegas (iteration  24) **************
*                                                               *
*  integral  = 0.44810404       accum. integral = 0.44825525    *
*  std. dev. = 0.79520064E-03   accum. std. dev = 0.19431900E-03*
*   max. wt. =   0.123806E-01                                   *
*                                                               *
**************   chi**2/iteration =  4.095       ****************


************* Integration by Vegas (iteration  25) **************
*                                                               *
*  integral  = 0.44851613       accum. integral = 0.44826982    *
*  std. dev. = 0.79903481E-03   accum. std. dev = 0.18881569E-03*
*   max. wt. =   0.123806E-01                                   *
*                                                               *
**************   chi**2/iteration =  3.929       ****************


************* Integration by Vegas (iteration  26) **************
*                                                               *
*  integral  = 0.45012776       accum. integral = 0.44836854    *
*  std. dev. = 0.79708567E-03   accum. std. dev = 0.18373116E-03*
*   max. wt. =   0.123806E-01                                   *
*                                                               *
**************   chi**2/iteration =  3.977       ****************


************* Integration by Vegas (iteration  27) **************
*                                                               *
*  integral  = 0.44922178       accum. integral = 0.44841109    *
*  std. dev. = 0.80190473E-03   accum. std. dev = 0.17909058E-03*
*   max. wt. =   0.123806E-01                                   *
*                                                               *
**************   chi**2/iteration =  3.866       ****************


************* Integration by Vegas (iteration  28) **************
*                                                               *
*  integral  = 0.44909958       accum. integral = 0.44844364    *
*  std. dev. = 0.80395465E-03   accum. std. dev = 0.17480590E-03*
*   max. wt. =   0.123806E-01                                   *
*                                                               *
**************   chi**2/iteration =  3.748       ****************


************* Integration by Vegas (iteration  29) **************
*                                                               *
*  integral  = 0.44718804       accum. integral = 0.44838923    *
*  std. dev. = 0.82131259E-03   accum. std. dev = 0.17097620E-03*
*   max. wt. =   0.123806E-01                                   *
*                                                               *
**************   chi**2/iteration =  3.694       ****************


************* Integration by Vegas (iteration  30) **************
*                                                               *
*  integral  = 0.44896161       accum. integral = 0.44841285    *
*  std. dev. = 0.82409893E-03   accum. std. dev = 0.16741114E-03*
*   max. wt. =   0.123806E-01                                   *
*                                                               *
**************   chi**2/iteration =  3.583       ****************


************* Integration by Vegas (iteration  31) **************
*                                                               *
*  integral  = 0.45019864       accum. integral = 0.44848249    *
*  std. dev. = 0.83109278E-03   accum. std. dev = 0.16411469E-03*
*   max. wt. =   0.123806E-01                                   *
*                                                               *
**************   chi**2/iteration =  3.611       ****************


************* Integration by Vegas (iteration  32) **************
*                                                               *
*  integral  = 0.44753252       accum. integral = 0.44844668    *
*  std. dev. = 0.82928355E-03   accum. std. dev = 0.16099240E-03*
*   max. wt. =   0.123806E-01                                   *
*                                                               *
**************   chi**2/iteration =  3.536       ****************


************* Integration by Vegas (iteration  33) **************
*                                                               *
*  integral  = 0.44833003       accum. integral = 0.44844253    *
*  std. dev. = 0.83777538E-03   accum. std. dev = 0.15809971E-03*
*   max. wt. =   0.123806E-01                                   *
*                                                               *
**************   chi**2/iteration =  3.426       ****************


************* Integration by Vegas (iteration  34) **************
*                                                               *
*  integral  = 0.44856377       accum. integral = 0.44844692    *
*  std. dev. = 0.81581122E-03   accum. std. dev = 0.15521198E-03*
*   max. wt. =   0.123806E-01                                   *
*                                                               *
**************   chi**2/iteration =  3.323       ****************


************* Integration by Vegas (iteration  35) **************
*                                                               *
*  integral  = 0.44927442       accum. integral = 0.44847574    *
*  std. dev. = 0.81707543E-03   accum. std. dev = 0.15248515E-03*
*   max. wt. =   0.123806E-01                                   *
*                                                               *
**************   chi**2/iteration =  3.254       ****************


************* Integration by Vegas (iteration  36) **************
*                                                               *
*  integral  = 0.44804535       accum. integral = 0.44846123    *
*  std. dev. = 0.81651200E-03   accum. std. dev = 0.14989368E-03*
*   max. wt. =   0.123806E-01                                   *
*                                                               *
**************   chi**2/iteration =  3.169       ****************


************* Integration by Vegas (iteration  37) **************
*                                                               *
*  integral  = 0.44944195       accum. integral = 0.44849235    *
*  std. dev. = 0.82811792E-03   accum. std. dev = 0.14749694E-03*
*   max. wt. =   0.123806E-01                                   *
*                                                               *
**************   chi**2/iteration =  3.119       ****************


************* Integration by Vegas (iteration  38) **************
*                                                               *
*  integral  = 0.44856266       accum. integral = 0.44849444    *
*  std. dev. = 0.84148015E-03   accum. std. dev = 0.14528200E-03*
*   max. wt. =   0.123806E-01                                   *
*                                                               *
**************   chi**2/iteration =  3.034       ****************


************* Integration by Vegas (iteration  39) **************
*                                                               *
*  integral  = 0.44705962       accum. integral = 0.44845187    *
*  std. dev. = 0.83078356E-03   accum. std. dev = 0.14311027E-03*
*   max. wt. =   0.123806E-01                                   *
*                                                               *
**************   chi**2/iteration =  3.031       ****************


************* Integration by Vegas (iteration  40) **************
*                                                               *
*  integral  = 0.44887725       accum. integral = 0.44846398    *
*  std. dev. = 0.83570081E-03   accum. std. dev = 0.14105696E-03*
*   max. wt. =   0.123806E-01                                   *
*                                                               *
**************   chi**2/iteration =  2.960       ****************


 input parameters for vegas:  ndim= 10  ncall= 472392.
                              it=   41  itmx=  100
                              nprn=  0  alph= 1.50
                              mds=  1   nd= 100
                              xl( 1)=   0.000     xu( 1)=   1.000    
                              xl( 2)=   0.000     xu( 2)=   1.000    
                              xl( 3)=   0.000     xu( 3)=   1.000    
                              xl( 4)=   0.000     xu( 4)=   1.000    
                              xl( 5)=   0.000     xu( 5)=   1.000    
                              xl( 6)=   0.000     xu( 6)=   1.000    
                              xl( 7)=   0.000     xu( 7)=   1.000    
                              xl( 8)=   0.000     xu( 8)=   1.000    
                              xl( 9)=   0.000     xu( 9)=   1.000    
                              xl(10)=   0.000     xu(10)=   1.000    

************* Integration by Vegas (iteration   1) **************
*                                                               *
*  integral  = 0.44928271       accum. integral = 0.44928271    *
*  std. dev. = 0.11203390E-02   accum. std. dev = 0.11203390E-02*
*   max. wt. =   0.509911E-03                                   *
*                                                               *
**************   chi**2/iteration =  0.000       ****************

 Writing out intermediate results for iteration           1

************* Integration by Vegas (iteration   2) **************
*                                                               *
*  integral  = 0.44888296       accum. integral = 0.44906508    *
*  std. dev. = 0.10248384E-02   accum. std. dev = 0.75618264E-03*
*   max. wt. =   0.509911E-03                                   *
*                                                               *
**************   chi**2/iteration = 0.6863E-01   ****************

 Writing out intermediate results for iteration           2

************* Integration by Vegas (iteration   3) **************
*                                                               *
*  integral  = 0.44904128       accum. integral = 0.44905513    *
*  std. dev. = 0.89252055E-03   accum. std. dev = 0.57694921E-03*
*   max. wt. =   0.509911E-03                                   *
*                                                               *
**************   chi**2/iteration = 0.3469E-01   ****************

 Writing out intermediate results for iteration           3

************* Integration by Vegas (iteration   4) **************
*                                                               *
*  integral  = 0.44833775       accum. integral = 0.44883129    *
*  std. dev. = 0.85668670E-03   accum. std. dev = 0.47854377E-03*
*   max. wt. =   0.509911E-03                                   *
*                                                               *
**************   chi**2/iteration = 0.1834       ****************

 Writing out intermediate results for iteration           4

************* Integration by Vegas (iteration   5) **************
*                                                               *
*  integral  = 0.44878505       accum. integral = 0.44882019    *
*  std. dev. = 0.85179335E-03   accum. std. dev = 0.41721047E-03*
*   max. wt. =   0.509911E-03                                   *
*                                                               *
**************   chi**2/iteration = 0.1383       ****************

 Writing out intermediate results for iteration           5

************* Integration by Vegas (iteration   6) **************
*                                                               *
*  integral  = 0.44781175       accum. integral = 0.44862265    *
*  std. dev. = 0.84527891E-03   accum. std. dev = 0.37412058E-03*
*   max. wt. =   0.509911E-03                                   *
*                                                               *
**************   chi**2/iteration = 0.3391       ****************

 Writing out intermediate results for iteration           6

************* Integration by Vegas (iteration   7) **************
*                                                               *
*  integral  = 0.44902586       accum. integral = 0.44868909    *
*  std. dev. = 0.84225954E-03   accum. std. dev = 0.34190839E-03*
*   max. wt. =   0.509911E-03                                   *
*                                                               *
**************   chi**2/iteration = 0.3145       ****************

 Writing out intermediate results for iteration           7

************* Integration by Vegas (iteration   8) **************
*                                                               *
*  integral  = 0.44915510       accum. integral = 0.44875636    *
*  std. dev. = 0.83245406E-03   accum. std. dev = 0.31627102E-03*
*   max. wt. =   0.509911E-03                                   *
*                                                               *
**************   chi**2/iteration = 0.3079       ****************

 Writing out intermediate results for iteration           8

************* Integration by Vegas (iteration   9) **************
*                                                               *
*  integral  = 0.44943147       accum. integral = 0.44883995    *
*  std. dev. = 0.84129923E-03   accum. std. dev = 0.29604301E-03*
*   max. wt. =   0.509911E-03                                   *
*                                                               *
**************   chi**2/iteration = 0.3399       ****************

 Writing out intermediate results for iteration           9

************* Integration by Vegas (iteration  10) **************
*                                                               *
*  integral  = 0.44961269       accum. integral = 0.44892638    *
*  std. dev. = 0.83426284E-03   accum. std. dev = 0.27899764E-03*
*   max. wt. =   0.509911E-03                                   *
*                                                               *
**************   chi**2/iteration = 0.3868       ****************

 Writing out intermediate results for iteration          10

************* Integration by Vegas (iteration  11) **************
*                                                               *
*  integral  = 0.44977325       accum. integral = 0.44900619    *
*  std. dev. = 0.86490382E-03   accum. std. dev = 0.26552478E-03*
*   max. wt. =   0.509911E-03                                   *
*                                                               *
**************   chi**2/iteration = 0.4349       ****************

 Writing out intermediate results for iteration          11

************* Integration by Vegas (iteration  12) **************
*                                                               *
*  integral  = 0.44862418       accum. integral = 0.44897215    *
*  std. dev. = 0.84897480E-03   accum. std. dev = 0.25341937E-03*
*   max. wt. =   0.509911E-03                                   *
*                                                               *
**************   chi**2/iteration = 0.4121       ****************

 Writing out intermediate results for iteration          12

************* Integration by Vegas (iteration  13) **************
*                                                               *
*  integral  = 0.44851874       accum. integral = 0.44893440    *
*  std. dev. = 0.84091149E-03   accum. std. dev = 0.24264054E-03*
*   max. wt. =   0.509911E-03                                   *
*                                                               *
**************   chi**2/iteration = 0.4000       ****************

 Writing out intermediate results for iteration          13

************* Integration by Vegas (iteration  14) **************
*                                                               *
*  integral  = 0.44847233       accum. integral = 0.44889877    *
*  std. dev. = 0.83943600E-03   accum. std. dev = 0.23309808E-03*
*   max. wt. =   0.509911E-03                                   *
*                                                               *
**************   chi**2/iteration = 0.3907       ****************

 Writing out intermediate results for iteration          14

************* Integration by Vegas (iteration  15) **************
*                                                               *
*  integral  = 0.44862903       accum. integral = 0.44887934    *
*  std. dev. = 0.83645182E-03   accum. std. dev = 0.22454215E-03*
*   max. wt. =   0.509911E-03                                   *
*                                                               *
**************   chi**2/iteration = 0.3697       ****************

 Writing out intermediate results for iteration          15

************* Integration by Vegas (iteration  16) **************
*                                                               *
*  integral  = 0.44889913       accum. integral = 0.44888066    *
*  std. dev. = 0.83722666E-03   accum. std. dev = 0.21687759E-03*
*   max. wt. =   0.509911E-03                                   *
*                                                               *
**************   chi**2/iteration = 0.3451       ****************

 Writing out intermediate results for iteration          16

************* Integration by Vegas (iteration  17) **************
*                                                               *
*  integral  = 0.44694341       accum. integral = 0.44876010    *
*  std. dev. = 0.84187028E-03   accum. std. dev = 0.21002053E-03*
*   max. wt. =   0.509911E-03                                   *
*                                                               *
**************   chi**2/iteration = 0.6337       ****************

 Writing out intermediate results for iteration          17

************* Integration by Vegas (iteration  18) **************
*                                                               *
*  integral  = 0.45068475       accum. integral = 0.44886873    *
*  std. dev. = 0.85871811E-03   accum. std. dev = 0.20400761E-03*
*   max. wt. =   0.509911E-03                                   *
*                                                               *
**************   chi**2/iteration = 0.8751       ****************

 Writing out intermediate results for iteration          18

************* Integration by Vegas (iteration  19) **************
*                                                               *
*  integral  = 0.44815836       accum. integral = 0.44882967    *
*  std. dev. = 0.84582019E-03   accum. std. dev = 0.19832050E-03*
*   max. wt. =   0.509911E-03                                   *
*                                                               *
**************   chi**2/iteration = 0.8636       ****************

 Writing out intermediate results for iteration          19

************* Integration by Vegas (iteration  20) **************
*                                                               *
*  integral  = 0.44655035       accum. integral = 0.44871784    *
*  std. dev. = 0.87308348E-03   accum. std. dev = 0.19339398E-03*
*   max. wt. =   0.509911E-03                                   *
*                                                               *
**************   chi**2/iteration =  1.159       ****************

 Writing out intermediate results for iteration          20

************* Integration by Vegas (iteration  21) **************
*                                                               *
*  integral  = 0.44838170       accum. integral = 0.44870234    *
*  std. dev. = 0.87967464E-03   accum. std. dev = 0.18888322E-03*
*   max. wt. =   0.509911E-03                                   *
*                                                               *
**************   chi**2/iteration =  1.108       ****************

 Writing out intermediate results for iteration          21

************* Integration by Vegas (iteration  22) **************
*                                                               *
*  integral  = 0.44798192       accum. integral = 0.44867076    *
*  std. dev. = 0.88208722E-03   accum. std. dev = 0.18469628E-03*
*   max. wt. =   0.509911E-03                                   *
*                                                               *
**************   chi**2/iteration =  1.086       ****************

 Writing out intermediate results for iteration          22

************* Integration by Vegas (iteration  23) **************
*                                                               *
*  integral  = 0.44826652       accum. integral = 0.44865381    *
*  std. dev. = 0.88299205E-03   accum. std. dev = 0.18078375E-03*
*   max. wt. =   0.509911E-03                                   *
*                                                               *
**************   chi**2/iteration =  1.046       ****************

 Writing out intermediate results for iteration          23

************* Integration by Vegas (iteration  24) **************
*                                                               *
*  integral  = 0.44932867       accum. integral = 0.44868112    *
*  std. dev. = 0.88034893E-03   accum. std. dev = 0.17708835E-03*
*   max. wt. =   0.509911E-03                                   *
*                                                               *
**************   chi**2/iteration =  1.025       ****************

 Writing out intermediate results for iteration          24

************* Integration by Vegas (iteration  25) **************
*                                                               *
*  integral  = 0.44812650       accum. integral = 0.44866116    *
*  std. dev. = 0.91662317E-03   accum. std. dev = 0.17387318E-03*
*   max. wt. =   0.509911E-03                                   *
*                                                               *
**************   chi**2/iteration = 0.9966       ****************

 Writing out intermediate results for iteration          25

************* Integration by Vegas (iteration  26) **************
*                                                               *
*  integral  = 0.44807200       accum. integral = 0.44864011    *
*  std. dev. = 0.90323334E-03   accum. std. dev = 0.17073846E-03*
*   max. wt. =   0.509911E-03                                   *
*                                                               *
**************   chi**2/iteration = 0.9732       ****************

 Writing out intermediate results for iteration          26

************* Integration by Vegas (iteration  27) **************
*                                                               *
*  integral  = 0.44996269       accum. integral = 0.44868696    *
*  std. dev. = 0.89092667E-03   accum. std. dev = 0.16768696E-03*
*   max. wt. =   0.509911E-03                                   *
*                                                               *
**************   chi**2/iteration =  1.017       ****************

 Writing out intermediate results for iteration          27

************* Integration by Vegas (iteration  28) **************
*                                                               *
*  integral  = 0.44874473       accum. integral = 0.44868895    *
*  std. dev. = 0.88865836E-03   accum. std. dev = 0.16477902E-03*
*   max. wt. =   0.509911E-03                                   *
*                                                               *
**************   chi**2/iteration = 0.9800       ****************

 Writing out intermediate results for iteration          28

************* Integration by Vegas (iteration  29) **************
*                                                               *
*  integral  = 0.44861593       accum. integral = 0.44868654    *
*  std. dev. = 0.89256449E-03   accum. std. dev = 0.16204082E-03*
*   max. wt. =   0.509911E-03                                   *
*                                                               *
**************   chi**2/iteration = 0.9452       ****************

 Writing out intermediate results for iteration          29

************* Integration by Vegas (iteration  30) **************
*                                                               *
*  integral  = 0.44794379       accum. integral = 0.44866309    *
*  std. dev. = 0.89730231E-03   accum. std. dev = 0.15946153E-03*
*   max. wt. =   0.509911E-03                                   *
*                                                               *
**************   chi**2/iteration = 0.9355       ****************

 Writing out intermediate results for iteration          30

************* Integration by Vegas (iteration  31) **************
*                                                               *
*  integral  = 0.44893937       accum. integral = 0.44867169    *
*  std. dev. = 0.88916272E-03   accum. std. dev = 0.15695744E-03*
*   max. wt. =   0.509911E-03                                   *
*                                                               *
**************   chi**2/iteration = 0.9074       ****************

 Writing out intermediate results for iteration          31

************* Integration by Vegas (iteration  32) **************
*                                                               *
*  integral  = 0.44906380       accum. integral = 0.44868281    *
*  std. dev. = 0.91898408E-03   accum. std. dev = 0.15471705E-03*
*   max. wt. =   0.509911E-03                                   *
*                                                               *
**************   chi**2/iteration = 0.8839       ****************

 Writing out intermediate results for iteration          32

************* Integration by Vegas (iteration  33) **************
*                                                               *
*  integral  = 0.44917688       accum. integral = 0.44869637    *
*  std. dev. = 0.92094934E-03   accum. std. dev = 0.15257891E-03*
*   max. wt. =   0.509911E-03                                   *
*                                                               *
**************   chi**2/iteration = 0.8650       ****************

 Writing out intermediate results for iteration          33

************* Integration by Vegas (iteration  34) **************
*                                                               *
*  integral  = 0.44901159       accum. integral = 0.44870502    *
*  std. dev. = 0.90809291E-03   accum. std. dev = 0.15046972E-03*
*   max. wt. =   0.509911E-03                                   *
*                                                               *
**************   chi**2/iteration = 0.8424       ****************

 Writing out intermediate results for iteration          34

************* Integration by Vegas (iteration  35) **************
*                                                               *
*  integral  = 0.44863721       accum. integral = 0.44870351    *
*  std. dev. = 0.99513319E-03   accum. std. dev = 0.14877856E-03*
*   max. wt. =   0.509911E-03                                   *
*                                                               *
**************   chi**2/iteration = 0.8177       ****************

 Writing out intermediate results for iteration          35

************* Integration by Vegas (iteration  36) **************
*                                                               *
*  integral  = 0.44995069       accum. integral = 0.44873407    *
*  std. dev. = 0.93870678E-03   accum. std. dev = 0.14694438E-03*
*   max. wt. =   0.509911E-03                                   *
*                                                               *
**************   chi**2/iteration = 0.8436       ****************

 Writing out intermediate results for iteration          36

************* Integration by Vegas (iteration  37) **************
*                                                               *
*  integral  = 0.44905930       accum. integral = 0.44874216    *
*  std. dev. = 0.92010815E-03   accum. std. dev = 0.14510556E-03*
*   max. wt. =   0.509911E-03                                   *
*                                                               *
**************   chi**2/iteration = 0.8235       ****************

 Writing out intermediate results for iteration          37

************* Integration by Vegas (iteration  38) **************
*                                                               *
*  integral  = 0.44890820       accum. integral = 0.44874624    *
*  std. dev. = 0.91413179E-03   accum. std. dev = 0.14331128E-03*
*   max. wt. =   0.509911E-03                                   *
*                                                               *
**************   chi**2/iteration = 0.8021       ****************

 Writing out intermediate results for iteration          38

************* Integration by Vegas (iteration  39) **************
*                                                               *
*  integral  = 0.44878066       accum. integral = 0.44874706    *
*  std. dev. = 0.91923018E-03   accum. std. dev = 0.14160075E-03*
*   max. wt. =   0.509911E-03                                   *
*                                                               *
**************   chi**2/iteration = 0.7811       ****************

 Writing out intermediate results for iteration          39

************* Integration by Vegas (iteration  40) **************
*                                                               *
*  integral  = 0.44737652       accum. integral = 0.44871550    *
*  std. dev. = 0.92242205E-03   accum. std. dev = 0.13996124E-03*
*   max. wt. =   0.509911E-03                                   *
*                                                               *
**************   chi**2/iteration = 0.8163       ****************

 Writing out intermediate results for iteration          40

************* Integration by Vegas (iteration  41) **************
*                                                               *
*  integral  = 0.44747103       accum. integral = 0.44868704    *
*  std. dev. = 0.91488286E-03   accum. std. dev = 0.13835163E-03*
*   max. wt. =   0.509911E-03                                   *
*                                                               *
**************   chi**2/iteration = 0.8411       ****************

 Writing out intermediate results for iteration          41

************* Integration by Vegas (iteration  42) **************
*                                                               *
*  integral  = 0.44887413       accum. integral = 0.44869097    *
*  std. dev. = 0.94457129E-03   accum. std. dev = 0.13689103E-03*
*   max. wt. =   0.509911E-03                                   *
*                                                               *
**************   chi**2/iteration = 0.8215       ****************

 Writing out intermediate results for iteration          42

************* Integration by Vegas (iteration  43) **************
*                                                               *
*  integral  = 0.44744173       accum. integral = 0.44866538    *
*  std. dev. = 0.94657180E-03   accum. std. dev = 0.13548161E-03*
*   max. wt. =   0.509911E-03                                   *
*                                                               *
**************   chi**2/iteration = 0.8426       ****************

 Writing out intermediate results for iteration          43

************* Integration by Vegas (iteration  44) **************
*                                                               *
*  integral  = 0.44918572       accum. integral = 0.44867593    *
*  std. dev. = 0.94197704E-03   accum. std. dev = 0.13410168E-03*
*   max. wt. =   0.509911E-03                                   *
*                                                               *
**************   chi**2/iteration = 0.8300       ****************

 Writing out intermediate results for iteration          44

************* Integration by Vegas (iteration  45) **************
*                                                               *
*  integral  = 0.44645544       accum. integral = 0.44863714    *
*  std. dev. = 0.10057579E-02   accum. std. dev = 0.13292532E-03*
*   max. wt. =   0.509911E-03                                   *
*                                                               *
**************   chi**2/iteration = 0.9199       ****************

 Writing out intermediate results for iteration          45

************* Integration by Vegas (iteration  46) **************
*                                                               *
*  integral  = 0.44760462       accum. integral = 0.44861779    *
*  std. dev. = 0.96192502E-03   accum. std. dev = 0.13167407E-03*
*   max. wt. =   0.509911E-03                                   *
*                                                               *
**************   chi**2/iteration = 0.9246       ****************

 Writing out intermediate results for iteration          46

************* Integration by Vegas (iteration  47) **************
*                                                               *
*  integral  = 0.44918021       accum. integral = 0.44862898    *
*  std. dev. = 0.92436429E-03   accum. std. dev = 0.13035813E-03*
*   max. wt. =   0.509911E-03                                   *
*                                                               *
**************   chi**2/iteration = 0.9124       ****************

 Writing out intermediate results for iteration          47

************* Integration by Vegas (iteration  48) **************
*                                                               *
*  integral  = 0.44871656       accum. integral = 0.44863068    *
*  std. dev. = 0.92741985E-03   accum. std. dev = 0.12908915E-03*
*   max. wt. =   0.509911E-03                                   *
*                                                               *
**************   chi**2/iteration = 0.8932       ****************

 Writing out intermediate results for iteration          48

************* Integration by Vegas (iteration  49) **************
*                                                               *
*  integral  = 0.44820831       accum. integral = 0.44862271    *
*  std. dev. = 0.93083161E-03   accum. std. dev = 0.12786542E-03*
*   max. wt. =   0.509911E-03                                   *
*                                                               *
**************   chi**2/iteration = 0.8788       ****************

 Writing out intermediate results for iteration          49

************* Integration by Vegas (iteration  50) **************
*                                                               *
*  integral  = 0.44657154       accum. integral = 0.44858393    *
*  std. dev. = 0.92118697E-03   accum. std. dev = 0.12665115E-03*
*   max. wt. =   0.509911E-03                                   *
*                                                               *
**************   chi**2/iteration = 0.9601       ****************

 Writing out intermediate results for iteration          50

************* Integration by Vegas (iteration  51) **************
*                                                               *
*  integral  = 0.44798568       accum. integral = 0.44857311    *
*  std. dev. = 0.93301735E-03   accum. std. dev = 0.12550018E-03*
*   max. wt. =   0.509911E-03                                   *
*                                                               *
**************   chi**2/iteration = 0.9490       ****************

 Writing out intermediate results for iteration          51

************* Integration by Vegas (iteration  52) **************
*                                                               *
*  integral  = 0.44994204       accum. integral = 0.44859733    *
*  std. dev. = 0.93520032E-03   accum. std. dev = 0.12438517E-03*
*   max. wt. =   0.509911E-03                                   *
*                                                               *
**************   chi**2/iteration = 0.9716       ****************

 Writing out intermediate results for iteration          52

************* Integration by Vegas (iteration  53) **************
*                                                               *
*  integral  = 0.44795844       accum. integral = 0.44858666    *
*  std. dev. = 0.95477964E-03   accum. std. dev = 0.12334289E-03*
*   max. wt. =   0.509911E-03                                   *
*                                                               *
**************   chi**2/iteration = 0.9614       ****************

 Writing out intermediate results for iteration          53

************* Integration by Vegas (iteration  54) **************
*                                                               *
*  integral  = 0.44833594       accum. integral = 0.44858245    *
*  std. dev. = 0.94339627E-03   accum. std. dev = 0.12230202E-03*
*   max. wt. =   0.509911E-03                                   *
*                                                               *
**************   chi**2/iteration = 0.9446       ****************

 Writing out intermediate results for iteration          54

************* Integration by Vegas (iteration  55) **************
*                                                               *
*  integral  = 0.44840353       accum. integral = 0.44858012    *
*  std. dev. = 0.10647756E-02   accum. std. dev = 0.12150313E-03*
*   max. wt. =   0.509911E-03                                   *
*                                                               *
**************   chi**2/iteration = 0.9276       ****************

 Writing out intermediate results for iteration          55

************* Integration by Vegas (iteration  56) **************
*                                                               *
*  integral  = 0.44887864       accum. integral = 0.44858461    *
*  std. dev. = 0.98364179E-03   accum. std. dev = 0.12058665E-03*
*   max. wt. =   0.509911E-03                                   *
*                                                               *
**************   chi**2/iteration = 0.9124       ****************

 Writing out intermediate results for iteration          56

************* Integration by Vegas (iteration  57) **************
*                                                               *
*  integral  = 0.44868892       accum. integral = 0.44858631    *
*  std. dev. = 0.93520264E-03   accum. std. dev = 0.11959655E-03*
*   max. wt. =   0.509911E-03                                   *
*                                                               *
**************   chi**2/iteration = 0.8963       ****************

 Writing out intermediate results for iteration          57

************* Integration by Vegas (iteration  58) **************
*                                                               *
*  integral  = 0.44774533       accum. integral = 0.44857241    *
*  std. dev. = 0.92257595E-03   accum. std. dev = 0.11860414E-03*
*   max. wt. =   0.509911E-03                                   *
*                                                               *
**************   chi**2/iteration = 0.8949       ****************

 Writing out intermediate results for iteration          58

************* Integration by Vegas (iteration  59) **************
*                                                               *
*  integral  = 0.44731826       accum. integral = 0.44855177    *
*  std. dev. = 0.91676142E-03   accum. std. dev = 0.11762387E-03*
*   max. wt. =   0.509911E-03                                   *
*                                                               *
**************   chi**2/iteration = 0.9112       ****************

 Writing out intermediate results for iteration          59

************* Integration by Vegas (iteration  60) **************
*                                                               *
*  integral  = 0.44940343       accum. integral = 0.44856548    *
*  std. dev. = 0.91964854E-03   accum. std. dev = 0.11667343E-03*
*   max. wt. =   0.509911E-03                                   *
*                                                               *
**************   chi**2/iteration = 0.9101       ****************

 Writing out intermediate results for iteration          60

************* Integration by Vegas (iteration  61) **************
*                                                               *
*  integral  = 0.44851148       accum. integral = 0.44856460    *
*  std. dev. = 0.91074059E-03   accum. std. dev = 0.11572765E-03*
*   max. wt. =   0.509911E-03                                   *
*                                                               *
**************   chi**2/iteration = 0.8950       ****************

 Writing out intermediate results for iteration          61

************* Integration by Vegas (iteration  62) **************
*                                                               *
*  integral  = 0.44875390       accum. integral = 0.44856759    *
*  std. dev. = 0.91393966E-03   accum. std. dev = 0.11481088E-03*
*   max. wt. =   0.509911E-03                                   *
*                                                               *
**************   chi**2/iteration = 0.8810       ****************

 Writing out intermediate results for iteration          62

************* Integration by Vegas (iteration  63) **************
*                                                               *
*  integral  = 0.44928911       accum. integral = 0.44857865    *
*  std. dev. = 0.92016775E-03   accum. std. dev = 0.11392749E-03*
*   max. wt. =   0.509911E-03                                   *
*                                                               *
**************   chi**2/iteration = 0.8766       ****************

 Writing out intermediate results for iteration          63

************* Integration by Vegas (iteration  64) **************
*                                                               *
*  integral  = 0.44811695       accum. integral = 0.44857183    *
*  std. dev. = 0.93045134E-03   accum. std. dev = 0.11308296E-03*
*   max. wt. =   0.509911E-03                                   *
*                                                               *
**************   chi**2/iteration = 0.8665       ****************

 Writing out intermediate results for iteration          64

************* Integration by Vegas (iteration  65) **************
*                                                               *
*  integral  = 0.44967854       accum. integral = 0.44858721    *
*  std. dev. = 0.95271199E-03   accum. std. dev = 0.11229468E-03*
*   max. wt. =   0.509911E-03                                   *
*                                                               *
**************   chi**2/iteration = 0.8738       ****************

 Writing out intermediate results for iteration          65

************* Integration by Vegas (iteration  66) **************
*                                                               *
*  integral  = 0.44998755       accum. integral = 0.44860662    *
*  std. dev. = 0.94705936E-03   accum. std. dev = 0.11151351E-03*
*   max. wt. =   0.509911E-03                                   *
*                                                               *
**************   chi**2/iteration = 0.8935       ****************

 Writing out intermediate results for iteration          66

************* Integration by Vegas (iteration  67) **************
*                                                               *
*  integral  = 0.44844502       accum. integral = 0.44860434    *
*  std. dev. = 0.93175134E-03   accum. std. dev = 0.11072335E-03*
*   max. wt. =   0.509911E-03                                   *
*                                                               *
**************   chi**2/iteration = 0.8804       ****************

 Writing out intermediate results for iteration          67

************* Integration by Vegas (iteration  68) **************
*                                                               *
*  integral  = 0.44920062       accum. integral = 0.44861260    *
*  std. dev. = 0.93443960E-03   accum. std. dev = 0.10995415E-03*
*   max. wt. =   0.509911E-03                                   *
*                                                               *
**************   chi**2/iteration = 0.8732       ****************

 Writing out intermediate results for iteration          68

************* Integration by Vegas (iteration  69) **************
*                                                               *
*  integral  = 0.44831618       accum. integral = 0.44860860    *
*  std. dev. = 0.94015721E-03   accum. std. dev = 0.10920980E-03*
*   max. wt. =   0.509911E-03                                   *
*                                                               *
**************   chi**2/iteration = 0.8618       ****************

 Writing out intermediate results for iteration          69

************* Integration by Vegas (iteration  70) **************
*                                                               *
*  integral  = 0.44840169       accum. integral = 0.44860585    *
*  std. dev. = 0.94095641E-03   accum. std. dev = 0.10848159E-03*
*   max. wt. =   0.509911E-03                                   *
*                                                               *
**************   chi**2/iteration = 0.8500       ****************

 Writing out intermediate results for iteration          70

************* Integration by Vegas (iteration  71) **************
*                                                               *
*  integral  = 0.44869572       accum. integral = 0.44860699    *
*  std. dev. = 0.95426237E-03   accum. std. dev = 0.10778734E-03*
*   max. wt. =   0.509911E-03                                   *
*                                                               *
**************   chi**2/iteration = 0.8380       ****************

 Writing out intermediate results for iteration          71

************* Integration by Vegas (iteration  72) **************
*                                                               *
*  integral  = 0.44769909       accum. integral = 0.44859541    *
*  std. dev. = 0.94829025E-03   accum. std. dev = 0.10709772E-03*
*   max. wt. =   0.509911E-03                                   *
*                                                               *
**************   chi**2/iteration = 0.8390       ****************

 Writing out intermediate results for iteration          72

************* Integration by Vegas (iteration  73) **************
*                                                               *
*  integral  = 0.44862575       accum. integral = 0.44859579    *
*  std. dev. = 0.95258077E-03   accum. std. dev = 0.10642720E-03*
*   max. wt. =   0.509911E-03                                   *
*                                                               *
**************   chi**2/iteration = 0.8273       ****************

 Writing out intermediate results for iteration          73

************* Integration by Vegas (iteration  74) **************
*                                                               *
*  integral  = 0.45107007       accum. integral = 0.44862555    *
*  std. dev. = 0.96467332E-03   accum. std. dev = 0.10578536E-03*
*   max. wt. =   0.509911E-03                                   *
*                                                               *
**************   chi**2/iteration = 0.9050       ****************

 Writing out intermediate results for iteration          74

************* Integration by Vegas (iteration  75) **************
*                                                               *
*  integral  = 0.44815624       accum. integral = 0.44862002    *
*  std. dev. = 0.96914496E-03   accum. std. dev = 0.10516075E-03*
*   max. wt. =   0.509911E-03                                   *
*                                                               *
**************   chi**2/iteration = 0.8959       ****************

 Writing out intermediate results for iteration          75

************* Integration by Vegas (iteration  76) **************
*                                                               *
*  integral  = 0.44760602       accum. integral = 0.44860785    *
*  std. dev. = 0.95410095E-03   accum. std. dev = 0.10452775E-03*
*   max. wt. =   0.509911E-03                                   *
*                                                               *
**************   chi**2/iteration = 0.8989       ****************

 Writing out intermediate results for iteration          76

************* Integration by Vegas (iteration  77) **************
*                                                               *
*  integral  = 0.44636843       accum. integral = 0.44858215    *
*  std. dev. = 0.97007549E-03   accum. std. dev = 0.10392617E-03*
*   max. wt. =   0.509911E-03                                   *
*                                                               *
**************   chi**2/iteration = 0.9563       ****************

 Writing out intermediate results for iteration          77

************* Integration by Vegas (iteration  78) **************
*                                                               *
*  integral  = 0.44762474       accum. integral = 0.44857147    *
*  std. dev. = 0.97844989E-03   accum. std. dev = 0.10334485E-03*
*   max. wt. =   0.509911E-03                                   *
*                                                               *
**************   chi**2/iteration = 0.9562       ****************

 Writing out intermediate results for iteration          78

************* Integration by Vegas (iteration  79) **************
*                                                               *
*  integral  = 0.44753534       accum. integral = 0.44855996    *
*  std. dev. = 0.97513124E-03   accum. std. dev = 0.10276932E-03*
*   max. wt. =   0.509911E-03                                   *
*                                                               *
**************   chi**2/iteration = 0.9583       ****************

 Writing out intermediate results for iteration          79

************* Integration by Vegas (iteration  80) **************
*                                                               *
*  integral  = 0.44826028       accum. integral = 0.44855660    *
*  std. dev. = 0.96547902E-03   accum. std. dev = 0.10219202E-03*
*   max. wt. =   0.509911E-03                                   *
*                                                               *
**************   chi**2/iteration = 0.9474       ****************

 Writing out intermediate results for iteration          80

************* Integration by Vegas (iteration  81) **************
*                                                               *
*  integral  = 0.44877127       accum. integral = 0.44855892    *
*  std. dev. = 0.97861144E-03   accum. std. dev = 0.10163935E-03*
*   max. wt. =   0.509911E-03                                   *
*                                                               *
**************   chi**2/iteration = 0.9361       ****************

 Writing out intermediate results for iteration          81

************* Integration by Vegas (iteration  82) **************
*                                                               *
*  integral  = 0.45111218       accum. integral = 0.44858584    *
*  std. dev. = 0.98455565E-03   accum. std. dev = 0.10110204E-03*
*   max. wt. =   0.509911E-03                                   *
*                                                               *
**************   chi**2/iteration =  1.007       ****************

 Writing out intermediate results for iteration          82

************* Integration by Vegas (iteration  83) **************
*                                                               *
*  integral  = 0.44909298       accum. integral = 0.44859122    *
*  std. dev. = 0.97649197E-03   accum. std. dev = 0.10056447E-03*
*   max. wt. =   0.509911E-03                                   *
*                                                               *
**************   chi**2/iteration = 0.9977       ****************

 Writing out intermediate results for iteration          83

************* Integration by Vegas (iteration  84) **************
*                                                               *
*  integral  = 0.44808257       accum. integral = 0.44858627    *
*  std. dev. = 0.10142548E-02   accum. std. dev = 0.10007376E-03*
*   max. wt. =   0.509911E-03                                   *
*                                                               *
**************   chi**2/iteration = 0.9887       ****************

 Writing out intermediate results for iteration          84

************* Integration by Vegas (iteration  85) **************
*                                                               *
*  integral  = 0.44785711       accum. integral = 0.44857877    *
*  std. dev. = 0.98207276E-03   accum. std. dev = 0.99558205E-04*
*   max. wt. =   0.509911E-03                                   *
*                                                               *
**************   chi**2/iteration = 0.9834       ****************

 Writing out intermediate results for iteration          85

************* Integration by Vegas (iteration  86) **************
*                                                               *
*  integral  = 0.44742370       accum. integral = 0.44856705    *
*  std. dev. = 0.98312200E-03   accum. std. dev = 0.99051609E-04*
*   max. wt. =   0.509911E-03                                   *
*                                                               *
**************   chi**2/iteration = 0.9879       ****************

 Writing out intermediate results for iteration          86

************* Integration by Vegas (iteration  87) **************
*                                                               *
*  integral  = 0.44682413       accum. integral = 0.44855004    *
*  std. dev. = 0.99788268E-03   accum. std. dev = 0.98567213E-04*
*   max. wt. =   0.509911E-03                                   *
*                                                               *
**************   chi**2/iteration =  1.012       ****************

 Writing out intermediate results for iteration          87

************* Integration by Vegas (iteration  88) **************
*                                                               *
*  integral  = 0.44818479       accum. integral = 0.44854643    *
*  std. dev. = 0.98668841E-03   accum. std. dev = 0.98079042E-04*
*   max. wt. =   0.509911E-03                                   *
*                                                               *
**************   chi**2/iteration =  1.001       ****************

 Writing out intermediate results for iteration          88

************* Integration by Vegas (iteration  89) **************
*                                                               *
*  integral  = 0.44785215       accum. integral = 0.44853945    *
*  std. dev. = 0.97305722E-03   accum. std. dev = 0.97584586E-04*
*   max. wt. =   0.509911E-03                                   *
*                                                               *
**************   chi**2/iteration = 0.9958       ****************

 Writing out intermediate results for iteration          89

************* Integration by Vegas (iteration  90) **************
*                                                               *
*  integral  = 0.44891905       accum. integral = 0.44854327    *
*  std. dev. = 0.96848840E-03   accum. std. dev = 0.97092962E-04*
*   max. wt. =   0.509911E-03                                   *
*                                                               *
**************   chi**2/iteration = 0.9863       ****************

 Writing out intermediate results for iteration          90

************* Integration by Vegas (iteration  91) **************
*                                                               *
*  integral  = 0.44927077       accum. integral = 0.44855036    *
*  std. dev. = 0.97846476E-03   accum. std. dev = 0.96618446E-04*
*   max. wt. =   0.509911E-03                                   *
*                                                               *
**************   chi**2/iteration = 0.9814       ****************

 Writing out intermediate results for iteration          91

************* Integration by Vegas (iteration  92) **************
*                                                               *
*  integral  = 0.44985907       accum. integral = 0.44856342    *
*  std. dev. = 0.96246228E-03   accum. std. dev = 0.96135259E-04*
*   max. wt. =   0.509911E-03                                   *
*                                                               *
**************   chi**2/iteration = 0.9908       ****************

 Writing out intermediate results for iteration          92

************* Integration by Vegas (iteration  93) **************
*                                                               *
*  integral  = 0.44822671       accum. integral = 0.44856003    *
*  std. dev. = 0.95312843E-03   accum. std. dev = 0.95649952E-04*
*   max. wt. =   0.509911E-03                                   *
*                                                               *
**************   chi**2/iteration = 0.9814       ****************

 Writing out intermediate results for iteration          93

************* Integration by Vegas (iteration  94) **************
*                                                               *
*  integral  = 0.44968294       accum. integral = 0.44857027    *
*  std. dev. = 0.99682384E-03   accum. std. dev = 0.95212630E-04*
*   max. wt. =   0.509911E-03                                   *
*                                                               *
**************   chi**2/iteration = 0.9843       ****************

 Writing out intermediate results for iteration          94

************* Integration by Vegas (iteration  95) **************
*                                                               *
*  integral  = 0.44983554       accum. integral = 0.44858208    *
*  std. dev. = 0.98104261E-03   accum. std. dev = 0.94767361E-04*
*   max. wt. =   0.509911E-03                                   *
*                                                               *
**************   chi**2/iteration = 0.9914       ****************

 Writing out intermediate results for iteration          95

************* Integration by Vegas (iteration  96) **************
*                                                               *
*  integral  = 0.44814807       accum. integral = 0.44857809    *
*  std. dev. = 0.98407482E-03   accum. std. dev = 0.94330963E-04*
*   max. wt. =   0.509911E-03                                   *
*                                                               *
**************   chi**2/iteration = 0.9830       ****************

 Writing out intermediate results for iteration          96

************* Integration by Vegas (iteration  97) **************
*                                                               *
*  integral  = 0.44793309       accum. integral = 0.44857223    *
*  std. dev. = 0.98498453E-03   accum. std. dev = 0.93901329E-04*
*   max. wt. =   0.509911E-03                                   *
*                                                               *
**************   chi**2/iteration = 0.9772       ****************

 Writing out intermediate results for iteration          97

************* Integration by Vegas (iteration  98) **************
*                                                               *
*  integral  = 0.44852556       accum. integral = 0.44857180    *
*  std. dev. = 0.97980036E-03   accum. std. dev = 0.93473046E-04*
*   max. wt. =   0.509911E-03                                   *
*                                                               *
**************   chi**2/iteration = 0.9671       ****************

 Writing out intermediate results for iteration          98

************* Integration by Vegas (iteration  99) **************
*                                                               *
*  integral  = 0.45025548       accum. integral = 0.44858661    *
*  std. dev. = 0.99240694E-03   accum. std. dev = 0.93061165E-04*
*   max. wt. =   0.509911E-03                                   *
*                                                               *
**************   chi**2/iteration = 0.9864       ****************

 Writing out intermediate results for iteration          99

************* Integration by Vegas (iteration 100) **************
*                                                               *
*  integral  = 0.44889598       accum. integral = 0.44858936    *
*  std. dev. = 0.98182837E-03   accum. std. dev = 0.92645933E-04*
*   max. wt. =   0.509911E-03                                   *
*                                                               *
**************   chi**2/iteration = 0.9774       ****************


Value of final lord integral is        0.4486 +/-     0.0001 fb

 Total number of shots       :     47239200
 Total no. failing cuts      :     20601700
 Number failing jet cuts     :            0
 Number failing process cuts :            0

   Jet efficiency : 100.00%
   Cut efficiency : 100.00%
 Total efficiency : 100.00%

 Contribution from parton sub-processes:
 ---------------------------------------
       GG     |           0.44859  100.00%
       GQ     |           0.00000    0.00%
       GQB    |           0.00000    0.00%
       QG     |           0.00000    0.00%
       QBG    |           0.00000    0.00%
       QQ     |           0.00000    0.00%
       QBQB   |           0.00000    0.00%
       QQB    |           0.00000    0.00%
       QBQ    |           0.00000    0.00%
 ---------------------------------------

 ****************************************************
 output files  cluster_CMS_m4l/CTEQm4/HHTOP/HZZ_tb_lord_cteq6_l_1___1___126_128_run_14
 ****************************************************
