 ************** MCFM - version 6.8 ****************
 *                                                *
 * MCFM, v6.8                   April 26th, 2014  *
 *                                                *
 * Authors: John Campbell, Keith Ellis,           *
 *          Ciaran Williams                       *
 *         (johnmc@fnal.gov, ellis@fnal.gov,      *
 *          ciaran@fnal.gov)                      *
 *                                                *
 * For details see:                               *
 *                                                *
 *  arXiv:1403.2641 (Triphoton production)        *
 *  arXiv:1312.1628 (gg->WW, Higgs interference)  *
 *  arXiv:1311.3589 (gg->ZZ, Higgs interference)  *
 *  Phys.Rev.D87:114006, arXiv:1302.3856          *
 *  (tZ, tH -- with R. Rontsch)                   *
 *  arXiv:1211.6390 (DM, P. Fox and C. Williams)  *
 *  JHEP 1211:162 (2012), arXiv:1208.0566         *
 *  (Z+gam+jet,Z+gam+gam -- with H. Hartanto)     *
 *  arXiv:1204.1513 (top production+decay)        *
 *  JHEP 1207:052 (2012), arXiv:1204.5678 (ttW)   *
 *  JHEP 1110:005 (2011), arXiv:1107.5569         *
 *         (gg->WW,Higgs intference)              *
 *  JHEP 1107:018 (2011), arXiv:1105.0020         *
 *         (diboson update)                       *
 *  JHEP 1103:027 (2011), arXiv:1011.6647         *
 *         (Wbb for mb>0, with S. Badger)         *
 *  Phys.Rev.D81:074023, arXiv:1001.4495 (H+2jet) *
 *                                                *
 *  P.R.L. 102:142001, arXiv:0903.0005 [hep-ph]   *
 *    (t-channel single top + explicit b,         *
 *      JC, R.Frederix, F.Maltoni, F.Tramontano)  *
 *  N.P.B 726:109(2005), hep-ph/0506289 (W+t)     *
 *  Phys.Rev.D70:094012, hep-ph/0408158 (Sngl Top)*
 *       (with Francesco Tramontano)              *
 *                                                *
 *  Phys.Rev.D65:113007, hep-ph/0202176 (W,Z+2j)  *
 *  Phys.Rev.D62:114012, hep-ph/0006304 (W,Z+bb)  *
 *  Phys.Rev.D60:113006, hep-ph/9905386 (diboson) *
 *                                                *
 * On the web:  http://mcfm.fnal.gov/             *
 **************************************************

 * Using input file named cluster_CMS_m4l/CTEQm4/HHTOP/input_129_8.DAT                            

 * [Flags to specify the mode in which MCFM is run]                                          
 *                   -1            [nevtrequested] 
 *                    F            [creatent] 
 *                    F            [skipnt] 
 *                    F            [dswhisto] 
 *                    F            [creategrid] 
 *                    T            [writetop] 
 *                    T            [writedat] 
 *                    T            [writegnu] 
 *                    T            [writeroot] 
 *                    F            [writepwg] 

 * [General options to specify the process and execution]                                    
 *                  129            [nproc] 
 *                 lord            [part] 
 * 129_run_8                       [runstring] 
 *            8000.0000            [sqrts] 
 *                    1            [ih1] 
 *                    1            [ih2] 
 *             126.0000            [hmass] 
 *               1.0000            [scale] 
 *               1.0000            [facscale] 
 * m(3456)                         [dynamicscale] 
 *                    F            [zerowidth] 
 *                    F            [removebr] 
 *                   20            [itmx1] 
 *               500000            [ncall1] 
 *                   50            [itmx2] 
 *               500000            [ncall2] 
 *                 2020            [ij] 
 *                    F            [dryrun] 
 *                    T            [Qflag] 
 *                    T            [Gflag] 

 * [Heavy quark masses]                                                                      
 *             173.2000            [top mass] 
 *               4.7500            [bottom mass] 
 *               1.5000            [charm mass] 

 * [Pdf selection]                                                                           
 *              cteq6_l            [pdlabel] 
 *                    4            [NGROUP] 
 *                   46            [NSET] 
 * cteq6mE.LHgrid                  [LHAPDF group] 
 *                   -1            [LHAPDF set] 

 * [Jet definition and event cuts]                                                           
 *               0.0000            [m34min] 
 *            8000.0000            [m34max] 
 *               0.0000            [m56min] 
 *            8000.0000            [m56max] 
 *                    T            [inclusive] 
 *                 ankt            [algorithm] 
 *              15.0000            [ptjetmin] 
 *               0.0000            [etajetmin] 
 *               5.0000            [etajetmax] 
 *               0.5000            [Rcut] 
 *                    T            [makecuts] 
 *               0.0000            [leptpt] 
 *              99.0000            [leptrap] 
 *    0.000,   0.000                [leptveto] 
 *               0.0000            [misspt] 
 *               0.0000            [leptpt2] 
 *              99.0000            [leptrap2] 
 *    0.000,   0.000                [leptveto2] 
 *               0.0000            [mtrans34cut] 
 *               0.0000            [Rjlmin] 
 *               0.0000            [Rllmin] 
 *               0.0000            [delyjjmin] 
 *                    F            [jetsopphem] 
 *                    0            [lbjscheme] 
 *               0.0000            [ptbjetmin] 
 *              99.0000            [etabjetmax] 

 * [Settings for photon processes]                                                           
 *                    F            [frag] 
 *             GdRG__LO            [fragset] 
 *              80.0000            [frag_scale] 
 *              20.0000            [gammpt] 
 *               2.5000            [gammrap] 
 *              20.0000            [gammpt2] 
 *              20.0000            [gammpt3] 
 *               0.0000            [Rgalmin] 
 *               0.4000            [Rgagamin] 
 *               0.4000            [Rgajetmin] 
 *               0.4000            [cone_ang] 
 *               0.5000            [epsilon_h] 

 * [Anomalous couplings of the W and Z]                                                      
 *               0.0000            [delg1_z] 
 *               0.0000            [delk_z] 
 *               0.0000            [delk_g] 
 *               0.0000            [lambda_z] 
 *               0.0000            [lambda_g] 
 *               0.0000            [h1Z] 
 *               0.0000            [h1gam] 
 *               0.0000            [h2Z] 
 *               0.0000            [h2gam] 
 *               0.0000            [h3Z] 
 *               0.0000            [h3gam] 
 *               0.0000            [h4Z] 
 *               0.0000            [h4gam] 
 *               2.0000            [tevscale] 

 * [Anomalous width of the Higgs]                                                            
 *               1.0000            [Gamma_H/Gamma_H(SM)] 

 * [How to resume/save a run]                                                                
 *                    F            [readin] 
 *                    F            [writeout] 
 *                                 [ingridfile] 
 *                                 [outgridfile] 

 * [Technical parameters that should not normally be changed]

 *                    F            [debug] 
 *                    T            [verbose] 
 *                    F            [new_pspace] 
 *                    F            [virtonly] 
 *                    F            [realonly] 
 *                    T            [spira] 
 *                    F            [noglue] 
 *                    F            [ggonly] 
 *                    F            [gqonly] 
 *                    F            [omitgg] 
 *                    F            [vanillafiles] 
 *                    1            [nmin] 
 *                    2            [nmax] 
 *                    T            [clustering] 
 *                    F            [realwt] 
 *                    0            [colourchoice] 
 *               0.0100            [rtsmin] 
 *               0.0001            [cutoff] 
 *               0.1000            [aii] 
 *               0.1000            [aif] 
 *               0.1000            [afi] 
 *               1.0000            [aff] 
 *               1.0000            [bfi] 
 *               1.0000            [bff] 

 Chooser:process chosen by nproc=         129

 *************************** f(p1)+f(p2) --> ******************************************
 * H(--> Z^0(e^-(p3)+e^+(p4)) + Z^0(mu^-(p5)+mu^+(p6)) [only H, gg->ZZ intf.]         *
 **************************************************************************************

 ************** Electroweak parameters **************
 *                                                  *
 *  zmass(+)   91.1876000     wmass(+)  80.3980000  *
 * zwidth(+)    2.4952000    wwidth(+)   2.1054000  *
 *     Gf(+) 0.116639D-04   1/aemmz    132.3384323  *
 *     xw       0.2226459      mtop(+) 173.2000000  *
 *   gwsq       0.4264904       esq      0.0949563  *
 * top width    1.4743080 (LO)                      *
 *    mb        4.7500000        mc      1.5000000  *
 *                                                  *
 * Parameters marked (+) are input, others derived  *
 ****************************************************

 ****************** Higgs parameters ****************
 *                                                  *
 *   mass(H) =  126.00      width(H) =  0.43070E-02 *
 *                                                  *
 *              Br( H -> b bbar)  =   0.56954       *
 *              Br( H -> tau tau) =   0.06056       *
 *              Br( H -> W W)     =   0.00000       *
 *              Br( H -> Z Z)     =   0.00000       *
 *              Br( H -> gam gam) =   0.00235       *
 *              Br( H -> Z gam)   =   0.00164       *
 ****************************************************
 *                                                  *
 * Note: branching ratios reported here can be > 1  *
 *       since the total Higgs width is calculated  *
 *       at NLO but the BR calculation uses a       *
 *       partial width at LO only.                  *
 *                                                  *
 ****************************************************

 WARNING: Higgs decay H->ZZ is below threshold and
 may not yield sensible results - check the number
 of integration points

 ***************** CKM mixing matrix ****************
 *                                                  *
 *      Vud=.97500    Vus=.22200    Vub=0.0000      *
 *      Vcd=.22200    Vcs=.97500    Vcb=0.0000      *
 ****************************************************

 ************* Strong coupling, alpha_s  ************
 *                                                  *
 *  Dynamic scale - alpha_s changed event-by-event  *
 *       alpha_s (zmass)  0.11800000                *
 *         (using 1-loop running of alpha_s)        *
 ****************************************************

 ****************************************
 *     Cross section in femtobarns      *
 ****************************************


 input parameters for vegas:  ndim= 10  ncall= 472392.
                              it=    0  itmx=   20
                              nprn=  0  alph= 1.50
                              mds=  1   nd= 100
                              xl( 1)=   0.000     xu( 1)=   1.000    
                              xl( 2)=   0.000     xu( 2)=   1.000    
                              xl( 3)=   0.000     xu( 3)=   1.000    
                              xl( 4)=   0.000     xu( 4)=   1.000    
                              xl( 5)=   0.000     xu( 5)=   1.000    
                              xl( 6)=   0.000     xu( 6)=   1.000    
                              xl( 7)=   0.000     xu( 7)=   1.000    
                              xl( 8)=   0.000     xu( 8)=   1.000    
                              xl( 9)=   0.000     xu( 9)=   1.000    
                              xl(10)=   0.000     xu(10)=   1.000    

 ****************** Basic mass cuts *****************
 *                                                  *
 *              0.00  <   m34  <   8000.00           *
 *              0.00  <   m56  <   8000.00           *
 ****************************************************
 *********** CMS Higgs Search cuts******
 *                                     *
 *     pt(mu) >           5.00 GeV     *
 *     pt(el) >           7.00 GeV     *
 *     |eta_mu| <         2.40         *
 *     |eta_el| <         2.50         *
 *     m4lmin >         100.00 GeV     *
 *     m2lmin >           4.00 GeV     *
 *     ptleading >       20.00 GeV     *
 *     ptnexttoleading > 10.00 GeV     *
 *     mllnear >         40.00 GeV     *
 *     mllfar >          12.00 GeV     *
 *     mllmax >         120.00 GeV     *
 ***************************************

 ************** Dynamic scale choice ****************
 *                                                  *
 *                 RENORMALIZATION                  *
 *       mu_ren  =  1.00 x m(3456)                  *
 *                                                  *
 *                  FACTORIZATION                   *
 *       mu_fac  =  1.00 x m(3456)                  *
 *                                                  *
 ****************************************************
 ====================================================
   This is QCDLoop - version 1.95                    
   Authors: Keith Ellis and Giulia Zanderighi        
   (ellis@fnal.gov, g.zanderighi1@physics.ox.ac.uk)  
   For details see FERMILAB-PUB-07-633-T,OUTP-07/16P 
   arXiv:0712.1851 [hep-ph], published in            
   JHEP 0802:002,2008.                               
 ====================================================
 ====================================================
   FF 2.0, a package to evaluate one-loop integrals
 written by G. J. van Oldenborgh, NIKHEF-H, Amsterdam
 ====================================================
 for the algorithms used see preprint NIKHEF-H 89/17,
 'New Algorithms for One-loop Integrals', by G.J. van
 Oldenborgh and J.A.M. Vermaseren, published in 
 Zeitschrift fuer Physik C46(1990)425.
 ====================================================
 ffini: precx =    4.4408920985006262E-016
 ffini: precc =    4.4408920985006262E-016
 ffini: xalogm =    4.9406564584124654E-324
 ffini: xclogm =    4.9406564584124654E-324
 ****************************************************
 *                                                  *
 *  gg->ZZ box loop includes gens. 1 and 2          *
 *  gg->ZZ box loop includes bottom quark           *
 *  gg->ZZ box loop includes top quark              *
 *                                                  *
 *  Numer. stability: pt(Z) > 0.100 GeV (gens. 1,2) *
 *  Numer. stability: pt(Z) > 0.100 GeV (b,t loops) *
 *                                                  *
 ****************************************************

************* Integration by Vegas (iteration   1) **************
*                                                               *
*  integral  = -.30009790E-01   accum. integral = -.30009790E-01*
*  std. dev. = 0.57340487E-03   accum. std. dev = 0.57340487E-03*
*   max. wt. =   0.109412E-03                                   *
*                                                               *
**************   chi**2/iteration = 0.4547E-10   ****************


************* Integration by Vegas (iteration   2) **************
*                                                               *
*  integral  = -.30353821E-01   accum. integral = -.30325878E-01*
*  std. dev. = 0.17048607E-03   accum. std. dev = 0.16341598E-03*
*   max. wt. =   0.124836E-03                                   *
*                                                               *
**************   chi**2/iteration = 0.3275       ****************


************* Integration by Vegas (iteration   3) **************
*                                                               *
*  integral  = -.30142838E-01   accum. integral = -.30202236E-01*
*  std. dev. = 0.11326591E-03   accum. std. dev = 0.93091201E-04*
*   max. wt. =   0.124836E-03                                   *
*                                                               *
**************   chi**2/iteration = 0.5862       ****************


************* Integration by Vegas (iteration   4) **************
*                                                               *
*  integral  = -.30080310E-01   accum. integral = -.30121638E-01*
*  std. dev. = 0.66660203E-04   accum. std. dev = 0.54197756E-04*
*   max. wt. =   0.124836E-03                                   *
*                                                               *
**************   chi**2/iteration = 0.7682       ****************


************* Integration by Vegas (iteration   5) **************
*                                                               *
*  integral  = -.30113931E-01   accum. integral = -.30117871E-01*
*  std. dev. = 0.55423178E-04   accum. std. dev = 0.38749589E-04*
*   max. wt. =   0.124836E-03                                   *
*                                                               *
**************   chi**2/iteration = 0.5791       ****************


************* Integration by Vegas (iteration   6) **************
*                                                               *
*  integral  = -.30236080E-01   accum. integral = -.30160384E-01*
*  std. dev. = 0.51706274E-04   accum. std. dev = 0.31008338E-04*
*   max. wt. =   0.124836E-03                                   *
*                                                               *
**************   chi**2/iteration =  1.132       ****************


************* Integration by Vegas (iteration   7) **************
*                                                               *
*  integral  = -.30317931E-01   accum. integral = -.30202378E-01*
*  std. dev. = 0.51437176E-04   accum. std. dev = 0.26556111E-04*
*   max. wt. =   0.124836E-03                                   *
*                                                               *
**************   chi**2/iteration =  2.088       ****************


************* Integration by Vegas (iteration   8) **************
*                                                               *
*  integral  = -.30203911E-01   accum. integral = -.30202702E-01*
*  std. dev. = 0.51292898E-04   accum. std. dev = 0.23582857E-04*
*   max. wt. =   0.124836E-03                                   *
*                                                               *
**************   chi**2/iteration =  1.790       ****************


************* Integration by Vegas (iteration   9) **************
*                                                               *
*  integral  = -.30248606E-01   accum. integral = -.30210424E-01*
*  std. dev. = 0.52439750E-04   accum. std. dev = 0.21508021E-04*
*   max. wt. =   0.124836E-03                                   *
*                                                               *
**************   chi**2/iteration =  1.646       ****************


************* Integration by Vegas (iteration  10) **************
*                                                               *
*  integral  = -.30222418E-01   accum. integral = -.30212196E-01*
*  std. dev. = 0.51656724E-04   accum. std. dev = 0.19855688E-04*
*   max. wt. =   0.124836E-03                                   *
*                                                               *
**************   chi**2/iteration =  1.469       ****************


************* Integration by Vegas (iteration  11) **************
*                                                               *
*  integral  = -.30199413E-01   accum. integral = -.30210533E-01*
*  std. dev. = 0.51345582E-04   accum. std. dev = 0.18519211E-04*
*   max. wt. =   0.124836E-03                                   *
*                                                               *
**************   chi**2/iteration =  1.327       ****************


************* Integration by Vegas (iteration  12) **************
*                                                               *
*  integral  = -.30153603E-01   accum. integral = -.30203788E-01*
*  std. dev. = 0.50516027E-04   accum. std. dev = 0.17387619E-04*
*   max. wt. =   0.124836E-03                                   *
*                                                               *
**************   chi**2/iteration =  1.309       ****************


************* Integration by Vegas (iteration  13) **************
*                                                               *
*  integral  = -.30211734E-01   accum. integral = -.30204602E-01*
*  std. dev. = 0.51468346E-04   accum. std. dev = 0.16472981E-04*
*   max. wt. =   0.124836E-03                                   *
*                                                               *
**************   chi**2/iteration =  1.201       ****************


************* Integration by Vegas (iteration  14) **************
*                                                               *
*  integral  = -.30158919E-01   accum. integral = -.30200338E-01*
*  std. dev. = 0.51339623E-04   accum. std. dev = 0.15685331E-04*
*   max. wt. =   0.124836E-03                                   *
*                                                               *
**************   chi**2/iteration =  1.164       ****************


************* Integration by Vegas (iteration  15) **************
*                                                               *
*  integral  = -.30212978E-01   accum. integral = -.30201442E-01*
*  std. dev. = 0.50714951E-04   accum. std. dev = 0.14984989E-04*
*   max. wt. =   0.124836E-03                                   *
*                                                               *
**************   chi**2/iteration =  1.085       ****************


************* Integration by Vegas (iteration  16) **************
*                                                               *
*  integral  = -.30244210E-01   accum. integral = -.30204669E-01*
*  std. dev. = 0.52447103E-04   accum. std. dev = 0.14408419E-04*
*   max. wt. =   0.124836E-03                                   *
*                                                               *
**************   chi**2/iteration =  1.054       ****************


************* Integration by Vegas (iteration  17) **************
*                                                               *
*  integral  = -.30121618E-01   accum. integral = -.30198612E-01*
*  std. dev. = 0.51367497E-04   accum. std. dev = 0.13872998E-04*
*   max. wt. =   0.124836E-03                                   *
*                                                               *
**************   chi**2/iteration =  1.139       ****************


************* Integration by Vegas (iteration  18) **************
*                                                               *
*  integral  = -.30149914E-01   accum. integral = -.30195324E-01*
*  std. dev. = 0.51563197E-04   accum. std. dev = 0.13396598E-04*
*   max. wt. =   0.124836E-03                                   *
*                                                               *
**************   chi**2/iteration =  1.121       ****************


************* Integration by Vegas (iteration  19) **************
*                                                               *
*  integral  = -.30222621E-01   accum. integral = -.30196958E-01*
*  std. dev. = 0.53099078E-04   accum. std. dev = 0.12989567E-04*
*   max. wt. =   0.124836E-03                                   *
*                                                               *
**************   chi**2/iteration =  1.073       ****************


************* Integration by Vegas (iteration  20) **************
*                                                               *
*  integral  = -.30182030E-01   accum. integral = -.30196099E-01*
*  std. dev. = 0.52585596E-04   accum. std. dev = 0.12610530E-04*
*   max. wt. =   0.124836E-03                                   *
*                                                               *
**************   chi**2/iteration =  1.020       ****************


 input parameters for vegas:  ndim= 10  ncall= 472392.
                              it=   21  itmx=   50
                              nprn=  0  alph= 1.50
                              mds=  1   nd= 100
                              xl( 1)=   0.000     xu( 1)=   1.000    
                              xl( 2)=   0.000     xu( 2)=   1.000    
                              xl( 3)=   0.000     xu( 3)=   1.000    
                              xl( 4)=   0.000     xu( 4)=   1.000    
                              xl( 5)=   0.000     xu( 5)=   1.000    
                              xl( 6)=   0.000     xu( 6)=   1.000    
                              xl( 7)=   0.000     xu( 7)=   1.000    
                              xl( 8)=   0.000     xu( 8)=   1.000    
                              xl( 9)=   0.000     xu( 9)=   1.000    
                              xl(10)=   0.000     xu(10)=   1.000    

************* Integration by Vegas (iteration   1) **************
*                                                               *
*  integral  = -.30096173E-01   accum. integral = -.30096173E-01*
*  std. dev. = 0.54583881E-04   accum. std. dev = 0.54583881E-04*
*   max. wt. =   0.180545E-04                                   *
*                                                               *
**************   chi**2/iteration =  0.000       ****************

 Writing out intermediate results for iteration           1

************* Integration by Vegas (iteration   2) **************
*                                                               *
*  integral  = -.30239992E-01   accum. integral = -.30166396E-01*
*  std. dev. = 0.55879153E-04   accum. std. dev = 0.39046526E-04*
*   max. wt. =   0.180545E-04                                   *
*                                                               *
**************   chi**2/iteration =  3.356       ****************

 Writing out intermediate results for iteration           2

************* Integration by Vegas (iteration   3) **************
*                                                               *
*  integral  = -.30253352E-01   accum. integral = -.30196907E-01*
*  std. dev. = 0.53109482E-04   accum. std. dev = 0.31459163E-04*
*   max. wt. =   0.180545E-04                                   *
*                                                               *
**************   chi**2/iteration =  2.552       ****************

 Writing out intermediate results for iteration           3

************* Integration by Vegas (iteration   4) **************
*                                                               *
*  integral  = -.30122776E-01   accum. integral = -.30176508E-01*
*  std. dev. = 0.51058117E-04   accum. std. dev = 0.26783373E-04*
*   max. wt. =   0.180545E-04                                   *
*                                                               *
**************   chi**2/iteration =  2.212       ****************

 Writing out intermediate results for iteration           4

************* Integration by Vegas (iteration   5) **************
*                                                               *
*  integral  = -.30132373E-01   accum. integral = -.30167507E-01*
*  std. dev. = 0.52915717E-04   accum. std. dev = 0.23896688E-04*
*   max. wt. =   0.180545E-04                                   *
*                                                               *
**************   chi**2/iteration =  1.798       ****************

 Writing out intermediate results for iteration           5

************* Integration by Vegas (iteration   6) **************
*                                                               *
*  integral  = -.30213136E-01   accum. integral = -.30174578E-01*
*  std. dev. = 0.55801878E-04   accum. std. dev = 0.21967144E-04*
*   max. wt. =   0.180545E-04                                   *
*                                                               *
**************   chi**2/iteration =  1.552       ****************

 Writing out intermediate results for iteration           6

************* Integration by Vegas (iteration   7) **************
*                                                               *
*  integral  = -.30227412E-01   accum. integral = -.30182411E-01*
*  std. dev. = 0.52652159E-04   accum. std. dev = 0.20273432E-04*
*   max. wt. =   0.180545E-04                                   *
*                                                               *
**************   chi**2/iteration =  1.437       ****************

 Writing out intermediate results for iteration           7

************* Integration by Vegas (iteration   8) **************
*                                                               *
*  integral  = -.30145548E-01   accum. integral = -.30177891E-01*
*  std. dev. = 0.54231548E-04   accum. std. dev = 0.18989894E-04*
*   max. wt. =   0.180545E-04                                   *
*                                                               *
**************   chi**2/iteration =  1.290       ****************

 Writing out intermediate results for iteration           8

************* Integration by Vegas (iteration   9) **************
*                                                               *
*  integral  = -.30044159E-01   accum. integral = -.30162781E-01*
*  std. dev. = 0.53207107E-04   accum. std. dev = 0.17884925E-04*
*   max. wt. =   0.180545E-04                                   *
*                                                               *
**************   chi**2/iteration =  1.828       ****************

 Writing out intermediate results for iteration           9

************* Integration by Vegas (iteration  10) **************
*                                                               *
*  integral  = -.30193310E-01   accum. integral = -.30165805E-01*
*  std. dev. = 0.53936069E-04   accum. std. dev = 0.16975963E-04*
*   max. wt. =   0.180545E-04                                   *
*                                                               *
**************   chi**2/iteration =  1.657       ****************

 Writing out intermediate results for iteration          10

************* Integration by Vegas (iteration  11) **************
*                                                               *
*  integral  = -.30232216E-01   accum. integral = -.30171738E-01*
*  std. dev. = 0.54201453E-04   accum. std. dev = 0.16199979E-04*
*   max. wt. =   0.180545E-04                                   *
*                                                               *
**************   chi**2/iteration =  1.628       ****************

 Writing out intermediate results for iteration          11

************* Integration by Vegas (iteration  12) **************
*                                                               *
*  integral  = -.30168174E-01   accum. integral = -.30171444E-01*
*  std. dev. = 0.54077747E-04   accum. std. dev = 0.15518608E-04*
*   max. wt. =   0.180545E-04                                   *
*                                                               *
**************   chi**2/iteration =  1.481       ****************

 Writing out intermediate results for iteration          12

************* Integration by Vegas (iteration  13) **************
*                                                               *
*  integral  = -.30152347E-01   accum. integral = -.30170026E-01*
*  std. dev. = 0.54785390E-04   accum. std. dev = 0.14931148E-04*
*   max. wt. =   0.180545E-04                                   *
*                                                               *
**************   chi**2/iteration =  1.367       ****************

 Writing out intermediate results for iteration          13

************* Integration by Vegas (iteration  14) **************
*                                                               *
*  integral  = -.30169570E-01   accum. integral = -.30169994E-01*
*  std. dev. = 0.54244386E-04   accum. std. dev = 0.14395747E-04*
*   max. wt. =   0.180545E-04                                   *
*                                                               *
**************   chi**2/iteration =  1.262       ****************

 Writing out intermediate results for iteration          14

************* Integration by Vegas (iteration  15) **************
*                                                               *
*  integral  = -.30261867E-01   accum. integral = -.30175646E-01*
*  std. dev. = 0.56227454E-04   accum. std. dev = 0.13945925E-04*
*   max. wt. =   0.180545E-04                                   *
*                                                               *
**************   chi**2/iteration =  1.351       ****************

 Writing out intermediate results for iteration          15

************* Integration by Vegas (iteration  16) **************
*                                                               *
*  integral  = -.30220362E-01   accum. integral = -.30178271E-01*
*  std. dev. = 0.55836710E-04   accum. std. dev = 0.13530290E-04*
*   max. wt. =   0.180545E-04                                   *
*                                                               *
**************   chi**2/iteration =  1.301       ****************

 Writing out intermediate results for iteration          16

************* Integration by Vegas (iteration  17) **************
*                                                               *
*  integral  = -.30280058E-01   accum. integral = -.30184099E-01*
*  std. dev. = 0.54901837E-04   accum. std. dev = 0.13137224E-04*
*   max. wt. =   0.180545E-04                                   *
*                                                               *
**************   chi**2/iteration =  1.422       ****************

 Writing out intermediate results for iteration          17

************* Integration by Vegas (iteration  18) **************
*                                                               *
*  integral  = -.30207179E-01   accum. integral = -.30185288E-01*
*  std. dev. = 0.56376646E-04   accum. std. dev = 0.12794440E-04*
*   max. wt. =   0.180545E-04                                   *
*                                                               *
**************   chi**2/iteration =  1.348       ****************

 Writing out intermediate results for iteration          18

************* Integration by Vegas (iteration  19) **************
*                                                               *
*  integral  = -.30248732E-01   accum. integral = -.30188430E-01*
*  std. dev. = 0.56054270E-04   accum. std. dev = 0.12473636E-04*
*   max. wt. =   0.180545E-04                                   *
*                                                               *
**************   chi**2/iteration =  1.340       ****************

 Writing out intermediate results for iteration          19

************* Integration by Vegas (iteration  20) **************
*                                                               *
*  integral  = -.30245812E-01   accum. integral = -.30191206E-01*
*  std. dev. = 0.55320108E-04   accum. std. dev = 0.12168146E-04*
*   max. wt. =   0.180545E-04                                   *
*                                                               *
**************   chi**2/iteration =  1.324       ****************

 Writing out intermediate results for iteration          20

************* Integration by Vegas (iteration  21) **************
*                                                               *
*  integral  = -.30148558E-01   accum. integral = -.30189348E-01*
*  std. dev. = 0.57007806E-04   accum. std. dev = 0.11900084E-04*
*   max. wt. =   0.180545E-04                                   *
*                                                               *
**************   chi**2/iteration =  1.284       ****************

 Writing out intermediate results for iteration          21

************* Integration by Vegas (iteration  22) **************
*                                                               *
*  integral  = -.30240747E-01   accum. integral = -.30191343E-01*
*  std. dev. = 0.59216618E-04   accum. std. dev = 0.11666837E-04*
*   max. wt. =   0.180545E-04                                   *
*                                                               *
**************   chi**2/iteration =  1.258       ****************

 Writing out intermediate results for iteration          22

************* Integration by Vegas (iteration  23) **************
*                                                               *
*  integral  = -.30217095E-01   accum. integral = -.30192382E-01*
*  std. dev. = 0.56880212E-04   accum. std. dev = 0.11428900E-04*
*   max. wt. =   0.180545E-04                                   *
*                                                               *
**************   chi**2/iteration =  1.210       ****************

 Writing out intermediate results for iteration          23

************* Integration by Vegas (iteration  24) **************
*                                                               *
*  integral  = -.30306919E-01   accum. integral = -.30196881E-01*
*  std. dev. = 0.56524063E-04   accum. std. dev = 0.11202205E-04*
*   max. wt. =   0.180545E-04                                   *
*                                                               *
**************   chi**2/iteration =  1.328       ****************

 Writing out intermediate results for iteration          24

************* Integration by Vegas (iteration  25) **************
*                                                               *
*  integral  = -.30261566E-01   accum. integral = -.30199496E-01*
*  std. dev. = 0.54582208E-04   accum. std. dev = 0.10973478E-04*
*   max. wt. =   0.180545E-04                                   *
*                                                               *
**************   chi**2/iteration =  1.329       ****************

 Writing out intermediate results for iteration          25

************* Integration by Vegas (iteration  26) **************
*                                                               *
*  integral  = -.30135183E-01   accum. integral = -.30196979E-01*
*  std. dev. = 0.54379270E-04   accum. std. dev = 0.10756651E-04*
*   max. wt. =   0.180545E-04                                   *
*                                                               *
**************   chi**2/iteration =  1.330       ****************

 Writing out intermediate results for iteration          26

************* Integration by Vegas (iteration  27) **************
*                                                               *
*  integral  = -.30204239E-01   accum. integral = -.30197257E-01*
*  std. dev. = 0.53934710E-04   accum. std. dev = 0.10548902E-04*
*   max. wt. =   0.180545E-04                                   *
*                                                               *
**************   chi**2/iteration =  1.279       ****************

 Writing out intermediate results for iteration          27

************* Integration by Vegas (iteration  28) **************
*                                                               *
*  integral  = -.30196602E-01   accum. integral = -.30197235E-01*
*  std. dev. = 0.56140445E-04   accum. std. dev = 0.10367467E-04*
*   max. wt. =   0.180545E-04                                   *
*                                                               *
**************   chi**2/iteration =  1.232       ****************

 Writing out intermediate results for iteration          28

************* Integration by Vegas (iteration  29) **************
*                                                               *
*  integral  = -.30214834E-01   accum. integral = -.30197798E-01*
*  std. dev. = 0.57020309E-04   accum. std. dev = 0.10200234E-04*
*   max. wt. =   0.180545E-04                                   *
*                                                               *
**************   chi**2/iteration =  1.191       ****************

 Writing out intermediate results for iteration          29

************* Integration by Vegas (iteration  30) **************
*                                                               *
*  integral  = -.30180408E-01   accum. integral = -.30197240E-01*
*  std. dev. = 0.56025319E-04   accum. std. dev = 0.10035268E-04*
*   max. wt. =   0.180545E-04                                   *
*                                                               *
**************   chi**2/iteration =  1.153       ****************

 Writing out intermediate results for iteration          30

************* Integration by Vegas (iteration  31) **************
*                                                               *
*  integral  = -.30190448E-01   accum. integral = -.30197045E-01*
*  std. dev. = 0.58362111E-04   accum. std. dev = 0.98901258E-05*
*   max. wt. =   0.180545E-04                                   *
*                                                               *
**************   chi**2/iteration =  1.115       ****************

 Writing out intermediate results for iteration          31

************* Integration by Vegas (iteration  32) **************
*                                                               *
*  integral  = -.30116635E-01   accum. integral = -.30194763E-01*
*  std. dev. = 0.57871048E-04   accum. std. dev = 0.97487859E-05*
*   max. wt. =   0.180545E-04                                   *
*                                                               *
**************   chi**2/iteration =  1.140       ****************

 Writing out intermediate results for iteration          32

************* Integration by Vegas (iteration  33) **************
*                                                               *
*  integral  = -.30147589E-01   accum. integral = -.30193448E-01*
*  std. dev. = 0.57581922E-04   accum. std. dev = 0.96120025E-05*
*   max. wt. =   0.180545E-04                                   *
*                                                               *
**************   chi**2/iteration =  1.125       ****************

 Writing out intermediate results for iteration          33

************* Integration by Vegas (iteration  34) **************
*                                                               *
*  integral  = -.30189571E-01   accum. integral = -.30193342E-01*
*  std. dev. = 0.57211590E-04   accum. std. dev = 0.94791510E-05*
*   max. wt. =   0.180545E-04                                   *
*                                                               *
**************   chi**2/iteration =  1.091       ****************

 Writing out intermediate results for iteration          34

************* Integration by Vegas (iteration  35) **************
*                                                               *
*  integral  = -.30127184E-01   accum. integral = -.30191607E-01*
*  std. dev. = 0.57753472E-04   accum. std. dev = 0.93539943E-05*
*   max. wt. =   0.180545E-04                                   *
*                                                               *
**************   chi**2/iteration =  1.096       ****************

 Writing out intermediate results for iteration          35

************* Integration by Vegas (iteration  36) **************
*                                                               *
*  integral  = -.30232146E-01   accum. integral = -.30192625E-01*
*  std. dev. = 0.58261666E-04   accum. std. dev = 0.92357182E-05*
*   max. wt. =   0.180545E-04                                   *
*                                                               *
**************   chi**2/iteration =  1.078       ****************

 Writing out intermediate results for iteration          36

************* Integration by Vegas (iteration  37) **************
*                                                               *
*  integral  = -.30160717E-01   accum. integral = -.30191847E-01*
*  std. dev. = 0.58409346E-04   accum. std. dev = 0.91223828E-05*
*   max. wt. =   0.180545E-04                                   *
*                                                               *
**************   chi**2/iteration =  1.057       ****************

 Writing out intermediate results for iteration          37

************* Integration by Vegas (iteration  38) **************
*                                                               *
*  integral  = -.30245450E-01   accum. integral = -.30193208E-01*
*  std. dev. = 0.56526436E-04   accum. std. dev = 0.90058608E-05*
*   max. wt. =   0.180545E-04                                   *
*                                                               *
**************   chi**2/iteration =  1.052       ****************

 Writing out intermediate results for iteration          38

************* Integration by Vegas (iteration  39) **************
*                                                               *
*  integral  = -.30208731E-01   accum. integral = -.30193597E-01*
*  std. dev. = 0.56129339E-04   accum. std. dev = 0.88921300E-05*
*   max. wt. =   0.180545E-04                                   *
*                                                               *
**************   chi**2/iteration =  1.026       ****************

 Writing out intermediate results for iteration          39

************* Integration by Vegas (iteration  40) **************
*                                                               *
*  integral  = -.30144175E-01   accum. integral = -.30192361E-01*
*  std. dev. = 0.55506406E-04   accum. std. dev = 0.87801763E-05*
*   max. wt. =   0.180545E-04                                   *
*                                                               *
**************   chi**2/iteration =  1.020       ****************

 Writing out intermediate results for iteration          40

************* Integration by Vegas (iteration  41) **************
*                                                               *
*  integral  = -.30075196E-01   accum. integral = -.30189694E-01*
*  std. dev. = 0.57537495E-04   accum. std. dev = 0.86796979E-05*
*   max. wt. =   0.180545E-04                                   *
*                                                               *
**************   chi**2/iteration =  1.095       ****************

 Writing out intermediate results for iteration          41

************* Integration by Vegas (iteration  42) **************
*                                                               *
*  integral  = -.30124078E-01   accum. integral = -.30188296E-01*
*  std. dev. = 0.58824553E-04   accum. std. dev = 0.85867274E-05*
*   max. wt. =   0.180545E-04                                   *
*                                                               *
**************   chi**2/iteration =  1.098       ****************

 Writing out intermediate results for iteration          42

************* Integration by Vegas (iteration  43) **************
*                                                               *
*  integral  = -.30271108E-01   accum. integral = -.30189980E-01*
*  std. dev. = 0.59597777E-04   accum. std. dev = 0.84989678E-05*
*   max. wt. =   0.180545E-04                                   *
*                                                               *
**************   chi**2/iteration =  1.117       ****************

 Writing out intermediate results for iteration          43

************* Integration by Vegas (iteration  44) **************
*                                                               *
*  integral  = -.30180878E-01   accum. integral = -.30189787E-01*
*  std. dev. = 0.57686602E-04   accum. std. dev = 0.84082029E-05*
*   max. wt. =   0.180545E-04                                   *
*                                                               *
**************   chi**2/iteration =  1.092       ****************

 Writing out intermediate results for iteration          44

************* Integration by Vegas (iteration  45) **************
*                                                               *
*  integral  = -.30147558E-01   accum. integral = -.30188922E-01*
*  std. dev. = 0.58149777E-04   accum. std. dev = 0.83216587E-05*
*   max. wt. =   0.180545E-04                                   *
*                                                               *
**************   chi**2/iteration =  1.079       ****************

 Writing out intermediate results for iteration          45

************* Integration by Vegas (iteration  46) **************
*                                                               *
*  integral  = -.30101331E-01   accum. integral = -.30187156E-01*
*  std. dev. = 0.58012895E-04   accum. std. dev = 0.82373426E-05*
*   max. wt. =   0.180545E-04                                   *
*                                                               *
**************   chi**2/iteration =  1.104       ****************

 Writing out intermediate results for iteration          46

************* Integration by Vegas (iteration  47) **************
*                                                               *
*  integral  = -.30255344E-01   accum. integral = -.30188524E-01*
*  std. dev. = 0.57578410E-04   accum. std. dev = 0.81543179E-05*
*   max. wt. =   0.180545E-04                                   *
*                                                               *
**************   chi**2/iteration =  1.110       ****************

 Writing out intermediate results for iteration          47

************* Integration by Vegas (iteration  48) **************
*                                                               *
*  integral  = -.30264635E-01   accum. integral = -.30189942E-01*
*  std. dev. = 0.59166059E-04   accum. std. dev = 0.80779600E-05*
*   max. wt. =   0.180545E-04                                   *
*                                                               *
**************   chi**2/iteration =  1.121       ****************

 Writing out intermediate results for iteration          48

************* Integration by Vegas (iteration  49) **************
*                                                               *
*  integral  = -.30261174E-01   accum. integral = -.30191212E-01*
*  std. dev. = 0.59967083E-04   accum. std. dev = 0.80056518E-05*
*   max. wt. =   0.180545E-04                                   *
*                                                               *
**************   chi**2/iteration =  1.127       ****************

 Writing out intermediate results for iteration          49

************* Integration by Vegas (iteration  50) **************
*                                                               *
*  integral  = -.30268589E-01   accum. integral = -.30192650E-01*
*  std. dev. = 0.58182302E-04   accum. std. dev = 0.79309271E-05*
*   max. wt. =   0.180545E-04                                   *
*                                                               *
**************   chi**2/iteration =  1.139       ****************


Value of final lord integral is       -0.0302 +/-     0.0000 fb

 Total number of shots       :     23619600
 Total no. failing cuts      :      6528502
 Number failing jet cuts     :            0
 Number failing process cuts :            0

   Jet efficiency : 100.00%
   Cut efficiency : 100.00%
 Total efficiency : 100.00%

 Contribution from parton sub-processes:
 ---------------------------------------
       GG     |          -0.03019  100.00%
       GQ     |           0.00000   -0.00%
       GQB    |           0.00000   -0.00%
       QG     |           0.00000   -0.00%
       QBG    |           0.00000   -0.00%
       QQ     |           0.00000   -0.00%
       QBQB   |           0.00000   -0.00%
       QQB    |           0.00000   -0.00%
       QBQ    |           0.00000   -0.00%
 ---------------------------------------

 ****************************************************
 output files  cluster_CMS_m4l/CTEQm4/HHTOP/HZZint_lord_cteq6_l_1___1___126_129_run_8
 ****************************************************
