 ************** MCFM - version 6.8 ****************
 *                                                *
 * MCFM, v6.8                   April 26th, 2014  *
 *                                                *
 * Authors: John Campbell, Keith Ellis,           *
 *          Ciaran Williams                       *
 *         (johnmc@fnal.gov, ellis@fnal.gov,      *
 *          ciaran@fnal.gov)                      *
 *                                                *
 * For details see:                               *
 *                                                *
 *  arXiv:1403.2641 (Triphoton production)        *
 *  arXiv:1312.1628 (gg->WW, Higgs interference)  *
 *  arXiv:1311.3589 (gg->ZZ, Higgs interference)  *
 *  Phys.Rev.D87:114006, arXiv:1302.3856          *
 *  (tZ, tH -- with R. Rontsch)                   *
 *  arXiv:1211.6390 (DM, P. Fox and C. Williams)  *
 *  JHEP 1211:162 (2012), arXiv:1208.0566         *
 *  (Z+gam+jet,Z+gam+gam -- with H. Hartanto)     *
 *  arXiv:1204.1513 (top production+decay)        *
 *  JHEP 1207:052 (2012), arXiv:1204.5678 (ttW)   *
 *  JHEP 1110:005 (2011), arXiv:1107.5569         *
 *         (gg->WW,Higgs intference)              *
 *  JHEP 1107:018 (2011), arXiv:1105.0020         *
 *         (diboson update)                       *
 *  JHEP 1103:027 (2011), arXiv:1011.6647         *
 *         (Wbb for mb>0, with S. Badger)         *
 *  Phys.Rev.D81:074023, arXiv:1001.4495 (H+2jet) *
 *                                                *
 *  P.R.L. 102:142001, arXiv:0903.0005 [hep-ph]   *
 *    (t-channel single top + explicit b,         *
 *      JC, R.Frederix, F.Maltoni, F.Tramontano)  *
 *  N.P.B 726:109(2005), hep-ph/0506289 (W+t)     *
 *  Phys.Rev.D70:094012, hep-ph/0408158 (Sngl Top)*
 *       (with Francesco Tramontano)              *
 *                                                *
 *  Phys.Rev.D65:113007, hep-ph/0202176 (W,Z+2j)  *
 *  Phys.Rev.D62:114012, hep-ph/0006304 (W,Z+bb)  *
 *  Phys.Rev.D60:113006, hep-ph/9905386 (diboson) *
 *                                                *
 * On the web:  http://mcfm.fnal.gov/             *
 **************************************************

 * Using input file named cluster_CMS_m4l/CTEQm4/HTOP/input_129_14.DAT                            

 * [Flags to specify the mode in which MCFM is run]                                          
 *                   -1            [nevtrequested] 
 *                    F            [creatent] 
 *                    F            [skipnt] 
 *                    F            [dswhisto] 
 *                    F            [creategrid] 
 *                    T            [writetop] 
 *                    T            [writedat] 
 *                    T            [writegnu] 
 *                    T            [writeroot] 
 *                    F            [writepwg] 

 * [General options to specify the process and execution]                                    
 *                  129            [nproc] 
 *                 lord            [part] 
 * 129_run_14                      [runstring] 
 *           14000.0000            [sqrts] 
 *                    1            [ih1] 
 *                    1            [ih2] 
 *             126.0000            [hmass] 
 *               1.0000            [scale] 
 *               1.0000            [facscale] 
 * m(3456)                         [dynamicscale] 
 *                    F            [zerowidth] 
 *                    F            [removebr] 
 *                   20            [itmx1] 
 *               500000            [ncall1] 
 *                   50            [itmx2] 
 *               500000            [ncall2] 
 *                 2020            [ij] 
 *                    F            [dryrun] 
 *                    T            [Qflag] 
 *                    T            [Gflag] 

 * [Heavy quark masses]                                                                      
 *             173.2000            [top mass] 
 *               4.7500            [bottom mass] 
 *               1.5000            [charm mass] 

 * [Pdf selection]                                                                           
 *              cteq6_l            [pdlabel] 
 *                    4            [NGROUP] 
 *                   46            [NSET] 
 * cteq6mE.LHgrid                  [LHAPDF group] 
 *                   -1            [LHAPDF set] 

 * [Jet definition and event cuts]                                                           
 *               0.0000            [m34min] 
 *           14000.0000            [m34max] 
 *               0.0000            [m56min] 
 *           14000.0000            [m56max] 
 *                    T            [inclusive] 
 *                 ankt            [algorithm] 
 *              15.0000            [ptjetmin] 
 *               0.0000            [etajetmin] 
 *               5.0000            [etajetmax] 
 *               0.5000            [Rcut] 
 *                    T            [makecuts] 
 *               0.0000            [leptpt] 
 *              99.0000            [leptrap] 
 *    0.000,   0.000                [leptveto] 
 *               0.0000            [misspt] 
 *               0.0000            [leptpt2] 
 *              99.0000            [leptrap2] 
 *    0.000,   0.000                [leptveto2] 
 *               0.0000            [mtrans34cut] 
 *               0.0000            [Rjlmin] 
 *               0.0000            [Rllmin] 
 *               0.0000            [delyjjmin] 
 *                    F            [jetsopphem] 
 *                    0            [lbjscheme] 
 *               0.0000            [ptbjetmin] 
 *              99.0000            [etabjetmax] 

 * [Settings for photon processes]                                                           
 *                    F            [frag] 
 *             GdRG__LO            [fragset] 
 *              80.0000            [frag_scale] 
 *              20.0000            [gammpt] 
 *               2.5000            [gammrap] 
 *              20.0000            [gammpt2] 
 *              20.0000            [gammpt3] 
 *               0.0000            [Rgalmin] 
 *               0.4000            [Rgagamin] 
 *               0.4000            [Rgajetmin] 
 *               0.4000            [cone_ang] 
 *               0.5000            [epsilon_h] 

 * [Anomalous couplings of the W and Z]                                                      
 *               0.0000            [delg1_z] 
 *               0.0000            [delk_z] 
 *               0.0000            [delk_g] 
 *               0.0000            [lambda_z] 
 *               0.0000            [lambda_g] 
 *               0.0000            [h1Z] 
 *               0.0000            [h1gam] 
 *               0.0000            [h2Z] 
 *               0.0000            [h2gam] 
 *               0.0000            [h3Z] 
 *               0.0000            [h3gam] 
 *               0.0000            [h4Z] 
 *               0.0000            [h4gam] 
 *               2.0000            [tevscale] 

 * [Anomalous width of the Higgs]                                                            
 *               1.0000            [Gamma_H/Gamma_H(SM)] 

 * [How to resume/save a run]                                                                
 *                    F            [readin] 
 *                    F            [writeout] 
 *                                 [ingridfile] 
 *                                 [outgridfile] 

 * [Technical parameters that should not normally be changed]

 *                    F            [debug] 
 *                    T            [verbose] 
 *                    F            [new_pspace] 
 *                    F            [virtonly] 
 *                    F            [realonly] 
 *                    T            [spira] 
 *                    F            [noglue] 
 *                    F            [ggonly] 
 *                    F            [gqonly] 
 *                    F            [omitgg] 
 *                    F            [vanillafiles] 
 *                    1            [nmin] 
 *                    2            [nmax] 
 *                    T            [clustering] 
 *                    F            [realwt] 
 *                    0            [colourchoice] 
 *               0.0100            [rtsmin] 
 *               0.0001            [cutoff] 
 *               0.1000            [aii] 
 *               0.1000            [aif] 
 *               0.1000            [afi] 
 *               1.0000            [aff] 
 *               1.0000            [bfi] 
 *               1.0000            [bff] 

 Chooser:process chosen by nproc=         129

 *************************** f(p1)+f(p2) --> ******************************************
 * H(--> Z^0(e^-(p3)+e^+(p4)) + Z^0(mu^-(p5)+mu^+(p6)) [only H, gg->ZZ intf.]         *
 **************************************************************************************

 ************** Electroweak parameters **************
 *                                                  *
 *  zmass(+)   91.1876000     wmass(+)  80.3980000  *
 * zwidth(+)    2.4952000    wwidth(+)   2.1054000  *
 *     Gf(+) 0.116639D-04   1/aemmz    132.3384323  *
 *     xw       0.2226459      mtop(+) 173.2000000  *
 *   gwsq       0.4264904       esq      0.0949563  *
 * top width    1.4743080 (LO)                      *
 *    mb        4.7500000        mc      1.5000000  *
 *                                                  *
 * Parameters marked (+) are input, others derived  *
 ****************************************************

 ****************** Higgs parameters ****************
 *                                                  *
 *   mass(H) =  126.00      width(H) =  0.43070E-02 *
 *                                                  *
 *              Br( H -> b bbar)  =   0.56954       *
 *              Br( H -> tau tau) =   0.06056       *
 *              Br( H -> W W)     =   0.00000       *
 *              Br( H -> Z Z)     =   0.00000       *
 *              Br( H -> gam gam) =   0.00235       *
 *              Br( H -> Z gam)   =   0.00164       *
 ****************************************************
 *                                                  *
 * Note: branching ratios reported here can be > 1  *
 *       since the total Higgs width is calculated  *
 *       at NLO but the BR calculation uses a       *
 *       partial width at LO only.                  *
 *                                                  *
 ****************************************************

 WARNING: Higgs decay H->ZZ is below threshold and
 may not yield sensible results - check the number
 of integration points

 ***************** CKM mixing matrix ****************
 *                                                  *
 *      Vud=.97500    Vus=.22200    Vub=0.0000      *
 *      Vcd=.22200    Vcs=.97500    Vcb=0.0000      *
 ****************************************************

 ************* Strong coupling, alpha_s  ************
 *                                                  *
 *  Dynamic scale - alpha_s changed event-by-event  *
 *       alpha_s (zmass)  0.11800000                *
 *         (using 1-loop running of alpha_s)        *
 ****************************************************

 ****************************************
 *     Cross section in femtobarns      *
 ****************************************


 input parameters for vegas:  ndim= 10  ncall= 472392.
                              it=    0  itmx=   20
                              nprn=  0  alph= 1.50
                              mds=  1   nd= 100
                              xl( 1)=   0.000     xu( 1)=   1.000    
                              xl( 2)=   0.000     xu( 2)=   1.000    
                              xl( 3)=   0.000     xu( 3)=   1.000    
                              xl( 4)=   0.000     xu( 4)=   1.000    
                              xl( 5)=   0.000     xu( 5)=   1.000    
                              xl( 6)=   0.000     xu( 6)=   1.000    
                              xl( 7)=   0.000     xu( 7)=   1.000    
                              xl( 8)=   0.000     xu( 8)=   1.000    
                              xl( 9)=   0.000     xu( 9)=   1.000    
                              xl(10)=   0.000     xu(10)=   1.000    

 ****************** Basic mass cuts *****************
 *                                                  *
 *              0.00  <   m34  <  14000.00           *
 *              0.00  <   m56  <  14000.00           *
 ****************************************************
 *********** CMS Higgs Search cuts******
 *                                     *
 *     pt(mu) >           5.00 GeV     *
 *     pt(el) >           7.00 GeV     *
 *     |eta_mu| <         2.40         *
 *     |eta_el| <         2.50         *
 *     m4lmin >         100.00 GeV     *
 *     m2lmin >           4.00 GeV     *
 *     ptleading >       20.00 GeV     *
 *     ptnexttoleading > 10.00 GeV     *
 *     mllnear >         40.00 GeV     *
 *     mllfar >          12.00 GeV     *
 *     mllmax >         120.00 GeV     *
 ***************************************

 ************** Dynamic scale choice ****************
 *                                                  *
 *                 RENORMALIZATION                  *
 *       mu_ren  =  1.00 x m(3456)                  *
 *                                                  *
 *                  FACTORIZATION                   *
 *       mu_fac  =  1.00 x m(3456)                  *
 *                                                  *
 ****************************************************
 ====================================================
   This is QCDLoop - version 1.95                    
   Authors: Keith Ellis and Giulia Zanderighi        
   (ellis@fnal.gov, g.zanderighi1@physics.ox.ac.uk)  
   For details see FERMILAB-PUB-07-633-T,OUTP-07/16P 
   arXiv:0712.1851 [hep-ph], published in            
   JHEP 0802:002,2008.                               
 ====================================================
 ====================================================
   FF 2.0, a package to evaluate one-loop integrals
 written by G. J. van Oldenborgh, NIKHEF-H, Amsterdam
 ====================================================
 for the algorithms used see preprint NIKHEF-H 89/17,
 'New Algorithms for One-loop Integrals', by G.J. van
 Oldenborgh and J.A.M. Vermaseren, published in 
 Zeitschrift fuer Physik C46(1990)425.
 ====================================================
 ffini: precx =    4.4408920985006262E-016
 ffini: precc =    4.4408920985006262E-016
 ffini: xalogm =    4.9406564584124654E-324
 ffini: xclogm =    4.9406564584124654E-324
 ****************************************************
 *                                                  *
 *  gg->ZZ box loop includes gens. 1 and 2          *
 *  gg->ZZ box loop includes bottom quark           *
 *  gg->ZZ box loop includes top quark              *
 *                                                  *
 *  Numer. stability: pt(Z) > 0.100 GeV (gens. 1,2) *
 *  Numer. stability: pt(Z) > 0.100 GeV (b,t loops) *
 *                                                  *
 ****************************************************

************* Integration by Vegas (iteration   1) **************
*                                                               *
*  integral  = -.10438049       accum. integral = -.10438049    *
*  std. dev. = 0.21831763E-02   accum. std. dev = 0.21831763E-02*
*   max. wt. =   0.299469E-03                                   *
*                                                               *
**************   chi**2/iteration =  0.000       ****************


************* Integration by Vegas (iteration   2) **************
*                                                               *
*  integral  = -.10515498       accum. integral = -.10513836    *
*  std. dev. = 0.32334966E-03   accum. std. dev = 0.31986038E-03*
*   max. wt. =   0.299469E-03                                   *
*                                                               *
**************   chi**2/iteration = 0.1219       ****************


************* Integration by Vegas (iteration   3) **************
*                                                               *
*  integral  = -.10489851       accum. integral = -.10499919    *
*  std. dev. = 0.27205731E-03   accum. std. dev = 0.20723488E-03*
*   max. wt. =   0.299469E-03                                   *
*                                                               *
**************   chi**2/iteration = 0.2236       ****************


************* Integration by Vegas (iteration   4) **************
*                                                               *
*  integral  = -.10498494       accum. integral = -.10499328    *
*  std. dev. = 0.24639737E-03   accum. std. dev = 0.15859796E-03*
*   max. wt. =   0.299469E-03                                   *
*                                                               *
**************   chi**2/iteration = 0.1500       ****************


************* Integration by Vegas (iteration   5) **************
*                                                               *
*  integral  = -.10480835       accum. integral = -.10492255    *
*  std. dev. = 0.20152207E-03   accum. std. dev = 0.12463057E-03*
*   max. wt. =   0.299469E-03                                   *
*                                                               *
**************   chi**2/iteration = 0.2422       ****************


************* Integration by Vegas (iteration   6) **************
*                                                               *
*  integral  = -.10519693       accum. integral = -.10500586    *
*  std. dev. = 0.18875359E-03   accum. std. dev = 0.10400437E-03*
*   max. wt. =   0.299469E-03                                   *
*                                                               *
**************   chi**2/iteration = 0.4876       ****************


************* Integration by Vegas (iteration   7) **************
*                                                               *
*  integral  = -.10559516       accum. integral = -.10515083    *
*  std. dev. = 0.18207809E-03   accum. std. dev = 0.90309680E-04*
*   max. wt. =   0.299469E-03                                   *
*                                                               *
**************   chi**2/iteration =  1.721       ****************


************* Integration by Vegas (iteration   8) **************
*                                                               *
*  integral  = -.10537031       accum. integral = -.10518994    *
*  std. dev. = 0.19393182E-03   accum. std. dev = 0.81868116E-04*
*   max. wt. =   0.299469E-03                                   *
*                                                               *
**************   chi**2/iteration =  1.625       ****************


************* Integration by Vegas (iteration   9) **************
*                                                               *
*  integral  = -.10557561       accum. integral = -.10524959    *
*  std. dev. = 0.19139522E-03   accum. std. dev = 0.75271209E-04*
*   max. wt. =   0.299469E-03                                   *
*                                                               *
**************   chi**2/iteration =  1.851       ****************


************* Integration by Vegas (iteration  10) **************
*                                                               *
*  integral  = -.10534094       accum. integral = -.10526292    *
*  std. dev. = 0.18215803E-03   accum. std. dev = 0.69565959E-04*
*   max. wt. =   0.299469E-03                                   *
*                                                               *
**************   chi**2/iteration =  1.669       ****************


************* Integration by Vegas (iteration  11) **************
*                                                               *
*  integral  = -.10548148       accum. integral = -.10529176    *
*  std. dev. = 0.17840830E-03   accum. std. dev = 0.64813075E-04*
*   max. wt. =   0.299469E-03                                   *
*                                                               *
**************   chi**2/iteration =  1.633       ****************


************* Integration by Vegas (iteration  12) **************
*                                                               *
*  integral  = -.10524720       accum. integral = -.10528675    *
*  std. dev. = 0.18212757E-03   accum. std. dev = 0.61061839E-04*
*   max. wt. =   0.299469E-03                                   *
*                                                               *
**************   chi**2/iteration =  1.489       ****************


************* Integration by Vegas (iteration  13) **************
*                                                               *
*  integral  = -.10539421       accum. integral = -.10529798    *
*  std. dev. = 0.17879451E-03   accum. std. dev = 0.57784869E-04*
*   max. wt. =   0.299469E-03                                   *
*                                                               *
**************   chi**2/iteration =  1.392       ****************


************* Integration by Vegas (iteration  14) **************
*                                                               *
*  integral  = -.10517488       accum. integral = -.10528667    *
*  std. dev. = 0.18171330E-03   accum. std. dev = 0.55067580E-04*
*   max. wt. =   0.299469E-03                                   *
*                                                               *
**************   chi**2/iteration =  1.317       ****************


************* Integration by Vegas (iteration  15) **************
*                                                               *
*  integral  = -.10530179       accum. integral = -.10528796    *
*  std. dev. = 0.18014227E-03   accum. std. dev = 0.52661996E-04*
*   max. wt. =   0.299469E-03                                   *
*                                                               *
**************   chi**2/iteration =  1.224       ****************


************* Integration by Vegas (iteration  16) **************
*                                                               *
*  integral  = -.10540506       accum. integral = -.10529670    *
*  std. dev. = 0.18545204E-03   accum. std. dev = 0.50659105E-04*
*   max. wt. =   0.299469E-03                                   *
*                                                               *
**************   chi**2/iteration =  1.167       ****************


************* Integration by Vegas (iteration  17) **************
*                                                               *
*  integral  = -.10520595       accum. integral = -.10529020    *
*  std. dev. = 0.18243867E-03   accum. std. dev = 0.48812218E-04*
*   max. wt. =   0.299469E-03                                   *
*                                                               *
**************   chi**2/iteration =  1.108       ****************


************* Integration by Vegas (iteration  18) **************
*                                                               *
*  integral  = -.10497743       accum. integral = -.10526856    *
*  std. dev. = 0.17902422E-03   accum. std. dev = 0.47093101E-04*
*   max. wt. =   0.299469E-03                                   *
*                                                               *
**************   chi**2/iteration =  1.210       ****************


************* Integration by Vegas (iteration  19) **************
*                                                               *
*  integral  = -.10523487       accum. integral = -.10526647    *
*  std. dev. = 0.18309424E-03   accum. std. dev = 0.45608631E-04*
*   max. wt. =   0.299469E-03                                   *
*                                                               *
**************   chi**2/iteration =  1.145       ****************


************* Integration by Vegas (iteration  20) **************
*                                                               *
*  integral  = -.10528025       accum. integral = -.10526727    *
*  std. dev. = 0.18417871E-03   accum. std. dev = 0.44271423E-04*
*   max. wt. =   0.299469E-03                                   *
*                                                               *
**************   chi**2/iteration =  1.085       ****************


 input parameters for vegas:  ndim= 10  ncall= 472392.
                              it=   21  itmx=   50
                              nprn=  0  alph= 1.50
                              mds=  1   nd= 100
                              xl( 1)=   0.000     xu( 1)=   1.000    
                              xl( 2)=   0.000     xu( 2)=   1.000    
                              xl( 3)=   0.000     xu( 3)=   1.000    
                              xl( 4)=   0.000     xu( 4)=   1.000    
                              xl( 5)=   0.000     xu( 5)=   1.000    
                              xl( 6)=   0.000     xu( 6)=   1.000    
                              xl( 7)=   0.000     xu( 7)=   1.000    
                              xl( 8)=   0.000     xu( 8)=   1.000    
                              xl( 9)=   0.000     xu( 9)=   1.000    
                              xl(10)=   0.000     xu(10)=   1.000    

************* Integration by Vegas (iteration   1) **************
*                                                               *
*  integral  = -.10472394       accum. integral = -.10472394    *
*  std. dev. = 0.18743029E-03   accum. std. dev = 0.18743029E-03*
*   max. wt. =   0.413946E-04                                   *
*                                                               *
**************   chi**2/iteration =  0.000       ****************

 Writing out intermediate results for iteration           1

************* Integration by Vegas (iteration   2) **************
*                                                               *
*  integral  = -.10528166       accum. integral = -.10500544    *
*  std. dev. = 0.18566148E-03   accum. std. dev = 0.13190341E-03*
*   max. wt. =   0.413946E-04                                   *
*                                                               *
**************   chi**2/iteration =  4.425       ****************

 Writing out intermediate results for iteration           2

************* Integration by Vegas (iteration   3) **************
*                                                               *
*  integral  = -.10551170       accum. integral = -.10517976    *
*  std. dev. = 0.18202396E-03   accum. std. dev = 0.10680821E-03*
*   max. wt. =   0.413946E-04                                   *
*                                                               *
**************   chi**2/iteration =  4.747       ****************

 Writing out intermediate results for iteration           3

************* Integration by Vegas (iteration   4) **************
*                                                               *
*  integral  = -.10518265       accum. integral = -.10518050    *
*  std. dev. = 0.18111163E-03   accum. std. dev = 0.92001220E-04*
*   max. wt. =   0.413946E-04                                   *
*                                                               *
**************   chi**2/iteration =  3.170       ****************

 Writing out intermediate results for iteration           4

************* Integration by Vegas (iteration   5) **************
*                                                               *
*  integral  = -.10468700       accum. integral = -.10508196    *
*  std. dev. = 0.18419122E-03   accum. std. dev = 0.82305257E-04*
*   max. wt. =   0.413946E-04                                   *
*                                                               *
**************   chi**2/iteration =  3.812       ****************

 Writing out intermediate results for iteration           5

************* Integration by Vegas (iteration   6) **************
*                                                               *
*  integral  = -.10536672       accum. integral = -.10512719    *
*  std. dev. = 0.18941838E-03   accum. std. dev = 0.75487053E-04*
*   max. wt. =   0.413946E-04                                   *
*                                                               *
**************   chi**2/iteration =  3.431       ****************

 Writing out intermediate results for iteration           6

************* Integration by Vegas (iteration   7) **************
*                                                               *
*  integral  = -.10519475       accum. integral = -.10513711    *
*  std. dev. = 0.18189836E-03   accum. std. dev = 0.69721646E-04*
*   max. wt. =   0.413946E-04                                   *
*                                                               *
**************   chi**2/iteration =  2.879       ****************

 Writing out intermediate results for iteration           7

************* Integration by Vegas (iteration   8) **************
*                                                               *
*  integral  = -.10508440       accum. integral = -.10513088    *
*  std. dev. = 0.19042912E-03   accum. std. dev = 0.65471369E-04*
*   max. wt. =   0.413946E-04                                   *
*                                                               *
**************   chi**2/iteration =  2.478       ****************

 Writing out intermediate results for iteration           8

************* Integration by Vegas (iteration   9) **************
*                                                               *
*  integral  = -.10497547       accum. integral = -.10511450    *
*  std. dev. = 0.19073397E-03   accum. std. dev = 0.61924716E-04*
*   max. wt. =   0.413946E-04                                   *
*                                                               *
**************   chi**2/iteration =  2.243       ****************

 Writing out intermediate results for iteration           9

************* Integration by Vegas (iteration  10) **************
*                                                               *
*  integral  = -.10501265       accum. integral = -.10510401    *
*  std. dev. = 0.18268602E-03   accum. std. dev = 0.58647054E-04*
*   max. wt. =   0.413946E-04                                   *
*                                                               *
**************   chi**2/iteration =  2.025       ****************

 Writing out intermediate results for iteration          10

************* Integration by Vegas (iteration  11) **************
*                                                               *
*  integral  = -.10552472       accum. integral = -.10514355    *
*  std. dev. = 0.18207302E-03   accum. std. dev = 0.55822622E-04*
*   max. wt. =   0.413946E-04                                   *
*                                                               *
**************   chi**2/iteration =  2.306       ****************

 Writing out intermediate results for iteration          11

************* Integration by Vegas (iteration  12) **************
*                                                               *
*  integral  = -.10506238       accum. integral = -.10513678    *
*  std. dev. = 0.18500701E-03   accum. std. dev = 0.53442824E-04*
*   max. wt. =   0.413946E-04                                   *
*                                                               *
**************   chi**2/iteration =  2.113       ****************

 Writing out intermediate results for iteration          12

************* Integration by Vegas (iteration  13) **************
*                                                               *
*  integral  = -.10524960       accum. integral = -.10514556    *
*  std. dev. = 0.18391505E-03   accum. std. dev = 0.51320016E-04*
*   max. wt. =   0.413946E-04                                   *
*                                                               *
**************   chi**2/iteration =  1.966       ****************

 Writing out intermediate results for iteration          13

************* Integration by Vegas (iteration  14) **************
*                                                               *
*  integral  = -.10515583       accum. integral = -.10514629    *
*  std. dev. = 0.18566808E-03   accum. std. dev = 0.49465196E-04*
*   max. wt. =   0.413946E-04                                   *
*                                                               *
**************   chi**2/iteration =  1.815       ****************

 Writing out intermediate results for iteration          14

************* Integration by Vegas (iteration  15) **************
*                                                               *
*  integral  = -.10529040       accum. integral = -.10515469    *
*  std. dev. = 0.19881758E-03   accum. std. dev = 0.48001847E-04*
*   max. wt. =   0.497494E-04                                   *
*                                                               *
**************   chi**2/iteration =  1.720       ****************

 Writing out intermediate results for iteration          15

************* Integration by Vegas (iteration  16) **************
*                                                               *
*  integral  = -.10548604       accum. integral = -.10517337    *
*  std. dev. = 0.19642951E-03   accum. std. dev = 0.46629727E-04*
*   max. wt. =   0.497494E-04                                   *
*                                                               *
**************   chi**2/iteration =  1.785       ****************

 Writing out intermediate results for iteration          16

************* Integration by Vegas (iteration  17) **************
*                                                               *
*  integral  = -.10547683       accum. integral = -.10519069    *
*  std. dev. = 0.18951207E-03   accum. std. dev = 0.45279234E-04*
*   max. wt. =   0.497494E-04                                   *
*                                                               *
**************   chi**2/iteration =  1.824       ****************

 Writing out intermediate results for iteration          17

************* Integration by Vegas (iteration  18) **************
*                                                               *
*  integral  = -.10533063       accum. integral = -.10519845    *
*  std. dev. = 0.18680619E-03   accum. std. dev = 0.44005012E-04*
*   max. wt. =   0.497494E-04                                   *
*                                                               *
**************   chi**2/iteration =  1.748       ****************

 Writing out intermediate results for iteration          18

************* Integration by Vegas (iteration  19) **************
*                                                               *
*  integral  = -.10516127       accum. integral = -.10519656    *
*  std. dev. = 0.19010180E-03   accum. std. dev = 0.42871398E-04*
*   max. wt. =   0.497494E-04                                   *
*                                                               *
**************   chi**2/iteration =  1.653       ****************

 Writing out intermediate results for iteration          19

************* Integration by Vegas (iteration  20) **************
*                                                               *
*  integral  = -.10545128       accum. integral = -.10520888    *
*  std. dev. = 0.19018700E-03   accum. std. dev = 0.41822015E-04*
*   max. wt. =   0.497494E-04                                   *
*                                                               *
**************   chi**2/iteration =  1.656       ****************

 Writing out intermediate results for iteration          20

************* Integration by Vegas (iteration  21) **************
*                                                               *
*  integral  = -.10489845       accum. integral = -.10519600    *
*  std. dev. = 0.20099449E-03   accum. std. dev = 0.40945041E-04*
*   max. wt. =   0.497494E-04                                   *
*                                                               *
**************   chi**2/iteration =  1.687       ****************

 Writing out intermediate results for iteration          21

************* Integration by Vegas (iteration  22) **************
*                                                               *
*  integral  = -.10520398       accum. integral = -.10519634    *
*  std. dev. = 0.19415386E-03   accum. std. dev = 0.40063824E-04*
*   max. wt. =   0.497494E-04                                   *
*                                                               *
**************   chi**2/iteration =  1.607       ****************

 Writing out intermediate results for iteration          22

************* Integration by Vegas (iteration  23) **************
*                                                               *
*  integral  = -.10537694       accum. integral = -.10520453    *
*  std. dev. = 0.18378927E-03   accum. std. dev = 0.39144569E-04*
*   max. wt. =   0.497494E-04                                   *
*                                                               *
**************   chi**2/iteration =  1.576       ****************

 Writing out intermediate results for iteration          23

************* Integration by Vegas (iteration  24) **************
*                                                               *
*  integral  = -.10561560       accum. integral = -.10522137    *
*  std. dev. = 0.18940359E-03   accum. std. dev = 0.38334428E-04*
*   max. wt. =   0.497494E-04                                   *
*                                                               *
**************   chi**2/iteration =  1.704       ****************

 Writing out intermediate results for iteration          24

************* Integration by Vegas (iteration  25) **************
*                                                               *
*  integral  = -.10527918       accum. integral = -.10522377    *
*  std. dev. = 0.18433143E-03   accum. std. dev = 0.37531414E-04*
*   max. wt. =   0.497494E-04                                   *
*                                                               *
**************   chi**2/iteration =  1.637       ****************

 Writing out intermediate results for iteration          25

************* Integration by Vegas (iteration  26) **************
*                                                               *
*  integral  = -.10504391       accum. integral = -.10521680    *
*  std. dev. = 0.18702714E-03   accum. std. dev = 0.36797805E-04*
*   max. wt. =   0.497494E-04                                   *
*                                                               *
**************   chi**2/iteration =  1.607       ****************

 Writing out intermediate results for iteration          26

************* Integration by Vegas (iteration  27) **************
*                                                               *
*  integral  = -.10542172       accum. integral = -.10522405    *
*  std. dev. = 0.19215182E-03   accum. std. dev = 0.36141059E-04*
*   max. wt. =   0.507236E-04                                   *
*                                                               *
**************   chi**2/iteration =  1.587       ****************

 Writing out intermediate results for iteration          27

************* Integration by Vegas (iteration  28) **************
*                                                               *
*  integral  = -.10527309       accum. integral = -.10522573    *
*  std. dev. = 0.19197280E-03   accum. std. dev = 0.35517134E-04*
*   max. wt. =   0.507236E-04                                   *
*                                                               *
**************   chi**2/iteration =  1.531       ****************

 Writing out intermediate results for iteration          28

************* Integration by Vegas (iteration  29) **************
*                                                               *
*  integral  = -.10518554       accum. integral = -.10522433    *
*  std. dev. = 0.18721362E-03   accum. std. dev = 0.34894727E-04*
*   max. wt. =   0.507236E-04                                   *
*                                                               *
**************   chi**2/iteration =  1.478       ****************

 Writing out intermediate results for iteration          29

************* Integration by Vegas (iteration  30) **************
*                                                               *
*  integral  = -.10522627       accum. integral = -.10522440    *
*  std. dev. = 0.19095308E-03   accum. std. dev = 0.34326290E-04*
*   max. wt. =   0.507236E-04                                   *
*                                                               *
**************   chi**2/iteration =  1.427       ****************

 Writing out intermediate results for iteration          30

************* Integration by Vegas (iteration  31) **************
*                                                               *
*  integral  = -.10522577       accum. integral = -.10522443    *
*  std. dev. = 0.20769804E-03   accum. std. dev = 0.33866882E-04*
*   max. wt. =   0.673101E-04                                   *
*                                                               *
**************   chi**2/iteration =  1.379       ****************

 Writing out intermediate results for iteration          31

************* Integration by Vegas (iteration  32) **************
*                                                               *
*  integral  = -.10498235       accum. integral = -.10521770    *
*  std. dev. = 0.20024680E-03   accum. std. dev = 0.33392675E-04*
*   max. wt. =   0.673101E-04                                   *
*                                                               *
**************   chi**2/iteration =  1.381       ****************

 Writing out intermediate results for iteration          32

************* Integration by Vegas (iteration  33) **************
*                                                               *
*  integral  = -.10504852       accum. integral = -.10521270    *
*  std. dev. = 0.19136279E-03   accum. std. dev = 0.32895595E-04*
*   max. wt. =   0.673101E-04                                   *
*                                                               *
**************   chi**2/iteration =  1.361       ****************

 Writing out intermediate results for iteration          33

************* Integration by Vegas (iteration  34) **************
*                                                               *
*  integral  = -.10527208       accum. integral = -.10521435    *
*  std. dev. = 0.19479231E-03   accum. std. dev = 0.32436324E-04*
*   max. wt. =   0.673101E-04                                   *
*                                                               *
**************   chi**2/iteration =  1.323       ****************

 Writing out intermediate results for iteration          34

************* Integration by Vegas (iteration  35) **************
*                                                               *
*  integral  = -.10475137       accum. integral = -.10520255    *
*  std. dev. = 0.20057573E-03   accum. std. dev = 0.32020327E-04*
*   max. wt. =   0.673101E-04                                   *
*                                                               *
**************   chi**2/iteration =  1.437       ****************

 Writing out intermediate results for iteration          35

************* Integration by Vegas (iteration  36) **************
*                                                               *
*  integral  = -.10536547       accum. integral = -.10520689    *
*  std. dev. = 0.19351321E-03   accum. std. dev = 0.31590772E-04*
*   max. wt. =   0.673101E-04                                   *
*                                                               *
**************   chi**2/iteration =  1.415       ****************

 Writing out intermediate results for iteration          36

************* Integration by Vegas (iteration  37) **************
*                                                               *
*  integral  = -.10501390       accum. integral = -.10520200    *
*  std. dev. = 0.19588771E-03   accum. std. dev = 0.31187810E-04*
*   max. wt. =   0.673101E-04                                   *
*                                                               *
**************   chi**2/iteration =  1.402       ****************

 Writing out intermediate results for iteration          37

************* Integration by Vegas (iteration  38) **************
*                                                               *
*  integral  = -.10564692       accum. integral = -.10521387    *
*  std. dev. = 0.18837994E-03   accum. std. dev = 0.30768980E-04*
*   max. wt. =   0.673101E-04                                   *
*                                                               *
**************   chi**2/iteration =  1.511       ****************

 Writing out intermediate results for iteration          38

************* Integration by Vegas (iteration  39) **************
*                                                               *
*  integral  = -.10515637       accum. integral = -.10521256    *
*  std. dev. = 0.20147241E-03   accum. std. dev = 0.30416316E-04*
*   max. wt. =   0.673101E-04                                   *
*                                                               *
**************   chi**2/iteration =  1.473       ****************

 Writing out intermediate results for iteration          39

************* Integration by Vegas (iteration  40) **************
*                                                               *
*  integral  = -.10502730       accum. integral = -.10520800    *
*  std. dev. = 0.19150748E-03   accum. std. dev = 0.30039790E-04*
*   max. wt. =   0.673101E-04                                   *
*                                                               *
**************   chi**2/iteration =  1.459       ****************

 Writing out intermediate results for iteration          40

************* Integration by Vegas (iteration  41) **************
*                                                               *
*  integral  = -.10491840       accum. integral = -.10520099    *
*  std. dev. = 0.19066447E-03   accum. std. dev = 0.29673752E-04*
*   max. wt. =   0.673101E-04                                   *
*                                                               *
**************   chi**2/iteration =  1.479       ****************

 Writing out intermediate results for iteration          41

************* Integration by Vegas (iteration  42) **************
*                                                               *
*  integral  = -.10513226       accum. integral = -.10519936    *
*  std. dev. = 0.19036441E-03   accum. std. dev = 0.29319682E-04*
*   max. wt. =   0.673101E-04                                   *
*                                                               *
**************   chi**2/iteration =  1.446       ****************

 Writing out intermediate results for iteration          42

************* Integration by Vegas (iteration  43) **************
*                                                               *
*  integral  = -.10531896       accum. integral = -.10520185    *
*  std. dev. = 0.20107068E-03   accum. std. dev = 0.29012857E-04*
*   max. wt. =   0.673101E-04                                   *
*                                                               *
**************   chi**2/iteration =  1.420       ****************

 Writing out intermediate results for iteration          43

************* Integration by Vegas (iteration  44) **************
*                                                               *
*  integral  = -.10507149       accum. integral = -.10519893    *
*  std. dev. = 0.19177006E-03   accum. std. dev = 0.28686418E-04*
*   max. wt. =   0.673101E-04                                   *
*                                                               *
**************   chi**2/iteration =  1.397       ****************

 Writing out intermediate results for iteration          44

************* Integration by Vegas (iteration  45) **************
*                                                               *
*  integral  = -.10489193       accum. integral = -.10519389    *
*  std. dev. = 0.22214120E-03   accum. std. dev = 0.28450180E-04*
*   max. wt. =   0.102300E-03                                   *
*                                                               *
**************   chi**2/iteration =  1.408       ****************

 Writing out intermediate results for iteration          45

************* Integration by Vegas (iteration  46) **************
*                                                               *
*  integral  = -.10506597       accum. integral = -.10519163    *
*  std. dev. = 0.21187817E-03   accum. std. dev = 0.28197118E-04*
*   max. wt. =   0.102300E-03                                   *
*                                                               *
**************   chi**2/iteration =  1.385       ****************

 Writing out intermediate results for iteration          46

************* Integration by Vegas (iteration  47) **************
*                                                               *
*  integral  = -.10563231       accum. integral = -.10520060    *
*  std. dev. = 0.19556227E-03   accum. std. dev = 0.27908511E-04*
*   max. wt. =   0.102300E-03                                   *
*                                                               *
**************   chi**2/iteration =  1.463       ****************

 Writing out intermediate results for iteration          47

************* Integration by Vegas (iteration  48) **************
*                                                               *
*  integral  = -.10537666       accum. integral = -.10520409    *
*  std. dev. = 0.19635879E-03   accum. std. dev = 0.27630822E-04*
*   max. wt. =   0.102300E-03                                   *
*                                                               *
**************   chi**2/iteration =  1.448       ****************

 Writing out intermediate results for iteration          48

************* Integration by Vegas (iteration  49) **************
*                                                               *
*  integral  = -.10546447       accum. integral = -.10520926    *
*  std. dev. = 0.19406542E-03   accum. std. dev = 0.27354946E-04*
*   max. wt. =   0.102300E-03                                   *
*                                                               *
**************   chi**2/iteration =  1.455       ****************

 Writing out intermediate results for iteration          49

************* Integration by Vegas (iteration  50) **************
*                                                               *
*  integral  = -.10531889       accum. integral = -.10521154    *
*  std. dev. = 0.18765984E-03   accum. std. dev = 0.27068871E-04*
*   max. wt. =   0.102300E-03                                   *
*                                                               *
**************   chi**2/iteration =  1.432       ****************


Value of final lord integral is       -0.1052 +/-     0.0000 fb

 Total number of shots       :     23619600
 Total no. failing cuts      :      6815313
 Number failing jet cuts     :            0
 Number failing process cuts :            0

   Jet efficiency : 100.00%
   Cut efficiency : 100.00%
 Total efficiency : 100.00%

 Contribution from parton sub-processes:
 ---------------------------------------
       GG     |          -0.10521  100.00%
       GQ     |           0.00000   -0.00%
       GQB    |           0.00000   -0.00%
       QG     |           0.00000   -0.00%
       QBG    |           0.00000   -0.00%
       QQ     |           0.00000   -0.00%
       QBQB   |           0.00000   -0.00%
       QQB    |           0.00000   -0.00%
       QBQ    |           0.00000   -0.00%
 ---------------------------------------

 ****************************************************
 output files  cluster_CMS_m4l/CTEQm4/HTOP/HZZint_lord_cteq6_l_1___1___126_129_run_14
 ****************************************************
