 ************** MCFM - version 6.8 ****************
 *                                                *
 * MCFM, v6.8                   April 26th, 2014  *
 *                                                *
 * Authors: John Campbell, Keith Ellis,           *
 *          Ciaran Williams                       *
 *         (johnmc@fnal.gov, ellis@fnal.gov,      *
 *          ciaran@fnal.gov)                      *
 *                                                *
 * For details see:                               *
 *                                                *
 *  arXiv:1403.2641 (Triphoton production)        *
 *  arXiv:1312.1628 (gg->WW, Higgs interference)  *
 *  arXiv:1311.3589 (gg->ZZ, Higgs interference)  *
 *  Phys.Rev.D87:114006, arXiv:1302.3856          *
 *  (tZ, tH -- with R. Rontsch)                   *
 *  arXiv:1211.6390 (DM, P. Fox and C. Williams)  *
 *  JHEP 1211:162 (2012), arXiv:1208.0566         *
 *  (Z+gam+jet,Z+gam+gam -- with H. Hartanto)     *
 *  arXiv:1204.1513 (top production+decay)        *
 *  JHEP 1207:052 (2012), arXiv:1204.5678 (ttW)   *
 *  JHEP 1110:005 (2011), arXiv:1107.5569         *
 *         (gg->WW,Higgs intference)              *
 *  JHEP 1107:018 (2011), arXiv:1105.0020         *
 *         (diboson update)                       *
 *  JHEP 1103:027 (2011), arXiv:1011.6647         *
 *         (Wbb for mb>0, with S. Badger)         *
 *  Phys.Rev.D81:074023, arXiv:1001.4495 (H+2jet) *
 *                                                *
 *  P.R.L. 102:142001, arXiv:0903.0005 [hep-ph]   *
 *    (t-channel single top + explicit b,         *
 *      JC, R.Frederix, F.Maltoni, F.Tramontano)  *
 *  N.P.B 726:109(2005), hep-ph/0506289 (W+t)     *
 *  Phys.Rev.D70:094012, hep-ph/0408158 (Sngl Top)*
 *       (with Francesco Tramontano)              *
 *                                                *
 *  Phys.Rev.D65:113007, hep-ph/0202176 (W,Z+2j)  *
 *  Phys.Rev.D62:114012, hep-ph/0006304 (W,Z+bb)  *
 *  Phys.Rev.D60:113006, hep-ph/9905386 (diboson) *
 *                                                *
 * On the web:  http://mcfm.fnal.gov/             *
 **************************************************

 * Using input file named E_var/E_50/CTEQ/TOP/input_130_50.DAT                                    

 * [Flags to specify the mode in which MCFM is run]                                          
 *                   -1            [nevtrequested] 
 *                    F            [creatent] 
 *                    F            [skipnt] 
 *                    F            [dswhisto] 
 *                    F            [creategrid] 
 *                    T            [writetop] 
 *                    T            [writedat] 
 *                    T            [writegnu] 
 *                    T            [writeroot] 
 *                    F            [writepwg] 

 * [General options to specify the process and execution]                                    
 *                  130            [nproc] 
 *                 lord            [part] 
 * 130_run_50                      [runstring] 
 *           50000.0000            [sqrts] 
 *                    1            [ih1] 
 *                    1            [ih2] 
 *             126.0000            [hmass] 
 *               0.5000            [scale] 
 *               0.5000            [facscale] 
 * m(3456)                         [dynamicscale] 
 *                    F            [zerowidth] 
 *                    F            [removebr] 
 *                   20            [itmx1] 
 *               500000            [ncall1] 
 *                   50            [itmx2] 
 *               500000            [ncall2] 
 *                 2020            [ij] 
 *                    F            [dryrun] 
 *                    T            [Qflag] 
 *                    T            [Gflag] 

 * [Heavy quark masses]                                                                      
 *             173.2000            [top mass] 
 *               4.7500            [bottom mass] 
 *               1.5000            [charm mass] 

 * [Pdf selection]                                                                           
 *              cteq6_l            [pdlabel] 
 *                    4            [NGROUP] 
 *                   46            [NSET] 
 * cteq6mE.LHgrid                  [LHAPDF group] 
 *                   -1            [LHAPDF set] 

 * [Jet definition and event cuts]                                                           
 *               0.0000            [m34min] 
 *           50000.0000            [m34max] 
 *               0.0000            [m56min] 
 *           50000.0000            [m56max] 
 *                    T            [inclusive] 
 *                 ankt            [algorithm] 
 *              15.0000            [ptjetmin] 
 *               0.0000            [etajetmin] 
 *               5.0000            [etajetmax] 
 *               0.5000            [Rcut] 
 *                    T            [makecuts] 
 *               0.0000            [leptpt] 
 *              99.0000            [leptrap] 
 *    0.000,   0.000                [leptveto] 
 *               0.0000            [misspt] 
 *               0.0000            [leptpt2] 
 *              99.0000            [leptrap2] 
 *    0.000,   0.000                [leptveto2] 
 *               0.0000            [mtrans34cut] 
 *               0.0000            [Rjlmin] 
 *               0.0000            [Rllmin] 
 *               0.0000            [delyjjmin] 
 *                    F            [jetsopphem] 
 *                    0            [lbjscheme] 
 *               0.0000            [ptbjetmin] 
 *              99.0000            [etabjetmax] 

 * [Settings for photon processes]                                                           
 *                    F            [frag] 
 *             GdRG__LO            [fragset] 
 *              80.0000            [frag_scale] 
 *              20.0000            [gammpt] 
 *               2.5000            [gammrap] 
 *              20.0000            [gammpt2] 
 *              20.0000            [gammpt3] 
 *               0.0000            [Rgalmin] 
 *               0.4000            [Rgagamin] 
 *               0.4000            [Rgajetmin] 
 *               0.4000            [cone_ang] 
 *               0.5000            [epsilon_h] 

 * [Anomalous couplings of the W and Z]                                                      
 *               0.0000            [delg1_z] 
 *               0.0000            [delk_z] 
 *               0.0000            [delk_g] 
 *               0.0000            [lambda_z] 
 *               0.0000            [lambda_g] 
 *               0.0000            [h1Z] 
 *               0.0000            [h1gam] 
 *               0.0000            [h2Z] 
 *               0.0000            [h2gam] 
 *               0.0000            [h3Z] 
 *               0.0000            [h3gam] 
 *               0.0000            [h4Z] 
 *               0.0000            [h4gam] 
 *               2.0000            [tevscale] 

 * [Anomalous width of the Higgs]                                                            
 *               1.0000            [Gamma_H/Gamma_H(SM)] 

 * [How to resume/save a run]                                                                
 *                    F            [readin] 
 *                    F            [writeout] 
 *                                 [ingridfile] 
 *                                 [outgridfile] 

 * [Technical parameters that should not normally be changed]

 *                    F            [debug] 
 *                    T            [verbose] 
 *                    F            [new_pspace] 
 *                    F            [virtonly] 
 *                    F            [realonly] 
 *                    T            [spira] 
 *                    F            [noglue] 
 *                    F            [ggonly] 
 *                    F            [gqonly] 
 *                    F            [omitgg] 
 *                    F            [vanillafiles] 
 *                    1            [nmin] 
 *                    2            [nmax] 
 *                    T            [clustering] 
 *                    F            [realwt] 
 *                    0            [colourchoice] 
 *               0.0100            [rtsmin] 
 *               0.0001            [cutoff] 
 *               0.1000            [aii] 
 *               0.1000            [aif] 
 *               0.1000            [afi] 
 *               1.0000            [aff] 
 *               1.0000            [bfi] 
 *               1.0000            [bff] 

 Chooser:process chosen by nproc=         130

 *************************** f(p1)+f(p2) --> ******************************************
 * H(--> Z^0(e^-(p3)+e^+(p4)) + Z^0(mu^-(p5)+mu^+(p6)) [H squared and H, gg->ZZ intf. *
 **************************************************************************************

 ************** Electroweak parameters **************
 *                                                  *
 *  zmass(+)   91.1876000     wmass(+)  80.3980000  *
 * zwidth(+)    2.4952000    wwidth(+)   2.1054000  *
 *     Gf(+) 0.116639D-04   1/aemmz    132.3384323  *
 *     xw       0.2226459      mtop(+) 173.2000000  *
 *   gwsq       0.4264904       esq      0.0949563  *
 * top width    1.4743080 (LO)                      *
 *    mb        4.7500000        mc      1.5000000  *
 *                                                  *
 * Parameters marked (+) are input, others derived  *
 ****************************************************

 ****************** Higgs parameters ****************
 *                                                  *
 *   mass(H) =  126.00      width(H) =  0.43070E-02 *
 *                                                  *
 *              Br( H -> b bbar)  =   0.56954       *
 *              Br( H -> tau tau) =   0.06056       *
 *              Br( H -> W W)     =   0.00000       *
 *              Br( H -> Z Z)     =   0.00000       *
 *              Br( H -> gam gam) =   0.00235       *
 *              Br( H -> Z gam)   =   0.00164       *
 ****************************************************
 *                                                  *
 * Note: branching ratios reported here can be > 1  *
 *       since the total Higgs width is calculated  *
 *       at NLO but the BR calculation uses a       *
 *       partial width at LO only.                  *
 *                                                  *
 ****************************************************

 WARNING: Higgs decay H->ZZ is below threshold and
 may not yield sensible results - check the number
 of integration points

 ***************** CKM mixing matrix ****************
 *                                                  *
 *      Vud=.97500    Vus=.22200    Vub=0.0000      *
 *      Vcd=.22200    Vcs=.97500    Vcb=0.0000      *
 ****************************************************

 ************* Strong coupling, alpha_s  ************
 *                                                  *
 *  Dynamic scale - alpha_s changed event-by-event  *
 *       alpha_s (zmass)  0.11800000                *
 *         (using 1-loop running of alpha_s)        *
 ****************************************************

 ****************************************
 *     Cross section in femtobarns      *
 ****************************************


 input parameters for vegas:  ndim= 10  ncall= 472392.
                              it=    0  itmx=   20
                              nprn=  0  alph= 1.50
                              mds=  1   nd= 100
                              xl( 1)=   0.000     xu( 1)=   1.000    
                              xl( 2)=   0.000     xu( 2)=   1.000    
                              xl( 3)=   0.000     xu( 3)=   1.000    
                              xl( 4)=   0.000     xu( 4)=   1.000    
                              xl( 5)=   0.000     xu( 5)=   1.000    
                              xl( 6)=   0.000     xu( 6)=   1.000    
                              xl( 7)=   0.000     xu( 7)=   1.000    
                              xl( 8)=   0.000     xu( 8)=   1.000    
                              xl( 9)=   0.000     xu( 9)=   1.000    
                              xl(10)=   0.000     xu(10)=   1.000    

 ****************** Basic mass cuts *****************
 *                                                  *
 *              0.00  <   m34  <  50000.00           *
 *              0.00  <   m56  <  50000.00           *
 ****************************************************
 *********** CMS Higgs Search cuts******
 *                                     *
 *     pt(mu) >           5.00 GeV     *
 *     pt(el) >           7.00 GeV     *
 *     |eta_mu| <         2.40         *
 *     |eta_el| <         2.50         *
 *     m4lmin >         100.00 GeV     *
 *     m2lmin >           4.00 GeV     *
 *     ptleading >       20.00 GeV     *
 *     ptnexttoleading > 10.00 GeV     *
 *     mllnear >         40.00 GeV     *
 *     mllfar >          12.00 GeV     *
 *     mllmax >         120.00 GeV     *
 ***************************************

 ************** Dynamic scale choice ****************
 *                                                  *
 *                 RENORMALIZATION                  *
 *       mu_ren  =  0.50 x m(3456)                  *
 *                                                  *
 *                  FACTORIZATION                   *
 *       mu_fac  =  0.50 x m(3456)                  *
 *                                                  *
 ****************************************************
 ====================================================
   This is QCDLoop - version 1.95                    
   Authors: Keith Ellis and Giulia Zanderighi        
   (ellis@fnal.gov, g.zanderighi1@physics.ox.ac.uk)  
   For details see FERMILAB-PUB-07-633-T,OUTP-07/16P 
   arXiv:0712.1851 [hep-ph], published in            
   JHEP 0802:002,2008.                               
 ====================================================
 ====================================================
   FF 2.0, a package to evaluate one-loop integrals
 written by G. J. van Oldenborgh, NIKHEF-H, Amsterdam
 ====================================================
 for the algorithms used see preprint NIKHEF-H 89/17,
 'New Algorithms for One-loop Integrals', by G.J. van
 Oldenborgh and J.A.M. Vermaseren, published in 
 Zeitschrift fuer Physik C46(1990)425.
 ====================================================
 ffini: precx =    4.4408920985006262E-016
 ffini: precc =    4.4408920985006262E-016
 ffini: xalogm =    4.9406564584124654E-324
 ffini: xclogm =    4.9406564584124654E-324
 ****************************************************
 *                                                  *
 *  gg->ZZ box loop includes gens. 1 and 2          *
 *  gg->ZZ box loop includes bottom quark           *
 *  gg->ZZ box loop includes top quark              *
 *                                                  *
 *  Numer. stability: pt(Z) > 0.100 GeV (gens. 1,2) *
 *  Numer. stability: pt(Z) > 0.100 GeV (b,t loops) *
 *                                                  *
 ****************************************************

************* Integration by Vegas (iteration   1) **************
*                                                               *
*  integral  = 0.13465326E-01   accum. integral = 0.13465326E-01*
*  std. dev. = 0.28406695       accum. std. dev = 0.28406695    *
*   max. wt. =   0.254305                                       *
*                                                               *
**************   chi**2/iteration =  0.000       ****************


************* Integration by Vegas (iteration   2) **************
*                                                               *
*  integral  =  2.3211250       accum. integral = 0.58047665    *
*  std. dev. = 0.49771458       accum. std. dev = 0.24671204    *
*   max. wt. =   0.254305                                       *
*                                                               *
**************   chi**2/iteration =  16.05       ****************


************* Integration by Vegas (iteration   3) **************
*                                                               *
*  integral  =  1.8190829       accum. integral =  1.7174683    *
*  std. dev. = 0.73754698E-01   accum. std. dev = 0.70664567E-01*
*   max. wt. =   0.254305                                       *
*                                                               *
**************   chi**2/iteration =  19.58       ****************


************* Integration by Vegas (iteration   4) **************
*                                                               *
*  integral  =  1.7547546       accum. integral =  1.7521285    *
*  std. dev. = 0.19451177E-01   accum. std. dev = 0.18753679E-01*
*   max. wt. =   0.254305                                       *
*                                                               *
**************   chi**2/iteration =  13.16       ****************


************* Integration by Vegas (iteration   5) **************
*                                                               *
*  integral  =  1.7712949       accum. integral =  1.7671050    *
*  std. dev. = 0.99193151E-02   accum. std. dev = 0.87683303E-02*
*   max. wt. =   0.254305                                       *
*                                                               *
**************   chi**2/iteration =  10.08       ****************


************* Integration by Vegas (iteration   6) **************
*                                                               *
*  integral  =  1.7632402       accum. integral =  1.7650560    *
*  std. dev. = 0.82543484E-02   accum. std. dev = 0.60101999E-02*
*   max. wt. =   0.254305                                       *
*                                                               *
**************   chi**2/iteration =  8.090       ****************


************* Integration by Vegas (iteration   7) **************
*                                                               *
*  integral  =  1.7814817       accum. integral =  1.7708534    *
*  std. dev. = 0.81377523E-02   accum. std. dev = 0.48345825E-02*
*   max. wt. =   0.254305                                       *
*                                                               *
**************   chi**2/iteration =  7.182       ****************


************* Integration by Vegas (iteration   8) **************
*                                                               *
*  integral  =  1.7737934       accum. integral =  1.7716658    *
*  std. dev. = 0.78240827E-02   accum. std. dev = 0.41127687E-02*
*   max. wt. =   0.254305                                       *
*                                                               *
**************   chi**2/iteration =  6.172       ****************


************* Integration by Vegas (iteration   9) **************
*                                                               *
*  integral  =  1.7857249       accum. integral =  1.7747974    *
*  std. dev. = 0.76825220E-02   accum. std. dev = 0.36258865E-02*
*   max. wt. =   0.254305                                       *
*                                                               *
**************   chi**2/iteration =  5.727       ****************


************* Integration by Vegas (iteration  10) **************
*                                                               *
*  integral  =  1.7831865       accum. integral =  1.7763216    *
*  std. dev. = 0.76951764E-02   accum. std. dev = 0.32800097E-02*
*   max. wt. =   0.254305                                       *
*                                                               *
**************   chi**2/iteration =  5.199       ****************


************* Integration by Vegas (iteration  11) **************
*                                                               *
*  integral  =  1.7649786       accum. integral =  1.7745446    *
*  std. dev. = 0.76102978E-02   accum. std. dev = 0.30121538E-02*
*   max. wt. =   0.254305                                       *
*                                                               *
**************   chi**2/iteration =  4.867       ****************


************* Integration by Vegas (iteration  12) **************
*                                                               *
*  integral  =  1.7704651       accum. integral =  1.7740016    *
*  std. dev. = 0.76870712E-02   accum. std. dev = 0.28045300E-02*
*   max. wt. =   0.254305                                       *
*                                                               *
**************   chi**2/iteration =  4.447       ****************


************* Integration by Vegas (iteration  13) **************
*                                                               *
*  integral  =  1.7670460       accum. integral =  1.7731837    *
*  std. dev. = 0.76824427E-02   accum. std. dev = 0.26344747E-02*
*   max. wt. =   0.254305                                       *
*                                                               *
**************   chi**2/iteration =  4.137       ****************


************* Integration by Vegas (iteration  14) **************
*                                                               *
*  integral  =  1.7663357       accum. integral =  1.7724745    *
*  std. dev. = 0.77509802E-02   accum. std. dev = 0.24943330E-02*
*   max. wt. =   0.254305                                       *
*                                                               *
**************   chi**2/iteration =  3.873       ****************


************* Integration by Vegas (iteration  15) **************
*                                                               *
*  integral  =  1.7636081       accum. integral =  1.7716324    *
*  std. dev. = 0.76996455E-02   accum. std. dev = 0.23729240E-02*
*   max. wt. =   0.254305                                       *
*                                                               *
**************   chi**2/iteration =  3.682       ****************


************* Integration by Vegas (iteration  16) **************
*                                                               *
*  integral  =  1.7681271       accum. integral =  1.7713343    *
*  std. dev. = 0.77831815E-02   accum. std. dev = 0.22697787E-02*
*   max. wt. =   0.254305                                       *
*                                                               *
**************   chi**2/iteration =  3.449       ****************


************* Integration by Vegas (iteration  17) **************
*                                                               *
*  integral  =  1.7702387       accum. integral =  1.7712472    *
*  std. dev. = 0.77274340E-02   accum. std. dev = 0.21777758E-02*
*   max. wt. =   0.254305                                       *
*                                                               *
**************   chi**2/iteration =  3.235       ****************


************* Integration by Vegas (iteration  18) **************
*                                                               *
*  integral  =  1.7776502       accum. integral =  1.7717122    *
*  std. dev. = 0.77830134E-02   accum. std. dev = 0.20972224E-02*
*   max. wt. =   0.254305                                       *
*                                                               *
**************   chi**2/iteration =  3.082       ****************


************* Integration by Vegas (iteration  19) **************
*                                                               *
*  integral  =  1.7603972       accum. integral =  1.7709376    *
*  std. dev. = 0.77366205E-02   accum. std. dev = 0.20241697E-02*
*   max. wt. =   0.254305                                       *
*                                                               *
**************   chi**2/iteration =  3.021       ****************


************* Integration by Vegas (iteration  20) **************
*                                                               *
*  integral  =  1.7662977       accum. integral =  1.7706456    *
*  std. dev. = 0.78106439E-02   accum. std. dev = 0.19594395E-02*
*   max. wt. =   0.254305                                       *
*                                                               *
**************   chi**2/iteration =  2.880       ****************


 input parameters for vegas:  ndim= 10  ncall= 472392.
                              it=   21  itmx=   50
                              nprn=  0  alph= 1.50
                              mds=  1   nd= 100
                              xl( 1)=   0.000     xu( 1)=   1.000    
                              xl( 2)=   0.000     xu( 2)=   1.000    
                              xl( 3)=   0.000     xu( 3)=   1.000    
                              xl( 4)=   0.000     xu( 4)=   1.000    
                              xl( 5)=   0.000     xu( 5)=   1.000    
                              xl( 6)=   0.000     xu( 6)=   1.000    
                              xl( 7)=   0.000     xu( 7)=   1.000    
                              xl( 8)=   0.000     xu( 8)=   1.000    
                              xl( 9)=   0.000     xu( 9)=   1.000    
                              xl(10)=   0.000     xu(10)=   1.000    

************* Integration by Vegas (iteration   1) **************
*                                                               *
*  integral  =  1.7582504       accum. integral =  1.7582504    *
*  std. dev. = 0.77582779E-02   accum. std. dev = 0.77582779E-02*
*   max. wt. =   0.695959E-03                                   *
*                                                               *
**************   chi**2/iteration =  0.000       ****************

 Writing out intermediate results for iteration           1

************* Integration by Vegas (iteration   2) **************
*                                                               *
*  integral  =  1.7742932       accum. integral =  1.7662849    *
*  std. dev. = 0.77456155E-02   accum. std. dev = 0.54814486E-02*
*   max. wt. =   0.695959E-03                                   *
*                                                               *
**************   chi**2/iteration =  2.120       ****************

 Writing out intermediate results for iteration           2

************* Integration by Vegas (iteration   3) **************
*                                                               *
*  integral  =  1.7737396       accum. integral =  1.7687229    *
*  std. dev. = 0.78631433E-02   accum. std. dev = 0.44966817E-02*
*   max. wt. =   0.695959E-03                                   *
*                                                               *
**************   chi**2/iteration =  1.366       ****************

 Writing out intermediate results for iteration           3

************* Integration by Vegas (iteration   4) **************
*                                                               *
*  integral  =  1.7724300       accum. integral =  1.7696437    *
*  std. dev. = 0.78217623E-02   accum. std. dev = 0.38983808E-02*
*   max. wt. =   0.695959E-03                                   *
*                                                               *
**************   chi**2/iteration = 0.9685       ****************

 Writing out intermediate results for iteration           4

************* Integration by Vegas (iteration   5) **************
*                                                               *
*  integral  =  1.7754191       accum. integral =  1.7707959    *
*  std. dev. = 0.78089811E-02   accum. std. dev = 0.34879087E-02*
*   max. wt. =   0.695959E-03                                   *
*                                                               *
**************   chi**2/iteration = 0.8362       ****************

 Writing out intermediate results for iteration           5

************* Integration by Vegas (iteration   6) **************
*                                                               *
*  integral  =  1.7786409       accum. integral =  1.7720988    *
*  std. dev. = 0.78158753E-02   accum. std. dev = 0.31851420E-02*
*   max. wt. =   0.695959E-03                                   *
*                                                               *
**************   chi**2/iteration = 0.8370       ****************

 Writing out intermediate results for iteration           6

************* Integration by Vegas (iteration   7) **************
*                                                               *
*  integral  =  1.7765485       accum. integral =  1.7727263    *
*  std. dev. = 0.78606877E-02   accum. std. dev = 0.29520083E-02*
*   max. wt. =   0.736506E-03                                   *
*                                                               *
**************   chi**2/iteration = 0.7435       ****************

 Writing out intermediate results for iteration           7

************* Integration by Vegas (iteration   8) **************
*                                                               *
*  integral  =  1.7826319       accum. integral =  1.7739291    *
*  std. dev. = 0.79404326E-02   accum. std. dev = 0.27669795E-02*
*   max. wt. =   0.736506E-03                                   *
*                                                               *
**************   chi**2/iteration = 0.8325       ****************

 Writing out intermediate results for iteration           8

************* Integration by Vegas (iteration   9) **************
*                                                               *
*  integral  =  1.7839028       accum. integral =  1.7750345    *
*  std. dev. = 0.78375110E-02   accum. std. dev = 0.26091514E-02*
*   max. wt. =   0.736506E-03                                   *
*                                                               *
**************   chi**2/iteration = 0.9083       ****************

 Writing out intermediate results for iteration           9

************* Integration by Vegas (iteration  10) **************
*                                                               *
*  integral  =  1.7783278       accum. integral =  1.7753521    *
*  std. dev. = 0.79859097E-02   accum. std. dev = 0.24801354E-02*
*   max. wt. =   0.736506E-03                                   *
*                                                               *
**************   chi**2/iteration = 0.8246       ****************

 Writing out intermediate results for iteration          10

************* Integration by Vegas (iteration  11) **************
*                                                               *
*  integral  =  1.7704577       accum. integral =  1.7749272    *
*  std. dev. = 0.80438614E-02   accum. std. dev = 0.23700385E-02*
*   max. wt. =   0.736506E-03                                   *
*                                                               *
**************   chi**2/iteration = 0.7760       ****************

 Writing out intermediate results for iteration          11

************* Integration by Vegas (iteration  12) **************
*                                                               *
*  integral  =  1.7639801       accum. integral =  1.7740412    *
*  std. dev. = 0.79863170E-02   accum. std. dev = 0.22720997E-02*
*   max. wt. =   0.736506E-03                                   *
*                                                               *
**************   chi**2/iteration = 0.8623       ****************

 Writing out intermediate results for iteration          12

************* Integration by Vegas (iteration  13) **************
*                                                               *
*  integral  =  1.7672015       accum. integral =  1.7735331    *
*  std. dev. = 0.80207588E-02   accum. std. dev = 0.21860800E-02*
*   max. wt. =   0.736506E-03                                   *
*                                                               *
**************   chi**2/iteration = 0.8466       ****************

 Writing out intermediate results for iteration          13

************* Integration by Vegas (iteration  14) **************
*                                                               *
*  integral  =  1.7729173       accum. integral =  1.7734915    *
*  std. dev. = 0.81185802E-02   accum. std. dev = 0.21108931E-02*
*   max. wt. =   0.825874E-03                                   *
*                                                               *
**************   chi**2/iteration = 0.7819       ****************

 Writing out intermediate results for iteration          14

************* Integration by Vegas (iteration  15) **************
*                                                               *
*  integral  =  1.7784958       accum. integral =  1.7738136    *
*  std. dev. = 0.80470599E-02   accum. std. dev = 0.20418121E-02*
*   max. wt. =   0.825874E-03                                   *
*                                                               *
**************   chi**2/iteration = 0.7519       ****************

 Writing out intermediate results for iteration          15

************* Integration by Vegas (iteration  16) **************
*                                                               *
*  integral  =  1.7949493       accum. integral =  1.7750737    *
*  std. dev. = 0.81093196E-02   accum. std. dev = 0.19800139E-02*
*   max. wt. =   0.825874E-03                                   *
*                                                               *
**************   chi**2/iteration =  1.127       ****************

 Writing out intermediate results for iteration          16

************* Integration by Vegas (iteration  17) **************
*                                                               *
*  integral  =  1.7770713       accum. integral =  1.7751887    *
*  std. dev. = 0.80106482E-02   accum. std. dev = 0.19221676E-02*
*   max. wt. =   0.825874E-03                                   *
*                                                               *
**************   chi**2/iteration =  1.061       ****************

 Writing out intermediate results for iteration          17

************* Integration by Vegas (iteration  18) **************
*                                                               *
*  integral  =  1.7734848       accum. integral =  1.7750973    *
*  std. dev. = 0.80717678E-02   accum. std. dev = 0.18698799E-02*
*   max. wt. =   0.825874E-03                                   *
*                                                               *
**************   chi**2/iteration =  1.001       ****************

 Writing out intermediate results for iteration          18

************* Integration by Vegas (iteration  19) **************
*                                                               *
*  integral  =  1.7696890       accum. integral =  1.7748216    *
*  std. dev. = 0.80688650E-02   accum. std. dev = 0.18216063E-02*
*   max. wt. =   0.825874E-03                                   *
*                                                               *
**************   chi**2/iteration = 0.9689       ****************

 Writing out intermediate results for iteration          19

************* Integration by Vegas (iteration  20) **************
*                                                               *
*  integral  =  1.7689753       accum. integral =  1.7745404    *
*  std. dev. = 0.81030329E-02   accum. std. dev = 0.17772508E-02*
*   max. wt. =   0.825874E-03                                   *
*                                                               *
**************   chi**2/iteration = 0.9440       ****************

 Writing out intermediate results for iteration          20

************* Integration by Vegas (iteration  21) **************
*                                                               *
*  integral  =  1.7747532       accum. integral =  1.7745499    *
*  std. dev. = 0.82183684E-02   accum. std. dev = 0.17370968E-02*
*   max. wt. =   0.825874E-03                                   *
*                                                               *
**************   chi**2/iteration = 0.8968       ****************

 Writing out intermediate results for iteration          21

************* Integration by Vegas (iteration  22) **************
*                                                               *
*  integral  =  1.7649084       accum. integral =  1.7741426    *
*  std. dev. = 0.82710642E-02   accum. std. dev = 0.17000087E-02*
*   max. wt. =   0.940939E-03                                   *
*                                                               *
**************   chi**2/iteration = 0.9161       ****************

 Writing out intermediate results for iteration          22

************* Integration by Vegas (iteration  23) **************
*                                                               *
*  integral  =  1.7685715       accum. integral =  1.7739248    *
*  std. dev. = 0.84283290E-02   accum. std. dev = 0.16664481E-02*
*   max. wt. =   0.940939E-03                                   *
*                                                               *
**************   chi**2/iteration = 0.8936       ****************

 Writing out intermediate results for iteration          23

************* Integration by Vegas (iteration  24) **************
*                                                               *
*  integral  =  1.7722091       accum. integral =  1.7738574    *
*  std. dev. = 0.82401183E-02   accum. std. dev = 0.16333807E-02*
*   max. wt. =   0.940939E-03                                   *
*                                                               *
**************   chi**2/iteration = 0.8565       ****************

 Writing out intermediate results for iteration          24

************* Integration by Vegas (iteration  25) **************
*                                                               *
*  integral  =  1.7723651       accum. integral =  1.7738009    *
*  std. dev. = 0.82392433E-02   accum. std. dev = 0.16022003E-02*
*   max. wt. =   0.940939E-03                                   *
*                                                               *
**************   chi**2/iteration = 0.8222       ****************

 Writing out intermediate results for iteration          25

************* Integration by Vegas (iteration  26) **************
*                                                               *
*  integral  =  1.7662906       accum. integral =  1.7735230    *
*  std. dev. = 0.81723547E-02   accum. std. dev = 0.15722692E-02*
*   max. wt. =   0.940939E-03                                   *
*                                                               *
**************   chi**2/iteration = 0.8218       ****************

 Writing out intermediate results for iteration          26

************* Integration by Vegas (iteration  27) **************
*                                                               *
*  integral  =  1.7664306       accum. integral =  1.7732819    *
*  std. dev. = 0.83816785E-02   accum. std. dev = 0.15453162E-02*
*   max. wt. =   0.940939E-03                                   *
*                                                               *
**************   chi**2/iteration = 0.8168       ****************

 Writing out intermediate results for iteration          27

************* Integration by Vegas (iteration  28) **************
*                                                               *
*  integral  =  1.7762456       accum. integral =  1.7733807    *
*  std. dev. = 0.83222522E-02   accum. std. dev = 0.15193455E-02*
*   max. wt. =   0.940939E-03                                   *
*                                                               *
**************   chi**2/iteration = 0.7911       ****************

 Writing out intermediate results for iteration          28

************* Integration by Vegas (iteration  29) **************
*                                                               *
*  integral  =  1.7681063       accum. integral =  1.7732065    *
*  std. dev. = 0.82208753E-02   accum. std. dev = 0.14940438E-02*
*   max. wt. =   0.940939E-03                                   *
*                                                               *
**************   chi**2/iteration = 0.7771       ****************

 Writing out intermediate results for iteration          29

************* Integration by Vegas (iteration  30) **************
*                                                               *
*  integral  =  1.7679115       accum. integral =  1.7730404    *
*  std. dev. = 0.83045135E-02   accum. std. dev = 0.14704368E-02*
*   max. wt. =   0.940939E-03                                   *
*                                                               *
**************   chi**2/iteration = 0.7639       ****************

 Writing out intermediate results for iteration          30

************* Integration by Vegas (iteration  31) **************
*                                                               *
*  integral  =  1.7808629       accum. integral =  1.7732734    *
*  std. dev. = 0.83935677E-02   accum. std. dev = 0.14483792E-02*
*   max. wt. =   0.940939E-03                                   *
*                                                               *
**************   chi**2/iteration = 0.7665       ****************

 Writing out intermediate results for iteration          31

************* Integration by Vegas (iteration  32) **************
*                                                               *
*  integral  =  1.7843162       accum. integral =  1.7735920    *
*  std. dev. = 0.84034558E-02   accum. std. dev = 0.14273339E-02*
*   max. wt. =   0.940939E-03                                   *
*                                                               *
**************   chi**2/iteration = 0.7959       ****************

 Writing out intermediate results for iteration          32

************* Integration by Vegas (iteration  33) **************
*                                                               *
*  integral  =  1.7671851       accum. integral =  1.7734168    *
*  std. dev. = 0.85126687E-02   accum. std. dev = 0.14076834E-02*
*   max. wt. =   0.940939E-03                                   *
*                                                               *
**************   chi**2/iteration = 0.7882       ****************

 Writing out intermediate results for iteration          33

************* Integration by Vegas (iteration  34) **************
*                                                               *
*  integral  =  1.7657379       accum. integral =  1.7732054    *
*  std. dev. = 0.83674920E-02   accum. std. dev = 0.13881763E-02*
*   max. wt. =   0.940939E-03                                   *
*                                                               *
**************   chi**2/iteration = 0.7891       ****************

 Writing out intermediate results for iteration          34

************* Integration by Vegas (iteration  35) **************
*                                                               *
*  integral  =  1.7755777       accum. integral =  1.7732673    *
*  std. dev. = 0.84807945E-02   accum. std. dev = 0.13699454E-02*
*   max. wt. =   0.940939E-03                                   *
*                                                               *
**************   chi**2/iteration = 0.7682       ****************

 Writing out intermediate results for iteration          35

************* Integration by Vegas (iteration  36) **************
*                                                               *
*  integral  =  1.7683500       accum. integral =  1.7731440    *
*  std. dev. = 0.85422700E-02   accum. std. dev = 0.13526610E-02*
*   max. wt. =   0.940939E-03                                   *
*                                                               *
**************   chi**2/iteration = 0.7555       ****************

 Writing out intermediate results for iteration          36

************* Integration by Vegas (iteration  37) **************
*                                                               *
*  integral  =  1.7658338       accum. integral =  1.7729660    *
*  std. dev. = 0.85608522E-02   accum. std. dev = 0.13360857E-02*
*   max. wt. =   0.940939E-03                                   *
*                                                               *
**************   chi**2/iteration = 0.7542       ****************

 Writing out intermediate results for iteration          37

************* Integration by Vegas (iteration  38) **************
*                                                               *
*  integral  =  1.7766517       accum. integral =  1.7730545    *
*  std. dev. = 0.85153858E-02   accum. std. dev = 0.13199371E-02*
*   max. wt. =   0.102103E-02                                   *
*                                                               *
**************   chi**2/iteration = 0.7388       ****************

 Writing out intermediate results for iteration          38

************* Integration by Vegas (iteration  39) **************
*                                                               *
*  integral  =  1.7714937       accum. integral =  1.7730173    *
*  std. dev. = 0.84487316E-02   accum. std. dev = 0.13041179E-02*
*   max. wt. =   0.102103E-02                                   *
*                                                               *
**************   chi**2/iteration = 0.7202       ****************

 Writing out intermediate results for iteration          39

************* Integration by Vegas (iteration  40) **************
*                                                               *
*  integral  =  1.7614741       accum. integral =  1.7727481    *
*  std. dev. = 0.84395552E-02   accum. std. dev = 0.12888215E-02*
*   max. wt. =   0.102103E-02                                   *
*                                                               *
**************   chi**2/iteration = 0.7486       ****************

 Writing out intermediate results for iteration          40

************* Integration by Vegas (iteration  41) **************
*                                                               *
*  integral  =  1.7634879       accum. integral =  1.7725426    *
*  std. dev. = 0.85551245E-02   accum. std. dev = 0.12744409E-02*
*   max. wt. =   0.102103E-02                                   *
*                                                               *
**************   chi**2/iteration = 0.7585       ****************

 Writing out intermediate results for iteration          41

************* Integration by Vegas (iteration  42) **************
*                                                               *
*  integral  =  1.7605736       accum. integral =  1.7722854    *
*  std. dev. = 0.85995187E-02   accum. std. dev = 0.12606720E-02*
*   max. wt. =   0.102103E-02                                   *
*                                                               *
**************   chi**2/iteration = 0.7863       ****************

 Writing out intermediate results for iteration          42

************* Integration by Vegas (iteration  43) **************
*                                                               *
*  integral  =  1.7760281       accum. integral =  1.7723662    *
*  std. dev. = 0.84869957E-02   accum. std. dev = 0.12469899E-02*
*   max. wt. =   0.102103E-02                                   *
*                                                               *
**************   chi**2/iteration = 0.7721       ****************

 Writing out intermediate results for iteration          43

************* Integration by Vegas (iteration  44) **************
*                                                               *
*  integral  =  1.7766675       accum. integral =  1.7724591    *
*  std. dev. = 0.83943235E-02   accum. std. dev = 0.12334545E-02*
*   max. wt. =   0.102103E-02                                   *
*                                                               *
**************   chi**2/iteration = 0.7601       ****************

 Writing out intermediate results for iteration          44

************* Integration by Vegas (iteration  45) **************
*                                                               *
*  integral  =  1.7773625       accum. integral =  1.7725612    *
*  std. dev. = 0.84574332E-02   accum. std. dev = 0.12205423E-02*
*   max. wt. =   0.102103E-02                                   *
*                                                               *
**************   chi**2/iteration = 0.7503       ****************

 Writing out intermediate results for iteration          45

************* Integration by Vegas (iteration  46) **************
*                                                               *
*  integral  =  1.7628313       accum. integral =  1.7723594    *
*  std. dev. = 0.83864907E-02   accum. std. dev = 0.12078179E-02*
*   max. wt. =   0.102103E-02                                   *
*                                                               *
**************   chi**2/iteration = 0.7629       ****************

 Writing out intermediate results for iteration          46

************* Integration by Vegas (iteration  47) **************
*                                                               *
*  integral  =  1.7792484       accum. integral =  1.7725001    *
*  std. dev. = 0.83647550E-02   accum. std. dev = 0.11954202E-02*
*   max. wt. =   0.102103E-02                                   *
*                                                               *
**************   chi**2/iteration = 0.7608       ****************

 Writing out intermediate results for iteration          47

************* Integration by Vegas (iteration  48) **************
*                                                               *
*  integral  =  1.7824458       accum. integral =  1.7727019    *
*  std. dev. = 0.83052298E-02   accum. std. dev = 0.11832263E-02*
*   max. wt. =   0.102103E-02                                   *
*                                                               *
**************   chi**2/iteration = 0.7745       ****************

 Writing out intermediate results for iteration          48

************* Integration by Vegas (iteration  49) **************
*                                                               *
*  integral  =  1.7714404       accum. integral =  1.7726766    *
*  std. dev. = 0.82686640E-02   accum. std. dev = 0.11712948E-02*
*   max. wt. =   0.102103E-02                                   *
*                                                               *
**************   chi**2/iteration = 0.7588       ****************

 Writing out intermediate results for iteration          49

************* Integration by Vegas (iteration  50) **************
*                                                               *
*  integral  =  1.7717004       accum. integral =  1.7726583    *
*  std. dev. = 0.84597613E-02   accum. std. dev = 0.11602270E-02*
*   max. wt. =   0.102103E-02                                   *
*                                                               *
**************   chi**2/iteration = 0.7436       ****************


Value of final lord integral is        1.7727 +/-     0.0012 fb

 Total number of shots       :     23619600
 Total no. failing cuts      :     10247646
 Number failing jet cuts     :            0
 Number failing process cuts :            0

   Jet efficiency : 100.00%
   Cut efficiency : 100.00%
 Total efficiency : 100.00%

 Contribution from parton sub-processes:
 ---------------------------------------
       GG     |           1.77266  100.00%
       GQ     |           0.00000    0.00%
       GQB    |           0.00000    0.00%
       QG     |           0.00000    0.00%
       QBG    |           0.00000    0.00%
       QQ     |           0.00000    0.00%
       QBQB   |           0.00000    0.00%
       QQB    |           0.00000    0.00%
       QBQ    |           0.00000    0.00%
 ---------------------------------------

 ****************************************************
 output files  E_var/E_50/CTEQ/TOP/HZZH+i_lord_cteq6_l_0___0___126_130_run_50
 ****************************************************
