 ************** MCFM - version 6.8 ****************
 *                                                *
 * MCFM, v6.8                   April 26th, 2014  *
 *                                                *
 * Authors: John Campbell, Keith Ellis,           *
 *          Ciaran Williams                       *
 *         (johnmc@fnal.gov, ellis@fnal.gov,      *
 *          ciaran@fnal.gov)                      *
 *                                                *
 * For details see:                               *
 *                                                *
 *  arXiv:1403.2641 (Triphoton production)        *
 *  arXiv:1312.1628 (gg->WW, Higgs interference)  *
 *  arXiv:1311.3589 (gg->ZZ, Higgs interference)  *
 *  Phys.Rev.D87:114006, arXiv:1302.3856          *
 *  (tZ, tH -- with R. Rontsch)                   *
 *  arXiv:1211.6390 (DM, P. Fox and C. Williams)  *
 *  JHEP 1211:162 (2012), arXiv:1208.0566         *
 *  (Z+gam+jet,Z+gam+gam -- with H. Hartanto)     *
 *  arXiv:1204.1513 (top production+decay)        *
 *  JHEP 1207:052 (2012), arXiv:1204.5678 (ttW)   *
 *  JHEP 1110:005 (2011), arXiv:1107.5569         *
 *         (gg->WW,Higgs intference)              *
 *  JHEP 1107:018 (2011), arXiv:1105.0020         *
 *         (diboson update)                       *
 *  JHEP 1103:027 (2011), arXiv:1011.6647         *
 *         (Wbb for mb>0, with S. Badger)         *
 *  Phys.Rev.D81:074023, arXiv:1001.4495 (H+2jet) *
 *                                                *
 *  P.R.L. 102:142001, arXiv:0903.0005 [hep-ph]   *
 *    (t-channel single top + explicit b,         *
 *      JC, R.Frederix, F.Maltoni, F.Tramontano)  *
 *  N.P.B 726:109(2005), hep-ph/0506289 (W+t)     *
 *  Phys.Rev.D70:094012, hep-ph/0408158 (Sngl Top)*
 *       (with Francesco Tramontano)              *
 *                                                *
 *  Phys.Rev.D65:113007, hep-ph/0202176 (W,Z+2j)  *
 *  Phys.Rev.D62:114012, hep-ph/0006304 (W,Z+bb)  *
 *  Phys.Rev.D60:113006, hep-ph/9905386 (diboson) *
 *                                                *
 * On the web:  http://mcfm.fnal.gov/             *
 **************************************************

 * Using input file named E_var/E_100/MSTW/HHTOP/input_129_100.DAT                                

 * [Flags to specify the mode in which MCFM is run]                                          
 *                   -1            [nevtrequested] 
 *                    F            [creatent] 
 *                    F            [skipnt] 
 *                    F            [dswhisto] 
 *                    F            [creategrid] 
 *                    T            [writetop] 
 *                    T            [writedat] 
 *                    T            [writegnu] 
 *                    T            [writeroot] 
 *                    F            [writepwg] 

 * [General options to specify the process and execution]                                    
 *                  129            [nproc] 
 *                 lord            [part] 
 * 129_run_100                     [runstring] 
 *          100000.0000            [sqrts] 
 *                    1            [ih1] 
 *                    1            [ih2] 
 *             126.0000            [hmass] 
 *               0.5000            [scale] 
 *               0.5000            [facscale] 
 * m(3456)                         [dynamicscale] 
 *                    F            [zerowidth] 
 *                    F            [removebr] 
 *                   20            [itmx1] 
 *               500000            [ncall1] 
 *                   50            [itmx2] 
 *               500000            [ncall2] 
 *                 2020            [ij] 
 *                    F            [dryrun] 
 *                    T            [Qflag] 
 *                    T            [Gflag] 

 * [Heavy quark masses]                                                                      
 *             173.2000            [top mass] 
 *               4.7500            [bottom mass] 
 *               1.5000            [charm mass] 

 * [Pdf selection]                                                                           
 *              mstw8lo            [pdlabel] 
 *                    4            [NGROUP] 
 *                   46            [NSET] 
 * cteq6mE.LHgrid                  [LHAPDF group] 
 *                   -1            [LHAPDF set] 

 * [Jet definition and event cuts]                                                           
 *               0.0000            [m34min] 
 *          100000.0000            [m34max] 
 *               0.0000            [m56min] 
 *          100000.0000            [m56max] 
 *                    T            [inclusive] 
 *                 ankt            [algorithm] 
 *              15.0000            [ptjetmin] 
 *               0.0000            [etajetmin] 
 *               5.0000            [etajetmax] 
 *               0.5000            [Rcut] 
 *                    T            [makecuts] 
 *               0.0000            [leptpt] 
 *              99.0000            [leptrap] 
 *    0.000,   0.000                [leptveto] 
 *               0.0000            [misspt] 
 *               0.0000            [leptpt2] 
 *              99.0000            [leptrap2] 
 *    0.000,   0.000                [leptveto2] 
 *               0.0000            [mtrans34cut] 
 *               0.0000            [Rjlmin] 
 *               0.0000            [Rllmin] 
 *               0.0000            [delyjjmin] 
 *                    F            [jetsopphem] 
 *                    0            [lbjscheme] 
 *               0.0000            [ptbjetmin] 
 *              99.0000            [etabjetmax] 

 * [Settings for photon processes]                                                           
 *                    F            [frag] 
 *             GdRG__LO            [fragset] 
 *              80.0000            [frag_scale] 
 *              20.0000            [gammpt] 
 *               2.5000            [gammrap] 
 *              20.0000            [gammpt2] 
 *              20.0000            [gammpt3] 
 *               0.0000            [Rgalmin] 
 *               0.4000            [Rgagamin] 
 *               0.4000            [Rgajetmin] 
 *               0.4000            [cone_ang] 
 *               0.5000            [epsilon_h] 

 * [Anomalous couplings of the W and Z]                                                      
 *               0.0000            [delg1_z] 
 *               0.0000            [delk_z] 
 *               0.0000            [delk_g] 
 *               0.0000            [lambda_z] 
 *               0.0000            [lambda_g] 
 *               0.0000            [h1Z] 
 *               0.0000            [h1gam] 
 *               0.0000            [h2Z] 
 *               0.0000            [h2gam] 
 *               0.0000            [h3Z] 
 *               0.0000            [h3gam] 
 *               0.0000            [h4Z] 
 *               0.0000            [h4gam] 
 *               2.0000            [tevscale] 

 * [Anomalous width of the Higgs]                                                            
 *               1.0000            [Gamma_H/Gamma_H(SM)] 

 * [How to resume/save a run]                                                                
 *                    F            [readin] 
 *                    F            [writeout] 
 *                                 [ingridfile] 
 *                                 [outgridfile] 

 * [Technical parameters that should not normally be changed]

 *                    F            [debug] 
 *                    T            [verbose] 
 *                    F            [new_pspace] 
 *                    F            [virtonly] 
 *                    F            [realonly] 
 *                    T            [spira] 
 *                    F            [noglue] 
 *                    F            [ggonly] 
 *                    F            [gqonly] 
 *                    F            [omitgg] 
 *                    F            [vanillafiles] 
 *                    1            [nmin] 
 *                    2            [nmax] 
 *                    T            [clustering] 
 *                    F            [realwt] 
 *                    0            [colourchoice] 
 *               0.0100            [rtsmin] 
 *               0.0001            [cutoff] 
 *               0.1000            [aii] 
 *               0.1000            [aif] 
 *               0.1000            [afi] 
 *               1.0000            [aff] 
 *               1.0000            [bfi] 
 *               1.0000            [bff] 

 Chooser:process chosen by nproc=         129

 *************************** f(p1)+f(p2) --> ******************************************
 * H(--> Z^0(e^-(p3)+e^+(p4)) + Z^0(mu^-(p5)+mu^+(p6)) [only H, gg->ZZ intf.]         *
 **************************************************************************************

 ************** Electroweak parameters **************
 *                                                  *
 *  zmass(+)   91.1876000     wmass(+)  80.3980000  *
 * zwidth(+)    2.4952000    wwidth(+)   2.1054000  *
 *     Gf(+) 0.116639D-04   1/aemmz    132.3384323  *
 *     xw       0.2226459      mtop(+) 173.2000000  *
 *   gwsq       0.4264904       esq      0.0949563  *
 * top width    1.4743080 (LO)                      *
 *    mb        4.7500000        mc      1.5000000  *
 *                                                  *
 * Parameters marked (+) are input, others derived  *
 ****************************************************

 ****************** Higgs parameters ****************
 *                                                  *
 *   mass(H) =  126.00      width(H) =  0.43070E-02 *
 *                                                  *
 *              Br( H -> b bbar)  =   0.48164       *
 *              Br( H -> tau tau) =   0.06056       *
 *              Br( H -> W W)     =   0.00000       *
 *              Br( H -> Z Z)     =   0.00000       *
 *              Br( H -> gam gam) =   0.00235       *
 *              Br( H -> Z gam)   =   0.00164       *
 ****************************************************
 *                                                  *
 * Note: branching ratios reported here can be > 1  *
 *       since the total Higgs width is calculated  *
 *       at NLO but the BR calculation uses a       *
 *       partial width at LO only.                  *
 *                                                  *
 ****************************************************

 WARNING: Higgs decay H->ZZ is below threshold and
 may not yield sensible results - check the number
 of integration points

 ***************** CKM mixing matrix ****************
 *                                                  *
 *      Vud=.97500    Vus=.22200    Vub=0.0000      *
 *      Vcd=.22200    Vcs=.97500    Vcb=0.0000      *
 ****************************************************

 ************* Strong coupling, alpha_s  ************
 *                                                  *
 *  Dynamic scale - alpha_s changed event-by-event  *
 *       alpha_s (zmass)  0.13939000                *
 *         (using 1-loop running of alpha_s)        *
 ****************************************************

 ****************************************
 *     Cross section in femtobarns      *
 ****************************************


 input parameters for vegas:  ndim= 10  ncall= 472392.
                              it=    0  itmx=   20
                              nprn=  0  alph= 1.50
                              mds=  1   nd= 100
                              xl( 1)=   0.000     xu( 1)=   1.000    
                              xl( 2)=   0.000     xu( 2)=   1.000    
                              xl( 3)=   0.000     xu( 3)=   1.000    
                              xl( 4)=   0.000     xu( 4)=   1.000    
                              xl( 5)=   0.000     xu( 5)=   1.000    
                              xl( 6)=   0.000     xu( 6)=   1.000    
                              xl( 7)=   0.000     xu( 7)=   1.000    
                              xl( 8)=   0.000     xu( 8)=   1.000    
                              xl( 9)=   0.000     xu( 9)=   1.000    
                              xl(10)=   0.000     xu(10)=   1.000    

 ****************** Basic mass cuts *****************
 *                                                  *
 *              0.00  <   m34  < 100000.00           *
 *              0.00  <   m56  < 100000.00           *
 ****************************************************
 *********** CMS Higgs Search cuts******
 *                                     *
 *     pt(mu) >           5.00 GeV     *
 *     pt(el) >           7.00 GeV     *
 *     |eta_mu| <         2.40         *
 *     |eta_el| <         2.50         *
 *     m4lmin >         100.00 GeV     *
 *     m2lmin >           4.00 GeV     *
 *     ptleading >       20.00 GeV     *
 *     ptnexttoleading > 10.00 GeV     *
 *     mllnear >         40.00 GeV     *
 *     mllfar >          12.00 GeV     *
 *     mllmax >         120.00 GeV     *
 ***************************************

 ************** Dynamic scale choice ****************
 *                                                  *
 *                 RENORMALIZATION                  *
 *       mu_ren  =  0.50 x m(3456)                  *
 *                                                  *
 *                  FACTORIZATION                   *
 *       mu_fac  =  0.50 x m(3456)                  *
 *                                                  *
 ****************************************************
 ====================================================
   This is QCDLoop - version 1.95                    
   Authors: Keith Ellis and Giulia Zanderighi        
   (ellis@fnal.gov, g.zanderighi1@physics.ox.ac.uk)  
   For details see FERMILAB-PUB-07-633-T,OUTP-07/16P 
   arXiv:0712.1851 [hep-ph], published in            
   JHEP 0802:002,2008.                               
 ====================================================
 ====================================================
   FF 2.0, a package to evaluate one-loop integrals
 written by G. J. van Oldenborgh, NIKHEF-H, Amsterdam
 ====================================================
 for the algorithms used see preprint NIKHEF-H 89/17,
 'New Algorithms for One-loop Integrals', by G.J. van
 Oldenborgh and J.A.M. Vermaseren, published in 
 Zeitschrift fuer Physik C46(1990)425.
 ====================================================
 ffini: precx =    4.4408920985006262E-016
 ffini: precc =    4.4408920985006262E-016
 ffini: xalogm =    4.9406564584124654E-324
 ffini: xclogm =    4.9406564584124654E-324
 ****************************************************
 *                                                  *
 *  gg->ZZ box loop includes gens. 1 and 2          *
 *  gg->ZZ box loop includes bottom quark           *
 *  gg->ZZ box loop includes top quark              *
 *                                                  *
 *  Numer. stability: pt(Z) > 0.100 GeV (gens. 1,2) *
 *  Numer. stability: pt(Z) > 0.100 GeV (b,t loops) *
 *                                                  *
 ****************************************************
 Reading PDF grid from Pdfdata/mstw2008lo.00.dat

************* Integration by Vegas (iteration   1) **************
*                                                               *
*  integral  = -3.3494859       accum. integral = -3.3494859    *
*  std. dev. = 0.13819241       accum. std. dev = 0.13819241    *
*   max. wt. =   0.419606E-01                                   *
*                                                               *
**************   chi**2/iteration =  0.000       ****************


************* Integration by Vegas (iteration   2) **************
*                                                               *
*  integral  = -3.1645310       accum. integral = -3.1695110    *
*  std. dev. = 0.22987391E-01   accum. std. dev = 0.22675811E-01*
*   max. wt. =   0.419606E-01                                   *
*                                                               *
**************   chi**2/iteration =  1.726       ****************


************* Integration by Vegas (iteration   3) **************
*                                                               *
*  integral  = -3.1411336       accum. integral = -3.1464572    *
*  std. dev. = 0.10896668E-01   accum. std. dev = 0.98215220E-02*
*   max. wt. =   0.419606E-01                                   *
*                                                               *
**************   chi**2/iteration =  1.500       ****************


************* Integration by Vegas (iteration   4) **************
*                                                               *
*  integral  = -3.1487226       accum. integral = -3.1474116    *
*  std. dev. = 0.11510844E-01   accum. std. dev = 0.74714420E-02*
*   max. wt. =   0.419606E-01                                   *
*                                                               *
**************   chi**2/iteration =  1.009       ****************


************* Integration by Vegas (iteration   5) **************
*                                                               *
*  integral  = -3.1482466       accum. integral = -3.1475952    *
*  std. dev. = 0.14071338E-01   accum. std. dev = 0.65989164E-02*
*   max. wt. =   0.419606E-01                                   *
*                                                               *
**************   chi**2/iteration = 0.7582       ****************


************* Integration by Vegas (iteration   6) **************
*                                                               *
*  integral  = -3.1342667       accum. integral = -3.1443024    *
*  std. dev. = 0.11520337E-01   accum. std. dev = 0.57260637E-02*
*   max. wt. =   0.419606E-01                                   *
*                                                               *
**************   chi**2/iteration = 0.8081       ****************


************* Integration by Vegas (iteration   7) **************
*                                                               *
*  integral  = -3.1538771       accum. integral = -3.1470195    *
*  std. dev. = 0.90969078E-02   accum. std. dev = 0.48459720E-02*
*   max. wt. =   0.419606E-01                                   *
*                                                               *
**************   chi**2/iteration = 0.8056       ****************


************* Integration by Vegas (iteration   8) **************
*                                                               *
*  integral  = -3.1331131       accum. integral = -3.1436265    *
*  std. dev. = 0.85302944E-02   accum. std. dev = 0.42135289E-02*
*   max. wt. =   0.419606E-01                                   *
*                                                               *
**************   chi**2/iteration = 0.9773       ****************


************* Integration by Vegas (iteration   9) **************
*                                                               *
*  integral  = -3.1256194       accum. integral = -3.1399915    *
*  std. dev. = 0.83782291E-02   accum. std. dev = 0.37642969E-02*
*   max. wt. =   0.419606E-01                                   *
*                                                               *
**************   chi**2/iteration =  1.316       ****************


************* Integration by Vegas (iteration  10) **************
*                                                               *
*  integral  = -3.1512242       accum. integral = -3.1418904    *
*  std. dev. = 0.83457279E-02   accum. std. dev = 0.34314004E-02*
*   max. wt. =   0.419606E-01                                   *
*                                                               *
**************   chi**2/iteration =  1.337       ****************


************* Integration by Vegas (iteration  11) **************
*                                                               *
*  integral  = -3.1376529       accum. integral = -3.1412665    *
*  std. dev. = 0.82584900E-02   accum. std. dev = 0.31687578E-02*
*   max. wt. =   0.419606E-01                                   *
*                                                               *
**************   chi**2/iteration =  1.226       ****************


************* Integration by Vegas (iteration  12) **************
*                                                               *
*  integral  = -3.1301727       accum. integral = -3.1398912    *
*  std. dev. = 0.84232307E-02   accum. std. dev = 0.29658358E-02*
*   max. wt. =   0.419606E-01                                   *
*                                                               *
**************   chi**2/iteration =  1.252       ****************


************* Integration by Vegas (iteration  13) **************
*                                                               *
*  integral  = -3.1395850       accum. integral = -3.1398585    *
*  std. dev. = 0.85805269E-02   accum. std. dev = 0.28031122E-02*
*   max. wt. =   0.419606E-01                                   *
*                                                               *
**************   chi**2/iteration =  1.148       ****************


************* Integration by Vegas (iteration  14) **************
*                                                               *
*  integral  = -3.1348303       accum. integral = -3.1393417    *
*  std. dev. = 0.82824056E-02   accum. std. dev = 0.26551685E-02*
*   max. wt. =   0.419606E-01                                   *
*                                                               *
**************   chi**2/iteration =  1.085       ****************


************* Integration by Vegas (iteration  15) **************
*                                                               *
*  integral  = -3.1390004       accum. integral = -3.1393171    *
*  std. dev. = 0.95119501E-02   accum. std. dev = 0.25574018E-02*
*   max. wt. =   0.419606E-01                                   *
*                                                               *
**************   chi**2/iteration =  1.008       ****************


************* Integration by Vegas (iteration  16) **************
*                                                               *
*  integral  = -3.1406187       accum. integral = -3.1394059    *
*  std. dev. = 0.94511893E-02   accum. std. dev = 0.24686229E-02*
*   max. wt. =   0.419606E-01                                   *
*                                                               *
**************   chi**2/iteration = 0.9419       ****************


************* Integration by Vegas (iteration  17) **************
*                                                               *
*  integral  = -3.1328379       accum. integral = -3.1389175    *
*  std. dev. = 0.87096330E-02   accum. std. dev = 0.23750641E-02*
*   max. wt. =   0.419606E-01                                   *
*                                                               *
**************   chi**2/iteration = 0.9159       ****************


************* Integration by Vegas (iteration  18) **************
*                                                               *
*  integral  = -3.1419858       accum. integral = -3.1390859    *
*  std. dev. = 0.98550173E-02   accum. std. dev = 0.23089569E-02*
*   max. wt. =   0.419606E-01                                   *
*                                                               *
**************   chi**2/iteration = 0.8675       ****************


************* Integration by Vegas (iteration  19) **************
*                                                               *
*  integral  = -3.1285050       accum. integral = -3.1385204    *
*  std. dev. = 0.97168646E-02   accum. std. dev = 0.22464061E-02*
*   max. wt. =   0.419606E-01                                   *
*                                                               *
**************   chi**2/iteration = 0.8816       ****************


************* Integration by Vegas (iteration  20) **************
*                                                               *
*  integral  = -3.1291660       accum. integral = -3.1379127    *
*  std. dev. = 0.85228571E-02   accum. std. dev = 0.21722194E-02*
*   max. wt. =   0.419606E-01                                   *
*                                                               *
**************   chi**2/iteration = 0.8945       ****************


 input parameters for vegas:  ndim= 10  ncall= 472392.
                              it=   21  itmx=   50
                              nprn=  0  alph= 1.50
                              mds=  1   nd= 100
                              xl( 1)=   0.000     xu( 1)=   1.000    
                              xl( 2)=   0.000     xu( 2)=   1.000    
                              xl( 3)=   0.000     xu( 3)=   1.000    
                              xl( 4)=   0.000     xu( 4)=   1.000    
                              xl( 5)=   0.000     xu( 5)=   1.000    
                              xl( 6)=   0.000     xu( 6)=   1.000    
                              xl( 7)=   0.000     xu( 7)=   1.000    
                              xl( 8)=   0.000     xu( 8)=   1.000    
                              xl( 9)=   0.000     xu( 9)=   1.000    
                              xl(10)=   0.000     xu(10)=   1.000    

************* Integration by Vegas (iteration   1) **************
*                                                               *
*  integral  = -3.1176014       accum. integral = -3.1176014    *
*  std. dev. = 0.82458903E-02   accum. std. dev = 0.82458903E-02*
*   max. wt. =   0.872519E-03                                   *
*                                                               *
**************   chi**2/iteration =  0.000       ****************

 Writing out intermediate results for iteration           1

************* Integration by Vegas (iteration   2) **************
*                                                               *
*  integral  = -3.1400187       accum. integral = -3.1282704    *
*  std. dev. = 0.86529511E-02   accum. std. dev = 0.59694444E-02*
*   max. wt. =   0.275100E-02                                   *
*                                                               *
**************   chi**2/iteration =  3.483       ****************

 Writing out intermediate results for iteration           2

************* Integration by Vegas (iteration   3) **************
*                                                               *
*  integral  = -3.1379058       accum. integral = -3.1312228    *
*  std. dev. = 0.89810985E-02   accum. std. dev = 0.49714603E-02*
*   max. wt. =   0.275100E-02                                   *
*                                                               *
**************   chi**2/iteration =  2.147       ****************

 Writing out intermediate results for iteration           3

************* Integration by Vegas (iteration   4) **************
*                                                               *
*  integral  = -3.1275672       accum. integral = -3.1303090    *
*  std. dev. = 0.86118001E-02   accum. std. dev = 0.43055332E-02*
*   max. wt. =   0.275100E-02                                   *
*                                                               *
**************   chi**2/iteration =  1.479       ****************

 Writing out intermediate results for iteration           4

************* Integration by Vegas (iteration   5) **************
*                                                               *
*  integral  = -3.1099935       accum. integral = -3.1263228    *
*  std. dev. = 0.87142681E-02   accum. std. dev = 0.38600854E-02*
*   max. wt. =   0.275100E-02                                   *
*                                                               *
**************   chi**2/iteration =  2.199       ****************

 Writing out intermediate results for iteration           5

************* Integration by Vegas (iteration   6) **************
*                                                               *
*  integral  = -3.1377063       accum. integral = -3.1281351    *
*  std. dev. = 0.88710351E-02   accum. std. dev = 0.35395143E-02*
*   max. wt. =   0.275100E-02                                   *
*                                                               *
**************   chi**2/iteration =  2.037       ****************

 Writing out intermediate results for iteration           6

************* Integration by Vegas (iteration   7) **************
*                                                               *
*  integral  = -3.1354558       accum. integral = -3.1291194    *
*  std. dev. = 0.89802934E-02   accum. std. dev = 0.32929658E-02*
*   max. wt. =   0.275100E-02                                   *
*                                                               *
**************   chi**2/iteration =  1.794       ****************

 Writing out intermediate results for iteration           7

************* Integration by Vegas (iteration   8) **************
*                                                               *
*  integral  = -3.1287705       accum. integral = -3.1290789    *
*  std. dev. = 0.90831802E-02   accum. std. dev = 0.30958018E-02*
*   max. wt. =   0.275100E-02                                   *
*                                                               *
**************   chi**2/iteration =  1.538       ****************

 Writing out intermediate results for iteration           8

************* Integration by Vegas (iteration   9) **************
*                                                               *
*  integral  = -3.1266266       accum. integral = -3.1288135    *
*  std. dev. = 0.88859947E-02   accum. std. dev = 0.29234619E-02*
*   max. wt. =   0.275100E-02                                   *
*                                                               *
**************   chi**2/iteration =  1.354       ****************

 Writing out intermediate results for iteration           9

************* Integration by Vegas (iteration  10) **************
*                                                               *
*  integral  = -3.1314169       accum. integral = -3.1290909    *
*  std. dev. = 0.84647544E-02   accum. std. dev = 0.27633007E-02*
*   max. wt. =   0.275100E-02                                   *
*                                                               *
**************   chi**2/iteration =  1.213       ****************

 Writing out intermediate results for iteration          10

************* Integration by Vegas (iteration  11) **************
*                                                               *
*  integral  = -3.1505763       accum. integral = -3.1312651    *
*  std. dev. = 0.82353168E-02   accum. std. dev = 0.26197556E-02*
*   max. wt. =   0.275100E-02                                   *
*                                                               *
**************   chi**2/iteration =  1.703       ****************

 Writing out intermediate results for iteration          11

************* Integration by Vegas (iteration  12) **************
*                                                               *
*  integral  = -3.1066296       accum. integral = -3.1307354    *
*  std. dev. = 0.17671843E-01   accum. std. dev = 0.25914351E-02*
*   max. wt. =   0.154187E-01                                   *
*                                                               *
**************   chi**2/iteration =  1.721       ****************

 Writing out intermediate results for iteration          12

************* Integration by Vegas (iteration  13) **************
*                                                               *
*  integral  = -3.1445287       accum. integral = -3.1311537    *
*  std. dev. = 0.14652718E-01   accum. std. dev = 0.25518337E-02*
*   max. wt. =   0.154187E-01                                   *
*                                                               *
**************   chi**2/iteration =  1.650       ****************

 Writing out intermediate results for iteration          13

************* Integration by Vegas (iteration  14) **************
*                                                               *
*  integral  = -3.1261201       accum. integral = -3.1308158    *
*  std. dev. = 0.95127199E-02   accum. std. dev = 0.24646936E-02*
*   max. wt. =   0.154187E-01                                   *
*                                                               *
**************   chi**2/iteration =  1.543       ****************

 Writing out intermediate results for iteration          14

************* Integration by Vegas (iteration  15) **************
*                                                               *
*  integral  = -3.1287096       accum. integral = -3.1306558    *
*  std. dev. = 0.85961128E-02   accum. std. dev = 0.23692303E-02*
*   max. wt. =   0.154187E-01                                   *
*                                                               *
**************   chi**2/iteration =  1.437       ****************

 Writing out intermediate results for iteration          15

************* Integration by Vegas (iteration  16) **************
*                                                               *
*  integral  = -3.1331056       accum. integral = -3.1307693    *
*  std. dev. = 0.10749734E-01   accum. std. dev = 0.23137018E-02*
*   max. wt. =   0.154187E-01                                   *
*                                                               *
**************   chi**2/iteration =  1.344       ****************

 Writing out intermediate results for iteration          16

************* Integration by Vegas (iteration  17) **************
*                                                               *
*  integral  = -3.1596183       accum. integral = -3.1321844    *
*  std. dev. = 0.10187277E-01   accum. std. dev = 0.22562427E-02*
*   max. wt. =   0.154187E-01                                   *
*                                                               *
**************   chi**2/iteration =  1.737       ****************

 Writing out intermediate results for iteration          17

************* Integration by Vegas (iteration  18) **************
*                                                               *
*  integral  = -3.1521210       accum. integral = -3.1334624    *
*  std. dev. = 0.86212099E-02   accum. std. dev = 0.21827315E-02*
*   max. wt. =   0.154187E-01                                   *
*                                                               *
**************   chi**2/iteration =  1.929       ****************

 Writing out intermediate results for iteration          18

************* Integration by Vegas (iteration  19) **************
*                                                               *
*  integral  = -3.1399973       accum. integral = -3.1338638    *
*  std. dev. = 0.85321415E-02   accum. std. dev = 0.21146308E-02*
*   max. wt. =   0.154187E-01                                   *
*                                                               *
**************   chi**2/iteration =  1.852       ****************

 Writing out intermediate results for iteration          19

************* Integration by Vegas (iteration  20) **************
*                                                               *
*  integral  = -3.1358376       accum. integral = -3.1339725    *
*  std. dev. = 0.87587076E-02   accum. std. dev = 0.20555704E-02*
*   max. wt. =   0.154187E-01                                   *
*                                                               *
**************   chi**2/iteration =  1.757       ****************

 Writing out intermediate results for iteration          20

************* Integration by Vegas (iteration  21) **************
*                                                               *
*  integral  = -3.1446403       accum. integral = -3.1345376    *
*  std. dev. = 0.86911935E-02   accum. std. dev = 0.20003830E-02*
*   max. wt. =   0.154187E-01                                   *
*                                                               *
**************   chi**2/iteration =  1.741       ****************

 Writing out intermediate results for iteration          21

************* Integration by Vegas (iteration  22) **************
*                                                               *
*  integral  = -3.1288123       accum. integral = -3.1342320    *
*  std. dev. = 0.84236390E-02   accum. std. dev = 0.19462578E-02*
*   max. wt. =   0.154187E-01                                   *
*                                                               *
**************   chi**2/iteration =  1.679       ****************

 Writing out intermediate results for iteration          22

************* Integration by Vegas (iteration  23) **************
*                                                               *
*  integral  = -3.1377648       accum. integral = -3.1344105    *
*  std. dev. = 0.84356929E-02   accum. std. dev = 0.18964382E-02*
*   max. wt. =   0.154187E-01                                   *
*                                                               *
**************   chi**2/iteration =  1.610       ****************

 Writing out intermediate results for iteration          23

************* Integration by Vegas (iteration  24) **************
*                                                               *
*  integral  = -3.1354003       accum. integral = -3.1344553    *
*  std. dev. = 0.87087950E-02   accum. std. dev = 0.18530121E-02*
*   max. wt. =   0.154187E-01                                   *
*                                                               *
**************   chi**2/iteration =  1.541       ****************

 Writing out intermediate results for iteration          24

************* Integration by Vegas (iteration  25) **************
*                                                               *
*  integral  = -3.1321139       accum. integral = -3.1343518    *
*  std. dev. = 0.86135287E-02   accum. std. dev = 0.18115665E-02*
*   max. wt. =   0.154187E-01                                   *
*                                                               *
**************   chi**2/iteration =  1.479       ****************

 Writing out intermediate results for iteration          25

************* Integration by Vegas (iteration  26) **************
*                                                               *
*  integral  = -3.1272480       accum. integral = -3.1340395    *
*  std. dev. = 0.84481311E-02   accum. std. dev = 0.17713003E-02*
*   max. wt. =   0.154187E-01                                   *
*                                                               *
**************   chi**2/iteration =  1.447       ****************

 Writing out intermediate results for iteration          26

************* Integration by Vegas (iteration  27) **************
*                                                               *
*  integral  = -3.1490372       accum. integral = -3.1346536    *
*  std. dev. = 0.85721002E-02   accum. std. dev = 0.17346540E-02*
*   max. wt. =   0.154187E-01                                   *
*                                                               *
**************   chi**2/iteration =  1.505       ****************

 Writing out intermediate results for iteration          27

************* Integration by Vegas (iteration  28) **************
*                                                               *
*  integral  = -3.1205886       accum. integral = -3.1341165    *
*  std. dev. = 0.87053217E-02   accum. std. dev = 0.17012087E-02*
*   max. wt. =   0.154187E-01                                   *
*                                                               *
**************   chi**2/iteration =  1.542       ****************

 Writing out intermediate results for iteration          28

************* Integration by Vegas (iteration  29) **************
*                                                               *
*  integral  = -3.1307679       accum. integral = -3.1340015    *
*  std. dev. = 0.90211461E-02   accum. std. dev = 0.16717427E-02*
*   max. wt. =   0.154187E-01                                   *
*                                                               *
**************   chi**2/iteration =  1.491       ****************

 Writing out intermediate results for iteration          29

************* Integration by Vegas (iteration  30) **************
*                                                               *
*  integral  = -3.1315356       accum. integral = -3.1339184    *
*  std. dev. = 0.89515335E-02   accum. std. dev = 0.16433308E-02*
*   max. wt. =   0.154187E-01                                   *
*                                                               *
**************   chi**2/iteration =  1.443       ****************

 Writing out intermediate results for iteration          30

************* Integration by Vegas (iteration  31) **************
*                                                               *
*  integral  = -3.1375961       accum. integral = -3.1340518    *
*  std. dev. = 0.84691092E-02   accum. std. dev = 0.16132415E-02*
*   max. wt. =   0.154187E-01                                   *
*                                                               *
**************   chi**2/iteration =  1.401       ****************

 Writing out intermediate results for iteration          31

************* Integration by Vegas (iteration  32) **************
*                                                               *
*  integral  = -3.1407409       accum. integral = -3.1342872    *
*  std. dev. = 0.84485910E-02   accum. std. dev = 0.15846117E-02*
*   max. wt. =   0.154187E-01                                   *
*                                                               *
**************   chi**2/iteration =  1.375       ****************

 Writing out intermediate results for iteration          32

************* Integration by Vegas (iteration  33) **************
*                                                               *
*  integral  = -3.1286480       accum. integral = -3.1341773    *
*  std. dev. = 0.11242358E-01   accum. std. dev = 0.15691018E-02*
*   max. wt. =   0.154187E-01                                   *
*                                                               *
**************   chi**2/iteration =  1.340       ****************

 Writing out intermediate results for iteration          33

************* Integration by Vegas (iteration  34) **************
*                                                               *
*  integral  = -3.1356650       accum. integral = -3.1342060    *
*  std. dev. = 0.11183673E-01   accum. std. dev = 0.15538823E-02*
*   max. wt. =   0.154187E-01                                   *
*                                                               *
**************   chi**2/iteration =  1.300       ****************

 Writing out intermediate results for iteration          34

************* Integration by Vegas (iteration  35) **************
*                                                               *
*  integral  = -3.1262632       accum. integral = -3.1339746    *
*  std. dev. = 0.89705311E-02   accum. std. dev = 0.15310817E-02*
*   max. wt. =   0.154187E-01                                   *
*                                                               *
**************   chi**2/iteration =  1.284       ****************

 Writing out intermediate results for iteration          35

************* Integration by Vegas (iteration  36) **************
*                                                               *
*  integral  = -3.1395498       accum. integral = -3.1341428    *
*  std. dev. = 0.86821419E-02   accum. std. dev = 0.15078156E-02*
*   max. wt. =   0.154187E-01                                   *
*                                                               *
**************   chi**2/iteration =  1.259       ****************

 Writing out intermediate results for iteration          36

************* Integration by Vegas (iteration  37) **************
*                                                               *
*  integral  = -3.1276082       accum. integral = -3.1339455    *
*  std. dev. = 0.85456938E-02   accum. std. dev = 0.14848794E-02*
*   max. wt. =   0.154187E-01                                   *
*                                                               *
**************   chi**2/iteration =  1.239       ****************

 Writing out intermediate results for iteration          37

************* Integration by Vegas (iteration  38) **************
*                                                               *
*  integral  = -3.1444244       accum. integral = -3.1342504    *
*  std. dev. = 0.85778235E-02   accum. std. dev = 0.14631193E-02*
*   max. wt. =   0.154187E-01                                   *
*                                                               *
**************   chi**2/iteration =  1.245       ****************

 Writing out intermediate results for iteration          38

************* Integration by Vegas (iteration  39) **************
*                                                               *
*  integral  = -3.1474447       accum. integral = -3.1343513    *
*  std. dev. = 0.16662239E-01   accum. std. dev = 0.14575109E-02*
*   max. wt. =   0.154187E-01                                   *
*                                                               *
**************   chi**2/iteration =  1.229       ****************

 Writing out intermediate results for iteration          39

************* Integration by Vegas (iteration  40) **************
*                                                               *
*  integral  = -3.1341543       accum. integral = -3.1343494    *
*  std. dev. = 0.14558899E-01   accum. std. dev = 0.14502615E-02*
*   max. wt. =   0.154187E-01                                   *
*                                                               *
**************   chi**2/iteration =  1.197       ****************

 Writing out intermediate results for iteration          40

************* Integration by Vegas (iteration  41) **************
*                                                               *
*  integral  = -3.1236341       accum. integral = -3.1341099    *
*  std. dev. = 0.95910114E-02   accum. std. dev = 0.14339607E-02*
*   max. wt. =   0.154187E-01                                   *
*                                                               *
**************   chi**2/iteration =  1.198       ****************

 Writing out intermediate results for iteration          41

************* Integration by Vegas (iteration  42) **************
*                                                               *
*  integral  = -3.1239049       accum. integral = -3.1338445    *
*  std. dev. = 0.87764144E-02   accum. std. dev = 0.14151954E-02*
*   max. wt. =   0.154187E-01                                   *
*                                                               *
**************   chi**2/iteration =  1.201       ****************

 Writing out intermediate results for iteration          42

************* Integration by Vegas (iteration  43) **************
*                                                               *
*  integral  = -3.1249476       accum. integral = -3.1336243    *
*  std. dev. = 0.88832455E-02   accum. std. dev = 0.13975714E-02*
*   max. wt. =   0.154187E-01                                   *
*                                                               *
**************   chi**2/iteration =  1.195       ****************

 Writing out intermediate results for iteration          43

************* Integration by Vegas (iteration  44) **************
*                                                               *
*  integral  = -3.1436274       accum. integral = -3.1338650    *
*  std. dev. = 0.88998926E-02   accum. std. dev = 0.13806522E-02*
*   max. wt. =   0.154187E-01                                   *
*                                                               *
**************   chi**2/iteration =  1.196       ****************

 Writing out intermediate results for iteration          44

************* Integration by Vegas (iteration  45) **************
*                                                               *
*  integral  = -3.1257295       accum. integral = -3.1336778    *
*  std. dev. = 0.89954855E-02   accum. std. dev = 0.13646720E-02*
*   max. wt. =   0.154187E-01                                   *
*                                                               *
**************   chi**2/iteration =  1.187       ****************

 Writing out intermediate results for iteration          45

************* Integration by Vegas (iteration  46) **************
*                                                               *
*  integral  = -3.1058134       accum. integral = -3.1330171    *
*  std. dev. = 0.87564401E-02   accum. std. dev = 0.13483950E-02*
*   max. wt. =   0.154187E-01                                   *
*                                                               *
**************   chi**2/iteration =  1.380       ****************

 Writing out intermediate results for iteration          46

************* Integration by Vegas (iteration  47) **************
*                                                               *
*  integral  = -3.1554724       accum. integral = -3.1335297    *
*  std. dev. = 0.88216543E-02   accum. std. dev = 0.13329142E-02*
*   max. wt. =   0.154187E-01                                   *
*                                                               *
**************   chi**2/iteration =  1.488       ****************

 Writing out intermediate results for iteration          47

************* Integration by Vegas (iteration  48) **************
*                                                               *
*  integral  = -3.1275680       accum. integral = -3.1333953    *
*  std. dev. = 0.87774291E-02   accum. std. dev = 0.13178061E-02*
*   max. wt. =   0.154187E-01                                   *
*                                                               *
**************   chi**2/iteration =  1.466       ****************

 Writing out intermediate results for iteration          48

************* Integration by Vegas (iteration  49) **************
*                                                               *
*  integral  = -3.1212764       accum. integral = -3.1331305    *
*  std. dev. = 0.88161093E-02   accum. std. dev = 0.13033262E-02*
*   max. wt. =   0.154187E-01                                   *
*                                                               *
**************   chi**2/iteration =  1.474       ****************

 Writing out intermediate results for iteration          49

************* Integration by Vegas (iteration  50) **************
*                                                               *
*  integral  = -3.1351407       accum. integral = -3.1331741    *
*  std. dev. = 0.87471630E-02   accum. std. dev = 0.12890952E-02*
*   max. wt. =   0.154187E-01                                   *
*                                                               *
**************   chi**2/iteration =  1.445       ****************


Value of final lord integral is       -3.1332 +/-     0.0013 fb

 Total number of shots       :     23619600
 Total no. failing cuts      :      7718147
 Number failing jet cuts     :            0
 Number failing process cuts :            0

   Jet efficiency : 100.00%
   Cut efficiency : 100.00%
 Total efficiency : 100.00%

 Contribution from parton sub-processes:
 ---------------------------------------
       GG     |          -3.13317  100.00%
       GQ     |           0.00000   -0.00%
       GQB    |           0.00000   -0.00%
       QG     |           0.00000   -0.00%
       QBG    |           0.00000   -0.00%
       QQ     |           0.00000   -0.00%
       QBQB   |           0.00000   -0.00%
       QQB    |           0.00000   -0.00%
       QBQ    |           0.00000   -0.00%
 ---------------------------------------

 ****************************************************
 output files  E_var/E_100/MSTW/HHTOP/HZZint_lord_mstw8lo_0___0___126_129_run_100
 ****************************************************
