 ************** MCFM - version 6.8 ****************
 *                                                *
 * MCFM, v6.8                   April 26th, 2014  *
 *                                                *
 * Authors: John Campbell, Keith Ellis,           *
 *          Ciaran Williams                       *
 *         (johnmc@fnal.gov, ellis@fnal.gov,      *
 *          ciaran@fnal.gov)                      *
 *                                                *
 * For details see:                               *
 *                                                *
 *  arXiv:1403.2641 (Triphoton production)        *
 *  arXiv:1312.1628 (gg->WW, Higgs interference)  *
 *  arXiv:1311.3589 (gg->ZZ, Higgs interference)  *
 *  Phys.Rev.D87:114006, arXiv:1302.3856          *
 *  (tZ, tH -- with R. Rontsch)                   *
 *  arXiv:1211.6390 (DM, P. Fox and C. Williams)  *
 *  JHEP 1211:162 (2012), arXiv:1208.0566         *
 *  (Z+gam+jet,Z+gam+gam -- with H. Hartanto)     *
 *  arXiv:1204.1513 (top production+decay)        *
 *  JHEP 1207:052 (2012), arXiv:1204.5678 (ttW)   *
 *  JHEP 1110:005 (2011), arXiv:1107.5569         *
 *         (gg->WW,Higgs intference)              *
 *  JHEP 1107:018 (2011), arXiv:1105.0020         *
 *         (diboson update)                       *
 *  JHEP 1103:027 (2011), arXiv:1011.6647         *
 *         (Wbb for mb>0, with S. Badger)         *
 *  Phys.Rev.D81:074023, arXiv:1001.4495 (H+2jet) *
 *                                                *
 *  P.R.L. 102:142001, arXiv:0903.0005 [hep-ph]   *
 *    (t-channel single top + explicit b,         *
 *      JC, R.Frederix, F.Maltoni, F.Tramontano)  *
 *  N.P.B 726:109(2005), hep-ph/0506289 (W+t)     *
 *  Phys.Rev.D70:094012, hep-ph/0408158 (Sngl Top)*
 *       (with Francesco Tramontano)              *
 *                                                *
 *  Phys.Rev.D65:113007, hep-ph/0202176 (W,Z+2j)  *
 *  Phys.Rev.D62:114012, hep-ph/0006304 (W,Z+bb)  *
 *  Phys.Rev.D60:113006, hep-ph/9905386 (diboson) *
 *                                                *
 * On the web:  http://mcfm.fnal.gov/             *
 **************************************************

 * Using input file named E_var/E_100/MSTW/HHTOP/input_132_100.DAT                                

 * [Flags to specify the mode in which MCFM is run]                                          
 *                   -1            [nevtrequested] 
 *                    F            [creatent] 
 *                    F            [skipnt] 
 *                    F            [dswhisto] 
 *                    F            [creategrid] 
 *                    T            [writetop] 
 *                    T            [writedat] 
 *                    T            [writegnu] 
 *                    T            [writeroot] 
 *                    F            [writepwg] 

 * [General options to specify the process and execution]                                    
 *                  132            [nproc] 
 *                 lord            [part] 
 * 132_run_100                     [runstring] 
 *          100000.0000            [sqrts] 
 *                    1            [ih1] 
 *                    1            [ih2] 
 *             126.0000            [hmass] 
 *               0.5000            [scale] 
 *               0.5000            [facscale] 
 * m(3456)                         [dynamicscale] 
 *                    F            [zerowidth] 
 *                    F            [removebr] 
 *                   20            [itmx1] 
 *               500000            [ncall1] 
 *                   50            [itmx2] 
 *               500000            [ncall2] 
 *                 2020            [ij] 
 *                    F            [dryrun] 
 *                    T            [Qflag] 
 *                    T            [Gflag] 

 * [Heavy quark masses]                                                                      
 *             173.2000            [top mass] 
 *               4.7500            [bottom mass] 
 *               1.5000            [charm mass] 

 * [Pdf selection]                                                                           
 *              mstw8lo            [pdlabel] 
 *                    4            [NGROUP] 
 *                   46            [NSET] 
 * cteq6mE.LHgrid                  [LHAPDF group] 
 *                   -1            [LHAPDF set] 

 * [Jet definition and event cuts]                                                           
 *               0.0000            [m34min] 
 *          100000.0000            [m34max] 
 *               0.0000            [m56min] 
 *          100000.0000            [m56max] 
 *                    T            [inclusive] 
 *                 ankt            [algorithm] 
 *              15.0000            [ptjetmin] 
 *               0.0000            [etajetmin] 
 *               5.0000            [etajetmax] 
 *               0.5000            [Rcut] 
 *                    T            [makecuts] 
 *               0.0000            [leptpt] 
 *              99.0000            [leptrap] 
 *    0.000,   0.000                [leptveto] 
 *               0.0000            [misspt] 
 *               0.0000            [leptpt2] 
 *              99.0000            [leptrap2] 
 *    0.000,   0.000                [leptveto2] 
 *               0.0000            [mtrans34cut] 
 *               0.0000            [Rjlmin] 
 *               0.0000            [Rllmin] 
 *               0.0000            [delyjjmin] 
 *                    F            [jetsopphem] 
 *                    0            [lbjscheme] 
 *               0.0000            [ptbjetmin] 
 *              99.0000            [etabjetmax] 

 * [Settings for photon processes]                                                           
 *                    F            [frag] 
 *             GdRG__LO            [fragset] 
 *              80.0000            [frag_scale] 
 *              20.0000            [gammpt] 
 *               2.5000            [gammrap] 
 *              20.0000            [gammpt2] 
 *              20.0000            [gammpt3] 
 *               0.0000            [Rgalmin] 
 *               0.4000            [Rgagamin] 
 *               0.4000            [Rgajetmin] 
 *               0.4000            [cone_ang] 
 *               0.5000            [epsilon_h] 

 * [Anomalous couplings of the W and Z]                                                      
 *               0.0000            [delg1_z] 
 *               0.0000            [delk_z] 
 *               0.0000            [delk_g] 
 *               0.0000            [lambda_z] 
 *               0.0000            [lambda_g] 
 *               0.0000            [h1Z] 
 *               0.0000            [h1gam] 
 *               0.0000            [h2Z] 
 *               0.0000            [h2gam] 
 *               0.0000            [h3Z] 
 *               0.0000            [h3gam] 
 *               0.0000            [h4Z] 
 *               0.0000            [h4gam] 
 *               2.0000            [tevscale] 

 * [Anomalous width of the Higgs]                                                            
 *               1.0000            [Gamma_H/Gamma_H(SM)] 

 * [How to resume/save a run]                                                                
 *                    F            [readin] 
 *                    F            [writeout] 
 *                                 [ingridfile] 
 *                                 [outgridfile] 

 * [Technical parameters that should not normally be changed]

 *                    F            [debug] 
 *                    T            [verbose] 
 *                    F            [new_pspace] 
 *                    F            [virtonly] 
 *                    F            [realonly] 
 *                    T            [spira] 
 *                    F            [noglue] 
 *                    F            [ggonly] 
 *                    F            [gqonly] 
 *                    F            [omitgg] 
 *                    F            [vanillafiles] 
 *                    1            [nmin] 
 *                    2            [nmax] 
 *                    T            [clustering] 
 *                    F            [realwt] 
 *                    0            [colourchoice] 
 *               0.0100            [rtsmin] 
 *               0.0001            [cutoff] 
 *               0.1000            [aii] 
 *               0.1000            [aif] 
 *               0.1000            [afi] 
 *               1.0000            [aff] 
 *               1.0000            [bfi] 
 *               1.0000            [bff] 

 Chooser:process chosen by nproc=         132

 *************************** f(p1)+f(p2) --> ******************************************
 * Z^0(e^-(p3)+e^+(p4)) + Z^0(mu^-(p5)+mu^+(p6) [(gg->ZZ) squared]                    *
 **************************************************************************************

 ************** Electroweak parameters **************
 *                                                  *
 *  zmass(+)   91.1876000     wmass(+)  80.3980000  *
 * zwidth(+)    2.4952000    wwidth(+)   2.1054000  *
 *     Gf(+) 0.116639D-04   1/aemmz    132.3384323  *
 *     xw       0.2226459      mtop(+) 173.2000000  *
 *   gwsq       0.4264904       esq      0.0949563  *
 * top width    1.4743080 (LO)                      *
 *    mb        4.7500000        mc      1.5000000  *
 *                                                  *
 * Parameters marked (+) are input, others derived  *
 ****************************************************

 ****************** Higgs parameters ****************
 *                                                  *
 *   mass(H) =  126.00      width(H) =  0.43070E-02 *
 *                                                  *
 *              Br( H -> b bbar)  =   0.48164       *
 *              Br( H -> tau tau) =   0.06056       *
 *              Br( H -> W W)     =   0.00000       *
 *              Br( H -> Z Z)     =   0.00000       *
 *              Br( H -> gam gam) =   0.00235       *
 *              Br( H -> Z gam)   =   0.00164       *
 ****************************************************
 *                                                  *
 * Note: branching ratios reported here can be > 1  *
 *       since the total Higgs width is calculated  *
 *       at NLO but the BR calculation uses a       *
 *       partial width at LO only.                  *
 *                                                  *
 ****************************************************

 WARNING: Higgs decay H->ZZ is below threshold and
 may not yield sensible results - check the number
 of integration points

 ***************** CKM mixing matrix ****************
 *                                                  *
 *      Vud=.97500    Vus=.22200    Vub=0.0000      *
 *      Vcd=.22200    Vcs=.97500    Vcb=0.0000      *
 ****************************************************

 ************* Strong coupling, alpha_s  ************
 *                                                  *
 *  Dynamic scale - alpha_s changed event-by-event  *
 *       alpha_s (zmass)  0.13939000                *
 *         (using 1-loop running of alpha_s)        *
 ****************************************************

 ****************************************
 *     Cross section in femtobarns      *
 ****************************************


 input parameters for vegas:  ndim= 10  ncall= 472392.
                              it=    0  itmx=   20
                              nprn=  0  alph= 1.50
                              mds=  1   nd= 100
                              xl( 1)=   0.000     xu( 1)=   1.000    
                              xl( 2)=   0.000     xu( 2)=   1.000    
                              xl( 3)=   0.000     xu( 3)=   1.000    
                              xl( 4)=   0.000     xu( 4)=   1.000    
                              xl( 5)=   0.000     xu( 5)=   1.000    
                              xl( 6)=   0.000     xu( 6)=   1.000    
                              xl( 7)=   0.000     xu( 7)=   1.000    
                              xl( 8)=   0.000     xu( 8)=   1.000    
                              xl( 9)=   0.000     xu( 9)=   1.000    
                              xl(10)=   0.000     xu(10)=   1.000    

 ****************** Basic mass cuts *****************
 *                                                  *
 *              0.00  <   m34  < 100000.00           *
 *              0.00  <   m56  < 100000.00           *
 ****************************************************
 *********** CMS Higgs Search cuts******
 *                                     *
 *     pt(mu) >           5.00 GeV     *
 *     pt(el) >           7.00 GeV     *
 *     |eta_mu| <         2.40         *
 *     |eta_el| <         2.50         *
 *     m4lmin >         100.00 GeV     *
 *     m2lmin >           4.00 GeV     *
 *     ptleading >       20.00 GeV     *
 *     ptnexttoleading > 10.00 GeV     *
 *     mllnear >         40.00 GeV     *
 *     mllfar >          12.00 GeV     *
 *     mllmax >         120.00 GeV     *
 ***************************************

 ************** Dynamic scale choice ****************
 *                                                  *
 *                 RENORMALIZATION                  *
 *       mu_ren  =  0.50 x m(3456)                  *
 *                                                  *
 *                  FACTORIZATION                   *
 *       mu_fac  =  0.50 x m(3456)                  *
 *                                                  *
 ****************************************************
 ****************************************************
 *                                                  *
 *  gg->ZZ box loop includes gens. 1 and 2          *
 *  gg->ZZ box loop includes bottom quark           *
 *  gg->ZZ box loop includes top quark              *
 *                                                  *
 *  Numer. stability: pt(Z) > 0.100 GeV (gens. 1,2) *
 *  Numer. stability: pt(Z) > 0.100 GeV (b,t loops) *
 *                                                  *
 ****************************************************
 ====================================================
   This is QCDLoop - version 1.95                    
   Authors: Keith Ellis and Giulia Zanderighi        
   (ellis@fnal.gov, g.zanderighi1@physics.ox.ac.uk)  
   For details see FERMILAB-PUB-07-633-T,OUTP-07/16P 
   arXiv:0712.1851 [hep-ph], published in            
   JHEP 0802:002,2008.                               
 ====================================================
 ====================================================
   FF 2.0, a package to evaluate one-loop integrals
 written by G. J. van Oldenborgh, NIKHEF-H, Amsterdam
 ====================================================
 for the algorithms used see preprint NIKHEF-H 89/17,
 'New Algorithms for One-loop Integrals', by G.J. van
 Oldenborgh and J.A.M. Vermaseren, published in 
 Zeitschrift fuer Physik C46(1990)425.
 ====================================================
 ffini: precx =    4.4408920985006262E-016
 ffini: precc =    4.4408920985006262E-016
 ffini: xalogm =    4.9406564584124654E-324
 ffini: xclogm =    4.9406564584124654E-324
 Reading PDF grid from Pdfdata/mstw2008lo.00.dat

************* Integration by Vegas (iteration   1) **************
*                                                               *
*  integral  =  45.863717       accum. integral =  45.863717    *
*  std. dev. =  3.6602735       accum. std. dev =  3.6602735    *
*   max. wt. =    1.35329                                       *
*                                                               *
**************   chi**2/iteration =  0.000       ****************


************* Integration by Vegas (iteration   2) **************
*                                                               *
*  integral  =  51.698664       accum. integral =  51.646399    *
*  std. dev. = 0.34798139       accum. std. dev = 0.34641939    *
*   max. wt. =    1.35329                                       *
*                                                               *
**************   chi**2/iteration =  2.494       ****************


************* Integration by Vegas (iteration   3) **************
*                                                               *
*  integral  =  51.933307       accum. integral =  51.883440    *
*  std. dev. = 0.15889146       accum. std. dev = 0.14442433    *
*   max. wt. =    1.35329                                       *
*                                                               *
**************   chi**2/iteration =  1.535       ****************


************* Integration by Vegas (iteration   4) **************
*                                                               *
*  integral  =  52.023660       accum. integral =  51.962351    *
*  std. dev. = 0.12730137       accum. std. dev = 0.95498630E-01*
*   max. wt. =    1.35329                                       *
*                                                               *
**************   chi**2/iteration =  1.201       ****************


************* Integration by Vegas (iteration   5) **************
*                                                               *
*  integral  =  51.977498       accum. integral =  51.967757    *
*  std. dev. = 0.12819591       accum. std. dev = 0.76584404E-01*
*   max. wt. =    1.35329                                       *
*                                                               *
**************   chi**2/iteration = 0.9039       ****************


************* Integration by Vegas (iteration   6) **************
*                                                               *
*  integral  =  52.014644       accum. integral =  51.979295    *
*  std. dev. = 0.13404488       accum. std. dev = 0.66496591E-01*
*   max. wt. =    1.35329                                       *
*                                                               *
**************   chi**2/iteration = 0.7419       ****************


************* Integration by Vegas (iteration   7) **************
*                                                               *
*  integral  =  52.254916       accum. integral =  52.048635    *
*  std. dev. = 0.11469336       accum. std. dev = 0.57527188E-01*
*   max. wt. =    1.35329                                       *
*                                                               *
**************   chi**2/iteration =  1.338       ****************


************* Integration by Vegas (iteration   8) **************
*                                                               *
*  integral  =  52.031541       accum. integral =  52.044305    *
*  std. dev. = 0.98766708E-01   accum. std. dev = 0.49709758E-01*
*   max. wt. =    1.35329                                       *
*                                                               *
**************   chi**2/iteration =  1.150       ****************


************* Integration by Vegas (iteration   9) **************
*                                                               *
*  integral  =  51.989760       accum. integral =  52.032839    *
*  std. dev. = 0.96355486E-01   accum. std. dev = 0.44177248E-01*
*   max. wt. =    1.35329                                       *
*                                                               *
**************   chi**2/iteration =  1.038       ****************


************* Integration by Vegas (iteration  10) **************
*                                                               *
*  integral  =  52.083618       accum. integral =  52.041661    *
*  std. dev. = 0.96341157E-01   accum. std. dev = 0.40156684E-01*
*   max. wt. =    1.35329                                       *
*                                                               *
**************   chi**2/iteration = 0.9483       ****************


************* Integration by Vegas (iteration  11) **************
*                                                               *
*  integral  =  52.007844       accum. integral =  52.037187    *
*  std. dev. = 0.10283457       accum. std. dev = 0.37405849E-01*
*   max. wt. =    1.35329                                       *
*                                                               *
**************   chi**2/iteration = 0.8629       ****************


************* Integration by Vegas (iteration  12) **************
*                                                               *
*  integral  =  52.004840       accum. integral =  52.033209    *
*  std. dev. = 0.99897201E-01   accum. std. dev = 0.35030594E-01*
*   max. wt. =    1.35329                                       *
*                                                               *
**************   chi**2/iteration = 0.7929       ****************


************* Integration by Vegas (iteration  13) **************
*                                                               *
*  integral  =  52.152055       accum. integral =  52.046748    *
*  std. dev. = 0.97699138E-01   accum. std. dev = 0.32974995E-01*
*   max. wt. =    1.35329                                       *
*                                                               *
**************   chi**2/iteration = 0.8360       ****************


************* Integration by Vegas (iteration  14) **************
*                                                               *
*  integral  =  52.004922       accum. integral =  52.042568    *
*  std. dev. = 0.98958326E-01   accum. std. dev = 0.31283881E-01*
*   max. wt. =    1.35329                                       *
*                                                               *
**************   chi**2/iteration = 0.7841       ****************


************* Integration by Vegas (iteration  15) **************
*                                                               *
*  integral  =  52.028953       accum. integral =  52.041256    *
*  std. dev. = 0.95822144E-01   accum. std. dev = 0.29739084E-01*
*   max. wt. =    1.35329                                       *
*                                                               *
**************   chi**2/iteration = 0.7295       ****************


************* Integration by Vegas (iteration  16) **************
*                                                               *
*  integral  =  52.042703       accum. integral =  52.041382    *
*  std. dev. = 0.96366264E-01   accum. std. dev = 0.28416695E-01*
*   max. wt. =    1.35329                                       *
*                                                               *
**************   chi**2/iteration = 0.6809       ****************


************* Integration by Vegas (iteration  17) **************
*                                                               *
*  integral  =  51.928932       accum. integral =  52.032487    *
*  std. dev. = 0.96960380E-01   accum. std. dev = 0.27269678E-01*
*   max. wt. =    1.35329                                       *
*                                                               *
**************   chi**2/iteration = 0.7157       ****************


************* Integration by Vegas (iteration  18) **************
*                                                               *
*  integral  =  52.017428       accum. integral =  52.031675    *
*  std. dev. = 0.11417251       accum. std. dev = 0.26523617E-01*
*   max. wt. =    1.35329                                       *
*                                                               *
**************   chi**2/iteration = 0.6746       ****************


************* Integration by Vegas (iteration  19) **************
*                                                               *
*  integral  =  52.160891       accum. integral =  52.036109    *
*  std. dev. = 0.14070557       accum. std. dev = 0.26064572E-01*
*   max. wt. =    1.35329                                       *
*                                                               *
**************   chi**2/iteration = 0.6824       ****************


************* Integration by Vegas (iteration  20) **************
*                                                               *
*  integral  =  52.018440       accum. integral =  52.035340    *
*  std. dev. = 0.12217682       accum. std. dev = 0.25490957E-01*
*   max. wt. =    1.35329                                       *
*                                                               *
**************   chi**2/iteration = 0.6475       ****************


 input parameters for vegas:  ndim= 10  ncall= 472392.
                              it=   21  itmx=   50
                              nprn=  0  alph= 1.50
                              mds=  1   nd= 100
                              xl( 1)=   0.000     xu( 1)=   1.000    
                              xl( 2)=   0.000     xu( 2)=   1.000    
                              xl( 3)=   0.000     xu( 3)=   1.000    
                              xl( 4)=   0.000     xu( 4)=   1.000    
                              xl( 5)=   0.000     xu( 5)=   1.000    
                              xl( 6)=   0.000     xu( 6)=   1.000    
                              xl( 7)=   0.000     xu( 7)=   1.000    
                              xl( 8)=   0.000     xu( 8)=   1.000    
                              xl( 9)=   0.000     xu( 9)=   1.000    
                              xl(10)=   0.000     xu(10)=   1.000    

************* Integration by Vegas (iteration   1) **************
*                                                               *
*  integral  =  51.841945       accum. integral =  51.841945    *
*  std. dev. = 0.10069492       accum. std. dev = 0.10069492    *
*   max. wt. =   0.114859E-01                                   *
*                                                               *
**************   chi**2/iteration =  0.000       ****************

 Writing out intermediate results for iteration           1

************* Integration by Vegas (iteration   2) **************
*                                                               *
*  integral  =  52.108757       accum. integral =  51.970241    *
*  std. dev. = 0.10462927       accum. std. dev = 0.72553092E-01*
*   max. wt. =   0.280398E-01                                   *
*                                                               *
**************   chi**2/iteration =  3.343       ****************

 Writing out intermediate results for iteration           2

************* Integration by Vegas (iteration   3) **************
*                                                               *
*  integral  =  52.000284       accum. integral =  51.980270    *
*  std. dev. = 0.10248747       accum. std. dev = 0.59216598E-01*
*   max. wt. =   0.280398E-01                                   *
*                                                               *
**************   chi**2/iteration =  1.708       ****************

 Writing out intermediate results for iteration           3

************* Integration by Vegas (iteration   4) **************
*                                                               *
*  integral  =  51.967505       accum. integral =  51.976970    *
*  std. dev. = 0.10027036       accum. std. dev = 0.50988727E-01*
*   max. wt. =   0.280398E-01                                   *
*                                                               *
**************   chi**2/iteration =  1.145       ****************

 Writing out intermediate results for iteration           4

************* Integration by Vegas (iteration   5) **************
*                                                               *
*  integral  =  51.848254       accum. integral =  51.949918    *
*  std. dev. = 0.98847848E-01   accum. std. dev = 0.45315150E-01*
*   max. wt. =   0.280398E-01                                   *
*                                                               *
**************   chi**2/iteration =  1.193       ****************

 Writing out intermediate results for iteration           5

************* Integration by Vegas (iteration   6) **************
*                                                               *
*  integral  =  51.961018       accum. integral =  51.951930    *
*  std. dev. = 0.96307188E-01   accum. std. dev = 0.41002959E-01*
*   max. wt. =   0.280398E-01                                   *
*                                                               *
**************   chi**2/iteration = 0.9572       ****************

 Writing out intermediate results for iteration           6

************* Integration by Vegas (iteration   7) **************
*                                                               *
*  integral  =  52.046707       accum. integral =  51.966498    *
*  std. dev. = 0.96212813E-01   accum. std. dev = 0.37720394E-01*
*   max. wt. =   0.280398E-01                                   *
*                                                               *
**************   chi**2/iteration = 0.9345       ****************

 Writing out intermediate results for iteration           7

************* Integration by Vegas (iteration   8) **************
*                                                               *
*  integral  =  52.186954       accum. integral =  51.989693    *
*  std. dev. = 0.11000126       accum. std. dev = 0.35680889E-01*
*   max. wt. =   0.388759E-01                                   *
*                                                               *
**************   chi**2/iteration =  1.314       ****************

 Writing out intermediate results for iteration           8

************* Integration by Vegas (iteration   9) **************
*                                                               *
*  integral  =  51.820036       accum. integral =  51.973171    *
*  std. dev. = 0.10862744       accum. std. dev = 0.33898993E-01*
*   max. wt. =   0.388759E-01                                   *
*                                                               *
**************   chi**2/iteration =  1.425       ****************

 Writing out intermediate results for iteration           9

************* Integration by Vegas (iteration  10) **************
*                                                               *
*  integral  =  52.031407       accum. integral =  51.979234    *
*  std. dev. = 0.99445106E-01   accum. std. dev = 0.32086013E-01*
*   max. wt. =   0.388759E-01                                   *
*                                                               *
**************   chi**2/iteration =  1.301       ****************

 Writing out intermediate results for iteration          10

************* Integration by Vegas (iteration  11) **************
*                                                               *
*  integral  =  51.961904       accum. integral =  51.977480    *
*  std. dev. = 0.95631272E-01   accum. std. dev = 0.30419469E-01*
*   max. wt. =   0.388759E-01                                   *
*                                                               *
**************   chi**2/iteration =  1.174       ****************

 Writing out intermediate results for iteration          11

************* Integration by Vegas (iteration  12) **************
*                                                               *
*  integral  =  51.870101       accum. integral =  51.968071    *
*  std. dev. = 0.98159372E-01   accum. std. dev = 0.29056211E-01*
*   max. wt. =   0.388759E-01                                   *
*                                                               *
**************   chi**2/iteration =  1.166       ****************

 Writing out intermediate results for iteration          12

************* Integration by Vegas (iteration  13) **************
*                                                               *
*  integral  =  52.058328       accum. integral =  51.974856    *
*  std. dev. = 0.10191436       accum. std. dev = 0.27942741E-01*
*   max. wt. =   0.388759E-01                                   *
*                                                               *
**************   chi**2/iteration =  1.130       ****************

 Writing out intermediate results for iteration          13

************* Integration by Vegas (iteration  14) **************
*                                                               *
*  integral  =  52.025060       accum. integral =  51.978069    *
*  std. dev. = 0.10686325       accum. std. dev = 0.27033835E-01*
*   max. wt. =   0.388759E-01                                   *
*                                                               *
**************   chi**2/iteration =  1.059       ****************

 Writing out intermediate results for iteration          14

************* Integration by Vegas (iteration  15) **************
*                                                               *
*  integral  =  52.149925       accum. integral =  51.987434    *
*  std. dev. = 0.11261175       accum. std. dev = 0.26286986E-01*
*   max. wt. =   0.399482E-01                                   *
*                                                               *
**************   chi**2/iteration =  1.140       ****************

 Writing out intermediate results for iteration          15

************* Integration by Vegas (iteration  16) **************
*                                                               *
*  integral  =  51.909276       accum. integral =  51.982945    *
*  std. dev. = 0.10649445       accum. std. dev = 0.25520991E-01*
*   max. wt. =   0.399482E-01                                   *
*                                                               *
**************   chi**2/iteration =  1.098       ****************

 Writing out intermediate results for iteration          16

************* Integration by Vegas (iteration  17) **************
*                                                               *
*  integral  =  51.970812       accum. integral =  51.982186    *
*  std. dev. = 0.98814451E-01   accum. std. dev = 0.24710157E-01*
*   max. wt. =   0.399482E-01                                   *
*                                                               *
**************   chi**2/iteration =  1.030       ****************

 Writing out intermediate results for iteration          17

************* Integration by Vegas (iteration  18) **************
*                                                               *
*  integral  =  52.107945       accum. integral =  51.989008    *
*  std. dev. = 0.10317868       accum. std. dev = 0.24030627E-01*
*   max. wt. =   0.399482E-01                                   *
*                                                               *
**************   chi**2/iteration =  1.052       ****************

 Writing out intermediate results for iteration          18

************* Integration by Vegas (iteration  19) **************
*                                                               *
*  integral  =  52.175045       accum. integral =  51.998860    *
*  std. dev. = 0.10162251       accum. std. dev = 0.23385682E-01*
*   max. wt. =   0.399482E-01                                   *
*                                                               *
**************   chi**2/iteration =  1.170       ****************

 Writing out intermediate results for iteration          19

************* Integration by Vegas (iteration  20) **************
*                                                               *
*  integral  =  52.179435       accum. integral =  52.007598    *
*  std. dev. = 0.10370364       accum. std. dev = 0.22812830E-01*
*   max. wt. =   0.399482E-01                                   *
*                                                               *
**************   chi**2/iteration =  1.260       ****************

 Writing out intermediate results for iteration          20

************* Integration by Vegas (iteration  21) **************
*                                                               *
*  integral  =  52.141173       accum. integral =  52.014064    *
*  std. dev. = 0.10114624       accum. std. dev = 0.22253828E-01*
*   max. wt. =   0.399482E-01                                   *
*                                                               *
**************   chi**2/iteration =  1.280       ****************

 Writing out intermediate results for iteration          21

************* Integration by Vegas (iteration  22) **************
*                                                               *
*  integral  =  51.974680       accum. integral =  52.012214    *
*  std. dev. = 0.10023815       accum. std. dev = 0.21724877E-01*
*   max. wt. =   0.399482E-01                                   *
*                                                               *
**************   chi**2/iteration =  1.226       ****************

 Writing out intermediate results for iteration          22

************* Integration by Vegas (iteration  23) **************
*                                                               *
*  integral  =  52.008432       accum. integral =  52.012062    *
*  std. dev. = 0.10598104       accum. std. dev = 0.21282334E-01*
*   max. wt. =   0.399482E-01                                   *
*                                                               *
**************   chi**2/iteration =  1.171       ****************

 Writing out intermediate results for iteration          23

************* Integration by Vegas (iteration  24) **************
*                                                               *
*  integral  =  52.016283       accum. integral =  52.012234    *
*  std. dev. = 0.10311511       accum. std. dev = 0.20843023E-01*
*   max. wt. =   0.399482E-01                                   *
*                                                               *
**************   chi**2/iteration =  1.120       ****************

 Writing out intermediate results for iteration          24

************* Integration by Vegas (iteration  25) **************
*                                                               *
*  integral  =  51.996403       accum. integral =  52.011562    *
*  std. dev. = 0.98991263E-01   accum. std. dev = 0.20395822E-01*
*   max. wt. =   0.399482E-01                                   *
*                                                               *
**************   chi**2/iteration =  1.074       ****************

 Writing out intermediate results for iteration          25

************* Integration by Vegas (iteration  26) **************
*                                                               *
*  integral  =  51.903048       accum. integral =  52.007462    *
*  std. dev. = 0.10292475       accum. std. dev = 0.20006787E-01*
*   max. wt. =   0.399482E-01                                   *
*                                                               *
**************   chi**2/iteration =  1.074       ****************

 Writing out intermediate results for iteration          26

************* Integration by Vegas (iteration  27) **************
*                                                               *
*  integral  =  51.909331       accum. integral =  52.003834    *
*  std. dev. = 0.10211221       accum. std. dev = 0.19633488E-01*
*   max. wt. =   0.399482E-01                                   *
*                                                               *
**************   chi**2/iteration =  1.067       ****************

 Writing out intermediate results for iteration          27

************* Integration by Vegas (iteration  28) **************
*                                                               *
*  integral  =  52.005201       accum. integral =  52.003866    *
*  std. dev. = 0.12721421       accum. std. dev = 0.19403758E-01*
*   max. wt. =   0.803422E-01                                   *
*                                                               *
**************   chi**2/iteration =  1.028       ****************

 Writing out intermediate results for iteration          28

************* Integration by Vegas (iteration  29) **************
*                                                               *
*  integral  =  51.887164       accum. integral =  52.001107    *
*  std. dev. = 0.12469618       accum. std. dev = 0.19173020E-01*
*   max. wt. =   0.803422E-01                                   *
*                                                               *
**************   chi**2/iteration =  1.021       ****************

 Writing out intermediate results for iteration          29

************* Integration by Vegas (iteration  30) **************
*                                                               *
*  integral  =  52.025918       accum. integral =  52.001884    *
*  std. dev. = 0.10661250       accum. std. dev = 0.18870298E-01*
*   max. wt. =   0.803422E-01                                   *
*                                                               *
**************   chi**2/iteration = 0.9880       ****************

 Writing out intermediate results for iteration          30

************* Integration by Vegas (iteration  31) **************
*                                                               *
*  integral  =  52.097481       accum. integral =  52.005214    *
*  std. dev. = 0.99328261E-01   accum. std. dev = 0.18538713E-01*
*   max. wt. =   0.803422E-01                                   *
*                                                               *
**************   chi**2/iteration = 0.9849       ****************

 Writing out intermediate results for iteration          31

************* Integration by Vegas (iteration  32) **************
*                                                               *
*  integral  =  51.973006       accum. integral =  52.004128    *
*  std. dev. = 0.99215058E-01   accum. std. dev = 0.18223314E-01*
*   max. wt. =   0.803422E-01                                   *
*                                                               *
**************   chi**2/iteration = 0.9564       ****************

 Writing out intermediate results for iteration          32

************* Integration by Vegas (iteration  33) **************
*                                                               *
*  integral  =  51.955676       accum. integral =  52.002645    *
*  std. dev. = 0.10257716       accum. std. dev = 0.17942373E-01*
*   max. wt. =   0.803422E-01                                   *
*                                                               *
**************   chi**2/iteration = 0.9333       ****************

 Writing out intermediate results for iteration          33

************* Integration by Vegas (iteration  34) **************
*                                                               *
*  integral  =  51.880850       accum. integral =  51.999277    *
*  std. dev. = 0.10638687       accum. std. dev = 0.17692518E-01*
*   max. wt. =   0.803422E-01                                   *
*                                                               *
**************   chi**2/iteration = 0.9436       ****************

 Writing out intermediate results for iteration          34

************* Integration by Vegas (iteration  35) **************
*                                                               *
*  integral  =  51.810125       accum. integral =  51.994399    *
*  std. dev. = 0.10874052       accum. std. dev = 0.17462884E-01*
*   max. wt. =   0.803422E-01                                   *
*                                                               *
**************   chi**2/iteration =  1.003       ****************

 Writing out intermediate results for iteration          35

************* Integration by Vegas (iteration  36) **************
*                                                               *
*  integral  =  52.116757       accum. integral =  51.997234    *
*  std. dev. = 0.11336900       accum. std. dev = 0.17259328E-01*
*   max. wt. =   0.803422E-01                                   *
*                                                               *
**************   chi**2/iteration =  1.006       ****************

 Writing out intermediate results for iteration          36

************* Integration by Vegas (iteration  37) **************
*                                                               *
*  integral  =  52.006680       accum. integral =  51.997488    *
*  std. dev. = 0.10396626       accum. std. dev = 0.17026309E-01*
*   max. wt. =   0.803422E-01                                   *
*                                                               *
**************   chi**2/iteration = 0.9787       ****************

 Writing out intermediate results for iteration          37

************* Integration by Vegas (iteration  38) **************
*                                                               *
*  integral  =  52.097474       accum. integral =  52.000328    *
*  std. dev. = 0.99576690E-01   accum. std. dev = 0.16782742E-01*
*   max. wt. =   0.803422E-01                                   *
*                                                               *
**************   chi**2/iteration = 0.9787       ****************

 Writing out intermediate results for iteration          38

************* Integration by Vegas (iteration  39) **************
*                                                               *
*  integral  =  52.080772       accum. integral =  52.002605    *
*  std. dev. = 0.98332882E-01   accum. std. dev = 0.16543522E-01*
*   max. wt. =   0.803422E-01                                   *
*                                                               *
**************   chi**2/iteration = 0.9701       ****************

 Writing out intermediate results for iteration          39

************* Integration by Vegas (iteration  40) **************
*                                                               *
*  integral  =  51.956978       accum. integral =  52.001383    *
*  std. dev. = 0.99723033E-01   accum. std. dev = 0.16320468E-01*
*   max. wt. =   0.803422E-01                                   *
*                                                               *
**************   chi**2/iteration = 0.9504       ****************

 Writing out intermediate results for iteration          40

************* Integration by Vegas (iteration  41) **************
*                                                               *
*  integral  =  51.971842       accum. integral =  52.000765    *
*  std. dev. = 0.11166832       accum. std. dev = 0.16148907E-01*
*   max. wt. =   0.803422E-01                                   *
*                                                               *
**************   chi**2/iteration = 0.9284       ****************

 Writing out intermediate results for iteration          41

************* Integration by Vegas (iteration  42) **************
*                                                               *
*  integral  =  52.004361       accum. integral =  52.000835    *
*  std. dev. = 0.11436713       accum. std. dev = 0.15990286E-01*
*   max. wt. =   0.803422E-01                                   *
*                                                               *
**************   chi**2/iteration = 0.9058       ****************

 Writing out intermediate results for iteration          42

************* Integration by Vegas (iteration  43) **************
*                                                               *
*  integral  =  51.968126       accum. integral =  52.000110    *
*  std. dev. = 0.10618612       accum. std. dev = 0.15812010E-01*
*   max. wt. =   0.803422E-01                                   *
*                                                               *
**************   chi**2/iteration = 0.8864       ****************

 Writing out intermediate results for iteration          43

************* Integration by Vegas (iteration  44) **************
*                                                               *
*  integral  =  52.058799       accum. integral =  52.001493    *
*  std. dev. = 0.10178848       accum. std. dev = 0.15624614E-01*
*   max. wt. =   0.803422E-01                                   *
*                                                               *
**************   chi**2/iteration = 0.8733       ****************

 Writing out intermediate results for iteration          44

************* Integration by Vegas (iteration  45) **************
*                                                               *
*  integral  =  52.192307       accum. integral =  52.004700    *
*  std. dev. = 0.11951044       accum. std. dev = 0.15492770E-01*
*   max. wt. =   0.803422E-01                                   *
*                                                               *
**************   chi**2/iteration = 0.9104       ****************

 Writing out intermediate results for iteration          45

************* Integration by Vegas (iteration  46) **************
*                                                               *
*  integral  =  51.914725       accum. integral =  52.003166    *
*  std. dev. = 0.11763917       accum. std. dev = 0.15360138E-01*
*   max. wt. =   0.803422E-01                                   *
*                                                               *
**************   chi**2/iteration = 0.9030       ****************

 Writing out intermediate results for iteration          46

************* Integration by Vegas (iteration  47) **************
*                                                               *
*  integral  =  52.006912       accum. integral =  52.003250    *
*  std. dev. = 0.10152503       accum. std. dev = 0.15187303E-01*
*   max. wt. =   0.803422E-01                                   *
*                                                               *
**************   chi**2/iteration = 0.8834       ****************

 Writing out intermediate results for iteration          47

************* Integration by Vegas (iteration  48) **************
*                                                               *
*  integral  =  52.129273       accum. integral =  52.006123    *
*  std. dev. = 0.99425971E-01   accum. std. dev = 0.15013166E-01*
*   max. wt. =   0.803422E-01                                   *
*                                                               *
**************   chi**2/iteration = 0.8980       ****************

 Writing out intermediate results for iteration          48

************* Integration by Vegas (iteration  49) **************
*                                                               *
*  integral  =  52.017936       accum. integral =  52.006379    *
*  std. dev. = 0.10081135       accum. std. dev = 0.14849402E-01*
*   max. wt. =   0.803422E-01                                   *
*                                                               *
**************   chi**2/iteration = 0.8796       ****************

 Writing out intermediate results for iteration          49

************* Integration by Vegas (iteration  50) **************
*                                                               *
*  integral  =  52.053459       accum. integral =  52.007302    *
*  std. dev. = 0.10501700       accum. std. dev = 0.14703143E-01*
*   max. wt. =   0.803422E-01                                   *
*                                                               *
**************   chi**2/iteration = 0.8656       ****************


Value of final lord integral is       52.0073 +/-     0.0147 fb

 Total number of shots       :     23619600
 Total no. failing cuts      :      9145362
 Number failing jet cuts     :            0
 Number failing process cuts :            0

   Jet efficiency : 100.00%
   Cut efficiency : 100.00%
 Total efficiency : 100.00%

 Contribution from parton sub-processes:
 ---------------------------------------
       GG     |          52.00730  100.00%
       GQ     |           0.00000    0.00%
       GQB    |           0.00000    0.00%
       QG     |           0.00000    0.00%
       QBG    |           0.00000    0.00%
       QQ     |           0.00000    0.00%
       QBQB   |           0.00000    0.00%
       QQB    |           0.00000    0.00%
       QBQ    |           0.00000    0.00%
 ---------------------------------------

 ****************************************************
 output files  E_var/E_100/MSTW/HHTOP/ggZZbx_lord_mstw8lo_0___0___132_run_100
 ****************************************************
