 ************** MCFM - version 6.8 ****************
 *                                                *
 * MCFM, v6.8                   April 26th, 2014  *
 *                                                *
 * Authors: John Campbell, Keith Ellis,           *
 *          Ciaran Williams                       *
 *         (johnmc@fnal.gov, ellis@fnal.gov,      *
 *          ciaran@fnal.gov)                      *
 *                                                *
 * For details see:                               *
 *                                                *
 *  arXiv:1403.2641 (Triphoton production)        *
 *  arXiv:1312.1628 (gg->WW, Higgs interference)  *
 *  arXiv:1311.3589 (gg->ZZ, Higgs interference)  *
 *  Phys.Rev.D87:114006, arXiv:1302.3856          *
 *  (tZ, tH -- with R. Rontsch)                   *
 *  arXiv:1211.6390 (DM, P. Fox and C. Williams)  *
 *  JHEP 1211:162 (2012), arXiv:1208.0566         *
 *  (Z+gam+jet,Z+gam+gam -- with H. Hartanto)     *
 *  arXiv:1204.1513 (top production+decay)        *
 *  JHEP 1207:052 (2012), arXiv:1204.5678 (ttW)   *
 *  JHEP 1110:005 (2011), arXiv:1107.5569         *
 *         (gg->WW,Higgs intference)              *
 *  JHEP 1107:018 (2011), arXiv:1105.0020         *
 *         (diboson update)                       *
 *  JHEP 1103:027 (2011), arXiv:1011.6647         *
 *         (Wbb for mb>0, with S. Badger)         *
 *  Phys.Rev.D81:074023, arXiv:1001.4495 (H+2jet) *
 *                                                *
 *  P.R.L. 102:142001, arXiv:0903.0005 [hep-ph]   *
 *    (t-channel single top + explicit b,         *
 *      JC, R.Frederix, F.Maltoni, F.Tramontano)  *
 *  N.P.B 726:109(2005), hep-ph/0506289 (W+t)     *
 *  Phys.Rev.D70:094012, hep-ph/0408158 (Sngl Top)*
 *       (with Francesco Tramontano)              *
 *                                                *
 *  Phys.Rev.D65:113007, hep-ph/0202176 (W,Z+2j)  *
 *  Phys.Rev.D62:114012, hep-ph/0006304 (W,Z+bb)  *
 *  Phys.Rev.D60:113006, hep-ph/9905386 (diboson) *
 *                                                *
 * On the web:  http://mcfm.fnal.gov/             *
 **************************************************

 * Using input file named cluster_CMS_m4l/MSTWm44/HHTOP/input_132_14.DAT                          

 * [Flags to specify the mode in which MCFM is run]                                          
 *                   -1            [nevtrequested] 
 *                    F            [creatent] 
 *                    F            [skipnt] 
 *                    F            [dswhisto] 
 *                    F            [creategrid] 
 *                    T            [writetop] 
 *                    T            [writedat] 
 *                    T            [writegnu] 
 *                    T            [writeroot] 
 *                    F            [writepwg] 

 * [General options to specify the process and execution]                                    
 *                  132            [nproc] 
 *                 lord            [part] 
 * 132_run_14                      [runstring] 
 *           14000.0000            [sqrts] 
 *                    1            [ih1] 
 *                    1            [ih2] 
 *             126.0000            [hmass] 
 *               0.2500            [scale] 
 *               0.2500            [facscale] 
 * m(3456)                         [dynamicscale] 
 *                    F            [zerowidth] 
 *                    F            [removebr] 
 *                   20            [itmx1] 
 *              1000000            [ncall1] 
 *                   50            [itmx2] 
 *              1000000            [ncall2] 
 *                 2020            [ij] 
 *                    F            [dryrun] 
 *                    T            [Qflag] 
 *                    T            [Gflag] 

 * [Heavy quark masses]                                                                      
 *             173.2000            [top mass] 
 *               4.7500            [bottom mass] 
 *               1.5000            [charm mass] 

 * [Pdf selection]                                                                           
 *              mstw8lo            [pdlabel] 
 *                    4            [NGROUP] 
 *                   46            [NSET] 
 * cteq6mE.LHgrid                  [LHAPDF group] 
 *                   -1            [LHAPDF set] 

 * [Jet definition and event cuts]                                                           
 *               0.0000            [m34min] 
 *           14000.0000            [m34max] 
 *               0.0000            [m56min] 
 *           14000.0000            [m56max] 
 *                    T            [inclusive] 
 *                 ankt            [algorithm] 
 *              15.0000            [ptjetmin] 
 *               0.0000            [etajetmin] 
 *               5.0000            [etajetmax] 
 *               0.5000            [Rcut] 
 *                    T            [makecuts] 
 *               0.0000            [leptpt] 
 *              99.0000            [leptrap] 
 *    0.000,   0.000                [leptveto] 
 *               0.0000            [misspt] 
 *               0.0000            [leptpt2] 
 *              99.0000            [leptrap2] 
 *    0.000,   0.000                [leptveto2] 
 *               0.0000            [mtrans34cut] 
 *               0.0000            [Rjlmin] 
 *               0.0000            [Rllmin] 
 *               0.0000            [delyjjmin] 
 *                    F            [jetsopphem] 
 *                    0            [lbjscheme] 
 *               0.0000            [ptbjetmin] 
 *              99.0000            [etabjetmax] 

 * [Settings for photon processes]                                                           
 *                    F            [frag] 
 *             GdRG__LO            [fragset] 
 *              80.0000            [frag_scale] 
 *              20.0000            [gammpt] 
 *               2.5000            [gammrap] 
 *              20.0000            [gammpt2] 
 *              20.0000            [gammpt3] 
 *               0.0000            [Rgalmin] 
 *               0.4000            [Rgagamin] 
 *               0.4000            [Rgajetmin] 
 *               0.4000            [cone_ang] 
 *               0.5000            [epsilon_h] 

 * [Anomalous couplings of the W and Z]                                                      
 *               0.0000            [delg1_z] 
 *               0.0000            [delk_z] 
 *               0.0000            [delk_g] 
 *               0.0000            [lambda_z] 
 *               0.0000            [lambda_g] 
 *               0.0000            [h1Z] 
 *               0.0000            [h1gam] 
 *               0.0000            [h2Z] 
 *               0.0000            [h2gam] 
 *               0.0000            [h3Z] 
 *               0.0000            [h3gam] 
 *               0.0000            [h4Z] 
 *               0.0000            [h4gam] 
 *               2.0000            [tevscale] 

 * [Anomalous width of the Higgs]                                                            
 *               1.0000            [Gamma_H/Gamma_H(SM)] 

 * [How to resume/save a run]                                                                
 *                    F            [readin] 
 *                    F            [writeout] 
 *                                 [ingridfile] 
 *                                 [outgridfile] 

 * [Technical parameters that should not normally be changed]

 *                    F            [debug] 
 *                    T            [verbose] 
 *                    F            [new_pspace] 
 *                    F            [virtonly] 
 *                    F            [realonly] 
 *                    T            [spira] 
 *                    F            [noglue] 
 *                    F            [ggonly] 
 *                    F            [gqonly] 
 *                    F            [omitgg] 
 *                    F            [vanillafiles] 
 *                    1            [nmin] 
 *                    2            [nmax] 
 *                    T            [clustering] 
 *                    F            [realwt] 
 *                    0            [colourchoice] 
 *               0.0100            [rtsmin] 
 *               0.0001            [cutoff] 
 *               0.1000            [aii] 
 *               0.1000            [aif] 
 *               0.1000            [afi] 
 *               1.0000            [aff] 
 *               1.0000            [bfi] 
 *               1.0000            [bff] 

 Chooser:process chosen by nproc=         132

 *************************** f(p1)+f(p2) --> ******************************************
 * Z^0(e^-(p3)+e^+(p4)) + Z^0(mu^-(p5)+mu^+(p6) [(gg->ZZ) squared]                    *
 **************************************************************************************

 ************** Electroweak parameters **************
 *                                                  *
 *  zmass(+)   91.1876000     wmass(+)  80.3980000  *
 * zwidth(+)    2.4952000    wwidth(+)   2.1054000  *
 *     Gf(+) 0.116639D-04   1/aemmz    132.3384323  *
 *     xw       0.2226459      mtop(+) 173.2000000  *
 *   gwsq       0.4264904       esq      0.0949563  *
 * top width    1.4743080 (LO)                      *
 *    mb        4.7500000        mc      1.5000000  *
 *                                                  *
 * Parameters marked (+) are input, others derived  *
 ****************************************************

 ****************** Higgs parameters ****************
 *                                                  *
 *   mass(H) =  126.00      width(H) =  0.43070E-02 *
 *                                                  *
 *              Br( H -> b bbar)  =   0.48164       *
 *              Br( H -> tau tau) =   0.06056       *
 *              Br( H -> W W)     =   0.00000       *
 *              Br( H -> Z Z)     =   0.00000       *
 *              Br( H -> gam gam) =   0.00235       *
 *              Br( H -> Z gam)   =   0.00164       *
 ****************************************************
 *                                                  *
 * Note: branching ratios reported here can be > 1  *
 *       since the total Higgs width is calculated  *
 *       at NLO but the BR calculation uses a       *
 *       partial width at LO only.                  *
 *                                                  *
 ****************************************************

 WARNING: Higgs decay H->ZZ is below threshold and
 may not yield sensible results - check the number
 of integration points

 ***************** CKM mixing matrix ****************
 *                                                  *
 *      Vud=.97500    Vus=.22200    Vub=0.0000      *
 *      Vcd=.22200    Vcs=.97500    Vcb=0.0000      *
 ****************************************************

 ************* Strong coupling, alpha_s  ************
 *                                                  *
 *  Dynamic scale - alpha_s changed event-by-event  *
 *       alpha_s (zmass)  0.13939000                *
 *         (using 1-loop running of alpha_s)        *
 ****************************************************

 ****************************************
 *     Cross section in femtobarns      *
 ****************************************


 input parameters for vegas:  ndim= 10  ncall= 944784.
                              it=    0  itmx=   20
                              nprn=  0  alph= 1.50
                              mds=  1   nd= 100
                              xl( 1)=   0.000     xu( 1)=   1.000    
                              xl( 2)=   0.000     xu( 2)=   1.000    
                              xl( 3)=   0.000     xu( 3)=   1.000    
                              xl( 4)=   0.000     xu( 4)=   1.000    
                              xl( 5)=   0.000     xu( 5)=   1.000    
                              xl( 6)=   0.000     xu( 6)=   1.000    
                              xl( 7)=   0.000     xu( 7)=   1.000    
                              xl( 8)=   0.000     xu( 8)=   1.000    
                              xl( 9)=   0.000     xu( 9)=   1.000    
                              xl(10)=   0.000     xu(10)=   1.000    

 ****************** Basic mass cuts *****************
 *                                                  *
 *              0.00  <   m34  <  14000.00           *
 *              0.00  <   m56  <  14000.00           *
 ****************************************************
 *********** CMS Higgs Search cuts******
 *                                     *
 *     pt(mu) >           5.00 GeV     *
 *     pt(el) >           7.00 GeV     *
 *     |eta_mu| <         2.40         *
 *     |eta_el| <         2.50         *
 *     m4lmin >         100.00 GeV     *
 *     m2lmin >           4.00 GeV     *
 *     ptleading >       20.00 GeV     *
 *     ptnexttoleading > 10.00 GeV     *
 *     mllnear >         40.00 GeV     *
 *     mllfar >          12.00 GeV     *
 *     mllmax >         120.00 GeV     *
 ***************************************

 ************** Dynamic scale choice ****************
 *                                                  *
 *                 RENORMALIZATION                  *
 *       mu_ren  =  0.25 x m(3456)                  *
 *                                                  *
 *                  FACTORIZATION                   *
 *       mu_fac  =  0.25 x m(3456)                  *
 *                                                  *
 ****************************************************
 ****************************************************
 *                                                  *
 *  gg->ZZ box loop includes gens. 1 and 2          *
 *  gg->ZZ box loop includes bottom quark           *
 *  gg->ZZ box loop includes top quark              *
 *                                                  *
 *  Numer. stability: pt(Z) > 0.100 GeV (gens. 1,2) *
 *  Numer. stability: pt(Z) > 0.100 GeV (b,t loops) *
 *                                                  *
 ****************************************************
 ====================================================
   This is QCDLoop - version 1.95                    
   Authors: Keith Ellis and Giulia Zanderighi        
   (ellis@fnal.gov, g.zanderighi1@physics.ox.ac.uk)  
   For details see FERMILAB-PUB-07-633-T,OUTP-07/16P 
   arXiv:0712.1851 [hep-ph], published in            
   JHEP 0802:002,2008.                               
 ====================================================
 ====================================================
   FF 2.0, a package to evaluate one-loop integrals
 written by G. J. van Oldenborgh, NIKHEF-H, Amsterdam
 ====================================================
 for the algorithms used see preprint NIKHEF-H 89/17,
 'New Algorithms for One-loop Integrals', by G.J. van
 Oldenborgh and J.A.M. Vermaseren, published in 
 Zeitschrift fuer Physik C46(1990)425.
 ====================================================
 ffini: precx =    4.4408920985006262E-016
 ffini: precc =    4.4408920985006262E-016
 ffini: xalogm =    4.9406564584124654E-324
 ffini: xclogm =    4.9406564584124654E-324
 Reading PDF grid from Pdfdata/mstw2008lo.00.dat

************* Integration by Vegas (iteration   1) **************
*                                                               *
*  integral  =  3.6903931       accum. integral =  3.6903931    *
*  std. dev. = 0.35870878       accum. std. dev = 0.35870878    *
*   max. wt. =   0.311309                                       *
*                                                               *
**************   chi**2/iteration =  0.000       ****************


************* Integration by Vegas (iteration   2) **************
*                                                               *
*  integral  =  3.2137752       accum. integral =  3.2163949    *
*  std. dev. = 0.26667367E-01   accum. std. dev = 0.26593978E-01*
*   max. wt. =   0.311309                                       *
*                                                               *
**************   chi**2/iteration =  1.738       ****************


************* Integration by Vegas (iteration   3) **************
*                                                               *
*  integral  =  3.2354543       accum. integral =  3.2344012    *
*  std. dev. = 0.64314038E-02   accum. std. dev = 0.62512002E-02*
*   max. wt. =   0.311309                                       *
*                                                               *
**************   chi**2/iteration =  1.115       ****************


************* Integration by Vegas (iteration   4) **************
*                                                               *
*  integral  =  3.2338405       accum. integral =  3.2340509    *
*  std. dev. = 0.48454336E-02   accum. std. dev = 0.38296802E-02*
*   max. wt. =   0.311309                                       *
*                                                               *
**************   chi**2/iteration = 0.7462       ****************


************* Integration by Vegas (iteration   5) **************
*                                                               *
*  integral  =  3.2357161       accum. integral =  3.2347778    *
*  std. dev. = 0.43511721E-02   accum. std. dev = 0.28747801E-02*
*   max. wt. =   0.311309                                       *
*                                                               *
**************   chi**2/iteration = 0.5807       ****************


************* Integration by Vegas (iteration   6) **************
*                                                               *
*  integral  =  3.2441478       accum. integral =  3.2378668    *
*  std. dev. = 0.40993263E-02   accum. std. dev = 0.23536942E-02*
*   max. wt. =   0.311309                                       *
*                                                               *
**************   chi**2/iteration =  1.164       ****************


************* Integration by Vegas (iteration   7) **************
*                                                               *
*  integral  =  3.2347634       accum. integral =  3.2370662    *
*  std. dev. = 0.39917473E-02   accum. std. dev = 0.20274837E-02*
*   max. wt. =   0.311309                                       *
*                                                               *
**************   chi**2/iteration =  1.045       ****************


************* Integration by Vegas (iteration   8) **************
*                                                               *
*  integral  =  3.2406236       accum. integral =  3.2377543    *
*  std. dev. = 0.41402215E-02   accum. std. dev = 0.18208735E-02*
*   max. wt. =   0.311309                                       *
*                                                               *
**************   chi**2/iteration = 0.9807       ****************


************* Integration by Vegas (iteration   9) **************
*                                                               *
*  integral  =  3.2394645       accum. integral =  3.2380501    *
*  std. dev. = 0.39815364E-02   accum. std. dev = 0.16559212E-02*
*   max. wt. =   0.311309                                       *
*                                                               *
**************   chi**2/iteration = 0.8773       ****************


************* Integration by Vegas (iteration  10) **************
*                                                               *
*  integral  =  3.2326115       accum. integral =  3.2372798    *
*  std. dev. = 0.40765490E-02   accum. std. dev = 0.15341788E-02*
*   max. wt. =   0.311309                                       *
*                                                               *
**************   chi**2/iteration = 0.9495       ****************


************* Integration by Vegas (iteration  11) **************
*                                                               *
*  integral  =  3.2379671       accum. integral =  3.2373735    *
*  std. dev. = 0.38621017E-02   accum. std. dev = 0.14258025E-02*
*   max. wt. =   0.311309                                       *
*                                                               *
**************   chi**2/iteration = 0.8574       ****************


************* Integration by Vegas (iteration  12) **************
*                                                               *
*  integral  =  3.2325364       accum. integral =  3.2367921    *
*  std. dev. = 0.38576379E-02   accum. std. dev = 0.13373776E-02*
*   max. wt. =   0.311309                                       *
*                                                               *
**************   chi**2/iteration = 0.9052       ****************


************* Integration by Vegas (iteration  13) **************
*                                                               *
*  integral  =  3.2291157       accum. integral =  3.2359923    *
*  std. dev. = 0.39213677E-02   accum. std. dev = 0.12657875E-02*
*   max. wt. =   0.311309                                       *
*                                                               *
**************   chi**2/iteration =  1.116       ****************


************* Integration by Vegas (iteration  14) **************
*                                                               *
*  integral  =  3.2313693       accum. integral =  3.2355566    *
*  std. dev. = 0.39240711E-02   accum. std. dev = 0.12046646E-02*
*   max. wt. =   0.311309                                       *
*                                                               *
**************   chi**2/iteration =  1.127       ****************


************* Integration by Vegas (iteration  15) **************
*                                                               *
*  integral  =  3.2391912       accum. integral =  3.2358759    *
*  std. dev. = 0.38817192E-02   accum. std. dev = 0.11505326E-02*
*   max. wt. =   0.311309                                       *
*                                                               *
**************   chi**2/iteration =  1.103       ****************


************* Integration by Vegas (iteration  16) **************
*                                                               *
*  integral  =  3.2329237       accum. integral =  3.2356363    *
*  std. dev. = 0.38712062E-02   accum. std. dev = 0.11028558E-02*
*   max. wt. =   0.311309                                       *
*                                                               *
**************   chi**2/iteration =  1.065       ****************


************* Integration by Vegas (iteration  17) **************
*                                                               *
*  integral  =  3.2267154       accum. integral =  3.2349868    *
*  std. dev. = 0.39356948E-02   accum. std. dev = 0.10619501E-02*
*   max. wt. =   0.311309                                       *
*                                                               *
**************   chi**2/iteration =  1.296       ****************


************* Integration by Vegas (iteration  18) **************
*                                                               *
*  integral  =  3.2387674       accum. integral =  3.2352440    *
*  std. dev. = 0.39308058E-02   accum. std. dev = 0.10251960E-02*
*   max. wt. =   0.311309                                       *
*                                                               *
**************   chi**2/iteration =  1.271       ****************


************* Integration by Vegas (iteration  19) **************
*                                                               *
*  integral  =  3.2325626       accum. integral =  3.2350820    *
*  std. dev. = 0.40439070E-02   accum. std. dev = 0.99375859E-03*
*   max. wt. =   0.311309                                       *
*                                                               *
**************   chi**2/iteration =  1.223       ****************


************* Integration by Vegas (iteration  20) **************
*                                                               *
*  integral  =  3.2381094       accum. integral =  3.2351866    *
*  std. dev. = 0.52540036E-02   accum. std. dev = 0.97644584E-03*
*   max. wt. =   0.311309                                       *
*                                                               *
**************   chi**2/iteration =  1.176       ****************


 input parameters for vegas:  ndim= 10  ncall= 944784.
                              it=   21  itmx=   50
                              nprn=  0  alph= 1.50
                              mds=  1   nd= 100
                              xl( 1)=   0.000     xu( 1)=   1.000    
                              xl( 2)=   0.000     xu( 2)=   1.000    
                              xl( 3)=   0.000     xu( 3)=   1.000    
                              xl( 4)=   0.000     xu( 4)=   1.000    
                              xl( 5)=   0.000     xu( 5)=   1.000    
                              xl( 6)=   0.000     xu( 6)=   1.000    
                              xl( 7)=   0.000     xu( 7)=   1.000    
                              xl( 8)=   0.000     xu( 8)=   1.000    
                              xl( 9)=   0.000     xu( 9)=   1.000    
                              xl(10)=   0.000     xu(10)=   1.000    

************* Integration by Vegas (iteration   1) **************
*                                                               *
*  integral  =  3.2356610       accum. integral =  3.2356610    *
*  std. dev. = 0.49023279E-02   accum. std. dev = 0.49023279E-02*
*   max. wt. =   0.372663E-03                                   *
*                                                               *
**************   chi**2/iteration =  0.000       ****************

 Writing out intermediate results for iteration           1

************* Integration by Vegas (iteration   2) **************
*                                                               *
*  integral  =  3.2408039       accum. integral =  3.2386536    *
*  std. dev. = 0.41556631E-02   accum. std. dev = 0.31699710E-02*
*   max. wt. =   0.499361E-03                                   *
*                                                               *
**************   chi**2/iteration = 0.6340       ****************

 Writing out intermediate results for iteration           2

************* Integration by Vegas (iteration   3) **************
*                                                               *
*  integral  =  3.2387919       accum. integral =  3.2387057    *
*  std. dev. = 0.40721170E-02   accum. std. dev = 0.25013991E-02*
*   max. wt. =   0.840425E-03                                   *
*                                                               *
**************   chi**2/iteration = 0.3190       ****************

 Writing out intermediate results for iteration           3

************* Integration by Vegas (iteration   4) **************
*                                                               *
*  integral  =  3.2374663       accum. integral =  3.2383658    *
*  std. dev. = 0.40689066E-02   accum. std. dev = 0.21309317E-02*
*   max. wt. =   0.840425E-03                                   *
*                                                               *
**************   chi**2/iteration = 0.2354       ****************

 Writing out intermediate results for iteration           4

************* Integration by Vegas (iteration   5) **************
*                                                               *
*  integral  =  3.2335772       accum. integral =  3.2373028    *
*  std. dev. = 0.39893169E-02   accum. std. dev = 0.18795886E-02*
*   max. wt. =   0.840425E-03                                   *
*                                                               *
**************   chi**2/iteration = 0.4562       ****************

 Writing out intermediate results for iteration           5

************* Integration by Vegas (iteration   6) **************
*                                                               *
*  integral  =  3.2310578       accum. integral =  3.2362012    *
*  std. dev. = 0.40613411E-02   accum. std. dev = 0.17057705E-02*
*   max. wt. =   0.840425E-03                                   *
*                                                               *
**************   chi**2/iteration = 0.7538       ****************

 Writing out intermediate results for iteration           6

************* Integration by Vegas (iteration   7) **************
*                                                               *
*  integral  =  3.2370780       accum. integral =  3.2363225    *
*  std. dev. = 0.42557895E-02   accum. std. dev = 0.15833245E-02*
*   max. wt. =   0.840425E-03                                   *
*                                                               *
**************   chi**2/iteration = 0.6345       ****************

 Writing out intermediate results for iteration           7

************* Integration by Vegas (iteration   8) **************
*                                                               *
*  integral  =  3.2352180       accum. integral =  3.2361803    *
*  std. dev. = 0.41191847E-02   accum. std. dev = 0.14779064E-02*
*   max. wt. =   0.840425E-03                                   *
*                                                               *
**************   chi**2/iteration = 0.5529       ****************

 Writing out intermediate results for iteration           8

************* Integration by Vegas (iteration   9) **************
*                                                               *
*  integral  =  3.2317608       accum. integral =  3.2356535    *
*  std. dev. = 0.40172717E-02   accum. std. dev = 0.13870230E-02*
*   max. wt. =   0.840425E-03                                   *
*                                                               *
**************   chi**2/iteration = 0.6170       ****************

 Writing out intermediate results for iteration           9

************* Integration by Vegas (iteration  10) **************
*                                                               *
*  integral  =  3.2301451       accum. integral =  3.2351203    *
*  std. dev. = 0.42366817E-02   accum. std. dev = 0.13181792E-02*
*   max. wt. =   0.149989E-02                                   *
*                                                               *
**************   chi**2/iteration = 0.7180       ****************

 Writing out intermediate results for iteration          10

************* Integration by Vegas (iteration  11) **************
*                                                               *
*  integral  =  3.2332331       accum. integral =  3.2349479    *
*  std. dev. = 0.41572819E-02   accum. std. dev = 0.12565273E-02*
*   max. wt. =   0.149989E-02                                   *
*                                                               *
**************   chi**2/iteration = 0.6649       ****************

 Writing out intermediate results for iteration          11

************* Integration by Vegas (iteration  12) **************
*                                                               *
*  integral  =  3.2420038       accum. integral =  3.2355837    *
*  std. dev. = 0.39926277E-02   accum. std. dev = 0.11985730E-02*
*   max. wt. =   0.149989E-02                                   *
*                                                               *
**************   chi**2/iteration = 0.8626       ****************

 Writing out intermediate results for iteration          12

************* Integration by Vegas (iteration  13) **************
*                                                               *
*  integral  =  3.2317520       accum. integral =  3.2352896    *
*  std. dev. = 0.41568790E-02   accum. std. dev = 0.11516561E-02*
*   max. wt. =   0.149989E-02                                   *
*                                                               *
**************   chi**2/iteration = 0.8561       ****************

 Writing out intermediate results for iteration          13

************* Integration by Vegas (iteration  14) **************
*                                                               *
*  integral  =  3.2377549       accum. integral =  3.2354640    *
*  std. dev. = 0.41744606E-02   accum. std. dev = 0.11101824E-02*
*   max. wt. =   0.149989E-02                                   *
*                                                               *
**************   chi**2/iteration = 0.8152       ****************

 Writing out intermediate results for iteration          14

************* Integration by Vegas (iteration  15) **************
*                                                               *
*  integral  =  3.2455235       accum. integral =  3.2361296    *
*  std. dev. = 0.41706408E-02   accum. std. dev = 0.10728243E-02*
*   max. wt. =   0.149989E-02                                   *
*                                                               *
**************   chi**2/iteration =  1.145       ****************

 Writing out intermediate results for iteration          15

************* Integration by Vegas (iteration  16) **************
*                                                               *
*  integral  =  3.2353085       accum. integral =  3.2360769    *
*  std. dev. = 0.40958097E-02   accum. std. dev = 0.10378135E-02*
*   max. wt. =   0.149989E-02                                   *
*                                                               *
**************   chi**2/iteration =  1.071       ****************

 Writing out intermediate results for iteration          16

************* Integration by Vegas (iteration  17) **************
*                                                               *
*  integral  =  3.2341759       accum. integral =  3.2359613    *
*  std. dev. = 0.40782318E-02   accum. std. dev = 0.10057587E-02*
*   max. wt. =   0.149989E-02                                   *
*                                                               *
**************   chi**2/iteration =  1.017       ****************

 Writing out intermediate results for iteration          17

************* Integration by Vegas (iteration  18) **************
*                                                               *
*  integral  =  3.2288534       accum. integral =  3.2355330    *
*  std. dev. = 0.39718193E-02   accum. std. dev = 0.97498524E-03*
*   max. wt. =   0.149989E-02                                   *
*                                                               *
**************   chi**2/iteration =  1.134       ****************

 Writing out intermediate results for iteration          18

************* Integration by Vegas (iteration  19) **************
*                                                               *
*  integral  =  3.2318904       accum. integral =  3.2353399    *
*  std. dev. = 0.41209070E-02   accum. std. dev = 0.94879151E-03*
*   max. wt. =   0.149989E-02                                   *
*                                                               *
**************   chi**2/iteration =  1.112       ****************

 Writing out intermediate results for iteration          19

************* Integration by Vegas (iteration  20) **************
*                                                               *
*  integral  =  3.2340540       accum. integral =  3.2352783    *
*  std. dev. = 0.42298485E-02   accum. std. dev = 0.92578713E-03*
*   max. wt. =   0.149989E-02                                   *
*                                                               *
**************   chi**2/iteration =  1.058       ****************

 Writing out intermediate results for iteration          20

************* Integration by Vegas (iteration  21) **************
*                                                               *
*  integral  =  3.2295140       accum. integral =  3.2349999    *
*  std. dev. = 0.41099452E-02   accum. std. dev = 0.90315754E-03*
*   max. wt. =   0.149989E-02                                   *
*                                                               *
**************   chi**2/iteration =  1.099       ****************

 Writing out intermediate results for iteration          21

************* Integration by Vegas (iteration  22) **************
*                                                               *
*  integral  =  3.2341418       accum. integral =  3.2349586    *
*  std. dev. = 0.40145253E-02   accum. std. dev = 0.88113451E-03*
*   max. wt. =   0.149989E-02                                   *
*                                                               *
**************   chi**2/iteration =  1.049       ****************

 Writing out intermediate results for iteration          22

************* Integration by Vegas (iteration  23) **************
*                                                               *
*  integral  =  3.2358324       accum. integral =  3.2349998    *
*  std. dev. = 0.39603597E-02   accum. std. dev = 0.86010357E-03*
*   max. wt. =   0.149989E-02                                   *
*                                                               *
**************   chi**2/iteration =  1.003       ****************

 Writing out intermediate results for iteration          23

************* Integration by Vegas (iteration  24) **************
*                                                               *
*  integral  =  3.2394565       accum. integral =  3.2351871    *
*  std. dev. = 0.41058303E-02   accum. std. dev = 0.84183073E-03*
*   max. wt. =   0.149989E-02                                   *
*                                                               *
**************   chi**2/iteration =  1.009       ****************

 Writing out intermediate results for iteration          24

************* Integration by Vegas (iteration  25) **************
*                                                               *
*  integral  =  3.2344629       accum. integral =  3.2351657    *
*  std. dev. = 0.48163561E-02   accum. std. dev = 0.82925905E-03*
*   max. wt. =   0.242404E-02                                   *
*                                                               *
**************   chi**2/iteration = 0.9675       ****************

 Writing out intermediate results for iteration          25

************* Integration by Vegas (iteration  26) **************
*                                                               *
*  integral  =  3.2271290       accum. integral =  3.2349256    *
*  std. dev. = 0.47259645E-02   accum. std. dev = 0.81678034E-03*
*   max. wt. =   0.242404E-02                                   *
*                                                               *
**************   chi**2/iteration =  1.041       ****************

 Writing out intermediate results for iteration          26

************* Integration by Vegas (iteration  27) **************
*                                                               *
*  integral  =  3.2270196       accum. integral =  3.2346431    *
*  std. dev. = 0.42430850E-02   accum. std. dev = 0.80205541E-03*
*   max. wt. =   0.242404E-02                                   *
*                                                               *
**************   chi**2/iteration =  1.130       ****************

 Writing out intermediate results for iteration          27

************* Integration by Vegas (iteration  28) **************
*                                                               *
*  integral  =  3.2371533       accum. integral =  3.2347328    *
*  std. dev. = 0.41679585E-02   accum. std. dev = 0.78760519E-03*
*   max. wt. =   0.242404E-02                                   *
*                                                               *
**************   chi**2/iteration =  1.101       ****************

 Writing out intermediate results for iteration          28

************* Integration by Vegas (iteration  29) **************
*                                                               *
*  integral  =  3.2437029       accum. integral =  3.2349259    *
*  std. dev. = 0.53093091E-02   accum. std. dev = 0.77907962E-03*
*   max. wt. =   0.249639E-02                                   *
*                                                               *
**************   chi**2/iteration =  1.161       ****************

 Writing out intermediate results for iteration          29

************* Integration by Vegas (iteration  30) **************
*                                                               *
*  integral  =  3.2266323       accum. integral =  3.2347280    *
*  std. dev. = 0.49827320E-02   accum. std. dev = 0.76972760E-03*
*   max. wt. =   0.249639E-02                                   *
*                                                               *
**************   chi**2/iteration =  1.214       ****************

 Writing out intermediate results for iteration          30

************* Integration by Vegas (iteration  31) **************
*                                                               *
*  integral  =  3.2325737       accum. integral =  3.2346641    *
*  std. dev. = 0.44018500E-02   accum. std. dev = 0.75822257E-03*
*   max. wt. =   0.249639E-02                                   *
*                                                               *
**************   chi**2/iteration =  1.182       ****************

 Writing out intermediate results for iteration          31

************* Integration by Vegas (iteration  32) **************
*                                                               *
*  integral  =  3.2370943       accum. integral =  3.2347406    *
*  std. dev. = 0.42059710E-02   accum. std. dev = 0.74619448E-03*
*   max. wt. =   0.249639E-02                                   *
*                                                               *
**************   chi**2/iteration =  1.154       ****************

 Writing out intermediate results for iteration          32

************* Integration by Vegas (iteration  33) **************
*                                                               *
*  integral  =  3.2396789       accum. integral =  3.2349052    *
*  std. dev. = 0.40178150E-02   accum. std. dev = 0.73364906E-03*
*   max. wt. =   0.249639E-02                                   *
*                                                               *
**************   chi**2/iteration =  1.164       ****************

 Writing out intermediate results for iteration          33

************* Integration by Vegas (iteration  34) **************
*                                                               *
*  integral  =  3.2309407       accum. integral =  3.2348048    *
*  std. dev. = 0.45497940E-02   accum. std. dev = 0.72429324E-03*
*   max. wt. =   0.249639E-02                                   *
*                                                               *
**************   chi**2/iteration =  1.151       ****************

 Writing out intermediate results for iteration          34

************* Integration by Vegas (iteration  35) **************
*                                                               *
*  integral  =  3.2291524       accum. integral =  3.2346546    *
*  std. dev. = 0.43848359E-02   accum. std. dev = 0.71460983E-03*
*   max. wt. =   0.249639E-02                                   *
*                                                               *
**************   chi**2/iteration =  1.165       ****************

 Writing out intermediate results for iteration          35

************* Integration by Vegas (iteration  36) **************
*                                                               *
*  integral  =  3.2319948       accum. integral =  3.2345753    *
*  std. dev. = 0.40767632E-02   accum. std. dev = 0.70387794E-03*
*   max. wt. =   0.249639E-02                                   *
*                                                               *
**************   chi**2/iteration =  1.143       ****************

 Writing out intermediate results for iteration          36

************* Integration by Vegas (iteration  37) **************
*                                                               *
*  integral  =  3.2419606       accum. integral =  3.2347954    *
*  std. dev. = 0.40167862E-02   accum. std. dev = 0.69331364E-03*
*   max. wt. =   0.249639E-02                                   *
*                                                               *
**************   chi**2/iteration =  1.202       ****************

 Writing out intermediate results for iteration          37

************* Integration by Vegas (iteration  38) **************
*                                                               *
*  integral  =  3.2460560       accum. integral =  3.2349534    *
*  std. dev. = 0.58115521E-02   accum. std. dev = 0.68843196E-03*
*   max. wt. =   0.323539E-02                                   *
*                                                               *
**************   chi**2/iteration =  1.270       ****************

 Writing out intermediate results for iteration          38

************* Integration by Vegas (iteration  39) **************
*                                                               *
*  integral  =  3.2315818       accum. integral =  3.2348958    *
*  std. dev. = 0.52249031E-02   accum. std. dev = 0.68253285E-03*
*   max. wt. =   0.323539E-02                                   *
*                                                               *
**************   chi**2/iteration =  1.247       ****************

 Writing out intermediate results for iteration          39

************* Integration by Vegas (iteration  40) **************
*                                                               *
*  integral  =  3.2294964       accum. integral =  3.2347587    *
*  std. dev. = 0.42272320E-02   accum. std. dev = 0.67380641E-03*
*   max. wt. =   0.323539E-02                                   *
*                                                               *
**************   chi**2/iteration =  1.256       ****************

 Writing out intermediate results for iteration          40

************* Integration by Vegas (iteration  41) **************
*                                                               *
*  integral  =  3.2348744       accum. integral =  3.2347604    *
*  std. dev. = 0.54073565E-02   accum. std. dev = 0.66863531E-03*
*   max. wt. =   0.323539E-02                                   *
*                                                               *
**************   chi**2/iteration =  1.225       ****************

 Writing out intermediate results for iteration          41

************* Integration by Vegas (iteration  42) **************
*                                                               *
*  integral  =  3.2363286       accum. integral =  3.2347859    *
*  std. dev. = 0.52060513E-02   accum. std. dev = 0.66318792E-03*
*   max. wt. =   0.323539E-02                                   *
*                                                               *
**************   chi**2/iteration =  1.197       ****************

 Writing out intermediate results for iteration          42

************* Integration by Vegas (iteration  43) **************
*                                                               *
*  integral  =  3.2401881       accum. integral =  3.2349163    *
*  std. dev. = 0.42160861E-02   accum. std. dev = 0.65513244E-03*
*   max. wt. =   0.323539E-02                                   *
*                                                               *
**************   chi**2/iteration =  1.207       ****************

 Writing out intermediate results for iteration          43

************* Integration by Vegas (iteration  44) **************
*                                                               *
*  integral  =  3.2313966       accum. integral =  3.2348329    *
*  std. dev. = 0.42048267E-02   accum. std. dev = 0.64732262E-03*
*   max. wt. =   0.323539E-02                                   *
*                                                               *
**************   chi**2/iteration =  1.194       ****************

 Writing out intermediate results for iteration          44

************* Integration by Vegas (iteration  45) **************
*                                                               *
*  integral  =  3.2356518       accum. integral =  3.2348534    *
*  std. dev. = 0.40366646E-02   accum. std. dev = 0.63915665E-03*
*   max. wt. =   0.323539E-02                                   *
*                                                               *
**************   chi**2/iteration =  1.168       ****************

 Writing out intermediate results for iteration          45

************* Integration by Vegas (iteration  46) **************
*                                                               *
*  integral  =  3.2365946       accum. integral =  3.2348963    *
*  std. dev. = 0.40252548E-02   accum. std. dev = 0.63124829E-03*
*   max. wt. =   0.323539E-02                                   *
*                                                               *
**************   chi**2/iteration =  1.146       ****************

 Writing out intermediate results for iteration          46

************* Integration by Vegas (iteration  47) **************
*                                                               *
*  integral  =  3.2364427       accum. integral =  3.2349332    *
*  std. dev. = 0.40338228E-02   accum. std. dev = 0.62365817E-03*
*   max. wt. =   0.323539E-02                                   *
*                                                               *
**************   chi**2/iteration =  1.125       ****************

 Writing out intermediate results for iteration          47

************* Integration by Vegas (iteration  48) **************
*                                                               *
*  integral  =  3.2324807       accum. integral =  3.2348776    *
*  std. dev. = 0.40954910E-02   accum. std. dev = 0.61655056E-03*
*   max. wt. =   0.323539E-02                                   *
*                                                               *
**************   chi**2/iteration =  1.108       ****************

 Writing out intermediate results for iteration          48

************* Integration by Vegas (iteration  49) **************
*                                                               *
*  integral  =  3.2272860       accum. integral =  3.2347018    *
*  std. dev. = 0.40043641E-02   accum. std. dev = 0.60936981E-03*
*   max. wt. =   0.323539E-02                                   *
*                                                               *
**************   chi**2/iteration =  1.158       ****************

 Writing out intermediate results for iteration          49

************* Integration by Vegas (iteration  50) **************
*                                                               *
*  integral  =  3.2468955       accum. integral =  3.2349159    *
*  std. dev. = 0.45584453E-02   accum. std. dev = 0.60399694E-03*
*   max. wt. =   0.323539E-02                                   *
*                                                               *
**************   chi**2/iteration =  1.278       ****************


Value of final lord integral is        3.2349 +/-     0.0006 fb

 Total number of shots       :     47239200
 Total no. failing cuts      :     16871073
 Number failing jet cuts     :            0
 Number failing process cuts :            0

   Jet efficiency : 100.00%
   Cut efficiency : 100.00%
 Total efficiency : 100.00%

 Contribution from parton sub-processes:
 ---------------------------------------
       GG     |           3.23492  100.00%
       GQ     |           0.00000    0.00%
       GQB    |           0.00000    0.00%
       QG     |           0.00000    0.00%
       QBG    |           0.00000    0.00%
       QQ     |           0.00000    0.00%
       QBQB   |           0.00000    0.00%
       QQB    |           0.00000    0.00%
       QBQ    |           0.00000    0.00%
 ---------------------------------------

 ****************************************************
 output files  cluster_CMS_m4l/MSTWm44/HHTOP/ggZZbx_lord_mstw8lo_0___0___132_run_14
 ****************************************************
