 ************** MCFM - version 6.8 ****************
 *                                                *
 * MCFM, v6.8                   April 26th, 2014  *
 *                                                *
 * Authors: John Campbell, Keith Ellis,           *
 *          Ciaran Williams                       *
 *         (johnmc@fnal.gov, ellis@fnal.gov,      *
 *          ciaran@fnal.gov)                      *
 *                                                *
 * For details see:                               *
 *                                                *
 *  arXiv:1403.2641 (Triphoton production)        *
 *  arXiv:1312.1628 (gg->WW, Higgs interference)  *
 *  arXiv:1311.3589 (gg->ZZ, Higgs interference)  *
 *  Phys.Rev.D87:114006, arXiv:1302.3856          *
 *  (tZ, tH -- with R. Rontsch)                   *
 *  arXiv:1211.6390 (DM, P. Fox and C. Williams)  *
 *  JHEP 1211:162 (2012), arXiv:1208.0566         *
 *  (Z+gam+jet,Z+gam+gam -- with H. Hartanto)     *
 *  arXiv:1204.1513 (top production+decay)        *
 *  JHEP 1207:052 (2012), arXiv:1204.5678 (ttW)   *
 *  JHEP 1110:005 (2011), arXiv:1107.5569         *
 *         (gg->WW,Higgs intference)              *
 *  JHEP 1107:018 (2011), arXiv:1105.0020         *
 *         (diboson update)                       *
 *  JHEP 1103:027 (2011), arXiv:1011.6647         *
 *         (Wbb for mb>0, with S. Badger)         *
 *  Phys.Rev.D81:074023, arXiv:1001.4495 (H+2jet) *
 *                                                *
 *  P.R.L. 102:142001, arXiv:0903.0005 [hep-ph]   *
 *    (t-channel single top + explicit b,         *
 *      JC, R.Frederix, F.Maltoni, F.Tramontano)  *
 *  N.P.B 726:109(2005), hep-ph/0506289 (W+t)     *
 *  Phys.Rev.D70:094012, hep-ph/0408158 (Sngl Top)*
 *       (with Francesco Tramontano)              *
 *                                                *
 *  Phys.Rev.D65:113007, hep-ph/0202176 (W,Z+2j)  *
 *  Phys.Rev.D62:114012, hep-ph/0006304 (W,Z+bb)  *
 *  Phys.Rev.D60:113006, hep-ph/9905386 (diboson) *
 *                                                *
 * On the web:  http://mcfm.fnal.gov/             *
 **************************************************

 * Using input file named E_var/E_80/CTEQ/HTOP/input_129_80.DAT                                   

 * [Flags to specify the mode in which MCFM is run]                                          
 *                   -1            [nevtrequested] 
 *                    F            [creatent] 
 *                    F            [skipnt] 
 *                    F            [dswhisto] 
 *                    F            [creategrid] 
 *                    T            [writetop] 
 *                    T            [writedat] 
 *                    T            [writegnu] 
 *                    T            [writeroot] 
 *                    F            [writepwg] 

 * [General options to specify the process and execution]                                    
 *                  129            [nproc] 
 *                 lord            [part] 
 * 129_run_80                      [runstring] 
 *           80000.0000            [sqrts] 
 *                    1            [ih1] 
 *                    1            [ih2] 
 *             126.0000            [hmass] 
 *               0.5000            [scale] 
 *               0.5000            [facscale] 
 * m(3456)                         [dynamicscale] 
 *                    F            [zerowidth] 
 *                    F            [removebr] 
 *                   20            [itmx1] 
 *              1000000            [ncall1] 
 *                   50            [itmx2] 
 *              1000000            [ncall2] 
 *                 2020            [ij] 
 *                    F            [dryrun] 
 *                    T            [Qflag] 
 *                    T            [Gflag] 

 * [Heavy quark masses]                                                                      
 *             173.2000            [top mass] 
 *               4.7500            [bottom mass] 
 *               1.5000            [charm mass] 

 * [Pdf selection]                                                                           
 *              cteq6_l            [pdlabel] 
 *                    4            [NGROUP] 
 *                   46            [NSET] 
 * cteq6mE.LHgrid                  [LHAPDF group] 
 *                   -1            [LHAPDF set] 

 * [Jet definition and event cuts]                                                           
 *               0.0000            [m34min] 
 *           80000.0000            [m34max] 
 *               0.0000            [m56min] 
 *           80000.0000            [m56max] 
 *                    T            [inclusive] 
 *                 ankt            [algorithm] 
 *              15.0000            [ptjetmin] 
 *               0.0000            [etajetmin] 
 *               5.0000            [etajetmax] 
 *               0.5000            [Rcut] 
 *                    T            [makecuts] 
 *               0.0000            [leptpt] 
 *              99.0000            [leptrap] 
 *    0.000,   0.000                [leptveto] 
 *               0.0000            [misspt] 
 *               0.0000            [leptpt2] 
 *              99.0000            [leptrap2] 
 *    0.000,   0.000                [leptveto2] 
 *               0.0000            [mtrans34cut] 
 *               0.0000            [Rjlmin] 
 *               0.0000            [Rllmin] 
 *               0.0000            [delyjjmin] 
 *                    F            [jetsopphem] 
 *                    0            [lbjscheme] 
 *               0.0000            [ptbjetmin] 
 *              99.0000            [etabjetmax] 

 * [Settings for photon processes]                                                           
 *                    F            [frag] 
 *             GdRG__LO            [fragset] 
 *              80.0000            [frag_scale] 
 *              20.0000            [gammpt] 
 *               2.5000            [gammrap] 
 *              20.0000            [gammpt2] 
 *              20.0000            [gammpt3] 
 *               0.0000            [Rgalmin] 
 *               0.4000            [Rgagamin] 
 *               0.4000            [Rgajetmin] 
 *               0.4000            [cone_ang] 
 *               0.5000            [epsilon_h] 

 * [Anomalous couplings of the W and Z]                                                      
 *               0.0000            [delg1_z] 
 *               0.0000            [delk_z] 
 *               0.0000            [delk_g] 
 *               0.0000            [lambda_z] 
 *               0.0000            [lambda_g] 
 *               0.0000            [h1Z] 
 *               0.0000            [h1gam] 
 *               0.0000            [h2Z] 
 *               0.0000            [h2gam] 
 *               0.0000            [h3Z] 
 *               0.0000            [h3gam] 
 *               0.0000            [h4Z] 
 *               0.0000            [h4gam] 
 *               2.0000            [tevscale] 

 * [Anomalous width of the Higgs]                                                            
 *               1.0000            [Gamma_H/Gamma_H(SM)] 

 * [How to resume/save a run]                                                                
 *                    F            [readin] 
 *                    F            [writeout] 
 *                                 [ingridfile] 
 *                                 [outgridfile] 

 * [Technical parameters that should not normally be changed]

 *                    F            [debug] 
 *                    T            [verbose] 
 *                    F            [new_pspace] 
 *                    F            [virtonly] 
 *                    F            [realonly] 
 *                    T            [spira] 
 *                    F            [noglue] 
 *                    F            [ggonly] 
 *                    F            [gqonly] 
 *                    F            [omitgg] 
 *                    F            [vanillafiles] 
 *                    1            [nmin] 
 *                    2            [nmax] 
 *                    T            [clustering] 
 *                    F            [realwt] 
 *                    0            [colourchoice] 
 *               0.0100            [rtsmin] 
 *               0.0001            [cutoff] 
 *               0.1000            [aii] 
 *               0.1000            [aif] 
 *               0.1000            [afi] 
 *               1.0000            [aff] 
 *               1.0000            [bfi] 
 *               1.0000            [bff] 

 Chooser:process chosen by nproc=         129

 *************************** f(p1)+f(p2) --> ******************************************
 * H(--> Z^0(e^-(p3)+e^+(p4)) + Z^0(mu^-(p5)+mu^+(p6)) [only H, gg->ZZ intf.]         *
 **************************************************************************************

 ************** Electroweak parameters **************
 *                                                  *
 *  zmass(+)   91.1876000     wmass(+)  80.3980000  *
 * zwidth(+)    2.4952000    wwidth(+)   2.1054000  *
 *     Gf(+) 0.116639D-04   1/aemmz    132.3384323  *
 *     xw       0.2226459      mtop(+) 173.2000000  *
 *   gwsq       0.4264904       esq      0.0949563  *
 * top width    1.4743080 (LO)                      *
 *    mb        4.7500000        mc      1.5000000  *
 *                                                  *
 * Parameters marked (+) are input, others derived  *
 ****************************************************

 ****************** Higgs parameters ****************
 *                                                  *
 *   mass(H) =  126.00      width(H) =  0.43070E-02 *
 *                                                  *
 *              Br( H -> b bbar)  =   0.56954       *
 *              Br( H -> tau tau) =   0.06056       *
 *              Br( H -> W W)     =   0.00000       *
 *              Br( H -> Z Z)     =   0.00000       *
 *              Br( H -> gam gam) =   0.00235       *
 *              Br( H -> Z gam)   =   0.00164       *
 ****************************************************
 *                                                  *
 * Note: branching ratios reported here can be > 1  *
 *       since the total Higgs width is calculated  *
 *       at NLO but the BR calculation uses a       *
 *       partial width at LO only.                  *
 *                                                  *
 ****************************************************

 WARNING: Higgs decay H->ZZ is below threshold and
 may not yield sensible results - check the number
 of integration points

 ***************** CKM mixing matrix ****************
 *                                                  *
 *      Vud=.97500    Vus=.22200    Vub=0.0000      *
 *      Vcd=.22200    Vcs=.97500    Vcb=0.0000      *
 ****************************************************

 ************* Strong coupling, alpha_s  ************
 *                                                  *
 *  Dynamic scale - alpha_s changed event-by-event  *
 *       alpha_s (zmass)  0.11800000                *
 *         (using 1-loop running of alpha_s)        *
 ****************************************************

 ****************************************
 *     Cross section in femtobarns      *
 ****************************************


 input parameters for vegas:  ndim= 10  ncall= 944784.
                              it=    0  itmx=   20
                              nprn=  0  alph= 1.50
                              mds=  1   nd= 100
                              xl( 1)=   0.000     xu( 1)=   1.000    
                              xl( 2)=   0.000     xu( 2)=   1.000    
                              xl( 3)=   0.000     xu( 3)=   1.000    
                              xl( 4)=   0.000     xu( 4)=   1.000    
                              xl( 5)=   0.000     xu( 5)=   1.000    
                              xl( 6)=   0.000     xu( 6)=   1.000    
                              xl( 7)=   0.000     xu( 7)=   1.000    
                              xl( 8)=   0.000     xu( 8)=   1.000    
                              xl( 9)=   0.000     xu( 9)=   1.000    
                              xl(10)=   0.000     xu(10)=   1.000    

 ****************** Basic mass cuts *****************
 *                                                  *
 *              0.00  <   m34  <  80000.00           *
 *              0.00  <   m56  <  80000.00           *
 ****************************************************
 *********** CMS Higgs Search cuts******
 *                                     *
 *     pt(mu) >           5.00 GeV     *
 *     pt(el) >           7.00 GeV     *
 *     |eta_mu| <         2.40         *
 *     |eta_el| <         2.50         *
 *     m4lmin >         100.00 GeV     *
 *     m2lmin >           4.00 GeV     *
 *     ptleading >       20.00 GeV     *
 *     ptnexttoleading > 10.00 GeV     *
 *     mllnear >         40.00 GeV     *
 *     mllfar >          12.00 GeV     *
 *     mllmax >         120.00 GeV     *
 ***************************************

 ************** Dynamic scale choice ****************
 *                                                  *
 *                 RENORMALIZATION                  *
 *       mu_ren  =  0.50 x m(3456)                  *
 *                                                  *
 *                  FACTORIZATION                   *
 *       mu_fac  =  0.50 x m(3456)                  *
 *                                                  *
 ****************************************************
 ====================================================
   This is QCDLoop - version 1.95                    
   Authors: Keith Ellis and Giulia Zanderighi        
   (ellis@fnal.gov, g.zanderighi1@physics.ox.ac.uk)  
   For details see FERMILAB-PUB-07-633-T,OUTP-07/16P 
   arXiv:0712.1851 [hep-ph], published in            
   JHEP 0802:002,2008.                               
 ====================================================
 ====================================================
   FF 2.0, a package to evaluate one-loop integrals
 written by G. J. van Oldenborgh, NIKHEF-H, Amsterdam
 ====================================================
 for the algorithms used see preprint NIKHEF-H 89/17,
 'New Algorithms for One-loop Integrals', by G.J. van
 Oldenborgh and J.A.M. Vermaseren, published in 
 Zeitschrift fuer Physik C46(1990)425.
 ====================================================
 ffini: precx =   4.44089209850062616E-016
 ffini: precc =   4.44089209850062616E-016
 ffini: xalogm =   4.94065645841246544E-324
 ffini: xclogm =   4.94065645841246544E-324
 ****************************************************
 *                                                  *
 *  gg->ZZ box loop includes gens. 1 and 2          *
 *  gg->ZZ box loop includes bottom quark           *
 *  gg->ZZ box loop includes top quark              *
 *                                                  *
 *  Numer. stability: pt(Z) > 0.100 GeV (gens. 1,2) *
 *  Numer. stability: pt(Z) > 0.100 GeV (b,t loops) *
 *                                                  *
 ****************************************************

************* Integration by Vegas (iteration   1) **************
*                                                               *
*  integral  = -1.7350572       accum. integral = -1.7350572    *
*  std. dev. = 0.54720579E-01   accum. std. dev = 0.54720579E-01*
*   max. wt. =   0.982598E-02                                   *
*                                                               *
**************   chi**2/iteration =  0.000       ****************


************* Integration by Vegas (iteration   2) **************
*                                                               *
*  integral  = -1.7178599       accum. integral = -1.7183182    *
*  std. dev. = 0.90549421E-02   accum. std. dev = 0.89334587E-02*
*   max. wt. =   0.982598E-02                                   *
*                                                               *
**************   chi**2/iteration = 0.9518E-01   ****************


************* Integration by Vegas (iteration   3) **************
*                                                               *
*  integral  = -1.7062550       accum. integral = -1.7090630    *
*  std. dev. = 0.49207430E-02   accum. std. dev = 0.43101369E-02*
*   max. wt. =   0.982598E-02                                   *
*                                                               *
**************   chi**2/iteration = 0.7438       ****************


************* Integration by Vegas (iteration   4) **************
*                                                               *
*  integral  = -1.7126721       accum. integral = -1.7108807    *
*  std. dev. = 0.42788956E-02   accum. std. dev = 0.30366213E-02*
*   max. wt. =   0.982598E-02                                   *
*                                                               *
**************   chi**2/iteration = 0.6140       ****************


************* Integration by Vegas (iteration   5) **************
*                                                               *
*  integral  = -1.7114718       accum. integral = -1.7111088    *
*  std. dev. = 0.38300751E-02   accum. std. dev = 0.23794956E-02*
*   max. wt. =   0.982598E-02                                   *
*                                                               *
**************   chi**2/iteration = 0.4646       ****************


************* Integration by Vegas (iteration   6) **************
*                                                               *
*  integral  = -1.7111946       accum. integral = -1.7111361    *
*  std. dev. = 0.34832129E-02   accum. std. dev = 0.19648017E-02*
*   max. wt. =   0.982598E-02                                   *
*                                                               *
**************   chi**2/iteration = 0.3719       ****************


************* Integration by Vegas (iteration   7) **************
*                                                               *
*  integral  = -1.7065691       accum. integral = -1.7101177    *
*  std. dev. = 0.36676781E-02   accum. std. dev = 0.17319384E-02*
*   max. wt. =   0.982598E-02                                   *
*                                                               *
**************   chi**2/iteration = 0.5105       ****************


************* Integration by Vegas (iteration   8) **************
*                                                               *
*  integral  = -1.7146485       accum. integral = -1.7109883    *
*  std. dev. = 0.35511608E-02   accum. std. dev = 0.15566695E-02*
*   max. wt. =   0.982598E-02                                   *
*                                                               *
**************   chi**2/iteration = 0.6253       ****************


************* Integration by Vegas (iteration   9) **************
*                                                               *
*  integral  = -1.7084810       accum. integral = -1.7105539    *
*  std. dev. = 0.34001661E-02   accum. std. dev = 0.14153877E-02*
*   max. wt. =   0.982598E-02                                   *
*                                                               *
**************   chi**2/iteration = 0.6033       ****************


************* Integration by Vegas (iteration  10) **************
*                                                               *
*  integral  = -1.7117909       accum. integral = -1.7107413    *
*  std. dev. = 0.33496247E-02   accum. std. dev = 0.13037716E-02*
*   max. wt. =   0.982598E-02                                   *
*                                                               *
**************   chi**2/iteration = 0.5492       ****************


************* Integration by Vegas (iteration  11) **************
*                                                               *
*  integral  = -1.7068927       accum. integral = -1.7102699    *
*  std. dev. = 0.34896665E-02   accum. std. dev = 0.12213169E-02*
*   max. wt. =   0.982598E-02                                   *
*                                                               *
**************   chi**2/iteration = 0.6010       ****************


************* Integration by Vegas (iteration  12) **************
*                                                               *
*  integral  = -1.7149048       accum. integral = -1.7107893    *
*  std. dev. = 0.34376931E-02   accum. std. dev = 0.11508456E-02*
*   max. wt. =   0.982598E-02                                   *
*                                                               *
**************   chi**2/iteration = 0.6930       ****************


************* Integration by Vegas (iteration  13) **************
*                                                               *
*  integral  = -1.7096279       accum. integral = -1.7106673    *
*  std. dev. = 0.33584862E-02   accum. std. dev = 0.10887009E-02*
*   max. wt. =   0.982598E-02                                   *
*                                                               *
**************   chi**2/iteration = 0.6442       ****************


************* Integration by Vegas (iteration  14) **************
*                                                               *
*  integral  = -1.7053544       accum. integral = -1.7101517    *
*  std. dev. = 0.33210568E-02   accum. std. dev = 0.10345315E-02*
*   max. wt. =   0.982598E-02                                   *
*                                                               *
**************   chi**2/iteration = 0.7723       ****************


************* Integration by Vegas (iteration  15) **************
*                                                               *
*  integral  = -1.7083789       accum. integral = -1.7100002    *
*  std. dev. = 0.33842680E-02   accum. std. dev = 0.98933905E-03*
*   max. wt. =   0.982598E-02                                   *
*                                                               *
**************   chi**2/iteration = 0.7351       ****************


************* Integration by Vegas (iteration  16) **************
*                                                               *
*  integral  = -1.7059432       accum. integral = -1.7096803    *
*  std. dev. = 0.33814920E-02   accum. std. dev = 0.94953339E-03*
*   max. wt. =   0.982598E-02                                   *
*                                                               *
**************   chi**2/iteration = 0.7745       ****************


************* Integration by Vegas (iteration  17) **************
*                                                               *
*  integral  = -1.7073901       accum. integral = -1.7095170    *
*  std. dev. = 0.34267387E-02   accum. std. dev = 0.91505327E-03*
*   max. wt. =   0.982598E-02                                   *
*                                                               *
**************   chi**2/iteration = 0.7520       ****************


************* Integration by Vegas (iteration  18) **************
*                                                               *
*  integral  = -1.7120231       accum. integral = -1.7096815    *
*  std. dev. = 0.34530571E-02   accum. std. dev = 0.88452283E-03*
*   max. wt. =   0.982598E-02                                   *
*                                                               *
**************   chi**2/iteration = 0.7367       ****************


************* Integration by Vegas (iteration  19) **************
*                                                               *
*  integral  = -1.7024732       accum. integral = -1.7092337    *
*  std. dev. = 0.34367709E-02   accum. std. dev = 0.85660709E-03*
*   max. wt. =   0.982598E-02                                   *
*                                                               *
**************   chi**2/iteration = 0.9249       ****************


************* Integration by Vegas (iteration  20) **************
*                                                               *
*  integral  = -1.7156823       accum. integral = -1.7095934    *
*  std. dev. = 0.35241955E-02   accum. std. dev = 0.83237150E-03*
*   max. wt. =   0.982598E-02                                   *
*                                                               *
**************   chi**2/iteration =  1.043       ****************


 input parameters for vegas:  ndim= 10  ncall= 944784.
                              it=   21  itmx=   50
                              nprn=  0  alph= 1.50
                              mds=  1   nd= 100
                              xl( 1)=   0.000     xu( 1)=   1.000    
                              xl( 2)=   0.000     xu( 2)=   1.000    
                              xl( 3)=   0.000     xu( 3)=   1.000    
                              xl( 4)=   0.000     xu( 4)=   1.000    
                              xl( 5)=   0.000     xu( 5)=   1.000    
                              xl( 6)=   0.000     xu( 6)=   1.000    
                              xl( 7)=   0.000     xu( 7)=   1.000    
                              xl( 8)=   0.000     xu( 8)=   1.000    
                              xl( 9)=   0.000     xu( 9)=   1.000    
                              xl(10)=   0.000     xu(10)=   1.000    

************* Integration by Vegas (iteration   1) **************
*                                                               *
*  integral  = -1.7175228       accum. integral = -1.7175228    *
*  std. dev. = 0.35023869E-02   accum. std. dev = 0.35023869E-02*
*   max. wt. =   0.395276E-03                                   *
*                                                               *
**************   chi**2/iteration =  0.000       ****************

 Writing out intermediate results for iteration           1

************* Integration by Vegas (iteration   2) **************
*                                                               *
*  integral  = -1.7138394       accum. integral = -1.7157055    *
*  std. dev. = 0.35490866E-02   accum. std. dev = 0.24929083E-02*
*   max. wt. =   0.646282E-03                                   *
*                                                               *
**************   chi**2/iteration = 0.5403       ****************

 Writing out intermediate results for iteration           2

************* Integration by Vegas (iteration   3) **************
*                                                               *
*  integral  = -1.7105554       accum. integral = -1.7140119    *
*  std. dev. = 0.35614884E-02   accum. std. dev = 0.20423061E-02*
*   max. wt. =   0.646282E-03                                   *
*                                                               *
**************   chi**2/iteration = 0.9697       ****************

 Writing out intermediate results for iteration           3

************* Integration by Vegas (iteration   4) **************
*                                                               *
*  integral  = -1.7075900       accum. integral = -1.7123991    *
*  std. dev. = 0.35265780E-02   accum. std. dev = 0.17673343E-02*
*   max. wt. =   0.697895E-03                                   *
*                                                               *
**************   chi**2/iteration =  1.473       ****************

 Writing out intermediate results for iteration           4

************* Integration by Vegas (iteration   5) **************
*                                                               *
*  integral  = -1.7069031       accum. integral = -1.7112810    *
*  std. dev. = 0.34971809E-02   accum. std. dev = 0.15773557E-02*
*   max. wt. =   0.697895E-03                                   *
*                                                               *
**************   chi**2/iteration =  1.596       ****************

 Writing out intermediate results for iteration           5

************* Integration by Vegas (iteration   6) **************
*                                                               *
*  integral  = -1.7111992       accum. integral = -1.7112676    *
*  std. dev. = 0.35627969E-02   accum. std. dev = 0.14423223E-02*
*   max. wt. =   0.772504E-03                                   *
*                                                               *
**************   chi**2/iteration =  1.277       ****************

 Writing out intermediate results for iteration           6

************* Integration by Vegas (iteration   7) **************
*                                                               *
*  integral  = -1.7089203       accum. integral = -1.7109309    *
*  std. dev. = 0.35243161E-02   accum. std. dev = 0.13348631E-02*
*   max. wt. =   0.772504E-03                                   *
*                                                               *
**************   chi**2/iteration =  1.128       ****************

 Writing out intermediate results for iteration           7

************* Integration by Vegas (iteration   8) **************
*                                                               *
*  integral  = -1.7088240       accum. integral = -1.7106657    *
*  std. dev. = 0.35179421E-02   accum. std. dev = 0.12480383E-02*
*   max. wt. =   0.772504E-03                                   *
*                                                               *
**************   chi**2/iteration =  1.012       ****************

 Writing out intermediate results for iteration           8

************* Integration by Vegas (iteration   9) **************
*                                                               *
*  integral  = -1.7142543       accum. integral = -1.7110691    *
*  std. dev. = 0.35068881E-02   accum. std. dev = 0.11757988E-02*
*   max. wt. =   0.772504E-03                                   *
*                                                               *
**************   chi**2/iteration =  1.002       ****************

 Writing out intermediate results for iteration           9

************* Integration by Vegas (iteration  10) **************
*                                                               *
*  integral  = -1.7082952       accum. integral = -1.7107798    *
*  std. dev. = 0.34456252E-02   accum. std. dev = 0.11127917E-02*
*   max. wt. =   0.772504E-03                                   *
*                                                               *
**************   chi**2/iteration = 0.9549       ****************

 Writing out intermediate results for iteration          10

************* Integration by Vegas (iteration  11) **************
*                                                               *
*  integral  = -1.7103457       accum. integral = -1.7107473    *
*  std. dev. = 0.39118906E-02   accum. std. dev = 0.10703287E-02*
*   max. wt. =   0.150464E-02                                   *
*                                                               *
**************   chi**2/iteration = 0.8606       ****************

 Writing out intermediate results for iteration          11

************* Integration by Vegas (iteration  12) **************
*                                                               *
*  integral  = -1.7150042       accum. integral = -1.7110629    *
*  std. dev. = 0.37822655E-02   accum. std. dev = 0.10298855E-02*
*   max. wt. =   0.150464E-02                                   *
*                                                               *
**************   chi**2/iteration = 0.8890       ****************

 Writing out intermediate results for iteration          12

************* Integration by Vegas (iteration  13) **************
*                                                               *
*  integral  = -1.7119868       accum. integral = -1.7111367    *
*  std. dev. = 0.34966648E-02   accum. std. dev = 0.98792532E-03*
*   max. wt. =   0.150464E-02                                   *
*                                                               *
**************   chi**2/iteration = 0.8203       ****************

 Writing out intermediate results for iteration          13

************* Integration by Vegas (iteration  14) **************
*                                                               *
*  integral  = -1.7100414       accum. integral = -1.7110570    *
*  std. dev. = 0.35263210E-02   accum. std. dev = 0.95129763E-03*
*   max. wt. =   0.150464E-02                                   *
*                                                               *
**************   chi**2/iteration = 0.7641       ****************

 Writing out intermediate results for iteration          14

************* Integration by Vegas (iteration  15) **************
*                                                               *
*  integral  = -1.7153648       accum. integral = -1.7113361    *
*  std. dev. = 0.36138979E-02   accum. std. dev = 0.91995868E-03*
*   max. wt. =   0.150464E-02                                   *
*                                                               *
**************   chi**2/iteration = 0.8044       ****************

 Writing out intermediate results for iteration          15

************* Integration by Vegas (iteration  16) **************
*                                                               *
*  integral  = -1.7189300       accum. integral = -1.7118076    *
*  std. dev. = 0.35753850E-02   accum. std. dev = 0.89093897E-03*
*   max. wt. =   0.150464E-02                                   *
*                                                               *
**************   chi**2/iteration =  1.033       ****************

 Writing out intermediate results for iteration          16

************* Integration by Vegas (iteration  17) **************
*                                                               *
*  integral  = -1.7114027       accum. integral = -1.7117881    *
*  std. dev. = 0.39523249E-02   accum. std. dev = 0.86913023E-03*
*   max. wt. =   0.156682E-02                                   *
*                                                               *
**************   chi**2/iteration = 0.9688       ****************

 Writing out intermediate results for iteration          17

************* Integration by Vegas (iteration  18) **************
*                                                               *
*  integral  = -1.7040488       accum. integral = -1.7114203    *
*  std. dev. = 0.38910896E-02   accum. std. dev = 0.84822805E-03*
*   max. wt. =   0.156682E-02                                   *
*                                                               *
**************   chi**2/iteration =  1.133       ****************

 Writing out intermediate results for iteration          18

************* Integration by Vegas (iteration  19) **************
*                                                               *
*  integral  = -1.7052674       accum. integral = -1.7110953    *
*  std. dev. = 0.35921685E-02   accum. std. dev = 0.82552516E-03*
*   max. wt. =   0.156682E-02                                   *
*                                                               *
**************   chi**2/iteration =  1.225       ****************

 Writing out intermediate results for iteration          19

************* Integration by Vegas (iteration  20) **************
*                                                               *
*  integral  = -1.7132600       accum. integral = -1.7111484    *
*  std. dev. = 0.52072043E-02   accum. std. dev = 0.81534258E-03*
*   max. wt. =   0.380278E-02                                   *
*                                                               *
**************   chi**2/iteration =  1.169       ****************

 Writing out intermediate results for iteration          20

************* Integration by Vegas (iteration  21) **************
*                                                               *
*  integral  = -1.7039507       accum. integral = -1.7109495    *
*  std. dev. = 0.48368199E-02   accum. std. dev = 0.80399944E-03*
*   max. wt. =   0.380278E-02                                   *
*                                                               *
**************   chi**2/iteration =  1.218       ****************

 Writing out intermediate results for iteration          21

************* Integration by Vegas (iteration  22) **************
*                                                               *
*  integral  = -1.7185389       accum. integral = -1.7112953    *
*  std. dev. = 0.36801374E-02   accum. std. dev = 0.78547296E-03*
*   max. wt. =   0.380278E-02                                   *
*                                                               *
**************   chi**2/iteration =  1.354       ****************

 Writing out intermediate results for iteration          22

************* Integration by Vegas (iteration  23) **************
*                                                               *
*  integral  = -1.7066720       accum. integral = -1.7110809    *
*  std. dev. = 0.35624495E-02   accum. std. dev = 0.76704938E-03*
*   max. wt. =   0.380278E-02                                   *
*                                                               *
**************   chi**2/iteration =  1.365       ****************

 Writing out intermediate results for iteration          23

************* Integration by Vegas (iteration  24) **************
*                                                               *
*  integral  = -1.7166346       accum. integral = -1.7113389    *
*  std. dev. = 0.34752032E-02   accum. std. dev = 0.74902108E-03*
*   max. wt. =   0.380278E-02                                   *
*                                                               *
**************   chi**2/iteration =  1.412       ****************

 Writing out intermediate results for iteration          24

************* Integration by Vegas (iteration  25) **************
*                                                               *
*  integral  = -1.7127390       accum. integral = -1.7113988    *
*  std. dev. = 0.35420527E-02   accum. std. dev = 0.73281541E-03*
*   max. wt. =   0.380278E-02                                   *
*                                                               *
**************   chi**2/iteration =  1.359       ****************

 Writing out intermediate results for iteration          25

************* Integration by Vegas (iteration  26) **************
*                                                               *
*  integral  = -1.7071985       accum. integral = -1.7112265    *
*  std. dev. = 0.35430076E-02   accum. std. dev = 0.71762599E-03*
*   max. wt. =   0.380278E-02                                   *
*                                                               *
**************   chi**2/iteration =  1.359       ****************

 Writing out intermediate results for iteration          26

************* Integration by Vegas (iteration  27) **************
*                                                               *
*  integral  = -1.7069497       accum. integral = -1.7110647    *
*  std. dev. = 0.36192658E-02   accum. std. dev = 0.70392213E-03*
*   max. wt. =   0.380278E-02                                   *
*                                                               *
**************   chi**2/iteration =  1.358       ****************

 Writing out intermediate results for iteration          27

************* Integration by Vegas (iteration  28) **************
*                                                               *
*  integral  = -1.7188871       accum. integral = -1.7113542    *
*  std. dev. = 0.35911682E-02   accum. std. dev = 0.69077676E-03*
*   max. wt. =   0.380278E-02                                   *
*                                                               *
**************   chi**2/iteration =  1.477       ****************

 Writing out intermediate results for iteration          28

************* Integration by Vegas (iteration  29) **************
*                                                               *
*  integral  = -1.7122523       accum. integral = -1.7113876    *
*  std. dev. = 0.35111741E-02   accum. std. dev = 0.67778435E-03*
*   max. wt. =   0.380278E-02                                   *
*                                                               *
**************   chi**2/iteration =  1.426       ****************

 Writing out intermediate results for iteration          29

************* Integration by Vegas (iteration  30) **************
*                                                               *
*  integral  = -1.7074744       accum. integral = -1.7112449    *
*  std. dev. = 0.34833651E-02   accum. std. dev = 0.66530697E-03*
*   max. wt. =   0.380278E-02                                   *
*                                                               *
**************   chi**2/iteration =  1.419       ****************

 Writing out intermediate results for iteration          30

************* Integration by Vegas (iteration  31) **************
*                                                               *
*  integral  = -1.7147692       accum. integral = -1.7113652    *
*  std. dev. = 0.35380431E-02   accum. std. dev = 0.65384722E-03*
*   max. wt. =   0.380278E-02                                   *
*                                                               *
**************   chi**2/iteration =  1.404       ****************

 Writing out intermediate results for iteration          31

************* Integration by Vegas (iteration  32) **************
*                                                               *
*  integral  = -1.7112931       accum. integral = -1.7113641    *
*  std. dev. = 0.51186878E-02   accum. std. dev = 0.64857728E-03*
*   max. wt. =   0.380278E-02                                   *
*                                                               *
**************   chi**2/iteration =  1.359       ****************

 Writing out intermediate results for iteration          32

************* Integration by Vegas (iteration  33) **************
*                                                               *
*  integral  = -1.7055293       accum. integral = -1.7112590    *
*  std. dev. = 0.47901581E-02   accum. std. dev = 0.64271274E-03*
*   max. wt. =   0.380278E-02                                   *
*                                                               *
**************   chi**2/iteration =  1.362       ****************

 Writing out intermediate results for iteration          33

************* Integration by Vegas (iteration  34) **************
*                                                               *
*  integral  = -1.7108578       accum. integral = -1.7112479    *
*  std. dev. = 0.38058069E-02   accum. std. dev = 0.63373934E-03*
*   max. wt. =   0.380278E-02                                   *
*                                                               *
**************   chi**2/iteration =  1.321       ****************

 Writing out intermediate results for iteration          34

************* Integration by Vegas (iteration  35) **************
*                                                               *
*  integral  = -1.7033035       accum. integral = -1.7110029    *
*  std. dev. = 0.35525755E-02   accum. std. dev = 0.62389020E-03*
*   max. wt. =   0.380278E-02                                   *
*                                                               *
**************   chi**2/iteration =  1.424       ****************

 Writing out intermediate results for iteration          35

************* Integration by Vegas (iteration  36) **************
*                                                               *
*  integral  = -1.7081303       accum. integral = -1.7109166    *
*  std. dev. = 0.35447577E-02   accum. std. dev = 0.61444585E-03*
*   max. wt. =   0.380278E-02                                   *
*                                                               *
**************   chi**2/iteration =  1.402       ****************

 Writing out intermediate results for iteration          36

************* Integration by Vegas (iteration  37) **************
*                                                               *
*  integral  = -1.7163047       accum. integral = -1.7110809    *
*  std. dev. = 0.34641514E-02   accum. std. dev = 0.60500254E-03*
*   max. wt. =   0.380278E-02                                   *
*                                                               *
**************   chi**2/iteration =  1.428       ****************

 Writing out intermediate results for iteration          37

************* Integration by Vegas (iteration  38) **************
*                                                               *
*  integral  = -1.7102597       accum. integral = -1.7110616    *
*  std. dev. = 0.38992215E-02   accum. std. dev = 0.59784886E-03*
*   max. wt. =   0.380278E-02                                   *
*                                                               *
**************   chi**2/iteration =  1.391       ****************

 Writing out intermediate results for iteration          38

************* Integration by Vegas (iteration  39) **************
*                                                               *
*  integral  = -1.7104239       accum. integral = -1.7110471    *
*  std. dev. = 0.39091606E-02   accum. std. dev = 0.59097755E-03*
*   max. wt. =   0.380278E-02                                   *
*                                                               *
**************   chi**2/iteration =  1.355       ****************

 Writing out intermediate results for iteration          39

************* Integration by Vegas (iteration  40) **************
*                                                               *
*  integral  = -1.7093940       accum. integral = -1.7110011    *
*  std. dev. = 0.34948681E-02   accum. std. dev = 0.58270523E-03*
*   max. wt. =   0.380278E-02                                   *
*                                                               *
**************   chi**2/iteration =  1.326       ****************

 Writing out intermediate results for iteration          40

************* Integration by Vegas (iteration  41) **************
*                                                               *
*  integral  = -1.7104027       accum. integral = -1.7109870    *
*  std. dev. = 0.37459186E-02   accum. std. dev = 0.57578047E-03*
*   max. wt. =   0.380278E-02                                   *
*                                                               *
**************   chi**2/iteration =  1.293       ****************

 Writing out intermediate results for iteration          41

************* Integration by Vegas (iteration  42) **************
*                                                               *
*  integral  = -1.7084283       accum. integral = -1.7109308    *
*  std. dev. = 0.38441871E-02   accum. std. dev = 0.56942865E-03*
*   max. wt. =   0.380278E-02                                   *
*                                                               *
**************   chi**2/iteration =  1.272       ****************

 Writing out intermediate results for iteration          42

************* Integration by Vegas (iteration  43) **************
*                                                               *
*  integral  = -1.7117194       accum. integral = -1.7109492    *
*  std. dev. = 0.36851970E-02   accum. std. dev = 0.56275023E-03*
*   max. wt. =   0.380278E-02                                   *
*                                                               *
**************   chi**2/iteration =  1.243       ****************

 Writing out intermediate results for iteration          43

************* Integration by Vegas (iteration  44) **************
*                                                               *
*  integral  = -1.7077082       accum. integral = -1.7108738    *
*  std. dev. = 0.36472700E-02   accum. std. dev = 0.55616895E-03*
*   max. wt. =   0.380278E-02                                   *
*                                                               *
**************   chi**2/iteration =  1.232       ****************

 Writing out intermediate results for iteration          44

************* Integration by Vegas (iteration  45) **************
*                                                               *
*  integral  = -1.7160603       accum. integral = -1.7109966    *
*  std. dev. = 0.35725623E-02   accum. std. dev = 0.54954949E-03*
*   max. wt. =   0.380278E-02                                   *
*                                                               *
**************   chi**2/iteration =  1.251       ****************

 Writing out intermediate results for iteration          45

************* Integration by Vegas (iteration  46) **************
*                                                               *
*  integral  = -1.7088928       accum. integral = -1.7109469    *
*  std. dev. = 0.35330007E-02   accum. std. dev = 0.54301956E-03*
*   max. wt. =   0.380278E-02                                   *
*                                                               *
**************   chi**2/iteration =  1.231       ****************

 Writing out intermediate results for iteration          46

************* Integration by Vegas (iteration  47) **************
*                                                               *
*  integral  = -1.7136776       accum. integral = -1.7110078    *
*  std. dev. = 0.35933867E-02   accum. std. dev = 0.53692353E-03*
*   max. wt. =   0.380278E-02                                   *
*                                                               *
**************   chi**2/iteration =  1.216       ****************

 Writing out intermediate results for iteration          47

************* Integration by Vegas (iteration  48) **************
*                                                               *
*  integral  = -1.7104492       accum. integral = -1.7109957    *
*  std. dev. = 0.36068215E-02   accum. std. dev = 0.53107142E-03*
*   max. wt. =   0.380278E-02                                   *
*                                                               *
**************   chi**2/iteration =  1.191       ****************

 Writing out intermediate results for iteration          48

************* Integration by Vegas (iteration  49) **************
*                                                               *
*  integral  = -1.7029580       accum. integral = -1.7108301    *
*  std. dev. = 0.36615990E-02   accum. std. dev = 0.52557221E-03*
*   max. wt. =   0.380278E-02                                   *
*                                                               *
**************   chi**2/iteration =  1.264       ****************

 Writing out intermediate results for iteration          49

************* Integration by Vegas (iteration  50) **************
*                                                               *
*  integral  = -1.7092810       accum. integral = -1.7107987    *
*  std. dev. = 0.36536938E-02   accum. std. dev = 0.52021762E-03*
*   max. wt. =   0.380278E-02                                   *
*                                                               *
**************   chi**2/iteration =  1.242       ****************


Value of final lord integral is       -1.7108 +/-     0.0005 fb

 Total number of shots       :     47239200
 Total no. failing cuts      :     15035376
 Number failing jet cuts     :            0
 Number failing process cuts :            0

   Jet efficiency : 100.00%
   Cut efficiency : 100.00%
 Total efficiency : 100.00%

 Contribution from parton sub-processes:
 ---------------------------------------
       GG     |          -1.71080  100.00%
       GQ     |           0.00000   -0.00%
       GQB    |           0.00000   -0.00%
       QG     |           0.00000   -0.00%
       QBG    |           0.00000   -0.00%
       QQ     |           0.00000   -0.00%
       QBQB   |           0.00000   -0.00%
       QQB    |           0.00000   -0.00%
       QBQ    |           0.00000   -0.00%
 ---------------------------------------

 ****************************************************
 output files  E_var/E_80/CTEQ/HTOP/HZZint_lord_cteq6_l_0___0___126_129_run_80
 ****************************************************
