 ************** MCFM - version 6.8 ****************
 *                                                *
 * MCFM, v6.8                   April 26th, 2014  *
 *                                                *
 * Authors: John Campbell, Keith Ellis,           *
 *          Ciaran Williams                       *
 *         (johnmc@fnal.gov, ellis@fnal.gov,      *
 *          ciaran@fnal.gov)                      *
 *                                                *
 * For details see:                               *
 *                                                *
 *  arXiv:1403.2641 (Triphoton production)        *
 *  arXiv:1312.1628 (gg->WW, Higgs interference)  *
 *  arXiv:1311.3589 (gg->ZZ, Higgs interference)  *
 *  Phys.Rev.D87:114006, arXiv:1302.3856          *
 *  (tZ, tH -- with R. Rontsch)                   *
 *  arXiv:1211.6390 (DM, P. Fox and C. Williams)  *
 *  JHEP 1211:162 (2012), arXiv:1208.0566         *
 *  (Z+gam+jet,Z+gam+gam -- with H. Hartanto)     *
 *  arXiv:1204.1513 (top production+decay)        *
 *  JHEP 1207:052 (2012), arXiv:1204.5678 (ttW)   *
 *  JHEP 1110:005 (2011), arXiv:1107.5569         *
 *         (gg->WW,Higgs intference)              *
 *  JHEP 1107:018 (2011), arXiv:1105.0020         *
 *         (diboson update)                       *
 *  JHEP 1103:027 (2011), arXiv:1011.6647         *
 *         (Wbb for mb>0, with S. Badger)         *
 *  Phys.Rev.D81:074023, arXiv:1001.4495 (H+2jet) *
 *                                                *
 *  P.R.L. 102:142001, arXiv:0903.0005 [hep-ph]   *
 *    (t-channel single top + explicit b,         *
 *      JC, R.Frederix, F.Maltoni, F.Tramontano)  *
 *  N.P.B 726:109(2005), hep-ph/0506289 (W+t)     *
 *  Phys.Rev.D70:094012, hep-ph/0408158 (Sngl Top)*
 *       (with Francesco Tramontano)              *
 *                                                *
 *  Phys.Rev.D65:113007, hep-ph/0202176 (W,Z+2j)  *
 *  Phys.Rev.D62:114012, hep-ph/0006304 (W,Z+bb)  *
 *  Phys.Rev.D60:113006, hep-ph/9905386 (diboson) *
 *                                                *
 * On the web:  http://mcfm.fnal.gov/             *
 **************************************************

 * Using input file named E_var/E_80/CTEQ/HTOP/input_130_80.DAT                                   

 * [Flags to specify the mode in which MCFM is run]                                          
 *                   -1            [nevtrequested] 
 *                    F            [creatent] 
 *                    F            [skipnt] 
 *                    F            [dswhisto] 
 *                    F            [creategrid] 
 *                    T            [writetop] 
 *                    T            [writedat] 
 *                    T            [writegnu] 
 *                    T            [writeroot] 
 *                    F            [writepwg] 

 * [General options to specify the process and execution]                                    
 *                  130            [nproc] 
 *                 lord            [part] 
 * 130_run_80                      [runstring] 
 *           80000.0000            [sqrts] 
 *                    1            [ih1] 
 *                    1            [ih2] 
 *             126.0000            [hmass] 
 *               0.5000            [scale] 
 *               0.5000            [facscale] 
 * m(3456)                         [dynamicscale] 
 *                    F            [zerowidth] 
 *                    F            [removebr] 
 *                   20            [itmx1] 
 *              1000000            [ncall1] 
 *                   50            [itmx2] 
 *              1000000            [ncall2] 
 *                 2020            [ij] 
 *                    F            [dryrun] 
 *                    T            [Qflag] 
 *                    T            [Gflag] 

 * [Heavy quark masses]                                                                      
 *             173.2000            [top mass] 
 *               4.7500            [bottom mass] 
 *               1.5000            [charm mass] 

 * [Pdf selection]                                                                           
 *              cteq6_l            [pdlabel] 
 *                    4            [NGROUP] 
 *                   46            [NSET] 
 * cteq6mE.LHgrid                  [LHAPDF group] 
 *                   -1            [LHAPDF set] 

 * [Jet definition and event cuts]                                                           
 *               0.0000            [m34min] 
 *           80000.0000            [m34max] 
 *               0.0000            [m56min] 
 *           80000.0000            [m56max] 
 *                    T            [inclusive] 
 *                 ankt            [algorithm] 
 *              15.0000            [ptjetmin] 
 *               0.0000            [etajetmin] 
 *               5.0000            [etajetmax] 
 *               0.5000            [Rcut] 
 *                    T            [makecuts] 
 *               0.0000            [leptpt] 
 *              99.0000            [leptrap] 
 *    0.000,   0.000                [leptveto] 
 *               0.0000            [misspt] 
 *               0.0000            [leptpt2] 
 *              99.0000            [leptrap2] 
 *    0.000,   0.000                [leptveto2] 
 *               0.0000            [mtrans34cut] 
 *               0.0000            [Rjlmin] 
 *               0.0000            [Rllmin] 
 *               0.0000            [delyjjmin] 
 *                    F            [jetsopphem] 
 *                    0            [lbjscheme] 
 *               0.0000            [ptbjetmin] 
 *              99.0000            [etabjetmax] 

 * [Settings for photon processes]                                                           
 *                    F            [frag] 
 *             GdRG__LO            [fragset] 
 *              80.0000            [frag_scale] 
 *              20.0000            [gammpt] 
 *               2.5000            [gammrap] 
 *              20.0000            [gammpt2] 
 *              20.0000            [gammpt3] 
 *               0.0000            [Rgalmin] 
 *               0.4000            [Rgagamin] 
 *               0.4000            [Rgajetmin] 
 *               0.4000            [cone_ang] 
 *               0.5000            [epsilon_h] 

 * [Anomalous couplings of the W and Z]                                                      
 *               0.0000            [delg1_z] 
 *               0.0000            [delk_z] 
 *               0.0000            [delk_g] 
 *               0.0000            [lambda_z] 
 *               0.0000            [lambda_g] 
 *               0.0000            [h1Z] 
 *               0.0000            [h1gam] 
 *               0.0000            [h2Z] 
 *               0.0000            [h2gam] 
 *               0.0000            [h3Z] 
 *               0.0000            [h3gam] 
 *               0.0000            [h4Z] 
 *               0.0000            [h4gam] 
 *               2.0000            [tevscale] 

 * [Anomalous width of the Higgs]                                                            
 *               1.0000            [Gamma_H/Gamma_H(SM)] 

 * [How to resume/save a run]                                                                
 *                    F            [readin] 
 *                    F            [writeout] 
 *                                 [ingridfile] 
 *                                 [outgridfile] 

 * [Technical parameters that should not normally be changed]

 *                    F            [debug] 
 *                    T            [verbose] 
 *                    F            [new_pspace] 
 *                    F            [virtonly] 
 *                    F            [realonly] 
 *                    T            [spira] 
 *                    F            [noglue] 
 *                    F            [ggonly] 
 *                    F            [gqonly] 
 *                    F            [omitgg] 
 *                    F            [vanillafiles] 
 *                    1            [nmin] 
 *                    2            [nmax] 
 *                    T            [clustering] 
 *                    F            [realwt] 
 *                    0            [colourchoice] 
 *               0.0100            [rtsmin] 
 *               0.0001            [cutoff] 
 *               0.1000            [aii] 
 *               0.1000            [aif] 
 *               0.1000            [afi] 
 *               1.0000            [aff] 
 *               1.0000            [bfi] 
 *               1.0000            [bff] 

 Chooser:process chosen by nproc=         130

 *************************** f(p1)+f(p2) --> ******************************************
 * H(--> Z^0(e^-(p3)+e^+(p4)) + Z^0(mu^-(p5)+mu^+(p6)) [H squared and H, gg->ZZ intf. *
 **************************************************************************************

 ************** Electroweak parameters **************
 *                                                  *
 *  zmass(+)   91.1876000     wmass(+)  80.3980000  *
 * zwidth(+)    2.4952000    wwidth(+)   2.1054000  *
 *     Gf(+) 0.116639D-04   1/aemmz    132.3384323  *
 *     xw       0.2226459      mtop(+) 173.2000000  *
 *   gwsq       0.4264904       esq      0.0949563  *
 * top width    1.4743080 (LO)                      *
 *    mb        4.7500000        mc      1.5000000  *
 *                                                  *
 * Parameters marked (+) are input, others derived  *
 ****************************************************

 ****************** Higgs parameters ****************
 *                                                  *
 *   mass(H) =  126.00      width(H) =  0.43070E-02 *
 *                                                  *
 *              Br( H -> b bbar)  =   0.56954       *
 *              Br( H -> tau tau) =   0.06056       *
 *              Br( H -> W W)     =   0.00000       *
 *              Br( H -> Z Z)     =   0.00000       *
 *              Br( H -> gam gam) =   0.00235       *
 *              Br( H -> Z gam)   =   0.00164       *
 ****************************************************
 *                                                  *
 * Note: branching ratios reported here can be > 1  *
 *       since the total Higgs width is calculated  *
 *       at NLO but the BR calculation uses a       *
 *       partial width at LO only.                  *
 *                                                  *
 ****************************************************

 WARNING: Higgs decay H->ZZ is below threshold and
 may not yield sensible results - check the number
 of integration points

 ***************** CKM mixing matrix ****************
 *                                                  *
 *      Vud=.97500    Vus=.22200    Vub=0.0000      *
 *      Vcd=.22200    Vcs=.97500    Vcb=0.0000      *
 ****************************************************

 ************* Strong coupling, alpha_s  ************
 *                                                  *
 *  Dynamic scale - alpha_s changed event-by-event  *
 *       alpha_s (zmass)  0.11800000                *
 *         (using 1-loop running of alpha_s)        *
 ****************************************************

 ****************************************
 *     Cross section in femtobarns      *
 ****************************************


 input parameters for vegas:  ndim= 10  ncall= 944784.
                              it=    0  itmx=   20
                              nprn=  0  alph= 1.50
                              mds=  1   nd= 100
                              xl( 1)=   0.000     xu( 1)=   1.000    
                              xl( 2)=   0.000     xu( 2)=   1.000    
                              xl( 3)=   0.000     xu( 3)=   1.000    
                              xl( 4)=   0.000     xu( 4)=   1.000    
                              xl( 5)=   0.000     xu( 5)=   1.000    
                              xl( 6)=   0.000     xu( 6)=   1.000    
                              xl( 7)=   0.000     xu( 7)=   1.000    
                              xl( 8)=   0.000     xu( 8)=   1.000    
                              xl( 9)=   0.000     xu( 9)=   1.000    
                              xl(10)=   0.000     xu(10)=   1.000    

 ****************** Basic mass cuts *****************
 *                                                  *
 *              0.00  <   m34  <  80000.00           *
 *              0.00  <   m56  <  80000.00           *
 ****************************************************
 *********** CMS Higgs Search cuts******
 *                                     *
 *     pt(mu) >           5.00 GeV     *
 *     pt(el) >           7.00 GeV     *
 *     |eta_mu| <         2.40         *
 *     |eta_el| <         2.50         *
 *     m4lmin >         100.00 GeV     *
 *     m2lmin >           4.00 GeV     *
 *     ptleading >       20.00 GeV     *
 *     ptnexttoleading > 10.00 GeV     *
 *     mllnear >         40.00 GeV     *
 *     mllfar >          12.00 GeV     *
 *     mllmax >         120.00 GeV     *
 ***************************************

 ************** Dynamic scale choice ****************
 *                                                  *
 *                 RENORMALIZATION                  *
 *       mu_ren  =  0.50 x m(3456)                  *
 *                                                  *
 *                  FACTORIZATION                   *
 *       mu_fac  =  0.50 x m(3456)                  *
 *                                                  *
 ****************************************************
 ====================================================
   This is QCDLoop - version 1.95                    
   Authors: Keith Ellis and Giulia Zanderighi        
   (ellis@fnal.gov, g.zanderighi1@physics.ox.ac.uk)  
   For details see FERMILAB-PUB-07-633-T,OUTP-07/16P 
   arXiv:0712.1851 [hep-ph], published in            
   JHEP 0802:002,2008.                               
 ====================================================
 ====================================================
   FF 2.0, a package to evaluate one-loop integrals
 written by G. J. van Oldenborgh, NIKHEF-H, Amsterdam
 ====================================================
 for the algorithms used see preprint NIKHEF-H 89/17,
 'New Algorithms for One-loop Integrals', by G.J. van
 Oldenborgh and J.A.M. Vermaseren, published in 
 Zeitschrift fuer Physik C46(1990)425.
 ====================================================
 ffini: precx =   4.44089209850062616E-016
 ffini: precc =   4.44089209850062616E-016
 ffini: xalogm =   4.94065645841246544E-324
 ffini: xclogm =   4.94065645841246544E-324
 ****************************************************
 *                                                  *
 *  gg->ZZ box loop includes gens. 1 and 2          *
 *  gg->ZZ box loop includes bottom quark           *
 *  gg->ZZ box loop includes top quark              *
 *                                                  *
 *  Numer. stability: pt(Z) > 0.100 GeV (gens. 1,2) *
 *  Numer. stability: pt(Z) > 0.100 GeV (b,t loops) *
 *                                                  *
 ****************************************************

************* Integration by Vegas (iteration   1) **************
*                                                               *
*  integral  =  5.3002563       accum. integral =  5.3002563    *
*  std. dev. = 0.92780188       accum. std. dev = 0.92780188    *
*   max. wt. =   0.530720                                       *
*                                                               *
**************   chi**2/iteration =  0.000       ****************


************* Integration by Vegas (iteration   2) **************
*                                                               *
*  integral  =  5.9674216       accum. integral =  5.8016778    *
*  std. dev. = 0.53342378       accum. std. dev = 0.46244186    *
*   max. wt. =   0.530720                                       *
*                                                               *
**************   chi**2/iteration = 0.3848       ****************


************* Integration by Vegas (iteration   3) **************
*                                                               *
*  integral  =  6.0326866       accum. integral =  6.0142012    *
*  std. dev. = 0.13638571       accum. std. dev = 0.13081511    *
*   max. wt. =   0.530720                                       *
*                                                               *
**************   chi**2/iteration = 0.3076       ****************


************* Integration by Vegas (iteration   4) **************
*                                                               *
*  integral  =  6.0005825       accum. integral =  6.0014484    *
*  std. dev. = 0.34087703E-01   accum. std. dev = 0.32986188E-01*
*   max. wt. =   0.530720                                       *
*                                                               *
**************   chi**2/iteration = 0.2088       ****************


************* Integration by Vegas (iteration   5) **************
*                                                               *
*  integral  =  5.9555064       accum. integral =  5.9651748    *
*  std. dev. = 0.17029969E-01   accum. std. dev = 0.15132277E-01*
*   max. wt. =   0.530720                                       *
*                                                               *
**************   chi**2/iteration = 0.5386       ****************


************* Integration by Vegas (iteration   6) **************
*                                                               *
*  integral  =  5.9553211       accum. integral =  5.9600797    *
*  std. dev. = 0.14624017E-01   accum. std. dev = 0.10515835E-01*
*   max. wt. =   0.530720                                       *
*                                                               *
**************   chi**2/iteration = 0.4749       ****************


************* Integration by Vegas (iteration   7) **************
*                                                               *
*  integral  =  5.9960890       accum. integral =  5.9727875    *
*  std. dev. = 0.14239661E-01   accum. std. dev = 0.84591761E-02*
*   max. wt. =   0.530720                                       *
*                                                               *
**************   chi**2/iteration =  1.084       ****************


************* Integration by Vegas (iteration   8) **************
*                                                               *
*  integral  =  6.0039102       accum. integral =  5.9811635    *
*  std. dev. = 0.13940246E-01   accum. std. dev = 0.72318438E-02*
*   max. wt. =   0.530720                                       *
*                                                               *
**************   chi**2/iteration =  1.449       ****************


************* Integration by Vegas (iteration   9) **************
*                                                               *
*  integral  =  5.9603952       accum. integral =  5.9766234    *
*  std. dev. = 0.13672632E-01   accum. std. dev = 0.63926934E-02*
*   max. wt. =   0.530720                                       *
*                                                               *
**************   chi**2/iteration =  1.494       ****************


************* Integration by Vegas (iteration  10) **************
*                                                               *
*  integral  =  5.9726248       accum. integral =  5.9759127    *
*  std. dev. = 0.13750182E-01   accum. std. dev = 0.57968317E-02*
*   max. wt. =   0.530720                                       *
*                                                               *
**************   chi**2/iteration =  1.335       ****************


************* Integration by Vegas (iteration  11) **************
*                                                               *
*  integral  =  5.9756446       accum. integral =  5.9758717    *
*  std. dev. = 0.13636557E-01   accum. std. dev = 0.53348211E-02*
*   max. wt. =   0.530720                                       *
*                                                               *
**************   chi**2/iteration =  1.202       ****************


************* Integration by Vegas (iteration  12) **************
*                                                               *
*  integral  =  6.0012084       accum. integral =  5.9793108    *
*  std. dev. = 0.13461580E-01   accum. std. dev = 0.49595598E-02*
*   max. wt. =   0.530720                                       *
*                                                               *
**************   chi**2/iteration =  1.371       ****************


************* Integration by Vegas (iteration  13) **************
*                                                               *
*  integral  =  5.9873018       accum. integral =  5.9802631    *
*  std. dev. = 0.13483500E-01   accum. std. dev = 0.46546691E-02*
*   max. wt. =   0.530720                                       *
*                                                               *
**************   chi**2/iteration =  1.283       ****************


************* Integration by Vegas (iteration  14) **************
*                                                               *
*  integral  =  5.9762179       accum. integral =  5.9798321    *
*  std. dev. = 0.13479757E-01   accum. std. dev = 0.43997465E-02*
*   max. wt. =   0.530720                                       *
*                                                               *
**************   chi**2/iteration =  1.190       ****************


************* Integration by Vegas (iteration  15) **************
*                                                               *
*  integral  =  5.9718874       accum. integral =  5.9790688    *
*  std. dev. = 0.13495190E-01   accum. std. dev = 0.41830487E-02*
*   max. wt. =   0.530720                                       *
*                                                               *
**************   chi**2/iteration =  1.128       ****************


************* Integration by Vegas (iteration  16) **************
*                                                               *
*  integral  =  5.9774031       accum. integral =  5.9789240    *
*  std. dev. = 0.13556817E-01   accum. std. dev = 0.39970976E-02*
*   max. wt. =   0.530720                                       *
*                                                               *
**************   chi**2/iteration =  1.053       ****************


************* Integration by Vegas (iteration  17) **************
*                                                               *
*  integral  =  5.9793916       accum. integral =  5.9789612    *
*  std. dev. = 0.13606433E-01   accum. std. dev = 0.38350432E-02*
*   max. wt. =   0.530720                                       *
*                                                               *
**************   chi**2/iteration = 0.9877       ****************


************* Integration by Vegas (iteration  18) **************
*                                                               *
*  integral  =  5.9789204       accum. integral =  5.9789582    *
*  std. dev. = 0.13743258E-01   accum. std. dev = 0.36939192E-02*
*   max. wt. =   0.530720                                       *
*                                                               *
**************   chi**2/iteration = 0.9296       ****************


************* Integration by Vegas (iteration  19) **************
*                                                               *
*  integral  =  5.9782975       accum. integral =  5.9789131    *
*  std. dev. = 0.13643953E-01   accum. std. dev = 0.35655551E-02*
*   max. wt. =   0.530720                                       *
*                                                               *
**************   chi**2/iteration = 0.8781       ****************


************* Integration by Vegas (iteration  20) **************
*                                                               *
*  integral  =  5.9736606       accum. integral =  5.9785808    *
*  std. dev. = 0.13720491E-01   accum. std. dev = 0.34509331E-02*
*   max. wt. =   0.530720                                       *
*                                                               *
**************   chi**2/iteration = 0.8391       ****************


 input parameters for vegas:  ndim= 10  ncall= 944784.
                              it=   21  itmx=   50
                              nprn=  0  alph= 1.50
                              mds=  1   nd= 100
                              xl( 1)=   0.000     xu( 1)=   1.000    
                              xl( 2)=   0.000     xu( 2)=   1.000    
                              xl( 3)=   0.000     xu( 3)=   1.000    
                              xl( 4)=   0.000     xu( 4)=   1.000    
                              xl( 5)=   0.000     xu( 5)=   1.000    
                              xl( 6)=   0.000     xu( 6)=   1.000    
                              xl( 7)=   0.000     xu( 7)=   1.000    
                              xl( 8)=   0.000     xu( 8)=   1.000    
                              xl( 9)=   0.000     xu( 9)=   1.000    
                              xl(10)=   0.000     xu(10)=   1.000    

************* Integration by Vegas (iteration   1) **************
*                                                               *
*  integral  =  5.9696840       accum. integral =  5.9696840    *
*  std. dev. = 0.13917264E-01   accum. std. dev = 0.13917264E-01*
*   max. wt. =   0.610620E-03                                   *
*                                                               *
**************   chi**2/iteration =  0.000       ****************

 Writing out intermediate results for iteration           1

************* Integration by Vegas (iteration   2) **************
*                                                               *
*  integral  =  5.9682993       accum. integral =  5.9689964    *
*  std. dev. = 0.14011774E-01   accum. std. dev = 0.98742362E-02*
*   max. wt. =   0.610620E-03                                   *
*                                                               *
**************   chi**2/iteration = 0.4868E-02   ****************

 Writing out intermediate results for iteration           2

************* Integration by Vegas (iteration   3) **************
*                                                               *
*  integral  =  5.9725674       accum. integral =  5.9701699    *
*  std. dev. = 0.14113454E-01   accum. std. dev = 0.80906848E-02*
*   max. wt. =   0.744737E-03                                   *
*                                                               *
**************   chi**2/iteration = 0.2383E-01   ****************

 Writing out intermediate results for iteration           3

************* Integration by Vegas (iteration   4) **************
*                                                               *
*  integral  =  5.9587156       accum. integral =  5.9673274    *
*  std. dev. = 0.14082642E-01   accum. std. dev = 0.70153364E-02*
*   max. wt. =   0.109268E-02                                   *
*                                                               *
**************   chi**2/iteration = 0.1812       ****************

 Writing out intermediate results for iteration           4

************* Integration by Vegas (iteration   5) **************
*                                                               *
*  integral  =  5.9954289       accum. integral =  5.9727713    *
*  std. dev. = 0.14312110E-01   accum. std. dev = 0.62992862E-02*
*   max. wt. =   0.109268E-02                                   *
*                                                               *
**************   chi**2/iteration = 0.9111       ****************

 Writing out intermediate results for iteration           5

************* Integration by Vegas (iteration   6) **************
*                                                               *
*  integral  =  5.9650933       accum. integral =  5.9715275    *
*  std. dev. = 0.14327653E-01   accum. std. dev = 0.57665553E-02*
*   max. wt. =   0.109268E-02                                   *
*                                                               *
**************   chi**2/iteration = 0.7773       ****************

 Writing out intermediate results for iteration           6

************* Integration by Vegas (iteration   7) **************
*                                                               *
*  integral  =  5.9629438       accum. integral =  5.9703160    *
*  std. dev. = 0.14224966E-01   accum. std. dev = 0.53441355E-02*
*   max. wt. =   0.109268E-02                                   *
*                                                               *
**************   chi**2/iteration = 0.7000       ****************

 Writing out intermediate results for iteration           7

************* Integration by Vegas (iteration   8) **************
*                                                               *
*  integral  =  5.9841830       accum. integral =  5.9719680    *
*  std. dev. = 0.14531947E-01   accum. std. dev = 0.50157224E-02*
*   max. wt. =   0.109268E-02                                   *
*                                                               *
**************   chi**2/iteration = 0.7146       ****************

 Writing out intermediate results for iteration           8

************* Integration by Vegas (iteration   9) **************
*                                                               *
*  integral  =  5.9773116       accum. integral =  5.9725331    *
*  std. dev. = 0.14585120E-01   accum. std. dev = 0.47430927E-02*
*   max. wt. =   0.109268E-02                                   *
*                                                               *
**************   chi**2/iteration = 0.6403       ****************

 Writing out intermediate results for iteration           9

************* Integration by Vegas (iteration  10) **************
*                                                               *
*  integral  =  5.9778326       accum. integral =  5.9730354    *
*  std. dev. = 0.14658252E-01   accum. std. dev = 0.45127249E-02*
*   max. wt. =   0.132706E-02                                   *
*                                                               *
**************   chi**2/iteration = 0.5824       ****************

 Writing out intermediate results for iteration          10

************* Integration by Vegas (iteration  11) **************
*                                                               *
*  integral  =  5.9867381       accum. integral =  5.9742515    *
*  std. dev. = 0.14460436E-01   accum. std. dev = 0.43078278E-02*
*   max. wt. =   0.132706E-02                                   *
*                                                               *
**************   chi**2/iteration = 0.6060       ****************

 Writing out intermediate results for iteration          11

************* Integration by Vegas (iteration  12) **************
*                                                               *
*  integral  =  5.9673021       accum. integral =  5.9736878    *
*  std. dev. = 0.14499261E-01   accum. std. dev = 0.41294245E-02*
*   max. wt. =   0.132706E-02                                   *
*                                                               *
**************   chi**2/iteration = 0.5701       ****************

 Writing out intermediate results for iteration          12

************* Integration by Vegas (iteration  13) **************
*                                                               *
*  integral  =  5.9937081       accum. integral =  5.9751564    *
*  std. dev. = 0.14676589E-01   accum. std. dev = 0.39750790E-02*
*   max. wt. =   0.132706E-02                                   *
*                                                               *
**************   chi**2/iteration = 0.6662       ****************

 Writing out intermediate results for iteration          13

************* Integration by Vegas (iteration  14) **************
*                                                               *
*  integral  =  6.0022308       accum. integral =  5.9769819    *
*  std. dev. = 0.14783414E-01   accum. std. dev = 0.38387293E-02*
*   max. wt. =   0.132706E-02                                   *
*                                                               *
**************   chi**2/iteration = 0.8554       ****************

 Writing out intermediate results for iteration          14

************* Integration by Vegas (iteration  15) **************
*                                                               *
*  integral  =  5.9650917       accum. integral =  5.9762275    *
*  std. dev. = 0.14748686E-01   accum. std. dev = 0.37149587E-02*
*   max. wt. =   0.132706E-02                                   *
*                                                               *
**************   chi**2/iteration = 0.8378       ****************

 Writing out intermediate results for iteration          15

************* Integration by Vegas (iteration  16) **************
*                                                               *
*  integral  =  5.9699977       accum. integral =  5.9758642    *
*  std. dev. = 0.14928123E-01   accum. std. dev = 0.36050073E-02*
*   max. wt. =   0.132706E-02                                   *
*                                                               *
**************   chi**2/iteration = 0.7929       ****************

 Writing out intermediate results for iteration          16

************* Integration by Vegas (iteration  17) **************
*                                                               *
*  integral  =  5.9697976       accum. integral =  5.9755400    *
*  std. dev. = 0.15171066E-01   accum. std. dev = 0.35073457E-02*
*   max. wt. =   0.132706E-02                                   *
*                                                               *
**************   chi**2/iteration = 0.7528       ****************

 Writing out intermediate results for iteration          17

************* Integration by Vegas (iteration  18) **************
*                                                               *
*  integral  =  5.9590665       accum. integral =  5.9746838    *
*  std. dev. = 0.14979444E-01   accum. std. dev = 0.34149842E-02*
*   max. wt. =   0.132706E-02                                   *
*                                                               *
**************   chi**2/iteration = 0.7760       ****************

 Writing out intermediate results for iteration          18

************* Integration by Vegas (iteration  19) **************
*                                                               *
*  integral  =  6.0183929       accum. integral =  5.9768304    *
*  std. dev. = 0.15026726E-01   accum. std. dev = 0.33300720E-02*
*   max. wt. =   0.132706E-02                                   *
*                                                               *
**************   chi**2/iteration =  1.180       ****************

 Writing out intermediate results for iteration          19

************* Integration by Vegas (iteration  20) **************
*                                                               *
*  integral  =  5.9855487       accum. integral =  5.9772336    *
*  std. dev. = 0.15121847E-01   accum. std. dev = 0.32521489E-02*
*   max. wt. =   0.132706E-02                                   *
*                                                               *
**************   chi**2/iteration =  1.134       ****************

 Writing out intermediate results for iteration          20

************* Integration by Vegas (iteration  21) **************
*                                                               *
*  integral  =  5.9785368       accum. integral =  5.9772912    *
*  std. dev. = 0.15129737E-01   accum. std. dev = 0.31795252E-02*
*   max. wt. =   0.132706E-02                                   *
*                                                               *
**************   chi**2/iteration =  1.078       ****************

 Writing out intermediate results for iteration          21

************* Integration by Vegas (iteration  22) **************
*                                                               *
*  integral  =  5.9903560       accum. integral =  5.9778185    *
*  std. dev. = 0.15503834E-01   accum. std. dev = 0.31147010E-02*
*   max. wt. =   0.132706E-02                                   *
*                                                               *
**************   chi**2/iteration =  1.059       ****************

 Writing out intermediate results for iteration          22

************* Integration by Vegas (iteration  23) **************
*                                                               *
*  integral  =  5.9783640       accum. integral =  5.9778398    *
*  std. dev. = 0.15449800E-01   accum. std. dev = 0.30532718E-02*
*   max. wt. =   0.132706E-02                                   *
*                                                               *
**************   chi**2/iteration =  1.011       ****************

 Writing out intermediate results for iteration          23

************* Integration by Vegas (iteration  24) **************
*                                                               *
*  integral  =  5.9806533       accum. integral =  5.9779448    *
*  std. dev. = 0.15508647E-01   accum. std. dev = 0.29957658E-02*
*   max. wt. =   0.132706E-02                                   *
*                                                               *
**************   chi**2/iteration = 0.9684       ****************

 Writing out intermediate results for iteration          24

************* Integration by Vegas (iteration  25) **************
*                                                               *
*  integral  =  5.9873309       accum. integral =  5.9782687    *
*  std. dev. = 0.15846022E-01   accum. std. dev = 0.29436226E-02*
*   max. wt. =   0.132706E-02                                   *
*                                                               *
**************   chi**2/iteration = 0.9422       ****************

 Writing out intermediate results for iteration          25

************* Integration by Vegas (iteration  26) **************
*                                                               *
*  integral  =  5.9648672       accum. integral =  5.9778233    *
*  std. dev. = 0.15875794E-01   accum. std. dev = 0.28942916E-02*
*   max. wt. =   0.132706E-02                                   *
*                                                               *
**************   chi**2/iteration = 0.9321       ****************

 Writing out intermediate results for iteration          26

************* Integration by Vegas (iteration  27) **************
*                                                               *
*  integral  =  5.9887342       accum. integral =  5.9781672    *
*  std. dev. = 0.16041490E-01   accum. std. dev = 0.28483020E-02*
*   max. wt. =   0.132706E-02                                   *
*                                                               *
**************   chi**2/iteration = 0.9135       ****************

 Writing out intermediate results for iteration          27

************* Integration by Vegas (iteration  28) **************
*                                                               *
*  integral  =  6.0038866       accum. integral =  5.9789825    *
*  std. dev. = 0.15742360E-01   accum. std. dev = 0.28027946E-02*
*   max. wt. =   0.132706E-02                                   *
*                                                               *
**************   chi**2/iteration = 0.9753       ****************

 Writing out intermediate results for iteration          28

************* Integration by Vegas (iteration  29) **************
*                                                               *
*  integral  =  5.9800313       accum. integral =  5.9790135    *
*  std. dev. = 0.16056623E-01   accum. std. dev = 0.27610456E-02*
*   max. wt. =   0.132706E-02                                   *
*                                                               *
**************   chi**2/iteration = 0.9407       ****************

 Writing out intermediate results for iteration          29

************* Integration by Vegas (iteration  30) **************
*                                                               *
*  integral  =  5.9669576       accum. integral =  5.9786693    *
*  std. dev. = 0.16104686E-01   accum. std. dev = 0.27213411E-02*
*   max. wt. =   0.132706E-02                                   *
*                                                               *
**************   chi**2/iteration = 0.9270       ****************

 Writing out intermediate results for iteration          30

************* Integration by Vegas (iteration  31) **************
*                                                               *
*  integral  =  5.9717904       accum. integral =  5.9784787    *
*  std. dev. = 0.16122156E-01   accum. std. dev = 0.26833824E-02*
*   max. wt. =   0.132706E-02                                   *
*                                                               *
**************   chi**2/iteration = 0.9020       ****************

 Writing out intermediate results for iteration          31

************* Integration by Vegas (iteration  32) **************
*                                                               *
*  integral  =  5.9665677       accum. integral =  5.9781738    *
*  std. dev. = 0.16555089E-01   accum. std. dev = 0.26488125E-02*
*   max. wt. =   0.195854E-02                                   *
*                                                               *
**************   chi**2/iteration = 0.8892       ****************

 Writing out intermediate results for iteration          32

************* Integration by Vegas (iteration  33) **************
*                                                               *
*  integral  =  6.0071280       accum. integral =  5.9789115    *
*  std. dev. = 0.16381542E-01   accum. std. dev = 0.26148501E-02*
*   max. wt. =   0.195854E-02                                   *
*                                                               *
**************   chi**2/iteration = 0.9565       ****************

 Writing out intermediate results for iteration          33

************* Integration by Vegas (iteration  34) **************
*                                                               *
*  integral  =  5.9749084       accum. integral =  5.9788101    *
*  std. dev. = 0.16220155E-01   accum. std. dev = 0.25815202E-02*
*   max. wt. =   0.195854E-02                                   *
*                                                               *
**************   chi**2/iteration = 0.9293       ****************

 Writing out intermediate results for iteration          34

************* Integration by Vegas (iteration  35) **************
*                                                               *
*  integral  =  5.9849757       accum. integral =  5.9789595    *
*  std. dev. = 0.16386194E-01   accum. std. dev = 0.25500683E-02*
*   max. wt. =   0.195854E-02                                   *
*                                                               *
**************   chi**2/iteration = 0.9061       ****************

 Writing out intermediate results for iteration          35

************* Integration by Vegas (iteration  36) **************
*                                                               *
*  integral  =  6.0081286       accum. integral =  5.9796333    *
*  std. dev. = 0.16582293E-01   accum. std. dev = 0.25204394E-02*
*   max. wt. =   0.195854E-02                                   *
*                                                               *
**************   chi**2/iteration = 0.9665       ****************

 Writing out intermediate results for iteration          36

************* Integration by Vegas (iteration  37) **************
*                                                               *
*  integral  =  5.9516607       accum. integral =  5.9789990    *
*  std. dev. = 0.16546353E-01   accum. std. dev = 0.24916975E-02*
*   max. wt. =   0.195854E-02                                   *
*                                                               *
**************   chi**2/iteration =  1.017       ****************

 Writing out intermediate results for iteration          37

************* Integration by Vegas (iteration  38) **************
*                                                               *
*  integral  =  5.9796339       accum. integral =  5.9790127    *
*  std. dev. = 0.16772402E-01   accum. std. dev = 0.24646486E-02*
*   max. wt. =   0.195854E-02                                   *
*                                                               *
**************   chi**2/iteration = 0.9898       ****************

 Writing out intermediate results for iteration          38

************* Integration by Vegas (iteration  39) **************
*                                                               *
*  integral  =  5.9341537       accum. integral =  5.9780500    *
*  std. dev. = 0.16642631E-01   accum. std. dev = 0.24380586E-02*
*   max. wt. =   0.195854E-02                                   *
*                                                               *
**************   chi**2/iteration =  1.151       ****************

 Writing out intermediate results for iteration          39

************* Integration by Vegas (iteration  40) **************
*                                                               *
*  integral  =  5.9993444       accum. integral =  5.9785029    *
*  std. dev. = 0.16539926E-01   accum. std. dev = 0.24119954E-02*
*   max. wt. =   0.195854E-02                                   *
*                                                               *
**************   chi**2/iteration =  1.163       ****************

 Writing out intermediate results for iteration          40

************* Integration by Vegas (iteration  41) **************
*                                                               *
*  integral  =  5.9687236       accum. integral =  5.9782944    *
*  std. dev. = 0.16343034E-01   accum. std. dev = 0.23861485E-02*
*   max. wt. =   0.195854E-02                                   *
*                                                               *
**************   chi**2/iteration =  1.143       ****************

 Writing out intermediate results for iteration          41

************* Integration by Vegas (iteration  42) **************
*                                                               *
*  integral  =  5.9600409       accum. integral =  5.9779209    *
*  std. dev. = 0.16510461E-01   accum. std. dev = 0.23616124E-02*
*   max. wt. =   0.195854E-02                                   *
*                                                               *
**************   chi**2/iteration =  1.144       ****************

 Writing out intermediate results for iteration          42

************* Integration by Vegas (iteration  43) **************
*                                                               *
*  integral  =  5.9595909       accum. integral =  5.9775535    *
*  std. dev. = 0.16512302E-01   accum. std. dev = 0.23378232E-02*
*   max. wt. =   0.195854E-02                                   *
*                                                               *
**************   chi**2/iteration =  1.145       ****************

 Writing out intermediate results for iteration          43

************* Integration by Vegas (iteration  44) **************
*                                                               *
*  integral  =  6.0002212       accum. integral =  5.9779843    *
*  std. dev. = 0.16796221E-01   accum. std. dev = 0.23155016E-02*
*   max. wt. =   0.195854E-02                                   *
*                                                               *
**************   chi**2/iteration =  1.160       ****************

 Writing out intermediate results for iteration          44

************* Integration by Vegas (iteration  45) **************
*                                                               *
*  integral  =  5.9742489       accum. integral =  5.9779132    *
*  std. dev. = 0.16625688E-01   accum. std. dev = 0.22933664E-02*
*   max. wt. =   0.195854E-02                                   *
*                                                               *
**************   chi**2/iteration =  1.135       ****************

 Writing out intermediate results for iteration          45

************* Integration by Vegas (iteration  46) **************
*                                                               *
*  integral  =  5.9565951       accum. integral =  5.9775134    *
*  std. dev. = 0.16589316E-01   accum. std. dev = 0.22717610E-02*
*   max. wt. =   0.195854E-02                                   *
*                                                               *
**************   chi**2/iteration =  1.146       ****************

 Writing out intermediate results for iteration          46

************* Integration by Vegas (iteration  47) **************
*                                                               *
*  integral  =  5.9922364       accum. integral =  5.9777809    *
*  std. dev. = 0.16702116E-01   accum. std. dev = 0.22510338E-02*
*   max. wt. =   0.195854E-02                                   *
*                                                               *
**************   chi**2/iteration =  1.138       ****************

 Writing out intermediate results for iteration          47

************* Integration by Vegas (iteration  48) **************
*                                                               *
*  integral  =  5.9825305       accum. integral =  5.9778644    *
*  std. dev. = 0.16825498E-01   accum. std. dev = 0.22311547E-02*
*   max. wt. =   0.195854E-02                                   *
*                                                               *
**************   chi**2/iteration =  1.115       ****************

 Writing out intermediate results for iteration          48

************* Integration by Vegas (iteration  49) **************
*                                                               *
*  integral  =  5.9538813       accum. integral =  5.9774514    *
*  std. dev. = 0.16855500E-01   accum. std. dev = 0.22118611E-02*
*   max. wt. =   0.195854E-02                                   *
*                                                               *
**************   chi**2/iteration =  1.133       ****************

 Writing out intermediate results for iteration          49

************* Integration by Vegas (iteration  50) **************
*                                                               *
*  integral  =  6.0147059       accum. integral =  5.9780639    *
*  std. dev. = 0.17107921E-01   accum. std. dev = 0.21936034E-02*
*   max. wt. =   0.195854E-02                                   *
*                                                               *
**************   chi**2/iteration =  1.205       ****************


Value of final lord integral is        5.9781 +/-     0.0022 fb

 Total number of shots       :     47239200
 Total no. failing cuts      :     19286937
 Number failing jet cuts     :            0
 Number failing process cuts :            0

   Jet efficiency : 100.00%
   Cut efficiency : 100.00%
 Total efficiency : 100.00%

 Contribution from parton sub-processes:
 ---------------------------------------
       GG     |           5.97806  100.00%
       GQ     |           0.00000    0.00%
       GQB    |           0.00000    0.00%
       QG     |           0.00000    0.00%
       QBG    |           0.00000    0.00%
       QQ     |           0.00000    0.00%
       QBQB   |           0.00000    0.00%
       QQB    |           0.00000    0.00%
       QBQ    |           0.00000    0.00%
 ---------------------------------------

 ****************************************************
 output files  E_var/E_80/CTEQ/HTOP/HZZH+i_lord_cteq6_l_0___0___126_130_run_80
 ****************************************************
