 ************** MCFM - version 6.8 ****************
 *                                                *
 * MCFM, v6.8                   April 26th, 2014  *
 *                                                *
 * Authors: John Campbell, Keith Ellis,           *
 *          Ciaran Williams                       *
 *         (johnmc@fnal.gov, ellis@fnal.gov,      *
 *          ciaran@fnal.gov)                      *
 *                                                *
 * For details see:                               *
 *                                                *
 *  arXiv:1403.2641 (Triphoton production)        *
 *  arXiv:1312.1628 (gg->WW, Higgs interference)  *
 *  arXiv:1311.3589 (gg->ZZ, Higgs interference)  *
 *  Phys.Rev.D87:114006, arXiv:1302.3856          *
 *  (tZ, tH -- with R. Rontsch)                   *
 *  arXiv:1211.6390 (DM, P. Fox and C. Williams)  *
 *  JHEP 1211:162 (2012), arXiv:1208.0566         *
 *  (Z+gam+jet,Z+gam+gam -- with H. Hartanto)     *
 *  arXiv:1204.1513 (top production+decay)        *
 *  JHEP 1207:052 (2012), arXiv:1204.5678 (ttW)   *
 *  JHEP 1110:005 (2011), arXiv:1107.5569         *
 *         (gg->WW,Higgs intference)              *
 *  JHEP 1107:018 (2011), arXiv:1105.0020         *
 *         (diboson update)                       *
 *  JHEP 1103:027 (2011), arXiv:1011.6647         *
 *         (Wbb for mb>0, with S. Badger)         *
 *  Phys.Rev.D81:074023, arXiv:1001.4495 (H+2jet) *
 *                                                *
 *  P.R.L. 102:142001, arXiv:0903.0005 [hep-ph]   *
 *    (t-channel single top + explicit b,         *
 *      JC, R.Frederix, F.Maltoni, F.Tramontano)  *
 *  N.P.B 726:109(2005), hep-ph/0506289 (W+t)     *
 *  Phys.Rev.D70:094012, hep-ph/0408158 (Sngl Top)*
 *       (with Francesco Tramontano)              *
 *                                                *
 *  Phys.Rev.D65:113007, hep-ph/0202176 (W,Z+2j)  *
 *  Phys.Rev.D62:114012, hep-ph/0006304 (W,Z+bb)  *
 *  Phys.Rev.D60:113006, hep-ph/9905386 (diboson) *
 *                                                *
 * On the web:  http://mcfm.fnal.gov/             *
 **************************************************

 * Using input file named E_var/E_80/CTEQ/HTOP/input_131_80.DAT                                   

 * [Flags to specify the mode in which MCFM is run]                                          
 *                   -1            [nevtrequested] 
 *                    F            [creatent] 
 *                    F            [skipnt] 
 *                    F            [dswhisto] 
 *                    F            [creategrid] 
 *                    T            [writetop] 
 *                    T            [writedat] 
 *                    T            [writegnu] 
 *                    T            [writeroot] 
 *                    F            [writepwg] 

 * [General options to specify the process and execution]                                    
 *                  131            [nproc] 
 *                 lord            [part] 
 * 131_run_80                      [runstring] 
 *           80000.0000            [sqrts] 
 *                    1            [ih1] 
 *                    1            [ih2] 
 *             126.0000            [hmass] 
 *               0.5000            [scale] 
 *               0.5000            [facscale] 
 * m(3456)                         [dynamicscale] 
 *                    F            [zerowidth] 
 *                    F            [removebr] 
 *                   20            [itmx1] 
 *              1000000            [ncall1] 
 *                   50            [itmx2] 
 *              1000000            [ncall2] 
 *                 2020            [ij] 
 *                    F            [dryrun] 
 *                    T            [Qflag] 
 *                    T            [Gflag] 

 * [Heavy quark masses]                                                                      
 *             173.2000            [top mass] 
 *               4.7500            [bottom mass] 
 *               1.5000            [charm mass] 

 * [Pdf selection]                                                                           
 *              cteq6_l            [pdlabel] 
 *                    4            [NGROUP] 
 *                   46            [NSET] 
 * cteq6mE.LHgrid                  [LHAPDF group] 
 *                   -1            [LHAPDF set] 

 * [Jet definition and event cuts]                                                           
 *               0.0000            [m34min] 
 *           80000.0000            [m34max] 
 *               0.0000            [m56min] 
 *           80000.0000            [m56max] 
 *                    T            [inclusive] 
 *                 ankt            [algorithm] 
 *              15.0000            [ptjetmin] 
 *               0.0000            [etajetmin] 
 *               5.0000            [etajetmax] 
 *               0.5000            [Rcut] 
 *                    T            [makecuts] 
 *               0.0000            [leptpt] 
 *              99.0000            [leptrap] 
 *    0.000,   0.000                [leptveto] 
 *               0.0000            [misspt] 
 *               0.0000            [leptpt2] 
 *              99.0000            [leptrap2] 
 *    0.000,   0.000                [leptveto2] 
 *               0.0000            [mtrans34cut] 
 *               0.0000            [Rjlmin] 
 *               0.0000            [Rllmin] 
 *               0.0000            [delyjjmin] 
 *                    F            [jetsopphem] 
 *                    0            [lbjscheme] 
 *               0.0000            [ptbjetmin] 
 *              99.0000            [etabjetmax] 

 * [Settings for photon processes]                                                           
 *                    F            [frag] 
 *             GdRG__LO            [fragset] 
 *              80.0000            [frag_scale] 
 *              20.0000            [gammpt] 
 *               2.5000            [gammrap] 
 *              20.0000            [gammpt2] 
 *              20.0000            [gammpt3] 
 *               0.0000            [Rgalmin] 
 *               0.4000            [Rgagamin] 
 *               0.4000            [Rgajetmin] 
 *               0.4000            [cone_ang] 
 *               0.5000            [epsilon_h] 

 * [Anomalous couplings of the W and Z]                                                      
 *               0.0000            [delg1_z] 
 *               0.0000            [delk_z] 
 *               0.0000            [delk_g] 
 *               0.0000            [lambda_z] 
 *               0.0000            [lambda_g] 
 *               0.0000            [h1Z] 
 *               0.0000            [h1gam] 
 *               0.0000            [h2Z] 
 *               0.0000            [h2gam] 
 *               0.0000            [h3Z] 
 *               0.0000            [h3gam] 
 *               0.0000            [h4Z] 
 *               0.0000            [h4gam] 
 *               2.0000            [tevscale] 

 * [Anomalous width of the Higgs]                                                            
 *               1.0000            [Gamma_H/Gamma_H(SM)] 

 * [How to resume/save a run]                                                                
 *                    F            [readin] 
 *                    F            [writeout] 
 *                                 [ingridfile] 
 *                                 [outgridfile] 

 * [Technical parameters that should not normally be changed]

 *                    F            [debug] 
 *                    T            [verbose] 
 *                    F            [new_pspace] 
 *                    F            [virtonly] 
 *                    F            [realonly] 
 *                    T            [spira] 
 *                    F            [noglue] 
 *                    F            [ggonly] 
 *                    F            [gqonly] 
 *                    F            [omitgg] 
 *                    F            [vanillafiles] 
 *                    1            [nmin] 
 *                    2            [nmax] 
 *                    T            [clustering] 
 *                    F            [realwt] 
 *                    0            [colourchoice] 
 *               0.0100            [rtsmin] 
 *               0.0001            [cutoff] 
 *               0.1000            [aii] 
 *               0.1000            [aif] 
 *               0.1000            [afi] 
 *               1.0000            [aff] 
 *               1.0000            [bfi] 
 *               1.0000            [bff] 

 Chooser:process chosen by nproc=         131

 *************************** f(p1)+f(p2) --> ******************************************
 * Z^0(e^-(p3)+e^+(p4)) + Z^0(mu^-(p5)+mu^+(p6) [gg only, (H + gg->ZZ) squared]       *
 **************************************************************************************

 ************** Electroweak parameters **************
 *                                                  *
 *  zmass(+)   91.1876000     wmass(+)  80.3980000  *
 * zwidth(+)    2.4952000    wwidth(+)   2.1054000  *
 *     Gf(+) 0.116639D-04   1/aemmz    132.3384323  *
 *     xw       0.2226459      mtop(+) 173.2000000  *
 *   gwsq       0.4264904       esq      0.0949563  *
 * top width    1.4743080 (LO)                      *
 *    mb        4.7500000        mc      1.5000000  *
 *                                                  *
 * Parameters marked (+) are input, others derived  *
 ****************************************************

 ****************** Higgs parameters ****************
 *                                                  *
 *   mass(H) =  126.00      width(H) =  0.43070E-02 *
 *                                                  *
 *              Br( H -> b bbar)  =   0.56954       *
 *              Br( H -> tau tau) =   0.06056       *
 *              Br( H -> W W)     =   0.00000       *
 *              Br( H -> Z Z)     =   0.00000       *
 *              Br( H -> gam gam) =   0.00235       *
 *              Br( H -> Z gam)   =   0.00164       *
 ****************************************************
 *                                                  *
 * Note: branching ratios reported here can be > 1  *
 *       since the total Higgs width is calculated  *
 *       at NLO but the BR calculation uses a       *
 *       partial width at LO only.                  *
 *                                                  *
 ****************************************************

 WARNING: Higgs decay H->ZZ is below threshold and
 may not yield sensible results - check the number
 of integration points

 ***************** CKM mixing matrix ****************
 *                                                  *
 *      Vud=.97500    Vus=.22200    Vub=0.0000      *
 *      Vcd=.22200    Vcs=.97500    Vcb=0.0000      *
 ****************************************************

 ************* Strong coupling, alpha_s  ************
 *                                                  *
 *  Dynamic scale - alpha_s changed event-by-event  *
 *       alpha_s (zmass)  0.11800000                *
 *         (using 1-loop running of alpha_s)        *
 ****************************************************

 ****************************************
 *     Cross section in femtobarns      *
 ****************************************


 input parameters for vegas:  ndim= 10  ncall= 944784.
                              it=    0  itmx=   20
                              nprn=  0  alph= 1.50
                              mds=  1   nd= 100
                              xl( 1)=   0.000     xu( 1)=   1.000    
                              xl( 2)=   0.000     xu( 2)=   1.000    
                              xl( 3)=   0.000     xu( 3)=   1.000    
                              xl( 4)=   0.000     xu( 4)=   1.000    
                              xl( 5)=   0.000     xu( 5)=   1.000    
                              xl( 6)=   0.000     xu( 6)=   1.000    
                              xl( 7)=   0.000     xu( 7)=   1.000    
                              xl( 8)=   0.000     xu( 8)=   1.000    
                              xl( 9)=   0.000     xu( 9)=   1.000    
                              xl(10)=   0.000     xu(10)=   1.000    

 ****************** Basic mass cuts *****************
 *                                                  *
 *              0.00  <   m34  <  80000.00           *
 *              0.00  <   m56  <  80000.00           *
 ****************************************************
 *********** CMS Higgs Search cuts******
 *                                     *
 *     pt(mu) >           5.00 GeV     *
 *     pt(el) >           7.00 GeV     *
 *     |eta_mu| <         2.40         *
 *     |eta_el| <         2.50         *
 *     m4lmin >         100.00 GeV     *
 *     m2lmin >           4.00 GeV     *
 *     ptleading >       20.00 GeV     *
 *     ptnexttoleading > 10.00 GeV     *
 *     mllnear >         40.00 GeV     *
 *     mllfar >          12.00 GeV     *
 *     mllmax >         120.00 GeV     *
 ***************************************

 ************** Dynamic scale choice ****************
 *                                                  *
 *                 RENORMALIZATION                  *
 *       mu_ren  =  0.50 x m(3456)                  *
 *                                                  *
 *                  FACTORIZATION                   *
 *       mu_fac  =  0.50 x m(3456)                  *
 *                                                  *
 ****************************************************
 ====================================================
   This is QCDLoop - version 1.95                    
   Authors: Keith Ellis and Giulia Zanderighi        
   (ellis@fnal.gov, g.zanderighi1@physics.ox.ac.uk)  
   For details see FERMILAB-PUB-07-633-T,OUTP-07/16P 
   arXiv:0712.1851 [hep-ph], published in            
   JHEP 0802:002,2008.                               
 ====================================================
 ====================================================
   FF 2.0, a package to evaluate one-loop integrals
 written by G. J. van Oldenborgh, NIKHEF-H, Amsterdam
 ====================================================
 for the algorithms used see preprint NIKHEF-H 89/17,
 'New Algorithms for One-loop Integrals', by G.J. van
 Oldenborgh and J.A.M. Vermaseren, published in 
 Zeitschrift fuer Physik C46(1990)425.
 ====================================================
 ffini: precx =   4.44089209850062616E-016
 ffini: precc =   4.44089209850062616E-016
 ffini: xalogm =   4.94065645841246544E-324
 ffini: xclogm =   4.94065645841246544E-324
 ****************************************************
 *                                                  *
 *  gg->ZZ box loop includes gens. 1 and 2          *
 *  gg->ZZ box loop includes bottom quark           *
 *  gg->ZZ box loop includes top quark              *
 *                                                  *
 *  Numer. stability: pt(Z) > 0.100 GeV (gens. 1,2) *
 *  Numer. stability: pt(Z) > 0.100 GeV (b,t loops) *
 *                                                  *
 ****************************************************

************* Integration by Vegas (iteration   1) **************
*                                                               *
*  integral  =  35.529109       accum. integral =  35.529109    *
*  std. dev. =  1.0794827       accum. std. dev =  1.0794827    *
*   max. wt. =   0.530867                                       *
*                                                               *
**************   chi**2/iteration =  0.000       ****************


************* Integration by Vegas (iteration   2) **************
*                                                               *
*  integral  =  35.846041       accum. integral =  35.793515    *
*  std. dev. = 0.48113881       accum. std. dev = 0.43946315    *
*   max. wt. =   0.530867                                       *
*                                                               *
**************   chi**2/iteration = 0.7120E-01   ****************


************* Integration by Vegas (iteration   3) **************
*                                                               *
*  integral  =  36.378462       accum. integral =  36.280349    *
*  std. dev. = 0.19728547       accum. std. dev = 0.17998127    *
*   max. wt. =   0.530867                                       *
*                                                               *
**************   chi**2/iteration = 0.7694       ****************


************* Integration by Vegas (iteration   4) **************
*                                                               *
*  integral  =  36.458745       accum. integral =  36.428466    *
*  std. dev. = 0.81375567E-01   accum. std. dev = 0.74148812E-01*
*   max. wt. =   0.530867                                       *
*                                                               *
**************   chi**2/iteration = 0.7848       ****************


************* Integration by Vegas (iteration   5) **************
*                                                               *
*  integral  =  36.371624       accum. integral =  36.393301    *
*  std. dev. = 0.58216746E-01   accum. std. dev = 0.45789803E-01*
*   max. wt. =   0.530867                                       *
*                                                               *
**************   chi**2/iteration = 0.6797       ****************


************* Integration by Vegas (iteration   6) **************
*                                                               *
*  integral  =  36.489042       accum. integral =  36.433263    *
*  std. dev. = 0.54098174E-01   accum. std. dev = 0.34950711E-01*
*   max. wt. =   0.530867                                       *
*                                                               *
**************   chi**2/iteration = 0.9083       ****************


************* Integration by Vegas (iteration   7) **************
*                                                               *
*  integral  =  36.416793       accum. integral =  36.428154    *
*  std. dev. = 0.52123072E-01   accum. std. dev = 0.29028724E-01*
*   max. wt. =   0.530867                                       *
*                                                               *
**************   chi**2/iteration = 0.7686       ****************


************* Integration by Vegas (iteration   8) **************
*                                                               *
*  integral  =  36.458577       accum. integral =  36.435488    *
*  std. dev. = 0.51507960E-01   accum. std. dev = 0.25289074E-01*
*   max. wt. =   0.530867                                       *
*                                                               *
**************   chi**2/iteration = 0.6967       ****************


************* Integration by Vegas (iteration   9) **************
*                                                               *
*  integral  =  36.474475       accum. integral =  36.442878    *
*  std. dev. = 0.52293326E-01   accum. std. dev = 0.22766609E-01*
*   max. wt. =   0.530867                                       *
*                                                               *
**************   chi**2/iteration = 0.6660       ****************


************* Integration by Vegas (iteration  10) **************
*                                                               *
*  integral  =  36.377722       accum. integral =  36.432152    *
*  std. dev. = 0.51286859E-01   accum. std. dev = 0.20808536E-01*
*   max. wt. =   0.530867                                       *
*                                                               *
**************   chi**2/iteration = 0.7417       ****************


************* Integration by Vegas (iteration  11) **************
*                                                               *
*  integral  =  36.470304       accum. integral =  36.437530    *
*  std. dev. = 0.51369290E-01   accum. std. dev = 0.19286290E-01*
*   max. wt. =   0.530867                                       *
*                                                               *
**************   chi**2/iteration = 0.7150       ****************


************* Integration by Vegas (iteration  12) **************
*                                                               *
*  integral  =  36.435424       accum. integral =  36.437281    *
*  std. dev. = 0.52735014E-01   accum. std. dev = 0.18112972E-01*
*   max. wt. =   0.530867                                       *
*                                                               *
**************   chi**2/iteration = 0.6501       ****************


************* Integration by Vegas (iteration  13) **************
*                                                               *
*  integral  =  36.346584       accum. integral =  36.427345    *
*  std. dev. = 0.51638249E-01   accum. std. dev = 0.17091991E-01*
*   max. wt. =   0.530867                                       *
*                                                               *
**************   chi**2/iteration = 0.8247       ****************


************* Integration by Vegas (iteration  14) **************
*                                                               *
*  integral  =  36.469108       accum. integral =  36.431551    *
*  std. dev. = 0.51074612E-01   accum. std. dev = 0.16208485E-01*
*   max. wt. =   0.530867                                       *
*                                                               *
**************   chi**2/iteration = 0.8076       ****************


************* Integration by Vegas (iteration  15) **************
*                                                               *
*  integral  =  36.412264       accum. integral =  36.429691    *
*  std. dev. = 0.49619331E-01   accum. std. dev = 0.15407301E-01*
*   max. wt. =   0.530867                                       *
*                                                               *
**************   chi**2/iteration = 0.7597       ****************


************* Integration by Vegas (iteration  16) **************
*                                                               *
*  integral  =  36.475571       accum. integral =  36.433201    *
*  std. dev. = 0.53535820E-01   accum. std. dev = 0.14806326E-01*
*   max. wt. =   0.530867                                       *
*                                                               *
**************   chi**2/iteration = 0.7542       ****************


************* Integration by Vegas (iteration  17) **************
*                                                               *
*  integral  =  36.375784       accum. integral =  36.428787    *
*  std. dev. = 0.51310680E-01   accum. std. dev = 0.14225886E-01*
*   max. wt. =   0.530867                                       *
*                                                               *
**************   chi**2/iteration = 0.7793       ****************


************* Integration by Vegas (iteration  18) **************
*                                                               *
*  integral  =  36.491492       accum. integral =  36.433110    *
*  std. dev. = 0.52279890E-01   accum. std. dev = 0.13726768E-01*
*   max. wt. =   0.530867                                       *
*                                                               *
**************   chi**2/iteration = 0.8123       ****************


************* Integration by Vegas (iteration  19) **************
*                                                               *
*  integral  =  36.383052       accum. integral =  36.429719    *
*  std. dev. = 0.50921544E-01   accum. std. dev = 0.13253665E-01*
*   max. wt. =   0.530867                                       *
*                                                               *
**************   chi**2/iteration = 0.8172       ****************


************* Integration by Vegas (iteration  20) **************
*                                                               *
*  integral  =  36.342695       accum. integral =  36.424274    *
*  std. dev. = 0.51299132E-01   accum. std. dev = 0.12832304E-01*
*   max. wt. =   0.530867                                       *
*                                                               *
**************   chi**2/iteration = 0.9161       ****************


 input parameters for vegas:  ndim= 10  ncall= 944784.
                              it=   21  itmx=   50
                              nprn=  0  alph= 1.50
                              mds=  1   nd= 100
                              xl( 1)=   0.000     xu( 1)=   1.000    
                              xl( 2)=   0.000     xu( 2)=   1.000    
                              xl( 3)=   0.000     xu( 3)=   1.000    
                              xl( 4)=   0.000     xu( 4)=   1.000    
                              xl( 5)=   0.000     xu( 5)=   1.000    
                              xl( 6)=   0.000     xu( 6)=   1.000    
                              xl( 7)=   0.000     xu( 7)=   1.000    
                              xl( 8)=   0.000     xu( 8)=   1.000    
                              xl( 9)=   0.000     xu( 9)=   1.000    
                              xl(10)=   0.000     xu(10)=   1.000    

************* Integration by Vegas (iteration   1) **************
*                                                               *
*  integral  =  36.437147       accum. integral =  36.437147    *
*  std. dev. = 0.50575681E-01   accum. std. dev = 0.50575681E-01*
*   max. wt. =   0.418166E-02                                   *
*                                                               *
**************   chi**2/iteration =  0.000       ****************

 Writing out intermediate results for iteration           1

************* Integration by Vegas (iteration   2) **************
*                                                               *
*  integral  =  36.423376       accum. integral =  36.430381    *
*  std. dev. = 0.51459538E-01   accum. std. dev = 0.36070838E-01*
*   max. wt. =   0.780335E-02                                   *
*                                                               *
**************   chi**2/iteration = 0.3606E-01   ****************

 Writing out intermediate results for iteration           2

************* Integration by Vegas (iteration   3) **************
*                                                               *
*  integral  =  36.460777       accum. integral =  36.439946    *
*  std. dev. = 0.53231464E-01   accum. std. dev = 0.29860904E-01*
*   max. wt. =   0.130051E-01                                   *
*                                                               *
**************   chi**2/iteration = 0.1293       ****************

 Writing out intermediate results for iteration           3

************* Integration by Vegas (iteration   4) **************
*                                                               *
*  integral  =  36.469126       accum. integral =  36.447113    *
*  std. dev. = 0.52333171E-01   accum. std. dev = 0.25935863E-01*
*   max. wt. =   0.130051E-01                                   *
*                                                               *
**************   chi**2/iteration = 0.1643       ****************

 Writing out intermediate results for iteration           4

************* Integration by Vegas (iteration   5) **************
*                                                               *
*  integral  =  36.414564       accum. integral =  36.440655    *
*  std. dev. = 0.52131147E-01   accum. std. dev = 0.23220806E-01*
*   max. wt. =   0.130051E-01                                   *
*                                                               *
**************   chi**2/iteration = 0.2012       ****************

 Writing out intermediate results for iteration           5

************* Integration by Vegas (iteration   6) **************
*                                                               *
*  integral  =  36.379853       accum. integral =  36.430616    *
*  std. dev. = 0.52217197E-01   accum. std. dev = 0.21217455E-01*
*   max. wt. =   0.130051E-01                                   *
*                                                               *
**************   chi**2/iteration = 0.3870       ****************

 Writing out intermediate results for iteration           6

************* Integration by Vegas (iteration   7) **************
*                                                               *
*  integral  =  36.424884       accum. integral =  36.429803    *
*  std. dev. = 0.52196837E-01   accum. std. dev = 0.19655623E-01*
*   max. wt. =   0.130051E-01                                   *
*                                                               *
**************   chi**2/iteration = 0.3243       ****************

 Writing out intermediate results for iteration           7

************* Integration by Vegas (iteration   8) **************
*                                                               *
*  integral  =  36.356674       accum. integral =  36.420813    *
*  std. dev. = 0.52501117E-01   accum. std. dev = 0.18407853E-01*
*   max. wt. =   0.130051E-01                                   *
*                                                               *
**************   chi**2/iteration = 0.5208       ****************

 Writing out intermediate results for iteration           8

************* Integration by Vegas (iteration   9) **************
*                                                               *
*  integral  =  36.470408       accum. integral =  36.425572    *
*  std. dev. = 0.56501657E-01   accum. std. dev = 0.17502410E-01*
*   max. wt. =   0.186556E-01                                   *
*                                                               *
**************   chi**2/iteration = 0.5428       ****************

 Writing out intermediate results for iteration           9

************* Integration by Vegas (iteration  10) **************
*                                                               *
*  integral  =  36.407646       accum. integral =  36.423922    *
*  std. dev. = 0.54960523E-01   accum. std. dev = 0.16677185E-01*
*   max. wt. =   0.186556E-01                                   *
*                                                               *
**************   chi**2/iteration = 0.4932       ****************

 Writing out intermediate results for iteration          10

************* Integration by Vegas (iteration  11) **************
*                                                               *
*  integral  =  36.465260       accum. integral =  36.427665    *
*  std. dev. = 0.52853512E-01   accum. std. dev = 0.15904232E-01*
*   max. wt. =   0.186556E-01                                   *
*                                                               *
**************   chi**2/iteration = 0.4995       ****************

 Writing out intermediate results for iteration          11

************* Integration by Vegas (iteration  12) **************
*                                                               *
*  integral  =  36.503109       accum. integral =  36.433854    *
*  std. dev. = 0.53199514E-01   accum. std. dev = 0.15237869E-01*
*   max. wt. =   0.186556E-01                                   *
*                                                               *
**************   chi**2/iteration = 0.6218       ****************

 Writing out intermediate results for iteration          12

************* Integration by Vegas (iteration  13) **************
*                                                               *
*  integral  =  36.420611       accum. integral =  36.432832    *
*  std. dev. = 0.52693513E-01   accum. std. dev = 0.14638103E-01*
*   max. wt. =   0.186556E-01                                   *
*                                                               *
**************   chi**2/iteration = 0.5749       ****************

 Writing out intermediate results for iteration          13

************* Integration by Vegas (iteration  14) **************
*                                                               *
*  integral  =  36.475892       accum. integral =  36.435923    *
*  std. dev. = 0.52636722E-01   accum. std. dev = 0.14102914E-01*
*   max. wt. =   0.186556E-01                                   *
*                                                               *
**************   chi**2/iteration = 0.5785       ****************

 Writing out intermediate results for iteration          14

************* Integration by Vegas (iteration  15) **************
*                                                               *
*  integral  =  36.521859       accum. integral =  36.441502    *
*  std. dev. = 0.53525795E-01   accum. std. dev = 0.13637491E-01*
*   max. wt. =   0.186556E-01                                   *
*                                                               *
**************   chi**2/iteration = 0.7092       ****************

 Writing out intermediate results for iteration          15

************* Integration by Vegas (iteration  16) **************
*                                                               *
*  integral  =  36.401634       accum. integral =  36.439044    *
*  std. dev. = 0.53202504E-01   accum. std. dev = 0.13210394E-01*
*   max. wt. =   0.186556E-01                                   *
*                                                               *
**************   chi**2/iteration = 0.6971       ****************

 Writing out intermediate results for iteration          16

************* Integration by Vegas (iteration  17) **************
*                                                               *
*  integral  =  36.405766       accum. integral =  36.437083    *
*  std. dev. = 0.52788167E-01   accum. std. dev = 0.12815202E-01*
*   max. wt. =   0.186556E-01                                   *
*                                                               *
**************   chi**2/iteration = 0.6769       ****************

 Writing out intermediate results for iteration          17

************* Integration by Vegas (iteration  18) **************
*                                                               *
*  integral  =  36.455372       accum. integral =  36.438068    *
*  std. dev. = 0.53702985E-01   accum. std. dev = 0.12465201E-01*
*   max. wt. =   0.186556E-01                                   *
*                                                               *
**************   chi**2/iteration = 0.6436       ****************

 Writing out intermediate results for iteration          18

************* Integration by Vegas (iteration  19) **************
*                                                               *
*  integral  =  36.498684       accum. integral =  36.441146    *
*  std. dev. = 0.53891500E-01   accum. std. dev = 0.12144564E-01*
*   max. wt. =   0.186556E-01                                   *
*                                                               *
**************   chi**2/iteration = 0.6745       ****************

 Writing out intermediate results for iteration          19

************* Integration by Vegas (iteration  20) **************
*                                                               *
*  integral  =  36.313584       accum. integral =  36.435015    *
*  std. dev. = 0.54048559E-01   accum. std. dev = 0.11849123E-01*
*   max. wt. =   0.186556E-01                                   *
*                                                               *
**************   chi**2/iteration = 0.9180       ****************

 Writing out intermediate results for iteration          20

************* Integration by Vegas (iteration  21) **************
*                                                               *
*  integral  =  36.406360       accum. integral =  36.433821    *
*  std. dev. = 0.56816770E-01   accum. std. dev = 0.11599558E-01*
*   max. wt. =   0.186556E-01                                   *
*                                                               *
**************   chi**2/iteration = 0.8843       ****************

 Writing out intermediate results for iteration          21

************* Integration by Vegas (iteration  22) **************
*                                                               *
*  integral  =  36.377887       accum. integral =  36.431608    *
*  std. dev. = 0.57156534E-01   accum. std. dev = 0.11367821E-01*
*   max. wt. =   0.186556E-01                                   *
*                                                               *
**************   chi**2/iteration = 0.8860       ****************

 Writing out intermediate results for iteration          22

************* Integration by Vegas (iteration  23) **************
*                                                               *
*  integral  =  36.484139       accum. integral =  36.433678    *
*  std. dev. = 0.56135956E-01   accum. std. dev = 0.11141666E-01*
*   max. wt. =   0.186556E-01                                   *
*                                                               *
**************   chi**2/iteration = 0.8839       ****************

 Writing out intermediate results for iteration          23

************* Integration by Vegas (iteration  24) **************
*                                                               *
*  integral  =  36.533630       accum. integral =  36.437621    *
*  std. dev. = 0.54975879E-01   accum. std. dev = 0.10919671E-01*
*   max. wt. =   0.186556E-01                                   *
*                                                               *
**************   chi**2/iteration = 0.9835       ****************

 Writing out intermediate results for iteration          24

************* Integration by Vegas (iteration  25) **************
*                                                               *
*  integral  =  36.425857       accum. integral =  36.437183    *
*  std. dev. = 0.55538988E-01   accum. std. dev = 0.10714541E-01*
*   max. wt. =   0.186556E-01                                   *
*                                                               *
**************   chi**2/iteration = 0.9443       ****************

 Writing out intermediate results for iteration          25

************* Integration by Vegas (iteration  26) **************
*                                                               *
*  integral  =  36.471743       accum. integral =  36.438419    *
*  std. dev. = 0.55634731E-01   accum. std. dev = 0.10521202E-01*
*   max. wt. =   0.186556E-01                                   *
*                                                               *
**************   chi**2/iteration = 0.9215       ****************

 Writing out intermediate results for iteration          26

************* Integration by Vegas (iteration  27) **************
*                                                               *
*  integral  =  36.306172       accum. integral =  36.433636    *
*  std. dev. = 0.54309375E-01   accum. std. dev = 0.10329160E-01*
*   max. wt. =   0.186556E-01                                   *
*                                                               *
**************   chi**2/iteration =  1.106       ****************

 Writing out intermediate results for iteration          27

************* Integration by Vegas (iteration  28) **************
*                                                               *
*  integral  =  36.430784       accum. integral =  36.433541    *
*  std. dev. = 0.55644333E-01   accum. std. dev = 0.10155670E-01*
*   max. wt. =   0.186556E-01                                   *
*                                                               *
**************   chi**2/iteration =  1.065       ****************

 Writing out intermediate results for iteration          28

************* Integration by Vegas (iteration  29) **************
*                                                               *
*  integral  =  36.474198       accum. integral =  36.434693    *
*  std. dev. = 0.59461935E-01   accum. std. dev = 0.10010713E-01*
*   max. wt. =   0.186556E-01                                   *
*                                                               *
**************   chi**2/iteration =  1.043       ****************

 Writing out intermediate results for iteration          29

************* Integration by Vegas (iteration  30) **************
*                                                               *
*  integral  =  36.430726       accum. integral =  36.434574    *
*  std. dev. = 0.57003586E-01   accum. std. dev = 0.98598248E-02*
*   max. wt. =   0.186556E-01                                   *
*                                                               *
**************   chi**2/iteration =  1.007       ****************

 Writing out intermediate results for iteration          30

************* Integration by Vegas (iteration  31) **************
*                                                               *
*  integral  =  36.427573       accum. integral =  36.434378    *
*  std. dev. = 0.58000694E-01   accum. std. dev = 0.97203741E-02*
*   max. wt. =   0.186556E-01                                   *
*                                                               *
**************   chi**2/iteration = 0.9742       ****************

 Writing out intermediate results for iteration          31

************* Integration by Vegas (iteration  32) **************
*                                                               *
*  integral  =  36.468413       accum. integral =  36.435329    *
*  std. dev. = 0.57315491E-01   accum. std. dev = 0.95835294E-02*
*   max. wt. =   0.186556E-01                                   *
*                                                               *
**************   chi**2/iteration = 0.9539       ****************

 Writing out intermediate results for iteration          32

************* Integration by Vegas (iteration  33) **************
*                                                               *
*  integral  =  36.420527       accum. integral =  36.434926    *
*  std. dev. = 0.57253563E-01   accum. std. dev = 0.94520280E-02*
*   max. wt. =   0.186556E-01                                   *
*                                                               *
**************   chi**2/iteration = 0.9261       ****************

 Writing out intermediate results for iteration          33

************* Integration by Vegas (iteration  34) **************
*                                                               *
*  integral  =  36.343300       accum. integral =  36.432375    *
*  std. dev. = 0.55854019E-01   accum. std. dev = 0.93195242E-02*
*   max. wt. =   0.186556E-01                                   *
*                                                               *
**************   chi**2/iteration = 0.9773       ****************

 Writing out intermediate results for iteration          34

************* Integration by Vegas (iteration  35) **************
*                                                               *
*  integral  =  36.352110       accum. integral =  36.430180    *
*  std. dev. = 0.55587776E-01   accum. std. dev = 0.91912459E-02*
*   max. wt. =   0.186556E-01                                   *
*                                                               *
**************   chi**2/iteration =  1.008       ****************

 Writing out intermediate results for iteration          35

************* Integration by Vegas (iteration  36) **************
*                                                               *
*  integral  =  36.377664       accum. integral =  36.428799    *
*  std. dev. = 0.55918313E-01   accum. std. dev = 0.90695455E-02*
*   max. wt. =   0.186556E-01                                   *
*                                                               *
**************   chi**2/iteration =  1.004       ****************

 Writing out intermediate results for iteration          36

************* Integration by Vegas (iteration  37) **************
*                                                               *
*  integral  =  36.525114       accum. integral =  36.431243    *
*  std. dev. = 0.56209055E-01   accum. std. dev = 0.89537389E-02*
*   max. wt. =   0.186556E-01                                   *
*                                                               *
**************   chi**2/iteration =  1.055       ****************

 Writing out intermediate results for iteration          37

************* Integration by Vegas (iteration  38) **************
*                                                               *
*  integral  =  36.458082       accum. integral =  36.431894    *
*  std. dev. = 0.56763478E-01   accum. std. dev = 0.88443856E-02*
*   max. wt. =   0.186556E-01                                   *
*                                                               *
**************   chi**2/iteration =  1.033       ****************

 Writing out intermediate results for iteration          38

************* Integration by Vegas (iteration  39) **************
*                                                               *
*  integral  =  36.535592       accum. integral =  36.434326    *
*  std. dev. = 0.57078286E-01   accum. std. dev = 0.87400829E-02*
*   max. wt. =   0.186556E-01                                   *
*                                                               *
**************   chi**2/iteration =  1.091       ****************

 Writing out intermediate results for iteration          39

************* Integration by Vegas (iteration  40) **************
*                                                               *
*  integral  =  36.465518       accum. integral =  36.435022    *
*  std. dev. = 0.57848132E-01   accum. std. dev = 0.86420031E-02*
*   max. wt. =   0.186556E-01                                   *
*                                                               *
**************   chi**2/iteration =  1.070       ****************

 Writing out intermediate results for iteration          40

************* Integration by Vegas (iteration  41) **************
*                                                               *
*  integral  =  36.402962       accum. integral =  36.434289    *
*  std. dev. = 0.56513026E-01   accum. std. dev = 0.85426962E-02*
*   max. wt. =   0.186556E-01                                   *
*                                                               *
**************   chi**2/iteration =  1.051       ****************

 Writing out intermediate results for iteration          41

************* Integration by Vegas (iteration  42) **************
*                                                               *
*  integral  =  36.486998       accum. integral =  36.435319    *
*  std. dev. = 0.60509339E-01   accum. std. dev = 0.84588127E-02*
*   max. wt. =   0.217638E-01                                   *
*                                                               *
**************   chi**2/iteration =  1.043       ****************

 Writing out intermediate results for iteration          42

************* Integration by Vegas (iteration  43) **************
*                                                               *
*  integral  =  36.451352       accum. integral =  36.435643    *
*  std. dev. = 0.58891731E-01   accum. std. dev = 0.83728851E-02*
*   max. wt. =   0.217638E-01                                   *
*                                                               *
**************   chi**2/iteration =  1.020       ****************

 Writing out intermediate results for iteration          43

************* Integration by Vegas (iteration  44) **************
*                                                               *
*  integral  =  36.399716       accum. integral =  36.434881    *
*  std. dev. = 0.56867615E-01   accum. std. dev = 0.82835806E-02*
*   max. wt. =   0.217638E-01                                   *
*                                                               *
**************   chi**2/iteration =  1.006       ****************

 Writing out intermediate results for iteration          44

************* Integration by Vegas (iteration  45) **************
*                                                               *
*  integral  =  36.463295       accum. integral =  36.435454    *
*  std. dev. = 0.57769768E-01   accum. std. dev = 0.81997141E-02*
*   max. wt. =   0.217638E-01                                   *
*                                                               *
**************   chi**2/iteration = 0.9883       ****************

 Writing out intermediate results for iteration          45

************* Integration by Vegas (iteration  46) **************
*                                                               *
*  integral  =  36.445203       accum. integral =  36.435646    *
*  std. dev. = 0.57782887E-01   accum. std. dev = 0.81183808E-02*
*   max. wt. =   0.217638E-01                                   *
*                                                               *
**************   chi**2/iteration = 0.9669       ****************

 Writing out intermediate results for iteration          46

************* Integration by Vegas (iteration  47) **************
*                                                               *
*  integral  =  36.528230       accum. integral =  36.437313    *
*  std. dev. = 0.59954181E-01   accum. std. dev = 0.80449605E-02*
*   max. wt. =   0.217638E-01                                   *
*                                                               *
**************   chi**2/iteration = 0.9968       ****************

 Writing out intermediate results for iteration          47

************* Integration by Vegas (iteration  48) **************
*                                                               *
*  integral  =  36.470274       accum. integral =  36.437921    *
*  std. dev. = 0.58677522E-01   accum. std. dev = 0.79703967E-02*
*   max. wt. =   0.217638E-01                                   *
*                                                               *
**************   chi**2/iteration = 0.9822       ****************

 Writing out intermediate results for iteration          48

************* Integration by Vegas (iteration  49) **************
*                                                               *
*  integral  =  36.483675       accum. integral =  36.438788    *
*  std. dev. = 0.57370312E-01   accum. std. dev = 0.78945733E-02*
*   max. wt. =   0.217638E-01                                   *
*                                                               *
**************   chi**2/iteration = 0.9747       ****************

 Writing out intermediate results for iteration          49

************* Integration by Vegas (iteration  50) **************
*                                                               *
*  integral  =  36.416559       accum. integral =  36.438392    *
*  std. dev. = 0.58658341E-01   accum. std. dev = 0.78240318E-02*
*   max. wt. =   0.217638E-01                                   *
*                                                               *
**************   chi**2/iteration = 0.9577       ****************


Value of final lord integral is       36.4384 +/-     0.0078 fb

 Total number of shots       :     47239200
 Total no. failing cuts      :     18349224
 Number failing jet cuts     :            0
 Number failing process cuts :            0

   Jet efficiency : 100.00%
   Cut efficiency : 100.00%
 Total efficiency : 100.00%

 Contribution from parton sub-processes:
 ---------------------------------------
       GG     |          36.43839  100.00%
       GQ     |           0.00000    0.00%
       GQB    |           0.00000    0.00%
       QG     |           0.00000    0.00%
       QBG    |           0.00000    0.00%
       QQ     |           0.00000    0.00%
       QBQB   |           0.00000    0.00%
       QQB    |           0.00000    0.00%
       QBQ    |           0.00000    0.00%
 ---------------------------------------

 ****************************************************
 output files  E_var/E_80/CTEQ/HTOP/ggZZ4l_lord_cteq6_l_0___0___126_131_run_80
 ****************************************************
