 ************** MCFM - version 6.8 ****************
 *                                                *
 * MCFM, v6.8                   April 26th, 2014  *
 *                                                *
 * Authors: John Campbell, Keith Ellis,           *
 *          Ciaran Williams                       *
 *         (johnmc@fnal.gov, ellis@fnal.gov,      *
 *          ciaran@fnal.gov)                      *
 *                                                *
 * For details see:                               *
 *                                                *
 *  arXiv:1403.2641 (Triphoton production)        *
 *  arXiv:1312.1628 (gg->WW, Higgs interference)  *
 *  arXiv:1311.3589 (gg->ZZ, Higgs interference)  *
 *  Phys.Rev.D87:114006, arXiv:1302.3856          *
 *  (tZ, tH -- with R. Rontsch)                   *
 *  arXiv:1211.6390 (DM, P. Fox and C. Williams)  *
 *  JHEP 1211:162 (2012), arXiv:1208.0566         *
 *  (Z+gam+jet,Z+gam+gam -- with H. Hartanto)     *
 *  arXiv:1204.1513 (top production+decay)        *
 *  JHEP 1207:052 (2012), arXiv:1204.5678 (ttW)   *
 *  JHEP 1110:005 (2011), arXiv:1107.5569         *
 *         (gg->WW,Higgs intference)              *
 *  JHEP 1107:018 (2011), arXiv:1105.0020         *
 *         (diboson update)                       *
 *  JHEP 1103:027 (2011), arXiv:1011.6647         *
 *         (Wbb for mb>0, with S. Badger)         *
 *  Phys.Rev.D81:074023, arXiv:1001.4495 (H+2jet) *
 *                                                *
 *  P.R.L. 102:142001, arXiv:0903.0005 [hep-ph]   *
 *    (t-channel single top + explicit b,         *
 *      JC, R.Frederix, F.Maltoni, F.Tramontano)  *
 *  N.P.B 726:109(2005), hep-ph/0506289 (W+t)     *
 *  Phys.Rev.D70:094012, hep-ph/0408158 (Sngl Top)*
 *       (with Francesco Tramontano)              *
 *                                                *
 *  Phys.Rev.D65:113007, hep-ph/0202176 (W,Z+2j)  *
 *  Phys.Rev.D62:114012, hep-ph/0006304 (W,Z+bb)  *
 *  Phys.Rev.D60:113006, hep-ph/9905386 (diboson) *
 *                                                *
 * On the web:  http://mcfm.fnal.gov/             *
 **************************************************

 * Using input file named cluster_CMS_25/MSTW/TOP/input_129_14.DAT                                

 * [Flags to specify the mode in which MCFM is run]                                          
 *                   -1            [nevtrequested] 
 *                    F            [creatent] 
 *                    F            [skipnt] 
 *                    F            [dswhisto] 
 *                    F            [creategrid] 
 *                    T            [writetop] 
 *                    T            [writedat] 
 *                    T            [writegnu] 
 *                    T            [writeroot] 
 *                    F            [writepwg] 

 * [General options to specify the process and execution]                                    
 *                  129            [nproc] 
 *                 lord            [part] 
 * 129_run_14                      [runstring] 
 *           14000.0000            [sqrts] 
 *                    1            [ih1] 
 *                    1            [ih2] 
 *             126.0000            [hmass] 
 *              63.0000            [scale] 
 *              63.0000            [facscale] 
 * no                              [dynamicscale] 
 *                    F            [zerowidth] 
 *                    F            [removebr] 
 *                   20            [itmx1] 
 *               500000            [ncall1] 
 *                   50            [itmx2] 
 *               500000            [ncall2] 
 *                 2020            [ij] 
 *                    F            [dryrun] 
 *                    T            [Qflag] 
 *                    T            [Gflag] 

 * [Heavy quark masses]                                                                      
 *             173.2000            [top mass] 
 *               4.7500            [bottom mass] 
 *               1.5000            [charm mass] 

 * [Pdf selection]                                                                           
 *              mstw8lo            [pdlabel] 
 *                    4            [NGROUP] 
 *                   46            [NSET] 
 * cteq6mE.LHgrid                  [LHAPDF group] 
 *                   -1            [LHAPDF set] 

 * [Jet definition and event cuts]                                                           
 *               0.0000            [m34min] 
 *           14000.0000            [m34max] 
 *               0.0000            [m56min] 
 *           14000.0000            [m56max] 
 *                    T            [inclusive] 
 *                 ankt            [algorithm] 
 *              15.0000            [ptjetmin] 
 *               0.0000            [etajetmin] 
 *               5.0000            [etajetmax] 
 *               0.5000            [Rcut] 
 *                    T            [makecuts] 
 *               0.0000            [leptpt] 
 *              99.0000            [leptrap] 
 *    0.000,   0.000                [leptveto] 
 *               0.0000            [misspt] 
 *               0.0000            [leptpt2] 
 *              99.0000            [leptrap2] 
 *    0.000,   0.000                [leptveto2] 
 *               0.0000            [mtrans34cut] 
 *               0.0000            [Rjlmin] 
 *               0.0000            [Rllmin] 
 *               0.0000            [delyjjmin] 
 *                    F            [jetsopphem] 
 *                    0            [lbjscheme] 
 *               0.0000            [ptbjetmin] 
 *              99.0000            [etabjetmax] 

 * [Settings for photon processes]                                                           
 *                    F            [frag] 
 *             GdRG__LO            [fragset] 
 *              80.0000            [frag_scale] 
 *              20.0000            [gammpt] 
 *               2.5000            [gammrap] 
 *              20.0000            [gammpt2] 
 *              20.0000            [gammpt3] 
 *               0.0000            [Rgalmin] 
 *               0.4000            [Rgagamin] 
 *               0.4000            [Rgajetmin] 
 *               0.4000            [cone_ang] 
 *               0.5000            [epsilon_h] 

 * [Anomalous couplings of the W and Z]                                                      
 *               0.0000            [delg1_z] 
 *               0.0000            [delk_z] 
 *               0.0000            [delk_g] 
 *               0.0000            [lambda_z] 
 *               0.0000            [lambda_g] 
 *               0.0000            [h1Z] 
 *               0.0000            [h1gam] 
 *               0.0000            [h2Z] 
 *               0.0000            [h2gam] 
 *               0.0000            [h3Z] 
 *               0.0000            [h3gam] 
 *               0.0000            [h4Z] 
 *               0.0000            [h4gam] 
 *               2.0000            [tevscale] 

 * [Anomalous width of the Higgs]                                                            
 *              25.0000            [Gamma_H/Gamma_H(SM)] 

 * [How to resume/save a run]                                                                
 *                    F            [readin] 
 *                    F            [writeout] 
 *                                 [ingridfile] 
 *                                 [outgridfile] 

 * [Technical parameters that should not normally be changed]

 *                    F            [debug] 
 *                    T            [verbose] 
 *                    F            [new_pspace] 
 *                    F            [virtonly] 
 *                    F            [realonly] 
 *                    T            [spira] 
 *                    F            [noglue] 
 *                    F            [ggonly] 
 *                    F            [gqonly] 
 *                    F            [omitgg] 
 *                    F            [vanillafiles] 
 *                    1            [nmin] 
 *                    2            [nmax] 
 *                    T            [clustering] 
 *                    F            [realwt] 
 *                    0            [colourchoice] 
 *               0.0100            [rtsmin] 
 *               0.0001            [cutoff] 
 *               0.1000            [aii] 
 *               0.1000            [aif] 
 *               0.1000            [afi] 
 *               1.0000            [aff] 
 *               1.0000            [bfi] 
 *               1.0000            [bff] 

 Chooser:process chosen by nproc=         129

 *************************** f(p1)+f(p2) --> ******************************************
 * H(--> Z^0(e^-(p3)+e^+(p4)) + Z^0(mu^-(p5)+mu^+(p6)) [only H, gg->ZZ intf.]         *
 **************************************************************************************

 ************** Electroweak parameters **************
 *                                                  *
 *  zmass(+)   91.1876000     wmass(+)  80.3980000  *
 * zwidth(+)    2.4952000    wwidth(+)   2.1054000  *
 *     Gf(+) 0.116639D-04   1/aemmz    132.3384323  *
 *     xw       0.2226459      mtop(+) 173.2000000  *
 *   gwsq       0.4264904       esq      0.0949563  *
 * top width    1.4743080 (LO)                      *
 *    mb        4.7500000        mc      1.5000000  *
 *                                                  *
 * Parameters marked (+) are input, others derived  *
 ****************************************************

 ****************** Higgs parameters ****************
 *                                                  *
 *   mass(H) =  126.00      width(H) =  0.10768E+00 *
 *                                                  *
 *              Br( H -> b bbar)  =   0.09633       *
 *              Br( H -> tau tau) =   0.01211       *
 *              Br( H -> W W)     =   0.00000       *
 *              Br( H -> Z Z)     =   0.00000       *
 *              Br( H -> gam gam) =   0.00047       *
 *              Br( H -> Z gam)   =   0.00033       *
 ****************************************************
 *                                                  *
 * Note: branching ratios reported here can be > 1  *
 *       since the total Higgs width is calculated  *
 *       at NLO but the BR calculation uses a       *
 *       partial width at LO only.                  *
 *                                                  *
 ****************************************************

 WARNING: Higgs decay H->ZZ is below threshold and
 may not yield sensible results - check the number
 of integration points

 ***************** CKM mixing matrix ****************
 *                                                  *
 *      Vud=.97500    Vus=.22200    Vub=0.0000      *
 *      Vcd=.22200    Vcs=.97500    Vcb=0.0000      *
 ****************************************************

 ************* Strong coupling, alpha_s  ************
 *                                                  *
 *       alpha_s (scale)  0.14874512                *
 *       alpha_s (zmass)  0.13939000                *
 *         (using 1-loop running of alpha_s)        *
 ****************************************************

 ****************************************
 *     Cross section in femtobarns      *
 ****************************************


 input parameters for vegas:  ndim= 10  ncall= 472392.
                              it=    0  itmx=   20
                              nprn=  0  alph= 1.50
                              mds=  1   nd= 100
                              xl( 1)=   0.000     xu( 1)=   1.000    
                              xl( 2)=   0.000     xu( 2)=   1.000    
                              xl( 3)=   0.000     xu( 3)=   1.000    
                              xl( 4)=   0.000     xu( 4)=   1.000    
                              xl( 5)=   0.000     xu( 5)=   1.000    
                              xl( 6)=   0.000     xu( 6)=   1.000    
                              xl( 7)=   0.000     xu( 7)=   1.000    
                              xl( 8)=   0.000     xu( 8)=   1.000    
                              xl( 9)=   0.000     xu( 9)=   1.000    
                              xl(10)=   0.000     xu(10)=   1.000    

 ****************** Basic mass cuts *****************
 *                                                  *
 *              0.00  <   m34  < 14000.00           *
 *              0.00  <   m56  < 14000.00           *
 ****************************************************
 *********** CMS Higgs Search cuts******
 *                                     *
 *     pt(mu) >           5.00 GeV     *
 *     pt(el) >           7.00 GeV     *
 *     |eta_mu| <         2.40         *
 *     |eta_el| <         2.50         *
 *     m4lmin >         100.00 GeV     *
 *     m2lmin >           4.00 GeV     *
 *     ptleading >       20.00 GeV     *
 *     ptnexttoleading > 10.00 GeV     *
 *     mllnear >         40.00 GeV     *
 *     mllfar >          12.00 GeV     *
 *     mllmax >         120.00 GeV     *
 ***************************************
 ====================================================
   This is QCDLoop - version 1.95                    
   Authors: Keith Ellis and Giulia Zanderighi        
   (ellis@fnal.gov, g.zanderighi1@physics.ox.ac.uk)  
   For details see FERMILAB-PUB-07-633-T,OUTP-07/16P 
   arXiv:0712.1851 [hep-ph], published in            
   JHEP 0802:002,2008.                               
 ====================================================
 ====================================================
   FF 2.0, a package to evaluate one-loop integrals
 written by G. J. van Oldenborgh, NIKHEF-H, Amsterdam
 ====================================================
 for the algorithms used see preprint NIKHEF-H 89/17,
 'New Algorithms for One-loop Integrals', by G.J. van
 Oldenborgh and J.A.M. Vermaseren, published in 
 Zeitschrift fuer Physik C46(1990)425.
 ====================================================
 ffini: precx =    4.4408920985006262E-016
 ffini: precc =    4.4408920985006262E-016
 ffini: xalogm =    4.9406564584124654E-324
 ffini: xclogm =    4.9406564584124654E-324
 ****************************************************
 *                                                  *
 *  gg->ZZ box loop includes gens. 1 and 2          *
 *  gg->ZZ box loop includes bottom quark           *
 *  gg->ZZ box loop includes top quark              *
 *                                                  *
 *  Numer. stability: pt(Z) > 0.100 GeV (gens. 1,2) *
 *  Numer. stability: pt(Z) > 0.100 GeV (b,t loops) *
 *                                                  *
 ****************************************************
 Reading PDF grid from Pdfdata/mstw2008lo.00.dat

************* Integration by Vegas (iteration   1) **************
*                                                               *
*  integral  = -2.0038257       accum. integral = -2.0038257    *
*  std. dev. = 0.58554922E-01   accum. std. dev = 0.58554922E-01*
*   max. wt. =   0.551697E-02                                   *
*                                                               *
**************   chi**2/iteration =  0.000       ****************


************* Integration by Vegas (iteration   2) **************
*                                                               *
*  integral  = -2.0135012       accum. integral = -2.0132980    *
*  std. dev. = 0.85759162E-02   accum. std. dev = 0.84853918E-02*
*   max. wt. =   0.551697E-02                                   *
*                                                               *
**************   chi**2/iteration = 0.2647E-01   ****************


************* Integration by Vegas (iteration   3) **************
*                                                               *
*  integral  = -1.9965916       accum. integral = -1.9988909    *
*  std. dev. = 0.33898529E-02   accum. std. dev = 0.31479497E-02*
*   max. wt. =   0.551697E-02                                   *
*                                                               *
**************   chi**2/iteration =  1.676       ****************


************* Integration by Vegas (iteration   4) **************
*                                                               *
*  integral  = -1.9976319       accum. integral = -1.9983411    *
*  std. dev. = 0.35754067E-02   accum. std. dev = 0.23626866E-02*
*   max. wt. =   0.551697E-02                                   *
*                                                               *
**************   chi**2/iteration =  1.143       ****************


************* Integration by Vegas (iteration   5) **************
*                                                               *
*  integral  = -1.9977780       accum. integral = -1.9981936    *
*  std. dev. = 0.39660144E-02   accum. std. dev = 0.20297979E-02*
*   max. wt. =   0.551697E-02                                   *
*                                                               *
**************   chi**2/iteration = 0.8614       ****************


************* Integration by Vegas (iteration   6) **************
*                                                               *
*  integral  = -2.0023571       accum. integral = -1.9992564    *
*  std. dev. = 0.34669191E-02   accum. std. dev = 0.17516609E-02*
*   max. wt. =   0.551697E-02                                   *
*                                                               *
**************   chi**2/iteration = 0.9039       ****************


************* Integration by Vegas (iteration   7) **************
*                                                               *
*  integral  = -1.9997128       accum. integral = -1.9993695    *
*  std. dev. = 0.30522630E-02   accum. std. dev = 0.15192545E-02*
*   max. wt. =   0.551697E-02                                   *
*                                                               *
**************   chi**2/iteration = 0.7563       ****************


************* Integration by Vegas (iteration   8) **************
*                                                               *
*  integral  = -2.0004323       accum. integral = -1.9995908    *
*  std. dev. = 0.29628394E-02   accum. std. dev = 0.13518871E-02*
*   max. wt. =   0.551697E-02                                   *
*                                                               *
**************   chi**2/iteration = 0.6629       ****************


************* Integration by Vegas (iteration   9) **************
*                                                               *
*  integral  = -2.0030495       accum. integral = -2.0001743    *
*  std. dev. = 0.30010210E-02   accum. std. dev = 0.12325954E-02*
*   max. wt. =   0.551697E-02                                   *
*                                                               *
**************   chi**2/iteration = 0.7180       ****************


************* Integration by Vegas (iteration  10) **************
*                                                               *
*  integral  = -2.0018948       accum. integral = -2.0004392    *
*  std. dev. = 0.28888781E-02   accum. std. dev = 0.11337133E-02*
*   max. wt. =   0.551697E-02                                   *
*                                                               *
**************   chi**2/iteration = 0.6716       ****************


************* Integration by Vegas (iteration  11) **************
*                                                               *
*  integral  = -1.9959384       accum. integral = -1.9998619    *
*  std. dev. = 0.29553135E-02   accum. std. dev = 0.10584994E-02*
*   max. wt. =   0.551697E-02                                   *
*                                                               *
**************   chi**2/iteration = 0.8065       ****************


************* Integration by Vegas (iteration  12) **************
*                                                               *
*  integral  = -1.9965641       accum. integral = -1.9994831    *
*  std. dev. = 0.29385732E-02   accum. std. dev = 0.99586253E-03*
*   max. wt. =   0.551697E-02                                   *
*                                                               *
**************   chi**2/iteration = 0.8345       ****************


************* Integration by Vegas (iteration  13) **************
*                                                               *
*  integral  = -2.0013869       accum. integral = -1.9996730    *
*  std. dev. = 0.29919149E-02   accum. std. dev = 0.94489472E-03*
*   max. wt. =   0.551697E-02                                   *
*                                                               *
**************   chi**2/iteration = 0.7954       ****************


************* Integration by Vegas (iteration  14) **************
*                                                               *
*  integral  = -1.9951433       accum. integral = -1.9992894    *
*  std. dev. = 0.31066368E-02   accum. std. dev = 0.90400500E-03*
*   max. wt. =   0.551697E-02                                   *
*                                                               *
**************   chi**2/iteration = 0.8838       ****************


************* Integration by Vegas (iteration  15) **************
*                                                               *
*  integral  = -1.9968949       accum. integral = -1.9990962    *
*  std. dev. = 0.30512639E-02   accum. std. dev = 0.86676395E-03*
*   max. wt. =   0.551697E-02                                   *
*                                                               *
**************   chi**2/iteration = 0.8611       ****************


************* Integration by Vegas (iteration  16) **************
*                                                               *
*  integral  = -1.9979198       accum. integral = -1.9990242    *
*  std. dev. = 0.33932807E-02   accum. std. dev = 0.83979954E-03*
*   max. wt. =   0.551697E-02                                   *
*                                                               *
**************   chi**2/iteration = 0.8113       ****************


************* Integration by Vegas (iteration  17) **************
*                                                               *
*  integral  = -2.0005955       accum. integral = -1.9991160    *
*  std. dev. = 0.33715830E-02   accum. std. dev = 0.81490100E-03*
*   max. wt. =   0.551697E-02                                   *
*                                                               *
**************   chi**2/iteration = 0.7734       ****************


************* Integration by Vegas (iteration  18) **************
*                                                               *
*  integral  = -1.9969852       accum. integral = -1.9990091    *
*  std. dev. = 0.35461485E-02   accum. std. dev = 0.79420087E-03*
*   max. wt. =   0.551697E-02                                   *
*                                                               *
**************   chi**2/iteration = 0.7481       ****************


************* Integration by Vegas (iteration  19) **************
*                                                               *
*  integral  = -1.9980234       accum. integral = -1.9989582    *
*  std. dev. = 0.34042637E-02   accum. std. dev = 0.77343194E-03*
*   max. wt. =   0.551697E-02                                   *
*                                                               *
**************   chi**2/iteration = 0.7110       ****************


************* Integration by Vegas (iteration  20) **************
*                                                               *
*  integral  = -2.0019557       accum. integral = -1.9991208    *
*  std. dev. = 0.32296015E-02   accum. std. dev = 0.75216370E-03*
*   max. wt. =   0.551697E-02                                   *
*                                                               *
**************   chi**2/iteration = 0.7164       ****************


 input parameters for vegas:  ndim= 10  ncall= 472392.
                              it=   21  itmx=   50
                              nprn=  0  alph= 1.50
                              mds=  1   nd= 100
                              xl( 1)=   0.000     xu( 1)=   1.000    
                              xl( 2)=   0.000     xu( 2)=   1.000    
                              xl( 3)=   0.000     xu( 3)=   1.000    
                              xl( 4)=   0.000     xu( 4)=   1.000    
                              xl( 5)=   0.000     xu( 5)=   1.000    
                              xl( 6)=   0.000     xu( 6)=   1.000    
                              xl( 7)=   0.000     xu( 7)=   1.000    
                              xl( 8)=   0.000     xu( 8)=   1.000    
                              xl( 9)=   0.000     xu( 9)=   1.000    
                              xl(10)=   0.000     xu(10)=   1.000    

************* Integration by Vegas (iteration   1) **************
*                                                               *
*  integral  = -1.9873395       accum. integral = -1.9873395    *
*  std. dev. = 0.30925118E-02   accum. std. dev = 0.30925118E-02*
*   max. wt. =   0.255409E-03                                   *
*                                                               *
**************   chi**2/iteration =  0.000       ****************

 Writing out intermediate results for iteration           1

************* Integration by Vegas (iteration   2) **************
*                                                               *
*  integral  = -2.0023097       accum. integral = -1.9944680    *
*  std. dev. = 0.32435127E-02   accum. std. dev = 0.22382151E-02*
*   max. wt. =   0.109363E-02                                   *
*                                                               *
**************   chi**2/iteration =  11.05       ****************

 Writing out intermediate results for iteration           2

************* Integration by Vegas (iteration   3) **************
*                                                               *
*  integral  = -2.0029951       accum. integral = -1.9973022    *
*  std. dev. = 0.31721546E-02   accum. std. dev = 0.18288086E-02*
*   max. wt. =   0.109363E-02                                   *
*                                                               *
**************   chi**2/iteration =  7.952       ****************

 Writing out intermediate results for iteration           3

************* Integration by Vegas (iteration   4) **************
*                                                               *
*  integral  = -1.9996346       accum. integral = -1.9978967    *
*  std. dev. = 0.31270523E-02   accum. std. dev = 0.15786538E-02*
*   max. wt. =   0.109363E-02                                   *
*                                                               *
**************   chi**2/iteration =  5.448       ****************

 Writing out intermediate results for iteration           4

************* Integration by Vegas (iteration   5) **************
*                                                               *
*  integral  = -1.9939320       accum. integral = -1.9971885    *
*  std. dev. = 0.33854019E-02   accum. std. dev = 0.14307438E-02*
*   max. wt. =   0.133061E-02                                   *
*                                                               *
**************   chi**2/iteration =  4.370       ****************

 Writing out intermediate results for iteration           5

************* Integration by Vegas (iteration   6) **************
*                                                               *
*  integral  = -2.0023637       accum. integral = -1.9980150    *
*  std. dev. = 0.32818324E-02   accum. std. dev = 0.13115276E-02*
*   max. wt. =   0.133061E-02                                   *
*                                                               *
**************   chi**2/iteration =  3.915       ****************

 Writing out intermediate results for iteration           6

************* Integration by Vegas (iteration   7) **************
*                                                               *
*  integral  = -2.0015369       accum. integral = -1.9985675    *
*  std. dev. = 0.30404583E-02   accum. std. dev = 0.12042655E-02*
*   max. wt. =   0.133061E-02                                   *
*                                                               *
**************   chi**2/iteration =  3.452       ****************

 Writing out intermediate results for iteration           7

************* Integration by Vegas (iteration   8) **************
*                                                               *
*  integral  = -1.9992120       accum. integral = -1.9986554    *
*  std. dev. = 0.30310444E-02   accum. std. dev = 0.11191674E-02*
*   max. wt. =   0.133061E-02                                   *
*                                                               *
**************   chi**2/iteration =  2.965       ****************

 Writing out intermediate results for iteration           8

************* Integration by Vegas (iteration   9) **************
*                                                               *
*  integral  = -1.9933210       accum. integral = -1.9980199    *
*  std. dev. = 0.30431233E-02   accum. std. dev = 0.10503849E-02*
*   max. wt. =   0.133061E-02                                   *
*                                                               *
**************   chi**2/iteration =  2.933       ****************

 Writing out intermediate results for iteration           9

************* Integration by Vegas (iteration  10) **************
*                                                               *
*  integral  = -1.9968229       accum. integral = -1.9979211    *
*  std. dev. = 0.35032711E-02   accum. std. dev = 0.10061334E-02*
*   max. wt. =   0.138649E-02                                   *
*                                                               *
**************   chi**2/iteration =  2.619       ****************

 Writing out intermediate results for iteration          10

************* Integration by Vegas (iteration  11) **************
*                                                               *
*  integral  = -2.0015227       accum. integral = -1.9982112    *
*  std. dev. = 0.33992353E-02   accum. std. dev = 0.96475974E-03*
*   max. wt. =   0.138649E-02                                   *
*                                                               *
**************   chi**2/iteration =  2.460       ****************

 Writing out intermediate results for iteration          11

************* Integration by Vegas (iteration  12) **************
*                                                               *
*  integral  = -1.9926242       accum. integral = -1.9978212    *
*  std. dev. = 0.35214346E-02   accum. std. dev = 0.93047166E-03*
*   max. wt. =   0.138649E-02                                   *
*                                                               *
**************   chi**2/iteration =  2.450       ****************

 Writing out intermediate results for iteration          12

************* Integration by Vegas (iteration  13) **************
*                                                               *
*  integral  = -2.0002729       accum. integral = -1.9979966    *
*  std. dev. = 0.33521452E-02   accum. std. dev = 0.89657298E-03*
*   max. wt. =   0.138649E-02                                   *
*                                                               *
**************   chi**2/iteration =  2.287       ****************

 Writing out intermediate results for iteration          13

************* Integration by Vegas (iteration  14) **************
*                                                               *
*  integral  = -1.9981850       accum. integral = -1.9980098    *
*  std. dev. = 0.32612888E-02   accum. std. dev = 0.86449957E-03*
*   max. wt. =   0.138649E-02                                   *
*                                                               *
**************   chi**2/iteration =  2.112       ****************

 Writing out intermediate results for iteration          14

************* Integration by Vegas (iteration  15) **************
*                                                               *
*  integral  = -1.9982947       accum. integral = -1.9980289    *
*  std. dev. = 0.32259378E-02   accum. std. dev = 0.83503521E-03*
*   max. wt. =   0.138649E-02                                   *
*                                                               *
**************   chi**2/iteration =  1.961       ****************

 Writing out intermediate results for iteration          15

************* Integration by Vegas (iteration  16) **************
*                                                               *
*  integral  = -2.0003160       accum. integral = -1.9981812    *
*  std. dev. = 0.31258179E-02   accum. std. dev = 0.80674477E-03*
*   max. wt. =   0.138649E-02                                   *
*                                                               *
**************   chi**2/iteration =  1.864       ****************

 Writing out intermediate results for iteration          16

************* Integration by Vegas (iteration  17) **************
*                                                               *
*  integral  = -1.9990084       accum. integral = -1.9982294    *
*  std. dev. = 0.32452663E-02   accum. std. dev = 0.78291622E-03*
*   max. wt. =   0.138649E-02                                   *
*                                                               *
**************   chi**2/iteration =  1.751       ****************

 Writing out intermediate results for iteration          17

************* Integration by Vegas (iteration  18) **************
*                                                               *
*  integral  = -1.9999477       accum. integral = -1.9983291    *
*  std. dev. = 0.31548589E-02   accum. std. dev = 0.75986777E-03*
*   max. wt. =   0.138649E-02                                   *
*                                                               *
**************   chi**2/iteration =  1.665       ****************

 Writing out intermediate results for iteration          18

************* Integration by Vegas (iteration  19) **************
*                                                               *
*  integral  = -1.9975258       accum. integral = -1.9982900    *
*  std. dev. = 0.33599773E-02   accum. std. dev = 0.74115101E-03*
*   max. wt. =   0.138649E-02                                   *
*                                                               *
**************   chi**2/iteration =  1.575       ****************

 Writing out intermediate results for iteration          19

************* Integration by Vegas (iteration  20) **************
*                                                               *
*  integral  = -2.0006660       accum. integral = -1.9983452    *
*  std. dev. = 0.48055981E-02   accum. std. dev = 0.73249076E-03*
*   max. wt. =   0.323893E-02                                   *
*                                                               *
**************   chi**2/iteration =  1.505       ****************

 Writing out intermediate results for iteration          20

************* Integration by Vegas (iteration  21) **************
*                                                               *
*  integral  = -1.9919051       accum. integral = -1.9981817    *
*  std. dev. = 0.45385286E-02   accum. std. dev = 0.72313322E-03*
*   max. wt. =   0.323893E-02                                   *
*                                                               *
**************   chi**2/iteration =  1.528       ****************

 Writing out intermediate results for iteration          21

************* Integration by Vegas (iteration  22) **************
*                                                               *
*  integral  = -1.9961966       accum. integral = -1.9981000    *
*  std. dev. = 0.34917804E-02   accum. std. dev = 0.70810773E-03*
*   max. wt. =   0.323893E-02                                   *
*                                                               *
**************   chi**2/iteration =  1.470       ****************

 Writing out intermediate results for iteration          22

************* Integration by Vegas (iteration  23) **************
*                                                               *
*  integral  = -2.0024247       accum. integral = -1.9983016    *
*  std. dev. = 0.32028431E-02   accum. std. dev = 0.69141138E-03*
*   max. wt. =   0.323893E-02                                   *
*                                                               *
**************   chi**2/iteration =  1.482       ****************

 Writing out intermediate results for iteration          23

************* Integration by Vegas (iteration  24) **************
*                                                               *
*  integral  = -2.0022652       accum. integral = -1.9984864    *
*  std. dev. = 0.31263993E-02   accum. std. dev = 0.67509940E-03*
*   max. wt. =   0.323893E-02                                   *
*                                                               *
**************   chi**2/iteration =  1.484       ****************

 Writing out intermediate results for iteration          24

************* Integration by Vegas (iteration  25) **************
*                                                               *
*  integral  = -2.0035672       accum. integral = -1.9986985    *
*  std. dev. = 0.32343591E-02   accum. std. dev = 0.66085705E-03*
*   max. wt. =   0.323893E-02                                   *
*                                                               *
**************   chi**2/iteration =  1.521       ****************

 Writing out intermediate results for iteration          25

************* Integration by Vegas (iteration  26) **************
*                                                               *
*  integral  = -1.9954129       accum. integral = -1.9985688    *
*  std. dev. = 0.32603520E-02   accum. std. dev = 0.64768580E-03*
*   max. wt. =   0.323893E-02                                   *
*                                                               *
**************   chi**2/iteration =  1.499       ****************

 Writing out intermediate results for iteration          26

************* Integration by Vegas (iteration  27) **************
*                                                               *
*  integral  = -2.0046318       accum. integral = -1.9988064    *
*  std. dev. = 0.32072286E-02   accum. std. dev = 0.63486953E-03*
*   max. wt. =   0.323893E-02                                   *
*                                                               *
**************   chi**2/iteration =  1.574       ****************

 Writing out intermediate results for iteration          27

************* Integration by Vegas (iteration  28) **************
*                                                               *
*  integral  = -1.9945144       accum. integral = -1.9986391    *
*  std. dev. = 0.31522173E-02   accum. std. dev = 0.62237217E-03*
*   max. wt. =   0.323893E-02                                   *
*                                                               *
**************   chi**2/iteration =  1.581       ****************

 Writing out intermediate results for iteration          28

************* Integration by Vegas (iteration  29) **************
*                                                               *
*  integral  = -2.0026143       accum. integral = -1.9987947    *
*  std. dev. = 0.30835128E-02   accum. std. dev = 0.61006945E-03*
*   max. wt. =   0.323893E-02                                   *
*                                                               *
**************   chi**2/iteration =  1.582       ****************

 Writing out intermediate results for iteration          29

************* Integration by Vegas (iteration  30) **************
*                                                               *
*  integral  = -1.9993325       accum. integral = -1.9988124    *
*  std. dev. = 0.33035113E-02   accum. std. dev = 0.59992525E-03*
*   max. wt. =   0.323893E-02                                   *
*                                                               *
**************   chi**2/iteration =  1.528       ****************

 Writing out intermediate results for iteration          30

************* Integration by Vegas (iteration  31) **************
*                                                               *
*  integral  = -2.0055321       accum. integral = -1.9990315    *
*  std. dev. = 0.32684522E-02   accum. std. dev = 0.59006770E-03*
*   max. wt. =   0.323893E-02                                   *
*                                                               *
**************   chi**2/iteration =  1.614       ****************

 Writing out intermediate results for iteration          31

************* Integration by Vegas (iteration  32) **************
*                                                               *
*  integral  = -1.9986379       accum. integral = -1.9990209    *
*  std. dev. = 0.35532151E-02   accum. std. dev = 0.58209581E-03*
*   max. wt. =   0.323893E-02                                   *
*                                                               *
**************   chi**2/iteration =  1.562       ****************

 Writing out intermediate results for iteration          32

************* Integration by Vegas (iteration  33) **************
*                                                               *
*  integral  = -1.9960076       accum. integral = -1.9989707    *
*  std. dev. = 0.44726108E-02   accum. std. dev = 0.57722774E-03*
*   max. wt. =   0.323893E-02                                   *
*                                                               *
**************   chi**2/iteration =  1.527       ****************

 Writing out intermediate results for iteration          33

************* Integration by Vegas (iteration  34) **************
*                                                               *
*  integral  = -1.9976561       accum. integral = -1.9989456    *
*  std. dev. = 0.41395227E-02   accum. std. dev = 0.57169636E-03*
*   max. wt. =   0.323893E-02                                   *
*                                                               *
**************   chi**2/iteration =  1.484       ****************

 Writing out intermediate results for iteration          34

************* Integration by Vegas (iteration  35) **************
*                                                               *
*  integral  = -1.9896231       accum. integral = -1.9986784    *
*  std. dev. = 0.33277693E-02   accum. std. dev = 0.56344217E-03*
*   max. wt. =   0.323893E-02                                   *
*                                                               *
**************   chi**2/iteration =  1.664       ****************

 Writing out intermediate results for iteration          35

************* Integration by Vegas (iteration  36) **************
*                                                               *
*  integral  = -2.0033130       accum. integral = -1.9988166    *
*  std. dev. = 0.32131837E-02   accum. std. dev = 0.55497439E-03*
*   max. wt. =   0.323893E-02                                   *
*                                                               *
**************   chi**2/iteration =  1.674       ****************

 Writing out intermediate results for iteration          36

************* Integration by Vegas (iteration  37) **************
*                                                               *
*  integral  = -1.9964070       accum. integral = -1.9987619    *
*  std. dev. = 0.36418400E-02   accum. std. dev = 0.54864062E-03*
*   max. wt. =   0.323893E-02                                   *
*                                                               *
**************   chi**2/iteration =  1.640       ****************

 Writing out intermediate results for iteration          37

************* Integration by Vegas (iteration  38) **************
*                                                               *
*  integral  = -2.0077196       accum. integral = -1.9989610    *
*  std. dev. = 0.36394657E-02   accum. std. dev = 0.54251101E-03*
*   max. wt. =   0.323893E-02                                   *
*                                                               *
**************   chi**2/iteration =  1.755       ****************

 Writing out intermediate results for iteration          38

************* Integration by Vegas (iteration  39) **************
*                                                               *
*  integral  = -2.0004822       accum. integral = -1.9989972    *
*  std. dev. = 0.34752012E-02   accum. std. dev = 0.53601891E-03*
*   max. wt. =   0.323893E-02                                   *
*                                                               *
**************   chi**2/iteration =  1.714       ****************

 Writing out intermediate results for iteration          39

************* Integration by Vegas (iteration  40) **************
*                                                               *
*  integral  = -1.9953677       accum. integral = -1.9989039    *
*  std. dev. = 0.33003469E-02   accum. std. dev = 0.52908622E-03*
*   max. wt. =   0.323893E-02                                   *
*                                                               *
**************   chi**2/iteration =  1.700       ****************

 Writing out intermediate results for iteration          40

************* Integration by Vegas (iteration  41) **************
*                                                               *
*  integral  = -1.9979318       accum. integral = -1.9988794    *
*  std. dev. = 0.32892582E-02   accum. std. dev = 0.52237156E-03*
*   max. wt. =   0.323893E-02                                   *
*                                                               *
**************   chi**2/iteration =  1.660       ****************

 Writing out intermediate results for iteration          41

************* Integration by Vegas (iteration  42) **************
*                                                               *
*  integral  = -1.9989172       accum. integral = -1.9988803    *
*  std. dev. = 0.33014053E-02   accum. std. dev = 0.51595284E-03*
*   max. wt. =   0.323893E-02                                   *
*                                                               *
**************   chi**2/iteration =  1.620       ****************

 Writing out intermediate results for iteration          42

************* Integration by Vegas (iteration  43) **************
*                                                               *
*  integral  = -1.9968279       accum. integral = -1.9988299    *
*  std. dev. = 0.32504869E-02   accum. std. dev = 0.50957330E-03*
*   max. wt. =   0.323893E-02                                   *
*                                                               *
**************   chi**2/iteration =  1.590       ****************

 Writing out intermediate results for iteration          43

************* Integration by Vegas (iteration  44) **************
*                                                               *
*  integral  = -2.0019044       accum. integral = -1.9989014    *
*  std. dev. = 0.33013754E-02   accum. std. dev = 0.50360949E-03*
*   max. wt. =   0.323893E-02                                   *
*                                                               *
**************   chi**2/iteration =  1.573       ****************

 Writing out intermediate results for iteration          44

************* Integration by Vegas (iteration  45) **************
*                                                               *
*  integral  = -1.9950584       accum. integral = -1.9988313    *
*  std. dev. = 0.36935242E-02   accum. std. dev = 0.49899243E-03*
*   max. wt. =   0.323893E-02                                   *
*                                                               *
**************   chi**2/iteration =  1.561       ****************

 Writing out intermediate results for iteration          45

************* Integration by Vegas (iteration  46) **************
*                                                               *
*  integral  = -1.9965647       accum. integral = -1.9987870    *
*  std. dev. = 0.35372033E-02   accum. std. dev = 0.49410019E-03*
*   max. wt. =   0.323893E-02                                   *
*                                                               *
**************   chi**2/iteration =  1.536       ****************

 Writing out intermediate results for iteration          46

************* Integration by Vegas (iteration  47) **************
*                                                               *
*  integral  = -2.0076787       accum. integral = -1.9989726    *
*  std. dev. = 0.33844585E-02   accum. std. dev = 0.48891742E-03*
*   max. wt. =   0.323893E-02                                   *
*                                                               *
**************   chi**2/iteration =  1.649       ****************

 Writing out intermediate results for iteration          47

************* Integration by Vegas (iteration  48) **************
*                                                               *
*  integral  = -2.0009208       accum. integral = -1.9990158    *
*  std. dev. = 0.32450179E-02   accum. std. dev = 0.48346080E-03*
*   max. wt. =   0.323893E-02                                   *
*                                                               *
**************   chi**2/iteration =  1.622       ****************

 Writing out intermediate results for iteration          48

************* Integration by Vegas (iteration  49) **************
*                                                               *
*  integral  = -2.0006688       accum. integral = -1.9990540    *
*  std. dev. = 0.31461176E-02   accum. std. dev = 0.47785168E-03*
*   max. wt. =   0.323893E-02                                   *
*                                                               *
**************   chi**2/iteration =  1.593       ****************

 Writing out intermediate results for iteration          49

************* Integration by Vegas (iteration  50) **************
*                                                               *
*  integral  = -2.0016939       accum. integral = -1.9991107    *
*  std. dev. = 0.32239076E-02   accum. std. dev = 0.47268753E-03*
*   max. wt. =   0.323893E-02                                   *
*                                                               *
**************   chi**2/iteration =  1.574       ****************


Value of final lord integral is       -1.9991 +/-     0.0005 fb

 Total number of shots       :     23619600
 Total no. failing cuts      :      6427162
 Number failing jet cuts     :            0
 Number failing process cuts :            0

   Jet efficiency : 100.00%
   Cut efficiency : 100.00%
 Total efficiency : 100.00%

 Contribution from parton sub-processes:
 ---------------------------------------
       GG     |          -1.99911  100.00%
       GQ     |           0.00000   -0.00%
       GQB    |           0.00000   -0.00%
       QG     |           0.00000   -0.00%
       QBG    |           0.00000   -0.00%
       QQ     |           0.00000   -0.00%
       QBQB   |           0.00000   -0.00%
       QQB    |           0.00000   -0.00%
       QBQ    |           0.00000   -0.00%
 ---------------------------------------

 ****************************************************
 output files  cluster_CMS_25/MSTW/TOP/HZZint_lord_mstw8lo_63__63__126_129_run_14
 ****************************************************
