 ************** MCFM - version 6.8 ****************
 *                                                *
 * MCFM, v6.8                   April 26th, 2014  *
 *                                                *
 * Authors: John Campbell, Keith Ellis,           *
 *          Ciaran Williams                       *
 *         (johnmc@fnal.gov, ellis@fnal.gov,      *
 *          ciaran@fnal.gov)                      *
 *                                                *
 * For details see:                               *
 *                                                *
 *  arXiv:1403.2641 (Triphoton production)        *
 *  arXiv:1312.1628 (gg->WW, Higgs interference)  *
 *  arXiv:1311.3589 (gg->ZZ, Higgs interference)  *
 *  Phys.Rev.D87:114006, arXiv:1302.3856          *
 *  (tZ, tH -- with R. Rontsch)                   *
 *  arXiv:1211.6390 (DM, P. Fox and C. Williams)  *
 *  JHEP 1211:162 (2012), arXiv:1208.0566         *
 *  (Z+gam+jet,Z+gam+gam -- with H. Hartanto)     *
 *  arXiv:1204.1513 (top production+decay)        *
 *  JHEP 1207:052 (2012), arXiv:1204.5678 (ttW)   *
 *  JHEP 1110:005 (2011), arXiv:1107.5569         *
 *         (gg->WW,Higgs intference)              *
 *  JHEP 1107:018 (2011), arXiv:1105.0020         *
 *         (diboson update)                       *
 *  JHEP 1103:027 (2011), arXiv:1011.6647         *
 *         (Wbb for mb>0, with S. Badger)         *
 *  Phys.Rev.D81:074023, arXiv:1001.4495 (H+2jet) *
 *                                                *
 *  P.R.L. 102:142001, arXiv:0903.0005 [hep-ph]   *
 *    (t-channel single top + explicit b,         *
 *      JC, R.Frederix, F.Maltoni, F.Tramontano)  *
 *  N.P.B 726:109(2005), hep-ph/0506289 (W+t)     *
 *  Phys.Rev.D70:094012, hep-ph/0408158 (Sngl Top)*
 *       (with Francesco Tramontano)              *
 *                                                *
 *  Phys.Rev.D65:113007, hep-ph/0202176 (W,Z+2j)  *
 *  Phys.Rev.D62:114012, hep-ph/0006304 (W,Z+bb)  *
 *  Phys.Rev.D60:113006, hep-ph/9905386 (diboson) *
 *                                                *
 * On the web:  http://mcfm.fnal.gov/             *
 **************************************************

 * Using input file named E_var/E_100/CTEQ/TOP/input_132_100.DAT                                  

 * [Flags to specify the mode in which MCFM is run]                                          
 *                   -1            [nevtrequested] 
 *                    F            [creatent] 
 *                    F            [skipnt] 
 *                    F            [dswhisto] 
 *                    F            [creategrid] 
 *                    T            [writetop] 
 *                    T            [writedat] 
 *                    T            [writegnu] 
 *                    T            [writeroot] 
 *                    F            [writepwg] 

 * [General options to specify the process and execution]                                    
 *                  132            [nproc] 
 *                 lord            [part] 
 * 132_run_100                     [runstring] 
 *          100000.0000            [sqrts] 
 *                    1            [ih1] 
 *                    1            [ih2] 
 *             126.0000            [hmass] 
 *               0.5000            [scale] 
 *               0.5000            [facscale] 
 * m(3456)                         [dynamicscale] 
 *                    F            [zerowidth] 
 *                    F            [removebr] 
 *                   20            [itmx1] 
 *              1000000            [ncall1] 
 *                   50            [itmx2] 
 *              1000000            [ncall2] 
 *                 2020            [ij] 
 *                    F            [dryrun] 
 *                    T            [Qflag] 
 *                    T            [Gflag] 

 * [Heavy quark masses]                                                                      
 *             173.2000            [top mass] 
 *               4.7500            [bottom mass] 
 *               1.5000            [charm mass] 

 * [Pdf selection]                                                                           
 *              cteq6_l            [pdlabel] 
 *                    4            [NGROUP] 
 *                   46            [NSET] 
 * cteq6mE.LHgrid                  [LHAPDF group] 
 *                   -1            [LHAPDF set] 

 * [Jet definition and event cuts]                                                           
 *               0.0000            [m34min] 
 *          100000.0000            [m34max] 
 *               0.0000            [m56min] 
 *          100000.0000            [m56max] 
 *                    T            [inclusive] 
 *                 ankt            [algorithm] 
 *              15.0000            [ptjetmin] 
 *               0.0000            [etajetmin] 
 *               5.0000            [etajetmax] 
 *               0.5000            [Rcut] 
 *                    T            [makecuts] 
 *               0.0000            [leptpt] 
 *              99.0000            [leptrap] 
 *    0.000,   0.000                [leptveto] 
 *               0.0000            [misspt] 
 *               0.0000            [leptpt2] 
 *              99.0000            [leptrap2] 
 *    0.000,   0.000                [leptveto2] 
 *               0.0000            [mtrans34cut] 
 *               0.0000            [Rjlmin] 
 *               0.0000            [Rllmin] 
 *               0.0000            [delyjjmin] 
 *                    F            [jetsopphem] 
 *                    0            [lbjscheme] 
 *               0.0000            [ptbjetmin] 
 *              99.0000            [etabjetmax] 

 * [Settings for photon processes]                                                           
 *                    F            [frag] 
 *             GdRG__LO            [fragset] 
 *              80.0000            [frag_scale] 
 *              20.0000            [gammpt] 
 *               2.5000            [gammrap] 
 *              20.0000            [gammpt2] 
 *              20.0000            [gammpt3] 
 *               0.0000            [Rgalmin] 
 *               0.4000            [Rgagamin] 
 *               0.4000            [Rgajetmin] 
 *               0.4000            [cone_ang] 
 *               0.5000            [epsilon_h] 

 * [Anomalous couplings of the W and Z]                                                      
 *               0.0000            [delg1_z] 
 *               0.0000            [delk_z] 
 *               0.0000            [delk_g] 
 *               0.0000            [lambda_z] 
 *               0.0000            [lambda_g] 
 *               0.0000            [h1Z] 
 *               0.0000            [h1gam] 
 *               0.0000            [h2Z] 
 *               0.0000            [h2gam] 
 *               0.0000            [h3Z] 
 *               0.0000            [h3gam] 
 *               0.0000            [h4Z] 
 *               0.0000            [h4gam] 
 *               2.0000            [tevscale] 

 * [Anomalous width of the Higgs]                                                            
 *               1.0000            [Gamma_H/Gamma_H(SM)] 

 * [How to resume/save a run]                                                                
 *                    F            [readin] 
 *                    F            [writeout] 
 *                                 [ingridfile] 
 *                                 [outgridfile] 

 * [Technical parameters that should not normally be changed]

 *                    F            [debug] 
 *                    T            [verbose] 
 *                    F            [new_pspace] 
 *                    F            [virtonly] 
 *                    F            [realonly] 
 *                    T            [spira] 
 *                    F            [noglue] 
 *                    F            [ggonly] 
 *                    F            [gqonly] 
 *                    F            [omitgg] 
 *                    F            [vanillafiles] 
 *                    1            [nmin] 
 *                    2            [nmax] 
 *                    T            [clustering] 
 *                    F            [realwt] 
 *                    0            [colourchoice] 
 *               0.0100            [rtsmin] 
 *               0.0001            [cutoff] 
 *               0.1000            [aii] 
 *               0.1000            [aif] 
 *               0.1000            [afi] 
 *               1.0000            [aff] 
 *               1.0000            [bfi] 
 *               1.0000            [bff] 

 Chooser:process chosen by nproc=         132

 *************************** f(p1)+f(p2) --> ******************************************
 * Z^0(e^-(p3)+e^+(p4)) + Z^0(mu^-(p5)+mu^+(p6) [(gg->ZZ) squared]                    *
 **************************************************************************************

 ************** Electroweak parameters **************
 *                                                  *
 *  zmass(+)   91.1876000     wmass(+)  80.3980000  *
 * zwidth(+)    2.4952000    wwidth(+)   2.1054000  *
 *     Gf(+) 0.116639D-04   1/aemmz    132.3384323  *
 *     xw       0.2226459      mtop(+) 173.2000000  *
 *   gwsq       0.4264904       esq      0.0949563  *
 * top width    1.4743080 (LO)                      *
 *    mb        4.7500000        mc      1.5000000  *
 *                                                  *
 * Parameters marked (+) are input, others derived  *
 ****************************************************

 ****************** Higgs parameters ****************
 *                                                  *
 *   mass(H) =  126.00      width(H) =  0.43070E-02 *
 *                                                  *
 *              Br( H -> b bbar)  =   0.56954       *
 *              Br( H -> tau tau) =   0.06056       *
 *              Br( H -> W W)     =   0.00000       *
 *              Br( H -> Z Z)     =   0.00000       *
 *              Br( H -> gam gam) =   0.00235       *
 *              Br( H -> Z gam)   =   0.00164       *
 ****************************************************
 *                                                  *
 * Note: branching ratios reported here can be > 1  *
 *       since the total Higgs width is calculated  *
 *       at NLO but the BR calculation uses a       *
 *       partial width at LO only.                  *
 *                                                  *
 ****************************************************

 WARNING: Higgs decay H->ZZ is below threshold and
 may not yield sensible results - check the number
 of integration points

 ***************** CKM mixing matrix ****************
 *                                                  *
 *      Vud=.97500    Vus=.22200    Vub=0.0000      *
 *      Vcd=.22200    Vcs=.97500    Vcb=0.0000      *
 ****************************************************

 ************* Strong coupling, alpha_s  ************
 *                                                  *
 *  Dynamic scale - alpha_s changed event-by-event  *
 *       alpha_s (zmass)  0.11800000                *
 *         (using 1-loop running of alpha_s)        *
 ****************************************************

 ****************************************
 *     Cross section in femtobarns      *
 ****************************************


 input parameters for vegas:  ndim= 10  ncall= 944784.
                              it=    0  itmx=   20
                              nprn=  0  alph= 1.50
                              mds=  1   nd= 100
                              xl( 1)=   0.000     xu( 1)=   1.000    
                              xl( 2)=   0.000     xu( 2)=   1.000    
                              xl( 3)=   0.000     xu( 3)=   1.000    
                              xl( 4)=   0.000     xu( 4)=   1.000    
                              xl( 5)=   0.000     xu( 5)=   1.000    
                              xl( 6)=   0.000     xu( 6)=   1.000    
                              xl( 7)=   0.000     xu( 7)=   1.000    
                              xl( 8)=   0.000     xu( 8)=   1.000    
                              xl( 9)=   0.000     xu( 9)=   1.000    
                              xl(10)=   0.000     xu(10)=   1.000    

 ****************** Basic mass cuts *****************
 *                                                  *
 *              0.00  <   m34  < 100000.00           *
 *              0.00  <   m56  < 100000.00           *
 ****************************************************
 *********** CMS Higgs Search cuts******
 *                                     *
 *     pt(mu) >           5.00 GeV     *
 *     pt(el) >           7.00 GeV     *
 *     |eta_mu| <         2.40         *
 *     |eta_el| <         2.50         *
 *     m4lmin >         100.00 GeV     *
 *     m2lmin >           4.00 GeV     *
 *     ptleading >       20.00 GeV     *
 *     ptnexttoleading > 10.00 GeV     *
 *     mllnear >         40.00 GeV     *
 *     mllfar >          12.00 GeV     *
 *     mllmax >         120.00 GeV     *
 ***************************************

 ************** Dynamic scale choice ****************
 *                                                  *
 *                 RENORMALIZATION                  *
 *       mu_ren  =  0.50 x m(3456)                  *
 *                                                  *
 *                  FACTORIZATION                   *
 *       mu_fac  =  0.50 x m(3456)                  *
 *                                                  *
 ****************************************************
 ****************************************************
 *                                                  *
 *  gg->ZZ box loop includes gens. 1 and 2          *
 *  gg->ZZ box loop includes bottom quark           *
 *  gg->ZZ box loop includes top quark              *
 *                                                  *
 *  Numer. stability: pt(Z) > 0.100 GeV (gens. 1,2) *
 *  Numer. stability: pt(Z) > 0.100 GeV (b,t loops) *
 *                                                  *
 ****************************************************
 ====================================================
   This is QCDLoop - version 1.95                    
   Authors: Keith Ellis and Giulia Zanderighi        
   (ellis@fnal.gov, g.zanderighi1@physics.ox.ac.uk)  
   For details see FERMILAB-PUB-07-633-T,OUTP-07/16P 
   arXiv:0712.1851 [hep-ph], published in            
   JHEP 0802:002,2008.                               
 ====================================================
 ====================================================
   FF 2.0, a package to evaluate one-loop integrals
 written by G. J. van Oldenborgh, NIKHEF-H, Amsterdam
 ====================================================
 for the algorithms used see preprint NIKHEF-H 89/17,
 'New Algorithms for One-loop Integrals', by G.J. van
 Oldenborgh and J.A.M. Vermaseren, published in 
 Zeitschrift fuer Physik C46(1990)425.
 ====================================================
 ffini: precx =   4.44089209850062616E-016
 ffini: precc =   4.44089209850062616E-016
 ffini: xalogm =   4.94065645841246544E-324
 ffini: xclogm =   4.94065645841246544E-324

************* Integration by Vegas (iteration   1) **************
*                                                               *
*  integral  =  38.692985       accum. integral =  38.692985    *
*  std. dev. =  2.0540029       accum. std. dev =  2.0540029    *
*   max. wt. =   0.456307                                       *
*                                                               *
**************   chi**2/iteration =  0.000       ****************


************* Integration by Vegas (iteration   2) **************
*                                                               *
*  integral  =  40.710259       accum. integral =  40.698171    *
*  std. dev. = 0.15947668       accum. std. dev = 0.15899816    *
*   max. wt. =   0.456307                                       *
*                                                               *
**************   chi**2/iteration = 0.9493       ****************


************* Integration by Vegas (iteration   3) **************
*                                                               *
*  integral  =  40.630976       accum. integral =  40.642393    *
*  std. dev. = 0.71933753E-01   accum. std. dev = 0.65538482E-01*
*   max. wt. =   0.456307                                       *
*                                                               *
**************   chi**2/iteration = 0.5508       ****************


************* Integration by Vegas (iteration   4) **************
*                                                               *
*  integral  =  40.650283       accum. integral =  40.646766    *
*  std. dev. = 0.58778855E-01   accum. std. dev = 0.43758230E-01*
*   max. wt. =   0.456307                                       *
*                                                               *
**************   chi**2/iteration = 0.3705       ****************


************* Integration by Vegas (iteration   5) **************
*                                                               *
*  integral  =  40.693540       accum. integral =  40.664653    *
*  std. dev. = 0.55608229E-01   accum. std. dev = 0.34388047E-01*
*   max. wt. =   0.456307                                       *
*                                                               *
**************   chi**2/iteration = 0.3870       ****************


************* Integration by Vegas (iteration   6) **************
*                                                               *
*  integral  =  40.835105       accum. integral =  40.708871    *
*  std. dev. = 0.58102616E-01   accum. std. dev = 0.29593376E-01*
*   max. wt. =   0.456307                                       *
*                                                               *
**************   chi**2/iteration =  1.582       ****************


************* Integration by Vegas (iteration   7) **************
*                                                               *
*  integral  =  40.672886       accum. integral =  40.700915    *
*  std. dev. = 0.55545248E-01   accum. std. dev = 0.26117805E-01*
*   max. wt. =   0.456307                                       *
*                                                               *
**************   chi**2/iteration =  1.373       ****************


************* Integration by Vegas (iteration   8) **************
*                                                               *
*  integral  =  40.814827       accum. integral =  40.723121    *
*  std. dev. = 0.53075993E-01   accum. std. dev = 0.23434213E-01*
*   max. wt. =   0.456307                                       *
*                                                               *
**************   chi**2/iteration =  1.706       ****************


************* Integration by Vegas (iteration   9) **************
*                                                               *
*  integral  =  40.810236       accum. integral =  40.736858    *
*  std. dev. = 0.54161928E-01   accum. std. dev = 0.21507399E-01*
*   max. wt. =   0.456307                                       *
*                                                               *
**************   chi**2/iteration =  1.765       ****************


************* Integration by Vegas (iteration  10) **************
*                                                               *
*  integral  =  40.693511       accum. integral =  40.731295    *
*  std. dev. = 0.56054702E-01   accum. std. dev = 0.20080084E-01*
*   max. wt. =   0.456307                                       *
*                                                               *
**************   chi**2/iteration =  1.627       ****************


************* Integration by Vegas (iteration  11) **************
*                                                               *
*  integral  =  40.839619       accum. integral =  40.743497    *
*  std. dev. = 0.56360526E-01   accum. std. dev = 0.18915425E-01*
*   max. wt. =   0.456307                                       *
*                                                               *
**************   chi**2/iteration =  1.792       ****************


************* Integration by Vegas (iteration  12) **************
*                                                               *
*  integral  =  40.709116       accum. integral =  40.739851    *
*  std. dev. = 0.54923476E-01   accum. std. dev = 0.17884509E-01*
*   max. wt. =   0.456307                                       *
*                                                               *
**************   chi**2/iteration =  1.661       ****************


************* Integration by Vegas (iteration  13) **************
*                                                               *
*  integral  =  40.663840       accum. integral =  40.732424    *
*  std. dev. = 0.54348853E-01   accum. std. dev = 0.16988344E-01*
*   max. wt. =   0.456307                                       *
*                                                               *
**************   chi**2/iteration =  1.670       ****************


************* Integration by Vegas (iteration  14) **************
*                                                               *
*  integral  =  40.745179       accum. integral =  40.733576    *
*  std. dev. = 0.53928699E-01   accum. std. dev = 0.16203391E-01*
*   max. wt. =   0.456307                                       *
*                                                               *
**************   chi**2/iteration =  1.545       ****************


************* Integration by Vegas (iteration  15) **************
*                                                               *
*  integral  =  40.744690       accum. integral =  40.734504    *
*  std. dev. = 0.53668123E-01   accum. std. dev = 0.15511819E-01*
*   max. wt. =   0.456307                                       *
*                                                               *
**************   chi**2/iteration =  1.438       ****************


************* Integration by Vegas (iteration  16) **************
*                                                               *
*  integral  =  40.658856       accum. integral =  40.729023    *
*  std. dev. = 0.55499156E-01   accum. std. dev = 0.14939275E-01*
*   max. wt. =   0.456307                                       *
*                                                               *
**************   chi**2/iteration =  1.457       ****************


************* Integration by Vegas (iteration  17) **************
*                                                               *
*  integral  =  40.603455       accum. integral =  40.720205    *
*  std. dev. = 0.54357706E-01   accum. std. dev = 0.14405146E-01*
*   max. wt. =   0.456307                                       *
*                                                               *
**************   chi**2/iteration =  1.676       ****************


************* Integration by Vegas (iteration  18) **************
*                                                               *
*  integral  =  40.741484       accum. integral =  40.721651    *
*  std. dev. = 0.53332936E-01   accum. std. dev = 0.13906802E-01*
*   max. wt. =   0.456307                                       *
*                                                               *
**************   chi**2/iteration =  1.586       ****************


************* Integration by Vegas (iteration  19) **************
*                                                               *
*  integral  =  40.689434       accum. integral =  40.719621    *
*  std. dev. = 0.53628083E-01   accum. std. dev = 0.13461545E-01*
*   max. wt. =   0.456307                                       *
*                                                               *
**************   chi**2/iteration =  1.517       ****************


************* Integration by Vegas (iteration  20) **************
*                                                               *
*  integral  =  40.764600       accum. integral =  40.722161    *
*  std. dev. = 0.55030052E-01   accum. std. dev = 0.13075996E-01*
*   max. wt. =   0.456307                                       *
*                                                               *
**************   chi**2/iteration =  1.470       ****************


 input parameters for vegas:  ndim= 10  ncall= 944784.
                              it=   21  itmx=   50
                              nprn=  0  alph= 1.50
                              mds=  1   nd= 100
                              xl( 1)=   0.000     xu( 1)=   1.000    
                              xl( 2)=   0.000     xu( 2)=   1.000    
                              xl( 3)=   0.000     xu( 3)=   1.000    
                              xl( 4)=   0.000     xu( 4)=   1.000    
                              xl( 5)=   0.000     xu( 5)=   1.000    
                              xl( 6)=   0.000     xu( 6)=   1.000    
                              xl( 7)=   0.000     xu( 7)=   1.000    
                              xl( 8)=   0.000     xu( 8)=   1.000    
                              xl( 9)=   0.000     xu( 9)=   1.000    
                              xl(10)=   0.000     xu(10)=   1.000    

************* Integration by Vegas (iteration   1) **************
*                                                               *
*  integral  =  40.811188       accum. integral =  40.811188    *
*  std. dev. = 0.61261367E-01   accum. std. dev = 0.61261367E-01*
*   max. wt. =   0.272521E-01                                   *
*                                                               *
**************   chi**2/iteration =  0.000       ****************

 Writing out intermediate results for iteration           1

************* Integration by Vegas (iteration   2) **************
*                                                               *
*  integral  =  40.789778       accum. integral =  40.800252    *
*  std. dev. = 0.59951347E-01   accum. std. dev = 0.42847658E-01*
*   max. wt. =   0.272521E-01                                   *
*                                                               *
**************   chi**2/iteration = 0.6177E-01   ****************

 Writing out intermediate results for iteration           2

************* Integration by Vegas (iteration   3) **************
*                                                               *
*  integral  =  40.722447       accum. integral =  40.771212    *
*  std. dev. = 0.55524127E-01   accum. std. dev = 0.33921654E-01*
*   max. wt. =   0.272521E-01                                   *
*                                                               *
**************   chi**2/iteration = 0.6433       ****************

 Writing out intermediate results for iteration           3

************* Integration by Vegas (iteration   4) **************
*                                                               *
*  integral  =  40.709610       accum. integral =  40.753414    *
*  std. dev. = 0.53216159E-01   accum. std. dev = 0.28604550E-01*
*   max. wt. =   0.272521E-01                                   *
*                                                               *
**************   chi**2/iteration = 0.7461       ****************

 Writing out intermediate results for iteration           4

************* Integration by Vegas (iteration   5) **************
*                                                               *
*  integral  =  40.758402       accum. integral =  40.754462    *
*  std. dev. = 0.55451125E-01   accum. std. dev = 0.25421468E-01*
*   max. wt. =   0.272521E-01                                   *
*                                                               *
**************   chi**2/iteration = 0.5617       ****************

 Writing out intermediate results for iteration           5

************* Integration by Vegas (iteration   6) **************
*                                                               *
*  integral  =  40.745701       accum. integral =  40.753037    *
*  std. dev. = 0.57691882E-01   accum. std. dev = 0.23263143E-01*
*   max. wt. =   0.272521E-01                                   *
*                                                               *
**************   chi**2/iteration = 0.4534       ****************

 Writing out intermediate results for iteration           6

************* Integration by Vegas (iteration   7) **************
*                                                               *
*  integral  =  40.685114       accum. integral =  40.744184    *
*  std. dev. = 0.60089007E-01   accum. std. dev = 0.21694114E-01*
*   max. wt. =   0.272521E-01                                   *
*                                                               *
**************   chi**2/iteration = 0.5629       ****************

 Writing out intermediate results for iteration           7

************* Integration by Vegas (iteration   8) **************
*                                                               *
*  integral  =  40.772239       accum. integral =  40.747351    *
*  std. dev. = 0.60814230E-01   accum. std. dev = 0.20432943E-01*
*   max. wt. =   0.272521E-01                                   *
*                                                               *
**************   chi**2/iteration = 0.5095       ****************

 Writing out intermediate results for iteration           8

************* Integration by Vegas (iteration   9) **************
*                                                               *
*  integral  =  40.737432       accum. integral =  40.746431    *
*  std. dev. = 0.63892647E-01   accum. std. dev = 0.19461951E-01*
*   max. wt. =   0.272521E-01                                   *
*                                                               *
**************   chi**2/iteration = 0.4486       ****************

 Writing out intermediate results for iteration           9

************* Integration by Vegas (iteration  10) **************
*                                                               *
*  integral  =  40.637952       accum. integral =  40.736229    *
*  std. dev. = 0.60405911E-01   accum. std. dev = 0.18524240E-01*
*   max. wt. =   0.272521E-01                                   *
*                                                               *
**************   chi**2/iteration = 0.7231       ****************

 Writing out intermediate results for iteration          10

************* Integration by Vegas (iteration  11) **************
*                                                               *
*  integral  =  40.705853       accum. integral =  40.733192    *
*  std. dev. = 0.55581410E-01   accum. std. dev = 0.17573912E-01*
*   max. wt. =   0.272521E-01                                   *
*                                                               *
**************   chi**2/iteration = 0.6777       ****************

 Writing out intermediate results for iteration          11

************* Integration by Vegas (iteration  12) **************
*                                                               *
*  integral  =  40.977037       accum. integral =  40.735178    *
*  std. dev. = 0.19394468       accum. std. dev = 0.17502206E-01*
*   max. wt. =   0.186213                                       *
*                                                               *
**************   chi**2/iteration = 0.7586       ****************

 Writing out intermediate results for iteration          12

************* Integration by Vegas (iteration  13) **************
*                                                               *
*  integral  =  40.978098       accum. integral =  40.739366    *
*  std. dev. = 0.13214818       accum. std. dev = 0.17350690E-01*
*   max. wt. =   0.186213                                       *
*                                                               *
**************   chi**2/iteration = 0.9719       ****************

 Writing out intermediate results for iteration          13

************* Integration by Vegas (iteration  14) **************
*                                                               *
*  integral  =  40.763891       accum. integral =  40.740809    *
*  std. dev. = 0.69402993E-01   accum. std. dev = 0.16832645E-01*
*   max. wt. =   0.186213                                       *
*                                                               *
**************   chi**2/iteration = 0.9063       ****************

 Writing out intermediate results for iteration          14

************* Integration by Vegas (iteration  15) **************
*                                                               *
*  integral  =  40.827962       accum. integral =  40.747616    *
*  std. dev. = 0.57829281E-01   accum. std. dev = 0.16161909E-01*
*   max. wt. =   0.186213                                       *
*                                                               *
**************   chi**2/iteration = 0.9910       ****************

 Writing out intermediate results for iteration          15

************* Integration by Vegas (iteration  16) **************
*                                                               *
*  integral  =  40.763653       accum. integral =  40.748830    *
*  std. dev. = 0.56466641E-01   accum. std. dev = 0.15537983E-01*
*   max. wt. =   0.186213                                       *
*                                                               *
**************   chi**2/iteration = 0.9300       ****************

 Writing out intermediate results for iteration          16

************* Integration by Vegas (iteration  17) **************
*                                                               *
*  integral  =  40.743326       accum. integral =  40.748487    *
*  std. dev. = 0.60243075E-01   accum. std. dev = 0.15045597E-01*
*   max. wt. =   0.186213                                       *
*                                                               *
**************   chi**2/iteration = 0.8724       ****************

 Writing out intermediate results for iteration          17

************* Integration by Vegas (iteration  18) **************
*                                                               *
*  integral  =  40.671803       accum. integral =  40.743547    *
*  std. dev. = 0.57338352E-01   accum. std. dev = 0.14552924E-01*
*   max. wt. =   0.186213                                       *
*                                                               *
**************   chi**2/iteration = 0.9195       ****************

 Writing out intermediate results for iteration          18

************* Integration by Vegas (iteration  19) **************
*                                                               *
*  integral  =  40.678361       accum. integral =  40.738998    *
*  std. dev. = 0.53131236E-01   accum. std. dev = 0.14035929E-01*
*   max. wt. =   0.186213                                       *
*                                                               *
**************   chi**2/iteration = 0.9462       ****************

 Writing out intermediate results for iteration          19

************* Integration by Vegas (iteration  20) **************
*                                                               *
*  integral  =  40.686929       accum. integral =  40.735810    *
*  std. dev. = 0.54961924E-01   accum. std. dev = 0.13599476E-01*
*   max. wt. =   0.186213                                       *
*                                                               *
**************   chi**2/iteration = 0.9407       ****************

 Writing out intermediate results for iteration          20

************* Integration by Vegas (iteration  21) **************
*                                                               *
*  integral  =  40.702816       accum. integral =  40.733870    *
*  std. dev. = 0.54416919E-01   accum. std. dev = 0.13193701E-01*
*   max. wt. =   0.186213                                       *
*                                                               *
**************   chi**2/iteration = 0.9110       ****************

 Writing out intermediate results for iteration          21

************* Integration by Vegas (iteration  22) **************
*                                                               *
*  integral  =  40.754822       accum. integral =  40.735086    *
*  std. dev. = 0.53168893E-01   accum. std. dev = 0.12805334E-01*
*   max. wt. =   0.186213                                       *
*                                                               *
**************   chi**2/iteration = 0.8746       ****************

 Writing out intermediate results for iteration          22

************* Integration by Vegas (iteration  23) **************
*                                                               *
*  integral  =  40.739544       accum. integral =  40.735319    *
*  std. dev. = 0.54432564E-01   accum. std. dev = 0.12465051E-01*
*   max. wt. =   0.186213                                       *
*                                                               *
**************   chi**2/iteration = 0.8351       ****************

 Writing out intermediate results for iteration          23

************* Integration by Vegas (iteration  24) **************
*                                                               *
*  integral  =  40.796188       accum. integral =  40.738546    *
*  std. dev. = 0.52682349E-01   accum. std. dev = 0.12130132E-01*
*   max. wt. =   0.186213                                       *
*                                                               *
**************   chi**2/iteration = 0.8538       ****************

 Writing out intermediate results for iteration          24

************* Integration by Vegas (iteration  25) **************
*                                                               *
*  integral  =  40.786294       accum. integral =  40.740652    *
*  std. dev. = 0.56471143E-01   accum. std. dev = 0.11859616E-01*
*   max. wt. =   0.186213                                       *
*                                                               *
**************   chi**2/iteration = 0.8467       ****************

 Writing out intermediate results for iteration          25

************* Integration by Vegas (iteration  26) **************
*                                                               *
*  integral  =  40.672720       accum. integral =  40.737573    *
*  std. dev. = 0.54428958E-01   accum. std. dev = 0.11587732E-01*
*   max. wt. =   0.186213                                       *
*                                                               *
**************   chi**2/iteration = 0.8723       ****************

 Writing out intermediate results for iteration          26

************* Integration by Vegas (iteration  27) **************
*                                                               *
*  integral  =  40.720104       accum. integral =  40.736855    *
*  std. dev. = 0.55938458E-01   accum. std. dev = 0.11346833E-01*
*   max. wt. =   0.186213                                       *
*                                                               *
**************   chi**2/iteration = 0.8423       ****************

 Writing out intermediate results for iteration          27

************* Integration by Vegas (iteration  28) **************
*                                                               *
*  integral  =  40.762610       accum. integral =  40.737938    *
*  std. dev. = 0.54138436E-01   accum. std. dev = 0.11105534E-01*
*   max. wt. =   0.186213                                       *
*                                                               *
**************   chi**2/iteration = 0.8192       ****************

 Writing out intermediate results for iteration          28

************* Integration by Vegas (iteration  29) **************
*                                                               *
*  integral  =  40.755332       accum. integral =  40.738637    *
*  std. dev. = 0.54303311E-01   accum. std. dev = 0.10880335E-01*
*   max. wt. =   0.186213                                       *
*                                                               *
**************   chi**2/iteration = 0.7935       ****************

 Writing out intermediate results for iteration          29

************* Integration by Vegas (iteration  30) **************
*                                                               *
*  integral  =  40.722904       accum. integral =  40.738090    *
*  std. dev. = 0.57331685E-01   accum. std. dev = 0.10689541E-01*
*   max. wt. =   0.186213                                       *
*                                                               *
**************   chi**2/iteration = 0.7686       ****************

 Writing out intermediate results for iteration          30

************* Integration by Vegas (iteration  31) **************
*                                                               *
*  integral  =  40.781779       accum. integral =  40.739601    *
*  std. dev. = 0.56464239E-01   accum. std. dev = 0.10502983E-01*
*   max. wt. =   0.186213                                       *
*                                                               *
**************   chi**2/iteration = 0.7623       ****************

 Writing out intermediate results for iteration          31

************* Integration by Vegas (iteration  32) **************
*                                                               *
*  integral  =  40.722154       accum. integral =  40.738966    *
*  std. dev. = 0.54013106E-01   accum. std. dev = 0.10309874E-01*
*   max. wt. =   0.186213                                       *
*                                                               *
**************   chi**2/iteration = 0.7409       ****************

 Writing out intermediate results for iteration          32

************* Integration by Vegas (iteration  33) **************
*                                                               *
*  integral  =  40.818709       accum. integral =  40.741749    *
*  std. dev. = 0.54207817E-01   accum. std. dev = 0.10128316E-01*
*   max. wt. =   0.186213                                       *
*                                                               *
**************   chi**2/iteration = 0.7830       ****************

 Writing out intermediate results for iteration          33

************* Integration by Vegas (iteration  34) **************
*                                                               *
*  integral  =  40.629193       accum. integral =  40.737890    *
*  std. dev. = 0.53746887E-01   accum. std. dev = 0.99531328E-02*
*   max. wt. =   0.186213                                       *
*                                                               *
**************   chi**2/iteration = 0.8876       ****************

 Writing out intermediate results for iteration          34

************* Integration by Vegas (iteration  35) **************
*                                                               *
*  integral  =  40.693085       accum. integral =  40.736383    *
*  std. dev. = 0.53350380E-01   accum. std. dev = 0.97843165E-02*
*   max. wt. =   0.186213                                       *
*                                                               *
**************   chi**2/iteration = 0.8815       ****************

 Writing out intermediate results for iteration          35

************* Integration by Vegas (iteration  36) **************
*                                                               *
*  integral  =  40.645764       accum. integral =  40.733551    *
*  std. dev. = 0.54481729E-01   accum. std. dev = 0.96302505E-02*
*   max. wt. =   0.186213                                       *
*                                                               *
**************   chi**2/iteration = 0.9329       ****************

 Writing out intermediate results for iteration          36

************* Integration by Vegas (iteration  37) **************
*                                                               *
*  integral  =  40.810616       accum. integral =  40.735894    *
*  std. dev. = 0.54385951E-01   accum. std. dev = 0.94827341E-02*
*   max. wt. =   0.186213                                       *
*                                                               *
**************   chi**2/iteration = 0.9611       ****************

 Writing out intermediate results for iteration          37

************* Integration by Vegas (iteration  38) **************
*                                                               *
*  integral  =  40.811745       accum. integral =  40.737537    *
*  std. dev. = 0.63736261E-01   accum. std. dev = 0.93794913E-02*
*   max. wt. =   0.186213                                       *
*                                                               *
**************   chi**2/iteration = 0.9725       ****************

 Writing out intermediate results for iteration          38

************* Integration by Vegas (iteration  39) **************
*                                                               *
*  integral  =  40.817774       accum. integral =  40.739413    *
*  std. dev. = 0.60617130E-01   accum. std. dev = 0.92691844E-02*
*   max. wt. =   0.186213                                       *
*                                                               *
**************   chi**2/iteration = 0.9920       ****************

 Writing out intermediate results for iteration          39

************* Integration by Vegas (iteration  40) **************
*                                                               *
*  integral  =  40.730663       accum. integral =  40.739170    *
*  std. dev. = 0.54881409E-01   accum. std. dev = 0.91397433E-02*
*   max. wt. =   0.186213                                       *
*                                                               *
**************   chi**2/iteration = 0.9672       ****************

 Writing out intermediate results for iteration          40

************* Integration by Vegas (iteration  41) **************
*                                                               *
*  integral  =  40.768415       accum. integral =  40.739767    *
*  std. dev. = 0.63302970E-01   accum. std. dev = 0.90459444E-02*
*   max. wt. =   0.186213                                       *
*                                                               *
**************   chi**2/iteration = 0.9482       ****************

 Writing out intermediate results for iteration          41

************* Integration by Vegas (iteration  42) **************
*                                                               *
*  integral  =  40.731406       accum. integral =  40.739595    *
*  std. dev. = 0.62259941E-01   accum. std. dev = 0.89519496E-02*
*   max. wt. =   0.186213                                       *
*                                                               *
**************   chi**2/iteration = 0.9255       ****************

 Writing out intermediate results for iteration          42

************* Integration by Vegas (iteration  43) **************
*                                                               *
*  integral  =  40.762062       accum. integral =  40.740166    *
*  std. dev. = 0.55415850E-01   accum. std. dev = 0.88373837E-02*
*   max. wt. =   0.186213                                       *
*                                                               *
**************   chi**2/iteration = 0.9073       ****************

 Writing out intermediate results for iteration          43

************* Integration by Vegas (iteration  44) **************
*                                                               *
*  integral  =  40.695780       accum. integral =  40.739025    *
*  std. dev. = 0.54403164E-01   accum. std. dev = 0.87230432E-02*
*   max. wt. =   0.186213                                       *
*                                                               *
**************   chi**2/iteration = 0.9013       ****************

 Writing out intermediate results for iteration          44

************* Integration by Vegas (iteration  45) **************
*                                                               *
*  integral  =  40.833964       accum. integral =  40.740819    *
*  std. dev. = 0.62853128E-01   accum. std. dev = 0.86402297E-02*
*   max. wt. =   0.186213                                       *
*                                                               *
**************   chi**2/iteration = 0.9317       ****************

 Writing out intermediate results for iteration          45

************* Integration by Vegas (iteration  46) **************
*                                                               *
*  integral  =  40.708815       accum. integral =  40.740166    *
*  std. dev. = 0.59871112E-01   accum. std. dev = 0.85516383E-02*
*   max. wt. =   0.186213                                       *
*                                                               *
**************   chi**2/iteration = 0.9172       ****************

 Writing out intermediate results for iteration          46

************* Integration by Vegas (iteration  47) **************
*                                                               *
*  integral  =  40.631307       accum. integral =  40.737702    *
*  std. dev. = 0.56194480E-01   accum. std. dev = 0.84543039E-02*
*   max. wt. =   0.186213                                       *
*                                                               *
**************   chi**2/iteration = 0.9770       ****************

 Writing out intermediate results for iteration          47

************* Integration by Vegas (iteration  48) **************
*                                                               *
*  integral  =  40.752664       accum. integral =  40.737999    *
*  std. dev. = 0.59445087E-01   accum. std. dev = 0.83700784E-02*
*   max. wt. =   0.186213                                       *
*                                                               *
**************   chi**2/iteration = 0.9575       ****************

 Writing out intermediate results for iteration          48

************* Integration by Vegas (iteration  49) **************
*                                                               *
*  integral  =  40.682737       accum. integral =  40.736835    *
*  std. dev. = 0.57059331E-01   accum. std. dev = 0.82814517E-02*
*   max. wt. =   0.186213                                       *
*                                                               *
**************   chi**2/iteration = 0.9567       ****************

 Writing out intermediate results for iteration          49

************* Integration by Vegas (iteration  50) **************
*                                                               *
*  integral  =  40.751948       accum. integral =  40.737170    *
*  std. dev. = 0.54987992E-01   accum. std. dev = 0.81891008E-02*
*   max. wt. =   0.186213                                       *
*                                                               *
**************   chi**2/iteration = 0.9387       ****************


Value of final lord integral is       40.7372 +/-     0.0082 fb

 Total number of shots       :     47239200
 Total no. failing cuts      :     18423980
 Number failing jet cuts     :            0
 Number failing process cuts :            0

   Jet efficiency : 100.00%
   Cut efficiency : 100.00%
 Total efficiency : 100.00%

 Contribution from parton sub-processes:
 ---------------------------------------
       GG     |          40.73717  100.00%
       GQ     |           0.00000    0.00%
       GQB    |           0.00000    0.00%
       QG     |           0.00000    0.00%
       QBG    |           0.00000    0.00%
       QQ     |           0.00000    0.00%
       QBQB   |           0.00000    0.00%
       QQB    |           0.00000    0.00%
       QBQ    |           0.00000    0.00%
 ---------------------------------------

 ****************************************************
 output files  E_var/E_100/CTEQ/TOP/ggZZbx_lord_cteq6_l_0___0___132_run_100
 ****************************************************
