 ************** MCFM - version 6.8 ****************
 *                                                *
 * MCFM, v6.8                   April 26th, 2014  *
 *                                                *
 * Authors: John Campbell, Keith Ellis,           *
 *          Ciaran Williams                       *
 *         (johnmc@fnal.gov, ellis@fnal.gov,      *
 *          ciaran@fnal.gov)                      *
 *                                                *
 * For details see:                               *
 *                                                *
 *  arXiv:1403.2641 (Triphoton production)        *
 *  arXiv:1312.1628 (gg->WW, Higgs interference)  *
 *  arXiv:1311.3589 (gg->ZZ, Higgs interference)  *
 *  Phys.Rev.D87:114006, arXiv:1302.3856          *
 *  (tZ, tH -- with R. Rontsch)                   *
 *  arXiv:1211.6390 (DM, P. Fox and C. Williams)  *
 *  JHEP 1211:162 (2012), arXiv:1208.0566         *
 *  (Z+gam+jet,Z+gam+gam -- with H. Hartanto)     *
 *  arXiv:1204.1513 (top production+decay)        *
 *  JHEP 1207:052 (2012), arXiv:1204.5678 (ttW)   *
 *  JHEP 1110:005 (2011), arXiv:1107.5569         *
 *         (gg->WW,Higgs intference)              *
 *  JHEP 1107:018 (2011), arXiv:1105.0020         *
 *         (diboson update)                       *
 *  JHEP 1103:027 (2011), arXiv:1011.6647         *
 *         (Wbb for mb>0, with S. Badger)         *
 *  Phys.Rev.D81:074023, arXiv:1001.4495 (H+2jet) *
 *                                                *
 *  P.R.L. 102:142001, arXiv:0903.0005 [hep-ph]   *
 *    (t-channel single top + explicit b,         *
 *      JC, R.Frederix, F.Maltoni, F.Tramontano)  *
 *  N.P.B 726:109(2005), hep-ph/0506289 (W+t)     *
 *  Phys.Rev.D70:094012, hep-ph/0408158 (Sngl Top)*
 *       (with Francesco Tramontano)              *
 *                                                *
 *  Phys.Rev.D65:113007, hep-ph/0202176 (W,Z+2j)  *
 *  Phys.Rev.D62:114012, hep-ph/0006304 (W,Z+bb)  *
 *  Phys.Rev.D60:113006, hep-ph/9905386 (diboson) *
 *                                                *
 * On the web:  http://mcfm.fnal.gov/             *
 **************************************************

 * Using input file named E_var/E_50/MSTW/TOP/input_129_50.DAT                                    

 * [Flags to specify the mode in which MCFM is run]                                          
 *                   -1            [nevtrequested] 
 *                    F            [creatent] 
 *                    F            [skipnt] 
 *                    F            [dswhisto] 
 *                    F            [creategrid] 
 *                    T            [writetop] 
 *                    T            [writedat] 
 *                    T            [writegnu] 
 *                    T            [writeroot] 
 *                    F            [writepwg] 

 * [General options to specify the process and execution]                                    
 *                  129            [nproc] 
 *                 lord            [part] 
 * 129_run_50                      [runstring] 
 *           50000.0000            [sqrts] 
 *                    1            [ih1] 
 *                    1            [ih2] 
 *             126.0000            [hmass] 
 *               0.5000            [scale] 
 *               0.5000            [facscale] 
 * m(3456)                         [dynamicscale] 
 *                    F            [zerowidth] 
 *                    F            [removebr] 
 *                   20            [itmx1] 
 *              1000000            [ncall1] 
 *                   50            [itmx2] 
 *              1000000            [ncall2] 
 *                 2020            [ij] 
 *                    F            [dryrun] 
 *                    T            [Qflag] 
 *                    T            [Gflag] 

 * [Heavy quark masses]                                                                      
 *             173.2000            [top mass] 
 *               4.7500            [bottom mass] 
 *               1.5000            [charm mass] 

 * [Pdf selection]                                                                           
 *              mstw8lo            [pdlabel] 
 *                    4            [NGROUP] 
 *                   46            [NSET] 
 * cteq6mE.LHgrid                  [LHAPDF group] 
 *                   -1            [LHAPDF set] 

 * [Jet definition and event cuts]                                                           
 *               0.0000            [m34min] 
 *           50000.0000            [m34max] 
 *               0.0000            [m56min] 
 *           50000.0000            [m56max] 
 *                    T            [inclusive] 
 *                 ankt            [algorithm] 
 *              15.0000            [ptjetmin] 
 *               0.0000            [etajetmin] 
 *               5.0000            [etajetmax] 
 *               0.5000            [Rcut] 
 *                    T            [makecuts] 
 *               0.0000            [leptpt] 
 *              99.0000            [leptrap] 
 *    0.000,   0.000                [leptveto] 
 *               0.0000            [misspt] 
 *               0.0000            [leptpt2] 
 *              99.0000            [leptrap2] 
 *    0.000,   0.000                [leptveto2] 
 *               0.0000            [mtrans34cut] 
 *               0.0000            [Rjlmin] 
 *               0.0000            [Rllmin] 
 *               0.0000            [delyjjmin] 
 *                    F            [jetsopphem] 
 *                    0            [lbjscheme] 
 *               0.0000            [ptbjetmin] 
 *              99.0000            [etabjetmax] 

 * [Settings for photon processes]                                                           
 *                    F            [frag] 
 *             GdRG__LO            [fragset] 
 *              80.0000            [frag_scale] 
 *              20.0000            [gammpt] 
 *               2.5000            [gammrap] 
 *              20.0000            [gammpt2] 
 *              20.0000            [gammpt3] 
 *               0.0000            [Rgalmin] 
 *               0.4000            [Rgagamin] 
 *               0.4000            [Rgajetmin] 
 *               0.4000            [cone_ang] 
 *               0.5000            [epsilon_h] 

 * [Anomalous couplings of the W and Z]                                                      
 *               0.0000            [delg1_z] 
 *               0.0000            [delk_z] 
 *               0.0000            [delk_g] 
 *               0.0000            [lambda_z] 
 *               0.0000            [lambda_g] 
 *               0.0000            [h1Z] 
 *               0.0000            [h1gam] 
 *               0.0000            [h2Z] 
 *               0.0000            [h2gam] 
 *               0.0000            [h3Z] 
 *               0.0000            [h3gam] 
 *               0.0000            [h4Z] 
 *               0.0000            [h4gam] 
 *               2.0000            [tevscale] 

 * [Anomalous width of the Higgs]                                                            
 *               1.0000            [Gamma_H/Gamma_H(SM)] 

 * [How to resume/save a run]                                                                
 *                    F            [readin] 
 *                    F            [writeout] 
 *                                 [ingridfile] 
 *                                 [outgridfile] 

 * [Technical parameters that should not normally be changed]

 *                    F            [debug] 
 *                    T            [verbose] 
 *                    F            [new_pspace] 
 *                    F            [virtonly] 
 *                    F            [realonly] 
 *                    T            [spira] 
 *                    F            [noglue] 
 *                    F            [ggonly] 
 *                    F            [gqonly] 
 *                    F            [omitgg] 
 *                    F            [vanillafiles] 
 *                    1            [nmin] 
 *                    2            [nmax] 
 *                    T            [clustering] 
 *                    F            [realwt] 
 *                    0            [colourchoice] 
 *               0.0100            [rtsmin] 
 *               0.0001            [cutoff] 
 *               0.1000            [aii] 
 *               0.1000            [aif] 
 *               0.1000            [afi] 
 *               1.0000            [aff] 
 *               1.0000            [bfi] 
 *               1.0000            [bff] 

 Chooser:process chosen by nproc=         129

 *************************** f(p1)+f(p2) --> ******************************************
 * H(--> Z^0(e^-(p3)+e^+(p4)) + Z^0(mu^-(p5)+mu^+(p6)) [only H, gg->ZZ intf.]         *
 **************************************************************************************

 ************** Electroweak parameters **************
 *                                                  *
 *  zmass(+)   91.1876000     wmass(+)  80.3980000  *
 * zwidth(+)    2.4952000    wwidth(+)   2.1054000  *
 *     Gf(+) 0.116639D-04   1/aemmz    132.3384323  *
 *     xw       0.2226459      mtop(+) 173.2000000  *
 *   gwsq       0.4264904       esq      0.0949563  *
 * top width    1.4743080 (LO)                      *
 *    mb        4.7500000        mc      1.5000000  *
 *                                                  *
 * Parameters marked (+) are input, others derived  *
 ****************************************************

 ****************** Higgs parameters ****************
 *                                                  *
 *   mass(H) =  126.00      width(H) =  0.43070E-02 *
 *                                                  *
 *              Br( H -> b bbar)  =   0.48164       *
 *              Br( H -> tau tau) =   0.06056       *
 *              Br( H -> W W)     =   0.00000       *
 *              Br( H -> Z Z)     =   0.00000       *
 *              Br( H -> gam gam) =   0.00235       *
 *              Br( H -> Z gam)   =   0.00164       *
 ****************************************************
 *                                                  *
 * Note: branching ratios reported here can be > 1  *
 *       since the total Higgs width is calculated  *
 *       at NLO but the BR calculation uses a       *
 *       partial width at LO only.                  *
 *                                                  *
 ****************************************************

 WARNING: Higgs decay H->ZZ is below threshold and
 may not yield sensible results - check the number
 of integration points

 ***************** CKM mixing matrix ****************
 *                                                  *
 *      Vud=.97500    Vus=.22200    Vub=0.0000      *
 *      Vcd=.22200    Vcs=.97500    Vcb=0.0000      *
 ****************************************************

 ************* Strong coupling, alpha_s  ************
 *                                                  *
 *  Dynamic scale - alpha_s changed event-by-event  *
 *       alpha_s (zmass)  0.13939000                *
 *         (using 1-loop running of alpha_s)        *
 ****************************************************

 ****************************************
 *     Cross section in femtobarns      *
 ****************************************


 input parameters for vegas:  ndim= 10  ncall= 944784.
                              it=    0  itmx=   20
                              nprn=  0  alph= 1.50
                              mds=  1   nd= 100
                              xl( 1)=   0.000     xu( 1)=   1.000    
                              xl( 2)=   0.000     xu( 2)=   1.000    
                              xl( 3)=   0.000     xu( 3)=   1.000    
                              xl( 4)=   0.000     xu( 4)=   1.000    
                              xl( 5)=   0.000     xu( 5)=   1.000    
                              xl( 6)=   0.000     xu( 6)=   1.000    
                              xl( 7)=   0.000     xu( 7)=   1.000    
                              xl( 8)=   0.000     xu( 8)=   1.000    
                              xl( 9)=   0.000     xu( 9)=   1.000    
                              xl(10)=   0.000     xu(10)=   1.000    

 ****************** Basic mass cuts *****************
 *                                                  *
 *              0.00  <   m34  <  50000.00           *
 *              0.00  <   m56  <  50000.00           *
 ****************************************************
 *********** CMS Higgs Search cuts******
 *                                     *
 *     pt(mu) >           5.00 GeV     *
 *     pt(el) >           7.00 GeV     *
 *     |eta_mu| <         2.40         *
 *     |eta_el| <         2.50         *
 *     m4lmin >         100.00 GeV     *
 *     m2lmin >           4.00 GeV     *
 *     ptleading >       20.00 GeV     *
 *     ptnexttoleading > 10.00 GeV     *
 *     mllnear >         40.00 GeV     *
 *     mllfar >          12.00 GeV     *
 *     mllmax >         120.00 GeV     *
 ***************************************

 ************** Dynamic scale choice ****************
 *                                                  *
 *                 RENORMALIZATION                  *
 *       mu_ren  =  0.50 x m(3456)                  *
 *                                                  *
 *                  FACTORIZATION                   *
 *       mu_fac  =  0.50 x m(3456)                  *
 *                                                  *
 ****************************************************
 ====================================================
   This is QCDLoop - version 1.95                    
   Authors: Keith Ellis and Giulia Zanderighi        
   (ellis@fnal.gov, g.zanderighi1@physics.ox.ac.uk)  
   For details see FERMILAB-PUB-07-633-T,OUTP-07/16P 
   arXiv:0712.1851 [hep-ph], published in            
   JHEP 0802:002,2008.                               
 ====================================================
 ====================================================
   FF 2.0, a package to evaluate one-loop integrals
 written by G. J. van Oldenborgh, NIKHEF-H, Amsterdam
 ====================================================
 for the algorithms used see preprint NIKHEF-H 89/17,
 'New Algorithms for One-loop Integrals', by G.J. van
 Oldenborgh and J.A.M. Vermaseren, published in 
 Zeitschrift fuer Physik C46(1990)425.
 ====================================================
 ffini: precx =   4.44089209850062616E-016
 ffini: precc =   4.44089209850062616E-016
 ffini: xalogm =   4.94065645841246544E-324
 ffini: xclogm =   4.94065645841246544E-324
 ****************************************************
 *                                                  *
 *  gg->ZZ box loop includes gens. 1 and 2          *
 *  gg->ZZ box loop includes bottom quark           *
 *  gg->ZZ box loop includes top quark              *
 *                                                  *
 *  Numer. stability: pt(Z) > 0.100 GeV (gens. 1,2) *
 *  Numer. stability: pt(Z) > 0.100 GeV (b,t loops) *
 *                                                  *
 ****************************************************
 Reading PDF grid from Pdfdata/mstw2008lo.00.dat

************* Integration by Vegas (iteration   1) **************
*                                                               *
*  integral  = -2.6131645       accum. integral = -2.6131645    *
*  std. dev. = 0.63729911E-01   accum. std. dev = 0.63729911E-01*
*   max. wt. =   0.536923E-02                                   *
*                                                               *
**************   chi**2/iteration = 0.2274E-10   ****************


************* Integration by Vegas (iteration   2) **************
*                                                               *
*  integral  = -2.6039157       accum. integral = -2.6040817    *
*  std. dev. = 0.86163606E-02   accum. std. dev = 0.85386733E-02*
*   max. wt. =   0.536923E-02                                   *
*                                                               *
**************   chi**2/iteration = 0.2048E-01   ****************


************* Integration by Vegas (iteration   3) **************
*                                                               *
*  integral  = -2.6210967       accum. integral = -2.6183456    *
*  std. dev. = 0.37499586E-02   accum. std. dev = 0.34334388E-02*
*   max. wt. =   0.536923E-02                                   *
*                                                               *
**************   chi**2/iteration =  1.666       ****************


************* Integration by Vegas (iteration   4) **************
*                                                               *
*  integral  = -2.6208549       accum. integral = -2.6196385    *
*  std. dev. = 0.33304709E-02   accum. std. dev = 0.23905720E-02*
*   max. wt. =   0.536923E-02                                   *
*                                                               *
**************   chi**2/iteration =  1.204       ****************


************* Integration by Vegas (iteration   5) **************
*                                                               *
*  integral  = -2.6197969       accum. integral = -2.6196979    *
*  std. dev. = 0.30861671E-02   accum. std. dev = 0.18899021E-02*
*   max. wt. =   0.536923E-02                                   *
*                                                               *
**************   chi**2/iteration = 0.9043       ****************


************* Integration by Vegas (iteration   6) **************
*                                                               *
*  integral  = -2.6170481       accum. integral = -2.6192657    *
*  std. dev. = 0.42809015E-02   accum. std. dev = 0.17289157E-02*
*   max. wt. =   0.536923E-02                                   *
*                                                               *
**************   chi**2/iteration = 0.7878       ****************


************* Integration by Vegas (iteration   7) **************
*                                                               *
*  integral  = -2.6235486       accum. integral = -2.6199472    *
*  std. dev. = 0.39745425E-02   accum. std. dev = 0.15854123E-02*
*   max. wt. =   0.536923E-02                                   *
*                                                               *
**************   chi**2/iteration = 0.8192       ****************


************* Integration by Vegas (iteration   8) **************
*                                                               *
*  integral  = -2.6247314       accum. integral = -2.6208682    *
*  std. dev. = 0.32470096E-02   accum. std. dev = 0.14246582E-02*
*   max. wt. =   0.536923E-02                                   *
*                                                               *
**************   chi**2/iteration = 0.9524       ****************


************* Integration by Vegas (iteration   9) **************
*                                                               *
*  integral  = -2.6174592       accum. integral = -2.6202595    *
*  std. dev. = 0.30558473E-02   accum. std. dev = 0.12912285E-02*
*   max. wt. =   0.536923E-02                                   *
*                                                               *
**************   chi**2/iteration = 0.9611       ****************


************* Integration by Vegas (iteration  10) **************
*                                                               *
*  integral  = -2.6226895       accum. integral = -2.6206237    *
*  std. dev. = 0.30753939E-02   accum. std. dev = 0.11905499E-02*
*   max. wt. =   0.536923E-02                                   *
*                                                               *
**************   chi**2/iteration = 0.9134       ****************


************* Integration by Vegas (iteration  11) **************
*                                                               *
*  integral  = -2.6156501       accum. integral = -2.6200294    *
*  std. dev. = 0.32319805E-02   accum. std. dev = 0.11171645E-02*
*   max. wt. =   0.536923E-02                                   *
*                                                               *
**************   chi**2/iteration =  1.030       ****************


************* Integration by Vegas (iteration  12) **************
*                                                               *
*  integral  = -2.6194386       accum. integral = -2.6199623    *
*  std. dev. = 0.31201671E-02   accum. std. dev = 0.10517793E-02*
*   max. wt. =   0.536923E-02                                   *
*                                                               *
**************   chi**2/iteration = 0.9397       ****************


************* Integration by Vegas (iteration  13) **************
*                                                               *
*  integral  = -2.6139902       accum. integral = -2.6193328    *
*  std. dev. = 0.30641822E-02   accum. std. dev = 0.99480651E-03*
*   max. wt. =   0.536923E-02                                   *
*                                                               *
**************   chi**2/iteration =  1.144       ****************


************* Integration by Vegas (iteration  14) **************
*                                                               *
*  integral  = -2.6137605       accum. integral = -2.6188158    *
*  std. dev. = 0.31105606E-02   accum. std. dev = 0.94752839E-03*
*   max. wt. =   0.536923E-02                                   *
*                                                               *
**************   chi**2/iteration =  1.280       ****************


************* Integration by Vegas (iteration  15) **************
*                                                               *
*  integral  = -2.6168535       accum. integral = -2.6186524    *
*  std. dev. = 0.31443399E-02   accum. std. dev = 0.90723128E-03*
*   max. wt. =   0.536923E-02                                   *
*                                                               *
**************   chi**2/iteration =  1.214       ****************


************* Integration by Vegas (iteration  16) **************
*                                                               *
*  integral  = -2.6138576       accum. integral = -2.6182514    *
*  std. dev. = 0.30028349E-02   accum. std. dev = 0.86846041E-03*
*   max. wt. =   0.536923E-02                                   *
*                                                               *
**************   chi**2/iteration =  1.289       ****************


************* Integration by Vegas (iteration  17) **************
*                                                               *
*  integral  = -2.6115387       accum. integral = -2.6177415    *
*  std. dev. = 0.30291727E-02   accum. std. dev = 0.83482801E-03*
*   max. wt. =   0.536923E-02                                   *
*                                                               *
**************   chi**2/iteration =  1.492       ****************


************* Integration by Vegas (iteration  18) **************
*                                                               *
*  integral  = -2.6166894       accum. integral = -2.6176653    *
*  std. dev. = 0.29878208E-02   accum. std. dev = 0.80403231E-03*
*   max. wt. =   0.536923E-02                                   *
*                                                               *
**************   chi**2/iteration =  1.411       ****************


************* Integration by Vegas (iteration  19) **************
*                                                               *
*  integral  = -2.6124221       accum. integral = -2.6173406    *
*  std. dev. = 0.31290938E-02   accum. std. dev = 0.77873513E-03*
*   max. wt. =   0.536923E-02                                   *
*                                                               *
**************   chi**2/iteration =  1.479       ****************


************* Integration by Vegas (iteration  20) **************
*                                                               *
*  integral  = -2.6238216       accum. integral = -2.6176505    *
*  std. dev. = 0.34747329E-02   accum. std. dev = 0.75988555E-03*
*   max. wt. =   0.536923E-02                                   *
*                                                               *
**************   chi**2/iteration =  1.575       ****************


 input parameters for vegas:  ndim= 10  ncall= 944784.
                              it=   21  itmx=   50
                              nprn=  0  alph= 1.50
                              mds=  1   nd= 100
                              xl( 1)=   0.000     xu( 1)=   1.000    
                              xl( 2)=   0.000     xu( 2)=   1.000    
                              xl( 3)=   0.000     xu( 3)=   1.000    
                              xl( 4)=   0.000     xu( 4)=   1.000    
                              xl( 5)=   0.000     xu( 5)=   1.000    
                              xl( 6)=   0.000     xu( 6)=   1.000    
                              xl( 7)=   0.000     xu( 7)=   1.000    
                              xl( 8)=   0.000     xu( 8)=   1.000    
                              xl( 9)=   0.000     xu( 9)=   1.000    
                              xl(10)=   0.000     xu(10)=   1.000    

************* Integration by Vegas (iteration   1) **************
*                                                               *
*  integral  = -2.6205732       accum. integral = -2.6205732    *
*  std. dev. = 0.33201979E-02   accum. std. dev = 0.33201979E-02*
*   max. wt. =   0.188806E-03                                   *
*                                                               *
**************   chi**2/iteration =  0.000       ****************

 Writing out intermediate results for iteration           1

************* Integration by Vegas (iteration   2) **************
*                                                               *
*  integral  = -2.6235058       accum. integral = -2.6221535    *
*  std. dev. = 0.30713940E-02   accum. std. dev = 0.22546372E-02*
*   max. wt. =   0.271654E-03                                   *
*                                                               *
**************   chi**2/iteration = 0.4162       ****************

 Writing out intermediate results for iteration           2

************* Integration by Vegas (iteration   3) **************
*                                                               *
*  integral  = -2.6224570       accum. integral = -2.6222484    *
*  std. dev. = 0.33435896E-02   accum. std. dev = 0.18693454E-02*
*   max. wt. =   0.110862E-02                                   *
*                                                               *
**************   chi**2/iteration = 0.2120       ****************

 Writing out intermediate results for iteration           3

************* Integration by Vegas (iteration   4) **************
*                                                               *
*  integral  = -2.6184286       accum. integral = -2.6213996    *
*  std. dev. = 0.34973758E-02   accum. std. dev = 0.16486235E-02*
*   max. wt. =   0.110862E-02                                   *
*                                                               *
**************   chi**2/iteration = 0.4498       ****************

 Writing out intermediate results for iteration           4

************* Integration by Vegas (iteration   5) **************
*                                                               *
*  integral  = -2.6138449       accum. integral = -2.6199157    *
*  std. dev. = 0.33346166E-02   accum. std. dev = 0.14778712E-02*
*   max. wt. =   0.110862E-02                                   *
*                                                               *
**************   chi**2/iteration =  1.366       ****************

 Writing out intermediate results for iteration           5

************* Integration by Vegas (iteration   6) **************
*                                                               *
*  integral  = -2.6219849       accum. integral = -2.6201921    *
*  std. dev. = 0.37637436E-02   accum. std. dev = 0.13756231E-02*
*   max. wt. =   0.207069E-02                                   *
*                                                               *
**************   chi**2/iteration =  1.146       ****************

 Writing out intermediate results for iteration           6

************* Integration by Vegas (iteration   7) **************
*                                                               *
*  integral  = -2.6185052       accum. integral = -2.6199963    *
*  std. dev. = 0.37955519E-02   accum. std. dev = 0.12933018E-02*
*   max. wt. =   0.207069E-02                                   *
*                                                               *
**************   chi**2/iteration = 0.9842       ****************

 Writing out intermediate results for iteration           7

************* Integration by Vegas (iteration   8) **************
*                                                               *
*  integral  = -2.6208308       accum. integral = -2.6201081    *
*  std. dev. = 0.32879255E-02   accum. std. dev = 0.12035410E-02*
*   max. wt. =   0.207069E-02                                   *
*                                                               *
**************   chi**2/iteration = 0.8517       ****************

 Writing out intermediate results for iteration           8

************* Integration by Vegas (iteration   9) **************
*                                                               *
*  integral  = -2.6176564       accum. integral = -2.6198079    *
*  std. dev. = 0.32224184E-02   accum. std. dev = 0.11274693E-02*
*   max. wt. =   0.207069E-02                                   *
*                                                               *
**************   chi**2/iteration = 0.8088       ****************

 Writing out intermediate results for iteration           9

************* Integration by Vegas (iteration  10) **************
*                                                               *
*  integral  = -2.6195185       accum. integral = -2.6197756    *
*  std. dev. = 0.31776105E-02   accum. std. dev = 0.10625657E-02*
*   max. wt. =   0.207069E-02                                   *
*                                                               *
**************   chi**2/iteration = 0.7199       ****************

 Writing out intermediate results for iteration          10

************* Integration by Vegas (iteration  11) **************
*                                                               *
*  integral  = -2.6203276       accum. integral = -2.6198275    *
*  std. dev. = 0.32988225E-02   accum. std. dev = 0.10113936E-02*
*   max. wt. =   0.207069E-02                                   *
*                                                               *
**************   chi**2/iteration = 0.6505       ****************

 Writing out intermediate results for iteration          11

************* Integration by Vegas (iteration  12) **************
*                                                               *
*  integral  = -2.6200428       accum. integral = -2.6198466    *
*  std. dev. = 0.32426644E-02   accum. std. dev = 0.96551914E-03*
*   max. wt. =   0.207069E-02                                   *
*                                                               *
**************   chi**2/iteration = 0.5918       ****************

 Writing out intermediate results for iteration          12

************* Integration by Vegas (iteration  13) **************
*                                                               *
*  integral  = -2.6185440       accum. integral = -2.6197599    *
*  std. dev. = 0.36175153E-02   accum. std. dev = 0.93286384E-03*
*   max. wt. =   0.207069E-02                                   *
*                                                               *
**************   chi**2/iteration = 0.5526       ****************

 Writing out intermediate results for iteration          13

************* Integration by Vegas (iteration  14) **************
*                                                               *
*  integral  = -2.6207478       accum. integral = -2.6198233    *
*  std. dev. = 0.35642503E-02   accum. std. dev = 0.90246566E-03*
*   max. wt. =   0.207069E-02                                   *
*                                                               *
**************   chi**2/iteration = 0.5156       ****************

 Writing out intermediate results for iteration          14

************* Integration by Vegas (iteration  15) **************
*                                                               *
*  integral  = -2.6209498       accum. integral = -2.6199003    *
*  std. dev. = 0.33301799E-02   accum. std. dev = 0.87104788E-03*
*   max. wt. =   0.207069E-02                                   *
*                                                               *
**************   chi**2/iteration = 0.4864       ****************

 Writing out intermediate results for iteration          15

************* Integration by Vegas (iteration  16) **************
*                                                               *
*  integral  = -2.6204507       accum. integral = -2.6199386    *
*  std. dev. = 0.31866143E-02   accum. std. dev = 0.84022340E-03*
*   max. wt. =   0.207069E-02                                   *
*                                                               *
**************   chi**2/iteration = 0.4559       ****************

 Writing out intermediate results for iteration          16

************* Integration by Vegas (iteration  17) **************
*                                                               *
*  integral  = -2.6228125       accum. integral = -2.6200803    *
*  std. dev. = 0.36899032E-02   accum. std. dev = 0.81925217E-03*
*   max. wt. =   0.207069E-02                                   *
*                                                               *
**************   chi**2/iteration = 0.4634       ****************

 Writing out intermediate results for iteration          17

************* Integration by Vegas (iteration  18) **************
*                                                               *
*  integral  = -2.6145938       accum. integral = -2.6198039    *
*  std. dev. = 0.35572698E-02   accum. std. dev = 0.79835347E-03*
*   max. wt. =   0.207069E-02                                   *
*                                                               *
**************   chi**2/iteration = 0.5690       ****************

 Writing out intermediate results for iteration          18

************* Integration by Vegas (iteration  19) **************
*                                                               *
*  integral  = -2.6189145       accum. integral = -2.6197544    *
*  std. dev. = 0.32887129E-02   accum. std. dev = 0.77582100E-03*
*   max. wt. =   0.207069E-02                                   *
*                                                               *
**************   chi**2/iteration = 0.5412       ****************

 Writing out intermediate results for iteration          19

************* Integration by Vegas (iteration  20) **************
*                                                               *
*  integral  = -2.6192901       accum. integral = -2.6197308    *
*  std. dev. = 0.33515801E-02   accum. std. dev = 0.75583541E-03*
*   max. wt. =   0.207069E-02                                   *
*                                                               *
**************   chi**2/iteration = 0.5137       ****************

 Writing out intermediate results for iteration          20

************* Integration by Vegas (iteration  21) **************
*                                                               *
*  integral  = -2.6209274       accum. integral = -2.6197831    *
*  std. dev. = 0.35358502E-02   accum. std. dev = 0.73913669E-03*
*   max. wt. =   0.207069E-02                                   *
*                                                               *
**************   chi**2/iteration = 0.4935       ****************

 Writing out intermediate results for iteration          21

************* Integration by Vegas (iteration  22) **************
*                                                               *
*  integral  = -2.6253199       accum. integral = -2.6200394    *
*  std. dev. = 0.33552068E-02   accum. std. dev = 0.72182898E-03*
*   max. wt. =   0.207069E-02                                   *
*                                                               *
**************   chi**2/iteration = 0.5936       ****************

 Writing out intermediate results for iteration          22

************* Integration by Vegas (iteration  23) **************
*                                                               *
*  integral  = -2.6186100       accum. integral = -2.6199728    *
*  std. dev. = 0.32666774E-02   accum. std. dev = 0.70482691E-03*
*   max. wt. =   0.207069E-02                                   *
*                                                               *
**************   chi**2/iteration = 0.5750       ****************

 Writing out intermediate results for iteration          23

************* Integration by Vegas (iteration  24) **************
*                                                               *
*  integral  = -2.6221081       accum. integral = -2.6200707    *
*  std. dev. = 0.32160669E-02   accum. std. dev = 0.68848672E-03*
*   max. wt. =   0.207069E-02                                   *
*                                                               *
**************   chi**2/iteration = 0.5682       ****************

 Writing out intermediate results for iteration          24

************* Integration by Vegas (iteration  25) **************
*                                                               *
*  integral  = -2.6199696       accum. integral = -2.6200664    *
*  std. dev. = 0.32613787E-02   accum. std. dev = 0.67364012E-03*
*   max. wt. =   0.207069E-02                                   *
*                                                               *
**************   chi**2/iteration = 0.5446       ****************

 Writing out intermediate results for iteration          25

************* Integration by Vegas (iteration  26) **************
*                                                               *
*  integral  = -2.6142376       accum. integral = -2.6198325    *
*  std. dev. = 0.32948738E-02   accum. std. dev = 0.65998753E-03*
*   max. wt. =   0.207069E-02                                   *
*                                                               *
**************   chi**2/iteration = 0.6430       ****************

 Writing out intermediate results for iteration          26

************* Integration by Vegas (iteration  27) **************
*                                                               *
*  integral  = -2.6177962       accum. integral = -2.6197543    *
*  std. dev. = 0.33032756E-02   accum. std. dev = 0.64719616E-03*
*   max. wt. =   0.207069E-02                                   *
*                                                               *
**************   chi**2/iteration = 0.6323       ****************

 Writing out intermediate results for iteration          27

************* Integration by Vegas (iteration  28) **************
*                                                               *
*  integral  = -2.6227682       accum. integral = -2.6198703    *
*  std. dev. = 0.32345650E-02   accum. std. dev = 0.63461736E-03*
*   max. wt. =   0.207069E-02                                   *
*                                                               *
**************   chi**2/iteration = 0.6398       ****************

 Writing out intermediate results for iteration          28

************* Integration by Vegas (iteration  29) **************
*                                                               *
*  integral  = -2.6170313       accum. integral = -2.6197659    *
*  std. dev. = 0.32476333E-02   accum. std. dev = 0.62283732E-03*
*   max. wt. =   0.207069E-02                                   *
*                                                               *
**************   chi**2/iteration = 0.6432       ****************

 Writing out intermediate results for iteration          29

************* Integration by Vegas (iteration  30) **************
*                                                               *
*  integral  = -2.6170386       accum. integral = -2.6197142    *
*  std. dev. = 0.44774955E-02   accum. std. dev = 0.61689746E-03*
*   max. wt. =   0.307729E-02                                   *
*                                                               *
**************   chi**2/iteration = 0.6336       ****************

 Writing out intermediate results for iteration          30

************* Integration by Vegas (iteration  31) **************
*                                                               *
*  integral  = -2.6213794       accum. integral = -2.6197488    *
*  std. dev. = 0.42323929E-02   accum. std. dev = 0.61044710E-03*
*   max. wt. =   0.307729E-02                                   *
*                                                               *
**************   chi**2/iteration = 0.6175       ****************

 Writing out intermediate results for iteration          31

************* Integration by Vegas (iteration  32) **************
*                                                               *
*  integral  = -2.6147004       accum. integral = -2.6195910    *
*  std. dev. = 0.33987042E-02   accum. std. dev = 0.60083249E-03*
*   max. wt. =   0.307729E-02                                   *
*                                                               *
**************   chi**2/iteration = 0.6665       ****************

 Writing out intermediate results for iteration          32

************* Integration by Vegas (iteration  33) **************
*                                                               *
*  integral  = -2.6219211       accum. integral = -2.6196682    *
*  std. dev. = 0.32453625E-02   accum. std. dev = 0.59079301E-03*
*   max. wt. =   0.307729E-02                                   *
*                                                               *
**************   chi**2/iteration = 0.6613       ****************

 Writing out intermediate results for iteration          33

************* Integration by Vegas (iteration  34) **************
*                                                               *
*  integral  = -2.6186454       accum. integral = -2.6196494    *
*  std. dev. = 0.43105227E-02   accum. std. dev = 0.58532097E-03*
*   max. wt. =   0.307729E-02                                   *
*                                                               *
**************   chi**2/iteration = 0.6429       ****************

 Writing out intermediate results for iteration          34

************* Integration by Vegas (iteration  35) **************
*                                                               *
*  integral  = -2.6171963       accum. integral = -2.6195995    *
*  std. dev. = 0.40645320E-02   accum. std. dev = 0.57934456E-03*
*   max. wt. =   0.307729E-02                                   *
*                                                               *
**************   chi**2/iteration = 0.6345       ****************

 Writing out intermediate results for iteration          35

************* Integration by Vegas (iteration  36) **************
*                                                               *
*  integral  = -2.6154738       accum. integral = -2.6194888    *
*  std. dev. = 0.34888070E-02   accum. std. dev = 0.57151826E-03*
*   max. wt. =   0.307729E-02                                   *
*                                                               *
**************   chi**2/iteration = 0.6553       ****************

 Writing out intermediate results for iteration          36

************* Integration by Vegas (iteration  37) **************
*                                                               *
*  integral  = -2.6217046       accum. integral = -2.6195548    *
*  std. dev. = 0.32614033E-02   accum. std. dev = 0.56294024E-03*
*   max. wt. =   0.307729E-02                                   *
*                                                               *
**************   chi**2/iteration = 0.6495       ****************

 Writing out intermediate results for iteration          37

************* Integration by Vegas (iteration  38) **************
*                                                               *
*  integral  = -2.6176668       accum. integral = -2.6194995    *
*  std. dev. = 0.32381794E-02   accum. std. dev = 0.55462174E-03*
*   max. wt. =   0.307729E-02                                   *
*                                                               *
**************   chi**2/iteration = 0.6409       ****************

 Writing out intermediate results for iteration          38

************* Integration by Vegas (iteration  39) **************
*                                                               *
*  integral  = -2.6153298       accum. integral = -2.6193790    *
*  std. dev. = 0.32151841E-02   accum. std. dev = 0.54654964E-03*
*   max. wt. =   0.307729E-02                                   *
*                                                               *
**************   chi**2/iteration = 0.6670       ****************

 Writing out intermediate results for iteration          39

************* Integration by Vegas (iteration  40) **************
*                                                               *
*  integral  = -2.6148852       accum. integral = -2.6192558    *
*  std. dev. = 0.32558753E-02   accum. std. dev = 0.53900808E-03*
*   max. wt. =   0.307729E-02                                   *
*                                                               *
**************   chi**2/iteration = 0.6974       ****************

 Writing out intermediate results for iteration          40

************* Integration by Vegas (iteration  41) **************
*                                                               *
*  integral  = -2.6171380       accum. integral = -2.6192013    *
*  std. dev. = 0.33159664E-02   accum. std. dev = 0.53202525E-03*
*   max. wt. =   0.307729E-02                                   *
*                                                               *
**************   chi**2/iteration = 0.6899       ****************

 Writing out intermediate results for iteration          41

************* Integration by Vegas (iteration  42) **************
*                                                               *
*  integral  = -2.6193057       accum. integral = -2.6192040    *
*  std. dev. = 0.32770253E-02   accum. std. dev = 0.52514943E-03*
*   max. wt. =   0.307729E-02                                   *
*                                                               *
**************   chi**2/iteration = 0.6731       ****************

 Writing out intermediate results for iteration          42

************* Integration by Vegas (iteration  43) **************
*                                                               *
*  integral  = -2.6200548       accum. integral = -2.6192260    *
*  std. dev. = 0.32194992E-02   accum. std. dev = 0.51829961E-03*
*   max. wt. =   0.307729E-02                                   *
*                                                               *
**************   chi**2/iteration = 0.6587       ****************

 Writing out intermediate results for iteration          43

************* Integration by Vegas (iteration  44) **************
*                                                               *
*  integral  = -2.6164160       accum. integral = -2.6191533    *
*  std. dev. = 0.31799158E-02   accum. std. dev = 0.51154917E-03*
*   max. wt. =   0.307729E-02                                   *
*                                                               *
**************   chi**2/iteration = 0.6611       ****************

 Writing out intermediate results for iteration          44

************* Integration by Vegas (iteration  45) **************
*                                                               *
*  integral  = -2.6249283       accum. integral = -2.6192878    *
*  std. dev. = 0.33125523E-02   accum. std. dev = 0.50555647E-03*
*   max. wt. =   0.307729E-02                                   *
*                                                               *
**************   chi**2/iteration = 0.7135       ****************

 Writing out intermediate results for iteration          45

************* Integration by Vegas (iteration  46) **************
*                                                               *
*  integral  = -2.6205689       accum. integral = -2.6193158    *
*  std. dev. = 0.33824395E-02   accum. std. dev = 0.50000234E-03*
*   max. wt. =   0.307729E-02                                   *
*                                                               *
**************   chi**2/iteration = 0.7007       ****************

 Writing out intermediate results for iteration          46

************* Integration by Vegas (iteration  47) **************
*                                                               *
*  integral  = -2.6178891       accum. integral = -2.6192867    *
*  std. dev. = 0.34626391E-02   accum. std. dev = 0.49486966E-03*
*   max. wt. =   0.307729E-02                                   *
*                                                               *
**************   chi**2/iteration = 0.6891       ****************

 Writing out intermediate results for iteration          47

************* Integration by Vegas (iteration  48) **************
*                                                               *
*  integral  = -2.6205973       accum. integral = -2.6193148    *
*  std. dev. = 0.33390724E-02   accum. std. dev = 0.48952270E-03*
*   max. wt. =   0.307729E-02                                   *
*                                                               *
**************   chi**2/iteration = 0.6777       ****************

 Writing out intermediate results for iteration          48

************* Integration by Vegas (iteration  49) **************
*                                                               *
*  integral  = -2.6171467       accum. integral = -2.6192832    *
*  std. dev. = 0.40202790E-02   accum. std. dev = 0.48593365E-03*
*   max. wt. =   0.307729E-02                                   *
*                                                               *
**************   chi**2/iteration = 0.6695       ****************

 Writing out intermediate results for iteration          49

************* Integration by Vegas (iteration  50) **************
*                                                               *
*  integral  = -2.6200450       accum. integral = -2.6192949    *
*  std. dev. = 0.38846230E-02   accum. std. dev = 0.48217577E-03*
*   max. wt. =   0.307729E-02                                   *
*                                                               *
**************   chi**2/iteration = 0.6566       ****************


Value of final lord integral is       -2.6193 +/-     0.0005 fb

 Total number of shots       :     47239200
 Total no. failing cuts      :     14583792
 Number failing jet cuts     :            0
 Number failing process cuts :            0

   Jet efficiency : 100.00%
   Cut efficiency : 100.00%
 Total efficiency : 100.00%

 Contribution from parton sub-processes:
 ---------------------------------------
       GG     |          -2.61929  100.00%
       GQ     |           0.00000   -0.00%
       GQB    |           0.00000   -0.00%
       QG     |           0.00000   -0.00%
       QBG    |           0.00000   -0.00%
       QQ     |           0.00000   -0.00%
       QBQB   |           0.00000   -0.00%
       QQB    |           0.00000   -0.00%
       QBQ    |           0.00000   -0.00%
 ---------------------------------------

 ****************************************************
 output files  E_var/E_50/MSTW/TOP/HZZint_lord_mstw8lo_0___0___126_129_run_50
 ****************************************************
