 ************** MCFM - version 6.8 ****************
 *                                                *
 * MCFM, v6.8                   April 26th, 2014  *
 *                                                *
 * Authors: John Campbell, Keith Ellis,           *
 *          Ciaran Williams                       *
 *         (johnmc@fnal.gov, ellis@fnal.gov,      *
 *          ciaran@fnal.gov)                      *
 *                                                *
 * For details see:                               *
 *                                                *
 *  arXiv:1403.2641 (Triphoton production)        *
 *  arXiv:1312.1628 (gg->WW, Higgs interference)  *
 *  arXiv:1311.3589 (gg->ZZ, Higgs interference)  *
 *  Phys.Rev.D87:114006, arXiv:1302.3856          *
 *  (tZ, tH -- with R. Rontsch)                   *
 *  arXiv:1211.6390 (DM, P. Fox and C. Williams)  *
 *  JHEP 1211:162 (2012), arXiv:1208.0566         *
 *  (Z+gam+jet,Z+gam+gam -- with H. Hartanto)     *
 *  arXiv:1204.1513 (top production+decay)        *
 *  JHEP 1207:052 (2012), arXiv:1204.5678 (ttW)   *
 *  JHEP 1110:005 (2011), arXiv:1107.5569         *
 *         (gg->WW,Higgs intference)              *
 *  JHEP 1107:018 (2011), arXiv:1105.0020         *
 *         (diboson update)                       *
 *  JHEP 1103:027 (2011), arXiv:1011.6647         *
 *         (Wbb for mb>0, with S. Badger)         *
 *  Phys.Rev.D81:074023, arXiv:1001.4495 (H+2jet) *
 *                                                *
 *  P.R.L. 102:142001, arXiv:0903.0005 [hep-ph]   *
 *    (t-channel single top + explicit b,         *
 *      JC, R.Frederix, F.Maltoni, F.Tramontano)  *
 *  N.P.B 726:109(2005), hep-ph/0506289 (W+t)     *
 *  Phys.Rev.D70:094012, hep-ph/0408158 (Sngl Top)*
 *       (with Francesco Tramontano)              *
 *                                                *
 *  Phys.Rev.D65:113007, hep-ph/0202176 (W,Z+2j)  *
 *  Phys.Rev.D62:114012, hep-ph/0006304 (W,Z+bb)  *
 *  Phys.Rev.D60:113006, hep-ph/9905386 (diboson) *
 *                                                *
 * On the web:  http://mcfm.fnal.gov/             *
 **************************************************

 * Using input file named E_var/E_14/MSTW/HHTOP/input_128_14.DAT                                  

 * [Flags to specify the mode in which MCFM is run]                                          
 *                   -1            [nevtrequested] 
 *                    F            [creatent] 
 *                    F            [skipnt] 
 *                    F            [dswhisto] 
 *                    F            [creategrid] 
 *                    T            [writetop] 
 *                    T            [writedat] 
 *                    T            [writegnu] 
 *                    T            [writeroot] 
 *                    F            [writepwg] 

 * [General options to specify the process and execution]                                    
 *                  128            [nproc] 
 *                 lord            [part] 
 * 128_run_14                      [runstring] 
 *           14000.0000            [sqrts] 
 *                    1            [ih1] 
 *                    1            [ih2] 
 *             126.0000            [hmass] 
 *               0.5000            [scale] 
 *               0.5000            [facscale] 
 * m(3456)                         [dynamicscale] 
 *                    F            [zerowidth] 
 *                    F            [removebr] 
 *                   40            [itmx1] 
 *               500000            [ncall1] 
 *                  100            [itmx2] 
 *               500000            [ncall2] 
 *                 2020            [ij] 
 *                    F            [dryrun] 
 *                    T            [Qflag] 
 *                    T            [Gflag] 

 * [Heavy quark masses]                                                                      
 *             173.2000            [top mass] 
 *               4.7500            [bottom mass] 
 *               1.5000            [charm mass] 

 * [Pdf selection]                                                                           
 *              mstw8lo            [pdlabel] 
 *                    4            [NGROUP] 
 *                   46            [NSET] 
 * cteq6mE.LHgrid                  [LHAPDF group] 
 *                   -1            [LHAPDF set] 

 * [Jet definition and event cuts]                                                           
 *               0.0000            [m34min] 
 *           14000.0000            [m34max] 
 *               0.0000            [m56min] 
 *           14000.0000            [m56max] 
 *                    T            [inclusive] 
 *                 ankt            [algorithm] 
 *              15.0000            [ptjetmin] 
 *               0.0000            [etajetmin] 
 *               5.0000            [etajetmax] 
 *               0.5000            [Rcut] 
 *                    T            [makecuts] 
 *               0.0000            [leptpt] 
 *              99.0000            [leptrap] 
 *    0.000,   0.000                [leptveto] 
 *               0.0000            [misspt] 
 *               0.0000            [leptpt2] 
 *              99.0000            [leptrap2] 
 *    0.000,   0.000                [leptveto2] 
 *               0.0000            [mtrans34cut] 
 *               0.0000            [Rjlmin] 
 *               0.0000            [Rllmin] 
 *               0.0000            [delyjjmin] 
 *                    F            [jetsopphem] 
 *                    0            [lbjscheme] 
 *               0.0000            [ptbjetmin] 
 *              99.0000            [etabjetmax] 

 * [Settings for photon processes]                                                           
 *                    F            [frag] 
 *             GdRG__LO            [fragset] 
 *              80.0000            [frag_scale] 
 *              20.0000            [gammpt] 
 *               2.5000            [gammrap] 
 *              20.0000            [gammpt2] 
 *              20.0000            [gammpt3] 
 *               0.0000            [Rgalmin] 
 *               0.4000            [Rgagamin] 
 *               0.4000            [Rgajetmin] 
 *               0.4000            [cone_ang] 
 *               0.5000            [epsilon_h] 

 * [Anomalous couplings of the W and Z]                                                      
 *               0.0000            [delg1_z] 
 *               0.0000            [delk_z] 
 *               0.0000            [delk_g] 
 *               0.0000            [lambda_z] 
 *               0.0000            [lambda_g] 
 *               0.0000            [h1Z] 
 *               0.0000            [h1gam] 
 *               0.0000            [h2Z] 
 *               0.0000            [h2gam] 
 *               0.0000            [h3Z] 
 *               0.0000            [h3gam] 
 *               0.0000            [h4Z] 
 *               0.0000            [h4gam] 
 *               2.0000            [tevscale] 

 * [Anomalous width of the Higgs]                                                            
 *               1.0000            [Gamma_H/Gamma_H(SM)] 

 * [How to resume/save a run]                                                                
 *                    F            [readin] 
 *                    F            [writeout] 
 *                                 [ingridfile] 
 *                                 [outgridfile] 

 * [Technical parameters that should not normally be changed]

 *                    F            [debug] 
 *                    T            [verbose] 
 *                    F            [new_pspace] 
 *                    F            [virtonly] 
 *                    F            [realonly] 
 *                    T            [spira] 
 *                    F            [noglue] 
 *                    F            [ggonly] 
 *                    F            [gqonly] 
 *                    F            [omitgg] 
 *                    F            [vanillafiles] 
 *                    1            [nmin] 
 *                    2            [nmax] 
 *                    T            [clustering] 
 *                    F            [realwt] 
 *                    0            [colourchoice] 
 *               0.0100            [rtsmin] 
 *               0.0001            [cutoff] 
 *               0.1000            [aii] 
 *               0.1000            [aif] 
 *               0.1000            [afi] 
 *               1.0000            [aff] 
 *               1.0000            [bfi] 
 *               1.0000            [bff] 

 Chooser:process chosen by nproc=         128

 *************************** f(p1)+f(p2) --> ******************************************
 * H(--> Z^0(e^-(p3)+e^+(p4)) + Z^0(mu^-(p5)+mu^+(p6)) [top, bottom loops, exact]     *
 **************************************************************************************

 ************** Electroweak parameters **************
 *                                                  *
 *  zmass(+)   91.1876000     wmass(+)  80.3980000  *
 * zwidth(+)    2.4952000    wwidth(+)   2.1054000  *
 *     Gf(+) 0.116639D-04   1/aemmz    132.3384323  *
 *     xw       0.2226459      mtop(+) 173.2000000  *
 *   gwsq       0.4264904       esq      0.0949563  *
 * top width    1.4743080 (LO)                      *
 *    mb        4.7500000        mc      1.5000000  *
 *                                                  *
 * Parameters marked (+) are input, others derived  *
 ****************************************************

 ****************** Higgs parameters ****************
 *                                                  *
 *   mass(H) =  126.00      width(H) =  0.43070E-02 *
 *                                                  *
 *              Br( H -> b bbar)  =   0.48164       *
 *              Br( H -> tau tau) =   0.06056       *
 *              Br( H -> W W)     =   0.00000       *
 *              Br( H -> Z Z)     =   0.00000       *
 *              Br( H -> gam gam) =   0.00235       *
 *              Br( H -> Z gam)   =   0.00164       *
 ****************************************************
 *                                                  *
 * Note: branching ratios reported here can be > 1  *
 *       since the total Higgs width is calculated  *
 *       at NLO but the BR calculation uses a       *
 *       partial width at LO only.                  *
 *                                                  *
 ****************************************************

 WARNING: Higgs decay H->ZZ is below threshold and
 may not yield sensible results - check the number
 of integration points

 ***************** CKM mixing matrix ****************
 *                                                  *
 *      Vud=.97500    Vus=.22200    Vub=0.0000      *
 *      Vcd=.22200    Vcs=.97500    Vcb=0.0000      *
 ****************************************************

 ************* Strong coupling, alpha_s  ************
 *                                                  *
 *  Dynamic scale - alpha_s changed event-by-event  *
 *       alpha_s (zmass)  0.13939000                *
 *         (using 1-loop running of alpha_s)        *
 ****************************************************

 ****************************************
 *     Cross section in femtobarns      *
 ****************************************


 input parameters for vegas:  ndim= 10  ncall= 472392.
                              it=    0  itmx=   40
                              nprn=  0  alph= 1.50
                              mds=  1   nd= 100
                              xl( 1)=   0.000     xu( 1)=   1.000    
                              xl( 2)=   0.000     xu( 2)=   1.000    
                              xl( 3)=   0.000     xu( 3)=   1.000    
                              xl( 4)=   0.000     xu( 4)=   1.000    
                              xl( 5)=   0.000     xu( 5)=   1.000    
                              xl( 6)=   0.000     xu( 6)=   1.000    
                              xl( 7)=   0.000     xu( 7)=   1.000    
                              xl( 8)=   0.000     xu( 8)=   1.000    
                              xl( 9)=   0.000     xu( 9)=   1.000    
                              xl(10)=   0.000     xu(10)=   1.000    

 ****************** Basic mass cuts *****************
 *                                                  *
 *              0.00  <   m34  <  14000.00           *
 *              0.00  <   m56  <  14000.00           *
 ****************************************************
 *********** CMS Higgs Search cuts******
 *                                     *
 *     pt(mu) >           5.00 GeV     *
 *     pt(el) >           7.00 GeV     *
 *     |eta_mu| <         2.40         *
 *     |eta_el| <         2.50         *
 *     m4lmin >         100.00 GeV     *
 *     m2lmin >           4.00 GeV     *
 *     ptleading >       20.00 GeV     *
 *     ptnexttoleading > 10.00 GeV     *
 *     mllnear >         40.00 GeV     *
 *     mllfar >          12.00 GeV     *
 *     mllmax >         120.00 GeV     *
 ***************************************

 ************** Dynamic scale choice ****************
 *                                                  *
 *                 RENORMALIZATION                  *
 *       mu_ren  =  0.50 x m(3456)                  *
 *                                                  *
 *                  FACTORIZATION                   *
 *       mu_fac  =  0.50 x m(3456)                  *
 *                                                  *
 ****************************************************
 ====================================================
   This is QCDLoop - version 1.95                    
   Authors: Keith Ellis and Giulia Zanderighi        
   (ellis@fnal.gov, g.zanderighi1@physics.ox.ac.uk)  
   For details see FERMILAB-PUB-07-633-T,OUTP-07/16P 
   arXiv:0712.1851 [hep-ph], published in            
   JHEP 0802:002,2008.                               
 ====================================================
 ====================================================
   FF 2.0, a package to evaluate one-loop integrals
 written by G. J. van Oldenborgh, NIKHEF-H, Amsterdam
 ====================================================
 for the algorithms used see preprint NIKHEF-H 89/17,
 'New Algorithms for One-loop Integrals', by G.J. van
 Oldenborgh and J.A.M. Vermaseren, published in 
 Zeitschrift fuer Physik C46(1990)425.
 ====================================================
 ffini: precx =    4.4408920985006262E-016
 ffini: precc =    4.4408920985006262E-016
 ffini: xalogm =    4.9406564584124654E-324
 ffini: xclogm =    4.9406564584124654E-324
 Reading PDF grid from Pdfdata/mstw2008lo.00.dat

************* Integration by Vegas (iteration   1) **************
*                                                               *
*  integral  = 0.60536887       accum. integral = 0.60536887    *
*  std. dev. = 0.28157841E-01   accum. std. dev = 0.28157841E-01*
*   max. wt. =   0.110985E-01                                   *
*                                                               *
**************   chi**2/iteration =  0.000       ****************


************* Integration by Vegas (iteration   2) **************
*                                                               *
*  integral  = 0.59128151       accum. integral = 0.59257270    *
*  std. dev. = 0.89444675E-02   accum. std. dev = 0.85247113E-02*
*   max. wt. =   0.110985E-01                                   *
*                                                               *
**************   chi**2/iteration = 0.2251       ****************


************* Integration by Vegas (iteration   3) **************
*                                                               *
*  integral  = 0.64338384       accum. integral = 0.59595249    *
*  std. dev. = 0.31935009E-01   accum. std. dev = 0.82363144E-02*
*   max. wt. =   0.285789E-01                                   *
*                                                               *
**************   chi**2/iteration =  1.289       ****************


************* Integration by Vegas (iteration   4) **************
*                                                               *
*  integral  = 0.65380718       accum. integral = 0.60004407    *
*  std. dev. = 0.29855870E-01   accum. std. dev = 0.79397318E-02*
*   max. wt. =   0.285789E-01                                   *
*                                                               *
**************   chi**2/iteration =  2.020       ****************


************* Integration by Vegas (iteration   5) **************
*                                                               *
*  integral  = 0.64274634       accum. integral = 0.61734493    *
*  std. dev. = 0.96205731E-02   accum. std. dev = 0.61236348E-02*
*   max. wt. =   0.285789E-01                                   *
*                                                               *
**************   chi**2/iteration =  4.439       ****************


************* Integration by Vegas (iteration   6) **************
*                                                               *
*  integral  = 0.65993317       accum. integral = 0.65023483    *
*  std. dev. = 0.33252685E-02   accum. std. dev = 0.29222216E-02*
*   max. wt. =   0.285789E-01                                   *
*                                                               *
**************   chi**2/iteration =  11.01       ****************


************* Integration by Vegas (iteration   7) **************
*                                                               *
*  integral  = 0.66688484       accum. integral = 0.66259555    *
*  std. dev. = 0.17214088E-02   accum. std. dev = 0.14831963E-02*
*   max. wt. =   0.285789E-01                                   *
*                                                               *
**************   chi**2/iteration =  13.19       ****************


************* Integration by Vegas (iteration   8) **************
*                                                               *
*  integral  = 0.66219753       accum. integral = 0.66237212    *
*  std. dev. = 0.13111470E-02   accum. std. dev = 0.98234407E-03*
*   max. wt. =   0.285789E-01                                   *
*                                                               *
**************   chi**2/iteration =  11.31       ****************


************* Integration by Vegas (iteration   9) **************
*                                                               *
*  integral  = 0.66440608       accum. integral = 0.66314680    *
*  std. dev. = 0.12524608E-02   accum. std. dev = 0.77295423E-03*
*   max. wt. =   0.285789E-01                                   *
*                                                               *
**************   chi**2/iteration =  10.10       ****************


************* Integration by Vegas (iteration  10) **************
*                                                               *
*  integral  = 0.66294690       accum. integral = 0.66308913    *
*  std. dev. = 0.12138042E-02   accum. std. dev = 0.65198191E-03*
*   max. wt. =   0.285789E-01                                   *
*                                                               *
**************   chi**2/iteration =  8.984       ****************


************* Integration by Vegas (iteration  11) **************
*                                                               *
*  integral  = 0.65924519       accum. integral = 0.66219308    *
*  std. dev. = 0.11825653E-02   accum. std. dev = 0.57095634E-03*
*   max. wt. =   0.285789E-01                                   *
*                                                               *
**************   chi**2/iteration =  8.896       ****************


************* Integration by Vegas (iteration  12) **************
*                                                               *
*  integral  = 0.65910655       accum. integral = 0.66162682    *
*  std. dev. = 0.12045281E-02   accum. std. dev = 0.51593014E-03*
*   max. wt. =   0.285789E-01                                   *
*                                                               *
**************   chi**2/iteration =  8.575       ****************


************* Integration by Vegas (iteration  13) **************
*                                                               *
*  integral  = 0.66193054       accum. integral = 0.66167455    *
*  std. dev. = 0.11947092E-02   accum. std. dev = 0.47365128E-03*
*   max. wt. =   0.285789E-01                                   *
*                                                               *
**************   chi**2/iteration =  7.866       ****************


************* Integration by Vegas (iteration  14) **************
*                                                               *
*  integral  = 0.65873465       accum. integral = 0.66126844    *
*  std. dev. = 0.11830910E-02   accum. std. dev = 0.43972098E-03*
*   max. wt. =   0.285789E-01                                   *
*                                                               *
**************   chi**2/iteration =  7.670       ****************


************* Integration by Vegas (iteration  15) **************
*                                                               *
*  integral  = 0.66069994       accum. integral = 0.66119893    *
*  std. dev. = 0.11781430E-02   accum. std. dev = 0.41196251E-03*
*   max. wt. =   0.285789E-01                                   *
*                                                               *
**************   chi**2/iteration =  7.137       ****************


************* Integration by Vegas (iteration  16) **************
*                                                               *
*  integral  = 0.66063556       accum. integral = 0.66113905    *
*  std. dev. = 0.11945977E-02   accum. std. dev = 0.38945498E-03*
*   max. wt. =   0.285789E-01                                   *
*                                                               *
**************   chi**2/iteration =  6.675       ****************


************* Integration by Vegas (iteration  17) **************
*                                                               *
*  integral  = 0.66178540       accum. integral = 0.66120153    *
*  std. dev. = 0.11905421E-02   accum. std. dev = 0.37015316E-03*
*   max. wt. =   0.285789E-01                                   *
*                                                               *
**************   chi**2/iteration =  6.275       ****************


************* Integration by Vegas (iteration  18) **************
*                                                               *
*  integral  = 0.66159399       accum. integral = 0.66123608    *
*  std. dev. = 0.11913529E-02   accum. std. dev = 0.35348446E-03*
*   max. wt. =   0.285789E-01                                   *
*                                                               *
**************   chi**2/iteration =  5.912       ****************


************* Integration by Vegas (iteration  19) **************
*                                                               *
*  integral  = 0.66111938       accum. integral = 0.66122666    *
*  std. dev. = 0.11931346E-02   accum. std. dev = 0.33892309E-03*
*   max. wt. =   0.285789E-01                                   *
*                                                               *
**************   chi**2/iteration =  5.584       ****************


************* Integration by Vegas (iteration  20) **************
*                                                               *
*  integral  = 0.66108537       accum. integral = 0.66121643    *
*  std. dev. = 0.12130676E-02   accum. std. dev = 0.32642210E-03*
*   max. wt. =   0.285789E-01                                   *
*                                                               *
**************   chi**2/iteration =  5.291       ****************


************* Integration by Vegas (iteration  21) **************
*                                                               *
*  integral  = 0.65886709       accum. integral = 0.66105873    *
*  std. dev. = 0.12168825E-02   accum. std. dev = 0.31527625E-03*
*   max. wt. =   0.285789E-01                                   *
*                                                               *
**************   chi**2/iteration =  5.200       ****************


************* Integration by Vegas (iteration  22) **************
*                                                               *
*  integral  = 0.66144943       accum. integral = 0.66108297    *
*  std. dev. = 0.12260284E-02   accum. std. dev = 0.30534211E-03*
*   max. wt. =   0.285789E-01                                   *
*                                                               *
**************   chi**2/iteration =  4.957       ****************


************* Integration by Vegas (iteration  23) **************
*                                                               *
*  integral  = 0.66186831       accum. integral = 0.66112936    *
*  std. dev. = 0.12185560E-02   accum. std. dev = 0.29618510E-03*
*   max. wt. =   0.285789E-01                                   *
*                                                               *
**************   chi**2/iteration =  4.750       ****************


************* Integration by Vegas (iteration  24) **************
*                                                               *
*  integral  = 0.66031706       accum. integral = 0.66108470    *
*  std. dev. = 0.12279679E-02   accum. std. dev = 0.28792808E-03*
*   max. wt. =   0.285789E-01                                   *
*                                                               *
**************   chi**2/iteration =  4.561       ****************


************* Integration by Vegas (iteration  25) **************
*                                                               *
*  integral  = 0.65985514       accum. integral = 0.66102004    *
*  std. dev. = 0.12221146E-02   accum. std. dev = 0.28025512E-03*
*   max. wt. =   0.285789E-01                                   *
*                                                               *
**************   chi**2/iteration =  4.411       ****************


************* Integration by Vegas (iteration  26) **************
*                                                               *
*  integral  = 0.66335023       accum. integral = 0.66113645    *
*  std. dev. = 0.12221659E-02   accum. std. dev = 0.27316518E-03*
*   max. wt. =   0.285789E-01                                   *
*                                                               *
**************   chi**2/iteration =  4.373       ****************


************* Integration by Vegas (iteration  27) **************
*                                                               *
*  integral  = 0.66216825       accum. integral = 0.66118550    *
*  std. dev. = 0.12226792E-02   accum. std. dev = 0.26659279E-03*
*   max. wt. =   0.285789E-01                                   *
*                                                               *
**************   chi**2/iteration =  4.231       ****************


************* Integration by Vegas (iteration  28) **************
*                                                               *
*  integral  = 0.66185582       accum. integral = 0.66121671    *
*  std. dev. = 0.12065373E-02   accum. std. dev = 0.26031399E-03*
*   max. wt. =   0.285789E-01                                   *
*                                                               *
**************   chi**2/iteration =  4.085       ****************


************* Integration by Vegas (iteration  29) **************
*                                                               *
*  integral  = 0.65898974       accum. integral = 0.66111910    *
*  std. dev. = 0.12158858E-02   accum. std. dev = 0.25454564E-03*
*   max. wt. =   0.285789E-01                                   *
*                                                               *
**************   chi**2/iteration =  4.054       ****************


************* Integration by Vegas (iteration  30) **************
*                                                               *
*  integral  = 0.66159254       accum. integral = 0.66113796    *
*  std. dev. = 0.12498929E-02   accum. std. dev = 0.24942573E-03*
*   max. wt. =   0.285789E-01                                   *
*                                                               *
**************   chi**2/iteration =  3.919       ****************


************* Integration by Vegas (iteration  31) **************
*                                                               *
*  integral  = 0.66326061       accum. integral = 0.66121901    *
*  std. dev. = 0.12517940E-02   accum. std. dev = 0.24461705E-03*
*   max. wt. =   0.285789E-01                                   *
*                                                               *
**************   chi**2/iteration =  3.880       ****************


************* Integration by Vegas (iteration  32) **************
*                                                               *
*  integral  = 0.65993562       accum. integral = 0.66117111    *
*  std. dev. = 0.12422752E-02   accum. std. dev = 0.24000829E-03*
*   max. wt. =   0.285789E-01                                   *
*                                                               *
**************   chi**2/iteration =  3.788       ****************


************* Integration by Vegas (iteration  33) **************
*                                                               *
*  integral  = 0.66125131       accum. integral = 0.66117395    *
*  std. dev. = 0.12537175E-02   accum. std. dev = 0.23572765E-03*
*   max. wt. =   0.285789E-01                                   *
*                                                               *
**************   chi**2/iteration =  3.670       ****************


************* Integration by Vegas (iteration  34) **************
*                                                               *
*  integral  = 0.66099444       accum. integral = 0.66116750    *
*  std. dev. = 0.12215391E-02   accum. std. dev = 0.23145734E-03*
*   max. wt. =   0.285789E-01                                   *
*                                                               *
**************   chi**2/iteration =  3.560       ****************


************* Integration by Vegas (iteration  35) **************
*                                                               *
*  integral  = 0.66201620       accum. integral = 0.66119717    *
*  std. dev. = 0.12160977E-02   accum. std. dev = 0.22737567E-03*
*   max. wt. =   0.285789E-01                                   *
*                                                               *
**************   chi**2/iteration =  3.469       ****************


************* Integration by Vegas (iteration  36) **************
*                                                               *
*  integral  = 0.66147035       accum. integral = 0.66120496    *
*  std. dev. = 0.13271807E-02   accum. std. dev = 0.22411049E-03*
*   max. wt. =   0.285789E-01                                   *
*                                                               *
**************   chi**2/iteration =  3.371       ****************


************* Integration by Vegas (iteration  37) **************
*                                                               *
*  integral  = 0.66088847       accum. integral = 0.66119608    *
*  std. dev. = 0.13192419E-02   accum. std. dev = 0.22094508E-03*
*   max. wt. =   0.285789E-01                                   *
*                                                               *
**************   chi**2/iteration =  3.279       ****************


************* Integration by Vegas (iteration  38) **************
*                                                               *
*  integral  = 0.66133325       accum. integral = 0.66119977    *
*  std. dev. = 0.13286095E-02   accum. std. dev = 0.21795190E-03*
*   max. wt. =   0.285789E-01                                   *
*                                                               *
**************   chi**2/iteration =  3.190       ****************


************* Integration by Vegas (iteration  39) **************
*                                                               *
*  integral  = 0.66074156       accum. integral = 0.66118732    *
*  std. dev. = 0.13037326E-02   accum. std. dev = 0.21496867E-03*
*   max. wt. =   0.285789E-01                                   *
*                                                               *
**************   chi**2/iteration =  3.110       ****************


************* Integration by Vegas (iteration  40) **************
*                                                               *
*  integral  = 0.66239389       accum. integral = 0.66121917    *
*  std. dev. = 0.13054626E-02   accum. std. dev = 0.21211212E-03*
*   max. wt. =   0.285789E-01                                   *
*                                                               *
**************   chi**2/iteration =  3.051       ****************


 input parameters for vegas:  ndim= 10  ncall= 472392.
                              it=   41  itmx=  100
                              nprn=  0  alph= 1.50
                              mds=  1   nd= 100
                              xl( 1)=   0.000     xu( 1)=   1.000    
                              xl( 2)=   0.000     xu( 2)=   1.000    
                              xl( 3)=   0.000     xu( 3)=   1.000    
                              xl( 4)=   0.000     xu( 4)=   1.000    
                              xl( 5)=   0.000     xu( 5)=   1.000    
                              xl( 6)=   0.000     xu( 6)=   1.000    
                              xl( 7)=   0.000     xu( 7)=   1.000    
                              xl( 8)=   0.000     xu( 8)=   1.000    
                              xl( 9)=   0.000     xu( 9)=   1.000    
                              xl(10)=   0.000     xu(10)=   1.000    

************* Integration by Vegas (iteration   1) **************
*                                                               *
*  integral  = 0.66115392       accum. integral = 0.66115392    *
*  std. dev. = 0.12785402E-02   accum. std. dev = 0.12785402E-02*
*   max. wt. =   0.142256E-03                                   *
*                                                               *
**************   chi**2/iteration =  0.000       ****************

 Writing out intermediate results for iteration           1

************* Integration by Vegas (iteration   2) **************
*                                                               *
*  integral  = 0.66104338       accum. integral = 0.66109816    *
*  std. dev. = 0.12673613E-02   accum. std. dev = 0.90008609E-03*
*   max. wt. =   0.142256E-03                                   *
*                                                               *
**************   chi**2/iteration = 0.3733E-02   ****************

 Writing out intermediate results for iteration           2

************* Integration by Vegas (iteration   3) **************
*                                                               *
*  integral  = 0.66187753       accum. integral = 0.66135669    *
*  std. dev. = 0.12775703E-02   accum. std. dev = 0.73581005E-03*
*   max. wt. =   0.142256E-03                                   *
*                                                               *
**************   chi**2/iteration = 0.1256       ****************

 Writing out intermediate results for iteration           3

************* Integration by Vegas (iteration   4) **************
*                                                               *
*  integral  = 0.66134800       accum. integral = 0.66135465    *
*  std. dev. = 0.13283378E-02   accum. std. dev = 0.64365660E-03*
*   max. wt. =   0.400339E-03                                   *
*                                                               *
**************   chi**2/iteration = 0.8389E-01   ****************

 Writing out intermediate results for iteration           4

************* Integration by Vegas (iteration   5) **************
*                                                               *
*  integral  = 0.66072109       accum. integral = 0.66123228    *
*  std. dev. = 0.13155381E-02   accum. std. dev = 0.57816348E-03*
*   max. wt. =   0.400339E-03                                   *
*                                                               *
**************   chi**2/iteration = 0.1096       ****************

 Writing out intermediate results for iteration           5

************* Integration by Vegas (iteration   6) **************
*                                                               *
*  integral  = 0.66133197       accum. integral = 0.66124952    *
*  std. dev. = 0.12641045E-02   accum. std. dev = 0.52577976E-03*
*   max. wt. =   0.400339E-03                                   *
*                                                               *
**************   chi**2/iteration = 0.8878E-01   ****************

 Writing out intermediate results for iteration           6

************* Integration by Vegas (iteration   7) **************
*                                                               *
*  integral  = 0.66231244       accum. integral = 0.66140799    *
*  std. dev. = 0.12560904E-02   accum. std. dev = 0.48500431E-03*
*   max. wt. =   0.400339E-03                                   *
*                                                               *
**************   chi**2/iteration = 0.1754       ****************

 Writing out intermediate results for iteration           7

************* Integration by Vegas (iteration   8) **************
*                                                               *
*  integral  = 0.66109384       accum. integral = 0.66136769    *
*  std. dev. = 0.12642897E-02   accum. std. dev = 0.45282780E-03*
*   max. wt. =   0.400339E-03                                   *
*                                                               *
**************   chi**2/iteration = 0.1580       ****************

 Writing out intermediate results for iteration           8

************* Integration by Vegas (iteration   9) **************
*                                                               *
*  integral  = 0.66193895       accum. integral = 0.66143273    *
*  std. dev. = 0.12633677E-02   accum. std. dev = 0.42627296E-03*
*   max. wt. =   0.400339E-03                                   *
*                                                               *
**************   chi**2/iteration = 0.1609       ****************

 Writing out intermediate results for iteration           9

************* Integration by Vegas (iteration  10) **************
*                                                               *
*  integral  = 0.66253973       accum. integral = 0.66153697    *
*  std. dev. = 0.13220695E-02   accum. std. dev = 0.40570568E-03*
*   max. wt. =   0.400339E-03                                   *
*                                                               *
**************   chi**2/iteration = 0.2136       ****************

 Writing out intermediate results for iteration          10

************* Integration by Vegas (iteration  11) **************
*                                                               *
*  integral  = 0.66303556       accum. integral = 0.66164797    *
*  std. dev. = 0.14344459E-02   accum. std. dev = 0.39039167E-03*
*   max. wt. =   0.400339E-03                                   *
*                                                               *
**************   chi**2/iteration = 0.2932       ****************

 Writing out intermediate results for iteration          11

************* Integration by Vegas (iteration  12) **************
*                                                               *
*  integral  = 0.66161990       accum. integral = 0.66164593    *
*  std. dev. = 0.13924428E-02   accum. std. dev = 0.37589753E-03*
*   max. wt. =   0.400339E-03                                   *
*                                                               *
**************   chi**2/iteration = 0.2666       ****************

 Writing out intermediate results for iteration          12

************* Integration by Vegas (iteration  13) **************
*                                                               *
*  integral  = 0.66150803       accum. integral = 0.66163627    *
*  std. dev. = 0.13699711E-02   accum. std. dev = 0.36249950E-03*
*   max. wt. =   0.400339E-03                                   *
*                                                               *
**************   chi**2/iteration = 0.2452       ****************

 Writing out intermediate results for iteration          13

************* Integration by Vegas (iteration  14) **************
*                                                               *
*  integral  = 0.66065464       accum. integral = 0.66156758    *
*  std. dev. = 0.13215429E-02   accum. std. dev = 0.34958644E-03*
*   max. wt. =   0.400339E-03                                   *
*                                                               *
**************   chi**2/iteration = 0.2658       ****************

 Writing out intermediate results for iteration          14

************* Integration by Vegas (iteration  15) **************
*                                                               *
*  integral  = 0.65987226       accum. integral = 0.66145393    *
*  std. dev. = 0.13041214E-02   accum. std. dev = 0.33766498E-03*
*   max. wt. =   0.400339E-03                                   *
*                                                               *
**************   chi**2/iteration = 0.3593       ****************

 Writing out intermediate results for iteration          15

************* Integration by Vegas (iteration  16) **************
*                                                               *
*  integral  = 0.66224462       accum. integral = 0.66150487    *
*  std. dev. = 0.12866647E-02   accum. std. dev = 0.32660529E-03*
*   max. wt. =   0.400339E-03                                   *
*                                                               *
**************   chi**2/iteration = 0.3589       ****************

 Writing out intermediate results for iteration          16

************* Integration by Vegas (iteration  17) **************
*                                                               *
*  integral  = 0.65819488       accum. integral = 0.66130353    *
*  std. dev. = 0.12833329E-02   accum. std. dev = 0.31651587E-03*
*   max. wt. =   0.400339E-03                                   *
*                                                               *
**************   chi**2/iteration = 0.7268       ****************

 Writing out intermediate results for iteration          17

************* Integration by Vegas (iteration  18) **************
*                                                               *
*  integral  = 0.66490309       accum. integral = 0.66148500    *
*  std. dev. = 0.13736633E-02   accum. std. dev = 0.30843404E-03*
*   max. wt. =   0.400339E-03                                   *
*                                                               *
**************   chi**2/iteration =  1.067       ****************

 Writing out intermediate results for iteration          18

************* Integration by Vegas (iteration  19) **************
*                                                               *
*  integral  = 0.65972636       accum. integral = 0.66139777    *
*  std. dev. = 0.13500752E-02   accum. std. dev = 0.30068703E-03*
*   max. wt. =   0.400339E-03                                   *
*                                                               *
**************   chi**2/iteration =  1.098       ****************

 Writing out intermediate results for iteration          19

************* Integration by Vegas (iteration  20) **************
*                                                               *
*  integral  = 0.65908534       accum. integral = 0.66128721    *
*  std. dev. = 0.13418880E-02   accum. std. dev = 0.29341104E-03*
*   max. wt. =   0.400339E-03                                   *
*                                                               *
**************   chi**2/iteration =  1.189       ****************

 Writing out intermediate results for iteration          20

************* Integration by Vegas (iteration  21) **************
*                                                               *
*  integral  = 0.66050584       accum. integral = 0.66124983    *
*  std. dev. = 0.13089532E-02   accum. std. dev = 0.28630627E-03*
*   max. wt. =   0.400339E-03                                   *
*                                                               *
**************   chi**2/iteration =  1.146       ****************

 Writing out intermediate results for iteration          21

************* Integration by Vegas (iteration  22) **************
*                                                               *
*  integral  = 0.65991788       accum. integral = 0.66119107    *
*  std. dev. = 0.13326912E-02   accum. std. dev = 0.27991953E-03*
*   max. wt. =   0.400339E-03                                   *
*                                                               *
**************   chi**2/iteration =  1.137       ****************

 Writing out intermediate results for iteration          22

************* Integration by Vegas (iteration  23) **************
*                                                               *
*  integral  = 0.66147670       accum. integral = 0.66120295    *
*  std. dev. = 0.13432605E-02   accum. std. dev = 0.27403274E-03*
*   max. wt. =   0.400339E-03                                   *
*                                                               *
**************   chi**2/iteration =  1.087       ****************

 Writing out intermediate results for iteration          23

************* Integration by Vegas (iteration  24) **************
*                                                               *
*  integral  = 0.66216481       accum. integral = 0.66124113    *
*  std. dev. = 0.13478463E-02   accum. std. dev = 0.26853883E-03*
*   max. wt. =   0.400339E-03                                   *
*                                                               *
**************   chi**2/iteration =  1.061       ****************

 Writing out intermediate results for iteration          24

************* Integration by Vegas (iteration  25) **************
*                                                               *
*  integral  = 0.66023892       accum. integral = 0.66120299    *
*  std. dev. = 0.13499874E-02   accum. std. dev = 0.26337858E-03*
*   max. wt. =   0.400339E-03                                   *
*                                                               *
**************   chi**2/iteration =  1.039       ****************

 Writing out intermediate results for iteration          25

************* Integration by Vegas (iteration  26) **************
*                                                               *
*  integral  = 0.65946477       accum. integral = 0.66113856    *
*  std. dev. = 0.13424316E-02   accum. std. dev = 0.25845132E-03*
*   max. wt. =   0.400339E-03                                   *
*                                                               *
**************   chi**2/iteration =  1.062       ****************

 Writing out intermediate results for iteration          26

************* Integration by Vegas (iteration  27) **************
*                                                               *
*  integral  = 0.66381821       accum. integral = 0.66123241    *
*  std. dev. = 0.13566097E-02   accum. std. dev = 0.25388500E-03*
*   max. wt. =   0.400339E-03                                   *
*                                                               *
**************   chi**2/iteration =  1.166       ****************

 Writing out intermediate results for iteration          27

************* Integration by Vegas (iteration  28) **************
*                                                               *
*  integral  = 0.66260757       accum. integral = 0.66127925    *
*  std. dev. = 0.13520668E-02   accum. std. dev = 0.24952404E-03*
*   max. wt. =   0.400339E-03                                   *
*                                                               *
**************   chi**2/iteration =  1.160       ****************

 Writing out intermediate results for iteration          28

************* Integration by Vegas (iteration  29) **************
*                                                               *
*  integral  = 0.66002200       accum. integral = 0.66123815    *
*  std. dev. = 0.13574529E-02   accum. std. dev = 0.24541237E-03*
*   max. wt. =   0.400339E-03                                   *
*                                                               *
**************   chi**2/iteration =  1.148       ****************

 Writing out intermediate results for iteration          29

************* Integration by Vegas (iteration  30) **************
*                                                               *
*  integral  = 0.66014037       accum. integral = 0.66120193    *
*  std. dev. = 0.13285074E-02   accum. std. dev = 0.24132930E-03*
*   max. wt. =   0.400339E-03                                   *
*                                                               *
**************   chi**2/iteration =  1.131       ****************

 Writing out intermediate results for iteration          30

************* Integration by Vegas (iteration  31) **************
*                                                               *
*  integral  = 0.66125072       accum. integral = 0.66120349    *
*  std. dev. = 0.13281115E-02   accum. std. dev = 0.23744122E-03*
*   max. wt. =   0.400339E-03                                   *
*                                                               *
**************   chi**2/iteration =  1.094       ****************

 Writing out intermediate results for iteration          31

************* Integration by Vegas (iteration  32) **************
*                                                               *
*  integral  = 0.66041741       accum. integral = 0.66117946    *
*  std. dev. = 0.13371109E-02   accum. std. dev = 0.23378377E-03*
*   max. wt. =   0.400339E-03                                   *
*                                                               *
**************   chi**2/iteration =  1.069       ****************

 Writing out intermediate results for iteration          32

************* Integration by Vegas (iteration  33) **************
*                                                               *
*  integral  = 0.66057886       accum. integral = 0.66116192    *
*  std. dev. = 0.13478483E-02   accum. std. dev = 0.23034452E-03*
*   max. wt. =   0.400339E-03                                   *
*                                                               *
**************   chi**2/iteration =  1.042       ****************

 Writing out intermediate results for iteration          33

************* Integration by Vegas (iteration  34) **************
*                                                               *
*  integral  = 0.66124184       accum. integral = 0.66116416    *
*  std. dev. = 0.13539307E-02   accum. std. dev = 0.22708160E-03*
*   max. wt. =   0.400339E-03                                   *
*                                                               *
**************   chi**2/iteration =  1.010       ****************

 Writing out intermediate results for iteration          34

************* Integration by Vegas (iteration  35) **************
*                                                               *
*  integral  = 0.65985916       accum. integral = 0.66113237    *
*  std. dev. = 0.14370460E-02   accum. std. dev = 0.22429847E-03*
*   max. wt. =   0.400339E-03                                   *
*                                                               *
**************   chi**2/iteration =  1.004       ****************

 Writing out intermediate results for iteration          35

************* Integration by Vegas (iteration  36) **************
*                                                               *
*  integral  = 0.66208295       accum. integral = 0.66115661    *
*  std. dev. = 0.13866815E-02   accum. std. dev = 0.22142059E-03*
*   max. wt. =   0.400339E-03                                   *
*                                                               *
**************   chi**2/iteration = 0.9888       ****************

 Writing out intermediate results for iteration          36

************* Integration by Vegas (iteration  37) **************
*                                                               *
*  integral  = 0.66293155       accum. integral = 0.66120128    *
*  std. dev. = 0.13780423E-02   accum. std. dev = 0.21861652E-03*
*   max. wt. =   0.400339E-03                                   *
*                                                               *
**************   chi**2/iteration =  1.006       ****************

 Writing out intermediate results for iteration          37

************* Integration by Vegas (iteration  38) **************
*                                                               *
*  integral  = 0.66068419       accum. integral = 0.66118865    *
*  std. dev. = 0.13817405E-02   accum. std. dev = 0.21593053E-03*
*   max. wt. =   0.400339E-03                                   *
*                                                               *
**************   chi**2/iteration = 0.9827       ****************

 Writing out intermediate results for iteration          38

************* Integration by Vegas (iteration  39) **************
*                                                               *
*  integral  = 0.66128576       accum. integral = 0.66119097    *
*  std. dev. = 0.13811025E-02   accum. std. dev = 0.21333883E-03*
*   max. wt. =   0.400339E-03                                   *
*                                                               *
**************   chi**2/iteration = 0.9570       ****************

 Writing out intermediate results for iteration          39

************* Integration by Vegas (iteration  40) **************
*                                                               *
*  integral  = 0.65969431       accum. integral = 0.66115653    *
*  std. dev. = 0.13901348E-02   accum. std. dev = 0.21087008E-03*
*   max. wt. =   0.400339E-03                                   *
*                                                               *
**************   chi**2/iteration = 0.9615       ****************

 Writing out intermediate results for iteration          40

************* Integration by Vegas (iteration  41) **************
*                                                               *
*  integral  = 0.66008616       accum. integral = 0.66113236    *
*  std. dev. = 0.13871891E-02   accum. std. dev = 0.20847514E-03*
*   max. wt. =   0.400339E-03                                   *
*                                                               *
**************   chi**2/iteration = 0.9520       ****************

 Writing out intermediate results for iteration          41

************* Integration by Vegas (iteration  42) **************
*                                                               *
*  integral  = 0.66133604       accum. integral = 0.66113671    *
*  std. dev. = 0.14100436E-02   accum. std. dev = 0.20623323E-03*
*   max. wt. =   0.400339E-03                                   *
*                                                               *
**************   chi**2/iteration = 0.9293       ****************

 Writing out intermediate results for iteration          42

************* Integration by Vegas (iteration  43) **************
*                                                               *
*  integral  = 0.65928644       accum. integral = 0.66109725    *
*  std. dev. = 0.13970135E-02   accum. std. dev = 0.20402209E-03*
*   max. wt. =   0.400339E-03                                   *
*                                                               *
**************   chi**2/iteration = 0.9480       ****************

 Writing out intermediate results for iteration          43

************* Integration by Vegas (iteration  44) **************
*                                                               *
*  integral  = 0.66085967       accum. integral = 0.66109250    *
*  std. dev. = 0.14287157E-02   accum. std. dev = 0.20197315E-03*
*   max. wt. =   0.400339E-03                                   *
*                                                               *
**************   chi**2/iteration = 0.9266       ****************

 Writing out intermediate results for iteration          44

************* Integration by Vegas (iteration  45) **************
*                                                               *
*  integral  = 0.65826565       accum. integral = 0.66103734    *
*  std. dev. = 0.14317307E-02   accum. std. dev = 0.19999297E-03*
*   max. wt. =   0.400339E-03                                   *
*                                                               *
**************   chi**2/iteration = 0.9924       ****************

 Writing out intermediate results for iteration          45

************* Integration by Vegas (iteration  46) **************
*                                                               *
*  integral  = 0.66155112       accum. integral = 0.66104681    *
*  std. dev. = 0.14601267E-02   accum. std. dev = 0.19814296E-03*
*   max. wt. =   0.400339E-03                                   *
*                                                               *
**************   chi**2/iteration = 0.9731       ****************

 Writing out intermediate results for iteration          46

************* Integration by Vegas (iteration  47) **************
*                                                               *
*  integral  = 0.66257570       accum. integral = 0.66107510    *
*  std. dev. = 0.14428528E-02   accum. std. dev = 0.19630061E-03*
*   max. wt. =   0.400339E-03                                   *
*                                                               *
**************   chi**2/iteration = 0.9759       ****************

 Writing out intermediate results for iteration          47

************* Integration by Vegas (iteration  48) **************
*                                                               *
*  integral  = 0.66142157       accum. integral = 0.66108155    *
*  std. dev. = 0.14261157E-02   accum. std. dev = 0.19446700E-03*
*   max. wt. =   0.400339E-03                                   *
*                                                               *
**************   chi**2/iteration = 0.9563       ****************

 Writing out intermediate results for iteration          48

************* Integration by Vegas (iteration  49) **************
*                                                               *
*  integral  = 0.66078761       accum. integral = 0.66107597    *
*  std. dev. = 0.13980799E-02   accum. std. dev = 0.19261263E-03*
*   max. wt. =   0.400339E-03                                   *
*                                                               *
**************   chi**2/iteration = 0.9373       ****************

 Writing out intermediate results for iteration          49

************* Integration by Vegas (iteration  50) **************
*                                                               *
*  integral  = 0.66000103       accum. integral = 0.66105542    *
*  std. dev. = 0.13798010E-02   accum. std. dev = 0.19076293E-03*
*   max. wt. =   0.400339E-03                                   *
*                                                               *
**************   chi**2/iteration = 0.9303       ****************

 Writing out intermediate results for iteration          50

************* Integration by Vegas (iteration  51) **************
*                                                               *
*  integral  = 0.65901119       accum. integral = 0.66101890    *
*  std. dev. = 0.14144585E-02   accum. std. dev = 0.18905136E-03*
*   max. wt. =   0.400339E-03                                   *
*                                                               *
**************   chi**2/iteration = 0.9528       ****************

 Writing out intermediate results for iteration          51

************* Integration by Vegas (iteration  52) **************
*                                                               *
*  integral  = 0.66419283       accum. integral = 0.66107378    *
*  std. dev. = 0.14252846E-02   accum. std. dev = 0.18740993E-03*
*   max. wt. =   0.400339E-03                                   *
*                                                               *
**************   chi**2/iteration =  1.030       ****************

 Writing out intermediate results for iteration          52

************* Integration by Vegas (iteration  53) **************
*                                                               *
*  integral  = 0.66185746       accum. integral = 0.66108725    *
*  std. dev. = 0.14172989E-02   accum. std. dev = 0.18579269E-03*
*   max. wt. =   0.400339E-03                                   *
*                                                               *
**************   chi**2/iteration =  1.016       ****************

 Writing out intermediate results for iteration          53

************* Integration by Vegas (iteration  54) **************
*                                                               *
*  integral  = 0.66262664       accum. integral = 0.66111314    *
*  std. dev. = 0.14203510E-02   accum. std. dev = 0.18422329E-03*
*   max. wt. =   0.400339E-03                                   *
*                                                               *
**************   chi**2/iteration =  1.018       ****************

 Writing out intermediate results for iteration          54

************* Integration by Vegas (iteration  55) **************
*                                                               *
*  integral  = 0.66044515       accum. integral = 0.66110181    *
*  std. dev. = 0.14024269E-02   accum. std. dev = 0.18265413E-03*
*   max. wt. =   0.400339E-03                                   *
*                                                               *
**************   chi**2/iteration =  1.004       ****************

 Writing out intermediate results for iteration          55

************* Integration by Vegas (iteration  56) **************
*                                                               *
*  integral  = 0.65987296       accum. integral = 0.66108177    *
*  std. dev. = 0.14186067E-02   accum. std. dev = 0.18115867E-03*
*   max. wt. =   0.400339E-03                                   *
*                                                               *
**************   chi**2/iteration = 0.9987       ****************

 Writing out intermediate results for iteration          56

************* Integration by Vegas (iteration  57) **************
*                                                               *
*  integral  = 0.66150585       accum. integral = 0.66108843    *
*  std. dev. = 0.14340184E-02   accum. std. dev = 0.17973018E-03*
*   max. wt. =   0.400339E-03                                   *
*                                                               *
**************   chi**2/iteration = 0.9824       ****************

 Writing out intermediate results for iteration          57

************* Integration by Vegas (iteration  58) **************
*                                                               *
*  integral  = 0.65965664       accum. integral = 0.66106566    *
*  std. dev. = 0.14137856E-02   accum. std. dev = 0.17829522E-03*
*   max. wt. =   0.400339E-03                                   *
*                                                               *
**************   chi**2/iteration = 0.9829       ****************

 Writing out intermediate results for iteration          58

************* Integration by Vegas (iteration  59) **************
*                                                               *
*  integral  = 0.65997144       accum. integral = 0.66104861    *
*  std. dev. = 0.14172012E-02   accum. std. dev = 0.17690075E-03*
*   max. wt. =   0.400339E-03                                   *
*                                                               *
**************   chi**2/iteration = 0.9760       ****************

 Writing out intermediate results for iteration          59

************* Integration by Vegas (iteration  60) **************
*                                                               *
*  integral  = 0.66178649       accum. integral = 0.66105983    *
*  std. dev. = 0.14241010E-02   accum. std. dev = 0.17555152E-03*
*   max. wt. =   0.400339E-03                                   *
*                                                               *
**************   chi**2/iteration = 0.9640       ****************

 Writing out intermediate results for iteration          60

************* Integration by Vegas (iteration  61) **************
*                                                               *
*  integral  = 0.66055723       accum. integral = 0.66105228    *
*  std. dev. = 0.14219189E-02   accum. std. dev = 0.17422869E-03*
*   max. wt. =   0.400339E-03                                   *
*                                                               *
**************   chi**2/iteration = 0.9500       ****************

 Writing out intermediate results for iteration          61

************* Integration by Vegas (iteration  62) **************
*                                                               *
*  integral  = 0.66108046       accum. integral = 0.66105269    *
*  std. dev. = 0.14332478E-02   accum. std. dev = 0.17295546E-03*
*   max. wt. =   0.400339E-03                                   *
*                                                               *
**************   chi**2/iteration = 0.9344       ****************

 Writing out intermediate results for iteration          62

************* Integration by Vegas (iteration  63) **************
*                                                               *
*  integral  = 0.66149178       accum. integral = 0.66105889    *
*  std. dev. = 0.14454370E-02   accum. std. dev = 0.17173045E-03*
*   max. wt. =   0.400339E-03                                   *
*                                                               *
**************   chi**2/iteration = 0.9208       ****************

 Writing out intermediate results for iteration          63

************* Integration by Vegas (iteration  64) **************
*                                                               *
*  integral  = 0.66089375       accum. integral = 0.66105656    *
*  std. dev. = 0.14356864E-02   accum. std. dev = 0.17051493E-03*
*   max. wt. =   0.400339E-03                                   *
*                                                               *
**************   chi**2/iteration = 0.9064       ****************

 Writing out intermediate results for iteration          64

************* Integration by Vegas (iteration  65) **************
*                                                               *
*  integral  = 0.66353453       accum. integral = 0.66109104    *
*  std. dev. = 0.14354334E-02   accum. std. dev = 0.16932444E-03*
*   max. wt. =   0.400339E-03                                   *
*                                                               *
**************   chi**2/iteration = 0.9381       ****************

 Writing out intermediate results for iteration          65

************* Integration by Vegas (iteration  66) **************
*                                                               *
*  integral  = 0.66248370       accum. integral = 0.66111016    *
*  std. dev. = 0.14349727E-02   accum. std. dev = 0.16815781E-03*
*   max. wt. =   0.400339E-03                                   *
*                                                               *
**************   chi**2/iteration = 0.9380       ****************

 Writing out intermediate results for iteration          66

************* Integration by Vegas (iteration  67) **************
*                                                               *
*  integral  = 0.66073241       accum. integral = 0.66110490    *
*  std. dev. = 0.14139860E-02   accum. std. dev = 0.16698114E-03*
*   max. wt. =   0.400339E-03                                   *
*                                                               *
**************   chi**2/iteration = 0.9249       ****************

 Writing out intermediate results for iteration          67

************* Integration by Vegas (iteration  68) **************
*                                                               *
*  integral  = 0.66525244       accum. integral = 0.66115925    *
*  std. dev. = 0.14490443E-02   accum. std. dev = 0.16588337E-03*
*   max. wt. =   0.400339E-03                                   *
*                                                               *
**************   chi**2/iteration =  1.032       ****************

 Writing out intermediate results for iteration          68

************* Integration by Vegas (iteration  69) **************
*                                                               *
*  integral  = 0.66058477       accum. integral = 0.66115180    *
*  std. dev. = 0.14468224E-02   accum. std. dev = 0.16480370E-03*
*   max. wt. =   0.400339E-03                                   *
*                                                               *
**************   chi**2/iteration =  1.019       ****************

 Writing out intermediate results for iteration          69

************* Integration by Vegas (iteration  70) **************
*                                                               *
*  integral  = 0.66151659       accum. integral = 0.66115657    *
*  std. dev. = 0.14306704E-02   accum. std. dev = 0.16372103E-03*
*   max. wt. =   0.400339E-03                                   *
*                                                               *
**************   chi**2/iteration =  1.005       ****************

 Writing out intermediate results for iteration          70

************* Integration by Vegas (iteration  71) **************
*                                                               *
*  integral  = 0.65995337       accum. integral = 0.66114095    *
*  std. dev. = 0.14272424E-02   accum. std. dev = 0.16265437E-03*
*   max. wt. =   0.400339E-03                                   *
*                                                               *
**************   chi**2/iteration =  1.001       ****************

 Writing out intermediate results for iteration          71

************* Integration by Vegas (iteration  72) **************
*                                                               *
*  integral  = 0.66085859       accum. integral = 0.66113733    *
*  std. dev. = 0.14285709E-02   accum. std. dev = 0.16161021E-03*
*   max. wt. =   0.400339E-03                                   *
*                                                               *
**************   chi**2/iteration = 0.9871       ****************

 Writing out intermediate results for iteration          72

************* Integration by Vegas (iteration  73) **************
*                                                               *
*  integral  = 0.66127160       accum. integral = 0.66113903    *
*  std. dev. = 0.14300220E-02   accum. std. dev = 0.16058797E-03*
*   max. wt. =   0.400339E-03                                   *
*                                                               *
**************   chi**2/iteration = 0.9735       ****************

 Writing out intermediate results for iteration          73

************* Integration by Vegas (iteration  74) **************
*                                                               *
*  integral  = 0.66417661       accum. integral = 0.66117497    *
*  std. dev. = 0.14674720E-02   accum. std. dev = 0.15963497E-03*
*   max. wt. =   0.400339E-03                                   *
*                                                               *
**************   chi**2/iteration =  1.018       ****************

 Writing out intermediate results for iteration          74

************* Integration by Vegas (iteration  75) **************
*                                                               *
*  integral  = 0.66096628       accum. integral = 0.66117257    *
*  std. dev. = 0.14781777E-02   accum. std. dev = 0.15871214E-03*
*   max. wt. =   0.400339E-03                                   *
*                                                               *
**************   chi**2/iteration =  1.005       ****************

 Writing out intermediate results for iteration          75

************* Integration by Vegas (iteration  76) **************
*                                                               *
*  integral  = 0.66086796       accum. integral = 0.66116898    *
*  std. dev. = 0.14535655E-02   accum. std. dev = 0.15777443E-03*
*   max. wt. =   0.400339E-03                                   *
*                                                               *
**************   chi**2/iteration = 0.9919       ****************

 Writing out intermediate results for iteration          76

************* Integration by Vegas (iteration  77) **************
*                                                               *
*  integral  = 0.66027807       accum. integral = 0.66115934    *
*  std. dev. = 0.15086785E-02   accum. std. dev = 0.15691869E-03*
*   max. wt. =   0.400339E-03                                   *
*                                                               *
**************   chi**2/iteration = 0.9834       ****************

 Writing out intermediate results for iteration          77

************* Integration by Vegas (iteration  78) **************
*                                                               *
*  integral  = 0.66091829       accum. integral = 0.66115737    *
*  std. dev. = 0.17278321E-02   accum. std. dev = 0.15627554E-03*
*   max. wt. =   0.785631E-03                                   *
*                                                               *
**************   chi**2/iteration = 0.9708       ****************

 Writing out intermediate results for iteration          78

************* Integration by Vegas (iteration  79) **************
*                                                               *
*  integral  = 0.65967229       accum. integral = 0.66114314    *
*  std. dev. = 0.15890001E-02   accum. std. dev = 0.15552520E-03*
*   max. wt. =   0.785631E-03                                   *
*                                                               *
**************   chi**2/iteration = 0.9695       ****************

 Writing out intermediate results for iteration          79

************* Integration by Vegas (iteration  80) **************
*                                                               *
*  integral  = 0.66102524       accum. integral = 0.66114177    *
*  std. dev. = 0.14330022E-02   accum. std. dev = 0.15461724E-03*
*   max. wt. =   0.785631E-03                                   *
*                                                               *
**************   chi**2/iteration = 0.9573       ****************

 Writing out intermediate results for iteration          80

************* Integration by Vegas (iteration  81) **************
*                                                               *
*  integral  = 0.66284983       accum. integral = 0.66116203    *
*  std. dev. = 0.14111775E-02   accum. std. dev = 0.15369745E-03*
*   max. wt. =   0.785631E-03                                   *
*                                                               *
**************   chi**2/iteration = 0.9634       ****************

 Writing out intermediate results for iteration          81

************* Integration by Vegas (iteration  82) **************
*                                                               *
*  integral  = 0.66357255       accum. integral = 0.66119102    *
*  std. dev. = 0.13931531E-02   accum. std. dev = 0.15277055E-03*
*   max. wt. =   0.785631E-03                                   *
*                                                               *
**************   chi**2/iteration = 0.9880       ****************

 Writing out intermediate results for iteration          82

************* Integration by Vegas (iteration  83) **************
*                                                               *
*  integral  = 0.66168309       accum. integral = 0.66119682    *
*  std. dev. = 0.13982530E-02   accum. std. dev = 0.15186680E-03*
*   max. wt. =   0.785631E-03                                   *
*                                                               *
**************   chi**2/iteration = 0.9775       ****************

 Writing out intermediate results for iteration          83

************* Integration by Vegas (iteration  84) **************
*                                                               *
*  integral  = 0.66104611       accum. integral = 0.66119517    *
*  std. dev. = 0.14453109E-02   accum. std. dev = 0.15103531E-03*
*   max. wt. =   0.785631E-03                                   *
*                                                               *
**************   chi**2/iteration = 0.9658       ****************

 Writing out intermediate results for iteration          84

************* Integration by Vegas (iteration  85) **************
*                                                               *
*  integral  = 0.66073175       accum. integral = 0.66119019    *
*  std. dev. = 0.14478277E-02   accum. std. dev = 0.15022015E-03*
*   max. wt. =   0.785631E-03                                   *
*                                                               *
**************   chi**2/iteration = 0.9556       ****************

 Writing out intermediate results for iteration          85

************* Integration by Vegas (iteration  86) **************
*                                                               *
*  integral  = 0.66105731       accum. integral = 0.66118883    *
*  std. dev. = 0.14791284E-02   accum. std. dev = 0.14945137E-03*
*   max. wt. =   0.785631E-03                                   *
*                                                               *
**************   chi**2/iteration = 0.9444       ****************

 Writing out intermediate results for iteration          86

************* Integration by Vegas (iteration  87) **************
*                                                               *
*  integral  = 0.66129136       accum. integral = 0.66118982    *
*  std. dev. = 0.15105453E-02   accum. std. dev = 0.14872522E-03*
*   max. wt. =   0.785631E-03                                   *
*                                                               *
**************   chi**2/iteration = 0.9335       ****************

 Writing out intermediate results for iteration          87

************* Integration by Vegas (iteration  88) **************
*                                                               *
*  integral  = 0.65864541       accum. integral = 0.66116371    *
*  std. dev. = 0.14606659E-02   accum. std. dev = 0.14796022E-03*
*   max. wt. =   0.785631E-03                                   *
*                                                               *
**************   chi**2/iteration = 0.9573       ****************

 Writing out intermediate results for iteration          88

************* Integration by Vegas (iteration  89) **************
*                                                               *
*  integral  = 0.66067316       accum. integral = 0.66115838    *
*  std. dev. = 0.14114230E-02   accum. std. dev = 0.14715386E-03*
*   max. wt. =   0.785631E-03                                   *
*                                                               *
**************   chi**2/iteration = 0.9478       ****************

 Writing out intermediate results for iteration          89

************* Integration by Vegas (iteration  90) **************
*                                                               *
*  integral  = 0.66162749       accum. integral = 0.66116342    *
*  std. dev. = 0.14121957E-02   accum. std. dev = 0.14636140E-03*
*   max. wt. =   0.785631E-03                                   *
*                                                               *
**************   chi**2/iteration = 0.9383       ****************

 Writing out intermediate results for iteration          90

************* Integration by Vegas (iteration  91) **************
*                                                               *
*  integral  = 0.66199917       accum. integral = 0.66117227    *
*  std. dev. = 0.14148520E-02   accum. std. dev = 0.14558451E-03*
*   max. wt. =   0.785631E-03                                   *
*                                                               *
**************   chi**2/iteration = 0.9317       ****************

 Writing out intermediate results for iteration          91

************* Integration by Vegas (iteration  92) **************
*                                                               *
*  integral  = 0.66101534       accum. integral = 0.66117060    *
*  std. dev. = 0.14016231E-02   accum. std. dev = 0.14480548E-03*
*   max. wt. =   0.785631E-03                                   *
*                                                               *
**************   chi**2/iteration = 0.9216       ****************

 Writing out intermediate results for iteration          92

************* Integration by Vegas (iteration  93) **************
*                                                               *
*  integral  = 0.65955775       accum. integral = 0.66115344    *
*  std. dev. = 0.13966657E-02   accum. std. dev = 0.14403341E-03*
*   max. wt. =   0.785631E-03                                   *
*                                                               *
**************   chi**2/iteration = 0.9260       ****************

 Writing out intermediate results for iteration          93

************* Integration by Vegas (iteration  94) **************
*                                                               *
*  integral  = 0.66335051       accum. integral = 0.66117591    *
*  std. dev. = 0.14169531E-02   accum. std. dev = 0.14329500E-03*
*   max. wt. =   0.785631E-03                                   *
*                                                               *
**************   chi**2/iteration = 0.9416       ****************

 Writing out intermediate results for iteration          94

************* Integration by Vegas (iteration  95) **************
*                                                               *
*  integral  = 0.66329197       accum. integral = 0.66119116    *
*  std. dev. = 0.16818682E-02   accum. std. dev = 0.14277772E-03*
*   max. wt. =   0.785631E-03                                   *
*                                                               *
**************   chi**2/iteration = 0.9483       ****************

 Writing out intermediate results for iteration          95

************* Integration by Vegas (iteration  96) **************
*                                                               *
*  integral  = 0.65950497       accum. integral = 0.66117709    *
*  std. dev. = 0.15563256E-02   accum. std. dev = 0.14218066E-03*
*   max. wt. =   0.785631E-03                                   *
*                                                               *
**************   chi**2/iteration = 0.9506       ****************

 Writing out intermediate results for iteration          96

************* Integration by Vegas (iteration  97) **************
*                                                               *
*  integral  = 0.66142984       accum. integral = 0.66117958    *
*  std. dev. = 0.14247852E-02   accum. std. dev = 0.14147797E-03*
*   max. wt. =   0.785631E-03                                   *
*                                                               *
**************   chi**2/iteration = 0.9410       ****************

 Writing out intermediate results for iteration          97

************* Integration by Vegas (iteration  98) **************
*                                                               *
*  integral  = 0.66123855       accum. integral = 0.66118020    *
*  std. dev. = 0.13735721E-02   accum. std. dev = 0.14073342E-03*
*   max. wt. =   0.785631E-03                                   *
*                                                               *
**************   chi**2/iteration = 0.9313       ****************

 Writing out intermediate results for iteration          98

************* Integration by Vegas (iteration  99) **************
*                                                               *
*  integral  = 0.66260664       accum. integral = 0.66119495    *
*  std. dev. = 0.13768140E-02   accum. std. dev = 0.14000392E-03*
*   max. wt. =   0.785631E-03                                   *
*                                                               *
**************   chi**2/iteration = 0.9326       ****************

 Writing out intermediate results for iteration          99

************* Integration by Vegas (iteration 100) **************
*                                                               *
*  integral  = 0.66284305       accum. integral = 0.66121248    *
*  std. dev. = 0.13500898E-02   accum. std. dev = 0.13925716E-03*
*   max. wt. =   0.785631E-03                                   *
*                                                               *
**************   chi**2/iteration = 0.9381       ****************


Value of final lord integral is        0.6612 +/-     0.0001 fb

 Total number of shots       :     47239200
 Total no. failing cuts      :     20729210
 Number failing jet cuts     :            0
 Number failing process cuts :            0

   Jet efficiency : 100.00%
   Cut efficiency : 100.00%
 Total efficiency : 100.00%

 Contribution from parton sub-processes:
 ---------------------------------------
       GG     |           0.66121  100.00%
       GQ     |           0.00000    0.00%
       GQB    |           0.00000    0.00%
       QG     |           0.00000    0.00%
       QBG    |           0.00000    0.00%
       QQ     |           0.00000    0.00%
       QBQB   |           0.00000    0.00%
       QQB    |           0.00000    0.00%
       QBQ    |           0.00000    0.00%
 ---------------------------------------

 ****************************************************
 output files  E_var/E_14/MSTW/HHTOP/HZZ_tb_lord_mstw8lo_0___0___126_128_run_14
 ****************************************************
