 ************** MCFM - version 6.8 ****************
 *                                                *
 * MCFM, v6.8                   April 26th, 2014  *
 *                                                *
 * Authors: John Campbell, Keith Ellis,           *
 *          Ciaran Williams                       *
 *         (johnmc@fnal.gov, ellis@fnal.gov,      *
 *          ciaran@fnal.gov)                      *
 *                                                *
 * For details see:                               *
 *                                                *
 *  arXiv:1403.2641 (Triphoton production)        *
 *  arXiv:1312.1628 (gg->WW, Higgs interference)  *
 *  arXiv:1311.3589 (gg->ZZ, Higgs interference)  *
 *  Phys.Rev.D87:114006, arXiv:1302.3856          *
 *  (tZ, tH -- with R. Rontsch)                   *
 *  arXiv:1211.6390 (DM, P. Fox and C. Williams)  *
 *  JHEP 1211:162 (2012), arXiv:1208.0566         *
 *  (Z+gam+jet,Z+gam+gam -- with H. Hartanto)     *
 *  arXiv:1204.1513 (top production+decay)        *
 *  JHEP 1207:052 (2012), arXiv:1204.5678 (ttW)   *
 *  JHEP 1110:005 (2011), arXiv:1107.5569         *
 *         (gg->WW,Higgs intference)              *
 *  JHEP 1107:018 (2011), arXiv:1105.0020         *
 *         (diboson update)                       *
 *  JHEP 1103:027 (2011), arXiv:1011.6647         *
 *         (Wbb for mb>0, with S. Badger)         *
 *  Phys.Rev.D81:074023, arXiv:1001.4495 (H+2jet) *
 *                                                *
 *  P.R.L. 102:142001, arXiv:0903.0005 [hep-ph]   *
 *    (t-channel single top + explicit b,         *
 *      JC, R.Frederix, F.Maltoni, F.Tramontano)  *
 *  N.P.B 726:109(2005), hep-ph/0506289 (W+t)     *
 *  Phys.Rev.D70:094012, hep-ph/0408158 (Sngl Top)*
 *       (with Francesco Tramontano)              *
 *                                                *
 *  Phys.Rev.D65:113007, hep-ph/0202176 (W,Z+2j)  *
 *  Phys.Rev.D62:114012, hep-ph/0006304 (W,Z+bb)  *
 *  Phys.Rev.D60:113006, hep-ph/9905386 (diboson) *
 *                                                *
 * On the web:  http://mcfm.fnal.gov/             *
 **************************************************

 * Using input file named E_var/E_14/MSTW/HHTOP/input_130_14.DAT                                  

 * [Flags to specify the mode in which MCFM is run]                                          
 *                   -1            [nevtrequested] 
 *                    F            [creatent] 
 *                    F            [skipnt] 
 *                    F            [dswhisto] 
 *                    F            [creategrid] 
 *                    T            [writetop] 
 *                    T            [writedat] 
 *                    T            [writegnu] 
 *                    T            [writeroot] 
 *                    F            [writepwg] 

 * [General options to specify the process and execution]                                    
 *                  130            [nproc] 
 *                 lord            [part] 
 * 130_run_14                      [runstring] 
 *           14000.0000            [sqrts] 
 *                    1            [ih1] 
 *                    1            [ih2] 
 *             126.0000            [hmass] 
 *               0.5000            [scale] 
 *               0.5000            [facscale] 
 * m(3456)                         [dynamicscale] 
 *                    F            [zerowidth] 
 *                    F            [removebr] 
 *                   20            [itmx1] 
 *               500000            [ncall1] 
 *                   50            [itmx2] 
 *               500000            [ncall2] 
 *                 2020            [ij] 
 *                    F            [dryrun] 
 *                    T            [Qflag] 
 *                    T            [Gflag] 

 * [Heavy quark masses]                                                                      
 *             173.2000            [top mass] 
 *               4.7500            [bottom mass] 
 *               1.5000            [charm mass] 

 * [Pdf selection]                                                                           
 *              mstw8lo            [pdlabel] 
 *                    4            [NGROUP] 
 *                   46            [NSET] 
 * cteq6mE.LHgrid                  [LHAPDF group] 
 *                   -1            [LHAPDF set] 

 * [Jet definition and event cuts]                                                           
 *               0.0000            [m34min] 
 *           14000.0000            [m34max] 
 *               0.0000            [m56min] 
 *           14000.0000            [m56max] 
 *                    T            [inclusive] 
 *                 ankt            [algorithm] 
 *              15.0000            [ptjetmin] 
 *               0.0000            [etajetmin] 
 *               5.0000            [etajetmax] 
 *               0.5000            [Rcut] 
 *                    T            [makecuts] 
 *               0.0000            [leptpt] 
 *              99.0000            [leptrap] 
 *    0.000,   0.000                [leptveto] 
 *               0.0000            [misspt] 
 *               0.0000            [leptpt2] 
 *              99.0000            [leptrap2] 
 *    0.000,   0.000                [leptveto2] 
 *               0.0000            [mtrans34cut] 
 *               0.0000            [Rjlmin] 
 *               0.0000            [Rllmin] 
 *               0.0000            [delyjjmin] 
 *                    F            [jetsopphem] 
 *                    0            [lbjscheme] 
 *               0.0000            [ptbjetmin] 
 *              99.0000            [etabjetmax] 

 * [Settings for photon processes]                                                           
 *                    F            [frag] 
 *             GdRG__LO            [fragset] 
 *              80.0000            [frag_scale] 
 *              20.0000            [gammpt] 
 *               2.5000            [gammrap] 
 *              20.0000            [gammpt2] 
 *              20.0000            [gammpt3] 
 *               0.0000            [Rgalmin] 
 *               0.4000            [Rgagamin] 
 *               0.4000            [Rgajetmin] 
 *               0.4000            [cone_ang] 
 *               0.5000            [epsilon_h] 

 * [Anomalous couplings of the W and Z]                                                      
 *               0.0000            [delg1_z] 
 *               0.0000            [delk_z] 
 *               0.0000            [delk_g] 
 *               0.0000            [lambda_z] 
 *               0.0000            [lambda_g] 
 *               0.0000            [h1Z] 
 *               0.0000            [h1gam] 
 *               0.0000            [h2Z] 
 *               0.0000            [h2gam] 
 *               0.0000            [h3Z] 
 *               0.0000            [h3gam] 
 *               0.0000            [h4Z] 
 *               0.0000            [h4gam] 
 *               2.0000            [tevscale] 

 * [Anomalous width of the Higgs]                                                            
 *               1.0000            [Gamma_H/Gamma_H(SM)] 

 * [How to resume/save a run]                                                                
 *                    F            [readin] 
 *                    F            [writeout] 
 *                                 [ingridfile] 
 *                                 [outgridfile] 

 * [Technical parameters that should not normally be changed]

 *                    F            [debug] 
 *                    T            [verbose] 
 *                    F            [new_pspace] 
 *                    F            [virtonly] 
 *                    F            [realonly] 
 *                    T            [spira] 
 *                    F            [noglue] 
 *                    F            [ggonly] 
 *                    F            [gqonly] 
 *                    F            [omitgg] 
 *                    F            [vanillafiles] 
 *                    1            [nmin] 
 *                    2            [nmax] 
 *                    T            [clustering] 
 *                    F            [realwt] 
 *                    0            [colourchoice] 
 *               0.0100            [rtsmin] 
 *               0.0001            [cutoff] 
 *               0.1000            [aii] 
 *               0.1000            [aif] 
 *               0.1000            [afi] 
 *               1.0000            [aff] 
 *               1.0000            [bfi] 
 *               1.0000            [bff] 

 Chooser:process chosen by nproc=         130

 *************************** f(p1)+f(p2) --> ******************************************
 * H(--> Z^0(e^-(p3)+e^+(p4)) + Z^0(mu^-(p5)+mu^+(p6)) [H squared and H, gg->ZZ intf. *
 **************************************************************************************

 ************** Electroweak parameters **************
 *                                                  *
 *  zmass(+)   91.1876000     wmass(+)  80.3980000  *
 * zwidth(+)    2.4952000    wwidth(+)   2.1054000  *
 *     Gf(+) 0.116639D-04   1/aemmz    132.3384323  *
 *     xw       0.2226459      mtop(+) 173.2000000  *
 *   gwsq       0.4264904       esq      0.0949563  *
 * top width    1.4743080 (LO)                      *
 *    mb        4.7500000        mc      1.5000000  *
 *                                                  *
 * Parameters marked (+) are input, others derived  *
 ****************************************************

 ****************** Higgs parameters ****************
 *                                                  *
 *   mass(H) =  126.00      width(H) =  0.43070E-02 *
 *                                                  *
 *              Br( H -> b bbar)  =   0.48164       *
 *              Br( H -> tau tau) =   0.06056       *
 *              Br( H -> W W)     =   0.00000       *
 *              Br( H -> Z Z)     =   0.00000       *
 *              Br( H -> gam gam) =   0.00235       *
 *              Br( H -> Z gam)   =   0.00164       *
 ****************************************************
 *                                                  *
 * Note: branching ratios reported here can be > 1  *
 *       since the total Higgs width is calculated  *
 *       at NLO but the BR calculation uses a       *
 *       partial width at LO only.                  *
 *                                                  *
 ****************************************************

 WARNING: Higgs decay H->ZZ is below threshold and
 may not yield sensible results - check the number
 of integration points

 ***************** CKM mixing matrix ****************
 *                                                  *
 *      Vud=.97500    Vus=.22200    Vub=0.0000      *
 *      Vcd=.22200    Vcs=.97500    Vcb=0.0000      *
 ****************************************************

 ************* Strong coupling, alpha_s  ************
 *                                                  *
 *  Dynamic scale - alpha_s changed event-by-event  *
 *       alpha_s (zmass)  0.13939000                *
 *         (using 1-loop running of alpha_s)        *
 ****************************************************

 ****************************************
 *     Cross section in femtobarns      *
 ****************************************


 input parameters for vegas:  ndim= 10  ncall= 472392.
                              it=    0  itmx=   20
                              nprn=  0  alph= 1.50
                              mds=  1   nd= 100
                              xl( 1)=   0.000     xu( 1)=   1.000    
                              xl( 2)=   0.000     xu( 2)=   1.000    
                              xl( 3)=   0.000     xu( 3)=   1.000    
                              xl( 4)=   0.000     xu( 4)=   1.000    
                              xl( 5)=   0.000     xu( 5)=   1.000    
                              xl( 6)=   0.000     xu( 6)=   1.000    
                              xl( 7)=   0.000     xu( 7)=   1.000    
                              xl( 8)=   0.000     xu( 8)=   1.000    
                              xl( 9)=   0.000     xu( 9)=   1.000    
                              xl(10)=   0.000     xu(10)=   1.000    

 ****************** Basic mass cuts *****************
 *                                                  *
 *              0.00  <   m34  <  14000.00           *
 *              0.00  <   m56  <  14000.00           *
 ****************************************************
 *********** CMS Higgs Search cuts******
 *                                     *
 *     pt(mu) >           5.00 GeV     *
 *     pt(el) >           7.00 GeV     *
 *     |eta_mu| <         2.40         *
 *     |eta_el| <         2.50         *
 *     m4lmin >         100.00 GeV     *
 *     m2lmin >           4.00 GeV     *
 *     ptleading >       20.00 GeV     *
 *     ptnexttoleading > 10.00 GeV     *
 *     mllnear >         40.00 GeV     *
 *     mllfar >          12.00 GeV     *
 *     mllmax >         120.00 GeV     *
 ***************************************

 ************** Dynamic scale choice ****************
 *                                                  *
 *                 RENORMALIZATION                  *
 *       mu_ren  =  0.50 x m(3456)                  *
 *                                                  *
 *                  FACTORIZATION                   *
 *       mu_fac  =  0.50 x m(3456)                  *
 *                                                  *
 ****************************************************
 ====================================================
   This is QCDLoop - version 1.95                    
   Authors: Keith Ellis and Giulia Zanderighi        
   (ellis@fnal.gov, g.zanderighi1@physics.ox.ac.uk)  
   For details see FERMILAB-PUB-07-633-T,OUTP-07/16P 
   arXiv:0712.1851 [hep-ph], published in            
   JHEP 0802:002,2008.                               
 ====================================================
 ====================================================
   FF 2.0, a package to evaluate one-loop integrals
 written by G. J. van Oldenborgh, NIKHEF-H, Amsterdam
 ====================================================
 for the algorithms used see preprint NIKHEF-H 89/17,
 'New Algorithms for One-loop Integrals', by G.J. van
 Oldenborgh and J.A.M. Vermaseren, published in 
 Zeitschrift fuer Physik C46(1990)425.
 ====================================================
 ffini: precx =    4.4408920985006262E-016
 ffini: precc =    4.4408920985006262E-016
 ffini: xalogm =    4.9406564584124654E-324
 ffini: xclogm =    4.9406564584124654E-324
 ****************************************************
 *                                                  *
 *  gg->ZZ box loop includes gens. 1 and 2          *
 *  gg->ZZ box loop includes bottom quark           *
 *  gg->ZZ box loop includes top quark              *
 *                                                  *
 *  Numer. stability: pt(Z) > 0.100 GeV (gens. 1,2) *
 *  Numer. stability: pt(Z) > 0.100 GeV (b,t loops) *
 *                                                  *
 ****************************************************
 Reading PDF grid from Pdfdata/mstw2008lo.00.dat

************* Integration by Vegas (iteration   1) **************
*                                                               *
*  integral  = 0.17280369       accum. integral = 0.17280369    *
*  std. dev. = 0.67492846E-01   accum. std. dev = 0.67492846E-01*
*   max. wt. =   0.458630E-01                                   *
*                                                               *
**************   chi**2/iteration =  0.000       ****************


************* Integration by Vegas (iteration   2) **************
*                                                               *
*  integral  = 0.49312509       accum. integral = 0.25587413    *
*  std. dev. = 0.11406133       accum. std. dev = 0.58085636E-01*
*   max. wt. =   0.104207                                       *
*                                                               *
**************   chi**2/iteration =  5.784       ****************


************* Integration by Vegas (iteration   3) **************
*                                                               *
*  integral  = 0.53770223       accum. integral = 0.50322885    *
*  std. dev. = 0.21684557E-01   accum. std. dev = 0.20315079E-01*
*   max. wt. =   0.104207                                       *
*                                                               *
**************   chi**2/iteration =  13.19       ****************


************* Integration by Vegas (iteration   4) **************
*                                                               *
*  integral  = 0.50731833       accum. integral = 0.50716764    *
*  std. dev. = 0.39736220E-02   accum. std. dev = 0.38997221E-02*
*   max. wt. =   0.104207                                       *
*                                                               *
**************   chi**2/iteration =  8.818       ****************


************* Integration by Vegas (iteration   5) **************
*                                                               *
*  integral  = 0.51391083       accum. integral = 0.51249570    *
*  std. dev. = 0.20097740E-02   accum. std. dev = 0.17864838E-02*
*   max. wt. =   0.104207                                       *
*                                                               *
**************   chi**2/iteration =  7.208       ****************


************* Integration by Vegas (iteration   6) **************
*                                                               *
*  integral  = 0.51164370       accum. integral = 0.51201248    *
*  std. dev. = 0.15606633E-02   accum. std. dev = 0.11753368E-02*
*   max. wt. =   0.104207                                       *
*                                                               *
**************   chi**2/iteration =  5.795       ****************


************* Integration by Vegas (iteration   7) **************
*                                                               *
*  integral  = 0.51337557       accum. integral = 0.51254050    *
*  std. dev. = 0.14780733E-02   accum. std. dev = 0.91994213E-03*
*   max. wt. =   0.104207                                       *
*                                                               *
**************   chi**2/iteration =  4.918       ****************


************* Integration by Vegas (iteration   8) **************
*                                                               *
*  integral  = 0.51415992       accum. integral = 0.51298428    *
*  std. dev. = 0.14973177E-02   accum. std. dev = 0.78382295E-03*
*   max. wt. =   0.104207                                       *
*                                                               *
**************   chi**2/iteration =  4.337       ****************


************* Integration by Vegas (iteration   9) **************
*                                                               *
*  integral  = 0.51500128       accum. integral = 0.51342509    *
*  std. dev. = 0.14821625E-02   accum. std. dev = 0.69289775E-03*
*   max. wt. =   0.104207                                       *
*                                                               *
**************   chi**2/iteration =  3.976       ****************


************* Integration by Vegas (iteration  10) **************
*                                                               *
*  integral  = 0.51423796       accum. integral = 0.51357339    *
*  std. dev. = 0.14667999E-02   accum. std. dev = 0.62651190E-03*
*   max. wt. =   0.104207                                       *
*                                                               *
**************   chi**2/iteration =  3.563       ****************


************* Integration by Vegas (iteration  11) **************
*                                                               *
*  integral  = 0.51038657       accum. integral = 0.51307340    *
*  std. dev. = 0.14523453E-02   accum. std. dev = 0.57526881E-03*
*   max. wt. =   0.104207                                       *
*                                                               *
**************   chi**2/iteration =  3.613       ****************


************* Integration by Vegas (iteration  12) **************
*                                                               *
*  integral  = 0.51177477       accum. integral = 0.51289812    *
*  std. dev. = 0.14563029E-02   accum. std. dev = 0.53503752E-03*
*   max. wt. =   0.104207                                       *
*                                                               *
**************   chi**2/iteration =  3.347       ****************


************* Integration by Vegas (iteration  13) **************
*                                                               *
*  integral  = 0.51370216       accum. integral = 0.51299255    *
*  std. dev. = 0.14666671E-02   accum. std. dev = 0.50263693E-03*
*   max. wt. =   0.104207                                       *
*                                                               *
**************   chi**2/iteration =  3.090       ****************


************* Integration by Vegas (iteration  14) **************
*                                                               *
*  integral  = 0.51382373       accum. integral = 0.51308045    *
*  std. dev. = 0.14616260E-02   accum. std. dev = 0.47531671E-03*
*   max. wt. =   0.104207                                       *
*                                                               *
**************   chi**2/iteration =  2.875       ****************


************* Integration by Vegas (iteration  15) **************
*                                                               *
*  integral  = 0.51253897       accum. integral = 0.51302868    *
*  std. dev. = 0.14618788E-02   accum. std. dev = 0.45202365E-03*
*   max. wt. =   0.104207                                       *
*                                                               *
**************   chi**2/iteration =  2.679       ****************


************* Integration by Vegas (iteration  16) **************
*                                                               *
*  integral  = 0.50997819       accum. integral = 0.51276487    *
*  std. dev. = 0.14691457E-02   accum. std. dev = 0.43203646E-03*
*   max. wt. =   0.104207                                       *
*                                                               *
**************   chi**2/iteration =  2.763       ****************


************* Integration by Vegas (iteration  17) **************
*                                                               *
*  integral  = 0.51101169       accum. integral = 0.51262533    *
*  std. dev. = 0.14691538E-02   accum. std. dev = 0.41448604E-03*
*   max. wt. =   0.104207                                       *
*                                                               *
**************   chi**2/iteration =  2.672       ****************


************* Integration by Vegas (iteration  18) **************
*                                                               *
*  integral  = 0.51174088       accum. integral = 0.51256104    *
*  std. dev. = 0.14804398E-02   accum. std. dev = 0.39913774E-03*
*   max. wt. =   0.104207                                       *
*                                                               *
**************   chi**2/iteration =  2.534       ****************


************* Integration by Vegas (iteration  19) **************
*                                                               *
*  integral  = 0.51091010       accum. integral = 0.51244804    *
*  std. dev. = 0.14724929E-02   accum. std. dev = 0.38523598E-03*
*   max. wt. =   0.104207                                       *
*                                                               *
**************   chi**2/iteration =  2.459       ****************


************* Integration by Vegas (iteration  20) **************
*                                                               *
*  integral  = 0.51393981       accum. integral = 0.51254220    *
*  std. dev. = 0.14841499E-02   accum. std. dev = 0.37287936E-03*
*   max. wt. =   0.104207                                       *
*                                                               *
**************   chi**2/iteration =  2.379       ****************


 input parameters for vegas:  ndim= 10  ncall= 472392.
                              it=   21  itmx=   50
                              nprn=  0  alph= 1.50
                              mds=  1   nd= 100
                              xl( 1)=   0.000     xu( 1)=   1.000    
                              xl( 2)=   0.000     xu( 2)=   1.000    
                              xl( 3)=   0.000     xu( 3)=   1.000    
                              xl( 4)=   0.000     xu( 4)=   1.000    
                              xl( 5)=   0.000     xu( 5)=   1.000    
                              xl( 6)=   0.000     xu( 6)=   1.000    
                              xl( 7)=   0.000     xu( 7)=   1.000    
                              xl( 8)=   0.000     xu( 8)=   1.000    
                              xl( 9)=   0.000     xu( 9)=   1.000    
                              xl(10)=   0.000     xu(10)=   1.000    

************* Integration by Vegas (iteration   1) **************
*                                                               *
*  integral  = 0.50987966       accum. integral = 0.50987966    *
*  std. dev. = 0.14725953E-02   accum. std. dev = 0.14725953E-02*
*   max. wt. =   0.669669E-04                                   *
*                                                               *
**************   chi**2/iteration =  0.000       ****************

 Writing out intermediate results for iteration           1

************* Integration by Vegas (iteration   2) **************
*                                                               *
*  integral  = 0.51381863       accum. integral = 0.51183825    *
*  std. dev. = 0.14807602E-02   accum. std. dev = 0.10441569E-02*
*   max. wt. =   0.873037E-04                                   *
*                                                               *
**************   chi**2/iteration =  3.522       ****************

 Writing out intermediate results for iteration           2

************* Integration by Vegas (iteration   3) **************
*                                                               *
*  integral  = 0.51181348       accum. integral = 0.51183012    *
*  std. dev. = 0.14940340E-02   accum. std. dev = 0.85585502E-03*
*   max. wt. =   0.109148E-03                                   *
*                                                               *
**************   chi**2/iteration =  1.770       ****************

 Writing out intermediate results for iteration           3

************* Integration by Vegas (iteration   4) **************
*                                                               *
*  integral  = 0.51209363       accum. integral = 0.51189541    *
*  std. dev. = 0.14912536E-02   accum. std. dev = 0.74229342E-03*
*   max. wt. =   0.109148E-03                                   *
*                                                               *
**************   chi**2/iteration =  1.190       ****************

 Writing out intermediate results for iteration           4

************* Integration by Vegas (iteration   5) **************
*                                                               *
*  integral  = 0.51161844       accum. integral = 0.51184085    *
*  std. dev. = 0.14985952E-02   accum. std. dev = 0.66516631E-03*
*   max. wt. =   0.109148E-03                                   *
*                                                               *
**************   chi**2/iteration = 0.8999       ****************

 Writing out intermediate results for iteration           5

************* Integration by Vegas (iteration   6) **************
*                                                               *
*  integral  = 0.51349552       accum. integral = 0.51210836    *
*  std. dev. = 0.15146670E-02   accum. std. dev = 0.60902736E-03*
*   max. wt. =   0.121126E-03                                   *
*                                                               *
**************   chi**2/iteration = 0.9200       ****************

 Writing out intermediate results for iteration           6

************* Integration by Vegas (iteration   7) **************
*                                                               *
*  integral  = 0.51381688       accum. integral = 0.51234163    *
*  std. dev. = 0.15315928E-02   accum. std. dev = 0.56592647E-03*
*   max. wt. =   0.121126E-03                                   *
*                                                               *
**************   chi**2/iteration = 0.9457       ****************

 Writing out intermediate results for iteration           7

************* Integration by Vegas (iteration   8) **************
*                                                               *
*  integral  = 0.51412774       accum. integral = 0.51256085    *
*  std. dev. = 0.15129894E-02   accum. std. dev = 0.53005966E-03*
*   max. wt. =   0.121126E-03                                   *
*                                                               *
**************   chi**2/iteration = 0.9852       ****************

 Writing out intermediate results for iteration           8

************* Integration by Vegas (iteration   9) **************
*                                                               *
*  integral  = 0.51427215       accum. integral = 0.51275093    *
*  std. dev. = 0.14995155E-02   accum. std. dev = 0.49975542E-03*
*   max. wt. =   0.121126E-03                                   *
*                                                               *
**************   chi**2/iteration =  1.007       ****************

 Writing out intermediate results for iteration           9

************* Integration by Vegas (iteration  10) **************
*                                                               *
*  integral  = 0.51140860       accum. integral = 0.51261959    *
*  std. dev. = 0.15174526E-02   accum. std. dev = 0.47467544E-03*
*   max. wt. =   0.121126E-03                                   *
*                                                               *
**************   chi**2/iteration = 0.9734       ****************

 Writing out intermediate results for iteration          10

************* Integration by Vegas (iteration  11) **************
*                                                               *
*  integral  = 0.51553001       accum. integral = 0.51287693    *
*  std. dev. = 0.15241179E-02   accum. std. dev = 0.45320441E-03*
*   max. wt. =   0.121126E-03                                   *
*                                                               *
**************   chi**2/iteration =  1.208       ****************

 Writing out intermediate results for iteration          11

************* Integration by Vegas (iteration  12) **************
*                                                               *
*  integral  = 0.51156439       accum. integral = 0.51276970    *
*  std. dev. = 0.15194668E-02   accum. std. dev = 0.43429788E-03*
*   max. wt. =   0.151465E-03                                   *
*                                                               *
**************   chi**2/iteration =  1.161       ****************

 Writing out intermediate results for iteration          12

************* Integration by Vegas (iteration  13) **************
*                                                               *
*  integral  = 0.51169417       accum. integral = 0.51268743    *
*  std. dev. = 0.15089883E-02   accum. std. dev = 0.41735628E-03*
*   max. wt. =   0.151465E-03                                   *
*                                                               *
**************   chi**2/iteration =  1.103       ****************

 Writing out intermediate results for iteration          13

************* Integration by Vegas (iteration  14) **************
*                                                               *
*  integral  = 0.51200713       accum. integral = 0.51263950    *
*  std. dev. = 0.15159678E-02   accum. std. dev = 0.40238560E-03*
*   max. wt. =   0.151465E-03                                   *
*                                                               *
**************   chi**2/iteration =  1.033       ****************

 Writing out intermediate results for iteration          14

************* Integration by Vegas (iteration  15) **************
*                                                               *
*  integral  = 0.51235528       accum. integral = 0.51262110    *
*  std. dev. = 0.15295058E-02   accum. std. dev = 0.38914412E-03*
*   max. wt. =   0.151465E-03                                   *
*                                                               *
**************   chi**2/iteration = 0.9613       ****************

 Writing out intermediate results for iteration          15

************* Integration by Vegas (iteration  16) **************
*                                                               *
*  integral  = 0.51271363       accum. integral = 0.51262669    *
*  std. dev. = 0.15346857E-02   accum. std. dev = 0.37720663E-03*
*   max. wt. =   0.151465E-03                                   *
*                                                               *
**************   chi**2/iteration = 0.8975       ****************

 Writing out intermediate results for iteration          16

************* Integration by Vegas (iteration  17) **************
*                                                               *
*  integral  = 0.51270702       accum. integral = 0.51263123    *
*  std. dev. = 0.15401332E-02   accum. std. dev = 0.36637807E-03*
*   max. wt. =   0.151465E-03                                   *
*                                                               *
**************   chi**2/iteration = 0.8416       ****************

 Writing out intermediate results for iteration          17

************* Integration by Vegas (iteration  18) **************
*                                                               *
*  integral  = 0.51165400       accum. integral = 0.51257887    *
*  std. dev. = 0.15397145E-02   accum. std. dev = 0.35642637E-03*
*   max. wt. =   0.151465E-03                                   *
*                                                               *
**************   chi**2/iteration = 0.8145       ****************

 Writing out intermediate results for iteration          18

************* Integration by Vegas (iteration  19) **************
*                                                               *
*  integral  = 0.51140021       accum. integral = 0.51252196    *
*  std. dev. = 0.15825076E-02   accum. std. dev = 0.34771600E-03*
*   max. wt. =   0.151465E-03                                   *
*                                                               *
**************   chi**2/iteration = 0.7986       ****************

 Writing out intermediate results for iteration          19

************* Integration by Vegas (iteration  20) **************
*                                                               *
*  integral  = 0.51184395       accum. integral = 0.51249091    *
*  std. dev. = 0.15870979E-02   accum. std. dev = 0.33965969E-03*
*   max. wt. =   0.151465E-03                                   *
*                                                               *
**************   chi**2/iteration = 0.7658       ****************

 Writing out intermediate results for iteration          20

************* Integration by Vegas (iteration  21) **************
*                                                               *
*  integral  = 0.51425452       accum. integral = 0.51256695    *
*  std. dev. = 0.16001274E-02   accum. std. dev = 0.33225664E-03*
*   max. wt. =   0.241131E-03                                   *
*                                                               *
**************   chi**2/iteration = 0.7856       ****************

 Writing out intermediate results for iteration          21

************* Integration by Vegas (iteration  22) **************
*                                                               *
*  integral  = 0.51344986       accum. integral = 0.51260401    *
*  std. dev. = 0.15873105E-02   accum. std. dev = 0.32520850E-03*
*   max. wt. =   0.241131E-03                                   *
*                                                               *
**************   chi**2/iteration = 0.7623       ****************

 Writing out intermediate results for iteration          22

************* Integration by Vegas (iteration  23) **************
*                                                               *
*  integral  = 0.51351130       accum. integral = 0.51264097    *
*  std. dev. = 0.15780493E-02   accum. std. dev = 0.31851515E-03*
*   max. wt. =   0.241131E-03                                   *
*                                                               *
**************   chi**2/iteration = 0.7421       ****************

 Writing out intermediate results for iteration          23

************* Integration by Vegas (iteration  24) **************
*                                                               *
*  integral  = 0.51195704       accum. integral = 0.51261355    *
*  std. dev. = 0.15585483E-02   accum. std. dev = 0.31206500E-03*
*   max. wt. =   0.241131E-03                                   *
*                                                               *
**************   chi**2/iteration = 0.7179       ****************

 Writing out intermediate results for iteration          24

************* Integration by Vegas (iteration  25) **************
*                                                               *
*  integral  = 0.51435394       accum. integral = 0.51267944    *
*  std. dev. = 0.15731689E-02   accum. std. dev = 0.30610065E-03*
*   max. wt. =   0.241131E-03                                   *
*                                                               *
**************   chi**2/iteration = 0.7370       ****************

 Writing out intermediate results for iteration          25

************* Integration by Vegas (iteration  26) **************
*                                                               *
*  integral  = 0.51233460       accum. integral = 0.51266699    *
*  std. dev. = 0.15815835E-02   accum. std. dev = 0.30052389E-03*
*   max. wt. =   0.241131E-03                                   *
*                                                               *
**************   chi**2/iteration = 0.7094       ****************

 Writing out intermediate results for iteration          26

************* Integration by Vegas (iteration  27) **************
*                                                               *
*  integral  = 0.51410445       accum. integral = 0.51271521    *
*  std. dev. = 0.16131161E-02   accum. std. dev = 0.29544058E-03*
*   max. wt. =   0.241131E-03                                   *
*                                                               *
**************   chi**2/iteration = 0.7116       ****************

 Writing out intermediate results for iteration          27

************* Integration by Vegas (iteration  28) **************
*                                                               *
*  integral  = 0.51064321       accum. integral = 0.51264690    *
*  std. dev. = 0.16000424E-02   accum. std. dev = 0.29052944E-03*
*   max. wt. =   0.241131E-03                                   *
*                                                               *
**************   chi**2/iteration = 0.7453       ****************

 Writing out intermediate results for iteration          28

************* Integration by Vegas (iteration  29) **************
*                                                               *
*  integral  = 0.51094313       accum. integral = 0.51259378    *
*  std. dev. = 0.16195590E-02   accum. std. dev = 0.28596469E-03*
*   max. wt. =   0.241131E-03                                   *
*                                                               *
**************   chi**2/iteration = 0.7570       ****************

 Writing out intermediate results for iteration          29

************* Integration by Vegas (iteration  30) **************
*                                                               *
*  integral  = 0.51187812       accum. integral = 0.51257240    *
*  std. dev. = 0.16295435E-02   accum. std. dev = 0.28166058E-03*
*   max. wt. =   0.241131E-03                                   *
*                                                               *
**************   chi**2/iteration = 0.7373       ****************

 Writing out intermediate results for iteration          30

************* Integration by Vegas (iteration  31) **************
*                                                               *
*  integral  = 0.51679938       accum. integral = 0.51269476    *
*  std. dev. = 0.16313056E-02   accum. std. dev = 0.27755384E-03*
*   max. wt. =   0.241131E-03                                   *
*                                                               *
**************   chi**2/iteration = 0.9300       ****************

 Writing out intermediate results for iteration          31

************* Integration by Vegas (iteration  32) **************
*                                                               *
*  integral  = 0.51478522       accum. integral = 0.51275551    *
*  std. dev. = 0.16044035E-02   accum. std. dev = 0.27349158E-03*
*   max. wt. =   0.241131E-03                                   *
*                                                               *
**************   chi**2/iteration = 0.9532       ****************

 Writing out intermediate results for iteration          32

************* Integration by Vegas (iteration  33) **************
*                                                               *
*  integral  = 0.51279651       accum. integral = 0.51275667    *
*  std. dev. = 0.16004766E-02   accum. std. dev = 0.26958392E-03*
*   max. wt. =   0.241131E-03                                   *
*                                                               *
**************   chi**2/iteration = 0.9234       ****************

 Writing out intermediate results for iteration          33

************* Integration by Vegas (iteration  34) **************
*                                                               *
*  integral  = 0.51248887       accum. integral = 0.51274950    *
*  std. dev. = 0.16250352E-02   accum. std. dev = 0.26594918E-03*
*   max. wt. =   0.241131E-03                                   *
*                                                               *
**************   chi**2/iteration = 0.8962       ****************

 Writing out intermediate results for iteration          34

************* Integration by Vegas (iteration  35) **************
*                                                               *
*  integral  = 0.51280064       accum. integral = 0.51275081    *
*  std. dev. = 0.16384778E-02   accum. std. dev = 0.26251356E-03*
*   max. wt. =   0.241131E-03                                   *
*                                                               *
**************   chi**2/iteration = 0.8699       ****************

 Writing out intermediate results for iteration          35

************* Integration by Vegas (iteration  36) **************
*                                                               *
*  integral  = 0.51241895       accum. integral = 0.51274280    *
*  std. dev. = 0.16689638E-02   accum. std. dev = 0.25932523E-03*
*   max. wt. =   0.241131E-03                                   *
*                                                               *
**************   chi**2/iteration = 0.8462       ****************

 Writing out intermediate results for iteration          36

************* Integration by Vegas (iteration  37) **************
*                                                               *
*  integral  = 0.51040774       accum. integral = 0.51268599    *
*  std. dev. = 0.16422456E-02   accum. std. dev = 0.25615130E-03*
*   max. wt. =   0.241131E-03                                   *
*                                                               *
**************   chi**2/iteration = 0.8774       ****************

 Writing out intermediate results for iteration          37

************* Integration by Vegas (iteration  38) **************
*                                                               *
*  integral  = 0.51419636       accum. integral = 0.51272191    *
*  std. dev. = 0.16411756E-02   accum. std. dev = 0.25308720E-03*
*   max. wt. =   0.241131E-03                                   *
*                                                               *
**************   chi**2/iteration = 0.8761       ****************

 Writing out intermediate results for iteration          38

************* Integration by Vegas (iteration  39) **************
*                                                               *
*  integral  = 0.51127364       accum. integral = 0.51268787    *
*  std. dev. = 0.16313139E-02   accum. std. dev = 0.25009528E-03*
*   max. wt. =   0.241131E-03                                   *
*                                                               *
**************   chi**2/iteration = 0.8733       ****************

 Writing out intermediate results for iteration          39

************* Integration by Vegas (iteration  40) **************
*                                                               *
*  integral  = 0.50877789       accum. integral = 0.51260307    *
*  std. dev. = 0.16797166E-02   accum. std. dev = 0.24736840E-03*
*   max. wt. =   0.241131E-03                                   *
*                                                               *
**************   chi**2/iteration = 0.9868       ****************

 Writing out intermediate results for iteration          40

************* Integration by Vegas (iteration  41) **************
*                                                               *
*  integral  = 0.51174484       accum. integral = 0.51258435    *
*  std. dev. = 0.16567920E-02   accum. std. dev = 0.24465647E-03*
*   max. wt. =   0.241131E-03                                   *
*                                                               *
**************   chi**2/iteration = 0.9687       ****************

 Writing out intermediate results for iteration          41

************* Integration by Vegas (iteration  42) **************
*                                                               *
*  integral  = 0.51201831       accum. integral = 0.51257247    *
*  std. dev. = 0.16708577E-02   accum. std. dev = 0.24207512E-03*
*   max. wt. =   0.241131E-03                                   *
*                                                               *
**************   chi**2/iteration = 0.9478       ****************

 Writing out intermediate results for iteration          42

************* Integration by Vegas (iteration  43) **************
*                                                               *
*  integral  = 0.51390697       accum. integral = 0.51259938    *
*  std. dev. = 0.16874121E-02   accum. std. dev = 0.23962190E-03*
*   max. wt. =   0.241131E-03                                   *
*                                                               *
**************   chi**2/iteration = 0.9398       ****************

 Writing out intermediate results for iteration          43

************* Integration by Vegas (iteration  44) **************
*                                                               *
*  integral  = 0.51481099       accum. integral = 0.51264234    *
*  std. dev. = 0.17024799E-02   accum. std. dev = 0.23728311E-03*
*   max. wt. =   0.253784E-03                                   *
*                                                               *
**************   chi**2/iteration = 0.9564       ****************

 Writing out intermediate results for iteration          44

************* Integration by Vegas (iteration  45) **************
*                                                               *
*  integral  = 0.51163927       accum. integral = 0.51262317    *
*  std. dev. = 0.16995051E-02   accum. std. dev = 0.23500365E-03*
*   max. wt. =   0.253784E-03                                   *
*                                                               *
**************   chi**2/iteration = 0.9425       ****************

 Writing out intermediate results for iteration          45

************* Integration by Vegas (iteration  46) **************
*                                                               *
*  integral  = 0.50776431       accum. integral = 0.51253076    *
*  std. dev. = 0.16877807E-02   accum. std. dev = 0.23275821E-03*
*   max. wt. =   0.253784E-03                                   *
*                                                               *
**************   chi**2/iteration =  1.102       ****************

 Writing out intermediate results for iteration          46

************* Integration by Vegas (iteration  47) **************
*                                                               *
*  integral  = 0.51557641       accum. integral = 0.51258648    *
*  std. dev. = 0.17049706E-02   accum. std. dev = 0.23061910E-03*
*   max. wt. =   0.253784E-03                                   *
*                                                               *
**************   chi**2/iteration =  1.146       ****************

 Writing out intermediate results for iteration          47

************* Integration by Vegas (iteration  48) **************
*                                                               *
*  integral  = 0.51484485       accum. integral = 0.51262618    *
*  std. dev. = 0.17240365E-02   accum. std. dev = 0.22858308E-03*
*   max. wt. =   0.253784E-03                                   *
*                                                               *
**************   chi**2/iteration =  1.158       ****************

 Writing out intermediate results for iteration          48

************* Integration by Vegas (iteration  49) **************
*                                                               *
*  integral  = 0.51060125       accum. integral = 0.51259003    *
*  std. dev. = 0.16953633E-02   accum. std. dev = 0.22653332E-03*
*   max. wt. =   0.253784E-03                                   *
*                                                               *
**************   chi**2/iteration =  1.163       ****************

 Writing out intermediate results for iteration          49

************* Integration by Vegas (iteration  50) **************
*                                                               *
*  integral  = 0.51179124       accum. integral = 0.51257613    *
*  std. dev. = 0.17022231E-02   accum. std. dev = 0.22455357E-03*
*   max. wt. =   0.253784E-03                                   *
*                                                               *
**************   chi**2/iteration =  1.144       ****************


Value of final lord integral is        0.5126 +/-     0.0002 fb

 Total number of shots       :     23619600
 Total no. failing cuts      :     10162783
 Number failing jet cuts     :            0
 Number failing process cuts :            0

   Jet efficiency : 100.00%
   Cut efficiency : 100.00%
 Total efficiency : 100.00%

 Contribution from parton sub-processes:
 ---------------------------------------
       GG     |           0.51258  100.00%
       GQ     |           0.00000    0.00%
       GQB    |           0.00000    0.00%
       QG     |           0.00000    0.00%
       QBG    |           0.00000    0.00%
       QQ     |           0.00000    0.00%
       QBQB   |           0.00000    0.00%
       QQB    |           0.00000    0.00%
       QBQ    |           0.00000    0.00%
 ---------------------------------------

 ****************************************************
 output files  E_var/E_14/MSTW/HHTOP/HZZH+i_lord_mstw8lo_0___0___126_130_run_14
 ****************************************************
