 ************** MCFM - version 6.8 ****************
 *                                                *
 * MCFM, v6.8                   April 26th, 2014  *
 *                                                *
 * Authors: John Campbell, Keith Ellis,           *
 *          Ciaran Williams                       *
 *         (johnmc@fnal.gov, ellis@fnal.gov,      *
 *          ciaran@fnal.gov)                      *
 *                                                *
 * For details see:                               *
 *                                                *
 *  arXiv:1403.2641 (Triphoton production)        *
 *  arXiv:1312.1628 (gg->WW, Higgs interference)  *
 *  arXiv:1311.3589 (gg->ZZ, Higgs interference)  *
 *  Phys.Rev.D87:114006, arXiv:1302.3856          *
 *  (tZ, tH -- with R. Rontsch)                   *
 *  arXiv:1211.6390 (DM, P. Fox and C. Williams)  *
 *  JHEP 1211:162 (2012), arXiv:1208.0566         *
 *  (Z+gam+jet,Z+gam+gam -- with H. Hartanto)     *
 *  arXiv:1204.1513 (top production+decay)        *
 *  JHEP 1207:052 (2012), arXiv:1204.5678 (ttW)   *
 *  JHEP 1110:005 (2011), arXiv:1107.5569         *
 *         (gg->WW,Higgs intference)              *
 *  JHEP 1107:018 (2011), arXiv:1105.0020         *
 *         (diboson update)                       *
 *  JHEP 1103:027 (2011), arXiv:1011.6647         *
 *         (Wbb for mb>0, with S. Badger)         *
 *  Phys.Rev.D81:074023, arXiv:1001.4495 (H+2jet) *
 *                                                *
 *  P.R.L. 102:142001, arXiv:0903.0005 [hep-ph]   *
 *    (t-channel single top + explicit b,         *
 *      JC, R.Frederix, F.Maltoni, F.Tramontano)  *
 *  N.P.B 726:109(2005), hep-ph/0506289 (W+t)     *
 *  Phys.Rev.D70:094012, hep-ph/0408158 (Sngl Top)*
 *       (with Francesco Tramontano)              *
 *                                                *
 *  Phys.Rev.D65:113007, hep-ph/0202176 (W,Z+2j)  *
 *  Phys.Rev.D62:114012, hep-ph/0006304 (W,Z+bb)  *
 *  Phys.Rev.D60:113006, hep-ph/9905386 (diboson) *
 *                                                *
 * On the web:  http://mcfm.fnal.gov/             *
 **************************************************

 * Using input file named cluster_CMS_25/MSTW/HHTOP/input_129_14.DAT                              

 * [Flags to specify the mode in which MCFM is run]                                          
 *                   -1            [nevtrequested] 
 *                    F            [creatent] 
 *                    F            [skipnt] 
 *                    F            [dswhisto] 
 *                    F            [creategrid] 
 *                    T            [writetop] 
 *                    T            [writedat] 
 *                    T            [writegnu] 
 *                    T            [writeroot] 
 *                    F            [writepwg] 

 * [General options to specify the process and execution]                                    
 *                  129            [nproc] 
 *                 lord            [part] 
 * 129_run_14                      [runstring] 
 *           14000.0000            [sqrts] 
 *                    1            [ih1] 
 *                    1            [ih2] 
 *             126.0000            [hmass] 
 *              63.0000            [scale] 
 *              63.0000            [facscale] 
 * no                              [dynamicscale] 
 *                    F            [zerowidth] 
 *                    F            [removebr] 
 *                   20            [itmx1] 
 *               500000            [ncall1] 
 *                   50            [itmx2] 
 *               500000            [ncall2] 
 *                 2020            [ij] 
 *                    F            [dryrun] 
 *                    T            [Qflag] 
 *                    T            [Gflag] 

 * [Heavy quark masses]                                                                      
 *            1000.0000            [top mass] 
 *               4.7500            [bottom mass] 
 *               1.5000            [charm mass] 

 * [Pdf selection]                                                                           
 *              mstw8lo            [pdlabel] 
 *                    4            [NGROUP] 
 *                   46            [NSET] 
 * cteq6mE.LHgrid                  [LHAPDF group] 
 *                   -1            [LHAPDF set] 

 * [Jet definition and event cuts]                                                           
 *               0.0000            [m34min] 
 *           14000.0000            [m34max] 
 *               0.0000            [m56min] 
 *           14000.0000            [m56max] 
 *                    T            [inclusive] 
 *                 ankt            [algorithm] 
 *              15.0000            [ptjetmin] 
 *               0.0000            [etajetmin] 
 *               5.0000            [etajetmax] 
 *               0.5000            [Rcut] 
 *                    T            [makecuts] 
 *               0.0000            [leptpt] 
 *              99.0000            [leptrap] 
 *    0.000,   0.000                [leptveto] 
 *               0.0000            [misspt] 
 *               0.0000            [leptpt2] 
 *              99.0000            [leptrap2] 
 *    0.000,   0.000                [leptveto2] 
 *               0.0000            [mtrans34cut] 
 *               0.0000            [Rjlmin] 
 *               0.0000            [Rllmin] 
 *               0.0000            [delyjjmin] 
 *                    F            [jetsopphem] 
 *                    0            [lbjscheme] 
 *               0.0000            [ptbjetmin] 
 *              99.0000            [etabjetmax] 

 * [Settings for photon processes]                                                           
 *                    F            [frag] 
 *             GdRG__LO            [fragset] 
 *              80.0000            [frag_scale] 
 *              20.0000            [gammpt] 
 *               2.5000            [gammrap] 
 *              20.0000            [gammpt2] 
 *              20.0000            [gammpt3] 
 *               0.0000            [Rgalmin] 
 *               0.4000            [Rgagamin] 
 *               0.4000            [Rgajetmin] 
 *               0.4000            [cone_ang] 
 *               0.5000            [epsilon_h] 

 * [Anomalous couplings of the W and Z]                                                      
 *               0.0000            [delg1_z] 
 *               0.0000            [delk_z] 
 *               0.0000            [delk_g] 
 *               0.0000            [lambda_z] 
 *               0.0000            [lambda_g] 
 *               0.0000            [h1Z] 
 *               0.0000            [h1gam] 
 *               0.0000            [h2Z] 
 *               0.0000            [h2gam] 
 *               0.0000            [h3Z] 
 *               0.0000            [h3gam] 
 *               0.0000            [h4Z] 
 *               0.0000            [h4gam] 
 *               2.0000            [tevscale] 

 * [Anomalous width of the Higgs]                                                            
 *              25.0000            [Gamma_H/Gamma_H(SM)] 

 * [How to resume/save a run]                                                                
 *                    F            [readin] 
 *                    F            [writeout] 
 *                                 [ingridfile] 
 *                                 [outgridfile] 

 * [Technical parameters that should not normally be changed]

 *                    F            [debug] 
 *                    T            [verbose] 
 *                    F            [new_pspace] 
 *                    F            [virtonly] 
 *                    F            [realonly] 
 *                    T            [spira] 
 *                    F            [noglue] 
 *                    F            [ggonly] 
 *                    F            [gqonly] 
 *                    F            [omitgg] 
 *                    F            [vanillafiles] 
 *                    1            [nmin] 
 *                    2            [nmax] 
 *                    T            [clustering] 
 *                    F            [realwt] 
 *                    0            [colourchoice] 
 *               0.0100            [rtsmin] 
 *               0.0001            [cutoff] 
 *               0.1000            [aii] 
 *               0.1000            [aif] 
 *               0.1000            [afi] 
 *               1.0000            [aff] 
 *               1.0000            [bfi] 
 *               1.0000            [bff] 

 Chooser:process chosen by nproc=         129

 *************************** f(p1)+f(p2) --> ******************************************
 * H(--> Z^0(e^-(p3)+e^+(p4)) + Z^0(mu^-(p5)+mu^+(p6)) [only H, gg->ZZ intf.]         *
 **************************************************************************************

 ************** Electroweak parameters **************
 *                                                  *
 *  zmass(+)   91.1876000     wmass(+)  80.3980000  *
 * zwidth(+)    2.4952000    wwidth(+)   2.1054000  *
 *     Gf(+) 0.116639D-04   1/aemmz    132.3384323  *
 *     xw       0.2226459      mtop(+)1000.0000000  *
 *   gwsq       0.4264904       esq      0.0949563  *
 * top width  325.3089159 (LO)                      *
 *    mb        4.7500000        mc      1.5000000  *
 *                                                  *
 * Parameters marked (+) are input, others derived  *
 ****************************************************

 ****************** Higgs parameters ****************
 *                                                  *
 *   mass(H) =  126.00      width(H) =  0.10768E+00 *
 *                                                  *
 *              Br( H -> b bbar)  =   0.09633       *
 *              Br( H -> tau tau) =   0.01211       *
 *              Br( H -> W W)     =   0.00000       *
 *              Br( H -> Z Z)     =   0.00000       *
 *              Br( H -> gam gam) =   0.00047       *
 *              Br( H -> Z gam)   =   0.00037       *
 ****************************************************
 *                                                  *
 * Note: branching ratios reported here can be > 1  *
 *       since the total Higgs width is calculated  *
 *       at NLO but the BR calculation uses a       *
 *       partial width at LO only.                  *
 *                                                  *
 ****************************************************

 WARNING: Higgs decay H->ZZ is below threshold and
 may not yield sensible results - check the number
 of integration points

 ***************** CKM mixing matrix ****************
 *                                                  *
 *      Vud=.97500    Vus=.22200    Vub=0.0000      *
 *      Vcd=.22200    Vcs=.97500    Vcb=0.0000      *
 ****************************************************

 ************* Strong coupling, alpha_s  ************
 *                                                  *
 *       alpha_s (scale)  0.14874512                *
 *       alpha_s (zmass)  0.13939000                *
 *         (using 1-loop running of alpha_s)        *
 ****************************************************

 ****************************************
 *     Cross section in femtobarns      *
 ****************************************


 input parameters for vegas:  ndim= 10  ncall= 472392.
                              it=    0  itmx=   20
                              nprn=  0  alph= 1.50
                              mds=  1   nd= 100
                              xl( 1)=   0.000     xu( 1)=   1.000    
                              xl( 2)=   0.000     xu( 2)=   1.000    
                              xl( 3)=   0.000     xu( 3)=   1.000    
                              xl( 4)=   0.000     xu( 4)=   1.000    
                              xl( 5)=   0.000     xu( 5)=   1.000    
                              xl( 6)=   0.000     xu( 6)=   1.000    
                              xl( 7)=   0.000     xu( 7)=   1.000    
                              xl( 8)=   0.000     xu( 8)=   1.000    
                              xl( 9)=   0.000     xu( 9)=   1.000    
                              xl(10)=   0.000     xu(10)=   1.000    

 ****************** Basic mass cuts *****************
 *                                                  *
 *              0.00  <   m34  < 14000.00           *
 *              0.00  <   m56  < 14000.00           *
 ****************************************************
 *********** CMS Higgs Search cuts******
 *                                     *
 *     pt(mu) >           5.00 GeV     *
 *     pt(el) >           7.00 GeV     *
 *     |eta_mu| <         2.40         *
 *     |eta_el| <         2.50         *
 *     m4lmin >         100.00 GeV     *
 *     m2lmin >           4.00 GeV     *
 *     ptleading >       20.00 GeV     *
 *     ptnexttoleading > 10.00 GeV     *
 *     mllnear >         40.00 GeV     *
 *     mllfar >          12.00 GeV     *
 *     mllmax >         120.00 GeV     *
 ***************************************
 ====================================================
   This is QCDLoop - version 1.95                    
   Authors: Keith Ellis and Giulia Zanderighi        
   (ellis@fnal.gov, g.zanderighi1@physics.ox.ac.uk)  
   For details see FERMILAB-PUB-07-633-T,OUTP-07/16P 
   arXiv:0712.1851 [hep-ph], published in            
   JHEP 0802:002,2008.                               
 ====================================================
 ====================================================
   FF 2.0, a package to evaluate one-loop integrals
 written by G. J. van Oldenborgh, NIKHEF-H, Amsterdam
 ====================================================
 for the algorithms used see preprint NIKHEF-H 89/17,
 'New Algorithms for One-loop Integrals', by G.J. van
 Oldenborgh and J.A.M. Vermaseren, published in 
 Zeitschrift fuer Physik C46(1990)425.
 ====================================================
 ffini: precx =    4.4408920985006262E-016
 ffini: precc =    4.4408920985006262E-016
 ffini: xalogm =    4.9406564584124654E-324
 ffini: xclogm =    4.9406564584124654E-324
 ****************************************************
 *                                                  *
 *  gg->ZZ box loop includes gens. 1 and 2          *
 *  gg->ZZ box loop includes bottom quark           *
 *  gg->ZZ box loop includes top quark              *
 *                                                  *
 *  Numer. stability: pt(Z) > 0.100 GeV (gens. 1,2) *
 *  Numer. stability: pt(Z) > 0.100 GeV (b,t loops) *
 *                                                  *
 ****************************************************
 Reading PDF grid from Pdfdata/mstw2008lo.00.dat

************* Integration by Vegas (iteration   1) **************
*                                                               *
*  integral  = -.93784777       accum. integral = -.93784777    *
*  std. dev. = 0.42933441E-01   accum. std. dev = 0.42933441E-01*
*   max. wt. =   0.195023E-01                                   *
*                                                               *
**************   chi**2/iteration = 0.5684E-11   ****************


************* Integration by Vegas (iteration   2) **************
*                                                               *
*  integral  = -.93039826       accum. integral = -.93095679    *
*  std. dev. = 0.12222921E-01   accum. std. dev = 0.11755792E-01*
*   max. wt. =   0.195023E-01                                   *
*                                                               *
**************   chi**2/iteration = 0.2757E-01   ****************


************* Integration by Vegas (iteration   3) **************
*                                                               *
*  integral  = -.93624781       accum. integral = -.93572393    *
*  std. dev. = 0.38970910E-02   accum. std. dev = 0.36991303E-02*
*   max. wt. =   0.195023E-01                                   *
*                                                               *
**************   chi**2/iteration = 0.1047       ****************


************* Integration by Vegas (iteration   4) **************
*                                                               *
*  integral  = -.93056932       accum. integral = -.93197661    *
*  std. dev. = 0.22668962E-02   accum. std. dev = 0.19328313E-02*
*   max. wt. =   0.195023E-01                                   *
*                                                               *
**************   chi**2/iteration = 0.5389       ****************


************* Integration by Vegas (iteration   5) **************
*                                                               *
*  integral  = -.93427269       accum. integral = -.93311177    *
*  std. dev. = 0.19546349E-02   accum. std. dev = 0.13743620E-02*
*   max. wt. =   0.195023E-01                                   *
*                                                               *
**************   chi**2/iteration = 0.5785       ****************


************* Integration by Vegas (iteration   6) **************
*                                                               *
*  integral  = -.93600857       accum. integral = -.93425337    *
*  std. dev. = 0.17041478E-02   accum. std. dev = 0.10698062E-02*
*   max. wt. =   0.195023E-01                                   *
*                                                               *
**************   chi**2/iteration = 0.8125       ****************


************* Integration by Vegas (iteration   7) **************
*                                                               *
*  integral  = -.93720897       accum. integral = -.93517161    *
*  std. dev. = 0.15935290E-02   accum. std. dev = 0.88821045E-03*
*   max. wt. =   0.195023E-01                                   *
*                                                               *
**************   chi**2/iteration =  1.072       ****************


************* Integration by Vegas (iteration   8) **************
*                                                               *
*  integral  = -.93523014       accum. integral = -.93518456    *
*  std. dev. = 0.16669803E-02   accum. std. dev = 0.78388018E-03*
*   max. wt. =   0.195023E-01                                   *
*                                                               *
**************   chi**2/iteration = 0.9191       ****************


************* Integration by Vegas (iteration   9) **************
*                                                               *
*  integral  = -.93766323       accum. integral = -.93565495    *
*  std. dev. = 0.16196903E-02   accum. std. dev = 0.70558982E-03*
*   max. wt. =   0.195023E-01                                   *
*                                                               *
**************   chi**2/iteration =  1.041       ****************


************* Integration by Vegas (iteration  10) **************
*                                                               *
*  integral  = -.93615710       accum. integral = -.93573162    *
*  std. dev. = 0.16622131E-02   accum. std. dev = 0.64949573E-03*
*   max. wt. =   0.195023E-01                                   *
*                                                               *
**************   chi**2/iteration = 0.9342       ****************


************* Integration by Vegas (iteration  11) **************
*                                                               *
*  integral  = -.93325499       accum. integral = -.93537970    *
*  std. dev. = 0.15959122E-02   accum. std. dev = 0.60158397E-03*
*   max. wt. =   0.195023E-01                                   *
*                                                               *
**************   chi**2/iteration =  1.047       ****************


************* Integration by Vegas (iteration  12) **************
*                                                               *
*  integral  = -.93575435       accum. integral = -.93542662    *
*  std. dev. = 0.15898943E-02   accum. std. dev = 0.56265295E-03*
*   max. wt. =   0.195023E-01                                   *
*                                                               *
**************   chi**2/iteration = 0.9566       ****************


************* Integration by Vegas (iteration  13) **************
*                                                               *
*  integral  = -.93594126       accum. integral = -.93548402    *
*  std. dev. = 0.15880602E-02   accum. std. dev = 0.53034939E-03*
*   max. wt. =   0.195023E-01                                   *
*                                                               *
**************   chi**2/iteration = 0.8847       ****************


************* Integration by Vegas (iteration  14) **************
*                                                               *
*  integral  = -.93383549       accum. integral = -.93531697    *
*  std. dev. = 0.15793845E-02   accum. std. dev = 0.50276109E-03*
*   max. wt. =   0.195023E-01                                   *
*                                                               *
**************   chi**2/iteration = 0.8920       ****************


************* Integration by Vegas (iteration  15) **************
*                                                               *
*  integral  = -.93527197       accum. integral = -.93531336    *
*  std. dev. = 0.17019482E-02   accum. std. dev = 0.48216351E-03*
*   max. wt. =   0.195023E-01                                   *
*                                                               *
**************   chi**2/iteration = 0.8284       ****************


************* Integration by Vegas (iteration  16) **************
*                                                               *
*  integral  = -.93461704       accum. integral = -.93526151    *
*  std. dev. = 0.16999429E-02   accum. std. dev = 0.46386566E-03*
*   max. wt. =   0.195023E-01                                   *
*                                                               *
**************   chi**2/iteration = 0.7835       ****************


************* Integration by Vegas (iteration  17) **************
*                                                               *
*  integral  = -.93353713       accum. integral = -.93514340    *
*  std. dev. = 0.17106259E-02   accum. std. dev = 0.44769763E-03*
*   max. wt. =   0.195023E-01                                   *
*                                                               *
**************   chi**2/iteration = 0.7937       ****************


************* Integration by Vegas (iteration  18) **************
*                                                               *
*  integral  = -.93169100       accum. integral = -.93489981    *
*  std. dev. = 0.16248967E-02   accum. std. dev = 0.43161462E-03*
*   max. wt. =   0.195023E-01                                   *
*                                                               *
**************   chi**2/iteration = 0.9937       ****************


************* Integration by Vegas (iteration  19) **************
*                                                               *
*  integral  = -.93428274       accum. integral = -.93486036    *
*  std. dev. = 0.16514680E-02   accum. std. dev = 0.41758851E-03*
*   max. wt. =   0.195023E-01                                   *
*                                                               *
**************   chi**2/iteration = 0.9458       ****************


************* Integration by Vegas (iteration  20) **************
*                                                               *
*  integral  = -.93543604       accum. integral = -.93489766    *
*  std. dev. = 0.15864369E-02   accum. std. dev = 0.40383263E-03*
*   max. wt. =   0.195023E-01                                   *
*                                                               *
**************   chi**2/iteration = 0.9025       ****************


 input parameters for vegas:  ndim= 10  ncall= 472392.
                              it=   21  itmx=   50
                              nprn=  0  alph= 1.50
                              mds=  1   nd= 100
                              xl( 1)=   0.000     xu( 1)=   1.000    
                              xl( 2)=   0.000     xu( 2)=   1.000    
                              xl( 3)=   0.000     xu( 3)=   1.000    
                              xl( 4)=   0.000     xu( 4)=   1.000    
                              xl( 5)=   0.000     xu( 5)=   1.000    
                              xl( 6)=   0.000     xu( 6)=   1.000    
                              xl( 7)=   0.000     xu( 7)=   1.000    
                              xl( 8)=   0.000     xu( 8)=   1.000    
                              xl( 9)=   0.000     xu( 9)=   1.000    
                              xl(10)=   0.000     xu(10)=   1.000    

************* Integration by Vegas (iteration   1) **************
*                                                               *
*  integral  = -.93105900       accum. integral = -.93105900    *
*  std. dev. = 0.15480618E-02   accum. std. dev = 0.15480618E-02*
*   max. wt. =   0.163925E-03                                   *
*                                                               *
**************   chi**2/iteration =  0.000       ****************

 Writing out intermediate results for iteration           1

************* Integration by Vegas (iteration   2) **************
*                                                               *
*  integral  = -.93542712       accum. integral = -.93305732    *
*  std. dev. = 0.16858242E-02   accum. std. dev = 0.11402423E-02*
*   max. wt. =   0.474941E-03                                   *
*                                                               *
**************   chi**2/iteration =  3.606       ****************

 Writing out intermediate results for iteration           2

************* Integration by Vegas (iteration   3) **************
*                                                               *
*  integral  = -.93532075       accum. integral = -.93376776    *
*  std. dev. = 0.16858369E-02   accum. std. dev = 0.94448977E-03*
*   max. wt. =   0.474941E-03                                   *
*                                                               *
**************   chi**2/iteration =  2.427       ****************

 Writing out intermediate results for iteration           3

************* Integration by Vegas (iteration   4) **************
*                                                               *
*  integral  = -.93368798       accum. integral = -.93374764    *
*  std. dev. = 0.16264709E-02   accum. std. dev = 0.81676527E-03*
*   max. wt. =   0.474941E-03                                   *
*                                                               *
**************   chi**2/iteration =  1.622       ****************

 Writing out intermediate results for iteration           4

************* Integration by Vegas (iteration   5) **************
*                                                               *
*  integral  = -.93117949       accum. integral = -.93321979    *
*  std. dev. = 0.16057762E-02   accum. std. dev = 0.72800315E-03*
*   max. wt. =   0.474941E-03                                   *
*                                                               *
**************   chi**2/iteration =  1.724       ****************

 Writing out intermediate results for iteration           5

************* Integration by Vegas (iteration   6) **************
*                                                               *
*  integral  = -.93454753       accum. integral = -.93344924    *
*  std. dev. = 0.15927152E-02   accum. std. dev = 0.66211525E-03*
*   max. wt. =   0.474941E-03                                   *
*                                                               *
**************   chi**2/iteration =  1.495       ****************

 Writing out intermediate results for iteration           6

************* Integration by Vegas (iteration   7) **************
*                                                               *
*  integral  = -.93666983       accum. integral = -.93390274    *
*  std. dev. = 0.16355315E-02   accum. std. dev = 0.61373069E-03*
*   max. wt. =   0.474941E-03                                   *
*                                                               *
**************   chi**2/iteration =  1.800       ****************

 Writing out intermediate results for iteration           7

************* Integration by Vegas (iteration   8) **************
*                                                               *
*  integral  = -.93595911       accum. integral = -.93416399    *
*  std. dev. = 0.16087901E-02   accum. std. dev = 0.57342197E-03*
*   max. wt. =   0.474941E-03                                   *
*                                                               *
**************   chi**2/iteration =  1.747       ****************

 Writing out intermediate results for iteration           8

************* Integration by Vegas (iteration   9) **************
*                                                               *
*  integral  = -.93380503       accum. integral = -.93412533    *
*  std. dev. = 0.16507440E-02   accum. std. dev = 0.54167152E-03*
*   max. wt. =   0.474941E-03                                   *
*                                                               *
**************   chi**2/iteration =  1.534       ****************

 Writing out intermediate results for iteration           9

************* Integration by Vegas (iteration  10) **************
*                                                               *
*  integral  = -.93585012       accum. integral = -.93429411    *
*  std. dev. = 0.16447218E-02   accum. std. dev = 0.51448786E-03*
*   max. wt. =   0.474941E-03                                   *
*                                                               *
**************   chi**2/iteration =  1.474       ****************

 Writing out intermediate results for iteration          10

************* Integration by Vegas (iteration  11) **************
*                                                               *
*  integral  = -.93452155       accum. integral = -.93431476    *
*  std. dev. = 0.16279422E-02   accum. std. dev = 0.49057201E-03*
*   max. wt. =   0.474941E-03                                   *
*                                                               *
**************   chi**2/iteration =  1.328       ****************

 Writing out intermediate results for iteration          11

************* Integration by Vegas (iteration  12) **************
*                                                               *
*  integral  = -.93244992       accum. integral = -.93417490    *
*  std. dev. = 0.17228482E-02   accum. std. dev = 0.47181737E-03*
*   max. wt. =   0.474941E-03                                   *
*                                                               *
**************   chi**2/iteration =  1.306       ****************

 Writing out intermediate results for iteration          12

************* Integration by Vegas (iteration  13) **************
*                                                               *
*  integral  = -.93367672       accum. integral = -.93413844    *
*  std. dev. = 0.16789935E-02   accum. std. dev = 0.45422360E-03*
*   max. wt. =   0.474941E-03                                   *
*                                                               *
**************   chi**2/iteration =  1.204       ****************

 Writing out intermediate results for iteration          13

************* Integration by Vegas (iteration  14) **************
*                                                               *
*  integral  = -.93316557       accum. integral = -.93407100    *
*  std. dev. = 0.16643800E-02   accum. std. dev = 0.43819832E-03*
*   max. wt. =   0.474941E-03                                   *
*                                                               *
**************   chi**2/iteration =  1.136       ****************

 Writing out intermediate results for iteration          14

************* Integration by Vegas (iteration  15) **************
*                                                               *
*  integral  = -.93518568       accum. integral = -.93414460    *
*  std. dev. = 0.16480875E-02   accum. std. dev = 0.42348504E-03*
*   max. wt. =   0.474941E-03                                   *
*                                                               *
**************   chi**2/iteration =  1.086       ****************

 Writing out intermediate results for iteration          15

************* Integration by Vegas (iteration  16) **************
*                                                               *
*  integral  = -.93611087       accum. integral = -.93424748    *
*  std. dev. = 0.18023204E-02   accum. std. dev = 0.41225770E-03*
*   max. wt. =   0.568530E-03                                   *
*                                                               *
**************   chi**2/iteration =  1.088       ****************

 Writing out intermediate results for iteration          16

************* Integration by Vegas (iteration  17) **************
*                                                               *
*  integral  = -.93645532       accum. integral = -.93436206    *
*  std. dev. = 0.17620514E-02   accum. std. dev = 0.40141739E-03*
*   max. wt. =   0.568530E-03                                   *
*                                                               *
**************   chi**2/iteration =  1.113       ****************

 Writing out intermediate results for iteration          17

************* Integration by Vegas (iteration  18) **************
*                                                               *
*  integral  = -.93614543       accum. integral = -.93446035    *
*  std. dev. = 0.16620521E-02   accum. std. dev = 0.39019825E-03*
*   max. wt. =   0.568530E-03                                   *
*                                                               *
**************   chi**2/iteration =  1.112       ****************

 Writing out intermediate results for iteration          18

************* Integration by Vegas (iteration  19) **************
*                                                               *
*  integral  = -.93408387       accum. integral = -.93443980    *
*  std. dev. = 0.16236302E-02   accum. std. dev = 0.37939586E-03*
*   max. wt. =   0.568530E-03                                   *
*                                                               *
**************   chi**2/iteration =  1.053       ****************

 Writing out intermediate results for iteration          19

************* Integration by Vegas (iteration  20) **************
*                                                               *
*  integral  = -.93555886       accum. integral = -.93449162    *
*  std. dev. = 0.17217017E-02   accum. std. dev = 0.37050678E-03*
*   max. wt. =   0.568530E-03                                   *
*                                                               *
**************   chi**2/iteration =  1.019       ****************

 Writing out intermediate results for iteration          20

************* Integration by Vegas (iteration  21) **************
*                                                               *
*  integral  = -.93087325       accum. integral = -.93433175    *
*  std. dev. = 0.17232825E-02   accum. std. dev = 0.36222929E-03*
*   max. wt. =   0.568530E-03                                   *
*                                                               *
**************   chi**2/iteration =  1.178       ****************

 Writing out intermediate results for iteration          21

************* Integration by Vegas (iteration  22) **************
*                                                               *
*  integral  = -.93306318       accum. integral = -.93427564    *
*  std. dev. = 0.16838192E-02   accum. std. dev = 0.35412777E-03*
*   max. wt. =   0.568530E-03                                   *
*                                                               *
**************   chi**2/iteration =  1.148       ****************

 Writing out intermediate results for iteration          22

************* Integration by Vegas (iteration  23) **************
*                                                               *
*  integral  = -.93506887       accum. integral = -.93430843    *
*  std. dev. = 0.17053117E-02   accum. std. dev = 0.34673058E-03*
*   max. wt. =   0.568530E-03                                   *
*                                                               *
**************   chi**2/iteration =  1.105       ****************

 Writing out intermediate results for iteration          23

************* Integration by Vegas (iteration  24) **************
*                                                               *
*  integral  = -.93832836       accum. integral = -.93440631    *
*  std. dev. = 0.21949017E-02   accum. std. dev = 0.34248361E-03*
*   max. wt. =   0.135218E-02                                   *
*                                                               *
**************   chi**2/iteration =  1.200       ****************

 Writing out intermediate results for iteration          24

************* Integration by Vegas (iteration  25) **************
*                                                               *
*  integral  = -.93501934       accum. integral = -.93442208    *
*  std. dev. = 0.21072474E-02   accum. std. dev = 0.33804796E-03*
*   max. wt. =   0.135218E-02                                   *
*                                                               *
**************   chi**2/iteration =  1.153       ****************

 Writing out intermediate results for iteration          25

************* Integration by Vegas (iteration  26) **************
*                                                               *
*  integral  = -.93168171       accum. integral = -.93432500    *
*  std. dev. = 0.17638899E-02   accum. std. dev = 0.33200576E-03*
*   max. wt. =   0.135218E-02                                   *
*                                                               *
**************   chi**2/iteration =  1.200       ****************

 Writing out intermediate results for iteration          26

************* Integration by Vegas (iteration  27) **************
*                                                               *
*  integral  = -.93566712       accum. integral = -.93437423    *
*  std. dev. = 0.17014092E-02   accum. std. dev = 0.32585968E-03*
*   max. wt. =   0.135218E-02                                   *
*                                                               *
**************   chi**2/iteration =  1.177       ****************

 Writing out intermediate results for iteration          27

************* Integration by Vegas (iteration  28) **************
*                                                               *
*  integral  = -.93272267       accum. integral = -.93431386    *
*  std. dev. = 0.16729968E-02   accum. std. dev = 0.31984899E-03*
*   max. wt. =   0.135218E-02                                   *
*                                                               *
**************   chi**2/iteration =  1.168       ****************

 Writing out intermediate results for iteration          28

************* Integration by Vegas (iteration  29) **************
*                                                               *
*  integral  = -.93356849       accum. integral = -.93428875    *
*  std. dev. = 0.17130586E-02   accum. std. dev = 0.31441545E-03*
*   max. wt. =   0.135218E-02                                   *
*                                                               *
**************   chi**2/iteration =  1.133       ****************

 Writing out intermediate results for iteration          29

************* Integration by Vegas (iteration  30) **************
*                                                               *
*  integral  = -.93294778       accum. integral = -.93425067    *
*  std. dev. = 0.18390357E-02   accum. std. dev = 0.30991863E-03*
*   max. wt. =   0.135218E-02                                   *
*                                                               *
**************   chi**2/iteration =  1.112       ****************

 Writing out intermediate results for iteration          30

************* Integration by Vegas (iteration  31) **************
*                                                               *
*  integral  = -.93800050       accum. integral = -.93436603    *
*  std. dev. = 0.17395713E-02   accum. std. dev = 0.30511425E-03*
*   max. wt. =   0.135218E-02                                   *
*                                                               *
**************   chi**2/iteration =  1.225       ****************

 Writing out intermediate results for iteration          31

************* Integration by Vegas (iteration  32) **************
*                                                               *
*  integral  = -.93498167       accum. integral = -.93438438    *
*  std. dev. = 0.17405383E-02   accum. std. dev = 0.30053157E-03*
*   max. wt. =   0.135218E-02                                   *
*                                                               *
**************   chi**2/iteration =  1.189       ****************

 Writing out intermediate results for iteration          32

************* Integration by Vegas (iteration  33) **************
*                                                               *
*  integral  = -.93299410       accum. integral = -.93434270    *
*  std. dev. = 0.17093576E-02   accum. std. dev = 0.29599167E-03*
*   max. wt. =   0.135218E-02                                   *
*                                                               *
**************   chi**2/iteration =  1.172       ****************

 Writing out intermediate results for iteration          33

************* Integration by Vegas (iteration  34) **************
*                                                               *
*  integral  = -.93375582       accum. integral = -.93432429    *
*  std. dev. = 0.16449044E-02   accum. std. dev = 0.29131288E-03*
*   max. wt. =   0.135218E-02                                   *
*                                                               *
**************   chi**2/iteration =  1.140       ****************

 Writing out intermediate results for iteration          34

************* Integration by Vegas (iteration  35) **************
*                                                               *
*  integral  = -.93188912       accum. integral = -.93425236    *
*  std. dev. = 0.16698156E-02   accum. std. dev = 0.28697843E-03*
*   max. wt. =   0.135218E-02                                   *
*                                                               *
**************   chi**2/iteration =  1.167       ****************

 Writing out intermediate results for iteration          35

************* Integration by Vegas (iteration  36) **************
*                                                               *
*  integral  = -.93570369       accum. integral = -.93429404    *
*  std. dev. = 0.16689654E-02   accum. std. dev = 0.28282774E-03*
*   max. wt. =   0.135218E-02                                   *
*                                                               *
**************   chi**2/iteration =  1.155       ****************

 Writing out intermediate results for iteration          36

************* Integration by Vegas (iteration  37) **************
*                                                               *
*  integral  = -.93259168       accum. integral = -.93425333    *
*  std. dev. = 0.18068810E-02   accum. std. dev = 0.27942534E-03*
*   max. wt. =   0.135218E-02                                   *
*                                                               *
**************   chi**2/iteration =  1.147       ****************

 Writing out intermediate results for iteration          37

************* Integration by Vegas (iteration  38) **************
*                                                               *
*  integral  = -.93842045       accum. integral = -.93435319    *
*  std. dev. = 0.17833183E-02   accum. std. dev = 0.27605712E-03*
*   max. wt. =   0.135218E-02                                   *
*                                                               *
**************   chi**2/iteration =  1.260       ****************

 Writing out intermediate results for iteration          38

************* Integration by Vegas (iteration  39) **************
*                                                               *
*  integral  = -.93524641       accum. integral = -.93437547    *
*  std. dev. = 0.17258142E-02   accum. std. dev = 0.27259182E-03*
*   max. wt. =   0.135218E-02                                   *
*                                                               *
**************   chi**2/iteration =  1.234       ****************

 Writing out intermediate results for iteration          39

************* Integration by Vegas (iteration  40) **************
*                                                               *
*  integral  = -.93322092       accum. integral = -.93434806    *
*  std. dev. = 0.17481267E-02   accum. std. dev = 0.26933698E-03*
*   max. wt. =   0.135218E-02                                   *
*                                                               *
**************   chi**2/iteration =  1.213       ****************

 Writing out intermediate results for iteration          40

************* Integration by Vegas (iteration  41) **************
*                                                               *
*  integral  = -.93131130       accum. integral = -.93427916    *
*  std. dev. = 0.17677081E-02   accum. std. dev = 0.26626403E-03*
*   max. wt. =   0.135218E-02                                   *
*                                                               *
**************   chi**2/iteration =  1.255       ****************

 Writing out intermediate results for iteration          41

************* Integration by Vegas (iteration  42) **************
*                                                               *
*  integral  = -.93472205       accum. integral = -.93428931    *
*  std. dev. = 0.17392179E-02   accum. std. dev = 0.26319751E-03*
*   max. wt. =   0.135218E-02                                   *
*                                                               *
**************   chi**2/iteration =  1.226       ****************

 Writing out intermediate results for iteration          42

************* Integration by Vegas (iteration  43) **************
*                                                               *
*  integral  = -.93377273       accum. integral = -.93427741    *
*  std. dev. = 0.17146231E-02   accum. std. dev = 0.26015042E-03*
*   max. wt. =   0.135218E-02                                   *
*                                                               *
**************   chi**2/iteration =  1.199       ****************

 Writing out intermediate results for iteration          43

************* Integration by Vegas (iteration  44) **************
*                                                               *
*  integral  = -.93563662       accum. integral = -.93430397    *
*  std. dev. = 0.18430091E-02   accum. std. dev = 0.25759680E-03*
*   max. wt. =   0.135218E-02                                   *
*                                                               *
**************   chi**2/iteration =  1.183       ****************

 Writing out intermediate results for iteration          44

************* Integration by Vegas (iteration  45) **************
*                                                               *
*  integral  = -.93158142       accum. integral = -.93425633    *
*  std. dev. = 0.19303185E-02   accum. std. dev = 0.25533330E-03*
*   max. wt. =   0.135218E-02                                   *
*                                                               *
**************   chi**2/iteration =  1.201       ****************

 Writing out intermediate results for iteration          45

************* Integration by Vegas (iteration  46) **************
*                                                               *
*  integral  = -.93310838       accum. integral = -.93423570    *
*  std. dev. = 0.18875528E-02   accum. std. dev = 0.25302877E-03*
*   max. wt. =   0.135218E-02                                   *
*                                                               *
**************   chi**2/iteration =  1.182       ****************

 Writing out intermediate results for iteration          46

************* Integration by Vegas (iteration  47) **************
*                                                               *
*  integral  = -.93653998       accum. integral = -.93428061    *
*  std. dev. = 0.17947308E-02   accum. std. dev = 0.25055097E-03*
*   max. wt. =   0.135218E-02                                   *
*                                                               *
**************   chi**2/iteration =  1.192       ****************

 Writing out intermediate results for iteration          47

************* Integration by Vegas (iteration  48) **************
*                                                               *
*  integral  = -.93710120       accum. integral = -.93433499    *
*  std. dev. = 0.17870411E-02   accum. std. dev = 0.24812412E-03*
*   max. wt. =   0.135218E-02                                   *
*                                                               *
**************   chi**2/iteration =  1.218       ****************

 Writing out intermediate results for iteration          48

************* Integration by Vegas (iteration  49) **************
*                                                               *
*  integral  = -.93610666       accum. integral = -.93436982    *
*  std. dev. = 0.17519890E-02   accum. std. dev = 0.24567257E-03*
*   max. wt. =   0.135218E-02                                   *
*                                                               *
**************   chi**2/iteration =  1.214       ****************

 Writing out intermediate results for iteration          49

************* Integration by Vegas (iteration  50) **************
*                                                               *
*  integral  = -.93596760       accum. integral = -.93439979    *
*  std. dev. = 0.17769569E-02   accum. std. dev = 0.24335777E-03*
*   max. wt. =   0.135218E-02                                   *
*                                                               *
**************   chi**2/iteration =  1.205       ****************


Value of final lord integral is       -0.9344 +/-     0.0002 fb

 Total number of shots       :     23619600
 Total no. failing cuts      :      6407430
 Number failing jet cuts     :            0
 Number failing process cuts :            0

   Jet efficiency : 100.00%
   Cut efficiency : 100.00%
 Total efficiency : 100.00%

 Contribution from parton sub-processes:
 ---------------------------------------
       GG     |          -0.93440  100.00%
       GQ     |           0.00000   -0.00%
       GQB    |           0.00000   -0.00%
       QG     |           0.00000   -0.00%
       QBG    |           0.00000   -0.00%
       QQ     |           0.00000   -0.00%
       QBQB   |           0.00000   -0.00%
       QQB    |           0.00000   -0.00%
       QBQ    |           0.00000   -0.00%
 ---------------------------------------

 ****************************************************
 output files  cluster_CMS_25/MSTW/HHTOP/HZZint_lord_mstw8lo_63__63__126_129_run_14
 ****************************************************
