 ************** MCFM - version 6.8 ****************
 *                                                *
 * MCFM, v6.8                   April 26th, 2014  *
 *                                                *
 * Authors: John Campbell, Keith Ellis,           *
 *          Ciaran Williams                       *
 *         (johnmc@fnal.gov, ellis@fnal.gov,      *
 *          ciaran@fnal.gov)                      *
 *                                                *
 * For details see:                               *
 *                                                *
 *  arXiv:1403.2641 (Triphoton production)        *
 *  arXiv:1312.1628 (gg->WW, Higgs interference)  *
 *  arXiv:1311.3589 (gg->ZZ, Higgs interference)  *
 *  Phys.Rev.D87:114006, arXiv:1302.3856          *
 *  (tZ, tH -- with R. Rontsch)                   *
 *  arXiv:1211.6390 (DM, P. Fox and C. Williams)  *
 *  JHEP 1211:162 (2012), arXiv:1208.0566         *
 *  (Z+gam+jet,Z+gam+gam -- with H. Hartanto)     *
 *  arXiv:1204.1513 (top production+decay)        *
 *  JHEP 1207:052 (2012), arXiv:1204.5678 (ttW)   *
 *  JHEP 1110:005 (2011), arXiv:1107.5569         *
 *         (gg->WW,Higgs intference)              *
 *  JHEP 1107:018 (2011), arXiv:1105.0020         *
 *         (diboson update)                       *
 *  JHEP 1103:027 (2011), arXiv:1011.6647         *
 *         (Wbb for mb>0, with S. Badger)         *
 *  Phys.Rev.D81:074023, arXiv:1001.4495 (H+2jet) *
 *                                                *
 *  P.R.L. 102:142001, arXiv:0903.0005 [hep-ph]   *
 *    (t-channel single top + explicit b,         *
 *      JC, R.Frederix, F.Maltoni, F.Tramontano)  *
 *  N.P.B 726:109(2005), hep-ph/0506289 (W+t)     *
 *  Phys.Rev.D70:094012, hep-ph/0408158 (Sngl Top)*
 *       (with Francesco Tramontano)              *
 *                                                *
 *  Phys.Rev.D65:113007, hep-ph/0202176 (W,Z+2j)  *
 *  Phys.Rev.D62:114012, hep-ph/0006304 (W,Z+bb)  *
 *  Phys.Rev.D60:113006, hep-ph/9905386 (diboson) *
 *                                                *
 * On the web:  http://mcfm.fnal.gov/             *
 **************************************************

 * Using input file named cluster_CMS_m4l/CTEQm42/TOP/input_128_8.DAT                             

 * [Flags to specify the mode in which MCFM is run]                                          
 *                   -1            [nevtrequested] 
 *                    F            [creatent] 
 *                    F            [skipnt] 
 *                    F            [dswhisto] 
 *                    F            [creategrid] 
 *                    T            [writetop] 
 *                    T            [writedat] 
 *                    T            [writegnu] 
 *                    T            [writeroot] 
 *                    F            [writepwg] 

 * [General options to specify the process and execution]                                    
 *                  128            [nproc] 
 *                 lord            [part] 
 * 128_run_8                       [runstring] 
 *            8000.0000            [sqrts] 
 *                    1            [ih1] 
 *                    1            [ih2] 
 *             126.0000            [hmass] 
 *               0.5000            [scale] 
 *               0.5000            [facscale] 
 * m(3456)                         [dynamicscale] 
 *                    F            [zerowidth] 
 *                    F            [removebr] 
 *                   40            [itmx1] 
 *               500000            [ncall1] 
 *                  100            [itmx2] 
 *               500000            [ncall2] 
 *                 2020            [ij] 
 *                    F            [dryrun] 
 *                    T            [Qflag] 
 *                    T            [Gflag] 

 * [Heavy quark masses]                                                                      
 *             173.2000            [top mass] 
 *               4.7500            [bottom mass] 
 *               1.5000            [charm mass] 

 * [Pdf selection]                                                                           
 *              cteq6_l            [pdlabel] 
 *                    4            [NGROUP] 
 *                   46            [NSET] 
 * cteq6mE.LHgrid                  [LHAPDF group] 
 *                   -1            [LHAPDF set] 

 * [Jet definition and event cuts]                                                           
 *               0.0000            [m34min] 
 *            8000.0000            [m34max] 
 *               0.0000            [m56min] 
 *            8000.0000            [m56max] 
 *                    T            [inclusive] 
 *                 ankt            [algorithm] 
 *              15.0000            [ptjetmin] 
 *               0.0000            [etajetmin] 
 *               5.0000            [etajetmax] 
 *               0.5000            [Rcut] 
 *                    T            [makecuts] 
 *               0.0000            [leptpt] 
 *              99.0000            [leptrap] 
 *    0.000,   0.000                [leptveto] 
 *               0.0000            [misspt] 
 *               0.0000            [leptpt2] 
 *              99.0000            [leptrap2] 
 *    0.000,   0.000                [leptveto2] 
 *               0.0000            [mtrans34cut] 
 *               0.0000            [Rjlmin] 
 *               0.0000            [Rllmin] 
 *               0.0000            [delyjjmin] 
 *                    F            [jetsopphem] 
 *                    0            [lbjscheme] 
 *               0.0000            [ptbjetmin] 
 *              99.0000            [etabjetmax] 

 * [Settings for photon processes]                                                           
 *                    F            [frag] 
 *             GdRG__LO            [fragset] 
 *              80.0000            [frag_scale] 
 *              20.0000            [gammpt] 
 *               2.5000            [gammrap] 
 *              20.0000            [gammpt2] 
 *              20.0000            [gammpt3] 
 *               0.0000            [Rgalmin] 
 *               0.4000            [Rgagamin] 
 *               0.4000            [Rgajetmin] 
 *               0.4000            [cone_ang] 
 *               0.5000            [epsilon_h] 

 * [Anomalous couplings of the W and Z]                                                      
 *               0.0000            [delg1_z] 
 *               0.0000            [delk_z] 
 *               0.0000            [delk_g] 
 *               0.0000            [lambda_z] 
 *               0.0000            [lambda_g] 
 *               0.0000            [h1Z] 
 *               0.0000            [h1gam] 
 *               0.0000            [h2Z] 
 *               0.0000            [h2gam] 
 *               0.0000            [h3Z] 
 *               0.0000            [h3gam] 
 *               0.0000            [h4Z] 
 *               0.0000            [h4gam] 
 *               2.0000            [tevscale] 

 * [Anomalous width of the Higgs]                                                            
 *               1.0000            [Gamma_H/Gamma_H(SM)] 

 * [How to resume/save a run]                                                                
 *                    F            [readin] 
 *                    F            [writeout] 
 *                                 [ingridfile] 
 *                                 [outgridfile] 

 * [Technical parameters that should not normally be changed]

 *                    F            [debug] 
 *                    T            [verbose] 
 *                    F            [new_pspace] 
 *                    F            [virtonly] 
 *                    F            [realonly] 
 *                    T            [spira] 
 *                    F            [noglue] 
 *                    F            [ggonly] 
 *                    F            [gqonly] 
 *                    F            [omitgg] 
 *                    F            [vanillafiles] 
 *                    1            [nmin] 
 *                    2            [nmax] 
 *                    T            [clustering] 
 *                    F            [realwt] 
 *                    0            [colourchoice] 
 *               0.0100            [rtsmin] 
 *               0.0001            [cutoff] 
 *               0.1000            [aii] 
 *               0.1000            [aif] 
 *               0.1000            [afi] 
 *               1.0000            [aff] 
 *               1.0000            [bfi] 
 *               1.0000            [bff] 

 Chooser:process chosen by nproc=         128

 *************************** f(p1)+f(p2) --> ******************************************
 * H(--> Z^0(e^-(p3)+e^+(p4)) + Z^0(mu^-(p5)+mu^+(p6)) [top, bottom loops, exact]     *
 **************************************************************************************

 ************** Electroweak parameters **************
 *                                                  *
 *  zmass(+)   91.1876000     wmass(+)  80.3980000  *
 * zwidth(+)    2.4952000    wwidth(+)   2.1054000  *
 *     Gf(+) 0.116639D-04   1/aemmz    132.3384323  *
 *     xw       0.2226459      mtop(+) 173.2000000  *
 *   gwsq       0.4264904       esq      0.0949563  *
 * top width    1.4743080 (LO)                      *
 *    mb        4.7500000        mc      1.5000000  *
 *                                                  *
 * Parameters marked (+) are input, others derived  *
 ****************************************************

 ****************** Higgs parameters ****************
 *                                                  *
 *   mass(H) =  126.00      width(H) =  0.43070E-02 *
 *                                                  *
 *              Br( H -> b bbar)  =   0.56954       *
 *              Br( H -> tau tau) =   0.06056       *
 *              Br( H -> W W)     =   0.00000       *
 *              Br( H -> Z Z)     =   0.00000       *
 *              Br( H -> gam gam) =   0.00235       *
 *              Br( H -> Z gam)   =   0.00164       *
 ****************************************************
 *                                                  *
 * Note: branching ratios reported here can be > 1  *
 *       since the total Higgs width is calculated  *
 *       at NLO but the BR calculation uses a       *
 *       partial width at LO only.                  *
 *                                                  *
 ****************************************************

 WARNING: Higgs decay H->ZZ is below threshold and
 may not yield sensible results - check the number
 of integration points

 ***************** CKM mixing matrix ****************
 *                                                  *
 *      Vud=.97500    Vus=.22200    Vub=0.0000      *
 *      Vcd=.22200    Vcs=.97500    Vcb=0.0000      *
 ****************************************************

 ************* Strong coupling, alpha_s  ************
 *                                                  *
 *  Dynamic scale - alpha_s changed event-by-event  *
 *       alpha_s (zmass)  0.11800000                *
 *         (using 1-loop running of alpha_s)        *
 ****************************************************

 ****************************************
 *     Cross section in femtobarns      *
 ****************************************


 input parameters for vegas:  ndim= 10  ncall= 472392.
                              it=    0  itmx=   40
                              nprn=  0  alph= 1.50
                              mds=  1   nd= 100
                              xl( 1)=   0.000     xu( 1)=   1.000    
                              xl( 2)=   0.000     xu( 2)=   1.000    
                              xl( 3)=   0.000     xu( 3)=   1.000    
                              xl( 4)=   0.000     xu( 4)=   1.000    
                              xl( 5)=   0.000     xu( 5)=   1.000    
                              xl( 6)=   0.000     xu( 6)=   1.000    
                              xl( 7)=   0.000     xu( 7)=   1.000    
                              xl( 8)=   0.000     xu( 8)=   1.000    
                              xl( 9)=   0.000     xu( 9)=   1.000    
                              xl(10)=   0.000     xu(10)=   1.000    

 ****************** Basic mass cuts *****************
 *                                                  *
 *              0.00  <   m34  <   8000.00           *
 *              0.00  <   m56  <   8000.00           *
 ****************************************************
 *********** CMS Higgs Search cuts******
 *                                     *
 *     pt(mu) >           5.00 GeV     *
 *     pt(el) >           7.00 GeV     *
 *     |eta_mu| <         2.40         *
 *     |eta_el| <         2.50         *
 *     m4lmin >         100.00 GeV     *
 *     m2lmin >           4.00 GeV     *
 *     ptleading >       20.00 GeV     *
 *     ptnexttoleading > 10.00 GeV     *
 *     mllnear >         40.00 GeV     *
 *     mllfar >          12.00 GeV     *
 *     mllmax >         120.00 GeV     *
 ***************************************

 ************** Dynamic scale choice ****************
 *                                                  *
 *                 RENORMALIZATION                  *
 *       mu_ren  =  0.50 x m(3456)                  *
 *                                                  *
 *                  FACTORIZATION                   *
 *       mu_fac  =  0.50 x m(3456)                  *
 *                                                  *
 ****************************************************
 ====================================================
   This is QCDLoop - version 1.95                    
   Authors: Keith Ellis and Giulia Zanderighi        
   (ellis@fnal.gov, g.zanderighi1@physics.ox.ac.uk)  
   For details see FERMILAB-PUB-07-633-T,OUTP-07/16P 
   arXiv:0712.1851 [hep-ph], published in            
   JHEP 0802:002,2008.                               
 ====================================================
 ====================================================
   FF 2.0, a package to evaluate one-loop integrals
 written by G. J. van Oldenborgh, NIKHEF-H, Amsterdam
 ====================================================
 for the algorithms used see preprint NIKHEF-H 89/17,
 'New Algorithms for One-loop Integrals', by G.J. van
 Oldenborgh and J.A.M. Vermaseren, published in 
 Zeitschrift fuer Physik C46(1990)425.
 ====================================================
 ffini: precx =    4.4408920985006262E-016
 ffini: precc =    4.4408920985006262E-016
 ffini: xalogm =    4.9406564584124654E-324
 ffini: xclogm =    4.9406564584124654E-324

************* Integration by Vegas (iteration   1) **************
*                                                               *
*  integral  = 0.21565326       accum. integral = 0.21565326    *
*  std. dev. = 0.94628764E-02   accum. std. dev = 0.94628764E-02*
*   max. wt. =   0.375968E-02                                   *
*                                                               *
**************   chi**2/iteration =  0.000       ****************


************* Integration by Vegas (iteration   2) **************
*                                                               *
*  integral  = 0.21024924       accum. integral = 0.21075314    *
*  std. dev. = 0.30345525E-02   accum. std. dev = 0.28896104E-02*
*   max. wt. =   0.375968E-02                                   *
*                                                               *
**************   chi**2/iteration = 0.2928       ****************


************* Integration by Vegas (iteration   3) **************
*                                                               *
*  integral  = 0.22800142       accum. integral = 0.21173414    *
*  std. dev. = 0.11766942E-01   accum. std. dev = 0.28062344E-02*
*   max. wt. =   0.111150E-01                                   *
*                                                               *
**************   chi**2/iteration =  1.155       ****************


************* Integration by Vegas (iteration   4) **************
*                                                               *
*  integral  = 0.22751499       accum. integral = 0.21445786    *
*  std. dev. = 0.61442090E-02   accum. std. dev = 0.25525985E-02*
*   max. wt. =   0.111150E-01                                   *
*                                                               *
**************   chi**2/iteration =  2.585       ****************


************* Integration by Vegas (iteration   5) **************
*                                                               *
*  integral  = 0.24383959       accum. integral = 0.21620687    *
*  std. dev. = 0.10146074E-01   accum. std. dev = 0.24754584E-02*
*   max. wt. =   0.111150E-01                                   *
*                                                               *
**************   chi**2/iteration =  3.907       ****************


************* Integration by Vegas (iteration   6) **************
*                                                               *
*  integral  = 0.23330860       accum. integral = 0.22452716    *
*  std. dev. = 0.25431339E-02   accum. std. dev = 0.17738564E-02*
*   max. wt. =   0.111150E-01                                   *
*                                                               *
**************   chi**2/iteration =  7.762       ****************


************* Integration by Vegas (iteration   7) **************
*                                                               *
*  integral  = 0.23520418       accum. integral = 0.23360939    *
*  std. dev. = 0.74331680E-03   accum. std. dev = 0.68555953E-03*
*   max. wt. =   0.111150E-01                                   *
*                                                               *
**************   chi**2/iteration =  11.60       ****************


************* Integration by Vegas (iteration   8) **************
*                                                               *
*  integral  = 0.23476953       accum. integral = 0.23438459    *
*  std. dev. = 0.48309445E-03   accum. std. dev = 0.39489774E-03*
*   max. wt. =   0.111150E-01                                   *
*                                                               *
**************   chi**2/iteration =  10.22       ****************


************* Integration by Vegas (iteration   9) **************
*                                                               *
*  integral  = 0.23502203       accum. integral = 0.23467515    *
*  std. dev. = 0.43147499E-03   accum. std. dev = 0.29130926E-03*
*   max. wt. =   0.111150E-01                                   *
*                                                               *
**************   chi**2/iteration =  9.089       ****************


************* Integration by Vegas (iteration  10) **************
*                                                               *
*  integral  = 0.23462304       accum. integral = 0.23465753    *
*  std. dev. = 0.40764449E-03   accum. std. dev = 0.23701107E-03*
*   max. wt. =   0.111150E-01                                   *
*                                                               *
**************   chi**2/iteration =  8.082       ****************


************* Integration by Vegas (iteration  11) **************
*                                                               *
*  integral  = 0.23322325       accum. integral = 0.23428336    *
*  std. dev. = 0.39894139E-03   accum. std. dev = 0.20376378E-03*
*   max. wt. =   0.111150E-01                                   *
*                                                               *
**************   chi**2/iteration =  8.229       ****************


************* Integration by Vegas (iteration  12) **************
*                                                               *
*  integral  = 0.23316879       accum. integral = 0.23405314    *
*  std. dev. = 0.39936270E-03   accum. std. dev = 0.18150366E-03*
*   max. wt. =   0.111150E-01                                   *
*                                                               *
**************   chi**2/iteration =  8.043       ****************


************* Integration by Vegas (iteration  13) **************
*                                                               *
*  integral  = 0.23453669       accum. integral = 0.23413502    *
*  std. dev. = 0.40202152E-03   accum. std. dev = 0.16542550E-03*
*   max. wt. =   0.111150E-01                                   *
*                                                               *
**************   chi**2/iteration =  7.473       ****************


************* Integration by Vegas (iteration  14) **************
*                                                               *
*  integral  = 0.23318948       accum. integral = 0.23399786    *
*  std. dev. = 0.40160607E-03   accum. std. dev = 0.15295752E-03*
*   max. wt. =   0.111150E-01                                   *
*                                                               *
**************   chi**2/iteration =  7.263       ****************


************* Integration by Vegas (iteration  15) **************
*                                                               *
*  integral  = 0.23418362       accum. integral = 0.23402136    *
*  std. dev. = 0.40193664E-03   accum. std. dev = 0.14295599E-03*
*   max. wt. =   0.111150E-01                                   *
*                                                               *
**************   chi**2/iteration =  6.758       ****************


************* Integration by Vegas (iteration  16) **************
*                                                               *
*  integral  = 0.23373240       accum. integral = 0.23398954    *
*  std. dev. = 0.40637114E-03   accum. std. dev = 0.13485491E-03*
*   max. wt. =   0.111150E-01                                   *
*                                                               *
**************   chi**2/iteration =  6.338       ****************


************* Integration by Vegas (iteration  17) **************
*                                                               *
*  integral  = 0.23374387       accum. integral = 0.23396569    *
*  std. dev. = 0.41126859E-03   accum. std. dev = 0.12814194E-03*
*   max. wt. =   0.111150E-01                                   *
*                                                               *
**************   chi**2/iteration =  5.962       ****************


************* Integration by Vegas (iteration  18) **************
*                                                               *
*  integral  = 0.23415999       accum. integral = 0.23398245    *
*  std. dev. = 0.41696734E-03   accum. std. dev = 0.12248823E-03*
*   max. wt. =   0.111150E-01                                   *
*                                                               *
**************   chi**2/iteration =  5.623       ****************


************* Integration by Vegas (iteration  19) **************
*                                                               *
*  integral  = 0.23370085       accum. integral = 0.23395938    *
*  std. dev. = 0.40997635E-03   accum. std. dev = 0.11736213E-03*
*   max. wt. =   0.111150E-01                                   *
*                                                               *
**************   chi**2/iteration =  5.335       ****************


************* Integration by Vegas (iteration  20) **************
*                                                               *
*  integral  = 0.23411366       accum. integral = 0.23397120    *
*  std. dev. = 0.40745967E-03   accum. std. dev = 0.11277714E-03*
*   max. wt. =   0.111150E-01                                   *
*                                                               *
**************   chi**2/iteration =  5.061       ****************


************* Integration by Vegas (iteration  21) **************
*                                                               *
*  integral  = 0.23295815       accum. integral = 0.23389932    *
*  std. dev. = 0.40809554E-03   accum. std. dev = 0.10870273E-03*
*   max. wt. =   0.111150E-01                                   *
*                                                               *
**************   chi**2/iteration =  5.094       ****************


************* Integration by Vegas (iteration  22) **************
*                                                               *
*  integral  = 0.23427121       accum. integral = 0.23392407    *
*  std. dev. = 0.40707268E-03   accum. std. dev = 0.10502273E-03*
*   max. wt. =   0.111150E-01                                   *
*                                                               *
**************   chi**2/iteration =  4.889       ****************


************* Integration by Vegas (iteration  23) **************
*                                                               *
*  integral  = 0.23425622       accum. integral = 0.23394495    *
*  std. dev. = 0.40554077E-03   accum. std. dev = 0.10166883E-03*
*   max. wt. =   0.111150E-01                                   *
*                                                               *
**************   chi**2/iteration =  4.695       ****************


************* Integration by Vegas (iteration  24) **************
*                                                               *
*  integral  = 0.23373748       accum. integral = 0.23393274    *
*  std. dev. = 0.40659768E-03   accum. std. dev = 0.98632145E-04*
*   max. wt. =   0.111150E-01                                   *
*                                                               *
**************   chi**2/iteration =  4.502       ****************


************* Integration by Vegas (iteration  25) **************
*                                                               *
*  integral  = 0.23391099       accum. integral = 0.23393157    *
*  std. dev. = 0.41285375E-03   accum. std. dev = 0.95932468E-04*
*   max. wt. =   0.111150E-01                                   *
*                                                               *
**************   chi**2/iteration =  4.315       ****************


************* Integration by Vegas (iteration  26) **************
*                                                               *
*  integral  = 0.23473417       accum. integral = 0.23397273    *
*  std. dev. = 0.41261127E-03   accum. std. dev = 0.93440175E-04*
*   max. wt. =   0.111150E-01                                   *
*                                                               *
**************   chi**2/iteration =  4.286       ****************


************* Integration by Vegas (iteration  27) **************
*                                                               *
*  integral  = 0.23427566       accum. integral = 0.23398710    *
*  std. dev. = 0.41866734E-03   accum. std. dev = 0.91196462E-04*
*   max. wt. =   0.111150E-01                                   *
*                                                               *
**************   chi**2/iteration =  4.140       ****************


************* Integration by Vegas (iteration  28) **************
*                                                               *
*  integral  = 0.23422010       accum. integral = 0.23399764    *
*  std. dev. = 0.41903870E-03   accum. std. dev = 0.89110562E-04*
*   max. wt. =   0.111150E-01                                   *
*                                                               *
**************   chi**2/iteration =  3.998       ****************


************* Integration by Vegas (iteration  29) **************
*                                                               *
*  integral  = 0.23322416       accum. integral = 0.23396380    *
*  std. dev. = 0.41662100E-03   accum. std. dev = 0.87139603E-04*
*   max. wt. =   0.111150E-01                                   *
*                                                               *
**************   chi**2/iteration =  3.973       ****************


************* Integration by Vegas (iteration  30) **************
*                                                               *
*  integral  = 0.23395023       accum. integral = 0.23396324    *
*  std. dev. = 0.42008733E-03   accum. std. dev = 0.85323287E-04*
*   max. wt. =   0.111150E-01                                   *
*                                                               *
**************   chi**2/iteration =  3.836       ****************


************* Integration by Vegas (iteration  31) **************
*                                                               *
*  integral  = 0.23471531       accum. integral = 0.23399234    *
*  std. dev. = 0.42525462E-03   accum. std. dev = 0.83656047E-04*
*   max. wt. =   0.111150E-01                                   *
*                                                               *
**************   chi**2/iteration =  3.808       ****************


************* Integration by Vegas (iteration  32) **************
*                                                               *
*  integral  = 0.23325387       accum. integral = 0.23396470    *
*  std. dev. = 0.42422958E-03   accum. std. dev = 0.82075474E-04*
*   max. wt. =   0.111150E-01                                   *
*                                                               *
**************   chi**2/iteration =  3.779       ****************


************* Integration by Vegas (iteration  33) **************
*                                                               *
*  integral  = 0.23389191       accum. integral = 0.23396219    *
*  std. dev. = 0.43390187E-03   accum. std. dev = 0.80645396E-04*
*   max. wt. =   0.111150E-01                                   *
*                                                               *
**************   chi**2/iteration =  3.662       ****************


************* Integration by Vegas (iteration  34) **************
*                                                               *
*  integral  = 0.23389002       accum. integral = 0.23395975    *
*  std. dev. = 0.43118159E-03   accum. std. dev = 0.79270807E-04*
*   max. wt. =   0.111150E-01                                   *
*                                                               *
**************   chi**2/iteration =  3.552       ****************


************* Integration by Vegas (iteration  35) **************
*                                                               *
*  integral  = 0.23436337       accum. integral = 0.23397317    *
*  std. dev. = 0.42745719E-03   accum. std. dev = 0.77941897E-04*
*   max. wt. =   0.111150E-01                                   *
*                                                               *
**************   chi**2/iteration =  3.473       ****************


************* Integration by Vegas (iteration  36) **************
*                                                               *
*  integral  = 0.23378836       accum. integral = 0.23396725    *
*  std. dev. = 0.42848579E-03   accum. std. dev = 0.76683572E-04*
*   max. wt. =   0.111150E-01                                   *
*                                                               *
**************   chi**2/iteration =  3.379       ****************


************* Integration by Vegas (iteration  37) **************
*                                                               *
*  integral  = 0.23478180       accum. integral = 0.23399211    *
*  std. dev. = 0.43222911E-03   accum. std. dev = 0.75504497E-04*
*   max. wt. =   0.111150E-01                                   *
*                                                               *
**************   chi**2/iteration =  3.381       ****************


************* Integration by Vegas (iteration  38) **************
*                                                               *
*  integral  = 0.23388052       accum. integral = 0.23398877    *
*  std. dev. = 0.42980833E-03   accum. std. dev = 0.74365752E-04*
*   max. wt. =   0.111150E-01                                   *
*                                                               *
**************   chi**2/iteration =  3.291       ****************


************* Integration by Vegas (iteration  39) **************
*                                                               *
*  integral  = 0.23378833       accum. integral = 0.23398307    *
*  std. dev. = 0.43495286E-03   accum. std. dev = 0.73302078E-04*
*   max. wt. =   0.111150E-01                                   *
*                                                               *
**************   chi**2/iteration =  3.210       ****************


************* Integration by Vegas (iteration  40) **************
*                                                               *
*  integral  = 0.23408251       accum. integral = 0.23398574    *
*  std. dev. = 0.44132000E-03   accum. std. dev = 0.72311390E-04*
*   max. wt. =   0.111150E-01                                   *
*                                                               *
**************   chi**2/iteration =  3.129       ****************


 input parameters for vegas:  ndim= 10  ncall= 472392.
                              it=   41  itmx=  100
                              nprn=  0  alph= 1.50
                              mds=  1   nd= 100
                              xl( 1)=   0.000     xu( 1)=   1.000    
                              xl( 2)=   0.000     xu( 2)=   1.000    
                              xl( 3)=   0.000     xu( 3)=   1.000    
                              xl( 4)=   0.000     xu( 4)=   1.000    
                              xl( 5)=   0.000     xu( 5)=   1.000    
                              xl( 6)=   0.000     xu( 6)=   1.000    
                              xl( 7)=   0.000     xu( 7)=   1.000    
                              xl( 8)=   0.000     xu( 8)=   1.000    
                              xl( 9)=   0.000     xu( 9)=   1.000    
                              xl(10)=   0.000     xu(10)=   1.000    

************* Integration by Vegas (iteration   1) **************
*                                                               *
*  integral  = 0.23356738       accum. integral = 0.23356738    *
*  std. dev. = 0.43940095E-03   accum. std. dev = 0.43940095E-03*
*   max. wt. =   0.225110E-04                                   *
*                                                               *
**************   chi**2/iteration =  0.000       ****************

 Writing out intermediate results for iteration           1

************* Integration by Vegas (iteration   2) **************
*                                                               *
*  integral  = 0.23405327       accum. integral = 0.23380677    *
*  std. dev. = 0.44587661E-03   accum. std. dev = 0.31296776E-03*
*   max. wt. =   0.414871E-04                                   *
*                                                               *
**************   chi**2/iteration = 0.5965       ****************

 Writing out intermediate results for iteration           2

************* Integration by Vegas (iteration   3) **************
*                                                               *
*  integral  = 0.23417508       accum. integral = 0.23392722    *
*  std. dev. = 0.44896011E-03   accum. std. dev = 0.25674311E-03*
*   max. wt. =   0.414871E-04                                   *
*                                                               *
**************   chi**2/iteration = 0.5251       ****************

 Writing out intermediate results for iteration           3

************* Integration by Vegas (iteration   4) **************
*                                                               *
*  integral  = 0.23385601       accum. integral = 0.23390930    *
*  std. dev. = 0.44282010E-03   accum. std. dev = 0.22211094E-03*
*   max. wt. =   0.414871E-04                                   *
*                                                               *
**************   chi**2/iteration = 0.3570       ****************

 Writing out intermediate results for iteration           4

************* Integration by Vegas (iteration   5) **************
*                                                               *
*  integral  = 0.23403004       accum. integral = 0.23393309    *
*  std. dev. = 0.44847578E-03   accum. std. dev = 0.19903822E-03*
*   max. wt. =   0.414871E-04                                   *
*                                                               *
**************   chi**2/iteration = 0.2825       ****************

 Writing out intermediate results for iteration           5

************* Integration by Vegas (iteration   6) **************
*                                                               *
*  integral  = 0.23382722       accum. integral = 0.23391615    *
*  std. dev. = 0.45615558E-03   accum. std. dev = 0.18242805E-03*
*   max. wt. =   0.414871E-04                                   *
*                                                               *
**************   chi**2/iteration = 0.2352       ****************

 Writing out intermediate results for iteration           6

************* Integration by Vegas (iteration   7) **************
*                                                               *
*  integral  = 0.23455610       accum. integral = 0.23400205    *
*  std. dev. = 0.46333275E-03   accum. std. dev = 0.16974470E-03*
*   max. wt. =   0.414871E-04                                   *
*                                                               *
**************   chi**2/iteration = 0.4708       ****************

 Writing out intermediate results for iteration           7

************* Integration by Vegas (iteration   8) **************
*                                                               *
*  integral  = 0.23429554       accum. integral = 0.23403631    *
*  std. dev. = 0.46690825E-03   accum. std. dev = 0.15952935E-03*
*   max. wt. =   0.545890E-04                                   *
*                                                               *
**************   chi**2/iteration = 0.4535       ****************

 Writing out intermediate results for iteration           8

************* Integration by Vegas (iteration   9) **************
*                                                               *
*  integral  = 0.23397911       accum. integral = 0.23403017    *
*  std. dev. = 0.45988683E-03   accum. std. dev = 0.15071877E-03*
*   max. wt. =   0.545890E-04                                   *
*                                                               *
**************   chi**2/iteration = 0.3986       ****************

 Writing out intermediate results for iteration           9

************* Integration by Vegas (iteration  10) **************
*                                                               *
*  integral  = 0.23418875       accum. integral = 0.23404548    *
*  std. dev. = 0.46100403E-03   accum. std. dev = 0.14325694E-03*
*   max. wt. =   0.545890E-04                                   *
*                                                               *
**************   chi**2/iteration = 0.3662       ****************

 Writing out intermediate results for iteration          10

************* Integration by Vegas (iteration  11) **************
*                                                               *
*  integral  = 0.23447092       accum. integral = 0.23408114    *
*  std. dev. = 0.47363170E-03   accum. std. dev = 0.13712189E-03*
*   max. wt. =   0.609701E-04                                   *
*                                                               *
**************   chi**2/iteration = 0.4035       ****************

 Writing out intermediate results for iteration          11

************* Integration by Vegas (iteration  12) **************
*                                                               *
*  integral  = 0.23402260       accum. integral = 0.23407645    *
*  std. dev. = 0.46492517E-03   accum. std. dev = 0.13152094E-03*
*   max. wt. =   0.609701E-04                                   *
*                                                               *
**************   chi**2/iteration = 0.3681       ****************

 Writing out intermediate results for iteration          12

************* Integration by Vegas (iteration  13) **************
*                                                               *
*  integral  = 0.23384010       accum. integral = 0.23405988    *
*  std. dev. = 0.47896973E-03   accum. std. dev = 0.12682644E-03*
*   max. wt. =   0.609701E-04                                   *
*                                                               *
**************   chi**2/iteration = 0.3563       ****************

 Writing out intermediate results for iteration          13

************* Integration by Vegas (iteration  14) **************
*                                                               *
*  integral  = 0.23414856       accum. integral = 0.23406506    *
*  std. dev. = 0.50907951E-03   accum. std. dev = 0.12306490E-03*
*   max. wt. =   0.957783E-04                                   *
*                                                               *
**************   chi**2/iteration = 0.3312       ****************

 Writing out intermediate results for iteration          14

************* Integration by Vegas (iteration  15) **************
*                                                               *
*  integral  = 0.23411897       accum. integral = 0.23406832    *
*  std. dev. = 0.48576341E-03   accum. std. dev = 0.11929605E-03*
*   max. wt. =   0.957783E-04                                   *
*                                                               *
**************   chi**2/iteration = 0.3083       ****************

 Writing out intermediate results for iteration          15

************* Integration by Vegas (iteration  16) **************
*                                                               *
*  integral  = 0.23425094       accum. integral = 0.23407949    *
*  std. dev. = 0.46723157E-03   accum. std. dev = 0.11558789E-03*
*   max. wt. =   0.957783E-04                                   *
*                                                               *
**************   chi**2/iteration = 0.2974       ****************

 Writing out intermediate results for iteration          16

************* Integration by Vegas (iteration  17) **************
*                                                               *
*  integral  = 0.23328724       accum. integral = 0.23403335    *
*  std. dev. = 0.46480893E-03   accum. std. dev = 0.11217152E-03*
*   max. wt. =   0.957783E-04                                   *
*                                                               *
**************   chi**2/iteration = 0.4497       ****************

 Writing out intermediate results for iteration          17

************* Integration by Vegas (iteration  18) **************
*                                                               *
*  integral  = 0.23500529       accum. integral = 0.23408565    *
*  std. dev. = 0.47036711E-03   accum. std. dev = 0.10911177E-03*
*   max. wt. =   0.957783E-04                                   *
*                                                               *
**************   chi**2/iteration = 0.6607       ****************

 Writing out intermediate results for iteration          18

************* Integration by Vegas (iteration  19) **************
*                                                               *
*  integral  = 0.23417708       accum. integral = 0.23409028    *
*  std. dev. = 0.47246855E-03   accum. std. dev = 0.10631358E-03*
*   max. wt. =   0.957783E-04                                   *
*                                                               *
**************   chi**2/iteration = 0.6260       ****************

 Writing out intermediate results for iteration          19

************* Integration by Vegas (iteration  20) **************
*                                                               *
*  integral  = 0.23326460       accum. integral = 0.23405149    *
*  std. dev. = 0.47880792E-03   accum. std. dev = 0.10378598E-03*
*   max. wt. =   0.957783E-04                                   *
*                                                               *
**************   chi**2/iteration = 0.7422       ****************

 Writing out intermediate results for iteration          20

************* Integration by Vegas (iteration  21) **************
*                                                               *
*  integral  = 0.23359294       accum. integral = 0.23403122    *
*  std. dev. = 0.48260790E-03   accum. std. dev = 0.10146622E-03*
*   max. wt. =   0.957783E-04                                   *
*                                                               *
**************   chi**2/iteration = 0.7482       ****************

 Writing out intermediate results for iteration          21

************* Integration by Vegas (iteration  22) **************
*                                                               *
*  integral  = 0.23396779       accum. integral = 0.23402865    *
*  std. dev. = 0.49342570E-03   accum. std. dev = 0.99386631E-04*
*   max. wt. =   0.957783E-04                                   *
*                                                               *
**************   chi**2/iteration = 0.7134       ****************

 Writing out intermediate results for iteration          22

************* Integration by Vegas (iteration  23) **************
*                                                               *
*  integral  = 0.23401745       accum. integral = 0.23402821    *
*  std. dev. = 0.49167025E-03   accum. std. dev = 0.97416298E-04*
*   max. wt. =   0.957783E-04                                   *
*                                                               *
**************   chi**2/iteration = 0.6810       ****************

 Writing out intermediate results for iteration          23

************* Integration by Vegas (iteration  24) **************
*                                                               *
*  integral  = 0.23409713       accum. integral = 0.23403079    *
*  std. dev. = 0.49351536E-03   accum. std. dev = 0.95572160E-04*
*   max. wt. =   0.957783E-04                                   *
*                                                               *
**************   chi**2/iteration = 0.6522       ****************

 Writing out intermediate results for iteration          24

************* Integration by Vegas (iteration  25) **************
*                                                               *
*  integral  = 0.23401606       accum. integral = 0.23403026    *
*  std. dev. = 0.49451227E-03   accum. std. dev = 0.93835770E-04*
*   max. wt. =   0.957783E-04                                   *
*                                                               *
**************   chi**2/iteration = 0.6251       ****************

 Writing out intermediate results for iteration          25

************* Integration by Vegas (iteration  26) **************
*                                                               *
*  integral  = 0.23317301       accum. integral = 0.23399992    *
*  std. dev. = 0.48991087E-03   accum. std. dev = 0.92160487E-04*
*   max. wt. =   0.957783E-04                                   *
*                                                               *
**************   chi**2/iteration = 0.7182       ****************

 Writing out intermediate results for iteration          26

************* Integration by Vegas (iteration  27) **************
*                                                               *
*  integral  = 0.23465266       accum. integral = 0.23402210    *
*  std. dev. = 0.49146269E-03   accum. std. dev = 0.90581605E-04*
*   max. wt. =   0.957783E-04                                   *
*                                                               *
**************   chi**2/iteration = 0.7561       ****************

 Writing out intermediate results for iteration          27

************* Integration by Vegas (iteration  28) **************
*                                                               *
*  integral  = 0.23468339       accum. integral = 0.23404363    *
*  std. dev. = 0.49374013E-03   accum. std. dev = 0.89094657E-04*
*   max. wt. =   0.957783E-04                                   *
*                                                               *
**************   chi**2/iteration = 0.7923       ****************

 Writing out intermediate results for iteration          28

************* Integration by Vegas (iteration  29) **************
*                                                               *
*  integral  = 0.23398164       accum. integral = 0.23404193    *
*  std. dev. = 0.53034530E-03   accum. std. dev = 0.87863447E-04*
*   max. wt. =   0.179670E-03                                   *
*                                                               *
**************   chi**2/iteration = 0.7645       ****************

 Writing out intermediate results for iteration          29

************* Integration by Vegas (iteration  30) **************
*                                                               *
*  integral  = 0.23389336       accum. integral = 0.23403780    *
*  std. dev. = 0.51966179E-03   accum. std. dev = 0.86633854E-04*
*   max. wt. =   0.179670E-03                                   *
*                                                               *
**************   chi**2/iteration = 0.7409       ****************

 Writing out intermediate results for iteration          30

************* Integration by Vegas (iteration  31) **************
*                                                               *
*  integral  = 0.23404397       accum. integral = 0.23403798    *
*  std. dev. = 0.49606846E-03   accum. std. dev = 0.85342184E-04*
*   max. wt. =   0.179670E-03                                   *
*                                                               *
**************   chi**2/iteration = 0.7162       ****************

 Writing out intermediate results for iteration          31

************* Integration by Vegas (iteration  32) **************
*                                                               *
*  integral  = 0.23396809       accum. integral = 0.23403591    *
*  std. dev. = 0.48790186E-03   accum. std. dev = 0.84065840E-04*
*   max. wt. =   0.179670E-03                                   *
*                                                               *
**************   chi**2/iteration = 0.6938       ****************

 Writing out intermediate results for iteration          32

************* Integration by Vegas (iteration  33) **************
*                                                               *
*  integral  = 0.23418918       accum. integral = 0.23404031    *
*  std. dev. = 0.48909365E-03   accum. std. dev = 0.82850914E-04*
*   max. wt. =   0.179670E-03                                   *
*                                                               *
**************   chi**2/iteration = 0.6751       ****************

 Writing out intermediate results for iteration          33

************* Integration by Vegas (iteration  34) **************
*                                                               *
*  integral  = 0.23439429       accum. integral = 0.23405032    *
*  std. dev. = 0.48568294E-03   accum. std. dev = 0.81671132E-04*
*   max. wt. =   0.179670E-03                                   *
*                                                               *
**************   chi**2/iteration = 0.6703       ****************

 Writing out intermediate results for iteration          34

************* Integration by Vegas (iteration  35) **************
*                                                               *
*  integral  = 0.23370524       accum. integral = 0.23404096    *
*  std. dev. = 0.48936896E-03   accum. std. dev = 0.80556980E-04*
*   max. wt. =   0.179670E-03                                   *
*                                                               *
**************   chi**2/iteration = 0.6648       ****************

 Writing out intermediate results for iteration          35

************* Integration by Vegas (iteration  36) **************
*                                                               *
*  integral  = 0.23469474       accum. integral = 0.23405773    *
*  std. dev. = 0.49648523E-03   accum. std. dev = 0.79517075E-04*
*   max. wt. =   0.179670E-03                                   *
*                                                               *
**************   chi**2/iteration = 0.6940       ****************

 Writing out intermediate results for iteration          36

************* Integration by Vegas (iteration  37) **************
*                                                               *
*  integral  = 0.23447308       accum. integral = 0.23406798    *
*  std. dev. = 0.49989006E-03   accum. std. dev = 0.78529763E-04*
*   max. wt. =   0.179670E-03                                   *
*                                                               *
**************   chi**2/iteration = 0.6935       ****************

 Writing out intermediate results for iteration          37

************* Integration by Vegas (iteration  38) **************
*                                                               *
*  integral  = 0.23428032       accum. integral = 0.23407312    *
*  std. dev. = 0.49865336E-03   accum. std. dev = 0.77573697E-04*
*   max. wt. =   0.179670E-03                                   *
*                                                               *
**************   chi**2/iteration = 0.6795       ****************

 Writing out intermediate results for iteration          38

************* Integration by Vegas (iteration  39) **************
*                                                               *
*  integral  = 0.23426318       accum. integral = 0.23407765    *
*  std. dev. = 0.49653181E-03   accum. std. dev = 0.76643968E-04*
*   max. wt. =   0.179670E-03                                   *
*                                                               *
**************   chi**2/iteration = 0.6654       ****************

 Writing out intermediate results for iteration          39

************* Integration by Vegas (iteration  40) **************
*                                                               *
*  integral  = 0.23363121       accum. integral = 0.23406762    *
*  std. dev. = 0.50564052E-03   accum. std. dev = 0.75778374E-04*
*   max. wt. =   0.179670E-03                                   *
*                                                               *
**************   chi**2/iteration = 0.6679       ****************

 Writing out intermediate results for iteration          40

************* Integration by Vegas (iteration  41) **************
*                                                               *
*  integral  = 0.23350757       accum. integral = 0.23405470    *
*  std. dev. = 0.49305648E-03   accum. std. dev = 0.74898945E-04*
*   max. wt. =   0.179670E-03                                   *
*                                                               *
**************   chi**2/iteration = 0.6827       ****************

 Writing out intermediate results for iteration          41

************* Integration by Vegas (iteration  42) **************
*                                                               *
*  integral  = 0.23416401       accum. integral = 0.23405712    *
*  std. dev. = 0.49800417E-03   accum. std. dev = 0.74065957E-04*
*   max. wt. =   0.179670E-03                                   *
*                                                               *
**************   chi**2/iteration = 0.6672       ****************

 Writing out intermediate results for iteration          42

************* Integration by Vegas (iteration  43) **************
*                                                               *
*  integral  = 0.23374857       accum. integral = 0.23405030    *
*  std. dev. = 0.49271460E-03   accum. std. dev = 0.73243051E-04*
*   max. wt. =   0.179670E-03                                   *
*                                                               *
**************   chi**2/iteration = 0.6604       ****************

 Writing out intermediate results for iteration          43

************* Integration by Vegas (iteration  44) **************
*                                                               *
*  integral  = 0.23421280       accum. integral = 0.23405381    *
*  std. dev. = 0.49326127E-03   accum. std. dev = 0.72448714E-04*
*   max. wt. =   0.179670E-03                                   *
*                                                               *
**************   chi**2/iteration = 0.6475       ****************

 Writing out intermediate results for iteration          44

************* Integration by Vegas (iteration  45) **************
*                                                               *
*  integral  = 0.23322831       accum. integral = 0.23403685    *
*  std. dev. = 0.50022926E-03   accum. std. dev = 0.71700619E-04*
*   max. wt. =   0.179670E-03                                   *
*                                                               *
**************   chi**2/iteration = 0.6934       ****************

 Writing out intermediate results for iteration          45

************* Integration by Vegas (iteration  46) **************
*                                                               *
*  integral  = 0.23391715       accum. integral = 0.23403435    *
*  std. dev. = 0.49153500E-03   accum. std. dev = 0.70949748E-04*
*   max. wt. =   0.179670E-03                                   *
*                                                               *
**************   chi**2/iteration = 0.6793       ****************

 Writing out intermediate results for iteration          46

************* Integration by Vegas (iteration  47) **************
*                                                               *
*  integral  = 0.23461140       accum. integral = 0.23404589    *
*  std. dev. = 0.49675476E-03   accum. std. dev = 0.70236968E-04*
*   max. wt. =   0.179670E-03                                   *
*                                                               *
**************   chi**2/iteration = 0.6933       ****************

 Writing out intermediate results for iteration          47

************* Integration by Vegas (iteration  48) **************
*                                                               *
*  integral  = 0.23374328       accum. integral = 0.23404010    *
*  std. dev. = 0.50294138E-03   accum. std. dev = 0.69561918E-04*
*   max. wt. =   0.179670E-03                                   *
*                                                               *
**************   chi**2/iteration = 0.6861       ****************

 Writing out intermediate results for iteration          48

************* Integration by Vegas (iteration  49) **************
*                                                               *
*  integral  = 0.23417076       accum. integral = 0.23404251    *
*  std. dev. = 0.50790528E-03   accum. std. dev = 0.68918547E-04*
*   max. wt. =   0.179670E-03                                   *
*                                                               *
**************   chi**2/iteration = 0.6732       ****************

 Writing out intermediate results for iteration          49

************* Integration by Vegas (iteration  50) **************
*                                                               *
*  integral  = 0.23372076       accum. integral = 0.23403649    *
*  std. dev. = 0.49920169E-03   accum. std. dev = 0.68270999E-04*
*   max. wt. =   0.179670E-03                                   *
*                                                               *
**************   chi**2/iteration = 0.6677       ****************

 Writing out intermediate results for iteration          50

************* Integration by Vegas (iteration  51) **************
*                                                               *
*  integral  = 0.23326346       accum. integral = 0.23402243    *
*  std. dev. = 0.50170883E-03   accum. std. dev = 0.67647560E-04*
*   max. wt. =   0.179670E-03                                   *
*                                                               *
**************   chi**2/iteration = 0.7010       ****************

 Writing out intermediate results for iteration          51

************* Integration by Vegas (iteration  52) **************
*                                                               *
*  integral  = 0.23472393       accum. integral = 0.23403470    *
*  std. dev. = 0.50700588E-03   accum. std. dev = 0.67053338E-04*
*   max. wt. =   0.179670E-03                                   *
*                                                               *
**************   chi**2/iteration = 0.7241       ****************

 Writing out intermediate results for iteration          52

************* Integration by Vegas (iteration  53) **************
*                                                               *
*  integral  = 0.23470016       accum. integral = 0.23404625    *
*  std. dev. = 0.50467196E-03   accum. std. dev = 0.66469209E-04*
*   max. wt. =   0.179670E-03                                   *
*                                                               *
**************   chi**2/iteration = 0.7431       ****************

 Writing out intermediate results for iteration          53

************* Integration by Vegas (iteration  54) **************
*                                                               *
*  integral  = 0.23415061       accum. integral = 0.23404803    *
*  std. dev. = 0.50450930E-03   accum. std. dev = 0.65899722E-04*
*   max. wt. =   0.179670E-03                                   *
*                                                               *
**************   chi**2/iteration = 0.7298       ****************

 Writing out intermediate results for iteration          54

************* Integration by Vegas (iteration  55) **************
*                                                               *
*  integral  = 0.23441986       accum. integral = 0.23405424    *
*  std. dev. = 0.50545045E-03   accum. std. dev = 0.65346665E-04*
*   max. wt. =   0.179670E-03                                   *
*                                                               *
**************   chi**2/iteration = 0.7262       ****************

 Writing out intermediate results for iteration          55

************* Integration by Vegas (iteration  56) **************
*                                                               *
*  integral  = 0.23348558       accum. integral = 0.23404448    *
*  std. dev. = 0.49449073E-03   accum. std. dev = 0.64783442E-04*
*   max. wt. =   0.179670E-03                                   *
*                                                               *
**************   chi**2/iteration = 0.7366       ****************

 Writing out intermediate results for iteration          56

************* Integration by Vegas (iteration  57) **************
*                                                               *
*  integral  = 0.23391969       accum. integral = 0.23404247    *
*  std. dev. = 0.50647630E-03   accum. std. dev = 0.64259896E-04*
*   max. wt. =   0.179670E-03                                   *
*                                                               *
**************   chi**2/iteration = 0.7245       ****************

 Writing out intermediate results for iteration          57

************* Integration by Vegas (iteration  58) **************
*                                                               *
*  integral  = 0.23347848       accum. integral = 0.23403364    *
*  std. dev. = 0.50954197E-03   accum. std. dev = 0.63754901E-04*
*   max. wt. =   0.179670E-03                                   *
*                                                               *
**************   chi**2/iteration = 0.7330       ****************

 Writing out intermediate results for iteration          58

************* Integration by Vegas (iteration  59) **************
*                                                               *
*  integral  = 0.23390173       accum. integral = 0.23403158    *
*  std. dev. = 0.50567542E-03   accum. std. dev = 0.63254145E-04*
*   max. wt. =   0.179670E-03                                   *
*                                                               *
**************   chi**2/iteration = 0.7215       ****************

 Writing out intermediate results for iteration          59

************* Integration by Vegas (iteration  60) **************
*                                                               *
*  integral  = 0.23401900       accum. integral = 0.23403139    *
*  std. dev. = 0.51143268E-03   accum. std. dev = 0.62775832E-04*
*   max. wt. =   0.179670E-03                                   *
*                                                               *
**************   chi**2/iteration = 0.7093       ****************

 Writing out intermediate results for iteration          60

************* Integration by Vegas (iteration  61) **************
*                                                               *
*  integral  = 0.23419552       accum. integral = 0.23403390    *
*  std. dev. = 0.50381689E-03   accum. std. dev = 0.62294127E-04*
*   max. wt. =   0.179670E-03                                   *
*                                                               *
**************   chi**2/iteration = 0.6992       ****************

 Writing out intermediate results for iteration          61

************* Integration by Vegas (iteration  62) **************
*                                                               *
*  integral  = 0.23417648       accum. integral = 0.23403603    *
*  std. dev. = 0.50597268E-03   accum. std. dev = 0.61827302E-04*
*   max. wt. =   0.179670E-03                                   *
*                                                               *
**************   chi**2/iteration = 0.6890       ****************

 Writing out intermediate results for iteration          62

************* Integration by Vegas (iteration  63) **************
*                                                               *
*  integral  = 0.23386181       accum. integral = 0.23403340    *
*  std. dev. = 0.49932508E-03   accum. std. dev = 0.61358721E-04*
*   max. wt. =   0.179670E-03                                   *
*                                                               *
**************   chi**2/iteration = 0.6798       ****************

 Writing out intermediate results for iteration          63

************* Integration by Vegas (iteration  64) **************
*                                                               *
*  integral  = 0.23397889       accum. integral = 0.23403263    *
*  std. dev. = 0.51169732E-03   accum. std. dev = 0.60922286E-04*
*   max. wt. =   0.179670E-03                                   *
*                                                               *
**************   chi**2/iteration = 0.6692       ****************

 Writing out intermediate results for iteration          64

************* Integration by Vegas (iteration  65) **************
*                                                               *
*  integral  = 0.23505130       accum. integral = 0.23404750    *
*  std. dev. = 0.50044065E-03   accum. std. dev = 0.60475809E-04*
*   max. wt. =   0.179670E-03                                   *
*                                                               *
**************   chi**2/iteration = 0.7226       ****************

 Writing out intermediate results for iteration          65

************* Integration by Vegas (iteration  66) **************
*                                                               *
*  integral  = 0.23440377       accum. integral = 0.23405282    *
*  std. dev. = 0.49114448E-03   accum. std. dev = 0.60022503E-04*
*   max. wt. =   0.179670E-03                                   *
*                                                               *
**************   chi**2/iteration = 0.7194       ****************

 Writing out intermediate results for iteration          66

************* Integration by Vegas (iteration  67) **************
*                                                               *
*  integral  = 0.23438244       accum. integral = 0.23405759    *
*  std. dev. = 0.49527959E-03   accum. std. dev = 0.59586530E-04*
*   max. wt. =   0.179670E-03                                   *
*                                                               *
**************   chi**2/iteration = 0.7151       ****************

 Writing out intermediate results for iteration          67

************* Integration by Vegas (iteration  68) **************
*                                                               *
*  integral  = 0.23488788       accum. integral = 0.23406934    *
*  std. dev. = 0.49743595E-03   accum. std. dev = 0.59163572E-04*
*   max. wt. =   0.179670E-03                                   *
*                                                               *
**************   chi**2/iteration = 0.7454       ****************

 Writing out intermediate results for iteration          68

************* Integration by Vegas (iteration  69) **************
*                                                               *
*  integral  = 0.23400782       accum. integral = 0.23406849    *
*  std. dev. = 0.50060682E-03   accum. std. dev = 0.58754671E-04*
*   max. wt. =   0.179670E-03                                   *
*                                                               *
**************   chi**2/iteration = 0.7347       ****************

 Writing out intermediate results for iteration          69

************* Integration by Vegas (iteration  70) **************
*                                                               *
*  integral  = 0.23405725       accum. integral = 0.23406834    *
*  std. dev. = 0.50173992E-03   accum. std. dev = 0.58355920E-04*
*   max. wt. =   0.179670E-03                                   *
*                                                               *
**************   chi**2/iteration = 0.7241       ****************

 Writing out intermediate results for iteration          70

************* Integration by Vegas (iteration  71) **************
*                                                               *
*  integral  = 0.23411761       accum. integral = 0.23406900    *
*  std. dev. = 0.50142381E-03   accum. std. dev = 0.57964692E-04*
*   max. wt. =   0.179670E-03                                   *
*                                                               *
**************   chi**2/iteration = 0.7139       ****************

 Writing out intermediate results for iteration          71

************* Integration by Vegas (iteration  72) **************
*                                                               *
*  integral  = 0.23353382       accum. integral = 0.23406178    *
*  std. dev. = 0.49565297E-03   accum. std. dev = 0.57572338E-04*
*   max. wt. =   0.179670E-03                                   *
*                                                               *
**************   chi**2/iteration = 0.7200       ****************

 Writing out intermediate results for iteration          72

************* Integration by Vegas (iteration  73) **************
*                                                               *
*  integral  = 0.23452171       accum. integral = 0.23406776    *
*  std. dev. = 0.50136225E-03   accum. std. dev = 0.57196466E-04*
*   max. wt. =   0.179670E-03                                   *
*                                                               *
**************   chi**2/iteration = 0.7215       ****************

 Writing out intermediate results for iteration          73

************* Integration by Vegas (iteration  74) **************
*                                                               *
*  integral  = 0.23489762       accum. integral = 0.23407802    *
*  std. dev. = 0.51136010E-03   accum. std. dev = 0.56842003E-04*
*   max. wt. =   0.179670E-03                                   *
*                                                               *
**************   chi**2/iteration = 0.7473       ****************

 Writing out intermediate results for iteration          74

************* Integration by Vegas (iteration  75) **************
*                                                               *
*  integral  = 0.23408122       accum. integral = 0.23407805    *
*  std. dev. = 0.51831179E-03   accum. std. dev = 0.56503236E-04*
*   max. wt. =   0.179670E-03                                   *
*                                                               *
**************   chi**2/iteration = 0.7372       ****************

 Writing out intermediate results for iteration          75

************* Integration by Vegas (iteration  76) **************
*                                                               *
*  integral  = 0.23386537       accum. integral = 0.23407552    *
*  std. dev. = 0.51458114E-03   accum. std. dev = 0.56165657E-04*
*   max. wt. =   0.179670E-03                                   *
*                                                               *
**************   chi**2/iteration = 0.7296       ****************

 Writing out intermediate results for iteration          76

************* Integration by Vegas (iteration  77) **************
*                                                               *
*  integral  = 0.23356492       accum. integral = 0.23406928    *
*  std. dev. = 0.50510381E-03   accum. std. dev = 0.55821611E-04*
*   max. wt. =   0.179670E-03                                   *
*                                                               *
**************   chi**2/iteration = 0.7333       ****************

 Writing out intermediate results for iteration          77

************* Integration by Vegas (iteration  78) **************
*                                                               *
*  integral  = 0.23417169       accum. integral = 0.23407050    *
*  std. dev. = 0.50831480E-03   accum. std. dev = 0.55488027E-04*
*   max. wt. =   0.179670E-03                                   *
*                                                               *
**************   chi**2/iteration = 0.7243       ****************

 Writing out intermediate results for iteration          78

************* Integration by Vegas (iteration  79) **************
*                                                               *
*  integral  = 0.23418398       accum. integral = 0.23407188    *
*  std. dev. = 0.50125075E-03   accum. std. dev = 0.55151136E-04*
*   max. wt. =   0.179670E-03                                   *
*                                                               *
**************   chi**2/iteration = 0.7156       ****************

 Writing out intermediate results for iteration          79

************* Integration by Vegas (iteration  80) **************
*                                                               *
*  integral  = 0.23391905       accum. integral = 0.23406998    *
*  std. dev. = 0.49209508E-03   accum. std. dev = 0.54807999E-04*
*   max. wt. =   0.179670E-03                                   *
*                                                               *
**************   chi**2/iteration = 0.7078       ****************

 Writing out intermediate results for iteration          80

************* Integration by Vegas (iteration  81) **************
*                                                               *
*  integral  = 0.23490090       accum. integral = 0.23408025    *
*  std. dev. = 0.49010788E-03   accum. std. dev = 0.54468477E-04*
*   max. wt. =   0.179670E-03                                   *
*                                                               *
**************   chi**2/iteration = 0.7344       ****************

 Writing out intermediate results for iteration          81

************* Integration by Vegas (iteration  82) **************
*                                                               *
*  integral  = 0.23475477       accum. integral = 0.23408862    *
*  std. dev. = 0.48586057E-03   accum. std. dev = 0.54129389E-04*
*   max. wt. =   0.179670E-03                                   *
*                                                               *
**************   chi**2/iteration = 0.7489       ****************

 Writing out intermediate results for iteration          82

************* Integration by Vegas (iteration  83) **************
*                                                               *
*  integral  = 0.23419422       accum. integral = 0.23408990    *
*  std. dev. = 0.48765808E-03   accum. std. dev = 0.53798983E-04*
*   max. wt. =   0.179670E-03                                   *
*                                                               *
**************   chi**2/iteration = 0.7403       ****************

 Writing out intermediate results for iteration          83

************* Integration by Vegas (iteration  84) **************
*                                                               *
*  integral  = 0.23348717       accum. integral = 0.23408268    *
*  std. dev. = 0.48853775E-03   accum. std. dev = 0.53475712E-04*
*   max. wt. =   0.179670E-03                                   *
*                                                               *
**************   chi**2/iteration = 0.7495       ****************

 Writing out intermediate results for iteration          84

************* Integration by Vegas (iteration  85) **************
*                                                               *
*  integral  = 0.23373146       accum. integral = 0.23407865    *
*  std. dev. = 0.49659202E-03   accum. std. dev = 0.53168326E-04*
*   max. wt. =   0.179670E-03                                   *
*                                                               *
**************   chi**2/iteration = 0.7465       ****************

 Writing out intermediate results for iteration          85

************* Integration by Vegas (iteration  86) **************
*                                                               *
*  integral  = 0.23442413       accum. integral = 0.23408239    *
*  std. dev. = 0.50891073E-03   accum. std. dev = 0.52880515E-04*
*   max. wt. =   0.179670E-03                                   *
*                                                               *
**************   chi**2/iteration = 0.7430       ****************

 Writing out intermediate results for iteration          86

************* Integration by Vegas (iteration  87) **************
*                                                               *
*  integral  = 0.23404647       accum. integral = 0.23408198    *
*  std. dev. = 0.49364023E-03   accum. std. dev = 0.52579687E-04*
*   max. wt. =   0.179670E-03                                   *
*                                                               *
**************   chi**2/iteration = 0.7345       ****************

 Writing out intermediate results for iteration          87

************* Integration by Vegas (iteration  88) **************
*                                                               *
*  integral  = 0.23351847       accum. integral = 0.23407562    *
*  std. dev. = 0.49230131E-03   accum. std. dev = 0.52282339E-04*
*   max. wt. =   0.179670E-03                                   *
*                                                               *
**************   chi**2/iteration = 0.7409       ****************

 Writing out intermediate results for iteration          88

************* Integration by Vegas (iteration  89) **************
*                                                               *
*  integral  = 0.23424556       accum. integral = 0.23407759    *
*  std. dev. = 0.48315433E-03   accum. std. dev = 0.51978901E-04*
*   max. wt. =   0.179670E-03                                   *
*                                                               *
**************   chi**2/iteration = 0.7339       ****************

 Writing out intermediate results for iteration          89

************* Integration by Vegas (iteration  90) **************
*                                                               *
*  integral  = 0.23441144       accum. integral = 0.23408142    *
*  std. dev. = 0.48246343E-03   accum. std. dev = 0.51679839E-04*
*   max. wt. =   0.179670E-03                                   *
*                                                               *
**************   chi**2/iteration = 0.7310       ****************

 Writing out intermediate results for iteration          90

************* Integration by Vegas (iteration  91) **************
*                                                               *
*  integral  = 0.23420734       accum. integral = 0.23408282    *
*  std. dev. = 0.48708053E-03   accum. std. dev = 0.51391380E-04*
*   max. wt. =   0.179670E-03                                   *
*                                                               *
**************   chi**2/iteration = 0.7236       ****************

 Writing out intermediate results for iteration          91

************* Integration by Vegas (iteration  92) **************
*                                                               *
*  integral  = 0.23413512       accum. integral = 0.23408339    *
*  std. dev. = 0.48861608E-03   accum. std. dev = 0.51109463E-04*
*   max. wt. =   0.179670E-03                                   *
*                                                               *
**************   chi**2/iteration = 0.7157       ****************

 Writing out intermediate results for iteration          92

************* Integration by Vegas (iteration  93) **************
*                                                               *
*  integral  = 0.23364055       accum. integral = 0.23407856    *
*  std. dev. = 0.48637953E-03   accum. std. dev = 0.50829601E-04*
*   max. wt. =   0.179670E-03                                   *
*                                                               *
**************   chi**2/iteration = 0.7169       ****************

 Writing out intermediate results for iteration          93

************* Integration by Vegas (iteration  94) **************
*                                                               *
*  integral  = 0.23388970       accum. integral = 0.23407661    *
*  std. dev. = 0.49788002E-03   accum. std. dev = 0.50566761E-04*
*   max. wt. =   0.179670E-03                                   *
*                                                               *
**************   chi**2/iteration = 0.7107       ****************

 Writing out intermediate results for iteration          94

************* Integration by Vegas (iteration  95) **************
*                                                               *
*  integral  = 0.23435552       accum. integral = 0.23407914    *
*  std. dev. = 0.52848554E-03   accum. std. dev = 0.50336866E-04*
*   max. wt. =   0.179670E-03                                   *
*                                                               *
**************   chi**2/iteration = 0.7061       ****************

 Writing out intermediate results for iteration          95

************* Integration by Vegas (iteration  96) **************
*                                                               *
*  integral  = 0.23370852       accum. integral = 0.23407590    *
*  std. dev. = 0.53644546E-03   accum. std. dev = 0.50116714E-04*
*   max. wt. =   0.179670E-03                                   *
*                                                               *
**************   chi**2/iteration = 0.7036       ****************

 Writing out intermediate results for iteration          96

************* Integration by Vegas (iteration  97) **************
*                                                               *
*  integral  = 0.23378988       accum. integral = 0.23407316    *
*  std. dev. = 0.50957885E-03   accum. std. dev = 0.49876080E-04*
*   max. wt. =   0.179670E-03                                   *
*                                                               *
**************   chi**2/iteration = 0.6995       ****************

 Writing out intermediate results for iteration          97

************* Integration by Vegas (iteration  98) **************
*                                                               *
*  integral  = 0.23427167       accum. integral = 0.23407520    *
*  std. dev. = 0.49047790E-03   accum. std. dev = 0.49620188E-04*
*   max. wt. =   0.179670E-03                                   *
*                                                               *
**************   chi**2/iteration = 0.6940       ****************

 Writing out intermediate results for iteration          98

************* Integration by Vegas (iteration  99) **************
*                                                               *
*  integral  = 0.23470023       accum. integral = 0.23408186    *
*  std. dev. = 0.47798560E-03   accum. std. dev = 0.49354958E-04*
*   max. wt. =   0.179670E-03                                   *
*                                                               *
**************   chi**2/iteration = 0.7042       ****************

 Writing out intermediate results for iteration          99

************* Integration by Vegas (iteration 100) **************
*                                                               *
*  integral  = 0.23463291       accum. integral = 0.23408763    *
*  std. dev. = 0.47995093E-03   accum. std. dev = 0.49096053E-04*
*   max. wt. =   0.179670E-03                                   *
*                                                               *
**************   chi**2/iteration = 0.7102       ****************


Value of final lord integral is        0.2341 +/-     0.0000 fb

 Total number of shots       :     47239200
 Total no. failing cuts      :     20061993
 Number failing jet cuts     :            0
 Number failing process cuts :            0

   Jet efficiency : 100.00%
   Cut efficiency : 100.00%
 Total efficiency : 100.00%

 Contribution from parton sub-processes:
 ---------------------------------------
       GG     |           0.23409  100.00%
       GQ     |           0.00000    0.00%
       GQB    |           0.00000    0.00%
       QG     |           0.00000    0.00%
       QBG    |           0.00000    0.00%
       QQ     |           0.00000    0.00%
       QBQB   |           0.00000    0.00%
       QQB    |           0.00000    0.00%
       QBQ    |           0.00000    0.00%
 ---------------------------------------

 ****************************************************
 output files  cluster_CMS_m4l/CTEQm42/TOP/HZZ_tb_lord_cteq6_l_0___0___126_128_run_8
 ****************************************************
